Tue, 21 Jan 2020 18:31:32 - INFO - Connect to DB
Tue, 21 Jan 2020 18:31:32 - INFO - TRIZMA DB import
Tue, 21 Jan 2020 18:31:32 - INFO - 123TV DB import
Wed, 22 Jan 2020 07:05:32 - INFO - Connect to DB
Wed, 22 Jan 2020 07:05:33 - INFO - TRIZMA DB import
Wed, 22 Jan 2020 07:05:33 - INFO - Failed on TRIZMA DB import at: 2020-01-21_17-46-36, for following calling party: 491722747933, for agent id: trz_divankovic, with error:(pyodbc.DataError) ('22001', '[22001] [Microsoft][ODBC Driver 17 for SQL Server][SQL Server]String or binary data would be truncated. (8152) (SQLExecDirectW)')
[SQL: insert into records values('CC2Servicenummer','Belgrad','Nicht übermittelt','trz_divankovic',                                 '491722747933','','Nicht übermittelt','491722747933_Wednesday, January 22, 2020_8:05:27 AM','DUS_IVANKO')]
(Background on this error at: http://sqlalche.me/e/9h9h)
Wed, 22 Jan 2020 07:05:33 - INFO - 123TV DB import
Wed, 22 Jan 2020 07:23:11 - INFO - Connect to DB
Wed, 22 Jan 2020 07:23:12 - INFO - TRIZMA DB import
Wed, 22 Jan 2020 07:23:12 - INFO - Failed on TRIZMA DB import at: 2020-01-21_17-46-36, for following calling party: 493636700818, for agent id: trz_madamovic, with error:(pyodbc.DataError) ('22001', '[22001] [Microsoft][ODBC Driver 17 for SQL Server][SQL Server]String or binary data would be truncated. (8152) (SQLExecDirectW)')
[SQL: insert into records values('CC2Servicenummer','Belgrad','Nicht übermittelt','trz_madamovic',                                 '493636700818','','Nicht übermittelt','493636700818_Wednesday, January 22, 2020_8:23:05 AM','MIL_ADAMOV')]
(Background on this error at: http://sqlalche.me/e/9h9h)
Wed, 22 Jan 2020 07:23:12 - INFO - 123TV DB import
Wed, 22 Jan 2020 07:41:34 - INFO - Connect to DB
Wed, 22 Jan 2020 07:41:34 - INFO - TRIZMA DB import
Wed, 22 Jan 2020 07:41:34 - INFO - 123TV DB import
Wed, 22 Jan 2020 07:42:14 - INFO - Connect to DB
Wed, 22 Jan 2020 07:42:14 - INFO - TRIZMA DB import
Wed, 22 Jan 2020 07:42:15 - INFO - 123TV DB import
Wed, 22 Jan 2020 07:42:56 - INFO - Connect to DB
Wed, 22 Jan 2020 07:42:56 - INFO - TRIZMA DB import
Wed, 22 Jan 2020 07:42:56 - INFO - 123TV DB import
Wed, 22 Jan 2020 07:43:11 - INFO - Connect to DB
Wed, 22 Jan 2020 07:43:11 - INFO - TRIZMA DB import
Wed, 22 Jan 2020 07:43:11 - INFO - 123TV DB import
Wed, 22 Jan 2020 07:44:33 - INFO - Connect to DB
Wed, 22 Jan 2020 07:44:33 - INFO - TRIZMA DB import
Wed, 22 Jan 2020 07:44:33 - INFO - 123TV DB import
Wed, 22 Jan 2020 07:44:38 - INFO - Connect to DB
Wed, 22 Jan 2020 07:44:39 - INFO - TRIZMA DB import
Wed, 22 Jan 2020 07:44:39 - INFO - 123TV DB import
Wed, 22 Jan 2020 07:44:59 - INFO - Connect to DB
Wed, 22 Jan 2020 07:44:59 - INFO - TRIZMA DB import
Wed, 22 Jan 2020 07:44:59 - INFO - 123TV DB import
Wed, 22 Jan 2020 07:47:11 - INFO - Connect to DB
Wed, 22 Jan 2020 07:47:11 - INFO - TRIZMA DB import
Wed, 22 Jan 2020 07:47:11 - INFO - Failed on TRIZMA DB import at: 2020-01-21_17-46-36, for following calling party: 491789729845, for agent id: trz_madamovic, with error:(pyodbc.DataError) ('22001', '[22001] [Microsoft][ODBC Driver 17 for SQL Server][SQL Server]String or binary data would be truncated. (8152) (SQLExecDirectW)')
[SQL: insert into records values('CC2Servicenummer','Belgrad','Nicht übermittelt','trz_madamovic',                                 '491789729845','','Nicht übermittelt','491789729845_Wednesday, January 22, 2020_8:47:06 AM','MIL_ADAMOV')]
(Background on this error at: http://sqlalche.me/e/9h9h)
Wed, 22 Jan 2020 07:47:11 - INFO - 123TV DB import
Wed, 22 Jan 2020 07:55:10 - INFO - Connect to DB
Wed, 22 Jan 2020 07:55:10 - INFO - TRIZMA DB import
Wed, 22 Jan 2020 07:55:10 - INFO - 123TV DB import
Wed, 22 Jan 2020 08:01:40 - INFO - Connect to DB
Wed, 22 Jan 2020 08:01:40 - INFO - TRIZMA DB import
Wed, 22 Jan 2020 08:01:40 - INFO - 123TV DB import
