Thu, 16 Jan 2020 17:09:10 - INFO - Connect to DB
Thu, 16 Jan 2020 17:09:11 - INFO - TRIZMA DB import
Thu, 16 Jan 2020 17:09:11 - INFO - 123TV DB import
Thu, 16 Jan 2020 18:05:22 - INFO - Connect to DB
Thu, 16 Jan 2020 18:05:22 - INFO - TRIZMA DB import
Thu, 16 Jan 2020 18:05:23 - INFO - 123TV DB import
Thu, 16 Jan 2020 18:42:27 - INFO - Connect to DB
Thu, 16 Jan 2020 18:42:27 - INFO - TRIZMA DB import
Thu, 16 Jan 2020 18:42:27 - INFO - 123TV DB import
Fri, 17 Jan 2020 07:06:44 - INFO - Connect to DB
Fri, 17 Jan 2020 07:06:44 - INFO - TRIZMA DB import
Fri, 17 Jan 2020 07:06:44 - INFO - 123TV DB import
Fri, 17 Jan 2020 07:08:43 - INFO - Connect to DB
Fri, 17 Jan 2020 07:08:43 - INFO - TRIZMA DB import
Fri, 17 Jan 2020 07:08:43 - INFO - 123TV DB import
Fri, 17 Jan 2020 07:10:14 - INFO - Connect to DB
Fri, 17 Jan 2020 07:10:14 - INFO - TRIZMA DB import
Fri, 17 Jan 2020 07:10:15 - INFO - 123TV DB import
Fri, 17 Jan 2020 07:10:57 - INFO - Connect to DB
Fri, 17 Jan 2020 07:10:57 - INFO - TRIZMA DB import
Fri, 17 Jan 2020 07:10:57 - INFO - 123TV DB import
Fri, 17 Jan 2020 07:12:01 - INFO - Connect to DB
Fri, 17 Jan 2020 07:12:01 - INFO - TRIZMA DB import
Fri, 17 Jan 2020 07:12:01 - INFO - 123TV DB import
Fri, 17 Jan 2020 07:13:39 - INFO - Connect to DB
Fri, 17 Jan 2020 07:13:39 - INFO - TRIZMA DB import
Fri, 17 Jan 2020 07:13:39 - INFO - 123TV DB import
