Wed, 15 Jan 2020 16:18:09 - INFO - Connect to DB
Wed, 15 Jan 2020 16:18:09 - INFO - TRIZMA DB import
Wed, 15 Jan 2020 16:18:09 - INFO - Failed on TRIZMA DB import at: 2020-01-15_16-08-11, for following calling party: 491627242228, for agent id: trz_madamovic, with error:(pyodbc.DataError) ('22001', '[22001] [Microsoft][ODBC Driver 17 for SQL Server][SQL Server]String or binary data would be truncated. (8152) (SQLExecDirectW)')
[SQL: insert into records values('CC2Servicenummer','Belgrad','Nicht übermittelt','trz_madamovic',                                 '491627242228','','Nicht übermittelt','491627242228_Wednesday, January 15, 2020_5:18:03 PM','MIL_ADAMOV')]
(Background on this error at: http://sqlalche.me/e/9h9h)
Wed, 15 Jan 2020 16:18:09 - INFO - 123TV DB import
Wed, 15 Jan 2020 16:21:03 - INFO - Connect to DB
Wed, 15 Jan 2020 16:21:03 - INFO - TRIZMA DB import
Wed, 15 Jan 2020 16:21:04 - INFO - Failed on TRIZMA DB import at: 2020-01-15_16-08-11, for following calling party: 4917664778806, for agent id: trz_bmaksimovic, with error:(pyodbc.DataError) ('22001', '[22001] [Microsoft][ODBC Driver 17 for SQL Server][SQL Server]String or binary data would be truncated. (8152) (SQLExecDirectW)')
[SQL: insert into records values('CC2Servicenummer','Belgrad','Nicht übermittelt','trz_bmaksimovic',                                 '4917664778806','','Nicht übermittelt','4917664778806_Wednesday, January 15, 2020_5:21:00 PM','BOR_MAKSIM')]
(Background on this error at: http://sqlalche.me/e/9h9h)
Wed, 15 Jan 2020 16:21:04 - INFO - 123TV DB import
Wed, 15 Jan 2020 16:26:06 - INFO - Connect to DB
Wed, 15 Jan 2020 16:26:07 - INFO - TRIZMA DB import
Wed, 15 Jan 2020 16:26:07 - INFO - Failed on TRIZMA DB import at: 2020-01-15_16-08-11, for following calling party: 4937536085058, for agent id: trz_divankovic, with error:(pyodbc.DataError) ('22001', '[22001] [Microsoft][ODBC Driver 17 for SQL Server][SQL Server]String or binary data would be truncated. (8152) (SQLExecDirectW)')
[SQL: insert into records values('CC2Servicenummer','Belgrad','Nicht übermittelt','trz_divankovic',                                 '4937536085058','','Nicht übermittelt','4937536085058_Wednesday, January 15, 2020_5:26:02 PM','DUS_IVANKO')]
(Background on this error at: http://sqlalche.me/e/9h9h)
Wed, 15 Jan 2020 16:26:07 - INFO - 123TV DB import
Wed, 15 Jan 2020 17:03:55 - INFO - Connect to DB
Wed, 15 Jan 2020 17:03:55 - INFO - TRIZMA DB import
Wed, 15 Jan 2020 17:03:55 - INFO - Failed on TRIZMA DB import at: 2020-01-15_16-08-11, for following calling party: 495137121035, for agent id: trz_divankovic, with error:(pyodbc.DataError) ('22001', '[22001] [Microsoft][ODBC Driver 17 for SQL Server][SQL Server]String or binary data would be truncated. (8152) (SQLExecDirectW)')
[SQL: insert into records values('CC2Servicenummer','Belgrad','Nicht übermittelt','trz_divankovic',                                 '495137121035','','Nicht übermittelt','495137121035_Wednesday, January 15, 2020_6:03:51 PM','DUS_IVANKO')]
(Background on this error at: http://sqlalche.me/e/9h9h)
Wed, 15 Jan 2020 17:03:55 - INFO - 123TV DB import
