Sat, 11 Jan 2020 13:19:01 - INFO - Connect to DB
Sat, 11 Jan 2020 13:19:02 - INFO - TRIZMA DB import
Sat, 11 Jan 2020 13:19:02 - INFO - 123TV DB import
Sat, 11 Jan 2020 13:19:07 - INFO - Failed on 123TV DB import at: 2020-01-11_13-08-10, for following calling party: 491605530404, for agent id: 3067, with error:Missing element acd_id (importCallMetaData.acd_id)
Sat, 11 Jan 2020 13:19:29 - INFO - Connect to DB
Sat, 11 Jan 2020 13:19:29 - INFO - TRIZMA DB import
Sat, 11 Jan 2020 13:19:30 - INFO - 123TV DB import
Sat, 11 Jan 2020 13:19:35 - INFO - Failed on 123TV DB import at: 2020-01-11_13-08-10, for following calling party: 492671916527, for agent id: 3067, with error:Missing element acd_id (importCallMetaData.acd_id)
Sat, 11 Jan 2020 13:40:47 - INFO - Connect to DB
Sat, 11 Jan 2020 13:40:47 - INFO - TRIZMA DB import
Sat, 11 Jan 2020 13:40:47 - INFO - 123TV DB import
Sat, 11 Jan 2020 13:40:52 - INFO - Failed on 123TV DB import at: 2020-01-11_13-08-10, for following calling party: 4948839054662, for agent id: 3067, with error:Missing element acd_id (importCallMetaData.acd_id)
Sat, 11 Jan 2020 13:41:03 - INFO - Connect to DB
Sat, 11 Jan 2020 13:41:03 - INFO - TRIZMA DB import
Sat, 11 Jan 2020 13:41:03 - INFO - 123TV DB import
Sat, 11 Jan 2020 13:41:08 - INFO - Failed on 123TV DB import at: 2020-01-11_13-08-10, for following calling party: 493842226446, for agent id: 3067, with error:Missing element acd_id (importCallMetaData.acd_id)
Sat, 11 Jan 2020 13:56:02 - INFO - Connect to DB
Sat, 11 Jan 2020 13:56:02 - INFO - TRIZMA DB import
Sat, 11 Jan 2020 13:56:02 - INFO - Failed on TRIZMA DB import at: 2020-01-11_13-08-10, for following calling party: 4939493179055, for agent id: trz_madamovic, with error:(pyodbc.DataError) ('22001', '[22001] [Microsoft][ODBC Driver 17 for SQL Server][SQL Server]String or binary data would be truncated. (8152) (SQLExecDirectW)')
[SQL: insert into records values('CC2Servicenummer','Belgrad','Nicht übermittelt','trz_madamovic',                                  '4939493179055','','Nicht übermittelt','4939493179055_Saturday, January 11, 2020_2:55:53 PM')]
(Background on this error at: http://sqlalche.me/e/9h9h)
Sat, 11 Jan 2020 13:56:02 - INFO - 123TV DB import
Sat, 11 Jan 2020 13:56:07 - INFO - Failed on 123TV DB import at: 2020-01-11_13-08-10, for following calling party: 4939493179055, for agent id: 3067, with error:Missing element acd_id (importCallMetaData.acd_id)
Sat, 11 Jan 2020 14:01:26 - INFO - Connect to DB
Sat, 11 Jan 2020 14:01:26 - INFO - TRIZMA DB import
Sat, 11 Jan 2020 14:01:26 - INFO - 123TV DB import
Sat, 11 Jan 2020 14:01:31 - INFO - Failed on 123TV DB import at: 2020-01-11_13-08-10, for following calling party: 492131463971, for agent id: 3155, with error:Missing element acd_id (importCallMetaData.acd_id)
Sat, 11 Jan 2020 14:17:08 - INFO - Connect to DB
Sat, 11 Jan 2020 14:17:08 - INFO - TRIZMA DB import
Sat, 11 Jan 2020 14:17:08 - INFO - 123TV DB import
Sat, 11 Jan 2020 14:17:13 - INFO - Failed on 123TV DB import at: 2020-01-11_13-08-10, for following calling party: 491731998382, for agent id: 3067, with error:Missing element acd_id (importCallMetaData.acd_id)
Sat, 11 Jan 2020 14:21:49 - INFO - Connect to DB
Sat, 11 Jan 2020 14:21:49 - INFO - TRIZMA DB import
Sat, 11 Jan 2020 14:21:49 - INFO - 123TV DB import
Sat, 11 Jan 2020 14:21:54 - INFO - Failed on 123TV DB import at: 2020-01-11_13-08-10, for following calling party: 4922896690091, for agent id: 3155, with error:Missing element acd_id (importCallMetaData.acd_id)
Sat, 11 Jan 2020 15:03:33 - INFO - Connect to DB
Sat, 11 Jan 2020 15:03:33 - INFO - TRIZMA DB import
Sat, 11 Jan 2020 15:03:33 - INFO - 123TV DB import
Sat, 11 Jan 2020 15:03:38 - INFO - Failed on 123TV DB import at: 2020-01-11_13-08-10, for following calling party: 49221619483, for agent id: 3155, with error:Missing element acd_id (importCallMetaData.acd_id)
Sat, 11 Jan 2020 15:09:11 - INFO - Connect to DB
Sat, 11 Jan 2020 15:09:11 - INFO - TRIZMA DB import
Sat, 11 Jan 2020 15:09:11 - INFO - 123TV DB import
Sat, 11 Jan 2020 15:09:16 - INFO - Failed on 123TV DB import at: 2020-01-11_13-08-10, for following calling party: 49432181546, for agent id: 3036, with error:Missing element acd_id (importCallMetaData.acd_id)
