Fri, 03 Jan 2020 11:18:00 - INFO - Connect to DB
Fri, 03 Jan 2020 11:18:01 - INFO - TRIZMA DB import
Fri, 03 Jan 2020 11:18:01 - INFO - Failed on TRIZMA DB import at: 2020-01-03_11-13-25, for following calling party: 491781051586, for agent id: trz_madamovic, with error:(pyodbc.DataError) ('22001', '[22001] [Microsoft][ODBC Driver 17 for SQL Server][SQL Server]String or binary data would be truncated. (8152) (SQLExecDirectW)')
[SQL: insert into records values('CC2Servicenummer','Belgrad','Nicht übermittelt','trz_madamovic',                                  '491781051586','','Nicht übermittelt','491781051586_Wednesday, December 25, 2019_2:12:04 PM')]
(Background on this error at: http://sqlalche.me/e/9h9h)
Fri, 03 Jan 2020 11:18:01 - INFO - 123TV DB import
Fri, 03 Jan 2020 11:18:06 - INFO - Connect to DB
Fri, 03 Jan 2020 11:18:06 - INFO - TRIZMA DB import
Fri, 03 Jan 2020 11:18:06 - INFO - Failed on TRIZMA DB import at: 2020-01-03_11-13-25, for following calling party: 4915123850727, for agent id: trz_madamovic, with error:(pyodbc.DataError) ('22001', '[22001] [Microsoft][ODBC Driver 17 for SQL Server][SQL Server]String or binary data would be truncated. (8152) (SQLExecDirectW)')
[SQL: insert into records values('CC2Servicenummer','Belgrad','Nicht übermittelt','trz_madamovic',                                  '4915123850727','','Nicht übermittelt','4915123850727_Thursday, December 26, 2019_8:03:15 AM')]
(Background on this error at: http://sqlalche.me/e/9h9h)
Fri, 03 Jan 2020 11:18:06 - INFO - 123TV DB import
Fri, 03 Jan 2020 11:18:24 - INFO - Connect to DB
Fri, 03 Jan 2020 11:18:24 - INFO - TRIZMA DB import
Fri, 03 Jan 2020 11:18:24 - INFO - Failed on TRIZMA DB import at: 2020-01-03_11-13-25, for following calling party: 492431805934, for agent id: trz_madamovic, with error:(pyodbc.DataError) ('22001', '[22001] [Microsoft][ODBC Driver 17 for SQL Server][SQL Server]String or binary data would be truncated. (8152) (SQLExecDirectW)')
[SQL: insert into records values('CC2Servicenummer','Belgrad','Nicht übermittelt','trz_madamovic',                                  '492431805934','','Nicht übermittelt','492431805934_Thursday, December 26, 2019_12:37:05 PM')]
(Background on this error at: http://sqlalche.me/e/9h9h)
Fri, 03 Jan 2020 11:18:24 - INFO - 123TV DB import
Fri, 03 Jan 2020 11:18:51 - INFO - Connect to DB
Fri, 03 Jan 2020 11:18:52 - INFO - TRIZMA DB import
Fri, 03 Jan 2020 11:18:52 - INFO - 123TV DB import
Fri, 03 Jan 2020 11:19:29 - INFO - Connect to DB
Fri, 03 Jan 2020 11:19:29 - INFO - TRIZMA DB import
Fri, 03 Jan 2020 11:19:29 - INFO - 123TV DB import
Fri, 03 Jan 2020 11:20:24 - INFO - Connect to DB
Fri, 03 Jan 2020 11:20:24 - INFO - TRIZMA DB import
Fri, 03 Jan 2020 11:20:24 - INFO - 123TV DB import
Fri, 03 Jan 2020 11:20:35 - INFO - Connect to DB
Fri, 03 Jan 2020 11:20:35 - INFO - TRIZMA DB import
Fri, 03 Jan 2020 11:20:35 - INFO - 123TV DB import
Fri, 03 Jan 2020 11:21:37 - INFO - Connect to DB
Fri, 03 Jan 2020 11:21:37 - INFO - TRIZMA DB import
Fri, 03 Jan 2020 11:21:37 - INFO - Failed on TRIZMA DB import at: 2020-01-03_11-13-25, for following calling party: 4923829617753, for agent id: trz_madamovic, with error:(pyodbc.DataError) ('22001', '[22001] [Microsoft][ODBC Driver 17 for SQL Server][SQL Server]String or binary data would be truncated. (8152) (SQLExecDirectW)')
[SQL: insert into records values('CC2Servicenummer','Belgrad','Nicht übermittelt','trz_madamovic',                                  '4923829617753','','Nicht übermittelt','4923829617753_Monday, December 30, 2019_11:13:34 AM')]
(Background on this error at: http://sqlalche.me/e/9h9h)
Fri, 03 Jan 2020 11:21:37 - INFO - 123TV DB import
Fri, 03 Jan 2020 11:27:36 - INFO - Connect to DB
Fri, 03 Jan 2020 11:27:36 - INFO - TRIZMA DB import
Fri, 03 Jan 2020 11:27:36 - INFO - 123TV DB import
Fri, 03 Jan 2020 11:27:59 - INFO - Connect to DB
Fri, 03 Jan 2020 11:27:59 - INFO - TRIZMA DB import
Fri, 03 Jan 2020 11:27:59 - INFO - 123TV DB import
Fri, 03 Jan 2020 11:28:31 - INFO - Connect to DB
Fri, 03 Jan 2020 11:28:31 - INFO - TRIZMA DB import
Fri, 03 Jan 2020 11:28:31 - INFO - Failed on TRIZMA DB import at: 2020-01-03_11-13-25, for following calling party: 4934299570016, for agent id: trz_madamovic, with error:(pyodbc.DataError) ('22001', '[22001] [Microsoft][ODBC Driver 17 for SQL Server][SQL Server]String or binary data would be truncated. (8152) (SQLExecDirectW)')
[SQL: insert into records values('CC2Servicenummer','Belgrad','Nicht übermittelt','trz_madamovic',                                  '4934299570016','','Nicht übermittelt','4934299570016_Tuesday, December 31, 2019_10:35:00 AM')]
(Background on this error at: http://sqlalche.me/e/9h9h)
Fri, 03 Jan 2020 11:28:31 - INFO - 123TV DB import
Fri, 03 Jan 2020 11:28:59 - INFO - Connect to DB
Fri, 03 Jan 2020 11:28:59 - INFO - TRIZMA DB import
Fri, 03 Jan 2020 11:28:59 - INFO - Failed on TRIZMA DB import at: 2020-01-03_11-13-25, for following calling party: 4921529949498, for agent id: trz_madamovic, with error:(pyodbc.DataError) ('22001', '[22001] [Microsoft][ODBC Driver 17 for SQL Server][SQL Server]String or binary data would be truncated. (8152) (SQLExecDirectW)')
[SQL: insert into records values('CC2Servicenummer','Belgrad','Nicht übermittelt','trz_madamovic',                                  '4921529949498','','Nicht übermittelt','4921529949498_Tuesday, December 31, 2019_11:59:49 AM')]
(Background on this error at: http://sqlalche.me/e/9h9h)
Fri, 03 Jan 2020 11:28:59 - INFO - 123TV DB import
Fri, 03 Jan 2020 11:29:21 - INFO - Connect to DB
Fri, 03 Jan 2020 11:29:21 - INFO - TRIZMA DB import
Fri, 03 Jan 2020 11:29:21 - INFO - Failed on TRIZMA DB import at: 2020-01-03_11-13-25, for following calling party: 4917653597977, for agent id: trz_madamovic, with error:(pyodbc.DataError) ('22001', '[22001] [Microsoft][ODBC Driver 17 for SQL Server][SQL Server]String or binary data would be truncated. (8152) (SQLExecDirectW)')
[SQL: insert into records values('CC2Servicenummer','Belgrad','Nicht übermittelt','trz_madamovic',                                  '4917653597977','','Nicht übermittelt','4917653597977_Tuesday, December 31, 2019_1:07:21 PM')]
(Background on this error at: http://sqlalche.me/e/9h9h)
Fri, 03 Jan 2020 11:29:21 - INFO - 123TV DB import
Fri, 03 Jan 2020 11:29:32 - INFO - Connect to DB
Fri, 03 Jan 2020 11:29:32 - INFO - TRIZMA DB import
Fri, 03 Jan 2020 11:29:32 - INFO - 123TV DB import
Fri, 03 Jan 2020 11:29:37 - INFO - Connect to DB
Fri, 03 Jan 2020 11:29:37 - INFO - TRIZMA DB import
Fri, 03 Jan 2020 11:29:37 - INFO - Failed on TRIZMA DB import at: 2020-01-03_11-13-25, for following calling party: 4995151936532, for agent id: trz_madamovic, with error:(pyodbc.DataError) ('22001', '[22001] [Microsoft][ODBC Driver 17 for SQL Server][SQL Server]String or binary data would be truncated. (8152) (SQLExecDirectW)')
[SQL: insert into records values('CC2Servicenummer','Belgrad','Nicht übermittelt','trz_madamovic',                                  '4995151936532','','Nicht übermittelt','4995151936532_Tuesday, December 31, 2019_1:54:33 PM')]
(Background on this error at: http://sqlalche.me/e/9h9h)
Fri, 03 Jan 2020 11:29:37 - INFO - 123TV DB import
Fri, 03 Jan 2020 11:29:43 - INFO - Connect to DB
Fri, 03 Jan 2020 11:29:43 - INFO - TRIZMA DB import
Fri, 03 Jan 2020 11:29:43 - INFO - 123TV DB import
Fri, 03 Jan 2020 11:30:12 - INFO - Connect to DB
Fri, 03 Jan 2020 11:30:12 - INFO - TRIZMA DB import
Fri, 03 Jan 2020 11:30:12 - INFO - Failed on TRIZMA DB import at: 2020-01-03_11-13-25, for following calling party: 491735412602, for agent id: trz_madamovic, with error:(pyodbc.DataError) ('22001', '[22001] [Microsoft][ODBC Driver 17 for SQL Server][SQL Server]String or binary data would be truncated. (8152) (SQLExecDirectW)')
[SQL: insert into records values('CC2Servicenummer','Belgrad','Nicht übermittelt','trz_madamovic',                                  '491735412602','','Nicht übermittelt','491735412602_Wednesday, January 01, 2020_3:21:23 PM')]
(Background on this error at: http://sqlalche.me/e/9h9h)
Fri, 03 Jan 2020 11:30:12 - INFO - 123TV DB import
Fri, 03 Jan 2020 11:30:17 - INFO - Connect to DB
Fri, 03 Jan 2020 11:30:17 - INFO - TRIZMA DB import
Fri, 03 Jan 2020 11:30:17 - INFO - Failed on TRIZMA DB import at: 2020-01-03_11-13-25, for following calling party: 496134256913, for agent id: trz_madamovic, with error:(pyodbc.DataError) ('22001', '[22001] [Microsoft][ODBC Driver 17 for SQL Server][SQL Server]String or binary data would be truncated. (8152) (SQLExecDirectW)')
[SQL: insert into records values('CC2Servicenummer','Belgrad','Nicht übermittelt','trz_madamovic',                                  '496134256913','','Nicht übermittelt','496134256913_Wednesday, January 01, 2020_4:53:49 PM')]
(Background on this error at: http://sqlalche.me/e/9h9h)
Fri, 03 Jan 2020 11:30:17 - INFO - 123TV DB import
Fri, 03 Jan 2020 11:31:08 - INFO - Connect to DB
Fri, 03 Jan 2020 11:31:08 - INFO - TRIZMA DB import
Fri, 03 Jan 2020 11:31:08 - INFO - 123TV DB import
Fri, 03 Jan 2020 11:31:35 - INFO - Connect to DB
Fri, 03 Jan 2020 11:31:35 - INFO - TRIZMA DB import
Fri, 03 Jan 2020 11:31:35 - INFO - 123TV DB import
Fri, 03 Jan 2020 11:32:03 - INFO - Connect to DB
Fri, 03 Jan 2020 11:32:03 - INFO - TRIZMA DB import
Fri, 03 Jan 2020 11:32:03 - INFO - 123TV DB import
Fri, 03 Jan 2020 11:40:29 - INFO - Connect to DB
Fri, 03 Jan 2020 11:40:29 - INFO - TRIZMA DB import
Fri, 03 Jan 2020 11:40:30 - INFO - 123TV DB import
Fri, 03 Jan 2020 11:42:32 - INFO - Connect to DB
Fri, 03 Jan 2020 11:42:32 - INFO - TRIZMA DB import
Fri, 03 Jan 2020 11:42:32 - INFO - 123TV DB import
Fri, 03 Jan 2020 11:47:31 - INFO - Connect to DB
Fri, 03 Jan 2020 11:47:31 - INFO - TRIZMA DB import
Fri, 03 Jan 2020 11:47:32 - INFO - 123TV DB import
