Wed, 22 Jan 2020 11:31:37 - INFO - Connect to DB
Wed, 22 Jan 2020 11:31:37 - INFO - TRIZMA DB import
Wed, 22 Jan 2020 11:31:37 - INFO - Failed on TRIZMA DB import at: 2020-01-22_11-30-53, for following calling party: 493939281556, for agent id: trz_asilni, with error:(pyodbc.DataError) ('22001', '[22001] [Microsoft][ODBC Driver 17 for SQL Server][SQL Server]String or binary data would be truncated. (8152) (SQLExecDirectW)')
[SQL: insert into records values('CC2Servicenummer','Belgrad','Nicht übermittelt','trz_asilni',                                 '493939281556','','Nicht übermittelt','493939281556_Wednesday, January 15, 2020_5:08:15 PM','ANA_SILNI')]
(Background on this error at: http://sqlalche.me/e/9h9h)
Wed, 22 Jan 2020 11:31:37 - INFO - 123TV DB import
Wed, 22 Jan 2020 11:32:32 - INFO - Connect to DB
Wed, 22 Jan 2020 11:32:32 - INFO - TRIZMA DB import
Wed, 22 Jan 2020 11:32:32 - INFO - Failed on TRIZMA DB import at: 2020-01-22_11-30-53, for following calling party: 491624977905, for agent id: trz_asilni, with error:(pyodbc.DataError) ('22001', '[22001] [Microsoft][ODBC Driver 17 for SQL Server][SQL Server]String or binary data would be truncated. (8152) (SQLExecDirectW)')
[SQL: insert into records values('CC2Servicenummer','Belgrad','Nicht übermittelt','trz_asilni',                                 '491624977905','','Nicht übermittelt','491624977905_Wednesday, January 15, 2020_6:34:50 PM','ANA_SILNI')]
(Background on this error at: http://sqlalche.me/e/9h9h)
Wed, 22 Jan 2020 11:32:32 - INFO - 123TV DB import
Wed, 22 Jan 2020 11:32:40 - INFO - Connect to DB
Wed, 22 Jan 2020 11:32:40 - INFO - TRIZMA DB import
Wed, 22 Jan 2020 11:32:40 - INFO - Failed on TRIZMA DB import at: 2020-01-22_11-30-53, for following calling party: 493842226446, for agent id: trz_asilni, with error:(pyodbc.DataError) ('22001', '[22001] [Microsoft][ODBC Driver 17 for SQL Server][SQL Server]String or binary data would be truncated. (8152) (SQLExecDirectW)')
[SQL: insert into records values('CC2Servicenummer','Belgrad','Nicht übermittelt','trz_asilni',                                 '493842226446','','Nicht übermittelt','493842226446_Wednesday, January 15, 2020_6:54:27 PM','ANA_SILNI')]
(Background on this error at: http://sqlalche.me/e/9h9h)
Wed, 22 Jan 2020 11:32:40 - INFO - 123TV DB import
Wed, 22 Jan 2020 11:33:03 - INFO - Connect to DB
Wed, 22 Jan 2020 11:33:03 - INFO - TRIZMA DB import
Wed, 22 Jan 2020 11:33:03 - INFO - Failed on TRIZMA DB import at: 2020-01-22_11-30-53, for following calling party: 493301573773, for agent id: trz_asilni, with error:(pyodbc.DataError) ('22001', '[22001] [Microsoft][ODBC Driver 17 for SQL Server][SQL Server]String or binary data would be truncated. (8152) (SQLExecDirectW)')
[SQL: insert into records values('CC2Servicenummer','Belgrad','Nicht übermittelt','trz_asilni',                                 '493301573773','','Nicht übermittelt','493301573773_Wednesday, January 15, 2020_7:49:25 PM','ANA_SILNI')]
(Background on this error at: http://sqlalche.me/e/9h9h)
Wed, 22 Jan 2020 11:33:03 - INFO - 123TV DB import
Wed, 22 Jan 2020 11:34:17 - INFO - Connect to DB
Wed, 22 Jan 2020 11:34:17 - INFO - TRIZMA DB import
Wed, 22 Jan 2020 11:34:17 - INFO - 123TV DB import
Wed, 22 Jan 2020 11:34:25 - INFO - Connect to DB
Wed, 22 Jan 2020 11:34:25 - INFO - TRIZMA DB import
Wed, 22 Jan 2020 11:34:25 - INFO - 123TV DB import
