Mon, 20 Jan 2020 10:24:00 - INFO - Connect to DB
Mon, 20 Jan 2020 10:24:00 - INFO - TRIZMA DB import
Mon, 20 Jan 2020 10:24:00 - INFO - 123TV DB import
Mon, 20 Jan 2020 10:25:32 - INFO - Connect to DB
Mon, 20 Jan 2020 10:25:32 - INFO - TRIZMA DB import
Mon, 20 Jan 2020 10:25:32 - INFO - 123TV DB import
Mon, 20 Jan 2020 10:25:38 - INFO - Connect to DB
Mon, 20 Jan 2020 10:25:38 - INFO - TRIZMA DB import
Mon, 20 Jan 2020 10:25:38 - INFO - Failed on TRIZMA DB import at: 2020-01-20_10-21-40, for following calling party: 4915906833492, for agent id: trz_bmaksimovic, with error:(pyodbc.DataError) ('22001', '[22001] [Microsoft][ODBC Driver 17 for SQL Server][SQL Server]String or binary data would be truncated. (8152) (SQLExecDirectW)')
[SQL: insert into records values('CC2Servicenummer','Belgrad','Nicht übermittelt','trz_bmaksimovic',                                 '4915906833492','','Nicht übermittelt','4915906833492_Thursday, January 16, 2020_1:32:58 PM','BOR_MAKSIM')]
(Background on this error at: http://sqlalche.me/e/9h9h)
Mon, 20 Jan 2020 10:25:38 - INFO - 123TV DB import
Mon, 20 Jan 2020 10:31:26 - INFO - Connect to DB
Mon, 20 Jan 2020 10:31:26 - INFO - TRIZMA DB import
Mon, 20 Jan 2020 10:31:26 - INFO - 123TV DB import
Mon, 20 Jan 2020 10:31:45 - INFO - Connect to DB
Mon, 20 Jan 2020 10:31:45 - INFO - TRIZMA DB import
Mon, 20 Jan 2020 10:31:45 - INFO - 123TV DB import
Mon, 20 Jan 2020 10:37:30 - INFO - Connect to DB
Mon, 20 Jan 2020 10:37:31 - INFO - TRIZMA DB import
Mon, 20 Jan 2020 10:37:31 - INFO - 123TV DB import
Mon, 20 Jan 2020 10:42:21 - INFO - Connect to DB
Mon, 20 Jan 2020 10:42:21 - INFO - TRIZMA DB import
Mon, 20 Jan 2020 10:42:21 - INFO - 123TV DB import
