Fri, 17 Jan 2020 11:27:16 - INFO - Connect to DB
Fri, 17 Jan 2020 11:27:16 - INFO - TRIZMA DB import
Fri, 17 Jan 2020 11:27:16 - INFO - 123TV DB import
Fri, 17 Jan 2020 11:27:22 - INFO - Connect to DB
Fri, 17 Jan 2020 11:27:22 - INFO - TRIZMA DB import
Fri, 17 Jan 2020 11:27:22 - INFO - 123TV DB import
Fri, 17 Jan 2020 11:27:40 - INFO - Connect to DB
Fri, 17 Jan 2020 11:27:40 - INFO - TRIZMA DB import
Fri, 17 Jan 2020 11:27:40 - INFO - 123TV DB import
Fri, 17 Jan 2020 11:28:11 - INFO - Connect to DB
Fri, 17 Jan 2020 11:28:11 - INFO - TRIZMA DB import
Fri, 17 Jan 2020 11:28:11 - INFO - 123TV DB import
Fri, 17 Jan 2020 11:29:09 - INFO - Connect to DB
Fri, 17 Jan 2020 11:29:09 - INFO - TRIZMA DB import
Fri, 17 Jan 2020 11:29:09 - INFO - 123TV DB import
Fri, 17 Jan 2020 11:31:00 - INFO - Connect to DB
Fri, 17 Jan 2020 11:31:00 - INFO - TRIZMA DB import
Fri, 17 Jan 2020 11:31:00 - INFO - 123TV DB import
Fri, 17 Jan 2020 11:32:09 - INFO - Connect to DB
Fri, 17 Jan 2020 11:32:09 - INFO - TRIZMA DB import
Fri, 17 Jan 2020 11:32:09 - INFO - 123TV DB import
Fri, 17 Jan 2020 11:32:15 - INFO - Connect to DB
Fri, 17 Jan 2020 11:32:15 - INFO - TRIZMA DB import
Fri, 17 Jan 2020 11:32:15 - INFO - Failed on TRIZMA DB import at: 2020-01-17_11-22-10, for following calling party: 497062910344, for agent id: trz_madamovic, with error:(pyodbc.DataError) ('22001', '[22001] [Microsoft][ODBC Driver 17 for SQL Server][SQL Server]String or binary data would be truncated. (8152) (SQLExecDirectW)')
[SQL: insert into records values('CC2Servicenummer','Belgrad','Nicht übermittelt','trz_madamovic',                                 '497062910344','','Nicht übermittelt','497062910344_Wednesday, January 15, 2020_2:47:05 PM','MIL_ADAMOV')]
(Background on this error at: http://sqlalche.me/e/9h9h)
Fri, 17 Jan 2020 11:32:15 - INFO - 123TV DB import
Fri, 17 Jan 2020 11:32:47 - INFO - Connect to DB
Fri, 17 Jan 2020 11:32:47 - INFO - TRIZMA DB import
Fri, 17 Jan 2020 11:32:47 - INFO - 123TV DB import
Fri, 17 Jan 2020 11:33:23 - INFO - Connect to DB
Fri, 17 Jan 2020 11:33:23 - INFO - TRIZMA DB import
Fri, 17 Jan 2020 11:33:23 - INFO - 123TV DB import
