Wed, 22 Jan 2020 10:50:14 - INFO - Connect to DB
Wed, 22 Jan 2020 10:50:15 - INFO - TRIZMA DB import
Wed, 22 Jan 2020 10:50:15 - INFO - Failed on TRIZMA DB import at: 2020-01-22_10-49-00, for following calling party: 494098670265, for agent id: trz_madamovic, with error:(pyodbc.DataError) ('22001', '[22001] [Microsoft][ODBC Driver 17 for SQL Server][SQL Server]String or binary data would be truncated. (8152) (SQLExecDirectW)')
[SQL: insert into records values('CC2Servicenummer','Belgrad','Nicht übermittelt','trz_madamovic',                                 '494098670265','','Nicht übermittelt','494098670265_Wednesday, January 22, 2020_11:50:10 AM','MIL_ADAMOV')]
(Background on this error at: http://sqlalche.me/e/9h9h)
Wed, 22 Jan 2020 10:50:15 - INFO - 123TV DB import
Wed, 22 Jan 2020 10:57:29 - INFO - Connect to DB
Wed, 22 Jan 2020 10:57:29 - INFO - TRIZMA DB import
Wed, 22 Jan 2020 10:57:29 - INFO - 123TV DB import
Wed, 22 Jan 2020 10:59:58 - INFO - Connect to DB
Wed, 22 Jan 2020 10:59:58 - INFO - TRIZMA DB import
Wed, 22 Jan 2020 10:59:58 - INFO - Failed on TRIZMA DB import at: 2020-01-22_10-49-00, for following calling party: 498711423133, for agent id: trz_tjurjevic, with error:(pyodbc.DataError) ('22001', '[22001] [Microsoft][ODBC Driver 17 for SQL Server][SQL Server]String or binary data would be truncated. (8152) (SQLExecDirectW)')
[SQL: insert into records values('CC2Servicenummer','Belgrad','Nicht übermittelt','trz_tjurjevic',                                 '498711423133','','Nicht übermittelt','498711423133_Wednesday, January 22, 2020_11:59:56 AM','TAT_JURJEV')]
(Background on this error at: http://sqlalche.me/e/9h9h)
Wed, 22 Jan 2020 10:59:58 - INFO - 123TV DB import
Wed, 22 Jan 2020 11:03:30 - INFO - Connect to DB
Wed, 22 Jan 2020 11:03:30 - INFO - TRIZMA DB import
Wed, 22 Jan 2020 11:03:30 - INFO - 123TV DB import
Wed, 22 Jan 2020 11:07:49 - INFO - Connect to DB
Wed, 22 Jan 2020 11:07:49 - INFO - TRIZMA DB import
Wed, 22 Jan 2020 11:07:49 - INFO - Failed on TRIZMA DB import at: 2020-01-22_10-49-00, for following calling party: 4915233560865, for agent id: trz_bmaksimovic, with error:(pyodbc.DataError) ('22001', '[22001] [Microsoft][ODBC Driver 17 for SQL Server][SQL Server]String or binary data would be truncated. (8152) (SQLExecDirectW)')
[SQL: insert into records values('CC2Servicenummer','Belgrad','Nicht übermittelt','trz_bmaksimovic',                                 '4915233560865','','Nicht übermittelt','4915233560865_Wednesday, January 22, 2020_12:07:46 PM','BOR_MAKSIM')]
(Background on this error at: http://sqlalche.me/e/9h9h)
Wed, 22 Jan 2020 11:07:49 - INFO - 123TV DB import
Wed, 22 Jan 2020 11:11:44 - INFO - Connect to DB
Wed, 22 Jan 2020 11:11:44 - INFO - TRIZMA DB import
Wed, 22 Jan 2020 11:11:44 - INFO - 123TV DB import
Wed, 22 Jan 2020 11:11:50 - INFO - Connect to DB
Wed, 22 Jan 2020 11:11:50 - INFO - TRIZMA DB import
Wed, 22 Jan 2020 11:11:50 - INFO - Failed on TRIZMA DB import at: 2020-01-22_10-49-00, for following calling party: 4939291817024, for agent id: trz_sstankovic, with error:(pyodbc.DataError) ('22001', '[22001] [Microsoft][ODBC Driver 17 for SQL Server][SQL Server]String or binary data would be truncated. (8152) (SQLExecDirectW)')
[SQL: insert into records values('CC2Servicenummer','Belgrad','Nicht übermittelt','trz_sstankovic',                                 '4939291817024','','Nicht übermittelt','4939291817024_Tuesday, January 21, 2020_11:28:13 AM','SAR_STANKO')]
(Background on this error at: http://sqlalche.me/e/9h9h)
Wed, 22 Jan 2020 11:11:50 - INFO - 123TV DB import
