Wed, 22 Jan 2020 09:12:55 - INFO - Connect to DB
Wed, 22 Jan 2020 09:12:55 - INFO - TRIZMA DB import
Wed, 22 Jan 2020 09:12:55 - INFO - Failed on TRIZMA DB import at: 2020-01-22_08-58-24, for following calling party: 491789729845, for agent id: trz_memetovic, with error:(pyodbc.DataError) ('22001', '[22001] [Microsoft][ODBC Driver 17 for SQL Server][SQL Server]String or binary data would be truncated. (8152) (SQLExecDirectW)')
[SQL: insert into records values('CC2Servicenummer','Belgrad','Nicht übermittelt','trz_memetovic',                                 '491789729845','','Nicht übermittelt','491789729845_Wednesday, January 22, 2020_10:12:50 AM','KEN_MEMETO')]
(Background on this error at: http://sqlalche.me/e/9h9h)
Wed, 22 Jan 2020 09:12:55 - INFO - 123TV DB import
Wed, 22 Jan 2020 09:14:53 - INFO - Connect to DB
Wed, 22 Jan 2020 09:14:53 - INFO - TRIZMA DB import
Wed, 22 Jan 2020 09:14:53 - INFO - 123TV DB import
Wed, 22 Jan 2020 09:16:36 - INFO - Connect to DB
Wed, 22 Jan 2020 09:16:36 - INFO - TRIZMA DB import
Wed, 22 Jan 2020 09:16:36 - INFO - Failed on TRIZMA DB import at: 2020-01-22_08-58-24, for following calling party: 49610334296, for agent id: trz_sstankovic, with error:(pyodbc.DataError) ('22001', '[22001] [Microsoft][ODBC Driver 17 for SQL Server][SQL Server]String or binary data would be truncated. (8152) (SQLExecDirectW)')
[SQL: insert into records values('CC2Servicenummer','Belgrad','Nicht übermittelt','trz_sstankovic',                                 '49610334296','','Nicht übermittelt','49610334296_Wednesday, January 22, 2020_10:16:33 AM','SAR_STANKO')]
(Background on this error at: http://sqlalche.me/e/9h9h)
Wed, 22 Jan 2020 09:16:36 - INFO - 123TV DB import
Wed, 22 Jan 2020 09:21:36 - INFO - Connect to DB
Wed, 22 Jan 2020 09:21:36 - INFO - TRIZMA DB import
Wed, 22 Jan 2020 09:21:36 - INFO - 123TV DB import
Wed, 22 Jan 2020 09:30:21 - INFO - Connect to DB
Wed, 22 Jan 2020 09:30:21 - INFO - TRIZMA DB import
Wed, 22 Jan 2020 09:30:21 - INFO - Failed on TRIZMA DB import at: 2020-01-22_08-58-24, for following calling party: 491722368826, for agent id: trz_sstankovic, with error:(pyodbc.DataError) ('22001', '[22001] [Microsoft][ODBC Driver 17 for SQL Server][SQL Server]String or binary data would be truncated. (8152) (SQLExecDirectW)')
[SQL: insert into records values('CC2Servicenummer','Belgrad','Nicht übermittelt','trz_sstankovic',                                 '491722368826','','Nicht übermittelt','491722368826_Wednesday, January 22, 2020_10:30:18 AM','SAR_STANKO')]
(Background on this error at: http://sqlalche.me/e/9h9h)
Wed, 22 Jan 2020 09:30:21 - INFO - 123TV DB import
Wed, 22 Jan 2020 09:31:06 - INFO - Connect to DB
Wed, 22 Jan 2020 09:31:06 - INFO - TRIZMA DB import
Wed, 22 Jan 2020 09:31:06 - INFO - 123TV DB import
Wed, 22 Jan 2020 09:32:03 - INFO - Connect to DB
Wed, 22 Jan 2020 09:32:04 - INFO - TRIZMA DB import
Wed, 22 Jan 2020 09:32:04 - INFO - 123TV DB import
Wed, 22 Jan 2020 09:32:29 - INFO - Connect to DB
Wed, 22 Jan 2020 09:32:29 - INFO - TRIZMA DB import
Wed, 22 Jan 2020 09:32:29 - INFO - 123TV DB import
