Fri, 17 Jan 2020 11:46:27 - INFO - Connect to DB
Fri, 17 Jan 2020 11:46:27 - INFO - TRIZMA DB import
Fri, 17 Jan 2020 11:46:27 - INFO - 123TV DB import
Fri, 17 Jan 2020 11:49:59 - INFO - Connect to DB
Fri, 17 Jan 2020 11:49:59 - INFO - TRIZMA DB import
Fri, 17 Jan 2020 11:49:59 - INFO - Failed on TRIZMA DB import at: 2020-01-17_11-45-01, for following calling party: 497318001292, for agent id: trz_madamovic, with error:(pyodbc.DataError) ('22001', '[22001] [Microsoft][ODBC Driver 17 for SQL Server][SQL Server]String or binary data would be truncated. (8152) (SQLExecDirectW)')
[SQL: insert into records values('CC2Servicenummer','Belgrad','Nicht übermittelt','trz_madamovic',                                 '497318001292','','Nicht übermittelt','497318001292_Thursday, January 16, 2020_10:35:39 AM','MIL_ADAMOV')]
(Background on this error at: http://sqlalche.me/e/9h9h)
Fri, 17 Jan 2020 11:49:59 - INFO - 123TV DB import
Fri, 17 Jan 2020 11:50:11 - INFO - Connect to DB
Fri, 17 Jan 2020 11:50:11 - INFO - TRIZMA DB import
Fri, 17 Jan 2020 11:50:11 - INFO - 123TV DB import
Fri, 17 Jan 2020 11:50:32 - INFO - Connect to DB
Fri, 17 Jan 2020 11:50:32 - INFO - TRIZMA DB import
Fri, 17 Jan 2020 11:50:32 - INFO - Failed on TRIZMA DB import at: 2020-01-17_11-45-01, for following calling party: 493641425654, for agent id: trz_madamovic, with error:(pyodbc.DataError) ('22001', '[22001] [Microsoft][ODBC Driver 17 for SQL Server][SQL Server]String or binary data would be truncated. (8152) (SQLExecDirectW)')
[SQL: insert into records values('CC2Servicenummer','Belgrad','Nicht übermittelt','trz_madamovic',                                 '493641425654','','Nicht übermittelt','493641425654_Thursday, January 16, 2020_12:26:44 PM','MIL_ADAMOV')]
(Background on this error at: http://sqlalche.me/e/9h9h)
Fri, 17 Jan 2020 11:50:32 - INFO - 123TV DB import
Fri, 17 Jan 2020 11:51:09 - INFO - Connect to DB
Fri, 17 Jan 2020 11:51:09 - INFO - TRIZMA DB import
Fri, 17 Jan 2020 11:51:09 - INFO - Failed on TRIZMA DB import at: 2020-01-17_11-45-01, for following calling party: 4917620239188, for agent id: trz_madamovic, with error:(pyodbc.DataError) ('22001', '[22001] [Microsoft][ODBC Driver 17 for SQL Server][SQL Server]String or binary data would be truncated. (8152) (SQLExecDirectW)')
[SQL: insert into records values('CC2Servicenummer','Belgrad','Nicht übermittelt','trz_madamovic',                                 '4917620239188','','Nicht übermittelt','4917620239188_Thursday, January 16, 2020_1:43:06 PM','MIL_ADAMOV')]
(Background on this error at: http://sqlalche.me/e/9h9h)
Fri, 17 Jan 2020 11:51:09 - INFO - 123TV DB import
Fri, 17 Jan 2020 11:51:14 - INFO - Connect to DB
Fri, 17 Jan 2020 11:51:14 - INFO - TRIZMA DB import
Fri, 17 Jan 2020 11:51:14 - INFO - 123TV DB import
