Fri, 17 Jan 2020 10:54:08 - INFO - Connect to DB
Fri, 17 Jan 2020 10:54:08 - INFO - TRIZMA DB import
Fri, 17 Jan 2020 10:54:08 - INFO - 123TV DB import
Fri, 17 Jan 2020 11:05:36 - INFO - Connect to DB
Fri, 17 Jan 2020 11:05:36 - INFO - TRIZMA DB import
Fri, 17 Jan 2020 11:05:36 - INFO - 123TV DB import
Fri, 17 Jan 2020 11:06:52 - INFO - Connect to DB
Fri, 17 Jan 2020 11:06:52 - INFO - TRIZMA DB import
Fri, 17 Jan 2020 11:06:52 - INFO - Failed on TRIZMA DB import at: 2020-01-17_10-50-53, for following calling party: 49306042184, for agent id: trz_asilni, with error:(pyodbc.DataError) ('22001', '[22001] [Microsoft][ODBC Driver 17 for SQL Server][SQL Server]String or binary data would be truncated. (8152) (SQLExecDirectW)')
[SQL: insert into records values('CC2Servicenummer','Belgrad','Nicht übermittelt','trz_asilni',                                 '49306042184','','Nicht übermittelt','49306042184_Wednesday, January 15, 2020_12:58:18 PM','ANA_SILNI')]
(Background on this error at: http://sqlalche.me/e/9h9h)
Fri, 17 Jan 2020 11:06:52 - INFO - 123TV DB import
Fri, 17 Jan 2020 11:12:34 - INFO - Connect to DB
Fri, 17 Jan 2020 11:12:34 - INFO - TRIZMA DB import
Fri, 17 Jan 2020 11:12:34 - INFO - 123TV DB import
Fri, 17 Jan 2020 11:13:26 - INFO - Connect to DB
Fri, 17 Jan 2020 11:13:26 - INFO - TRIZMA DB import
Fri, 17 Jan 2020 11:13:26 - INFO - Failed on TRIZMA DB import at: 2020-01-17_10-50-53, for following calling party: 499254953364, for agent id: trz_asilni, with error:(pyodbc.DataError) ('22001', '[22001] [Microsoft][ODBC Driver 17 for SQL Server][SQL Server]String or binary data would be truncated. (8152) (SQLExecDirectW)')
[SQL: insert into records values('CC2Servicenummer','Belgrad','Nicht übermittelt','trz_asilni',                                 '499254953364','','Nicht übermittelt','499254953364_Wednesday, January 15, 2020_2:26:38 PM','ANA_SILNI')]
(Background on this error at: http://sqlalche.me/e/9h9h)
Fri, 17 Jan 2020 11:13:26 - INFO - 123TV DB import
Fri, 17 Jan 2020 11:13:33 - INFO - Connect to DB
Fri, 17 Jan 2020 11:13:33 - INFO - TRIZMA DB import
Fri, 17 Jan 2020 11:13:33 - INFO - 123TV DB import
Fri, 17 Jan 2020 11:14:10 - INFO - Connect to DB
Fri, 17 Jan 2020 11:14:10 - INFO - TRIZMA DB import
Fri, 17 Jan 2020 11:14:10 - INFO - 123TV DB import
Fri, 17 Jan 2020 11:15:31 - INFO - Connect to DB
Fri, 17 Jan 2020 11:15:31 - INFO - TRIZMA DB import
Fri, 17 Jan 2020 11:15:31 - INFO - Failed on TRIZMA DB import at: 2020-01-17_10-50-53, for following calling party: 491773140258, for agent id: trz_asilni, with error:(pyodbc.DataError) ('22001', '[22001] [Microsoft][ODBC Driver 17 for SQL Server][SQL Server]String or binary data would be truncated. (8152) (SQLExecDirectW)')
[SQL: insert into records values('CC2Servicenummer','Belgrad','Nicht übermittelt','trz_asilni',                                 '491773140258','','Nicht übermittelt','491773140258_Wednesday, January 15, 2020_4:22:20 PM','ANA_SILNI')]
(Background on this error at: http://sqlalche.me/e/9h9h)
Fri, 17 Jan 2020 11:15:31 - INFO - 123TV DB import
Fri, 17 Jan 2020 11:15:49 - INFO - Connect to DB
Fri, 17 Jan 2020 11:15:49 - INFO - TRIZMA DB import
Fri, 17 Jan 2020 11:15:49 - INFO - 123TV DB import
Fri, 17 Jan 2020 11:16:13 - INFO - Connect to DB
Fri, 17 Jan 2020 11:16:13 - INFO - TRIZMA DB import
Fri, 17 Jan 2020 11:16:13 - INFO - 123TV DB import
Fri, 17 Jan 2020 11:16:40 - INFO - Connect to DB
Fri, 17 Jan 2020 11:16:40 - INFO - TRIZMA DB import
Fri, 17 Jan 2020 11:16:40 - INFO - 123TV DB import
Fri, 17 Jan 2020 11:17:37 - INFO - Connect to DB
Fri, 17 Jan 2020 11:17:37 - INFO - TRIZMA DB import
Fri, 17 Jan 2020 11:17:37 - INFO - Failed on TRIZMA DB import at: 2020-01-17_10-50-53, for following calling party: 493301573773, for agent id: trz_asilni, with error:(pyodbc.DataError) ('22001', '[22001] [Microsoft][ODBC Driver 17 for SQL Server][SQL Server]String or binary data would be truncated. (8152) (SQLExecDirectW)')
[SQL: insert into records values('CC2Servicenummer','Belgrad','Nicht übermittelt','trz_asilni',                                 '493301573773','','Nicht übermittelt','493301573773_Wednesday, January 15, 2020_7:49:25 PM','ANA_SILNI')]
(Background on this error at: http://sqlalche.me/e/9h9h)
Fri, 17 Jan 2020 11:17:37 - INFO - 123TV DB import
