Fri, 03 Jan 2020 07:14:19 - INFO - Connect to DB
Fri, 03 Jan 2020 07:14:19 - INFO - TRIZMA DB import
Fri, 03 Jan 2020 07:14:19 - INFO - 123TV DB import
Fri, 03 Jan 2020 07:14:24 - INFO - Connect to DB
Fri, 03 Jan 2020 07:14:24 - INFO - TRIZMA DB import
Fri, 03 Jan 2020 07:14:24 - INFO - Failed on TRIZMA DB import at: 2020-01-03_07-09-30, for following calling party: 4971167271600, for agent id: trz_sstankovic, with error:(pyodbc.DataError) ('22001', '[22001] [Microsoft][ODBC Driver 17 for SQL Server][SQL Server]String or binary data would be truncated. (8152) (SQLExecDirectW)')
[SQL: insert into records values('CC2Servicenummer','Belgrad','Nicht übermittelt','trz_sstankovic',                                  '4971167271600','','Nicht übermittelt','4971167271600_Tuesday, December 31, 2019_8:01:58 AM')]
(Background on this error at: http://sqlalche.me/e/9h9h)
Fri, 03 Jan 2020 07:14:24 - INFO - 123TV DB import
Fri, 03 Jan 2020 07:15:11 - INFO - Connect to DB
Fri, 03 Jan 2020 07:15:11 - INFO - TRIZMA DB import
Fri, 03 Jan 2020 07:15:11 - INFO - Failed on TRIZMA DB import at: 2020-01-03_07-09-30, for following calling party: 4951413012202, for agent id: trz_sstankovic, with error:(pyodbc.DataError) ('22001', '[22001] [Microsoft][ODBC Driver 17 for SQL Server][SQL Server]String or binary data would be truncated. (8152) (SQLExecDirectW)')
[SQL: insert into records values('CC2Servicenummer','Belgrad','Nicht übermittelt','trz_sstankovic',                                  '4951413012202','','Nicht übermittelt','4951413012202_Tuesday, December 31, 2019_9:40:28 AM')]
(Background on this error at: http://sqlalche.me/e/9h9h)
Fri, 03 Jan 2020 07:15:11 - INFO - 123TV DB import
Fri, 03 Jan 2020 07:18:15 - INFO - Connect to DB
Fri, 03 Jan 2020 07:18:15 - INFO - TRIZMA DB import
Fri, 03 Jan 2020 07:18:15 - INFO - 123TV DB import
Fri, 03 Jan 2020 07:18:58 - INFO - Connect to DB
Fri, 03 Jan 2020 07:18:59 - INFO - TRIZMA DB import
Fri, 03 Jan 2020 07:18:59 - INFO - Failed on TRIZMA DB import at: 2020-01-03_07-09-30, for following calling party: 493682487503, for agent id: trz_bmaksimovic, with error:(pyodbc.DataError) ('22001', '[22001] [Microsoft][ODBC Driver 17 for SQL Server][SQL Server]String or binary data would be truncated. (8152) (SQLExecDirectW)')
[SQL: insert into records values('CC2Servicenummer','Belgrad','Nicht übermittelt','trz_bmaksimovic',                                  '493682487503','','Nicht übermittelt','493682487503_Saturday, December 28, 2019_2:59:54 PM')]
(Background on this error at: http://sqlalche.me/e/9h9h)
Fri, 03 Jan 2020 07:18:59 - INFO - 123TV DB import
Fri, 03 Jan 2020 07:19:17 - INFO - Connect to DB
Fri, 03 Jan 2020 07:19:17 - ERROR - Exception on /records [GET]
Traceback (most recent call last):
  File "/home/python_project/hello.py", line 80, in get
    int(agent),
ValueError: invalid literal for int() with base 10: ''

During handling of the above exception, another exception occurred:

Traceback (most recent call last):
  File "/usr/local/lib/python3.6/dist-packages/flask/app.py", line 1949, in full_dispatch_request
    rv = self.dispatch_request()
  File "/usr/local/lib/python3.6/dist-packages/flask/app.py", line 1935, in dispatch_request
    return self.view_functions[rule.endpoint](**req.view_args)
  File "/usr/local/lib/python3.6/dist-packages/flask_restful/__init__.py", line 458, in wrapper
    resp = resource(*args, **kwargs)
  File "/usr/local/lib/python3.6/dist-packages/flask/views.py", line 89, in view
    return self.dispatch_request(*args, **kwargs)
  File "/usr/local/lib/python3.6/dist-packages/flask_restful/__init__.py", line 573, in dispatch_request
    resp = meth(*args, **kwargs)
  File "/home/python_project/hello.py", line 90, in get
    + str(e))
UnboundLocalError: local variable 'agentUsername' referenced before assignment
Fri, 03 Jan 2020 07:19:42 - INFO - Connect to DB
Fri, 03 Jan 2020 07:19:42 - INFO - TRIZMA DB import
Fri, 03 Jan 2020 07:19:42 - INFO - 123TV DB import
Fri, 03 Jan 2020 07:19:55 - INFO - Connect to DB
Fri, 03 Jan 2020 07:19:55 - INFO - TRIZMA DB import
Fri, 03 Jan 2020 07:19:55 - INFO - Failed on TRIZMA DB import at: 2020-01-03_07-09-30, for following calling party: 493829414193, for agent id: trz_bmaksimovic, with error:(pyodbc.DataError) ('22001', '[22001] [Microsoft][ODBC Driver 17 for SQL Server][SQL Server]String or binary data would be truncated. (8152) (SQLExecDirectW)')
[SQL: insert into records values('CC2Servicenummer','Belgrad','Nicht übermittelt','trz_bmaksimovic',                                  '493829414193','','Nicht übermittelt','493829414193_Saturday, December 28, 2019_4:34:52 PM')]
(Background on this error at: http://sqlalche.me/e/9h9h)
Fri, 03 Jan 2020 07:19:55 - INFO - 123TV DB import
Fri, 03 Jan 2020 07:20:22 - INFO - Connect to DB
Fri, 03 Jan 2020 07:20:22 - INFO - TRIZMA DB import
Fri, 03 Jan 2020 07:20:22 - INFO - 123TV DB import
Fri, 03 Jan 2020 07:20:39 - INFO - Connect to DB
Fri, 03 Jan 2020 07:20:39 - INFO - TRIZMA DB import
Fri, 03 Jan 2020 07:20:39 - INFO - Failed on TRIZMA DB import at: 2020-01-03_07-09-30, for following calling party: 491773385254, for agent id: trz_sstankovic, with error:(pyodbc.DataError) ('22001', '[22001] [Microsoft][ODBC Driver 17 for SQL Server][SQL Server]String or binary data would be truncated. (8152) (SQLExecDirectW)')
[SQL: insert into records values('CC2Servicenummer','Belgrad','Nicht übermittelt','trz_sstankovic',                                  '491773385254','','Nicht übermittelt','491773385254_Tuesday, December 31, 2019_10:51:30 AM')]
(Background on this error at: http://sqlalche.me/e/9h9h)
Fri, 03 Jan 2020 07:20:39 - INFO - 123TV DB import
Fri, 03 Jan 2020 07:20:45 - INFO - Connect to DB
Fri, 03 Jan 2020 07:20:45 - INFO - TRIZMA DB import
Fri, 03 Jan 2020 07:20:45 - INFO - 123TV DB import
Fri, 03 Jan 2020 07:21:12 - INFO - Connect to DB
Fri, 03 Jan 2020 07:21:12 - INFO - TRIZMA DB import
Fri, 03 Jan 2020 07:21:12 - INFO - Failed on TRIZMA DB import at: 2020-01-03_07-09-30, for following calling party: 492346406500, for agent id: trz_bmaksimovic, with error:(pyodbc.DataError) ('22001', '[22001] [Microsoft][ODBC Driver 17 for SQL Server][SQL Server]String or binary data would be truncated. (8152) (SQLExecDirectW)')
[SQL: insert into records values('CC2Servicenummer','Belgrad','Nicht übermittelt','trz_bmaksimovic',                                  '492346406500','','Nicht übermittelt','492346406500_Saturday, December 28, 2019_5:37:41 PM')]
(Background on this error at: http://sqlalche.me/e/9h9h)
Fri, 03 Jan 2020 07:21:12 - INFO - 123TV DB import
Fri, 03 Jan 2020 07:21:22 - INFO - Connect to DB
Fri, 03 Jan 2020 07:21:22 - INFO - TRIZMA DB import
Fri, 03 Jan 2020 07:21:22 - INFO - Failed on TRIZMA DB import at: 2020-01-03_07-09-30, for following calling party: 497454949699, for agent id: trz_bmaksimovic, with error:(pyodbc.DataError) ('22001', '[22001] [Microsoft][ODBC Driver 17 for SQL Server][SQL Server]String or binary data would be truncated. (8152) (SQLExecDirectW)')
[SQL: insert into records values('CC2Servicenummer','Belgrad','Nicht übermittelt','trz_bmaksimovic',                                  '497454949699','','Nicht übermittelt','497454949699_Saturday, December 28, 2019_5:39:20 PM')]
(Background on this error at: http://sqlalche.me/e/9h9h)
Fri, 03 Jan 2020 07:21:22 - INFO - 123TV DB import
Fri, 03 Jan 2020 07:21:28 - INFO - Connect to DB
Fri, 03 Jan 2020 07:21:28 - INFO - TRIZMA DB import
Fri, 03 Jan 2020 07:21:28 - INFO - 123TV DB import
Fri, 03 Jan 2020 07:21:47 - INFO - Connect to DB
Fri, 03 Jan 2020 07:21:47 - INFO - TRIZMA DB import
Fri, 03 Jan 2020 07:21:47 - INFO - 123TV DB import
Fri, 03 Jan 2020 07:22:37 - INFO - Connect to DB
Fri, 03 Jan 2020 07:22:37 - INFO - TRIZMA DB import
Fri, 03 Jan 2020 07:22:37 - INFO - Failed on TRIZMA DB import at: 2020-01-03_07-09-30, for following calling party: 493670161228, for agent id: trz_sstankovic, with error:(pyodbc.DataError) ('22001', '[22001] [Microsoft][ODBC Driver 17 for SQL Server][SQL Server]String or binary data would be truncated. (8152) (SQLExecDirectW)')
[SQL: insert into records values('CC2Servicenummer','Belgrad','Nicht übermittelt','trz_sstankovic',                                  '493670161228','','Nicht übermittelt','493670161228_Tuesday, December 31, 2019_11:43:51 AM')]
(Background on this error at: http://sqlalche.me/e/9h9h)
Fri, 03 Jan 2020 07:22:37 - INFO - 123TV DB import
Fri, 03 Jan 2020 07:22:48 - INFO - Connect to DB
Fri, 03 Jan 2020 07:22:48 - INFO - TRIZMA DB import
Fri, 03 Jan 2020 07:22:48 - INFO - 123TV DB import
Fri, 03 Jan 2020 07:22:54 - INFO - Connect to DB
Fri, 03 Jan 2020 07:22:54 - INFO - TRIZMA DB import
Fri, 03 Jan 2020 07:22:54 - INFO - 123TV DB import
Fri, 03 Jan 2020 07:23:15 - INFO - Connect to DB
Fri, 03 Jan 2020 07:23:15 - INFO - TRIZMA DB import
Fri, 03 Jan 2020 07:23:15 - INFO - Failed on TRIZMA DB import at: 2020-01-03_07-09-30, for following calling party: 4915906293853, for agent id: trz_sstankovic, with error:(pyodbc.DataError) ('22001', '[22001] [Microsoft][ODBC Driver 17 for SQL Server][SQL Server]String or binary data would be truncated. (8152) (SQLExecDirectW)')
[SQL: insert into records values('CC2Servicenummer','Belgrad','Nicht übermittelt','trz_sstankovic',                                  '4915906293853','','Nicht übermittelt','4915906293853_Tuesday, December 31, 2019_1:44:07 PM')]
(Background on this error at: http://sqlalche.me/e/9h9h)
Fri, 03 Jan 2020 07:23:15 - INFO - 123TV DB import
Fri, 03 Jan 2020 07:23:25 - INFO - Connect to DB
Fri, 03 Jan 2020 07:23:25 - INFO - TRIZMA DB import
Fri, 03 Jan 2020 07:23:25 - INFO - 123TV DB import
Fri, 03 Jan 2020 07:23:32 - INFO - Connect to DB
Fri, 03 Jan 2020 07:23:32 - INFO - TRIZMA DB import
Fri, 03 Jan 2020 07:23:32 - INFO - 123TV DB import
Fri, 03 Jan 2020 07:24:15 - INFO - Connect to DB
Fri, 03 Jan 2020 07:24:15 - INFO - TRIZMA DB import
Fri, 03 Jan 2020 07:24:16 - INFO - 123TV DB import
Fri, 03 Jan 2020 07:25:09 - INFO - Connect to DB
Fri, 03 Jan 2020 07:25:09 - INFO - TRIZMA DB import
Fri, 03 Jan 2020 07:25:10 - INFO - 123TV DB import
