Mon, 06 Jan 2020 07:05:20 - INFO - Connect to DB
Mon, 06 Jan 2020 07:05:20 - INFO - TRIZMA DB import
Mon, 06 Jan 2020 07:05:20 - INFO - Failed on TRIZMA DB import at: 2020-01-06_07-02-25, for following calling party: 4935796885342, for agent id: trz_sstankovic, with error:(pyodbc.DataError) ('22001', '[22001] [Microsoft][ODBC Driver 17 for SQL Server][SQL Server]String or binary data would be truncated. (8152) (SQLExecDirectW)')
[SQL: insert into records values('CC2Servicenummer','Belgrad','Nicht übermittelt','trz_sstankovic',                                  '4935796885342','','Nicht übermittelt','4935796885342_Tuesday, December 31, 2019_8:57:08 AM')]
(Background on this error at: http://sqlalche.me/e/9h9h)
Mon, 06 Jan 2020 07:05:20 - INFO - 123TV DB import
Mon, 06 Jan 2020 07:13:32 - INFO - Connect to DB
Mon, 06 Jan 2020 07:13:33 - INFO - TRIZMA DB import
Mon, 06 Jan 2020 07:13:33 - INFO - Failed on TRIZMA DB import at: 2020-01-06_07-02-25, for following calling party: 493682464337, for agent id: trz_sstankovic, with error:(pyodbc.DataError) ('22001', '[22001] [Microsoft][ODBC Driver 17 for SQL Server][SQL Server]String or binary data would be truncated. (8152) (SQLExecDirectW)')
[SQL: insert into records values('CC2Servicenummer','Belgrad','Nicht übermittelt','trz_sstankovic',                                  '493682464337','','Nicht übermittelt','493682464337_Tuesday, December 31, 2019_10:00:49 AM')]
(Background on this error at: http://sqlalche.me/e/9h9h)
Mon, 06 Jan 2020 07:13:33 - INFO - 123TV DB import
Mon, 06 Jan 2020 07:20:07 - INFO - Connect to DB
Mon, 06 Jan 2020 07:20:07 - ERROR - Exception on /records [GET]
Traceback (most recent call last):
  File "/home/python_project/hello.py", line 80, in get
    int(agent),
ValueError: invalid literal for int() with base 10: ''

During handling of the above exception, another exception occurred:

Traceback (most recent call last):
  File "/usr/local/lib/python3.6/dist-packages/flask/app.py", line 1949, in full_dispatch_request
    rv = self.dispatch_request()
  File "/usr/local/lib/python3.6/dist-packages/flask/app.py", line 1935, in dispatch_request
    return self.view_functions[rule.endpoint](**req.view_args)
  File "/usr/local/lib/python3.6/dist-packages/flask_restful/__init__.py", line 458, in wrapper
    resp = resource(*args, **kwargs)
  File "/usr/local/lib/python3.6/dist-packages/flask/views.py", line 89, in view
    return self.dispatch_request(*args, **kwargs)
  File "/usr/local/lib/python3.6/dist-packages/flask_restful/__init__.py", line 573, in dispatch_request
    resp = meth(*args, **kwargs)
  File "/home/python_project/hello.py", line 90, in get
    + str(e))
UnboundLocalError: local variable 'agentUsername' referenced before assignment
Mon, 06 Jan 2020 07:20:17 - INFO - Connect to DB
Mon, 06 Jan 2020 07:20:17 - INFO - TRIZMA DB import
Mon, 06 Jan 2020 07:20:17 - INFO - 123TV DB import
Mon, 06 Jan 2020 07:20:23 - INFO - Connect to DB
Mon, 06 Jan 2020 07:20:23 - INFO - TRIZMA DB import
Mon, 06 Jan 2020 07:20:23 - INFO - 123TV DB import
Mon, 06 Jan 2020 07:20:28 - INFO - Connect to DB
Mon, 06 Jan 2020 07:20:28 - INFO - TRIZMA DB import
Mon, 06 Jan 2020 07:20:28 - INFO - 123TV DB import
Mon, 06 Jan 2020 07:21:39 - INFO - Connect to DB
Mon, 06 Jan 2020 07:21:39 - INFO - TRIZMA DB import
Mon, 06 Jan 2020 07:21:39 - INFO - 123TV DB import
Mon, 06 Jan 2020 07:22:20 - INFO - Connect to DB
Mon, 06 Jan 2020 07:22:20 - INFO - TRIZMA DB import
Mon, 06 Jan 2020 07:22:21 - INFO - 123TV DB import
Mon, 06 Jan 2020 07:22:59 - INFO - Connect to DB
Mon, 06 Jan 2020 07:22:59 - INFO - TRIZMA DB import
Mon, 06 Jan 2020 07:22:59 - INFO - 123TV DB import
Mon, 06 Jan 2020 07:23:04 - INFO - Connect to DB
Mon, 06 Jan 2020 07:23:04 - INFO - TRIZMA DB import
Mon, 06 Jan 2020 07:23:04 - INFO - 123TV DB import
Mon, 06 Jan 2020 07:23:10 - INFO - Connect to DB
Mon, 06 Jan 2020 07:23:10 - INFO - TRIZMA DB import
Mon, 06 Jan 2020 07:23:10 - INFO - 123TV DB import
Mon, 06 Jan 2020 07:23:35 - INFO - Connect to DB
Mon, 06 Jan 2020 07:23:35 - INFO - TRIZMA DB import
Mon, 06 Jan 2020 07:23:35 - INFO - 123TV DB import
Mon, 06 Jan 2020 07:28:59 - INFO - Connect to DB
Mon, 06 Jan 2020 07:28:59 - INFO - TRIZMA DB import
Mon, 06 Jan 2020 07:28:59 - INFO - 123TV DB import
Mon, 06 Jan 2020 07:30:17 - INFO - Connect to DB
Mon, 06 Jan 2020 07:30:17 - INFO - TRIZMA DB import
Mon, 06 Jan 2020 07:30:17 - INFO - Failed on TRIZMA DB import at: 2020-01-06_07-02-25, for following calling party: 493670161228, for agent id: trz_sstankovic, with error:(pyodbc.DataError) ('22001', '[22001] [Microsoft][ODBC Driver 17 for SQL Server][SQL Server]String or binary data would be truncated. (8152) (SQLExecDirectW)')
[SQL: insert into records values('CC2Servicenummer','Belgrad','Nicht übermittelt','trz_sstankovic',                                  '493670161228','','Nicht übermittelt','493670161228_Tuesday, December 31, 2019_11:43:51 AM')]
(Background on this error at: http://sqlalche.me/e/9h9h)
Mon, 06 Jan 2020 07:30:17 - INFO - 123TV DB import
Mon, 06 Jan 2020 07:32:13 - INFO - Connect to DB
Mon, 06 Jan 2020 07:32:13 - INFO - TRIZMA DB import
Mon, 06 Jan 2020 07:32:13 - INFO - 123TV DB import
Mon, 06 Jan 2020 07:32:34 - INFO - Connect to DB
Mon, 06 Jan 2020 07:32:34 - INFO - TRIZMA DB import
Mon, 06 Jan 2020 07:32:34 - INFO - 123TV DB import
Mon, 06 Jan 2020 07:35:35 - INFO - Connect to DB
Mon, 06 Jan 2020 07:35:35 - INFO - TRIZMA DB import
Mon, 06 Jan 2020 07:35:35 - INFO - 123TV DB import
