Fri, 03 Jan 2020 07:17:58 - INFO - Connect to DB
Fri, 03 Jan 2020 07:17:58 - INFO - TRIZMA DB import
Fri, 03 Jan 2020 07:17:58 - INFO - Failed on TRIZMA DB import at: 2020-01-03_07-15-42, for following calling party: 4980519656045, for agent id: trz_bmaksimovic, with error:(pyodbc.DataError) ('22001', '[22001] [Microsoft][ODBC Driver 17 for SQL Server][SQL Server]String or binary data would be truncated. (8152) (SQLExecDirectW)')
[SQL: insert into records values('CC2Servicenummer','Belgrad','Nicht übermittelt','trz_bmaksimovic',                                  '4980519656045','','Nicht übermittelt','4980519656045_Saturday, December 28, 2019_2:12:50 PM')]
(Background on this error at: http://sqlalche.me/e/9h9h)
Fri, 03 Jan 2020 07:17:58 - INFO - 123TV DB import
Fri, 03 Jan 2020 07:19:14 - INFO - Connect to DB
Fri, 03 Jan 2020 07:19:14 - INFO - TRIZMA DB import
Fri, 03 Jan 2020 07:19:14 - INFO - Failed on TRIZMA DB import at: 2020-01-03_07-15-42, for following calling party: 493643504028, for agent id: trz_bmaksimovic, with error:(pyodbc.DataError) ('22001', '[22001] [Microsoft][ODBC Driver 17 for SQL Server][SQL Server]String or binary data would be truncated. (8152) (SQLExecDirectW)')
[SQL: insert into records values('CC2Servicenummer','Belgrad','Nicht übermittelt','trz_bmaksimovic',                                  '493643504028','','Nicht übermittelt','493643504028_Saturday, December 28, 2019_4:12:12 PM')]
(Background on this error at: http://sqlalche.me/e/9h9h)
Fri, 03 Jan 2020 07:19:14 - INFO - 123TV DB import
Fri, 03 Jan 2020 07:19:39 - INFO - Connect to DB
Fri, 03 Jan 2020 07:19:39 - INFO - TRIZMA DB import
Fri, 03 Jan 2020 07:19:39 - INFO - 123TV DB import
Fri, 03 Jan 2020 07:20:28 - INFO - Connect to DB
Fri, 03 Jan 2020 07:20:28 - INFO - TRIZMA DB import
Fri, 03 Jan 2020 07:20:28 - INFO - 123TV DB import
Fri, 03 Jan 2020 07:21:34 - INFO - Connect to DB
Fri, 03 Jan 2020 07:21:34 - INFO - TRIZMA DB import
Fri, 03 Jan 2020 07:21:34 - INFO - Failed on TRIZMA DB import at: 2020-01-03_07-15-42, for following calling party: 4933754949864, for agent id: trz_bmaksimovic, with error:(pyodbc.DataError) ('22001', '[22001] [Microsoft][ODBC Driver 17 for SQL Server][SQL Server]String or binary data would be truncated. (8152) (SQLExecDirectW)')
[SQL: insert into records values('CC2Servicenummer','Belgrad','Nicht übermittelt','trz_bmaksimovic',                                  '4933754949864','','Nicht übermittelt','4933754949864_Saturday, December 28, 2019_7:48:10 PM')]
(Background on this error at: http://sqlalche.me/e/9h9h)
Fri, 03 Jan 2020 07:21:34 - INFO - 123TV DB import
Fri, 03 Jan 2020 07:21:49 - INFO - Connect to DB
Fri, 03 Jan 2020 07:21:49 - INFO - TRIZMA DB import
Fri, 03 Jan 2020 07:21:49 - INFO - 123TV DB import
Fri, 03 Jan 2020 07:21:59 - INFO - Connect to DB
Fri, 03 Jan 2020 07:21:59 - INFO - TRIZMA DB import
Fri, 03 Jan 2020 07:21:59 - INFO - 123TV DB import
Fri, 03 Jan 2020 07:22:20 - INFO - Connect to DB
Fri, 03 Jan 2020 07:22:20 - INFO - TRIZMA DB import
Fri, 03 Jan 2020 07:22:20 - INFO - 123TV DB import
Fri, 03 Jan 2020 07:22:31 - INFO - Connect to DB
Fri, 03 Jan 2020 07:22:31 - INFO - TRIZMA DB import
Fri, 03 Jan 2020 07:22:31 - INFO - Failed on TRIZMA DB import at: 2020-01-03_07-15-42, for following calling party: 4934522602628, for agent id: trz_sstankovic, with error:(pyodbc.DataError) ('22001', '[22001] [Microsoft][ODBC Driver 17 for SQL Server][SQL Server]String or binary data would be truncated. (8152) (SQLExecDirectW)')
[SQL: insert into records values('CC2Servicenummer','Belgrad','Nicht übermittelt','trz_sstankovic',                                  '4934522602628','','Nicht übermittelt','4934522602628_Tuesday, December 31, 2019_11:24:24 AM')]
(Background on this error at: http://sqlalche.me/e/9h9h)
Fri, 03 Jan 2020 07:22:31 - INFO - 123TV DB import
Fri, 03 Jan 2020 07:22:38 - INFO - Connect to DB
Fri, 03 Jan 2020 07:22:38 - INFO - TRIZMA DB import
Fri, 03 Jan 2020 07:22:38 - INFO - 123TV DB import
Fri, 03 Jan 2020 07:22:57 - INFO - Connect to DB
Fri, 03 Jan 2020 07:22:57 - INFO - TRIZMA DB import
Fri, 03 Jan 2020 07:22:57 - INFO - 123TV DB import
Fri, 03 Jan 2020 07:23:46 - INFO - Connect to DB
Fri, 03 Jan 2020 07:23:46 - INFO - TRIZMA DB import
Fri, 03 Jan 2020 07:23:46 - INFO - 123TV DB import
Fri, 03 Jan 2020 07:23:52 - INFO - Connect to DB
Fri, 03 Jan 2020 07:23:52 - INFO - TRIZMA DB import
Fri, 03 Jan 2020 07:23:52 - INFO - 123TV DB import
Fri, 03 Jan 2020 07:24:52 - INFO - Connect to DB
Fri, 03 Jan 2020 07:24:52 - INFO - TRIZMA DB import
Fri, 03 Jan 2020 07:24:52 - INFO - 123TV DB import
Fri, 03 Jan 2020 07:25:21 - INFO - Connect to DB
Fri, 03 Jan 2020 07:25:21 - INFO - TRIZMA DB import
Fri, 03 Jan 2020 07:25:21 - INFO - 123TV DB import
Fri, 03 Jan 2020 07:26:47 - INFO - Connect to DB
Fri, 03 Jan 2020 07:26:47 - INFO - TRIZMA DB import
Fri, 03 Jan 2020 07:26:47 - INFO - 123TV DB import
Fri, 03 Jan 2020 07:28:13 - INFO - Connect to DB
Fri, 03 Jan 2020 07:28:13 - INFO - TRIZMA DB import
Fri, 03 Jan 2020 07:28:13 - INFO - 123TV DB import
Fri, 03 Jan 2020 07:28:28 - INFO - Connect to DB
Fri, 03 Jan 2020 07:28:28 - INFO - TRIZMA DB import
Fri, 03 Jan 2020 07:28:28 - INFO - 123TV DB import
Fri, 03 Jan 2020 07:29:05 - INFO - Connect to DB
Fri, 03 Jan 2020 07:29:05 - INFO - TRIZMA DB import
Fri, 03 Jan 2020 07:29:05 - INFO - 123TV DB import
Fri, 03 Jan 2020 07:29:30 - INFO - Connect to DB
Fri, 03 Jan 2020 07:29:30 - INFO - TRIZMA DB import
Fri, 03 Jan 2020 07:29:30 - INFO - 123TV DB import
Fri, 03 Jan 2020 07:29:55 - INFO - Connect to DB
Fri, 03 Jan 2020 07:29:55 - INFO - TRIZMA DB import
Fri, 03 Jan 2020 07:29:55 - INFO - 123TV DB import
Fri, 03 Jan 2020 07:30:26 - INFO - Connect to DB
Fri, 03 Jan 2020 07:30:26 - INFO - TRIZMA DB import
Fri, 03 Jan 2020 07:30:26 - INFO - 123TV DB import
Fri, 03 Jan 2020 07:31:03 - INFO - Connect to DB
Fri, 03 Jan 2020 07:31:03 - INFO - TRIZMA DB import
Fri, 03 Jan 2020 07:31:03 - INFO - 123TV DB import
Fri, 03 Jan 2020 07:31:38 - INFO - Connect to DB
Fri, 03 Jan 2020 07:31:38 - INFO - TRIZMA DB import
Fri, 03 Jan 2020 07:31:38 - INFO - 123TV DB import
Fri, 03 Jan 2020 07:33:17 - INFO - Connect to DB
Fri, 03 Jan 2020 07:33:17 - INFO - TRIZMA DB import
Fri, 03 Jan 2020 07:33:17 - INFO - 123TV DB import
Fri, 03 Jan 2020 07:33:50 - INFO - Connect to DB
Fri, 03 Jan 2020 07:33:50 - INFO - TRIZMA DB import
Fri, 03 Jan 2020 07:33:50 - INFO - 123TV DB import
Fri, 03 Jan 2020 07:39:13 - INFO - Connect to DB
Fri, 03 Jan 2020 07:39:13 - INFO - TRIZMA DB import
Fri, 03 Jan 2020 07:39:14 - INFO - 123TV DB import
Fri, 03 Jan 2020 07:39:21 - INFO - Connect to DB
Fri, 03 Jan 2020 07:39:21 - INFO - TRIZMA DB import
Fri, 03 Jan 2020 07:39:21 - INFO - 123TV DB import
Fri, 03 Jan 2020 07:40:07 - INFO - Connect to DB
Fri, 03 Jan 2020 07:40:07 - INFO - TRIZMA DB import
Fri, 03 Jan 2020 07:40:07 - INFO - 123TV DB import
Fri, 03 Jan 2020 07:40:35 - INFO - Connect to DB
Fri, 03 Jan 2020 07:40:35 - INFO - TRIZMA DB import
Fri, 03 Jan 2020 07:40:36 - INFO - 123TV DB import
Fri, 03 Jan 2020 07:41:01 - INFO - Connect to DB
Fri, 03 Jan 2020 07:41:01 - INFO - TRIZMA DB import
Fri, 03 Jan 2020 07:41:01 - INFO - 123TV DB import
Fri, 03 Jan 2020 07:41:32 - INFO - Connect to DB
Fri, 03 Jan 2020 07:41:32 - INFO - TRIZMA DB import
Fri, 03 Jan 2020 07:41:32 - INFO - 123TV DB import
Fri, 03 Jan 2020 07:41:47 - INFO - Connect to DB
Fri, 03 Jan 2020 07:41:47 - INFO - TRIZMA DB import
Fri, 03 Jan 2020 07:41:47 - INFO - Failed on TRIZMA DB import at: 2020-01-03_07-15-42, for following calling party: 4980313044396, for agent id: trz_sstankovic, with error:(pyodbc.DataError) ('22001', '[22001] [Microsoft][ODBC Driver 17 for SQL Server][SQL Server]String or binary data would be truncated. (8152) (SQLExecDirectW)')
[SQL: insert into records values('CC2Servicenummer','Belgrad','Nicht übermittelt','trz_sstankovic',                                  '4980313044396','','Nicht übermittelt','4980313044396_Thursday, January 02, 2020_3:41:17 PM')]
(Background on this error at: http://sqlalche.me/e/9h9h)
Fri, 03 Jan 2020 07:41:47 - INFO - 123TV DB import
Fri, 03 Jan 2020 07:42:01 - INFO - Connect to DB
Fri, 03 Jan 2020 07:42:01 - INFO - TRIZMA DB import
Fri, 03 Jan 2020 07:42:01 - INFO - 123TV DB import
Fri, 03 Jan 2020 07:43:22 - INFO - Connect to DB
Fri, 03 Jan 2020 07:43:22 - INFO - TRIZMA DB import
Fri, 03 Jan 2020 07:43:22 - INFO - 123TV DB import
Fri, 03 Jan 2020 07:44:28 - INFO - Connect to DB
Fri, 03 Jan 2020 07:44:28 - INFO - TRIZMA DB import
Fri, 03 Jan 2020 07:44:28 - INFO - 123TV DB import
