Sat, 18 Jan 2020 11:52:00 - INFO - Connect to DB
Sat, 18 Jan 2020 11:52:00 - INFO - TRIZMA DB import
Sat, 18 Jan 2020 11:52:00 - INFO - 123TV DB import
Sat, 18 Jan 2020 11:53:04 - INFO - Connect to DB
Sat, 18 Jan 2020 11:53:04 - INFO - TRIZMA DB import
Sat, 18 Jan 2020 11:53:04 - INFO - 123TV DB import
Sat, 18 Jan 2020 11:53:25 - INFO - Connect to DB
Sat, 18 Jan 2020 11:53:25 - INFO - TRIZMA DB import
Sat, 18 Jan 2020 11:53:25 - INFO - Failed on TRIZMA DB import at: 2020-01-18_11-49-06, for following calling party: 4915901668080, for agent id: trz_madamovic, with error:(pyodbc.DataError) ('22001', '[22001] [Microsoft][ODBC Driver 17 for SQL Server][SQL Server]String or binary data would be truncated. (8152) (SQLExecDirectW)')
[SQL: insert into records values('CC2Servicenummer','Belgrad','Nicht übermittelt','trz_madamovic',                                 '4915901668080','','Nicht übermittelt','4915901668080_Thursday, January 16, 2020_1:05:34 PM','MIL_ADAMOV')]
(Background on this error at: http://sqlalche.me/e/9h9h)
Sat, 18 Jan 2020 11:53:25 - INFO - 123TV DB import
Sat, 18 Jan 2020 11:53:49 - INFO - Connect to DB
Sat, 18 Jan 2020 11:53:49 - INFO - TRIZMA DB import
Sat, 18 Jan 2020 11:53:49 - INFO - 123TV DB import
Sat, 18 Jan 2020 11:54:16 - INFO - Connect to DB
Sat, 18 Jan 2020 11:54:16 - INFO - TRIZMA DB import
Sat, 18 Jan 2020 11:54:16 - INFO - 123TV DB import
Sat, 18 Jan 2020 11:54:41 - INFO - Connect to DB
Sat, 18 Jan 2020 11:54:41 - INFO - TRIZMA DB import
Sat, 18 Jan 2020 11:54:41 - INFO - 123TV DB import
