Fri, 03 Jan 2020 11:12:30 - INFO - Connect to DB
Fri, 03 Jan 2020 11:12:30 - INFO - TRIZMA DB import
Fri, 03 Jan 2020 11:12:30 - INFO - 123TV DB import
Fri, 03 Jan 2020 11:12:55 - INFO - Connect to DB
Fri, 03 Jan 2020 11:12:55 - INFO - TRIZMA DB import
Fri, 03 Jan 2020 11:12:55 - INFO - 123TV DB import
Fri, 03 Jan 2020 11:18:18 - INFO - Connect to DB
Fri, 03 Jan 2020 11:18:18 - INFO - TRIZMA DB import
Fri, 03 Jan 2020 11:18:18 - INFO - Failed on TRIZMA DB import at: 2020-01-03_11-09-35, for following calling party: 4921514465785, for agent id: trz_madamovic, with error:(pyodbc.DataError) ('22001', '[22001] [Microsoft][ODBC Driver 17 for SQL Server][SQL Server]String or binary data would be truncated. (8152) (SQLExecDirectW)')
[SQL: insert into records values('CC2Servicenummer','Belgrad','Nicht übermittelt','trz_madamovic',                                  '4921514465785','','Nicht übermittelt','4921514465785_Thursday, December 26, 2019_11:19:36 AM')]
(Background on this error at: http://sqlalche.me/e/9h9h)
Fri, 03 Jan 2020 11:18:18 - INFO - 123TV DB import
Fri, 03 Jan 2020 11:19:03 - INFO - Connect to DB
Fri, 03 Jan 2020 11:19:03 - INFO - TRIZMA DB import
Fri, 03 Jan 2020 11:19:03 - INFO - 123TV DB import
Fri, 03 Jan 2020 11:19:35 - INFO - Connect to DB
Fri, 03 Jan 2020 11:19:35 - INFO - TRIZMA DB import
Fri, 03 Jan 2020 11:19:35 - INFO - 123TV DB import
Fri, 03 Jan 2020 11:19:52 - INFO - Connect to DB
Fri, 03 Jan 2020 11:19:52 - INFO - TRIZMA DB import
Fri, 03 Jan 2020 11:19:52 - INFO - 123TV DB import
Fri, 03 Jan 2020 11:20:30 - INFO - Connect to DB
Fri, 03 Jan 2020 11:20:30 - INFO - TRIZMA DB import
Fri, 03 Jan 2020 11:20:30 - INFO - 123TV DB import
Fri, 03 Jan 2020 11:20:47 - INFO - Connect to DB
Fri, 03 Jan 2020 11:20:47 - INFO - TRIZMA DB import
Fri, 03 Jan 2020 11:20:47 - INFO - 123TV DB import
Fri, 03 Jan 2020 11:21:43 - INFO - Connect to DB
Fri, 03 Jan 2020 11:21:43 - INFO - TRIZMA DB import
Fri, 03 Jan 2020 11:21:43 - INFO - 123TV DB import
Fri, 03 Jan 2020 11:26:54 - INFO - Connect to DB
Fri, 03 Jan 2020 11:26:54 - INFO - TRIZMA DB import
Fri, 03 Jan 2020 11:26:54 - INFO - 123TV DB import
Fri, 03 Jan 2020 11:27:00 - INFO - Connect to DB
Fri, 03 Jan 2020 11:27:00 - INFO - TRIZMA DB import
Fri, 03 Jan 2020 11:27:00 - INFO - 123TV DB import
Fri, 03 Jan 2020 11:27:47 - INFO - Connect to DB
Fri, 03 Jan 2020 11:27:47 - INFO - TRIZMA DB import
Fri, 03 Jan 2020 11:27:48 - INFO - 123TV DB import
Fri, 03 Jan 2020 11:28:37 - INFO - Connect to DB
Fri, 03 Jan 2020 11:28:37 - INFO - TRIZMA DB import
Fri, 03 Jan 2020 11:28:37 - INFO - Failed on TRIZMA DB import at: 2020-01-03_11-09-35, for following calling party: 493607180753, for agent id: trz_madamovic, with error:(pyodbc.DataError) ('22001', '[22001] [Microsoft][ODBC Driver 17 for SQL Server][SQL Server]String or binary data would be truncated. (8152) (SQLExecDirectW)')
[SQL: insert into records values('CC2Servicenummer','Belgrad','Nicht übermittelt','trz_madamovic',                                  '493607180753','','Nicht übermittelt','493607180753_Tuesday, December 31, 2019_10:47:16 AM')]
(Background on this error at: http://sqlalche.me/e/9h9h)
Fri, 03 Jan 2020 11:28:37 - INFO - 123TV DB import
Fri, 03 Jan 2020 11:29:05 - INFO - Connect to DB
Fri, 03 Jan 2020 11:29:05 - INFO - TRIZMA DB import
Fri, 03 Jan 2020 11:29:05 - INFO - Failed on TRIZMA DB import at: 2020-01-03_11-09-35, for following calling party: 4937652324086, for agent id: trz_madamovic, with error:(pyodbc.DataError) ('22001', '[22001] [Microsoft][ODBC Driver 17 for SQL Server][SQL Server]String or binary data would be truncated. (8152) (SQLExecDirectW)')
[SQL: insert into records values('CC2Servicenummer','Belgrad','Nicht übermittelt','trz_madamovic',                                  '4937652324086','','Nicht übermittelt','4937652324086_Tuesday, December 31, 2019_12:11:04 PM')]
(Background on this error at: http://sqlalche.me/e/9h9h)
Fri, 03 Jan 2020 11:29:05 - INFO - 123TV DB import
Fri, 03 Jan 2020 11:29:54 - INFO - Connect to DB
Fri, 03 Jan 2020 11:29:55 - INFO - TRIZMA DB import
Fri, 03 Jan 2020 11:29:55 - INFO - 123TV DB import
Fri, 03 Jan 2020 11:30:00 - INFO - Connect to DB
Fri, 03 Jan 2020 11:30:00 - INFO - TRIZMA DB import
Fri, 03 Jan 2020 11:30:00 - INFO - Failed on TRIZMA DB import at: 2020-01-03_11-09-35, for following calling party: 4917621553437, for agent id: trz_madamovic, with error:(pyodbc.DataError) ('22001', '[22001] [Microsoft][ODBC Driver 17 for SQL Server][SQL Server]String or binary data would be truncated. (8152) (SQLExecDirectW)')
[SQL: insert into records values('CC2Servicenummer','Belgrad','Nicht übermittelt','trz_madamovic',                                  '4917621553437','','Nicht übermittelt','4917621553437_Wednesday, January 01, 2020_1:02:04 PM')]
(Background on this error at: http://sqlalche.me/e/9h9h)
Fri, 03 Jan 2020 11:30:00 - INFO - 123TV DB import
Fri, 03 Jan 2020 11:30:06 - INFO - Connect to DB
Fri, 03 Jan 2020 11:30:06 - INFO - TRIZMA DB import
Fri, 03 Jan 2020 11:30:06 - INFO - Failed on TRIZMA DB import at: 2020-01-03_11-09-35, for following calling party: 495219495020, for agent id: trz_madamovic, with error:(pyodbc.DataError) ('22001', '[22001] [Microsoft][ODBC Driver 17 for SQL Server][SQL Server]String or binary data would be truncated. (8152) (SQLExecDirectW)')
[SQL: insert into records values('CC2Servicenummer','Belgrad','Nicht übermittelt','trz_madamovic',                                  '495219495020','','Nicht übermittelt','495219495020_Wednesday, January 01, 2020_2:43:45 PM')]
(Background on this error at: http://sqlalche.me/e/9h9h)
Fri, 03 Jan 2020 11:30:06 - INFO - 123TV DB import
Fri, 03 Jan 2020 11:30:28 - INFO - Connect to DB
Fri, 03 Jan 2020 11:30:28 - INFO - TRIZMA DB import
Fri, 03 Jan 2020 11:30:28 - INFO - Failed on TRIZMA DB import at: 2020-01-03_11-09-35, for following calling party: 493681374167, for agent id: trz_madamovic, with error:(pyodbc.DataError) ('22001', '[22001] [Microsoft][ODBC Driver 17 for SQL Server][SQL Server]String or binary data would be truncated. (8152) (SQLExecDirectW)')
[SQL: insert into records values('CC2Servicenummer','Belgrad','Nicht übermittelt','trz_madamovic',                                  '493681374167','','Nicht übermittelt','493681374167_Wednesday, January 01, 2020_6:20:16 PM')]
(Background on this error at: http://sqlalche.me/e/9h9h)
Fri, 03 Jan 2020 11:30:28 - INFO - 123TV DB import
Fri, 03 Jan 2020 11:31:14 - INFO - Connect to DB
Fri, 03 Jan 2020 11:31:14 - INFO - TRIZMA DB import
Fri, 03 Jan 2020 11:31:14 - INFO - 123TV DB import
Fri, 03 Jan 2020 11:31:41 - INFO - Connect to DB
Fri, 03 Jan 2020 11:31:41 - INFO - TRIZMA DB import
Fri, 03 Jan 2020 11:31:41 - INFO - Failed on TRIZMA DB import at: 2020-01-03_11-09-35, for following calling party: 4971368304261, for agent id: trz_madamovic, with error:(pyodbc.DataError) ('22001', '[22001] [Microsoft][ODBC Driver 17 for SQL Server][SQL Server]String or binary data would be truncated. (8152) (SQLExecDirectW)')
[SQL: insert into records values('CC2Servicenummer','Belgrad','Nicht übermittelt','trz_madamovic',                                  '4971368304261','','Nicht übermittelt','4971368304261_Thursday, January 02, 2020_7:18:28 PM')]
(Background on this error at: http://sqlalche.me/e/9h9h)
Fri, 03 Jan 2020 11:31:41 - INFO - 123TV DB import
Fri, 03 Jan 2020 11:32:09 - INFO - Connect to DB
Fri, 03 Jan 2020 11:32:09 - INFO - TRIZMA DB import
Fri, 03 Jan 2020 11:32:09 - INFO - Failed on TRIZMA DB import at: 2020-01-03_11-09-35, for following calling party: 4917641184763, for agent id: trz_madamovic, with error:(pyodbc.DataError) ('22001', '[22001] [Microsoft][ODBC Driver 17 for SQL Server][SQL Server]String or binary data would be truncated. (8152) (SQLExecDirectW)')
[SQL: insert into records values('CC2Servicenummer','Belgrad','Nicht übermittelt','trz_madamovic',                                  '4917641184763','','Nicht übermittelt','4917641184763_Thursday, January 02, 2020_7:53:07 PM')]
(Background on this error at: http://sqlalche.me/e/9h9h)
Fri, 03 Jan 2020 11:32:09 - INFO - 123TV DB import
Fri, 03 Jan 2020 11:54:20 - INFO - Connect to DB
Fri, 03 Jan 2020 11:54:20 - INFO - TRIZMA DB import
Fri, 03 Jan 2020 11:54:20 - INFO - 123TV DB import
