Wed, 08 Jan 2020 07:13:17 - INFO - Connect to DB
Wed, 08 Jan 2020 07:13:17 - INFO - TRIZMA DB import
Wed, 08 Jan 2020 07:13:17 - INFO - Failed on TRIZMA DB import at: 2020-01-08_07-13-05, for following calling party: 491781051586, for agent id: trz_madamovic, with error:(pyodbc.DataError) ('22001', '[22001] [Microsoft][ODBC Driver 17 for SQL Server][SQL Server]String or binary data would be truncated. (8152) (SQLExecDirectW)')
[SQL: insert into records values('CC2Servicenummer','Belgrad','Nicht übermittelt','trz_madamovic',                                  '491781051586','','Nicht übermittelt','491781051586_Wednesday, December 25, 2019_2:12:04 PM')]
(Background on this error at: http://sqlalche.me/e/9h9h)
Wed, 08 Jan 2020 07:13:17 - INFO - 123TV DB import
Wed, 08 Jan 2020 07:13:23 - INFO - Failed on 123TV DB import at: 2020-01-08_07-13-05, for following calling party: 491781051586, for agent id: 3067, with error:Invalid XML content received (Start tag expected, '<' not found, line 1, column 1)
Wed, 08 Jan 2020 07:16:02 - INFO - Connect to DB
Wed, 08 Jan 2020 07:16:03 - INFO - TRIZMA DB import
Wed, 08 Jan 2020 07:16:03 - INFO - Failed on TRIZMA DB import at: 2020-01-08_07-13-05, for following calling party: 495525999815, for agent id: trz_sstankovic, with error:(pyodbc.DataError) ('22001', '[22001] [Microsoft][ODBC Driver 17 for SQL Server][SQL Server]String or binary data would be truncated. (8152) (SQLExecDirectW)')
[SQL: insert into records values('CC2Servicenummer','Belgrad','Nicht übermittelt','trz_sstankovic',                                  '495525999815','','Nicht übermittelt','495525999815_Wednesday, January 08, 2020_8:16:01 AM')]
(Background on this error at: http://sqlalche.me/e/9h9h)
Wed, 08 Jan 2020 07:16:03 - INFO - 123TV DB import
Wed, 08 Jan 2020 07:16:08 - INFO - Failed on 123TV DB import at: 2020-01-08_07-13-05, for following calling party: 495525999815, for agent id: 3046, with error:Invalid XML content received (Start tag expected, '<' not found, line 1, column 1)
Wed, 08 Jan 2020 07:24:10 - INFO - Connect to DB
Wed, 08 Jan 2020 07:24:10 - INFO - TRIZMA DB import
Wed, 08 Jan 2020 07:24:10 - INFO - Failed on TRIZMA DB import at: 2020-01-08_07-13-05, for following calling party: 4915737476735, for agent id: trz_madamovic, with error:(pyodbc.DataError) ('22001', '[22001] [Microsoft][ODBC Driver 17 for SQL Server][SQL Server]String or binary data would be truncated. (8152) (SQLExecDirectW)')
[SQL: insert into records values('CC2Servicenummer','Belgrad','Nicht übermittelt','trz_madamovic',                                  '4915737476735','','Nicht übermittelt','4915737476735_Sunday, December 29, 2019_12:16:05 PM')]
(Background on this error at: http://sqlalche.me/e/9h9h)
Wed, 08 Jan 2020 07:24:10 - INFO - 123TV DB import
Wed, 08 Jan 2020 07:24:15 - INFO - Failed on 123TV DB import at: 2020-01-08_07-13-05, for following calling party: 4915737476735, for agent id: 3067, with error:Invalid XML content received (Start tag expected, '<' not found, line 1, column 1)
Wed, 08 Jan 2020 07:24:26 - INFO - Connect to DB
Wed, 08 Jan 2020 07:24:26 - INFO - TRIZMA DB import
Wed, 08 Jan 2020 07:24:26 - INFO - 123TV DB import
Wed, 08 Jan 2020 07:24:31 - INFO - Failed on 123TV DB import at: 2020-01-08_07-13-05, for following calling party: 495583310, for agent id: 3067, with error:Invalid XML content received (Start tag expected, '<' not found, line 1, column 1)
Wed, 08 Jan 2020 07:24:32 - INFO - Connect to DB
Wed, 08 Jan 2020 07:24:32 - INFO - TRIZMA DB import
Wed, 08 Jan 2020 07:24:32 - INFO - 123TV DB import
Wed, 08 Jan 2020 07:24:37 - INFO - Failed on 123TV DB import at: 2020-01-08_07-13-05, for following calling party: 493416884071, for agent id: 3067, with error:Invalid XML content received (Start tag expected, '<' not found, line 1, column 1)
Wed, 08 Jan 2020 07:24:37 - INFO - Connect to DB
Wed, 08 Jan 2020 07:24:37 - INFO - TRIZMA DB import
Wed, 08 Jan 2020 07:24:37 - INFO - 123TV DB import
Wed, 08 Jan 2020 07:24:42 - INFO - Failed on 123TV DB import at: 2020-01-08_07-13-05, for following calling party: 49228218198, for agent id: 3067, with error:Invalid XML content received (Start tag expected, '<' not found, line 1, column 1)
Wed, 08 Jan 2020 07:25:16 - INFO - Connect to DB
Wed, 08 Jan 2020 07:25:16 - INFO - TRIZMA DB import
Wed, 08 Jan 2020 07:25:16 - INFO - 123TV DB import
Wed, 08 Jan 2020 07:25:21 - INFO - Failed on 123TV DB import at: 2020-01-08_07-13-05, for following calling party: 4938133732022, for agent id: 3067, with error:Invalid XML content received (Start tag expected, '<' not found, line 1, column 1)
Wed, 08 Jan 2020 07:26:03 - INFO - Connect to DB
Wed, 08 Jan 2020 07:26:03 - INFO - TRIZMA DB import
Wed, 08 Jan 2020 07:26:03 - INFO - 123TV DB import
Wed, 08 Jan 2020 07:26:08 - INFO - Failed on 123TV DB import at: 2020-01-08_07-13-05, for following calling party: 495219495020, for agent id: 3067, with error:Invalid XML content received (Start tag expected, '<' not found, line 1, column 1)
Wed, 08 Jan 2020 07:26:45 - INFO - Connect to DB
Wed, 08 Jan 2020 07:26:45 - INFO - TRIZMA DB import
Wed, 08 Jan 2020 07:26:45 - INFO - Failed on TRIZMA DB import at: 2020-01-08_07-13-05, for following calling party: 4935796885342, for agent id: trz_sstankovic, with error:(pyodbc.DataError) ('22001', '[22001] [Microsoft][ODBC Driver 17 for SQL Server][SQL Server]String or binary data would be truncated. (8152) (SQLExecDirectW)')
[SQL: insert into records values('CC2Servicenummer','Belgrad','Nicht übermittelt','trz_sstankovic',                                  '4935796885342','','Nicht übermittelt','4935796885342_Tuesday, December 31, 2019_8:57:08 AM')]
(Background on this error at: http://sqlalche.me/e/9h9h)
Wed, 08 Jan 2020 07:26:45 - INFO - 123TV DB import
Wed, 08 Jan 2020 07:26:50 - INFO - Failed on 123TV DB import at: 2020-01-08_07-13-05, for following calling party: 4935796885342, for agent id: 3046, with error:Invalid XML content received (Start tag expected, '<' not found, line 1, column 1)
Wed, 08 Jan 2020 07:27:07 - INFO - Connect to DB
Wed, 08 Jan 2020 07:27:07 - INFO - TRIZMA DB import
Wed, 08 Jan 2020 07:27:07 - INFO - 123TV DB import
Wed, 08 Jan 2020 07:27:12 - INFO - Failed on 123TV DB import at: 2020-01-08_07-13-05, for following calling party: 493920122543, for agent id: 3067, with error:Invalid XML content received (Start tag expected, '<' not found, line 1, column 1)
Wed, 08 Jan 2020 07:27:12 - INFO - Connect to DB
Wed, 08 Jan 2020 07:27:12 - INFO - TRIZMA DB import
Wed, 08 Jan 2020 07:27:12 - INFO - 123TV DB import
Wed, 08 Jan 2020 07:27:17 - INFO - Failed on 123TV DB import at: 2020-01-08_07-13-05, for following calling party: 49304499724, for agent id: 3067, with error:Invalid XML content received (Start tag expected, '<' not found, line 1, column 1)
Wed, 08 Jan 2020 07:27:48 - INFO - Connect to DB
Wed, 08 Jan 2020 07:27:48 - INFO - TRIZMA DB import
Wed, 08 Jan 2020 07:27:48 - INFO - 123TV DB import
Wed, 08 Jan 2020 07:27:53 - INFO - Failed on 123TV DB import at: 2020-01-08_07-13-05, for following calling party: 496452911788, for agent id: 3067, with error:Invalid XML content received (Start tag expected, '<' not found, line 1, column 1)
Wed, 08 Jan 2020 07:28:15 - INFO - Connect to DB
Wed, 08 Jan 2020 07:28:15 - INFO - TRIZMA DB import
Wed, 08 Jan 2020 07:28:15 - INFO - 123TV DB import
Wed, 08 Jan 2020 07:28:20 - INFO - Failed on 123TV DB import at: 2020-01-08_07-13-05, for following calling party: 49309430117, for agent id: 3067, with error:Invalid XML content received (Start tag expected, '<' not found, line 1, column 1)
Wed, 08 Jan 2020 07:31:28 - INFO - Connect to DB
Wed, 08 Jan 2020 07:31:28 - INFO - TRIZMA DB import
Wed, 08 Jan 2020 07:31:28 - INFO - 123TV DB import
Wed, 08 Jan 2020 07:31:33 - INFO - Failed on 123TV DB import at: 2020-01-08_07-13-05, for following calling party: 4973662320, for agent id: 3067, with error:Invalid XML content received (Start tag expected, '<' not found, line 1, column 1)
Wed, 08 Jan 2020 07:31:54 - INFO - Connect to DB
Wed, 08 Jan 2020 07:31:54 - INFO - TRIZMA DB import
Wed, 08 Jan 2020 07:31:54 - INFO - 123TV DB import
Wed, 08 Jan 2020 07:31:59 - INFO - Failed on 123TV DB import at: 2020-01-08_07-13-05, for following calling party: 491702953502, for agent id: 3067, with error:Invalid XML content received (Start tag expected, '<' not found, line 1, column 1)
