Wed, 08 Jan 2020 08:36:28 - INFO - Connect to DB
Wed, 08 Jan 2020 08:36:28 - INFO - TRIZMA DB import
Wed, 08 Jan 2020 08:36:28 - INFO - 123TV DB import
Wed, 08 Jan 2020 08:36:33 - INFO - Failed on 123TV DB import at: 2020-01-08_08-34-33, for following calling party: 499725704558, for agent id: 3098, with error:Invalid XML content received (Start tag expected, '<' not found, line 1, column 1)
Wed, 08 Jan 2020 08:39:31 - INFO - Connect to DB
Wed, 08 Jan 2020 08:39:31 - INFO - TRIZMA DB import
Wed, 08 Jan 2020 08:39:31 - INFO - 123TV DB import
Wed, 08 Jan 2020 08:39:36 - INFO - Failed on 123TV DB import at: 2020-01-08_08-34-33, for following calling party: 49372132733, for agent id: 3067, with error:Invalid XML content received (Start tag expected, '<' not found, line 1, column 1)
Wed, 08 Jan 2020 08:39:37 - INFO - Connect to DB
Wed, 08 Jan 2020 08:39:37 - INFO - TRIZMA DB import
Wed, 08 Jan 2020 08:39:37 - INFO - 123TV DB import
Wed, 08 Jan 2020 08:39:42 - INFO - Failed on 123TV DB import at: 2020-01-08_08-34-33, for following calling party: 49372034215, for agent id: 3067, with error:Invalid XML content received (Start tag expected, '<' not found, line 1, column 1)
Wed, 08 Jan 2020 08:42:24 - INFO - Connect to DB
Wed, 08 Jan 2020 08:42:24 - INFO - TRIZMA DB import
Wed, 08 Jan 2020 08:42:24 - INFO - 123TV DB import
Wed, 08 Jan 2020 08:42:29 - INFO - Failed on 123TV DB import at: 2020-01-08_08-34-33, for following calling party: 4999441369, for agent id: 3046, with error:Invalid XML content received (Start tag expected, '<' not found, line 1, column 1)
Wed, 08 Jan 2020 08:43:48 - INFO - Connect to DB
Wed, 08 Jan 2020 08:43:48 - INFO - TRIZMA DB import
Wed, 08 Jan 2020 08:43:48 - INFO - 123TV DB import
Wed, 08 Jan 2020 08:43:53 - INFO - Failed on 123TV DB import at: 2020-01-08_08-34-33, for following calling party: 4955231567, for agent id: 3067, with error:Invalid XML content received (Start tag expected, '<' not found, line 1, column 1)
Wed, 08 Jan 2020 08:47:09 - INFO - Connect to DB
Wed, 08 Jan 2020 08:47:09 - INFO - TRIZMA DB import
Wed, 08 Jan 2020 08:47:09 - INFO - 123TV DB import
Wed, 08 Jan 2020 08:47:14 - INFO - Failed on 123TV DB import at: 2020-01-08_08-34-33, for following calling party: 4915752948240, for agent id: 3098, with error:Invalid XML content received (Start tag expected, '<' not found, line 1, column 1)
Wed, 08 Jan 2020 08:47:39 - INFO - Connect to DB
Wed, 08 Jan 2020 08:47:39 - INFO - TRIZMA DB import
Wed, 08 Jan 2020 08:47:39 - INFO - Failed on TRIZMA DB import at: 2020-01-08_08-34-33, for following calling party: 496131385252, for agent id: trz_sstankovic, with error:(pyodbc.DataError) ('22001', '[22001] [Microsoft][ODBC Driver 17 for SQL Server][SQL Server]String or binary data would be truncated. (8152) (SQLExecDirectW)')
[SQL: insert into records values('CC2Servicenummer','Belgrad','Nicht übermittelt','trz_sstankovic',                                  '496131385252','','Nicht übermittelt','496131385252_Saturday, January 04, 2020_12:42:34 PM')]
(Background on this error at: http://sqlalche.me/e/9h9h)
Wed, 08 Jan 2020 08:47:39 - INFO - 123TV DB import
Wed, 08 Jan 2020 08:47:44 - INFO - Failed on 123TV DB import at: 2020-01-08_08-34-33, for following calling party: 496131385252, for agent id: 3046, with error:Invalid XML content received (Start tag expected, '<' not found, line 1, column 1)
Wed, 08 Jan 2020 08:47:44 - INFO - Connect to DB
Wed, 08 Jan 2020 08:47:44 - INFO - TRIZMA DB import
Wed, 08 Jan 2020 08:47:44 - INFO - 123TV DB import
Wed, 08 Jan 2020 08:47:49 - INFO - Failed on 123TV DB import at: 2020-01-08_08-34-33, for following calling party: 493371599951, for agent id: 3098, with error:Invalid XML content received (Start tag expected, '<' not found, line 1, column 1)
Wed, 08 Jan 2020 08:48:25 - INFO - Connect to DB
Wed, 08 Jan 2020 08:48:25 - INFO - TRIZMA DB import
Wed, 08 Jan 2020 08:48:25 - INFO - 123TV DB import
Wed, 08 Jan 2020 08:48:30 - INFO - Failed on 123TV DB import at: 2020-01-08_08-34-33, for following calling party: 496331230999, for agent id: 3046, with error:Invalid XML content received (Start tag expected, '<' not found, line 1, column 1)
Wed, 08 Jan 2020 08:49:57 - INFO - Connect to DB
Wed, 08 Jan 2020 08:49:57 - INFO - TRIZMA DB import
Wed, 08 Jan 2020 08:49:57 - INFO - 123TV DB import
Wed, 08 Jan 2020 08:50:03 - INFO - Failed on 123TV DB import at: 2020-01-08_08-34-33, for following calling party: 49407968326, for agent id: 3046, with error:Invalid XML content received (Start tag expected, '<' not found, line 1, column 1)
Wed, 08 Jan 2020 08:50:58 - INFO - Connect to DB
Wed, 08 Jan 2020 08:50:58 - INFO - TRIZMA DB import
Wed, 08 Jan 2020 08:50:58 - INFO - 123TV DB import
Wed, 08 Jan 2020 08:51:03 - INFO - Failed on 123TV DB import at: 2020-01-08_08-34-33, for following calling party: 493023359713, for agent id: 3046, with error:Invalid XML content received (Start tag expected, '<' not found, line 1, column 1)
Wed, 08 Jan 2020 08:56:19 - INFO - Connect to DB
Wed, 08 Jan 2020 08:56:19 - INFO - TRIZMA DB import
Wed, 08 Jan 2020 08:56:19 - INFO - 123TV DB import
Wed, 08 Jan 2020 08:56:24 - INFO - Failed on 123TV DB import at: 2020-01-08_08-34-33, for following calling party: 491776685016, for agent id: 3046, with error:Invalid XML content received (Start tag expected, '<' not found, line 1, column 1)
Wed, 08 Jan 2020 08:57:05 - INFO - Connect to DB
Wed, 08 Jan 2020 08:57:05 - INFO - TRIZMA DB import
Wed, 08 Jan 2020 08:57:05 - INFO - 123TV DB import
Wed, 08 Jan 2020 08:57:10 - INFO - Failed on 123TV DB import at: 2020-01-08_08-34-33, for following calling party: 493421709154, for agent id: 3046, with error:Invalid XML content received (Start tag expected, '<' not found, line 1, column 1)
Wed, 08 Jan 2020 08:57:30 - INFO - Connect to DB
Wed, 08 Jan 2020 08:57:30 - INFO - TRIZMA DB import
Wed, 08 Jan 2020 08:57:30 - INFO - 123TV DB import
Wed, 08 Jan 2020 08:57:35 - INFO - Failed on 123TV DB import at: 2020-01-08_08-34-33, for following calling party: 492306302823, for agent id: 3046, with error:Invalid XML content received (Start tag expected, '<' not found, line 1, column 1)
Wed, 08 Jan 2020 08:58:21 - INFO - Connect to DB
Wed, 08 Jan 2020 08:58:21 - INFO - TRIZMA DB import
Wed, 08 Jan 2020 08:58:21 - INFO - 123TV DB import
Wed, 08 Jan 2020 08:58:26 - INFO - Failed on 123TV DB import at: 2020-01-08_08-34-33, for following calling party: 491631521014, for agent id: 3046, with error:Invalid XML content received (Start tag expected, '<' not found, line 1, column 1)
Wed, 08 Jan 2020 08:59:17 - INFO - Connect to DB
Wed, 08 Jan 2020 08:59:17 - INFO - TRIZMA DB import
Wed, 08 Jan 2020 08:59:17 - INFO - 123TV DB import
Wed, 08 Jan 2020 08:59:22 - INFO - Failed on 123TV DB import at: 2020-01-08_08-34-33, for following calling party: 4915125638996, for agent id: 3046, with error:Invalid XML content received (Start tag expected, '<' not found, line 1, column 1)
Wed, 08 Jan 2020 08:59:43 - INFO - Connect to DB
Wed, 08 Jan 2020 08:59:43 - INFO - TRIZMA DB import
Wed, 08 Jan 2020 08:59:43 - INFO - 123TV DB import
Wed, 08 Jan 2020 08:59:48 - INFO - Failed on 123TV DB import at: 2020-01-08_08-34-33, for following calling party: 49304494536, for agent id: 3046, with error:Invalid XML content received (Start tag expected, '<' not found, line 1, column 1)
Wed, 08 Jan 2020 09:00:54 - INFO - Connect to DB
Wed, 08 Jan 2020 09:00:54 - INFO - TRIZMA DB import
Wed, 08 Jan 2020 09:00:54 - INFO - 123TV DB import
Wed, 08 Jan 2020 09:00:59 - INFO - Failed on 123TV DB import at: 2020-01-08_08-34-33, for following calling party: 497081952532, for agent id: 3046, with error:Invalid XML content received (Start tag expected, '<' not found, line 1, column 1)
Wed, 08 Jan 2020 09:01:30 - INFO - Connect to DB
Wed, 08 Jan 2020 09:01:30 - INFO - TRIZMA DB import
Wed, 08 Jan 2020 09:01:30 - INFO - 123TV DB import
Wed, 08 Jan 2020 09:01:35 - INFO - Failed on 123TV DB import at: 2020-01-08_08-34-33, for following calling party: 49610761473, for agent id: 3046, with error:Invalid XML content received (Start tag expected, '<' not found, line 1, column 1)
Wed, 08 Jan 2020 09:01:50 - INFO - Connect to DB
Wed, 08 Jan 2020 09:01:50 - INFO - TRIZMA DB import
Wed, 08 Jan 2020 09:01:51 - INFO - 123TV DB import
Wed, 08 Jan 2020 09:01:56 - INFO - Failed on 123TV DB import at: 2020-01-08_08-34-33, for following calling party: 491624358199, for agent id: 3046, with error:Invalid XML content received (Start tag expected, '<' not found, line 1, column 1)
Wed, 08 Jan 2020 09:07:32 - INFO - Connect to DB
Wed, 08 Jan 2020 09:07:32 - INFO - TRIZMA DB import
Wed, 08 Jan 2020 09:07:32 - INFO - Failed on TRIZMA DB import at: 2020-01-08_08-34-33, for following calling party: 4952018769860, for agent id: trz_sstankovic, with error:(pyodbc.DataError) ('22001', '[22001] [Microsoft][ODBC Driver 17 for SQL Server][SQL Server]String or binary data would be truncated. (8152) (SQLExecDirectW)')
[SQL: insert into records values('CC2Servicenummer','Belgrad','Nicht übermittelt','trz_sstankovic',                                  '4952018769860','','Nicht übermittelt','4952018769860_Tuesday, January 07, 2020_10:28:59 AM')]
(Background on this error at: http://sqlalche.me/e/9h9h)
Wed, 08 Jan 2020 09:07:32 - INFO - 123TV DB import
Wed, 08 Jan 2020 09:07:37 - INFO - Failed on 123TV DB import at: 2020-01-08_08-34-33, for following calling party: 4952018769860, for agent id: 3046, with error:Invalid XML content received (Start tag expected, '<' not found, line 1, column 1)
Wed, 08 Jan 2020 09:08:32 - INFO - Connect to DB
Wed, 08 Jan 2020 09:08:33 - INFO - TRIZMA DB import
Wed, 08 Jan 2020 09:08:33 - INFO - Failed on TRIZMA DB import at: 2020-01-08_08-34-33, for following calling party: 491727494083, for agent id: trz_sstankovic, with error:(pyodbc.DataError) ('22001', '[22001] [Microsoft][ODBC Driver 17 for SQL Server][SQL Server]String or binary data would be truncated. (8152) (SQLExecDirectW)')
[SQL: insert into records values('CC2Servicenummer','Belgrad','Nicht übermittelt','trz_sstankovic',                                  '491727494083','','Nicht übermittelt','491727494083_Wednesday, January 08, 2020_10:08:31 AM')]
(Background on this error at: http://sqlalche.me/e/9h9h)
Wed, 08 Jan 2020 09:08:33 - INFO - 123TV DB import
Wed, 08 Jan 2020 09:08:38 - INFO - Failed on 123TV DB import at: 2020-01-08_08-34-33, for following calling party: 491727494083, for agent id: 3046, with error:Invalid XML content received (Start tag expected, '<' not found, line 1, column 1)
Wed, 08 Jan 2020 09:10:18 - INFO - Connect to DB
Wed, 08 Jan 2020 09:10:19 - INFO - TRIZMA DB import
Wed, 08 Jan 2020 09:10:19 - INFO - 123TV DB import
Wed, 08 Jan 2020 09:10:24 - INFO - Failed on 123TV DB import at: 2020-01-08_08-34-33, for following calling party: 493835512654, for agent id: 3098, with error:Invalid XML content received (Start tag expected, '<' not found, line 1, column 1)
Wed, 08 Jan 2020 09:21:42 - INFO - Connect to DB
Wed, 08 Jan 2020 09:21:42 - INFO - TRIZMA DB import
Wed, 08 Jan 2020 09:21:42 - INFO - 123TV DB import
Wed, 08 Jan 2020 09:21:47 - INFO - Failed on 123TV DB import at: 2020-01-08_08-34-33, for following calling party: 493635482177, for agent id: 3098, with error:Invalid XML content received (Start tag expected, '<' not found, line 1, column 1)
Wed, 08 Jan 2020 09:21:49 - INFO - Connect to DB
Wed, 08 Jan 2020 09:21:49 - INFO - TRIZMA DB import
Wed, 08 Jan 2020 09:21:49 - INFO - 123TV DB import
Wed, 08 Jan 2020 09:21:54 - INFO - Failed on 123TV DB import at: 2020-01-08_08-34-33, for following calling party: 497414034174, for agent id: 3060, with error:Invalid XML content received (Start tag expected, '<' not found, line 1, column 1)
Wed, 08 Jan 2020 09:22:33 - INFO - Connect to DB
Wed, 08 Jan 2020 09:22:33 - INFO - TRIZMA DB import
Wed, 08 Jan 2020 09:22:33 - INFO - 123TV DB import
Wed, 08 Jan 2020 09:22:38 - INFO - Failed on 123TV DB import at: 2020-01-08_08-34-33, for following calling party: 493675743268, for agent id: 3098, with error:Invalid XML content received (Start tag expected, '<' not found, line 1, column 1)
Wed, 08 Jan 2020 09:22:48 - INFO - Connect to DB
Wed, 08 Jan 2020 09:22:48 - INFO - TRIZMA DB import
Wed, 08 Jan 2020 09:22:48 - INFO - 123TV DB import
Wed, 08 Jan 2020 09:22:53 - INFO - Failed on 123TV DB import at: 2020-01-08_08-34-33, for following calling party: 492043478511, for agent id: 3098, with error:Invalid XML content received (Start tag expected, '<' not found, line 1, column 1)
Wed, 08 Jan 2020 09:37:23 - INFO - Connect to DB
Wed, 08 Jan 2020 09:37:23 - INFO - TRIZMA DB import
Wed, 08 Jan 2020 09:37:23 - INFO - 123TV DB import
Wed, 08 Jan 2020 09:37:28 - INFO - Failed on 123TV DB import at: 2020-01-08_08-34-33, for following calling party: 497121620170, for agent id: 3046, with error:Invalid XML content received (Start tag expected, '<' not found, line 1, column 1)
