Thu, 16 Jan 2020 10:44:21 - INFO - Connect to DB
Thu, 16 Jan 2020 10:44:21 - INFO - TRIZMA DB import
Thu, 16 Jan 2020 10:44:22 - INFO - Failed on TRIZMA DB import at: 2020-01-16_10-43-04, for following calling party: 492102847026, for agent id: trz_memetovic, with error:(pyodbc.DataError) ('22001', '[22001] [Microsoft][ODBC Driver 17 for SQL Server][SQL Server]String or binary data would be truncated. (8152) (SQLExecDirectW)')
[SQL: insert into records values('CC2Servicenummer','Belgrad','Nicht übermittelt','trz_memetovic',                                 '492102847026','','Nicht übermittelt','492102847026_Thursday, January 16, 2020_11:44:17 AM','KEN_MEMETO')]
(Background on this error at: http://sqlalche.me/e/9h9h)
Thu, 16 Jan 2020 10:44:22 - INFO - 123TV DB import
Thu, 16 Jan 2020 10:50:59 - INFO - Connect to DB
Thu, 16 Jan 2020 10:50:59 - INFO - TRIZMA DB import
Thu, 16 Jan 2020 10:50:59 - INFO - 123TV DB import
Thu, 16 Jan 2020 10:52:29 - INFO - Connect to DB
Thu, 16 Jan 2020 10:52:29 - INFO - TRIZMA DB import
Thu, 16 Jan 2020 10:52:29 - INFO - 123TV DB import
Thu, 16 Jan 2020 10:56:20 - INFO - Connect to DB
Thu, 16 Jan 2020 10:56:20 - INFO - TRIZMA DB import
Thu, 16 Jan 2020 10:56:20 - INFO - 123TV DB import
Thu, 16 Jan 2020 10:57:02 - INFO - Connect to DB
Thu, 16 Jan 2020 10:57:02 - INFO - TRIZMA DB import
Thu, 16 Jan 2020 10:57:02 - INFO - Failed on TRIZMA DB import at: 2020-01-16_10-43-04, for following calling party: 4915208769496, for agent id: trz_bmaksimovic, with error:(pyodbc.DataError) ('22001', '[22001] [Microsoft][ODBC Driver 17 for SQL Server][SQL Server]String or binary data would be truncated. (8152) (SQLExecDirectW)')
[SQL: insert into records values('CC2Servicenummer','Belgrad','Nicht übermittelt','trz_bmaksimovic',                                 '4915208769496','','Nicht übermittelt','4915208769496_Wednesday, January 15, 2020_4:25:12 PM','BOR_MAKSIM')]
(Background on this error at: http://sqlalche.me/e/9h9h)
Thu, 16 Jan 2020 10:57:02 - INFO - 123TV DB import
Thu, 16 Jan 2020 11:00:20 - INFO - Connect to DB
Thu, 16 Jan 2020 11:00:20 - INFO - TRIZMA DB import
Thu, 16 Jan 2020 11:00:20 - INFO - 123TV DB import
Thu, 16 Jan 2020 11:05:54 - INFO - Connect to DB
Thu, 16 Jan 2020 11:05:54 - INFO - TRIZMA DB import
Thu, 16 Jan 2020 11:05:54 - INFO - 123TV DB import
Thu, 16 Jan 2020 11:07:08 - INFO - Connect to DB
Thu, 16 Jan 2020 11:07:08 - INFO - TRIZMA DB import
Thu, 16 Jan 2020 11:07:08 - INFO - Failed on TRIZMA DB import at: 2020-01-16_10-43-04, for following calling party: 4936287873353, for agent id: trz_bmaksimovic, with error:(pyodbc.DataError) ('22001', '[22001] [Microsoft][ODBC Driver 17 for SQL Server][SQL Server]String or binary data would be truncated. (8152) (SQLExecDirectW)')
[SQL: insert into records values('CC2Servicenummer','Belgrad','Nicht übermittelt','trz_bmaksimovic',                                 '4936287873353','','Nicht übermittelt','4936287873353_Thursday, January 16, 2020_12:07:04 PM','BOR_MAKSIM')]
(Background on this error at: http://sqlalche.me/e/9h9h)
Thu, 16 Jan 2020 11:07:08 - INFO - 123TV DB import
Thu, 16 Jan 2020 11:07:54 - INFO - Connect to DB
Thu, 16 Jan 2020 11:07:54 - INFO - TRIZMA DB import
Thu, 16 Jan 2020 11:07:54 - INFO - Failed on TRIZMA DB import at: 2020-01-16_10-43-04, for following calling party: 493812003927, for agent id: trz_divankovic, with error:(pyodbc.DataError) ('22001', '[22001] [Microsoft][ODBC Driver 17 for SQL Server][SQL Server]String or binary data would be truncated. (8152) (SQLExecDirectW)')
[SQL: insert into records values('CC2Servicenummer','Belgrad','Nicht übermittelt','trz_divankovic',                                 '493812003927','','Nicht übermittelt','493812003927_Thursday, January 16, 2020_12:07:51 PM','DUS_IVANKO')]
(Background on this error at: http://sqlalche.me/e/9h9h)
Thu, 16 Jan 2020 11:07:54 - INFO - 123TV DB import
