Tue, 14 Jan 2020 08:35:54 - INFO - Connect to DB
Tue, 14 Jan 2020 08:35:54 - INFO - TRIZMA DB import
Tue, 14 Jan 2020 08:35:54 - INFO - 123TV DB import
Tue, 14 Jan 2020 08:35:59 - INFO - Failed on 123TV DB import at: 2020-01-14_08-31-25, for following calling party: 4915252726643, for agent id: 3098, with error:Missing element acd_id (importCallMetaData.acd_id)
Tue, 14 Jan 2020 08:41:52 - INFO - Connect to DB
Tue, 14 Jan 2020 08:41:52 - INFO - TRIZMA DB import
Tue, 14 Jan 2020 08:41:52 - INFO - 123TV DB import
Tue, 14 Jan 2020 08:41:57 - INFO - Failed on 123TV DB import at: 2020-01-14_08-31-25, for following calling party: 4955251896, for agent id: 3098, with error:Missing element acd_id (importCallMetaData.acd_id)
Tue, 14 Jan 2020 08:46:31 - INFO - Connect to DB
Tue, 14 Jan 2020 08:46:31 - INFO - TRIZMA DB import
Tue, 14 Jan 2020 08:46:31 - INFO - 123TV DB import
Tue, 14 Jan 2020 08:46:36 - INFO - Failed on 123TV DB import at: 2020-01-14_08-31-25, for following calling party: 497231468429, for agent id: 3063, with error:Missing element acd_id (importCallMetaData.acd_id)
Tue, 14 Jan 2020 08:55:14 - INFO - Connect to DB
Tue, 14 Jan 2020 08:55:14 - INFO - TRIZMA DB import
Tue, 14 Jan 2020 08:55:14 - INFO - 123TV DB import
Tue, 14 Jan 2020 08:55:19 - INFO - Failed on 123TV DB import at: 2020-01-14_08-31-25, for following calling party: 491731755574, for agent id: 3117, with error:Missing element acd_id (importCallMetaData.acd_id)
Tue, 14 Jan 2020 08:56:15 - INFO - Connect to DB
Tue, 14 Jan 2020 08:56:15 - INFO - TRIZMA DB import
Tue, 14 Jan 2020 08:56:15 - INFO - 123TV DB import
Tue, 14 Jan 2020 08:56:20 - INFO - Failed on 123TV DB import at: 2020-01-14_08-31-25, for following calling party: 493449244038, for agent id: 3117, with error:Missing element acd_id (importCallMetaData.acd_id)
Tue, 14 Jan 2020 08:57:51 - INFO - Connect to DB
Tue, 14 Jan 2020 08:57:51 - INFO - TRIZMA DB import
Tue, 14 Jan 2020 08:57:51 - INFO - 123TV DB import
Tue, 14 Jan 2020 08:57:56 - INFO - Failed on 123TV DB import at: 2020-01-14_08-31-25, for following calling party: 493429334249, for agent id: 3117, with error:Missing element acd_id (importCallMetaData.acd_id)
Tue, 14 Jan 2020 08:58:22 - INFO - Connect to DB
Tue, 14 Jan 2020 08:58:22 - INFO - TRIZMA DB import
Tue, 14 Jan 2020 08:58:22 - INFO - 123TV DB import
Tue, 14 Jan 2020 08:58:27 - INFO - Failed on 123TV DB import at: 2020-01-14_08-31-25, for following calling party: 4934646153184, for agent id: 3117, with error:Missing element acd_id (importCallMetaData.acd_id)
Tue, 14 Jan 2020 08:58:33 - INFO - Connect to DB
Tue, 14 Jan 2020 08:58:33 - INFO - TRIZMA DB import
Tue, 14 Jan 2020 08:58:33 - INFO - 123TV DB import
Tue, 14 Jan 2020 08:58:38 - INFO - Failed on 123TV DB import at: 2020-01-14_08-31-25, for following calling party: 4920371405085, for agent id: 3117, with error:Missing element acd_id (importCallMetaData.acd_id)
Tue, 14 Jan 2020 09:04:07 - INFO - Connect to DB
Tue, 14 Jan 2020 09:04:07 - INFO - TRIZMA DB import
Tue, 14 Jan 2020 09:04:07 - INFO - 123TV DB import
Tue, 14 Jan 2020 09:04:12 - INFO - Failed on 123TV DB import at: 2020-01-14_08-31-25, for following calling party: 49407135618, for agent id: 3117, with error:Missing element acd_id (importCallMetaData.acd_id)
Tue, 14 Jan 2020 09:04:58 - INFO - Connect to DB
Tue, 14 Jan 2020 09:04:58 - INFO - TRIZMA DB import
Tue, 14 Jan 2020 09:04:58 - INFO - 123TV DB import
Tue, 14 Jan 2020 09:05:03 - INFO - Failed on 123TV DB import at: 2020-01-14_08-31-25, for following calling party: 4986547790130, for agent id: 3117, with error:Missing element acd_id (importCallMetaData.acd_id)
Tue, 14 Jan 2020 09:06:05 - INFO - Connect to DB
Tue, 14 Jan 2020 09:06:05 - INFO - TRIZMA DB import
Tue, 14 Jan 2020 09:06:05 - INFO - Failed on TRIZMA DB import at: 2020-01-14_08-31-25, for following calling party: 4915224144873, for agent id: trz_smaksimovic, with error:(pyodbc.DataError) ('22001', '[22001] [Microsoft][ODBC Driver 17 for SQL Server][SQL Server]String or binary data would be truncated. (8152) (SQLExecDirectW)')
[SQL: insert into records values('CC2Servicenummer','Belgrad','Nicht übermittelt','trz_smaksimovic',                                  '4915224144873','','Nicht übermittelt','4915224144873_Tuesday, January 14, 2020_10:05:59 AM')]
(Background on this error at: http://sqlalche.me/e/9h9h)
Tue, 14 Jan 2020 09:06:05 - INFO - 123TV DB import
Tue, 14 Jan 2020 09:06:10 - INFO - Failed on 123TV DB import at: 2020-01-14_08-31-25, for following calling party: 4915224144873, for agent id: 3181, with error:Missing element acd_id (importCallMetaData.acd_id)
Tue, 14 Jan 2020 09:12:27 - INFO - Connect to DB
Tue, 14 Jan 2020 09:12:27 - INFO - TRIZMA DB import
Tue, 14 Jan 2020 09:12:27 - INFO - 123TV DB import
Tue, 14 Jan 2020 09:12:32 - INFO - Failed on 123TV DB import at: 2020-01-14_08-31-25, for following calling party: 49240584137, for agent id: 3063, with error:Missing element acd_id (importCallMetaData.acd_id)
Tue, 14 Jan 2020 09:16:10 - INFO - Connect to DB
Tue, 14 Jan 2020 09:16:10 - INFO - TRIZMA DB import
Tue, 14 Jan 2020 09:16:10 - INFO - 123TV DB import
Tue, 14 Jan 2020 09:16:15 - INFO - Failed on 123TV DB import at: 2020-01-14_08-31-25, for following calling party: 49610334296, for agent id: 3181, with error:Missing element acd_id (importCallMetaData.acd_id)
