Sat, 18 Jan 2020 10:51:56 - INFO - Connect to DB
Sat, 18 Jan 2020 10:51:56 - INFO - TRIZMA DB import
Sat, 18 Jan 2020 10:51:56 - INFO - Failed on TRIZMA DB import at: 2020-01-18_10-50-38, for following calling party: 4917664778806, for agent id: trz_bmaksimovic, with error:(pyodbc.DataError) ('22001', '[22001] [Microsoft][ODBC Driver 17 for SQL Server][SQL Server]String or binary data would be truncated. (8152) (SQLExecDirectW)')
[SQL: insert into records values('CC2Servicenummer','Belgrad','Nicht 端bermittelt','trz_bmaksimovic',                                 '4917664778806','','Nicht 端bermittelt','4917664778806_Saturday, January 18, 2020_11:51:52 AM','BOR_MAKSIM')]
(Background on this error at: http://sqlalche.me/e/9h9h)
Sat, 18 Jan 2020 10:51:56 - INFO - 123TV DB import
Sat, 18 Jan 2020 10:56:35 - INFO - Connect to DB
Sat, 18 Jan 2020 10:56:35 - INFO - TRIZMA DB import
Sat, 18 Jan 2020 10:56:35 - INFO - 123TV DB import
Sat, 18 Jan 2020 10:56:46 - INFO - Connect to DB
Sat, 18 Jan 2020 10:56:46 - INFO - TRIZMA DB import
Sat, 18 Jan 2020 10:56:46 - INFO - 123TV DB import
Sat, 18 Jan 2020 10:56:58 - INFO - Connect to DB
Sat, 18 Jan 2020 10:56:58 - INFO - TRIZMA DB import
Sat, 18 Jan 2020 10:56:58 - INFO - 123TV DB import
Sat, 18 Jan 2020 10:57:10 - INFO - Connect to DB
Sat, 18 Jan 2020 10:57:10 - INFO - TRIZMA DB import
Sat, 18 Jan 2020 10:57:10 - INFO - Failed on TRIZMA DB import at: 2020-01-18_10-50-38, for following calling party: 493687470105, for agent id: trz_asilni, with error:(pyodbc.DataError) ('22001', '[22001] [Microsoft][ODBC Driver 17 for SQL Server][SQL Server]String or binary data would be truncated. (8152) (SQLExecDirectW)')
[SQL: insert into records values('CC2Servicenummer','Belgrad','Nicht 端bermittelt','trz_asilni',                                 '493687470105','','Nicht 端bermittelt','493687470105_Wednesday, January 15, 2020_12:33:01 PM','ANA_SILNI')]
(Background on this error at: http://sqlalche.me/e/9h9h)
Sat, 18 Jan 2020 10:57:10 - INFO - 123TV DB import
