Tue, 07 Jan 2020 07:39:44 - INFO - Connect to DB
Tue, 07 Jan 2020 07:39:44 - INFO - TRIZMA DB import
Tue, 07 Jan 2020 07:39:44 - INFO - 123TV DB import
Tue, 07 Jan 2020 07:40:28 - INFO - Connect to DB
Tue, 07 Jan 2020 07:40:28 - INFO - TRIZMA DB import
Tue, 07 Jan 2020 07:40:29 - INFO - 123TV DB import
Tue, 07 Jan 2020 07:42:18 - INFO - Connect to DB
Tue, 07 Jan 2020 07:42:18 - INFO - TRIZMA DB import
Tue, 07 Jan 2020 07:42:18 - INFO - 123TV DB import
Tue, 07 Jan 2020 07:42:23 - INFO - Connect to DB
Tue, 07 Jan 2020 07:42:23 - INFO - TRIZMA DB import
Tue, 07 Jan 2020 07:42:23 - INFO - 123TV DB import
Tue, 07 Jan 2020 07:43:00 - INFO - Connect to DB
Tue, 07 Jan 2020 07:43:00 - INFO - TRIZMA DB import
Tue, 07 Jan 2020 07:43:00 - INFO - 123TV DB import
Tue, 07 Jan 2020 07:43:37 - INFO - Connect to DB
Tue, 07 Jan 2020 07:43:37 - INFO - TRIZMA DB import
Tue, 07 Jan 2020 07:43:37 - INFO - 123TV DB import
Tue, 07 Jan 2020 07:44:41 - INFO - Connect to DB
Tue, 07 Jan 2020 07:44:41 - INFO - TRIZMA DB import
Tue, 07 Jan 2020 07:44:41 - INFO - Failed on TRIZMA DB import at: 2020-01-07_07-39-39, for following calling party: 493035525313, for agent id: trz_sstankovic, with error:(pyodbc.DataError) ('22001', '[22001] [Microsoft][ODBC Driver 17 for SQL Server][SQL Server]String or binary data would be truncated. (8152) (SQLExecDirectW)')
[SQL: insert into records values('CC2Servicenummer','Belgrad','Nicht übermittelt','trz_sstankovic',                                  '493035525313','','Nicht übermittelt','493035525313_Thursday, January 02, 2020_10:58:43 AM')]
(Background on this error at: http://sqlalche.me/e/9h9h)
Tue, 07 Jan 2020 07:44:41 - INFO - 123TV DB import
Tue, 07 Jan 2020 07:45:27 - INFO - Connect to DB
Tue, 07 Jan 2020 07:45:27 - INFO - TRIZMA DB import
Tue, 07 Jan 2020 07:45:28 - INFO - 123TV DB import
Tue, 07 Jan 2020 07:52:12 - INFO - Connect to DB
Tue, 07 Jan 2020 07:52:12 - INFO - TRIZMA DB import
Tue, 07 Jan 2020 07:52:12 - INFO - 123TV DB import
Tue, 07 Jan 2020 07:57:38 - INFO - Connect to DB
Tue, 07 Jan 2020 07:57:38 - INFO - TRIZMA DB import
Tue, 07 Jan 2020 07:57:38 - INFO - 123TV DB import
Tue, 07 Jan 2020 08:00:02 - INFO - Connect to DB
Tue, 07 Jan 2020 08:00:02 - INFO - TRIZMA DB import
Tue, 07 Jan 2020 08:00:02 - INFO - 123TV DB import
Tue, 07 Jan 2020 08:03:45 - INFO - Connect to DB
Tue, 07 Jan 2020 08:03:45 - INFO - TRIZMA DB import
Tue, 07 Jan 2020 08:03:45 - INFO - 123TV DB import
Tue, 07 Jan 2020 08:04:25 - INFO - Connect to DB
Tue, 07 Jan 2020 08:04:25 - INFO - TRIZMA DB import
Tue, 07 Jan 2020 08:04:27 - INFO - 123TV DB import
Tue, 07 Jan 2020 08:05:08 - INFO - Connect to DB
Tue, 07 Jan 2020 08:05:08 - INFO - TRIZMA DB import
Tue, 07 Jan 2020 08:05:08 - INFO - 123TV DB import
Tue, 07 Jan 2020 08:05:14 - INFO - Connect to DB
Tue, 07 Jan 2020 08:05:14 - INFO - TRIZMA DB import
Tue, 07 Jan 2020 08:05:14 - INFO - 123TV DB import
