Tue, 21 Jan 2020 11:20:45 - INFO - Connect to DB
Tue, 21 Jan 2020 11:20:45 - INFO - TRIZMA DB import
Tue, 21 Jan 2020 11:20:45 - INFO - 123TV DB import
Tue, 21 Jan 2020 11:21:13 - INFO - Connect to DB
Tue, 21 Jan 2020 11:21:13 - INFO - TRIZMA DB import
Tue, 21 Jan 2020 11:21:13 - INFO - 123TV DB import
Tue, 21 Jan 2020 11:23:12 - INFO - Connect to DB
Tue, 21 Jan 2020 11:23:12 - INFO - TRIZMA DB import
Tue, 21 Jan 2020 11:23:12 - INFO - Failed on TRIZMA DB import at: 2020-01-21_11-20-03, for following calling party: 4917624253674, for agent id: trz_asilni, with error:(pyodbc.DataError) ('22001', '[22001] [Microsoft][ODBC Driver 17 for SQL Server][SQL Server]String or binary data would be truncated. (8152) (SQLExecDirectW)')
[SQL: insert into records values('CC2Servicenummer','Belgrad','Nicht übermittelt','trz_asilni',                                 '4917624253674','','Nicht übermittelt','4917624253674_Saturday, January 18, 2020_7:32:32 PM','ANA_SILNI')]
(Background on this error at: http://sqlalche.me/e/9h9h)
Tue, 21 Jan 2020 11:23:12 - INFO - 123TV DB import
Tue, 21 Jan 2020 11:30:35 - INFO - Connect to DB
Tue, 21 Jan 2020 11:30:35 - INFO - TRIZMA DB import
Tue, 21 Jan 2020 11:30:35 - INFO - Failed on TRIZMA DB import at: 2020-01-21_11-20-03, for following calling party: 4915208075075, for agent id: trz_sdjukic, with error:(pyodbc.DataError) ('22001', '[22001] [Microsoft][ODBC Driver 17 for SQL Server][SQL Server]String or binary data would be truncated. (8152) (SQLExecDirectW)')
[SQL: insert into records values('CC2Servicenummer','Belgrad','Nicht übermittelt','trz_sdjukic',                                 '4915208075075','','Nicht übermittelt','4915208075075_Tuesday, January 21, 2020_12:30:32 PM','SAN_DJUKIC')]
(Background on this error at: http://sqlalche.me/e/9h9h)
Tue, 21 Jan 2020 11:30:35 - INFO - 123TV DB import
Tue, 21 Jan 2020 11:31:17 - INFO - Connect to DB
Tue, 21 Jan 2020 11:31:18 - INFO - TRIZMA DB import
Tue, 21 Jan 2020 11:31:18 - INFO - Failed on TRIZMA DB import at: 2020-01-21_11-20-03, for following calling party: 4936766798054, for agent id: trz_madamovic, with error:(pyodbc.DataError) ('22001', '[22001] [Microsoft][ODBC Driver 17 for SQL Server][SQL Server]String or binary data would be truncated. (8152) (SQLExecDirectW)')
[SQL: insert into records values('CC2Servicenummer','Belgrad','Nicht übermittelt','trz_madamovic',                                 '4936766798054','','Nicht übermittelt','4936766798054_Tuesday, January 21, 2020_12:31:14 PM','MIL_ADAMOV')]
(Background on this error at: http://sqlalche.me/e/9h9h)
Tue, 21 Jan 2020 11:31:18 - INFO - 123TV DB import
