Sat, 11 Jan 2020 12:49:34 - INFO - Connect to DB
Sat, 11 Jan 2020 12:49:35 - INFO - TRIZMA DB import
Sat, 11 Jan 2020 12:49:35 - INFO - Failed on TRIZMA DB import at: 2020-01-11_12-47-46, for following calling party: 492191667776, for agent id: trz_madamovic, with error:(pyodbc.DataError) ('22001', '[22001] [Microsoft][ODBC Driver 17 for SQL Server][SQL Server]String or binary data would be truncated. (8152) (SQLExecDirectW)')
[SQL: insert into records values('CC2Servicenummer','Belgrad','Nicht 端bermittelt','trz_madamovic',                                  '492191667776','','Nicht 端bermittelt','492191667776_Thursday, January 09, 2020_12:47:14 PM')]
(Background on this error at: http://sqlalche.me/e/9h9h)
Sat, 11 Jan 2020 12:49:35 - INFO - 123TV DB import
Sat, 11 Jan 2020 12:49:40 - INFO - Failed on 123TV DB import at: 2020-01-11_12-47-46, for following calling party: 492191667776, for agent id: 3067, with error:Missing element acd_id (importCallMetaData.acd_id)
Sat, 11 Jan 2020 12:54:47 - INFO - Connect to DB
Sat, 11 Jan 2020 12:54:48 - INFO - TRIZMA DB import
Sat, 11 Jan 2020 12:54:48 - INFO - 123TV DB import
Sat, 11 Jan 2020 12:54:53 - INFO - Failed on 123TV DB import at: 2020-01-11_12-47-46, for following calling party: 498171217658, for agent id: 3067, with error:Missing element acd_id (importCallMetaData.acd_id)
Sat, 11 Jan 2020 12:54:53 - INFO - Connect to DB
Sat, 11 Jan 2020 12:54:53 - INFO - TRIZMA DB import
Sat, 11 Jan 2020 12:54:53 - INFO - 123TV DB import
Sat, 11 Jan 2020 12:54:58 - INFO - Failed on 123TV DB import at: 2020-01-11_12-47-46, for following calling party: 49236352228, for agent id: 3067, with error:Missing element acd_id (importCallMetaData.acd_id)
Sat, 11 Jan 2020 12:55:20 - INFO - Connect to DB
Sat, 11 Jan 2020 12:55:20 - INFO - TRIZMA DB import
Sat, 11 Jan 2020 12:55:20 - INFO - 123TV DB import
Sat, 11 Jan 2020 12:55:25 - INFO - Failed on 123TV DB import at: 2020-01-11_12-47-46, for following calling party: 49642141940, for agent id: 3067, with error:Missing element acd_id (importCallMetaData.acd_id)
Sat, 11 Jan 2020 12:56:13 - INFO - Connect to DB
Sat, 11 Jan 2020 12:56:13 - INFO - TRIZMA DB import
Sat, 11 Jan 2020 12:56:13 - INFO - Failed on TRIZMA DB import at: 2020-01-11_12-47-46, for following calling party: 4915780366069, for agent id: trz_bmaksimovic, with error:(pyodbc.DataError) ('22001', '[22001] [Microsoft][ODBC Driver 17 for SQL Server][SQL Server]String or binary data would be truncated. (8152) (SQLExecDirectW)')
[SQL: insert into records values('CC2Servicenummer','Belgrad','Nicht 端bermittelt','trz_bmaksimovic',                                  '4915780366069','','Nicht 端bermittelt','4915780366069_Saturday, January 11, 2020_1:56:10 PM')]
(Background on this error at: http://sqlalche.me/e/9h9h)
Sat, 11 Jan 2020 12:56:13 - INFO - 123TV DB import
Sat, 11 Jan 2020 12:56:18 - INFO - Failed on 123TV DB import at: 2020-01-11_12-47-46, for following calling party: 4915780366069, for agent id: 3036, with error:Missing element acd_id (importCallMetaData.acd_id)
