Thu, 02 Jan 2020 13:52:55 - INFO - Connect to DB
Thu, 02 Jan 2020 13:52:56 - INFO - TRIZMA DB import
Thu, 02 Jan 2020 13:52:56 - INFO - Failed on TRIZMA DB import at: 2020-01-02_13-50-45, for following calling party: 492652989150, for agent id: trz_bmaksimovic, with error:(pyodbc.DataError) ('22001', '[22001] [Microsoft][ODBC Driver 17 for SQL Server][SQL Server]String or binary data would be truncated. (8152) (SQLExecDirectW)')
[SQL: insert into records values('CC2Servicenummer','Belgrad','Nicht 端bermittelt','trz_bmaksimovic',                                  '492652989150','','Nicht 端bermittelt','492652989150_Saturday, December 28, 2019_2:34:36 PM')]
(Background on this error at: http://sqlalche.me/e/9h9h)
Thu, 02 Jan 2020 13:52:56 - INFO - 123TV DB import
Thu, 02 Jan 2020 13:58:42 - INFO - Connect to DB
Thu, 02 Jan 2020 13:58:42 - INFO - TRIZMA DB import
Thu, 02 Jan 2020 13:58:42 - INFO - 123TV DB import
Thu, 02 Jan 2020 13:59:19 - INFO - Connect to DB
Thu, 02 Jan 2020 13:59:19 - INFO - TRIZMA DB import
Thu, 02 Jan 2020 13:59:19 - INFO - 123TV DB import
Thu, 02 Jan 2020 14:00:06 - INFO - Connect to DB
Thu, 02 Jan 2020 14:00:06 - INFO - TRIZMA DB import
Thu, 02 Jan 2020 14:00:06 - INFO - Failed on TRIZMA DB import at: 2020-01-02_13-50-45, for following calling party: 4933754949864, for agent id: trz_bmaksimovic, with error:(pyodbc.DataError) ('22001', '[22001] [Microsoft][ODBC Driver 17 for SQL Server][SQL Server]String or binary data would be truncated. (8152) (SQLExecDirectW)')
[SQL: insert into records values('CC2Servicenummer','Belgrad','Nicht 端bermittelt','trz_bmaksimovic',                                  '4933754949864','','Nicht 端bermittelt','4933754949864_Saturday, December 28, 2019_7:48:10 PM')]
(Background on this error at: http://sqlalche.me/e/9h9h)
Thu, 02 Jan 2020 14:00:06 - INFO - 123TV DB import
Thu, 02 Jan 2020 14:00:54 - INFO - Connect to DB
Thu, 02 Jan 2020 14:00:54 - INFO - TRIZMA DB import
Thu, 02 Jan 2020 14:00:54 - INFO - 123TV DB import
Thu, 02 Jan 2020 14:01:14 - INFO - Connect to DB
Thu, 02 Jan 2020 14:01:15 - INFO - TRIZMA DB import
Thu, 02 Jan 2020 14:01:15 - INFO - 123TV DB import
Thu, 02 Jan 2020 14:01:47 - INFO - Connect to DB
Thu, 02 Jan 2020 14:01:47 - INFO - TRIZMA DB import
Thu, 02 Jan 2020 14:01:47 - INFO - 123TV DB import
Thu, 02 Jan 2020 14:02:18 - INFO - Connect to DB
Thu, 02 Jan 2020 14:02:18 - INFO - TRIZMA DB import
Thu, 02 Jan 2020 14:02:18 - INFO - 123TV DB import
