Tue, 21 Jan 2020 09:03:00 - INFO - Connect to DB
Tue, 21 Jan 2020 09:03:00 - INFO - TRIZMA DB import
Tue, 21 Jan 2020 09:03:01 - INFO - Failed on TRIZMA DB import at: 2020-01-21_08-59-13, for following calling party: 4946140847694, for agent id: trz_memetovic, with error:(pyodbc.DataError) ('22001', '[22001] [Microsoft][ODBC Driver 17 for SQL Server][SQL Server]String or binary data would be truncated. (8152) (SQLExecDirectW)')
[SQL: insert into records values('CC2Servicenummer','Belgrad','Nicht 端bermittelt','trz_memetovic',                                 '4946140847694','','Nicht 端bermittelt','4946140847694_Tuesday, January 21, 2020_10:02:53 AM','KEN_MEMETO')]
(Background on this error at: http://sqlalche.me/e/9h9h)
Tue, 21 Jan 2020 09:03:01 - INFO - 123TV DB import
Tue, 21 Jan 2020 09:06:13 - INFO - Connect to DB
Tue, 21 Jan 2020 09:06:13 - INFO - TRIZMA DB import
Tue, 21 Jan 2020 09:06:13 - INFO - 123TV DB import
Tue, 21 Jan 2020 09:11:38 - INFO - Connect to DB
Tue, 21 Jan 2020 09:11:38 - INFO - TRIZMA DB import
Tue, 21 Jan 2020 09:11:38 - INFO - 123TV DB import
Tue, 21 Jan 2020 09:19:46 - INFO - Connect to DB
Tue, 21 Jan 2020 09:19:46 - INFO - TRIZMA DB import
Tue, 21 Jan 2020 09:19:46 - INFO - 123TV DB import
Tue, 21 Jan 2020 09:20:31 - INFO - Connect to DB
Tue, 21 Jan 2020 09:20:31 - INFO - TRIZMA DB import
Tue, 21 Jan 2020 09:20:31 - INFO - 123TV DB import
Tue, 21 Jan 2020 09:22:12 - INFO - Connect to DB
Tue, 21 Jan 2020 09:22:12 - INFO - TRIZMA DB import
Tue, 21 Jan 2020 09:22:12 - INFO - 123TV DB import
Tue, 21 Jan 2020 09:24:10 - INFO - Connect to DB
Tue, 21 Jan 2020 09:24:10 - INFO - TRIZMA DB import
Tue, 21 Jan 2020 09:24:10 - INFO - Failed on TRIZMA DB import at: 2020-01-21_08-59-13, for following calling party: 491734651773, for agent id: trz_bmaksimovic, with error:(pyodbc.DataError) ('22001', '[22001] [Microsoft][ODBC Driver 17 for SQL Server][SQL Server]String or binary data would be truncated. (8152) (SQLExecDirectW)')
[SQL: insert into records values('CC2Servicenummer','Belgrad','Nicht 端bermittelt','trz_bmaksimovic',                                 '491734651773','','Nicht 端bermittelt','491734651773_Wednesday, January 15, 2020_4:13:13 PM','BOR_MAKSIM')]
(Background on this error at: http://sqlalche.me/e/9h9h)
Tue, 21 Jan 2020 09:24:10 - INFO - 123TV DB import
