Fri, 10 Jan 2020 10:29:51 - INFO - Connect to DB
Fri, 10 Jan 2020 10:29:51 - INFO - TRIZMA DB import
Fri, 10 Jan 2020 10:29:51 - INFO - 123TV DB import
Fri, 10 Jan 2020 10:30:07 - INFO - Connect to DB
Fri, 10 Jan 2020 10:30:07 - INFO - TRIZMA DB import
Fri, 10 Jan 2020 10:30:07 - INFO - Failed on TRIZMA DB import at: 2020-01-10_10-22-03, for following calling party: 492652989150, for agent id: trz_bmaksimovic, with error:(pyodbc.DataError) ('22001', '[22001] [Microsoft][ODBC Driver 17 for SQL Server][SQL Server]String or binary data would be truncated. (8152) (SQLExecDirectW)')
[SQL: insert into records values('CC2Servicenummer','Belgrad','Nicht übermittelt','trz_bmaksimovic',                                  '492652989150','','Nicht übermittelt','492652989150_Saturday, December 28, 2019_2:28:04 PM')]
(Background on this error at: http://sqlalche.me/e/9h9h)
Fri, 10 Jan 2020 10:30:07 - INFO - 123TV DB import
Fri, 10 Jan 2020 10:31:01 - INFO - Connect to DB
Fri, 10 Jan 2020 10:31:01 - INFO - TRIZMA DB import
Fri, 10 Jan 2020 10:31:01 - INFO - 123TV DB import
Fri, 10 Jan 2020 10:31:06 - INFO - Connect to DB
Fri, 10 Jan 2020 10:31:06 - INFO - TRIZMA DB import
Fri, 10 Jan 2020 10:31:06 - INFO - 123TV DB import
Fri, 10 Jan 2020 10:31:42 - INFO - Connect to DB
Fri, 10 Jan 2020 10:31:42 - INFO - TRIZMA DB import
Fri, 10 Jan 2020 10:31:42 - INFO - 123TV DB import
Fri, 10 Jan 2020 10:32:13 - INFO - Connect to DB
Fri, 10 Jan 2020 10:32:13 - INFO - TRIZMA DB import
Fri, 10 Jan 2020 10:32:13 - INFO - Failed on TRIZMA DB import at: 2020-01-10_10-22-03, for following calling party: 493829414193, for agent id: trz_bmaksimovic, with error:(pyodbc.DataError) ('22001', '[22001] [Microsoft][ODBC Driver 17 for SQL Server][SQL Server]String or binary data would be truncated. (8152) (SQLExecDirectW)')
[SQL: insert into records values('CC2Servicenummer','Belgrad','Nicht übermittelt','trz_bmaksimovic',                                  '493829414193','','Nicht übermittelt','493829414193_Saturday, December 28, 2019_4:34:52 PM')]
(Background on this error at: http://sqlalche.me/e/9h9h)
Fri, 10 Jan 2020 10:32:13 - INFO - 123TV DB import
Fri, 10 Jan 2020 10:32:23 - INFO - Connect to DB
Fri, 10 Jan 2020 10:32:23 - INFO - TRIZMA DB import
Fri, 10 Jan 2020 10:32:23 - INFO - Failed on TRIZMA DB import at: 2020-01-10_10-22-03, for following calling party: 4933915990965, for agent id: trz_bmaksimovic, with error:(pyodbc.DataError) ('22001', '[22001] [Microsoft][ODBC Driver 17 for SQL Server][SQL Server]String or binary data would be truncated. (8152) (SQLExecDirectW)')
[SQL: insert into records values('CC2Servicenummer','Belgrad','Nicht übermittelt','trz_bmaksimovic',                                  '4933915990965','','Nicht übermittelt','4933915990965_Saturday, December 28, 2019_4:35:30 PM')]
(Background on this error at: http://sqlalche.me/e/9h9h)
Fri, 10 Jan 2020 10:32:23 - INFO - 123TV DB import
Fri, 10 Jan 2020 10:32:29 - INFO - Connect to DB
Fri, 10 Jan 2020 10:32:29 - INFO - TRIZMA DB import
Fri, 10 Jan 2020 10:32:29 - INFO - Failed on TRIZMA DB import at: 2020-01-10_10-22-03, for following calling party: 493829414193, for agent id: trz_bmaksimovic, with error:(pyodbc.DataError) ('22001', '[22001] [Microsoft][ODBC Driver 17 for SQL Server][SQL Server]String or binary data would be truncated. (8152) (SQLExecDirectW)')
[SQL: insert into records values('CC2Servicenummer','Belgrad','Nicht übermittelt','trz_bmaksimovic',                                  '493829414193','','Nicht übermittelt','493829414193_Saturday, December 28, 2019_4:37:05 PM')]
(Background on this error at: http://sqlalche.me/e/9h9h)
Fri, 10 Jan 2020 10:32:29 - INFO - 123TV DB import
