Thu, 09 Jan 2020 10:57:47 - INFO - Connect to DB
Thu, 09 Jan 2020 10:57:47 - INFO - TRIZMA DB import
Thu, 09 Jan 2020 10:57:47 - INFO - Failed on TRIZMA DB import at: 2020-01-09_10-47-44, for following calling party: 4995118082804, for agent id: trz_hjovic, with error:(pyodbc.DataError) ('22001', '[22001] [Microsoft][ODBC Driver 17 for SQL Server][SQL Server]String or binary data would be truncated. (8152) (SQLExecDirectW)')
[SQL: insert into records values('CC2Servicenummer','Belgrad','Nicht 端bermittelt','trz_hjovic',                                  '4995118082804','','Nicht 端bermittelt','4995118082804_Thursday, January 09, 2020_11:57:44 AM')]
(Background on this error at: http://sqlalche.me/e/9h9h)
Thu, 09 Jan 2020 10:57:47 - INFO - 123TV DB import
Thu, 09 Jan 2020 11:01:11 - INFO - Connect to DB
Thu, 09 Jan 2020 11:01:11 - INFO - TRIZMA DB import
Thu, 09 Jan 2020 11:01:11 - INFO - 123TV DB import
Thu, 09 Jan 2020 11:01:38 - INFO - Connect to DB
Thu, 09 Jan 2020 11:01:38 - INFO - TRIZMA DB import
Thu, 09 Jan 2020 11:01:38 - INFO - 123TV DB import
Thu, 09 Jan 2020 11:03:30 - INFO - Connect to DB
Thu, 09 Jan 2020 11:03:30 - INFO - TRIZMA DB import
Thu, 09 Jan 2020 11:03:30 - INFO - 123TV DB import
Thu, 09 Jan 2020 11:04:31 - INFO - Connect to DB
Thu, 09 Jan 2020 11:04:31 - INFO - TRIZMA DB import
Thu, 09 Jan 2020 11:04:31 - INFO - Failed on TRIZMA DB import at: 2020-01-09_10-47-44, for following calling party: 4915780275882, for agent id: trz_hjovic, with error:(pyodbc.DataError) ('22001', '[22001] [Microsoft][ODBC Driver 17 for SQL Server][SQL Server]String or binary data would be truncated. (8152) (SQLExecDirectW)')
[SQL: insert into records values('CC2Servicenummer','Belgrad','Nicht 端bermittelt','trz_hjovic',                                  '4915780275882','','Nicht 端bermittelt','4915780275882_Thursday, January 09, 2020_12:04:29 PM')]
(Background on this error at: http://sqlalche.me/e/9h9h)
Thu, 09 Jan 2020 11:04:31 - INFO - 123TV DB import
