Tue, 14 Jan 2020 08:55:04 - INFO - Connect to DB
Tue, 14 Jan 2020 08:55:05 - INFO - TRIZMA DB import
Tue, 14 Jan 2020 08:55:05 - INFO - 123TV DB import
Tue, 14 Jan 2020 08:55:10 - INFO - Failed on 123TV DB import at: 2020-01-14_08-47-02, for following calling party: 4973179997, for agent id: 3117, with error:Missing element acd_id (importCallMetaData.acd_id)
Tue, 14 Jan 2020 08:55:39 - INFO - Connect to DB
Tue, 14 Jan 2020 08:55:39 - INFO - TRIZMA DB import
Tue, 14 Jan 2020 08:55:39 - INFO - 123TV DB import
Tue, 14 Jan 2020 08:55:44 - INFO - Failed on 123TV DB import at: 2020-01-14_08-47-02, for following calling party: 499946902387, for agent id: 3117, with error:Missing element acd_id (importCallMetaData.acd_id)
Tue, 14 Jan 2020 08:56:05 - INFO - Connect to DB
Tue, 14 Jan 2020 08:56:05 - INFO - TRIZMA DB import
Tue, 14 Jan 2020 08:56:05 - INFO - 123TV DB import
Tue, 14 Jan 2020 08:56:10 - INFO - Failed on 123TV DB import at: 2020-01-14_08-47-02, for following calling party: 4923113385448, for agent id: 3117, with error:Missing element acd_id (importCallMetaData.acd_id)
Tue, 14 Jan 2020 08:56:30 - INFO - Connect to DB
Tue, 14 Jan 2020 08:56:30 - INFO - TRIZMA DB import
Tue, 14 Jan 2020 08:56:30 - INFO - 123TV DB import
Tue, 14 Jan 2020 08:56:35 - INFO - Failed on 123TV DB import at: 2020-01-14_08-47-02, for following calling party: 49216622644, for agent id: 3117, with error:Missing element acd_id (importCallMetaData.acd_id)
Tue, 14 Jan 2020 08:56:41 - INFO - Connect to DB
Tue, 14 Jan 2020 08:56:41 - INFO - TRIZMA DB import
Tue, 14 Jan 2020 08:56:41 - INFO - 123TV DB import
Tue, 14 Jan 2020 08:56:46 - INFO - Failed on 123TV DB import at: 2020-01-14_08-47-02, for following calling party: 493601440340, for agent id: 3063, with error:Missing element acd_id (importCallMetaData.acd_id)
Tue, 14 Jan 2020 08:56:55 - INFO - Connect to DB
Tue, 14 Jan 2020 08:56:55 - INFO - TRIZMA DB import
Tue, 14 Jan 2020 08:56:55 - INFO - 123TV DB import
Tue, 14 Jan 2020 08:57:00 - INFO - Failed on 123TV DB import at: 2020-01-14_08-47-02, for following calling party: 49617271536, for agent id: 3117, with error:Missing element acd_id (importCallMetaData.acd_id)
Tue, 14 Jan 2020 08:58:48 - INFO - Connect to DB
Tue, 14 Jan 2020 08:58:48 - INFO - TRIZMA DB import
Tue, 14 Jan 2020 08:58:48 - INFO - 123TV DB import
Tue, 14 Jan 2020 08:58:53 - INFO - Failed on 123TV DB import at: 2020-01-14_08-47-02, for following calling party: 492903333, for agent id: 3117, with error:Missing element acd_id (importCallMetaData.acd_id)
Tue, 14 Jan 2020 08:59:02 - INFO - Connect to DB
Tue, 14 Jan 2020 08:59:02 - INFO - TRIZMA DB import
Tue, 14 Jan 2020 08:59:02 - INFO - 123TV DB import
Tue, 14 Jan 2020 08:59:07 - INFO - Failed on 123TV DB import at: 2020-01-14_08-47-02, for following calling party: 4923574859, for agent id: 3117, with error:Missing element acd_id (importCallMetaData.acd_id)
Tue, 14 Jan 2020 09:05:34 - INFO - Connect to DB
Tue, 14 Jan 2020 09:05:34 - INFO - TRIZMA DB import
Tue, 14 Jan 2020 09:05:34 - INFO - 123TV DB import
Tue, 14 Jan 2020 09:05:39 - INFO - Failed on 123TV DB import at: 2020-01-14_08-47-02, for following calling party: 4917652545124, for agent id: 3117, with error:Missing element acd_id (importCallMetaData.acd_id)
Tue, 14 Jan 2020 09:06:19 - INFO - Connect to DB
Tue, 14 Jan 2020 09:06:19 - INFO - TRIZMA DB import
Tue, 14 Jan 2020 09:06:20 - INFO - 123TV DB import
Tue, 14 Jan 2020 09:06:25 - INFO - Failed on 123TV DB import at: 2020-01-14_08-47-02, for following calling party: 4993916417, for agent id: 3117, with error:Missing element acd_id (importCallMetaData.acd_id)
Tue, 14 Jan 2020 09:16:45 - INFO - Connect to DB
Tue, 14 Jan 2020 09:16:45 - INFO - TRIZMA DB import
Tue, 14 Jan 2020 09:16:45 - INFO - 123TV DB import
Tue, 14 Jan 2020 09:16:50 - INFO - Failed on 123TV DB import at: 2020-01-14_08-47-02, for following calling party: 49375782581, for agent id: 3063, with error:Missing element acd_id (importCallMetaData.acd_id)
Tue, 14 Jan 2020 09:22:19 - INFO - Connect to DB
Tue, 14 Jan 2020 09:22:19 - INFO - TRIZMA DB import
Tue, 14 Jan 2020 09:22:19 - INFO - Failed on TRIZMA DB import at: 2020-01-14_08-47-02, for following calling party: 4935015062899, for agent id: trz_mglisic, with error:(pyodbc.DataError) ('22001', '[22001] [Microsoft][ODBC Driver 17 for SQL Server][SQL Server]String or binary data would be truncated. (8152) (SQLExecDirectW)')
[SQL: insert into records values('CC2Servicenummer','Belgrad','Nicht 端bermittelt','trz_mglisic',                                  '4935015062899','','Nicht 端bermittelt','4935015062899_Tuesday, January 14, 2020_10:22:16 AM')]
(Background on this error at: http://sqlalche.me/e/9h9h)
Tue, 14 Jan 2020 09:22:19 - INFO - 123TV DB import
Tue, 14 Jan 2020 09:22:24 - INFO - Failed on 123TV DB import at: 2020-01-14_08-47-02, for following calling party: 4935015062899, for agent id: 3117, with error:Missing element acd_id (importCallMetaData.acd_id)
Tue, 14 Jan 2020 09:28:49 - INFO - Connect to DB
Tue, 14 Jan 2020 09:28:49 - INFO - TRIZMA DB import
Tue, 14 Jan 2020 09:28:49 - INFO - Failed on TRIZMA DB import at: 2020-01-14_08-47-02, for following calling party: 4937344943980, for agent id: trz_smaksimovic, with error:(pyodbc.DataError) ('22001', '[22001] [Microsoft][ODBC Driver 17 for SQL Server][SQL Server]String or binary data would be truncated. (8152) (SQLExecDirectW)')
[SQL: insert into records values('CC2Servicenummer','Belgrad','Nicht 端bermittelt','trz_smaksimovic',                                  '4937344943980','','Nicht 端bermittelt','4937344943980_Tuesday, January 14, 2020_10:28:42 AM')]
(Background on this error at: http://sqlalche.me/e/9h9h)
Tue, 14 Jan 2020 09:28:49 - INFO - 123TV DB import
Tue, 14 Jan 2020 09:28:54 - INFO - Failed on 123TV DB import at: 2020-01-14_08-47-02, for following calling party: 4937344943980, for agent id: 3181, with error:Missing element acd_id (importCallMetaData.acd_id)
