Thu, 02 Jan 2020 10:45:20 - INFO - Connect to DB
Thu, 02 Jan 2020 10:45:20 - INFO - TRIZMA DB import
Thu, 02 Jan 2020 10:45:20 - INFO - Failed on TRIZMA DB import at: 2020-01-02_09-58-14, for following calling party: 496898974747, for agent id: trz_tjurjevic, with error:(pyodbc.DataError) ('22001', '[22001] [Microsoft][ODBC Driver 17 for SQL Server][SQL Server]String or binary data would be truncated. (8152) (SQLExecDirectW)')
[SQL: insert into records values('CC2Servicenummer','Belgrad','Nicht übermittelt','trz_tjurjevic',                                  '496898974747','','Nicht übermittelt','496898974747_Thursday, January 02, 2020_11:45:17 AM')]
(Background on this error at: http://sqlalche.me/e/9h9h)
Thu, 02 Jan 2020 10:45:20 - INFO - 123TV DB import
Thu, 02 Jan 2020 11:11:35 - INFO - Connect to DB
Thu, 02 Jan 2020 11:11:35 - INFO - TRIZMA DB import
Thu, 02 Jan 2020 11:11:35 - INFO - 123TV DB import
Thu, 02 Jan 2020 11:47:58 - INFO - Connect to DB
Thu, 02 Jan 2020 11:47:59 - INFO - TRIZMA DB import
Thu, 02 Jan 2020 11:47:59 - INFO - Failed on TRIZMA DB import at: 2020-01-02_09-58-14, for following calling party: 4938218898616, for agent id: trz_madamovic, with error:(pyodbc.DataError) ('22001', '[22001] [Microsoft][ODBC Driver 17 for SQL Server][SQL Server]String or binary data would be truncated. (8152) (SQLExecDirectW)')
[SQL: insert into records values('CC2Servicenummer','Belgrad','Nicht übermittelt','trz_madamovic',                                  '4938218898616','','Nicht übermittelt','4938218898616_Thursday, January 02, 2020_12:47:51 PM')]
(Background on this error at: http://sqlalche.me/e/9h9h)
Thu, 02 Jan 2020 11:47:59 - INFO - 123TV DB import
Thu, 02 Jan 2020 11:48:55 - INFO - Connect to DB
Thu, 02 Jan 2020 11:48:55 - INFO - TRIZMA DB import
Thu, 02 Jan 2020 11:48:56 - INFO - Failed on TRIZMA DB import at: 2020-01-02_09-58-14, for following calling party: 4915737476735, for agent id: trz_madamovic, with error:(pyodbc.DataError) ('22001', '[22001] [Microsoft][ODBC Driver 17 for SQL Server][SQL Server]String or binary data would be truncated. (8152) (SQLExecDirectW)')
[SQL: insert into records values('CC2Servicenummer','Belgrad','Nicht übermittelt','trz_madamovic',                                  '4915737476735','','Nicht übermittelt','4915737476735_Sunday, December 29, 2019_12:16:05 PM')]
(Background on this error at: http://sqlalche.me/e/9h9h)
Thu, 02 Jan 2020 11:48:56 - INFO - 123TV DB import
Thu, 02 Jan 2020 11:49:23 - INFO - Connect to DB
Thu, 02 Jan 2020 11:49:23 - INFO - TRIZMA DB import
Thu, 02 Jan 2020 11:49:23 - INFO - 123TV DB import
Thu, 02 Jan 2020 11:55:42 - INFO - Connect to DB
Thu, 02 Jan 2020 11:55:42 - INFO - TRIZMA DB import
Thu, 02 Jan 2020 11:55:42 - INFO - 123TV DB import
Thu, 02 Jan 2020 11:56:38 - INFO - Connect to DB
Thu, 02 Jan 2020 11:56:38 - INFO - TRIZMA DB import
Thu, 02 Jan 2020 11:56:38 - INFO - 123TV DB import
Thu, 02 Jan 2020 11:57:00 - INFO - Connect to DB
Thu, 02 Jan 2020 11:57:00 - INFO - TRIZMA DB import
Thu, 02 Jan 2020 11:57:00 - INFO - 123TV DB import
Thu, 02 Jan 2020 11:57:11 - INFO - Connect to DB
Thu, 02 Jan 2020 11:57:11 - INFO - TRIZMA DB import
Thu, 02 Jan 2020 11:57:11 - INFO - Failed on TRIZMA DB import at: 2020-01-02_09-58-14, for following calling party: 4987079385239, for agent id: trz_madamovic, with error:(pyodbc.DataError) ('22001', '[22001] [Microsoft][ODBC Driver 17 for SQL Server][SQL Server]String or binary data would be truncated. (8152) (SQLExecDirectW)')
[SQL: insert into records values('CC2Servicenummer','Belgrad','Nicht übermittelt','trz_madamovic',                                  '4987079385239','','Nicht übermittelt','4987079385239_Monday, December 30, 2019_11:02:32 AM')]
(Background on this error at: http://sqlalche.me/e/9h9h)
Thu, 02 Jan 2020 11:57:11 - INFO - 123TV DB import
Thu, 02 Jan 2020 11:57:45 - INFO - Connect to DB
Thu, 02 Jan 2020 11:57:45 - INFO - TRIZMA DB import
Thu, 02 Jan 2020 11:57:45 - INFO - 123TV DB import
Thu, 02 Jan 2020 11:57:51 - INFO - Connect to DB
Thu, 02 Jan 2020 11:57:51 - INFO - TRIZMA DB import
Thu, 02 Jan 2020 11:57:51 - INFO - 123TV DB import
Thu, 02 Jan 2020 11:57:56 - INFO - Connect to DB
Thu, 02 Jan 2020 11:57:56 - INFO - TRIZMA DB import
Thu, 02 Jan 2020 11:57:56 - INFO - 123TV DB import
Thu, 02 Jan 2020 11:58:02 - INFO - Connect to DB
Thu, 02 Jan 2020 11:58:02 - INFO - TRIZMA DB import
Thu, 02 Jan 2020 11:58:02 - INFO - 123TV DB import
Thu, 02 Jan 2020 11:58:07 - INFO - Connect to DB
Thu, 02 Jan 2020 11:58:07 - INFO - TRIZMA DB import
Thu, 02 Jan 2020 11:58:07 - INFO - 123TV DB import
Thu, 02 Jan 2020 11:58:30 - INFO - Connect to DB
Thu, 02 Jan 2020 11:58:30 - INFO - TRIZMA DB import
Thu, 02 Jan 2020 11:58:30 - INFO - 123TV DB import
Thu, 02 Jan 2020 11:58:58 - INFO - Connect to DB
Thu, 02 Jan 2020 11:58:58 - INFO - TRIZMA DB import
Thu, 02 Jan 2020 11:58:58 - INFO - Failed on TRIZMA DB import at: 2020-01-02_09-58-14, for following calling party: 493607180753, for agent id: trz_madamovic, with error:(pyodbc.DataError) ('22001', '[22001] [Microsoft][ODBC Driver 17 for SQL Server][SQL Server]String or binary data would be truncated. (8152) (SQLExecDirectW)')
[SQL: insert into records values('CC2Servicenummer','Belgrad','Nicht übermittelt','trz_madamovic',                                  '493607180753','','Nicht übermittelt','493607180753_Tuesday, December 31, 2019_10:47:16 AM')]
(Background on this error at: http://sqlalche.me/e/9h9h)
Thu, 02 Jan 2020 11:58:58 - INFO - 123TV DB import
Thu, 02 Jan 2020 11:59:03 - INFO - Connect to DB
Thu, 02 Jan 2020 11:59:04 - INFO - TRIZMA DB import
Thu, 02 Jan 2020 11:59:04 - INFO - 123TV DB import
Thu, 02 Jan 2020 11:59:15 - INFO - Connect to DB
Thu, 02 Jan 2020 11:59:15 - INFO - TRIZMA DB import
Thu, 02 Jan 2020 11:59:15 - INFO - 123TV DB import
Thu, 02 Jan 2020 11:59:54 - INFO - Connect to DB
Thu, 02 Jan 2020 11:59:54 - INFO - TRIZMA DB import
Thu, 02 Jan 2020 11:59:54 - INFO - Failed on TRIZMA DB import at: 2020-01-02_09-58-14, for following calling party: 4995151936532, for agent id: trz_madamovic, with error:(pyodbc.DataError) ('22001', '[22001] [Microsoft][ODBC Driver 17 for SQL Server][SQL Server]String or binary data would be truncated. (8152) (SQLExecDirectW)')
[SQL: insert into records values('CC2Servicenummer','Belgrad','Nicht übermittelt','trz_madamovic',                                  '4995151936532','','Nicht übermittelt','4995151936532_Tuesday, December 31, 2019_1:54:33 PM')]
(Background on this error at: http://sqlalche.me/e/9h9h)
Thu, 02 Jan 2020 11:59:54 - INFO - 123TV DB import
Thu, 02 Jan 2020 12:00:18 - INFO - Connect to DB
Thu, 02 Jan 2020 12:00:18 - INFO - TRIZMA DB import
Thu, 02 Jan 2020 12:00:18 - INFO - Failed on TRIZMA DB import at: 2020-01-02_09-58-14, for following calling party: 4917621553437, for agent id: trz_madamovic, with error:(pyodbc.DataError) ('22001', '[22001] [Microsoft][ODBC Driver 17 for SQL Server][SQL Server]String or binary data would be truncated. (8152) (SQLExecDirectW)')
[SQL: insert into records values('CC2Servicenummer','Belgrad','Nicht übermittelt','trz_madamovic',                                  '4917621553437','','Nicht übermittelt','4917621553437_Wednesday, January 01, 2020_1:02:04 PM')]
(Background on this error at: http://sqlalche.me/e/9h9h)
Thu, 02 Jan 2020 12:00:18 - INFO - 123TV DB import
Thu, 02 Jan 2020 12:00:49 - INFO - Connect to DB
Thu, 02 Jan 2020 12:00:49 - INFO - TRIZMA DB import
Thu, 02 Jan 2020 12:00:49 - INFO - Failed on TRIZMA DB import at: 2020-01-02_09-58-14, for following calling party: 4933586899732, for agent id: trz_madamovic, with error:(pyodbc.DataError) ('22001', '[22001] [Microsoft][ODBC Driver 17 for SQL Server][SQL Server]String or binary data would be truncated. (8152) (SQLExecDirectW)')
[SQL: insert into records values('CC2Servicenummer','Belgrad','Nicht übermittelt','trz_madamovic',                                  '4933586899732','','Nicht übermittelt','4933586899732_Wednesday, January 01, 2020_6:03:13 PM')]
(Background on this error at: http://sqlalche.me/e/9h9h)
Thu, 02 Jan 2020 12:00:49 - INFO - 123TV DB import
