Wed, 08 Jan 2020 11:42:54 - INFO - Connect to DB
Wed, 08 Jan 2020 11:42:54 - INFO - TRIZMA DB import
Wed, 08 Jan 2020 11:42:54 - INFO - 123TV DB import
Wed, 08 Jan 2020 11:42:59 - INFO - Failed on 123TV DB import at: 2020-01-08_11-42-17, for following calling party: 49302413787, for agent id: 3098, with error:Invalid XML content received (Start tag expected, '<' not found, line 1, column 1)
Wed, 08 Jan 2020 11:43:00 - INFO - Connect to DB
Wed, 08 Jan 2020 11:43:00 - INFO - TRIZMA DB import
Wed, 08 Jan 2020 11:43:00 - INFO - 123TV DB import
Wed, 08 Jan 2020 11:43:05 - INFO - Failed on 123TV DB import at: 2020-01-08_11-42-17, for following calling party: 495704708, for agent id: 3098, with error:Invalid XML content received (Start tag expected, '<' not found, line 1, column 1)
Wed, 08 Jan 2020 11:43:35 - INFO - Connect to DB
Wed, 08 Jan 2020 11:43:35 - INFO - TRIZMA DB import
Wed, 08 Jan 2020 11:43:35 - INFO - 123TV DB import
Wed, 08 Jan 2020 11:43:40 - INFO - Failed on 123TV DB import at: 2020-01-08_11-42-17, for following calling party: 49941997463, for agent id: 3098, with error:Invalid XML content received (Start tag expected, '<' not found, line 1, column 1)
Wed, 08 Jan 2020 11:43:57 - INFO - Connect to DB
Wed, 08 Jan 2020 11:43:57 - INFO - TRIZMA DB import
Wed, 08 Jan 2020 11:43:57 - INFO - 123TV DB import
Wed, 08 Jan 2020 11:44:02 - INFO - Failed on 123TV DB import at: 2020-01-08_11-42-17, for following calling party: 496997206957, for agent id: 3098, with error:Invalid XML content received (Start tag expected, '<' not found, line 1, column 1)
Wed, 08 Jan 2020 11:44:07 - INFO - Connect to DB
Wed, 08 Jan 2020 11:44:07 - INFO - TRIZMA DB import
Wed, 08 Jan 2020 11:44:07 - INFO - Failed on TRIZMA DB import at: 2020-01-08_11-42-17, for following calling party: 493829414193, for agent id: trz_bmaksimovic, with error:(pyodbc.DataError) ('22001', '[22001] [Microsoft][ODBC Driver 17 for SQL Server][SQL Server]String or binary data would be truncated. (8152) (SQLExecDirectW)')
[SQL: insert into records values('CC2Servicenummer','Belgrad','Nicht übermittelt','trz_bmaksimovic',                                  '493829414193','','Nicht übermittelt','493829414193_Saturday, December 28, 2019_4:34:52 PM')]
(Background on this error at: http://sqlalche.me/e/9h9h)
Wed, 08 Jan 2020 11:44:07 - INFO - 123TV DB import
Wed, 08 Jan 2020 11:44:12 - INFO - Failed on 123TV DB import at: 2020-01-08_11-42-17, for following calling party: 493829414193, for agent id: 3036, with error:Invalid XML content received (Start tag expected, '<' not found, line 1, column 1)
Wed, 08 Jan 2020 11:44:17 - INFO - Connect to DB
Wed, 08 Jan 2020 11:44:17 - INFO - TRIZMA DB import
Wed, 08 Jan 2020 11:44:17 - INFO - Failed on TRIZMA DB import at: 2020-01-08_11-42-17, for following calling party: 4933915990965, for agent id: trz_bmaksimovic, with error:(pyodbc.DataError) ('22001', '[22001] [Microsoft][ODBC Driver 17 for SQL Server][SQL Server]String or binary data would be truncated. (8152) (SQLExecDirectW)')
[SQL: insert into records values('CC2Servicenummer','Belgrad','Nicht übermittelt','trz_bmaksimovic',                                  '4933915990965','','Nicht übermittelt','4933915990965_Saturday, December 28, 2019_4:35:30 PM')]
(Background on this error at: http://sqlalche.me/e/9h9h)
Wed, 08 Jan 2020 11:44:17 - INFO - 123TV DB import
Wed, 08 Jan 2020 11:44:22 - INFO - Failed on 123TV DB import at: 2020-01-08_11-42-17, for following calling party: 4933915990965, for agent id: 3036, with error:Invalid XML content received (Start tag expected, '<' not found, line 1, column 1)
Wed, 08 Jan 2020 11:47:33 - INFO - Connect to DB
Wed, 08 Jan 2020 11:47:33 - INFO - TRIZMA DB import
Wed, 08 Jan 2020 11:47:34 - INFO - 123TV DB import
Wed, 08 Jan 2020 11:47:39 - INFO - Failed on 123TV DB import at: 2020-01-08_11-42-17, for following calling party: 497261949686, for agent id: 3098, with error:Invalid XML content received (Start tag expected, '<' not found, line 1, column 1)
Wed, 08 Jan 2020 11:49:37 - INFO - Connect to DB
Wed, 08 Jan 2020 11:49:37 - INFO - TRIZMA DB import
Wed, 08 Jan 2020 11:49:38 - INFO - 123TV DB import
Wed, 08 Jan 2020 11:49:43 - INFO - Failed on 123TV DB import at: 2020-01-08_11-42-17, for following calling party: 49621793366, for agent id: 3036, with error:Invalid XML content received (Start tag expected, '<' not found, line 1, column 1)
Wed, 08 Jan 2020 11:55:20 - INFO - Connect to DB
Wed, 08 Jan 2020 11:55:20 - INFO - TRIZMA DB import
Wed, 08 Jan 2020 11:55:20 - INFO - Failed on TRIZMA DB import at: 2020-01-08_11-42-17, for following calling party: 497454949699, for agent id: trz_bmaksimovic, with error:(pyodbc.DataError) ('22001', '[22001] [Microsoft][ODBC Driver 17 for SQL Server][SQL Server]String or binary data would be truncated. (8152) (SQLExecDirectW)')
[SQL: insert into records values('CC2Servicenummer','Belgrad','Nicht übermittelt','trz_bmaksimovic',                                  '497454949699','','Nicht übermittelt','497454949699_Saturday, December 28, 2019_5:39:20 PM')]
(Background on this error at: http://sqlalche.me/e/9h9h)
Wed, 08 Jan 2020 11:55:20 - INFO - 123TV DB import
Wed, 08 Jan 2020 11:55:25 - INFO - Failed on 123TV DB import at: 2020-01-08_11-42-17, for following calling party: 497454949699, for agent id: 3036, with error:Invalid XML content received (Start tag expected, '<' not found, line 1, column 1)
Wed, 08 Jan 2020 11:55:53 - INFO - Connect to DB
Wed, 08 Jan 2020 11:55:53 - INFO - TRIZMA DB import
Wed, 08 Jan 2020 11:55:53 - INFO - 123TV DB import
Wed, 08 Jan 2020 11:55:58 - INFO - Failed on 123TV DB import at: 2020-01-08_11-42-17, for following calling party: 4974267493, for agent id: 3036, with error:Invalid XML content received (Start tag expected, '<' not found, line 1, column 1)
