Mon, 20 Jan 2020 10:07:03 - INFO - Connect to DB
Mon, 20 Jan 2020 10:07:04 - INFO - TRIZMA DB import
Mon, 20 Jan 2020 10:07:04 - INFO - 123TV DB import
Mon, 20 Jan 2020 10:07:34 - INFO - Connect to DB
Mon, 20 Jan 2020 10:07:34 - INFO - TRIZMA DB import
Mon, 20 Jan 2020 10:07:34 - INFO - 123TV DB import
Mon, 20 Jan 2020 10:08:11 - INFO - Connect to DB
Mon, 20 Jan 2020 10:08:11 - INFO - TRIZMA DB import
Mon, 20 Jan 2020 10:08:11 - INFO - 123TV DB import
Mon, 20 Jan 2020 10:08:41 - INFO - Connect to DB
Mon, 20 Jan 2020 10:08:41 - INFO - TRIZMA DB import
Mon, 20 Jan 2020 10:08:42 - INFO - 123TV DB import
Mon, 20 Jan 2020 10:08:47 - INFO - Connect to DB
Mon, 20 Jan 2020 10:08:47 - INFO - TRIZMA DB import
Mon, 20 Jan 2020 10:08:47 - INFO - 123TV DB import
Mon, 20 Jan 2020 10:09:03 - INFO - Connect to DB
Mon, 20 Jan 2020 10:09:03 - INFO - TRIZMA DB import
Mon, 20 Jan 2020 10:09:03 - INFO - 123TV DB import
Mon, 20 Jan 2020 10:10:14 - INFO - Connect to DB
Mon, 20 Jan 2020 10:10:14 - INFO - TRIZMA DB import
Mon, 20 Jan 2020 10:10:14 - INFO - 123TV DB import
Mon, 20 Jan 2020 10:13:06 - INFO - Connect to DB
Mon, 20 Jan 2020 10:13:06 - INFO - TRIZMA DB import
Mon, 20 Jan 2020 10:13:06 - INFO - 123TV DB import
Mon, 20 Jan 2020 10:14:07 - INFO - Connect to DB
Mon, 20 Jan 2020 10:14:07 - INFO - TRIZMA DB import
Mon, 20 Jan 2020 10:14:07 - INFO - 123TV DB import
Mon, 20 Jan 2020 10:15:10 - INFO - Connect to DB
Mon, 20 Jan 2020 10:15:10 - INFO - TRIZMA DB import
Mon, 20 Jan 2020 10:15:10 - INFO - Failed on TRIZMA DB import at: 2020-01-20_10-06-37, for following calling party: 4917624253674, for agent id: trz_asilni, with error:(pyodbc.DataError) ('22001', '[22001] [Microsoft][ODBC Driver 17 for SQL Server][SQL Server]String or binary data would be truncated. (8152) (SQLExecDirectW)')
[SQL: insert into records values('CC2Servicenummer','Belgrad','Nicht übermittelt','trz_asilni',                                 '4917624253674','','Nicht übermittelt','4917624253674_Saturday, January 18, 2020_7:32:32 PM','ANA_SILNI')]
(Background on this error at: http://sqlalche.me/e/9h9h)
Mon, 20 Jan 2020 10:15:10 - INFO - 123TV DB import
Mon, 20 Jan 2020 10:15:56 - INFO - Connect to DB
Mon, 20 Jan 2020 10:15:56 - INFO - TRIZMA DB import
Mon, 20 Jan 2020 10:15:56 - INFO - 123TV DB import
Mon, 20 Jan 2020 10:17:10 - INFO - Connect to DB
Mon, 20 Jan 2020 10:17:10 - INFO - TRIZMA DB import
Mon, 20 Jan 2020 10:17:10 - INFO - 123TV DB import
