Sun, 19 Jan 2020 17:03:40 - INFO - Connect to DB
Sun, 19 Jan 2020 17:03:40 - INFO - TRIZMA DB import
Sun, 19 Jan 2020 17:03:40 - INFO - 123TV DB import
Sun, 19 Jan 2020 17:09:21 - INFO - Connect to DB
Sun, 19 Jan 2020 17:09:21 - INFO - TRIZMA DB import
Sun, 19 Jan 2020 17:09:21 - INFO - 123TV DB import
Sun, 19 Jan 2020 17:21:44 - INFO - Connect to DB
Sun, 19 Jan 2020 17:21:44 - INFO - TRIZMA DB import
Sun, 19 Jan 2020 17:21:44 - INFO - 123TV DB import
Sun, 19 Jan 2020 17:48:52 - INFO - Connect to DB
Sun, 19 Jan 2020 17:48:52 - INFO - TRIZMA DB import
Sun, 19 Jan 2020 17:48:52 - INFO - 123TV DB import
Mon, 20 Jan 2020 07:17:57 - INFO - Connect to DB
Mon, 20 Jan 2020 07:17:57 - INFO - TRIZMA DB import
Mon, 20 Jan 2020 07:17:57 - INFO - 123TV DB import
Mon, 20 Jan 2020 07:24:53 - INFO - Connect to DB
Mon, 20 Jan 2020 07:24:53 - INFO - TRIZMA DB import
Mon, 20 Jan 2020 07:24:53 - INFO - 123TV DB import
Mon, 20 Jan 2020 07:26:06 - INFO - Connect to DB
Mon, 20 Jan 2020 07:26:06 - INFO - TRIZMA DB import
Mon, 20 Jan 2020 07:26:06 - INFO - 123TV DB import
Mon, 20 Jan 2020 07:26:55 - INFO - Connect to DB
Mon, 20 Jan 2020 07:26:55 - INFO - TRIZMA DB import
Mon, 20 Jan 2020 07:26:55 - INFO - 123TV DB import
Mon, 20 Jan 2020 07:28:52 - INFO - Connect to DB
Mon, 20 Jan 2020 07:28:52 - INFO - TRIZMA DB import
Mon, 20 Jan 2020 07:28:52 - INFO - Failed on TRIZMA DB import at: 2020-01-19_15-27-28, for following calling party: 4917653166475, for agent id: trz_madamovic, with error:(pyodbc.DataError) ('22001', '[22001] [Microsoft][ODBC Driver 17 for SQL Server][SQL Server]String or binary data would be truncated. (8152) (SQLExecDirectW)')
[SQL: insert into records values('CC2Servicenummer','Belgrad','Nicht übermittelt','trz_madamovic',                                 '4917653166475','','Nicht übermittelt','4917653166475_Wednesday, January 15, 2020_1:08:41 PM','MIL_ADAMOV')]
(Background on this error at: http://sqlalche.me/e/9h9h)
Mon, 20 Jan 2020 07:28:52 - INFO - 123TV DB import
Mon, 20 Jan 2020 07:30:29 - INFO - Connect to DB
Mon, 20 Jan 2020 07:30:29 - INFO - TRIZMA DB import
Mon, 20 Jan 2020 07:30:29 - INFO - 123TV DB import
Mon, 20 Jan 2020 07:31:22 - INFO - Connect to DB
Mon, 20 Jan 2020 07:31:22 - INFO - TRIZMA DB import
Mon, 20 Jan 2020 07:31:22 - INFO - 123TV DB import
Mon, 20 Jan 2020 07:33:25 - INFO - Connect to DB
Mon, 20 Jan 2020 07:33:25 - INFO - TRIZMA DB import
Mon, 20 Jan 2020 07:33:25 - INFO - 123TV DB import
Mon, 20 Jan 2020 07:34:10 - INFO - Connect to DB
Mon, 20 Jan 2020 07:34:11 - INFO - TRIZMA DB import
Mon, 20 Jan 2020 07:34:11 - INFO - 123TV DB import
Mon, 20 Jan 2020 07:35:21 - INFO - Connect to DB
Mon, 20 Jan 2020 07:35:21 - INFO - TRIZMA DB import
Mon, 20 Jan 2020 07:35:21 - INFO - 123TV DB import
Mon, 20 Jan 2020 07:35:54 - INFO - Connect to DB
Mon, 20 Jan 2020 07:35:54 - INFO - TRIZMA DB import
Mon, 20 Jan 2020 07:35:54 - INFO - 123TV DB import
Mon, 20 Jan 2020 07:36:05 - INFO - Connect to DB
Mon, 20 Jan 2020 07:36:05 - INFO - TRIZMA DB import
Mon, 20 Jan 2020 07:36:05 - INFO - 123TV DB import
Mon, 20 Jan 2020 07:36:31 - INFO - Connect to DB
Mon, 20 Jan 2020 07:36:31 - INFO - TRIZMA DB import
Mon, 20 Jan 2020 07:36:31 - INFO - 123TV DB import
Mon, 20 Jan 2020 07:38:26 - INFO - Connect to DB
Mon, 20 Jan 2020 07:38:26 - INFO - TRIZMA DB import
Mon, 20 Jan 2020 07:38:26 - INFO - 123TV DB import
Mon, 20 Jan 2020 07:39:10 - INFO - Connect to DB
Mon, 20 Jan 2020 07:39:10 - INFO - TRIZMA DB import
Mon, 20 Jan 2020 07:39:10 - INFO - 123TV DB import
Mon, 20 Jan 2020 07:39:50 - INFO - Connect to DB
Mon, 20 Jan 2020 07:39:50 - INFO - TRIZMA DB import
Mon, 20 Jan 2020 07:39:50 - INFO - 123TV DB import
Mon, 20 Jan 2020 07:42:08 - INFO - Connect to DB
Mon, 20 Jan 2020 07:42:08 - INFO - TRIZMA DB import
Mon, 20 Jan 2020 07:42:08 - INFO - 123TV DB import
