Sat, 11 Jan 2020 08:54:33 - INFO - Connect to DB
Sat, 11 Jan 2020 08:54:34 - INFO - TRIZMA DB import
Sat, 11 Jan 2020 08:54:34 - INFO - 123TV DB import
Sat, 11 Jan 2020 08:54:39 - INFO - Failed on 123TV DB import at: 2020-01-11_08-50-58, for following calling party: 493774762662, for agent id: 3046, with error:Missing element acd_id (importCallMetaData.acd_id)
Sat, 11 Jan 2020 08:56:06 - INFO - Connect to DB
Sat, 11 Jan 2020 08:56:06 - INFO - TRIZMA DB import
Sat, 11 Jan 2020 08:56:06 - INFO - Failed on TRIZMA DB import at: 2020-01-11_08-50-58, for following calling party: 4915229040765, for agent id: trz_sstankovic, with error:(pyodbc.DataError) ('22001', '[22001] [Microsoft][ODBC Driver 17 for SQL Server][SQL Server]String or binary data would be truncated. (8152) (SQLExecDirectW)')
[SQL: insert into records values('CC2Servicenummer','Belgrad','Nicht übermittelt','trz_sstankovic',                                  '4915229040765','','Nicht übermittelt','4915229040765_Saturday, January 04, 2020_9:49:10 AM')]
(Background on this error at: http://sqlalche.me/e/9h9h)
Sat, 11 Jan 2020 08:56:06 - INFO - 123TV DB import
Sat, 11 Jan 2020 08:56:11 - INFO - Failed on 123TV DB import at: 2020-01-11_08-50-58, for following calling party: 4915229040765, for agent id: 3046, with error:Missing element acd_id (importCallMetaData.acd_id)
Sat, 11 Jan 2020 09:09:01 - INFO - Connect to DB
Sat, 11 Jan 2020 09:09:01 - INFO - TRIZMA DB import
Sat, 11 Jan 2020 09:09:01 - INFO - Failed on TRIZMA DB import at: 2020-01-11_08-50-58, for following calling party: 4917663846820, for agent id: trz_sstankovic, with error:(pyodbc.DataError) ('22001', '[22001] [Microsoft][ODBC Driver 17 for SQL Server][SQL Server]String or binary data would be truncated. (8152) (SQLExecDirectW)')
[SQL: insert into records values('CC2Servicenummer','Belgrad','Nicht übermittelt','trz_sstankovic',                                  '4917663846820','','Nicht übermittelt','4917663846820_Saturday, January 11, 2020_10:08:59 AM')]
(Background on this error at: http://sqlalche.me/e/9h9h)
Sat, 11 Jan 2020 09:09:01 - INFO - 123TV DB import
Sat, 11 Jan 2020 09:09:06 - INFO - Failed on 123TV DB import at: 2020-01-11_08-50-58, for following calling party: 4917663846820, for agent id: 3046, with error:Missing element acd_id (importCallMetaData.acd_id)
Sat, 11 Jan 2020 09:17:52 - INFO - Connect to DB
Sat, 11 Jan 2020 09:17:52 - INFO - TRIZMA DB import
Sat, 11 Jan 2020 09:17:52 - INFO - Failed on TRIZMA DB import at: 2020-01-11_08-50-58, for following calling party: 4934606367128, for agent id: trz_sstankovic, with error:(pyodbc.DataError) ('22001', '[22001] [Microsoft][ODBC Driver 17 for SQL Server][SQL Server]String or binary data would be truncated. (8152) (SQLExecDirectW)')
[SQL: insert into records values('CC2Servicenummer','Belgrad','Nicht übermittelt','trz_sstankovic',                                  '4934606367128','','Nicht übermittelt','4934606367128_Saturday, January 04, 2020_11:00:43 AM')]
(Background on this error at: http://sqlalche.me/e/9h9h)
Sat, 11 Jan 2020 09:17:52 - INFO - 123TV DB import
Sat, 11 Jan 2020 09:17:57 - INFO - Failed on 123TV DB import at: 2020-01-11_08-50-58, for following calling party: 4934606367128, for agent id: 3046, with error:Missing element acd_id (importCallMetaData.acd_id)
Sat, 11 Jan 2020 09:21:25 - INFO - Connect to DB
Sat, 11 Jan 2020 09:21:25 - INFO - TRIZMA DB import
Sat, 11 Jan 2020 09:21:25 - INFO - 123TV DB import
Sat, 11 Jan 2020 09:21:30 - INFO - Failed on 123TV DB import at: 2020-01-11_08-50-58, for following calling party: 4971478375, for agent id: 3046, with error:Missing element acd_id (importCallMetaData.acd_id)
