Mon, 06 Jan 2020 08:26:10 - INFO - Connect to DB
Mon, 06 Jan 2020 08:26:10 - INFO - TRIZMA DB import
Mon, 06 Jan 2020 08:26:10 - INFO - Failed on TRIZMA DB import at: 2020-01-06_08-23-15, for following calling party: 4915229040765, for agent id: trz_sstankovic, with error:(pyodbc.DataError) ('22001', '[22001] [Microsoft][ODBC Driver 17 for SQL Server][SQL Server]String or binary data would be truncated. (8152) (SQLExecDirectW)')
[SQL: insert into records values('CC2Servicenummer','Belgrad','Nicht 端bermittelt','trz_sstankovic',                                  '4915229040765','','Nicht 端bermittelt','4915229040765_Saturday, January 04, 2020_9:49:10 AM')]
(Background on this error at: http://sqlalche.me/e/9h9h)
Mon, 06 Jan 2020 08:26:10 - INFO - 123TV DB import
Mon, 06 Jan 2020 08:27:05 - INFO - Connect to DB
Mon, 06 Jan 2020 08:27:05 - INFO - TRIZMA DB import
Mon, 06 Jan 2020 08:27:05 - INFO - Failed on TRIZMA DB import at: 2020-01-06_08-23-15, for following calling party: 493384951407, for agent id: trz_sstankovic, with error:(pyodbc.DataError) ('22001', '[22001] [Microsoft][ODBC Driver 17 for SQL Server][SQL Server]String or binary data would be truncated. (8152) (SQLExecDirectW)')
[SQL: insert into records values('CC2Servicenummer','Belgrad','Nicht 端bermittelt','trz_sstankovic',                                  '493384951407','','Nicht 端bermittelt','493384951407_Saturday, January 04, 2020_10:18:39 AM')]
(Background on this error at: http://sqlalche.me/e/9h9h)
Mon, 06 Jan 2020 08:27:05 - INFO - 123TV DB import
Mon, 06 Jan 2020 08:27:40 - INFO - Connect to DB
Mon, 06 Jan 2020 08:27:41 - INFO - TRIZMA DB import
Mon, 06 Jan 2020 08:27:41 - INFO - 123TV DB import
Mon, 06 Jan 2020 08:27:46 - INFO - Connect to DB
Mon, 06 Jan 2020 08:27:46 - INFO - TRIZMA DB import
Mon, 06 Jan 2020 08:27:46 - INFO - 123TV DB import
Mon, 06 Jan 2020 08:28:28 - INFO - Connect to DB
Mon, 06 Jan 2020 08:28:28 - INFO - TRIZMA DB import
Mon, 06 Jan 2020 08:28:28 - INFO - 123TV DB import
