Wed, 15 Jan 2020 08:38:51 - INFO - Connect to DB
Wed, 15 Jan 2020 08:38:51 - INFO - TRIZMA DB import
Wed, 15 Jan 2020 08:38:51 - INFO - 123TV DB import
Wed, 15 Jan 2020 08:55:27 - INFO - Connect to DB
Wed, 15 Jan 2020 08:55:27 - INFO - TRIZMA DB import
Wed, 15 Jan 2020 08:55:27 - INFO - Failed on TRIZMA DB import at: 2020-01-15_08-37-06, for following calling party: 491732028282, for agent id: trz_smaksimovic, with error:(pyodbc.DataError) ('22001', '[22001] [Microsoft][ODBC Driver 17 for SQL Server][SQL Server]String or binary data would be truncated. (8152) (SQLExecDirectW)')
[SQL: insert into records values('CC2Servicenummer','Belgrad','Nicht 端bermittelt','trz_smaksimovic',                                 '491732028282','','Nicht 端bermittelt','491732028282_Wednesday, January 15, 2020_9:55:24 AM','SRD_MAKSIM')]
(Background on this error at: http://sqlalche.me/e/9h9h)
Wed, 15 Jan 2020 08:55:27 - INFO - 123TV DB import
Wed, 15 Jan 2020 09:00:24 - INFO - Connect to DB
Wed, 15 Jan 2020 09:00:25 - INFO - TRIZMA DB import
Wed, 15 Jan 2020 09:00:25 - INFO - 123TV DB import
Wed, 15 Jan 2020 09:01:55 - INFO - Connect to DB
Wed, 15 Jan 2020 09:01:55 - INFO - TRIZMA DB import
Wed, 15 Jan 2020 09:01:55 - INFO - Failed on TRIZMA DB import at: 2020-01-15_08-37-06, for following calling party: 4938871689865, for agent id: trz_vvucetic, with error:(pyodbc.DataError) ('22001', '[22001] [Microsoft][ODBC Driver 17 for SQL Server][SQL Server]String or binary data would be truncated. (8152) (SQLExecDirectW)')
[SQL: insert into records values('CC2Servicenummer','Belgrad','Nicht 端bermittelt','trz_vvucetic',                                 '4938871689865','','Nicht 端bermittelt','4938871689865_Wednesday, January 15, 2020_10:01:53 AM','VAL_VUCETI')]
(Background on this error at: http://sqlalche.me/e/9h9h)
Wed, 15 Jan 2020 09:01:55 - INFO - 123TV DB import
Wed, 15 Jan 2020 09:05:03 - INFO - Connect to DB
Wed, 15 Jan 2020 09:05:03 - INFO - TRIZMA DB import
Wed, 15 Jan 2020 09:05:03 - INFO - 123TV DB import
