Tue, 07 Jan 2020 07:54:39 - INFO - Connect to DB
Tue, 07 Jan 2020 07:54:40 - INFO - TRIZMA DB import
Tue, 07 Jan 2020 07:54:40 - INFO - 123TV DB import
Tue, 07 Jan 2020 07:54:45 - INFO - Connect to DB
Tue, 07 Jan 2020 07:54:45 - INFO - TRIZMA DB import
Tue, 07 Jan 2020 07:54:45 - INFO - 123TV DB import
Tue, 07 Jan 2020 07:57:32 - INFO - Connect to DB
Tue, 07 Jan 2020 07:57:32 - INFO - TRIZMA DB import
Tue, 07 Jan 2020 07:57:32 - INFO - Failed on TRIZMA DB import at: 2020-01-07_07-46-51, for following calling party: 4980313044396, for agent id: trz_sstankovic, with error:(pyodbc.DataError) ('22001', '[22001] [Microsoft][ODBC Driver 17 for SQL Server][SQL Server]String or binary data would be truncated. (8152) (SQLExecDirectW)')
[SQL: insert into records values('CC2Servicenummer','Belgrad','Nicht übermittelt','trz_sstankovic',                                  '4980313044396','','Nicht übermittelt','4980313044396_Thursday, January 02, 2020_3:41:17 PM')]
(Background on this error at: http://sqlalche.me/e/9h9h)
Tue, 07 Jan 2020 07:57:32 - INFO - 123TV DB import
Tue, 07 Jan 2020 08:03:29 - INFO - Connect to DB
Tue, 07 Jan 2020 08:03:29 - INFO - TRIZMA DB import
Tue, 07 Jan 2020 08:03:29 - INFO - 123TV DB import
Tue, 07 Jan 2020 08:04:00 - INFO - Connect to DB
Tue, 07 Jan 2020 08:04:00 - INFO - TRIZMA DB import
Tue, 07 Jan 2020 08:04:00 - INFO - 123TV DB import
Tue, 07 Jan 2020 08:05:29 - INFO - Connect to DB
Tue, 07 Jan 2020 08:05:29 - INFO - TRIZMA DB import
Tue, 07 Jan 2020 08:05:29 - INFO - 123TV DB import
Tue, 07 Jan 2020 08:11:49 - INFO - Connect to DB
Tue, 07 Jan 2020 08:11:49 - INFO - TRIZMA DB import
Tue, 07 Jan 2020 08:11:49 - INFO - 123TV DB import
Tue, 07 Jan 2020 08:11:59 - INFO - Connect to DB
Tue, 07 Jan 2020 08:11:59 - INFO - TRIZMA DB import
Tue, 07 Jan 2020 08:11:59 - INFO - 123TV DB import
Tue, 07 Jan 2020 08:13:34 - INFO - Connect to DB
Tue, 07 Jan 2020 08:13:34 - INFO - TRIZMA DB import
Tue, 07 Jan 2020 08:13:34 - INFO - Failed on TRIZMA DB import at: 2020-01-07_07-46-51, for following calling party: 4938344446950, for agent id: trz_sstankovic, with error:(pyodbc.DataError) ('22001', '[22001] [Microsoft][ODBC Driver 17 for SQL Server][SQL Server]String or binary data would be truncated. (8152) (SQLExecDirectW)')
[SQL: insert into records values('CC2Servicenummer','Belgrad','Nicht übermittelt','trz_sstankovic',                                  '4938344446950','','Nicht übermittelt','4938344446950_Saturday, January 04, 2020_9:32:15 AM')]
(Background on this error at: http://sqlalche.me/e/9h9h)
Tue, 07 Jan 2020 08:13:34 - INFO - 123TV DB import
Tue, 07 Jan 2020 08:18:21 - INFO - Connect to DB
Tue, 07 Jan 2020 08:18:21 - INFO - TRIZMA DB import
Tue, 07 Jan 2020 08:18:21 - INFO - 123TV DB import
Tue, 07 Jan 2020 08:20:05 - INFO - Connect to DB
Tue, 07 Jan 2020 08:20:05 - INFO - TRIZMA DB import
Tue, 07 Jan 2020 08:20:05 - INFO - 123TV DB import
Tue, 07 Jan 2020 08:24:55 - INFO - Connect to DB
Tue, 07 Jan 2020 08:24:55 - INFO - TRIZMA DB import
Tue, 07 Jan 2020 08:24:55 - INFO - 123TV DB import
Tue, 07 Jan 2020 08:25:54 - INFO - Connect to DB
Tue, 07 Jan 2020 08:25:54 - INFO - TRIZMA DB import
Tue, 07 Jan 2020 08:25:54 - INFO - 123TV DB import
Tue, 07 Jan 2020 08:28:47 - INFO - Connect to DB
Tue, 07 Jan 2020 08:28:47 - INFO - TRIZMA DB import
Tue, 07 Jan 2020 08:28:47 - INFO - 123TV DB import
Tue, 07 Jan 2020 08:31:58 - INFO - Connect to DB
Tue, 07 Jan 2020 08:31:58 - INFO - TRIZMA DB import
Tue, 07 Jan 2020 08:31:58 - INFO - Failed on TRIZMA DB import at: 2020-01-07_07-46-51, for following calling party: 4915786842201, for agent id: trz_sstankovic, with error:(pyodbc.DataError) ('22001', '[22001] [Microsoft][ODBC Driver 17 for SQL Server][SQL Server]String or binary data would be truncated. (8152) (SQLExecDirectW)')
[SQL: insert into records values('CC2Servicenummer','Belgrad','Nicht übermittelt','trz_sstankovic',                                  '4915786842201','','Nicht übermittelt','4915786842201_Saturday, January 04, 2020_3:47:02 PM')]
(Background on this error at: http://sqlalche.me/e/9h9h)
Tue, 07 Jan 2020 08:31:58 - INFO - 123TV DB import
Tue, 07 Jan 2020 08:32:12 - INFO - Connect to DB
Tue, 07 Jan 2020 08:32:12 - INFO - TRIZMA DB import
Tue, 07 Jan 2020 08:32:12 - INFO - 123TV DB import
Tue, 07 Jan 2020 08:35:46 - INFO - Connect to DB
Tue, 07 Jan 2020 08:35:46 - INFO - TRIZMA DB import
Tue, 07 Jan 2020 08:35:46 - INFO - 123TV DB import
Tue, 07 Jan 2020 08:38:36 - INFO - Connect to DB
Tue, 07 Jan 2020 08:38:36 - INFO - TRIZMA DB import
Tue, 07 Jan 2020 08:38:36 - INFO - 123TV DB import
Tue, 07 Jan 2020 08:38:48 - INFO - Connect to DB
Tue, 07 Jan 2020 08:38:48 - INFO - TRIZMA DB import
Tue, 07 Jan 2020 08:38:48 - INFO - 123TV DB import
Tue, 07 Jan 2020 08:39:39 - INFO - Connect to DB
Tue, 07 Jan 2020 08:39:39 - INFO - TRIZMA DB import
Tue, 07 Jan 2020 08:39:39 - INFO - 123TV DB import
Tue, 07 Jan 2020 08:40:05 - INFO - Connect to DB
Tue, 07 Jan 2020 08:40:05 - INFO - TRIZMA DB import
Tue, 07 Jan 2020 08:40:05 - INFO - 123TV DB import
Tue, 07 Jan 2020 08:40:27 - INFO - Connect to DB
Tue, 07 Jan 2020 08:40:27 - INFO - TRIZMA DB import
Tue, 07 Jan 2020 08:40:27 - INFO - 123TV DB import
Tue, 07 Jan 2020 08:40:41 - INFO - Connect to DB
Tue, 07 Jan 2020 08:40:41 - INFO - TRIZMA DB import
Tue, 07 Jan 2020 08:40:41 - INFO - 123TV DB import
Tue, 07 Jan 2020 08:41:06 - INFO - Connect to DB
Tue, 07 Jan 2020 08:41:06 - INFO - TRIZMA DB import
Tue, 07 Jan 2020 08:41:07 - INFO - 123TV DB import
Tue, 07 Jan 2020 08:41:28 - INFO - Connect to DB
Tue, 07 Jan 2020 08:41:28 - INFO - TRIZMA DB import
Tue, 07 Jan 2020 08:41:28 - INFO - 123TV DB import
Tue, 07 Jan 2020 08:41:51 - INFO - Connect to DB
Tue, 07 Jan 2020 08:41:51 - INFO - TRIZMA DB import
Tue, 07 Jan 2020 08:41:51 - INFO - 123TV DB import
Tue, 07 Jan 2020 08:46:30 - INFO - Connect to DB
Tue, 07 Jan 2020 08:46:30 - INFO - TRIZMA DB import
Tue, 07 Jan 2020 08:46:30 - INFO - 123TV DB import
Tue, 07 Jan 2020 08:48:46 - INFO - Connect to DB
Tue, 07 Jan 2020 08:48:46 - INFO - TRIZMA DB import
Tue, 07 Jan 2020 08:48:46 - INFO - 123TV DB import
Tue, 07 Jan 2020 08:50:39 - INFO - Connect to DB
Tue, 07 Jan 2020 08:50:39 - INFO - TRIZMA DB import
Tue, 07 Jan 2020 08:50:39 - INFO - 123TV DB import
Tue, 07 Jan 2020 09:00:30 - INFO - Connect to DB
Tue, 07 Jan 2020 09:00:30 - INFO - TRIZMA DB import
Tue, 07 Jan 2020 09:00:30 - INFO - 123TV DB import
