Sat, 18 Jan 2020 11:24:58 - INFO - Connect to DB
Sat, 18 Jan 2020 11:24:58 - INFO - TRIZMA DB import
Sat, 18 Jan 2020 11:24:58 - INFO - 123TV DB import
Sat, 18 Jan 2020 11:30:14 - INFO - Connect to DB
Sat, 18 Jan 2020 11:30:14 - INFO - TRIZMA DB import
Sat, 18 Jan 2020 11:30:14 - INFO - Failed on TRIZMA DB import at: 2020-01-18_11-24-32, for following calling party: 492751892291, for agent id: trz_tjurjevic, with error:(pyodbc.DataError) ('22001', '[22001] [Microsoft][ODBC Driver 17 for SQL Server][SQL Server]String or binary data would be truncated. (8152) (SQLExecDirectW)')
[SQL: insert into records values('CC2Servicenummer','Belgrad','Nicht übermittelt','trz_tjurjevic',                                 '492751892291','','Nicht übermittelt','492751892291_Saturday, January 18, 2020_12:30:11 PM','TAT_JURJEV')]
(Background on this error at: http://sqlalche.me/e/9h9h)
Sat, 18 Jan 2020 11:30:14 - INFO - 123TV DB import
Sat, 18 Jan 2020 11:30:51 - INFO - Connect to DB
Sat, 18 Jan 2020 11:30:52 - INFO - TRIZMA DB import
Sat, 18 Jan 2020 11:30:52 - INFO - 123TV DB import
Sat, 18 Jan 2020 11:32:05 - INFO - Connect to DB
Sat, 18 Jan 2020 11:32:05 - INFO - TRIZMA DB import
Sat, 18 Jan 2020 11:32:05 - INFO - 123TV DB import
Sat, 18 Jan 2020 11:32:23 - INFO - Connect to DB
Sat, 18 Jan 2020 11:32:23 - INFO - TRIZMA DB import
Sat, 18 Jan 2020 11:32:23 - INFO - 123TV DB import
Sat, 18 Jan 2020 11:32:55 - INFO - Connect to DB
Sat, 18 Jan 2020 11:32:55 - INFO - TRIZMA DB import
Sat, 18 Jan 2020 11:32:55 - INFO - 123TV DB import
Sat, 18 Jan 2020 11:34:07 - INFO - Connect to DB
Sat, 18 Jan 2020 11:34:07 - INFO - TRIZMA DB import
Sat, 18 Jan 2020 11:34:07 - INFO - Failed on TRIZMA DB import at: 2020-01-18_11-24-32, for following calling party: 493052685372, for agent id: trz_madamovic, with error:(pyodbc.DataError) ('22001', '[22001] [Microsoft][ODBC Driver 17 for SQL Server][SQL Server]String or binary data would be truncated. (8152) (SQLExecDirectW)')
[SQL: insert into records values('CC2Servicenummer','Belgrad','Nicht übermittelt','trz_madamovic',                                 '493052685372','','Nicht übermittelt','493052685372_Wednesday, January 15, 2020_12:57:00 PM','MIL_ADAMOV')]
(Background on this error at: http://sqlalche.me/e/9h9h)
Sat, 18 Jan 2020 11:34:07 - INFO - 123TV DB import
Sat, 18 Jan 2020 11:34:41 - INFO - Connect to DB
Sat, 18 Jan 2020 11:34:41 - INFO - TRIZMA DB import
Sat, 18 Jan 2020 11:34:41 - INFO - 123TV DB import
Sat, 18 Jan 2020 11:34:58 - INFO - Connect to DB
Sat, 18 Jan 2020 11:34:58 - INFO - TRIZMA DB import
Sat, 18 Jan 2020 11:34:58 - INFO - 123TV DB import
Sat, 18 Jan 2020 11:35:57 - INFO - Connect to DB
Sat, 18 Jan 2020 11:35:57 - INFO - TRIZMA DB import
Sat, 18 Jan 2020 11:35:57 - INFO - Failed on TRIZMA DB import at: 2020-01-18_11-24-32, for following calling party: 491627242228, for agent id: trz_madamovic, with error:(pyodbc.DataError) ('22001', '[22001] [Microsoft][ODBC Driver 17 for SQL Server][SQL Server]String or binary data would be truncated. (8152) (SQLExecDirectW)')
[SQL: insert into records values('CC2Servicenummer','Belgrad','Nicht übermittelt','trz_madamovic',                                 '491627242228','','Nicht übermittelt','491627242228_Wednesday, January 15, 2020_5:18:03 PM','MIL_ADAMOV')]
(Background on this error at: http://sqlalche.me/e/9h9h)
Sat, 18 Jan 2020 11:35:57 - INFO - 123TV DB import
