Tue, 14 Jan 2020 09:31:27 - INFO - Connect to DB
Tue, 14 Jan 2020 09:31:28 - INFO - TRIZMA DB import
Tue, 14 Jan 2020 09:31:28 - INFO - 123TV DB import
Tue, 14 Jan 2020 09:31:33 - INFO - Failed on 123TV DB import at: 2020-01-14_09-30-08, for following calling party: 497054927099, for agent id: 3117, with error:Missing element acd_id (importCallMetaData.acd_id)
Tue, 14 Jan 2020 09:43:08 - INFO - Connect to DB
Tue, 14 Jan 2020 09:43:08 - INFO - TRIZMA DB import
Tue, 14 Jan 2020 09:43:08 - INFO - 123TV DB import
Tue, 14 Jan 2020 09:43:13 - INFO - Failed on 123TV DB import at: 2020-01-14_09-30-08, for following calling party: 4951399574408, for agent id: 3098, with error:Missing element acd_id (importCallMetaData.acd_id)
Tue, 14 Jan 2020 09:44:03 - INFO - Connect to DB
Tue, 14 Jan 2020 09:44:03 - INFO - TRIZMA DB import
Tue, 14 Jan 2020 09:44:03 - INFO - 123TV DB import
Tue, 14 Jan 2020 09:44:08 - INFO - Failed on 123TV DB import at: 2020-01-14_09-30-08, for following calling party: 493464573674, for agent id: 3068, with error:Missing element acd_id (importCallMetaData.acd_id)
Tue, 14 Jan 2020 09:47:04 - INFO - Connect to DB
Tue, 14 Jan 2020 09:47:04 - INFO - TRIZMA DB import
Tue, 14 Jan 2020 09:47:04 - INFO - 123TV DB import
Tue, 14 Jan 2020 09:47:09 - INFO - Failed on 123TV DB import at: 2020-01-14_09-30-08, for following calling party: 495111318308, for agent id: 3063, with error:Missing element acd_id (importCallMetaData.acd_id)
Tue, 14 Jan 2020 09:56:08 - INFO - Connect to DB
Tue, 14 Jan 2020 09:56:08 - INFO - TRIZMA DB import
Tue, 14 Jan 2020 09:56:08 - INFO - 123TV DB import
Tue, 14 Jan 2020 09:56:13 - INFO - Failed on 123TV DB import at: 2020-01-14_09-30-08, for following calling party: 493986170845, for agent id: 3068, with error:Missing element acd_id (importCallMetaData.acd_id)
Tue, 14 Jan 2020 09:56:40 - INFO - Connect to DB
Tue, 14 Jan 2020 09:56:40 - INFO - TRIZMA DB import
Tue, 14 Jan 2020 09:56:40 - INFO - Failed on TRIZMA DB import at: 2020-01-14_09-30-08, for following calling party: 4971955886758, for agent id: trz_mglisic, with error:(pyodbc.DataError) ('22001', '[22001] [Microsoft][ODBC Driver 17 for SQL Server][SQL Server]String or binary data would be truncated. (8152) (SQLExecDirectW)')
[SQL: insert into records values('CC2Servicenummer','Belgrad','Nicht übermittelt','trz_mglisic',                                  '4971955886758','','Nicht übermittelt','4971955886758_Tuesday, January 14, 2020_10:56:36 AM')]
(Background on this error at: http://sqlalche.me/e/9h9h)
Tue, 14 Jan 2020 09:56:40 - INFO - 123TV DB import
Tue, 14 Jan 2020 09:56:45 - INFO - Failed on 123TV DB import at: 2020-01-14_09-30-08, for following calling party: 4971955886758, for agent id: 3117, with error:Missing element acd_id (importCallMetaData.acd_id)
Tue, 14 Jan 2020 10:06:11 - INFO - Connect to DB
Tue, 14 Jan 2020 10:06:11 - INFO - TRIZMA DB import
Tue, 14 Jan 2020 10:06:11 - INFO - 123TV DB import
Tue, 14 Jan 2020 10:06:16 - INFO - Failed on 123TV DB import at: 2020-01-14_09-30-08, for following calling party: 4920351871925, for agent id: 3122, with error:Missing element acd_id (importCallMetaData.acd_id)
