Tue, 07 Jan 2020 08:04:40 - INFO - Connect to DB
Tue, 07 Jan 2020 08:04:40 - INFO - TRIZMA DB import
Tue, 07 Jan 2020 08:04:41 - INFO - 123TV DB import
Tue, 07 Jan 2020 08:05:20 - INFO - Connect to DB
Tue, 07 Jan 2020 08:05:20 - INFO - TRIZMA DB import
Tue, 07 Jan 2020 08:05:20 - INFO - 123TV DB import
Tue, 07 Jan 2020 08:05:26 - INFO - Connect to DB
Tue, 07 Jan 2020 08:05:26 - INFO - TRIZMA DB import
Tue, 07 Jan 2020 08:05:26 - INFO - 123TV DB import
Tue, 07 Jan 2020 08:11:33 - INFO - Connect to DB
Tue, 07 Jan 2020 08:11:33 - INFO - TRIZMA DB import
Tue, 07 Jan 2020 08:11:33 - INFO - 123TV DB import
Tue, 07 Jan 2020 08:12:39 - INFO - Connect to DB
Tue, 07 Jan 2020 08:12:39 - INFO - TRIZMA DB import
Tue, 07 Jan 2020 08:12:39 - INFO - 123TV DB import
Tue, 07 Jan 2020 08:13:04 - INFO - Connect to DB
Tue, 07 Jan 2020 08:13:04 - INFO - TRIZMA DB import
Tue, 07 Jan 2020 08:13:04 - INFO - 123TV DB import
Tue, 07 Jan 2020 08:14:00 - INFO - Connect to DB
Tue, 07 Jan 2020 08:14:00 - INFO - TRIZMA DB import
Tue, 07 Jan 2020 08:14:00 - INFO - 123TV DB import
Tue, 07 Jan 2020 08:14:09 - INFO - Connect to DB
Tue, 07 Jan 2020 08:14:09 - INFO - TRIZMA DB import
Tue, 07 Jan 2020 08:14:09 - INFO - Failed on TRIZMA DB import at: 2020-01-07_07-58-52, for following calling party: 493384951407, for agent id: trz_sstankovic, with error:(pyodbc.DataError) ('22001', '[22001] [Microsoft][ODBC Driver 17 for SQL Server][SQL Server]String or binary data would be truncated. (8152) (SQLExecDirectW)')
[SQL: insert into records values('CC2Servicenummer','Belgrad','Nicht übermittelt','trz_sstankovic',                                  '493384951407','','Nicht übermittelt','493384951407_Saturday, January 04, 2020_10:18:39 AM')]
(Background on this error at: http://sqlalche.me/e/9h9h)
Tue, 07 Jan 2020 08:14:09 - INFO - 123TV DB import
Tue, 07 Jan 2020 08:14:35 - INFO - Connect to DB
Tue, 07 Jan 2020 08:14:35 - INFO - TRIZMA DB import
Tue, 07 Jan 2020 08:14:35 - INFO - Failed on TRIZMA DB import at: 2020-01-07_07-58-52, for following calling party: 4938412430150, for agent id: trz_sstankovic, with error:(pyodbc.DataError) ('22001', '[22001] [Microsoft][ODBC Driver 17 for SQL Server][SQL Server]String or binary data would be truncated. (8152) (SQLExecDirectW)')
[SQL: insert into records values('CC2Servicenummer','Belgrad','Nicht übermittelt','trz_sstankovic',                                  '4938412430150','','Nicht übermittelt','4938412430150_Saturday, January 04, 2020_10:43:02 AM')]
(Background on this error at: http://sqlalche.me/e/9h9h)
Tue, 07 Jan 2020 08:14:35 - INFO - 123TV DB import
Tue, 07 Jan 2020 08:19:01 - INFO - Connect to DB
Tue, 07 Jan 2020 08:19:01 - INFO - TRIZMA DB import
Tue, 07 Jan 2020 08:19:01 - INFO - 123TV DB import
Tue, 07 Jan 2020 08:19:55 - INFO - Connect to DB
Tue, 07 Jan 2020 08:19:55 - INFO - TRIZMA DB import
Tue, 07 Jan 2020 08:19:55 - INFO - 123TV DB import
Tue, 07 Jan 2020 08:20:04 - INFO - Connect to DB
Tue, 07 Jan 2020 08:20:04 - INFO - TRIZMA DB import
Tue, 07 Jan 2020 08:20:04 - INFO - 123TV DB import
Tue, 07 Jan 2020 08:20:10 - INFO - Connect to DB
Tue, 07 Jan 2020 08:20:10 - INFO - TRIZMA DB import
Tue, 07 Jan 2020 08:20:10 - INFO - 123TV DB import
Tue, 07 Jan 2020 08:24:38 - INFO - Connect to DB
Tue, 07 Jan 2020 08:24:38 - INFO - TRIZMA DB import
Tue, 07 Jan 2020 08:24:38 - INFO - 123TV DB import
Tue, 07 Jan 2020 08:25:27 - INFO - Connect to DB
Tue, 07 Jan 2020 08:25:27 - INFO - TRIZMA DB import
Tue, 07 Jan 2020 08:25:27 - INFO - 123TV DB import
Tue, 07 Jan 2020 08:25:42 - INFO - Connect to DB
Tue, 07 Jan 2020 08:25:42 - INFO - TRIZMA DB import
Tue, 07 Jan 2020 08:25:42 - INFO - Failed on TRIZMA DB import at: 2020-01-07_07-58-52, for following calling party: 4917655936571, for agent id: trz_sstankovic, with error:(pyodbc.DataError) ('22001', '[22001] [Microsoft][ODBC Driver 17 for SQL Server][SQL Server]String or binary data would be truncated. (8152) (SQLExecDirectW)')
[SQL: insert into records values('CC2Servicenummer','Belgrad','Nicht übermittelt','trz_sstankovic',                                  '4917655936571','','Nicht übermittelt','4917655936571_Saturday, January 04, 2020_2:08:10 PM')]
(Background on this error at: http://sqlalche.me/e/9h9h)
Tue, 07 Jan 2020 08:25:42 - INFO - 123TV DB import
Tue, 07 Jan 2020 08:27:18 - INFO - Connect to DB
Tue, 07 Jan 2020 08:27:18 - INFO - TRIZMA DB import
Tue, 07 Jan 2020 08:27:18 - INFO - 123TV DB import
Tue, 07 Jan 2020 08:31:03 - INFO - Connect to DB
Tue, 07 Jan 2020 08:31:03 - INFO - TRIZMA DB import
Tue, 07 Jan 2020 08:31:03 - INFO - Failed on TRIZMA DB import at: 2020-01-07_07-58-52, for following calling party: 4917623964688, for agent id: trz_sstankovic, with error:(pyodbc.DataError) ('22001', '[22001] [Microsoft][ODBC Driver 17 for SQL Server][SQL Server]String or binary data would be truncated. (8152) (SQLExecDirectW)')
[SQL: insert into records values('CC2Servicenummer','Belgrad','Nicht übermittelt','trz_sstankovic',                                  '4917623964688','','Nicht übermittelt','4917623964688_Saturday, January 04, 2020_2:51:33 PM')]
(Background on this error at: http://sqlalche.me/e/9h9h)
Tue, 07 Jan 2020 08:31:03 - INFO - 123TV DB import
Tue, 07 Jan 2020 08:34:54 - INFO - Connect to DB
Tue, 07 Jan 2020 08:34:54 - INFO - TRIZMA DB import
Tue, 07 Jan 2020 08:34:54 - INFO - 123TV DB import
Tue, 07 Jan 2020 08:35:00 - INFO - Connect to DB
Tue, 07 Jan 2020 08:35:00 - INFO - TRIZMA DB import
Tue, 07 Jan 2020 08:35:00 - INFO - 123TV DB import
