Wed, 15 Jan 2020 17:50:22 - INFO - Connect to DB
Wed, 15 Jan 2020 17:50:22 - INFO - TRIZMA DB import
Wed, 15 Jan 2020 17:50:22 - INFO - Failed on TRIZMA DB import at: 2020-01-15_17-34-26, for following calling party: 4982333892700, for agent id: trz_bmaksimovic, with error:(pyodbc.DataError) ('22001', '[22001] [Microsoft][ODBC Driver 17 for SQL Server][SQL Server]String or binary data would be truncated. (8152) (SQLExecDirectW)')
[SQL: insert into records values('CC2Servicenummer','Belgrad','Nicht übermittelt','trz_bmaksimovic',                                 '4982333892700','','Nicht übermittelt','4982333892700_Wednesday, January 15, 2020_6:50:17 PM','BOR_MAKSIM')]
(Background on this error at: http://sqlalche.me/e/9h9h)
Wed, 15 Jan 2020 17:50:22 - INFO - 123TV DB import
Wed, 15 Jan 2020 18:21:54 - INFO - Connect to DB
Wed, 15 Jan 2020 18:21:54 - INFO - TRIZMA DB import
Wed, 15 Jan 2020 18:21:54 - INFO - Failed on TRIZMA DB import at: 2020-01-15_17-34-26, for following calling party: 4939485667322, for agent id: trz_asilni, with error:(pyodbc.DataError) ('22001', '[22001] [Microsoft][ODBC Driver 17 for SQL Server][SQL Server]String or binary data would be truncated. (8152) (SQLExecDirectW)')
[SQL: insert into records values('CC2Servicenummer','Belgrad','Nicht übermittelt','trz_asilni',                                 '4939485667322','','Nicht übermittelt','4939485667322_Wednesday, January 15, 2020_7:21:40 PM','ANA_SILNI')]
(Background on this error at: http://sqlalche.me/e/9h9h)
Wed, 15 Jan 2020 18:21:54 - INFO - 123TV DB import
Wed, 15 Jan 2020 18:40:15 - INFO - Connect to DB
Wed, 15 Jan 2020 18:40:15 - INFO - TRIZMA DB import
Wed, 15 Jan 2020 18:40:15 - INFO - Failed on TRIZMA DB import at: 2020-01-15_17-34-26, for following calling party: 4915222964299, for agent id: trz_madamovic, with error:(pyodbc.DataError) ('22001', '[22001] [Microsoft][ODBC Driver 17 for SQL Server][SQL Server]String or binary data would be truncated. (8152) (SQLExecDirectW)')
[SQL: insert into records values('CC2Servicenummer','Belgrad','Nicht übermittelt','trz_madamovic',                                 '4915222964299','','Nicht übermittelt','4915222964299_Wednesday, January 15, 2020_7:40:11 PM','MIL_ADAMOV')]
(Background on this error at: http://sqlalche.me/e/9h9h)
Wed, 15 Jan 2020 18:40:15 - INFO - 123TV DB import
Thu, 16 Jan 2020 07:10:48 - INFO - Connect to DB
Thu, 16 Jan 2020 07:10:49 - INFO - TRIZMA DB import
Thu, 16 Jan 2020 07:10:49 - INFO - 123TV DB import
