Sat, 18 Jan 2020 11:04:21 - INFO - Connect to DB
Sat, 18 Jan 2020 11:04:21 - INFO - TRIZMA DB import
Sat, 18 Jan 2020 11:04:21 - INFO - 123TV DB import
Sat, 18 Jan 2020 11:07:46 - INFO - Connect to DB
Sat, 18 Jan 2020 11:07:46 - INFO - TRIZMA DB import
Sat, 18 Jan 2020 11:07:46 - INFO - 123TV DB import
Sat, 18 Jan 2020 11:08:10 - INFO - Connect to DB
Sat, 18 Jan 2020 11:08:10 - INFO - TRIZMA DB import
Sat, 18 Jan 2020 11:08:10 - INFO - Failed on TRIZMA DB import at: 2020-01-18_11-02-08, for following calling party: 4939485667322, for agent id: trz_asilni, with error:(pyodbc.DataError) ('22001', '[22001] [Microsoft][ODBC Driver 17 for SQL Server][SQL Server]String or binary data would be truncated. (8152) (SQLExecDirectW)')
[SQL: insert into records values('CC2Servicenummer','Belgrad','Nicht übermittelt','trz_asilni',                                 '4939485667322','','Nicht übermittelt','4939485667322_Wednesday, January 15, 2020_7:21:40 PM','ANA_SILNI')]
(Background on this error at: http://sqlalche.me/e/9h9h)
Sat, 18 Jan 2020 11:08:10 - INFO - 123TV DB import
Sat, 18 Jan 2020 11:08:26 - INFO - Connect to DB
Sat, 18 Jan 2020 11:08:26 - INFO - TRIZMA DB import
Sat, 18 Jan 2020 11:08:26 - INFO - Failed on TRIZMA DB import at: 2020-01-18_11-02-08, for following calling party: 493301573773, for agent id: trz_asilni, with error:(pyodbc.DataError) ('22001', '[22001] [Microsoft][ODBC Driver 17 for SQL Server][SQL Server]String or binary data would be truncated. (8152) (SQLExecDirectW)')
[SQL: insert into records values('CC2Servicenummer','Belgrad','Nicht übermittelt','trz_asilni',                                 '493301573773','','Nicht übermittelt','493301573773_Wednesday, January 15, 2020_7:49:25 PM','ANA_SILNI')]
(Background on this error at: http://sqlalche.me/e/9h9h)
Sat, 18 Jan 2020 11:08:26 - INFO - 123TV DB import
Sat, 18 Jan 2020 11:13:32 - INFO - Connect to DB
Sat, 18 Jan 2020 11:13:32 - INFO - TRIZMA DB import
Sat, 18 Jan 2020 11:13:32 - INFO - 123TV DB import
Sat, 18 Jan 2020 11:13:38 - INFO - Connect to DB
Sat, 18 Jan 2020 11:13:38 - INFO - TRIZMA DB import
Sat, 18 Jan 2020 11:13:38 - INFO - 123TV DB import
Sat, 18 Jan 2020 11:19:47 - INFO - Connect to DB
Sat, 18 Jan 2020 11:19:47 - INFO - TRIZMA DB import
Sat, 18 Jan 2020 11:19:48 - INFO - 123TV DB import
Sat, 18 Jan 2020 11:21:02 - INFO - Connect to DB
Sat, 18 Jan 2020 11:21:02 - INFO - TRIZMA DB import
Sat, 18 Jan 2020 11:21:02 - INFO - 123TV DB import
Sat, 18 Jan 2020 11:24:24 - INFO - Connect to DB
Sat, 18 Jan 2020 11:24:24 - INFO - TRIZMA DB import
Sat, 18 Jan 2020 11:24:24 - INFO - 123TV DB import
Sat, 18 Jan 2020 11:24:29 - INFO - Connect to DB
Sat, 18 Jan 2020 11:24:29 - INFO - TRIZMA DB import
Sat, 18 Jan 2020 11:24:29 - INFO - 123TV DB import
Sat, 18 Jan 2020 11:25:13 - INFO - Connect to DB
Sat, 18 Jan 2020 11:25:13 - INFO - TRIZMA DB import
Sat, 18 Jan 2020 11:25:13 - INFO - 123TV DB import
Sat, 18 Jan 2020 11:26:34 - INFO - Connect to DB
Sat, 18 Jan 2020 11:26:34 - INFO - TRIZMA DB import
Sat, 18 Jan 2020 11:26:34 - INFO - 123TV DB import
Sat, 18 Jan 2020 11:31:03 - INFO - Connect to DB
Sat, 18 Jan 2020 11:31:03 - INFO - TRIZMA DB import
Sat, 18 Jan 2020 11:31:03 - INFO - 123TV DB import
Sat, 18 Jan 2020 11:31:20 - INFO - Connect to DB
Sat, 18 Jan 2020 11:31:20 - INFO - TRIZMA DB import
Sat, 18 Jan 2020 11:31:20 - INFO - 123TV DB import
Sat, 18 Jan 2020 11:32:17 - INFO - Connect to DB
Sat, 18 Jan 2020 11:32:17 - INFO - TRIZMA DB import
Sat, 18 Jan 2020 11:32:17 - INFO - 123TV DB import
Sat, 18 Jan 2020 11:32:27 - INFO - Connect to DB
Sat, 18 Jan 2020 11:32:27 - INFO - TRIZMA DB import
Sat, 18 Jan 2020 11:32:28 - INFO - 123TV DB import
Sat, 18 Jan 2020 11:32:50 - INFO - Connect to DB
Sat, 18 Jan 2020 11:32:50 - INFO - TRIZMA DB import
Sat, 18 Jan 2020 11:32:50 - INFO - 123TV DB import
Sat, 18 Jan 2020 11:34:01 - INFO - Connect to DB
Sat, 18 Jan 2020 11:34:01 - INFO - TRIZMA DB import
Sat, 18 Jan 2020 11:34:02 - INFO - Failed on TRIZMA DB import at: 2020-01-18_11-02-08, for following calling party: 493762947945, for agent id: trz_madamovic, with error:(pyodbc.DataError) ('22001', '[22001] [Microsoft][ODBC Driver 17 for SQL Server][SQL Server]String or binary data would be truncated. (8152) (SQLExecDirectW)')
[SQL: insert into records values('CC2Servicenummer','Belgrad','Nicht übermittelt','trz_madamovic',                                 '493762947945','','Nicht übermittelt','493762947945_Wednesday, January 15, 2020_12:33:14 PM','MIL_ADAMOV')]
(Background on this error at: http://sqlalche.me/e/9h9h)
Sat, 18 Jan 2020 11:34:02 - INFO - 123TV DB import
Sat, 18 Jan 2020 11:34:46 - INFO - Connect to DB
Sat, 18 Jan 2020 11:34:47 - INFO - TRIZMA DB import
Sat, 18 Jan 2020 11:34:47 - INFO - Failed on TRIZMA DB import at: 2020-01-18_11-02-08, for following calling party: 497062910344, for agent id: trz_madamovic, with error:(pyodbc.DataError) ('22001', '[22001] [Microsoft][ODBC Driver 17 for SQL Server][SQL Server]String or binary data would be truncated. (8152) (SQLExecDirectW)')
[SQL: insert into records values('CC2Servicenummer','Belgrad','Nicht übermittelt','trz_madamovic',                                 '497062910344','','Nicht übermittelt','497062910344_Wednesday, January 15, 2020_2:47:05 PM','MIL_ADAMOV')]
(Background on this error at: http://sqlalche.me/e/9h9h)
Sat, 18 Jan 2020 11:34:47 - INFO - 123TV DB import
Sat, 18 Jan 2020 11:35:03 - INFO - Connect to DB
Sat, 18 Jan 2020 11:35:04 - INFO - TRIZMA DB import
Sat, 18 Jan 2020 11:35:04 - INFO - 123TV DB import
