Sat, 11 Jan 2020 11:54:47 - INFO - Connect to DB
Sat, 11 Jan 2020 11:54:48 - INFO - TRIZMA DB import
Sat, 11 Jan 2020 11:54:48 - INFO - 123TV DB import
Sat, 11 Jan 2020 11:54:53 - INFO - Failed on 123TV DB import at: 2020-01-11_11-51-24, for following calling party: 493443203777, for agent id: 3067, with error:Missing element acd_id (importCallMetaData.acd_id)
Sat, 11 Jan 2020 11:55:42 - INFO - Connect to DB
Sat, 11 Jan 2020 11:55:42 - INFO - TRIZMA DB import
Sat, 11 Jan 2020 11:55:42 - INFO - Failed on TRIZMA DB import at: 2020-01-11_11-51-24, for following calling party: 496331230999, for agent id: trz_madamovic, with error:(pyodbc.DataError) ('22001', '[22001] [Microsoft][ODBC Driver 17 for SQL Server][SQL Server]String or binary data would be truncated. (8152) (SQLExecDirectW)')
[SQL: insert into records values('CC2Servicenummer','Belgrad','Nicht übermittelt','trz_madamovic',                                  '496331230999','','Nicht übermittelt','496331230999_Wednesday, January 01, 2020_6:43:57 PM')]
(Background on this error at: http://sqlalche.me/e/9h9h)
Sat, 11 Jan 2020 11:55:42 - INFO - 123TV DB import
Sat, 11 Jan 2020 11:55:47 - INFO - Failed on 123TV DB import at: 2020-01-11_11-51-24, for following calling party: 496331230999, for agent id: 3067, with error:Missing element acd_id (importCallMetaData.acd_id)
Sat, 11 Jan 2020 11:55:59 - INFO - Connect to DB
Sat, 11 Jan 2020 11:55:59 - INFO - TRIZMA DB import
Sat, 11 Jan 2020 11:55:59 - INFO - Failed on TRIZMA DB import at: 2020-01-11_11-51-24, for following calling party: 4921168784129, for agent id: trz_madamovic, with error:(pyodbc.DataError) ('22001', '[22001] [Microsoft][ODBC Driver 17 for SQL Server][SQL Server]String or binary data would be truncated. (8152) (SQLExecDirectW)')
[SQL: insert into records values('CC2Servicenummer','Belgrad','Nicht übermittelt','trz_madamovic',                                  '4921168784129','','Nicht übermittelt','4921168784129_Thursday, January 02, 2020_2:53:51 PM')]
(Background on this error at: http://sqlalche.me/e/9h9h)
Sat, 11 Jan 2020 11:55:59 - INFO - 123TV DB import
Sat, 11 Jan 2020 11:56:04 - INFO - Failed on 123TV DB import at: 2020-01-11_11-51-24, for following calling party: 4921168784129, for agent id: 3067, with error:Missing element acd_id (importCallMetaData.acd_id)
Sat, 11 Jan 2020 11:56:37 - INFO - Connect to DB
Sat, 11 Jan 2020 11:56:37 - INFO - TRIZMA DB import
Sat, 11 Jan 2020 11:56:37 - INFO - 123TV DB import
Sat, 11 Jan 2020 11:56:42 - INFO - Failed on 123TV DB import at: 2020-01-11_11-51-24, for following calling party: 492213602810, for agent id: 3067, with error:Missing element acd_id (importCallMetaData.acd_id)
Sat, 11 Jan 2020 11:57:13 - INFO - Connect to DB
Sat, 11 Jan 2020 11:57:13 - INFO - TRIZMA DB import
Sat, 11 Jan 2020 11:57:13 - INFO - 123TV DB import
Sat, 11 Jan 2020 11:57:18 - INFO - Failed on 123TV DB import at: 2020-01-11_11-51-24, for following calling party: 492213602810, for agent id: 3067, with error:Missing element acd_id (importCallMetaData.acd_id)
Sat, 11 Jan 2020 11:57:19 - INFO - Connect to DB
Sat, 11 Jan 2020 11:57:19 - INFO - TRIZMA DB import
Sat, 11 Jan 2020 11:57:19 - INFO - Failed on TRIZMA DB import at: 2020-01-11_11-51-24, for following calling party: 4915221667256, for agent id: trz_madamovic, with error:(pyodbc.DataError) ('22001', '[22001] [Microsoft][ODBC Driver 17 for SQL Server][SQL Server]String or binary data would be truncated. (8152) (SQLExecDirectW)')
[SQL: insert into records values('CC2Servicenummer','Belgrad','Nicht übermittelt','trz_madamovic',                                  '4915221667256','','Nicht übermittelt','4915221667256_Thursday, January 02, 2020_7:35:49 PM')]
(Background on this error at: http://sqlalche.me/e/9h9h)
Sat, 11 Jan 2020 11:57:19 - INFO - 123TV DB import
Sat, 11 Jan 2020 11:57:24 - INFO - Failed on 123TV DB import at: 2020-01-11_11-51-24, for following calling party: 4915221667256, for agent id: 3067, with error:Missing element acd_id (importCallMetaData.acd_id)
Sat, 11 Jan 2020 12:02:52 - INFO - Connect to DB
Sat, 11 Jan 2020 12:02:52 - INFO - TRIZMA DB import
Sat, 11 Jan 2020 12:02:52 - INFO - 123TV DB import
Sat, 11 Jan 2020 12:02:57 - INFO - Failed on 123TV DB import at: 2020-01-11_11-51-24, for following calling party: 4944217495722, for agent id: 3067, with error:Missing element acd_id (importCallMetaData.acd_id)
Sat, 11 Jan 2020 12:03:03 - INFO - Connect to DB
Sat, 11 Jan 2020 12:03:03 - INFO - TRIZMA DB import
Sat, 11 Jan 2020 12:03:03 - INFO - 123TV DB import
Sat, 11 Jan 2020 12:03:08 - INFO - Failed on 123TV DB import at: 2020-01-11_11-51-24, for following calling party: 4937636036058, for agent id: 3067, with error:Missing element acd_id (importCallMetaData.acd_id)
Sat, 11 Jan 2020 12:03:31 - INFO - Connect to DB
Sat, 11 Jan 2020 12:03:31 - INFO - TRIZMA DB import
Sat, 11 Jan 2020 12:03:31 - INFO - 123TV DB import
Sat, 11 Jan 2020 12:03:36 - INFO - Failed on 123TV DB import at: 2020-01-11_11-51-24, for following calling party: 493821812717, for agent id: 3067, with error:Missing element acd_id (importCallMetaData.acd_id)
Sat, 11 Jan 2020 12:04:15 - INFO - Connect to DB
Sat, 11 Jan 2020 12:04:15 - INFO - TRIZMA DB import
Sat, 11 Jan 2020 12:04:15 - INFO - 123TV DB import
Sat, 11 Jan 2020 12:04:20 - INFO - Failed on 123TV DB import at: 2020-01-11_11-51-24, for following calling party: 4970818722, for agent id: 3067, with error:Missing element acd_id (importCallMetaData.acd_id)
Sat, 11 Jan 2020 12:05:16 - INFO - Connect to DB
Sat, 11 Jan 2020 12:05:16 - INFO - TRIZMA DB import
Sat, 11 Jan 2020 12:05:16 - INFO - 123TV DB import
Sat, 11 Jan 2020 12:05:21 - INFO - Failed on 123TV DB import at: 2020-01-11_11-51-24, for following calling party: 4955231567, for agent id: 3067, with error:Missing element acd_id (importCallMetaData.acd_id)
Sat, 11 Jan 2020 12:06:08 - INFO - Connect to DB
Sat, 11 Jan 2020 12:06:08 - INFO - TRIZMA DB import
Sat, 11 Jan 2020 12:06:08 - INFO - Failed on TRIZMA DB import at: 2020-01-11_11-51-24, for following calling party: 491729259425, for agent id: trz_madamovic, with error:(pyodbc.DataError) ('22001', '[22001] [Microsoft][ODBC Driver 17 for SQL Server][SQL Server]String or binary data would be truncated. (8152) (SQLExecDirectW)')
[SQL: insert into records values('CC2Servicenummer','Belgrad','Nicht übermittelt','trz_madamovic',                                  '491729259425','','Nicht übermittelt','491729259425_Wednesday, January 08, 2020_10:18:24 AM')]
(Background on this error at: http://sqlalche.me/e/9h9h)
Sat, 11 Jan 2020 12:06:08 - INFO - 123TV DB import
Sat, 11 Jan 2020 12:06:13 - INFO - Failed on 123TV DB import at: 2020-01-11_11-51-24, for following calling party: 491729259425, for agent id: 3067, with error:Missing element acd_id (importCallMetaData.acd_id)
Sat, 11 Jan 2020 12:06:24 - INFO - Connect to DB
Sat, 11 Jan 2020 12:06:24 - INFO - TRIZMA DB import
Sat, 11 Jan 2020 12:06:24 - INFO - Failed on TRIZMA DB import at: 2020-01-11_11-51-24, for following calling party: 49307066241, for agent id: trz_madamovic, with error:(pyodbc.DataError) ('22001', '[22001] [Microsoft][ODBC Driver 17 for SQL Server][SQL Server]String or binary data would be truncated. (8152) (SQLExecDirectW)')
[SQL: insert into records values('CC2Servicenummer','Belgrad','Nicht übermittelt','trz_madamovic',                                  '49307066241','','Nicht übermittelt','49307066241_Wednesday, January 08, 2020_11:15:38 AM')]
(Background on this error at: http://sqlalche.me/e/9h9h)
Sat, 11 Jan 2020 12:06:24 - INFO - 123TV DB import
Sat, 11 Jan 2020 12:06:29 - INFO - Failed on 123TV DB import at: 2020-01-11_11-51-24, for following calling party: 49307066241, for agent id: 3067, with error:Missing element acd_id (importCallMetaData.acd_id)
Sat, 11 Jan 2020 12:06:29 - INFO - Connect to DB
Sat, 11 Jan 2020 12:06:29 - INFO - TRIZMA DB import
Sat, 11 Jan 2020 12:06:29 - INFO - Failed on TRIZMA DB import at: 2020-01-11_11-51-24, for following calling party: 491792492219, for agent id: trz_madamovic, with error:(pyodbc.DataError) ('22001', '[22001] [Microsoft][ODBC Driver 17 for SQL Server][SQL Server]String or binary data would be truncated. (8152) (SQLExecDirectW)')
[SQL: insert into records values('CC2Servicenummer','Belgrad','Nicht übermittelt','trz_madamovic',                                  '491792492219','','Nicht übermittelt','491792492219_Wednesday, January 08, 2020_11:26:04 AM')]
(Background on this error at: http://sqlalche.me/e/9h9h)
Sat, 11 Jan 2020 12:06:29 - INFO - 123TV DB import
Sat, 11 Jan 2020 12:06:35 - INFO - Failed on 123TV DB import at: 2020-01-11_11-51-24, for following calling party: 491792492219, for agent id: 3067, with error:Missing element acd_id (importCallMetaData.acd_id)
