Wed, 22 Jan 2020 08:31:27 - INFO - Connect to DB
Wed, 22 Jan 2020 08:31:28 - INFO - TRIZMA DB import
Wed, 22 Jan 2020 08:31:28 - INFO - Failed on TRIZMA DB import at: 2020-01-22_08-27-00, for following calling party: 493643513675, for agent id: trz_madamovic, with error:(pyodbc.DataError) ('22001', '[22001] [Microsoft][ODBC Driver 17 for SQL Server][SQL Server]String or binary data would be truncated. (8152) (SQLExecDirectW)')
[SQL: insert into records values('CC2Servicenummer','Belgrad','Nicht übermittelt','trz_madamovic',                                 '493643513675','','Nicht übermittelt','493643513675_Wednesday, January 22, 2020_9:31:19 AM','MIL_ADAMOV')]
(Background on this error at: http://sqlalche.me/e/9h9h)
Wed, 22 Jan 2020 08:31:28 - INFO - 123TV DB import
Wed, 22 Jan 2020 08:32:42 - INFO - Connect to DB
Wed, 22 Jan 2020 08:32:43 - INFO - TRIZMA DB import
Wed, 22 Jan 2020 08:32:43 - INFO - Failed on TRIZMA DB import at: 2020-01-22_08-27-00, for following calling party: 4934462279863, for agent id: trz_sstankovic, with error:(pyodbc.DataError) ('22001', '[22001] [Microsoft][ODBC Driver 17 for SQL Server][SQL Server]String or binary data would be truncated. (8152) (SQLExecDirectW)')
[SQL: insert into records values('CC2Servicenummer','Belgrad','Nicht übermittelt','trz_sstankovic',                                 '4934462279863','','Nicht übermittelt','4934462279863_Saturday, January 18, 2020_10:21:09 AM','SAR_STANKO')]
(Background on this error at: http://sqlalche.me/e/9h9h)
Wed, 22 Jan 2020 08:32:43 - INFO - 123TV DB import
Wed, 22 Jan 2020 08:34:29 - INFO - Connect to DB
Wed, 22 Jan 2020 08:34:29 - INFO - TRIZMA DB import
Wed, 22 Jan 2020 08:34:29 - INFO - Failed on TRIZMA DB import at: 2020-01-22_08-27-00, for following calling party: 496221863629, for agent id: trz_sstankovic, with error:(pyodbc.DataError) ('22001', '[22001] [Microsoft][ODBC Driver 17 for SQL Server][SQL Server]String or binary data would be truncated. (8152) (SQLExecDirectW)')
[SQL: insert into records values('CC2Servicenummer','Belgrad','Nicht übermittelt','trz_sstankovic',                                 '496221863629','','Nicht übermittelt','496221863629_Saturday, January 18, 2020_12:50:10 PM','SAR_STANKO')]
(Background on this error at: http://sqlalche.me/e/9h9h)
Wed, 22 Jan 2020 08:34:29 - INFO - 123TV DB import
Wed, 22 Jan 2020 08:35:15 - INFO - Connect to DB
Wed, 22 Jan 2020 08:35:15 - INFO - TRIZMA DB import
Wed, 22 Jan 2020 08:35:15 - INFO - Failed on TRIZMA DB import at: 2020-01-22_08-27-00, for following calling party: 4915208338775, for agent id: trz_sstankovic, with error:(pyodbc.DataError) ('22001', '[22001] [Microsoft][ODBC Driver 17 for SQL Server][SQL Server]String or binary data would be truncated. (8152) (SQLExecDirectW)')
[SQL: insert into records values('CC2Servicenummer','Belgrad','Nicht übermittelt','trz_sstankovic',                                 '4915208338775','','Nicht übermittelt','4915208338775_Wednesday, January 22, 2020_9:35:13 AM','SAR_STANKO')]
(Background on this error at: http://sqlalche.me/e/9h9h)
Wed, 22 Jan 2020 08:35:15 - INFO - 123TV DB import
