Wed, 15 Jan 2020 11:27:46 - INFO - Connect to DB
Wed, 15 Jan 2020 11:27:46 - INFO - TRIZMA DB import
Wed, 15 Jan 2020 11:27:46 - INFO - Failed on TRIZMA DB import at: 2020-01-15_11-22-21, for following calling party: 49304237062, for agent id: trz_madamovic, with error:(pyodbc.DataError) ('22001', '[22001] [Microsoft][ODBC Driver 17 for SQL Server][SQL Server]String or binary data would be truncated. (8152) (SQLExecDirectW)')
[SQL: insert into records values('CC2Servicenummer','Belgrad','Nicht 端bermittelt','trz_madamovic',                                 '49304237062','','Nicht 端bermittelt','49304237062_Wednesday, January 15, 2020_12:27:36 PM','MIL_ADAMOV')]
(Background on this error at: http://sqlalche.me/e/9h9h)
Wed, 15 Jan 2020 11:27:46 - INFO - 123TV DB import
Wed, 15 Jan 2020 11:28:28 - INFO - Connect to DB
Wed, 15 Jan 2020 11:28:28 - INFO - TRIZMA DB import
Wed, 15 Jan 2020 11:28:28 - INFO - 123TV DB import
Wed, 15 Jan 2020 11:29:15 - INFO - Connect to DB
Wed, 15 Jan 2020 11:29:15 - INFO - TRIZMA DB import
Wed, 15 Jan 2020 11:29:15 - INFO - 123TV DB import
Wed, 15 Jan 2020 11:29:55 - INFO - Connect to DB
Wed, 15 Jan 2020 11:29:55 - INFO - TRIZMA DB import
Wed, 15 Jan 2020 11:29:55 - INFO - 123TV DB import
Wed, 15 Jan 2020 11:30:00 - INFO - Connect to DB
Wed, 15 Jan 2020 11:30:00 - INFO - TRIZMA DB import
Wed, 15 Jan 2020 11:30:00 - INFO - 123TV DB import
Wed, 15 Jan 2020 11:30:06 - INFO - Connect to DB
Wed, 15 Jan 2020 11:30:06 - INFO - TRIZMA DB import
Wed, 15 Jan 2020 11:30:06 - INFO - 123TV DB import
Wed, 15 Jan 2020 11:30:38 - INFO - Connect to DB
Wed, 15 Jan 2020 11:30:38 - INFO - TRIZMA DB import
Wed, 15 Jan 2020 11:30:38 - INFO - 123TV DB import
Wed, 15 Jan 2020 11:31:10 - INFO - Connect to DB
Wed, 15 Jan 2020 11:31:10 - INFO - TRIZMA DB import
Wed, 15 Jan 2020 11:31:10 - INFO - 123TV DB import
Wed, 15 Jan 2020 11:31:47 - INFO - Connect to DB
Wed, 15 Jan 2020 11:31:47 - INFO - TRIZMA DB import
Wed, 15 Jan 2020 11:31:47 - INFO - 123TV DB import
Wed, 15 Jan 2020 11:33:15 - INFO - Connect to DB
Wed, 15 Jan 2020 11:33:15 - INFO - TRIZMA DB import
Wed, 15 Jan 2020 11:33:15 - INFO - 123TV DB import
Wed, 15 Jan 2020 11:33:23 - INFO - Connect to DB
Wed, 15 Jan 2020 11:33:23 - INFO - TRIZMA DB import
Wed, 15 Jan 2020 11:33:23 - INFO - Failed on TRIZMA DB import at: 2020-01-15_11-22-21, for following calling party: 493762947945, for agent id: trz_madamovic, with error:(pyodbc.DataError) ('22001', '[22001] [Microsoft][ODBC Driver 17 for SQL Server][SQL Server]String or binary data would be truncated. (8152) (SQLExecDirectW)')
[SQL: insert into records values('CC2Servicenummer','Belgrad','Nicht 端bermittelt','trz_madamovic',                                 '493762947945','','Nicht 端bermittelt','493762947945_Wednesday, January 15, 2020_12:33:14 PM','MIL_ADAMOV')]
(Background on this error at: http://sqlalche.me/e/9h9h)
Wed, 15 Jan 2020 11:33:23 - INFO - 123TV DB import
Wed, 15 Jan 2020 11:33:38 - INFO - Connect to DB
Wed, 15 Jan 2020 11:33:38 - INFO - TRIZMA DB import
Wed, 15 Jan 2020 11:33:38 - INFO - 123TV DB import
