Thu, 09 Jan 2020 12:47:44 - INFO - Connect to DB
Thu, 09 Jan 2020 12:47:45 - INFO - TRIZMA DB import
Thu, 09 Jan 2020 12:47:45 - INFO - 123TV DB import
Thu, 09 Jan 2020 12:51:44 - INFO - Connect to DB
Thu, 09 Jan 2020 12:51:44 - INFO - TRIZMA DB import
Thu, 09 Jan 2020 12:51:44 - INFO - Failed on TRIZMA DB import at: 2020-01-09_12-47-42, for following calling party: 4941069769898, for agent id: trz_madamovic, with error:(pyodbc.DataError) ('22001', '[22001] [Microsoft][ODBC Driver 17 for SQL Server][SQL Server]String or binary data would be truncated. (8152) (SQLExecDirectW)')
[SQL: insert into records values('CC2Servicenummer','Belgrad','Nicht 端bermittelt','trz_madamovic',                                  '4941069769898','','Nicht 端bermittelt','4941069769898_Thursday, January 09, 2020_1:51:39 PM')]
(Background on this error at: http://sqlalche.me/e/9h9h)
Thu, 09 Jan 2020 12:51:44 - INFO - 123TV DB import
Thu, 09 Jan 2020 12:53:58 - INFO - Connect to DB
Thu, 09 Jan 2020 12:53:59 - INFO - TRIZMA DB import
Thu, 09 Jan 2020 12:53:59 - INFO - Failed on TRIZMA DB import at: 2020-01-09_12-47-42, for following calling party: 4953217477850, for agent id: trz_hjovic, with error:(pyodbc.DataError) ('22001', '[22001] [Microsoft][ODBC Driver 17 for SQL Server][SQL Server]String or binary data would be truncated. (8152) (SQLExecDirectW)')
[SQL: insert into records values('CC2Servicenummer','Belgrad','Nicht 端bermittelt','trz_hjovic',                                  '4953217477850','','Nicht 端bermittelt','4953217477850_Thursday, January 09, 2020_1:53:57 PM')]
(Background on this error at: http://sqlalche.me/e/9h9h)
Thu, 09 Jan 2020 12:53:59 - INFO - 123TV DB import
Thu, 09 Jan 2020 12:56:12 - INFO - Connect to DB
Thu, 09 Jan 2020 12:56:12 - INFO - TRIZMA DB import
Thu, 09 Jan 2020 12:56:12 - INFO - 123TV DB import
Thu, 09 Jan 2020 12:57:16 - INFO - Connect to DB
Thu, 09 Jan 2020 12:57:16 - INFO - TRIZMA DB import
Thu, 09 Jan 2020 12:57:16 - INFO - 123TV DB import
Thu, 09 Jan 2020 13:00:08 - INFO - Connect to DB
Thu, 09 Jan 2020 13:00:08 - INFO - TRIZMA DB import
Thu, 09 Jan 2020 13:00:08 - INFO - 123TV DB import
