Sat, 18 Jan 2020 10:58:18 - INFO - Connect to DB
Sat, 18 Jan 2020 10:58:18 - INFO - TRIZMA DB import
Sat, 18 Jan 2020 10:58:18 - INFO - Failed on TRIZMA DB import at: 2020-01-18_10-57-32, for following calling party: 4948112081161, for agent id: trz_asilni, with error:(pyodbc.DataError) ('22001', '[22001] [Microsoft][ODBC Driver 17 for SQL Server][SQL Server]String or binary data would be truncated. (8152) (SQLExecDirectW)')
[SQL: insert into records values('CC2Servicenummer','Belgrad','Nicht übermittelt','trz_asilni',                                 '4948112081161','','Nicht übermittelt','4948112081161_Wednesday, January 15, 2020_2:19:58 PM','ANA_SILNI')]
(Background on this error at: http://sqlalche.me/e/9h9h)
Sat, 18 Jan 2020 10:58:18 - INFO - 123TV DB import
Sat, 18 Jan 2020 10:58:36 - INFO - Connect to DB
Sat, 18 Jan 2020 10:58:36 - INFO - TRIZMA DB import
Sat, 18 Jan 2020 10:58:36 - INFO - Failed on TRIZMA DB import at: 2020-01-18_10-57-32, for following calling party: 497193931053, for agent id: trz_asilni, with error:(pyodbc.DataError) ('22001', '[22001] [Microsoft][ODBC Driver 17 for SQL Server][SQL Server]String or binary data would be truncated. (8152) (SQLExecDirectW)')
[SQL: insert into records values('CC2Servicenummer','Belgrad','Nicht übermittelt','trz_asilni',                                 '497193931053','','Nicht übermittelt','497193931053_Wednesday, January 15, 2020_2:40:56 PM','ANA_SILNI')]
(Background on this error at: http://sqlalche.me/e/9h9h)
Sat, 18 Jan 2020 10:58:36 - INFO - 123TV DB import
Sat, 18 Jan 2020 10:58:42 - INFO - Connect to DB
Sat, 18 Jan 2020 10:58:42 - INFO - TRIZMA DB import
Sat, 18 Jan 2020 10:58:42 - INFO - 123TV DB import
Sat, 18 Jan 2020 10:58:47 - INFO - Connect to DB
Sat, 18 Jan 2020 10:58:47 - INFO - TRIZMA DB import
Sat, 18 Jan 2020 10:58:47 - INFO - Failed on TRIZMA DB import at: 2020-01-18_10-57-32, for following calling party: 495722893701, for agent id: trz_asilni, with error:(pyodbc.DataError) ('22001', '[22001] [Microsoft][ODBC Driver 17 for SQL Server][SQL Server]String or binary data would be truncated. (8152) (SQLExecDirectW)')
[SQL: insert into records values('CC2Servicenummer','Belgrad','Nicht übermittelt','trz_asilni',                                 '495722893701','','Nicht übermittelt','495722893701_Wednesday, January 15, 2020_3:02:12 PM','ANA_SILNI')]
(Background on this error at: http://sqlalche.me/e/9h9h)
Sat, 18 Jan 2020 10:58:47 - INFO - 123TV DB import
Sat, 18 Jan 2020 11:00:39 - INFO - Connect to DB
Sat, 18 Jan 2020 11:00:39 - INFO - TRIZMA DB import
Sat, 18 Jan 2020 11:00:39 - INFO - 123TV DB import
Sat, 18 Jan 2020 11:01:54 - INFO - Connect to DB
Sat, 18 Jan 2020 11:01:54 - INFO - TRIZMA DB import
Sat, 18 Jan 2020 11:01:54 - INFO - 123TV DB import
Sat, 18 Jan 2020 11:03:23 - INFO - Connect to DB
Sat, 18 Jan 2020 11:03:23 - INFO - TRIZMA DB import
Sat, 18 Jan 2020 11:03:23 - INFO - 123TV DB import
Sat, 18 Jan 2020 11:12:31 - INFO - Connect to DB
Sat, 18 Jan 2020 11:12:31 - INFO - TRIZMA DB import
Sat, 18 Jan 2020 11:12:31 - INFO - Failed on TRIZMA DB import at: 2020-01-18_10-57-32, for following calling party: 495219150962, for agent id: trz_tjurjevic, with error:(pyodbc.DataError) ('22001', '[22001] [Microsoft][ODBC Driver 17 for SQL Server][SQL Server]String or binary data would be truncated. (8152) (SQLExecDirectW)')
[SQL: insert into records values('CC2Servicenummer','Belgrad','Nicht übermittelt','trz_tjurjevic',                                 '495219150962','','Nicht übermittelt','495219150962_Saturday, January 18, 2020_12:12:29 PM','TAT_JURJEV')]
(Background on this error at: http://sqlalche.me/e/9h9h)
Sat, 18 Jan 2020 11:12:31 - INFO - 123TV DB import
Sat, 18 Jan 2020 11:14:24 - INFO - Connect to DB
Sat, 18 Jan 2020 11:14:24 - INFO - TRIZMA DB import
Sat, 18 Jan 2020 11:14:24 - INFO - 123TV DB import
Sat, 18 Jan 2020 11:18:47 - INFO - Connect to DB
Sat, 18 Jan 2020 11:18:47 - INFO - TRIZMA DB import
Sat, 18 Jan 2020 11:18:47 - INFO - 123TV DB import
Sat, 18 Jan 2020 11:19:30 - INFO - Connect to DB
Sat, 18 Jan 2020 11:19:30 - INFO - TRIZMA DB import
Sat, 18 Jan 2020 11:19:30 - INFO - 123TV DB import
Sat, 18 Jan 2020 11:19:36 - INFO - Connect to DB
Sat, 18 Jan 2020 11:19:36 - INFO - TRIZMA DB import
Sat, 18 Jan 2020 11:19:36 - INFO - 123TV DB import
Sat, 18 Jan 2020 11:24:01 - INFO - Connect to DB
Sat, 18 Jan 2020 11:24:01 - INFO - TRIZMA DB import
Sat, 18 Jan 2020 11:24:01 - INFO - Failed on TRIZMA DB import at: 2020-01-18_10-57-32, for following calling party: 4934672687461, for agent id: trz_madamovic, with error:(pyodbc.DataError) ('22001', '[22001] [Microsoft][ODBC Driver 17 for SQL Server][SQL Server]String or binary data would be truncated. (8152) (SQLExecDirectW)')
[SQL: insert into records values('CC2Servicenummer','Belgrad','Nicht übermittelt','trz_madamovic',                                 '4934672687461','','Nicht übermittelt','4934672687461_Saturday, January 18, 2020_12:23:49 PM','MIL_ADAMOV')]
(Background on this error at: http://sqlalche.me/e/9h9h)
Sat, 18 Jan 2020 11:24:01 - INFO - 123TV DB import
Sat, 18 Jan 2020 11:25:28 - INFO - Connect to DB
Sat, 18 Jan 2020 11:25:28 - INFO - TRIZMA DB import
Sat, 18 Jan 2020 11:25:28 - INFO - 123TV DB import
Sat, 18 Jan 2020 11:25:34 - INFO - Connect to DB
Sat, 18 Jan 2020 11:25:34 - INFO - TRIZMA DB import
Sat, 18 Jan 2020 11:25:34 - INFO - 123TV DB import
Sat, 18 Jan 2020 11:26:13 - INFO - Connect to DB
Sat, 18 Jan 2020 11:26:13 - INFO - TRIZMA DB import
Sat, 18 Jan 2020 11:26:13 - INFO - 123TV DB import
Sat, 18 Jan 2020 11:26:40 - INFO - Connect to DB
Sat, 18 Jan 2020 11:26:40 - INFO - TRIZMA DB import
Sat, 18 Jan 2020 11:26:40 - INFO - 123TV DB import
Sat, 18 Jan 2020 11:27:08 - INFO - Connect to DB
Sat, 18 Jan 2020 11:27:08 - INFO - TRIZMA DB import
Sat, 18 Jan 2020 11:27:08 - INFO - 123TV DB import
Sat, 18 Jan 2020 11:32:16 - INFO - Connect to DB
Sat, 18 Jan 2020 11:32:16 - INFO - TRIZMA DB import
Sat, 18 Jan 2020 11:32:16 - INFO - 123TV DB import
Sat, 18 Jan 2020 11:32:22 - INFO - Connect to DB
Sat, 18 Jan 2020 11:32:22 - INFO - TRIZMA DB import
Sat, 18 Jan 2020 11:32:22 - INFO - 123TV DB import
Sat, 18 Jan 2020 11:32:39 - INFO - Connect to DB
Sat, 18 Jan 2020 11:32:39 - INFO - TRIZMA DB import
Sat, 18 Jan 2020 11:32:39 - INFO - 123TV DB import
Sat, 18 Jan 2020 11:33:01 - INFO - Connect to DB
Sat, 18 Jan 2020 11:33:01 - INFO - TRIZMA DB import
Sat, 18 Jan 2020 11:33:01 - INFO - 123TV DB import
Sat, 18 Jan 2020 11:33:56 - INFO - Connect to DB
Sat, 18 Jan 2020 11:33:56 - INFO - TRIZMA DB import
Sat, 18 Jan 2020 11:33:56 - INFO - Failed on TRIZMA DB import at: 2020-01-18_10-57-32, for following calling party: 49304237062, for agent id: trz_madamovic, with error:(pyodbc.DataError) ('22001', '[22001] [Microsoft][ODBC Driver 17 for SQL Server][SQL Server]String or binary data would be truncated. (8152) (SQLExecDirectW)')
[SQL: insert into records values('CC2Servicenummer','Belgrad','Nicht übermittelt','trz_madamovic',                                 '49304237062','','Nicht übermittelt','49304237062_Wednesday, January 15, 2020_12:27:36 PM','MIL_ADAMOV')]
(Background on this error at: http://sqlalche.me/e/9h9h)
Sat, 18 Jan 2020 11:33:56 - INFO - 123TV DB import
Sat, 18 Jan 2020 11:34:13 - INFO - Connect to DB
Sat, 18 Jan 2020 11:34:13 - INFO - TRIZMA DB import
Sat, 18 Jan 2020 11:34:13 - INFO - Failed on TRIZMA DB import at: 2020-01-18_10-57-32, for following calling party: 4917653166475, for agent id: trz_madamovic, with error:(pyodbc.DataError) ('22001', '[22001] [Microsoft][ODBC Driver 17 for SQL Server][SQL Server]String or binary data would be truncated. (8152) (SQLExecDirectW)')
[SQL: insert into records values('CC2Servicenummer','Belgrad','Nicht übermittelt','trz_madamovic',                                 '4917653166475','','Nicht übermittelt','4917653166475_Wednesday, January 15, 2020_1:08:41 PM','MIL_ADAMOV')]
(Background on this error at: http://sqlalche.me/e/9h9h)
Sat, 18 Jan 2020 11:34:13 - INFO - 123TV DB import
Sat, 18 Jan 2020 11:34:18 - INFO - Connect to DB
Sat, 18 Jan 2020 11:34:18 - INFO - TRIZMA DB import
Sat, 18 Jan 2020 11:34:19 - INFO - Failed on TRIZMA DB import at: 2020-01-18_10-57-32, for following calling party: 491781751585, for agent id: trz_madamovic, with error:(pyodbc.DataError) ('22001', '[22001] [Microsoft][ODBC Driver 17 for SQL Server][SQL Server]String or binary data would be truncated. (8152) (SQLExecDirectW)')
[SQL: insert into records values('CC2Servicenummer','Belgrad','Nicht übermittelt','trz_madamovic',                                 '491781751585','','Nicht übermittelt','491781751585_Wednesday, January 15, 2020_1:22:34 PM','MIL_ADAMOV')]
(Background on this error at: http://sqlalche.me/e/9h9h)
Sat, 18 Jan 2020 11:34:19 - INFO - 123TV DB import
Sat, 18 Jan 2020 11:34:52 - INFO - Connect to DB
Sat, 18 Jan 2020 11:34:52 - INFO - TRIZMA DB import
Sat, 18 Jan 2020 11:34:52 - INFO - Failed on TRIZMA DB import at: 2020-01-18_10-57-32, for following calling party: 493853921080, for agent id: trz_madamovic, with error:(pyodbc.DataError) ('22001', '[22001] [Microsoft][ODBC Driver 17 for SQL Server][SQL Server]String or binary data would be truncated. (8152) (SQLExecDirectW)')
[SQL: insert into records values('CC2Servicenummer','Belgrad','Nicht übermittelt','trz_madamovic',                                 '493853921080','','Nicht übermittelt','493853921080_Wednesday, January 15, 2020_2:57:56 PM','MIL_ADAMOV')]
(Background on this error at: http://sqlalche.me/e/9h9h)
Sat, 18 Jan 2020 11:34:52 - INFO - 123TV DB import
Sat, 18 Jan 2020 11:35:19 - INFO - Connect to DB
Sat, 18 Jan 2020 11:35:19 - INFO - TRIZMA DB import
Sat, 18 Jan 2020 11:35:19 - INFO - 123TV DB import
Sat, 18 Jan 2020 11:35:25 - INFO - Connect to DB
Sat, 18 Jan 2020 11:35:25 - INFO - TRIZMA DB import
Sat, 18 Jan 2020 11:35:25 - INFO - 123TV DB import
Sat, 18 Jan 2020 11:35:31 - INFO - Connect to DB
Sat, 18 Jan 2020 11:35:31 - INFO - TRIZMA DB import
Sat, 18 Jan 2020 11:35:31 - INFO - 123TV DB import
Sat, 18 Jan 2020 11:46:23 - INFO - Connect to DB
Sat, 18 Jan 2020 11:46:23 - INFO - TRIZMA DB import
Sat, 18 Jan 2020 11:46:24 - INFO - Failed on TRIZMA DB import at: 2020-01-18_10-57-32, for following calling party: 4915222964299, for agent id: trz_madamovic, with error:(pyodbc.DataError) ('22001', '[22001] [Microsoft][ODBC Driver 17 for SQL Server][SQL Server]String or binary data would be truncated. (8152) (SQLExecDirectW)')
[SQL: insert into records values('CC2Servicenummer','Belgrad','Nicht übermittelt','trz_madamovic',                                 '4915222964299','','Nicht übermittelt','4915222964299_Wednesday, January 15, 2020_7:40:11 PM','MIL_ADAMOV')]
(Background on this error at: http://sqlalche.me/e/9h9h)
Sat, 18 Jan 2020 11:46:24 - INFO - 123TV DB import
Sat, 18 Jan 2020 11:46:29 - INFO - Connect to DB
Sat, 18 Jan 2020 11:46:29 - INFO - TRIZMA DB import
Sat, 18 Jan 2020 11:46:29 - INFO - 123TV DB import
Sat, 18 Jan 2020 11:46:54 - INFO - Connect to DB
Sat, 18 Jan 2020 11:46:54 - INFO - TRIZMA DB import
Sat, 18 Jan 2020 11:46:54 - INFO - 123TV DB import
Sat, 18 Jan 2020 11:52:15 - INFO - Connect to DB
Sat, 18 Jan 2020 11:52:15 - INFO - TRIZMA DB import
Sat, 18 Jan 2020 11:52:15 - INFO - Failed on TRIZMA DB import at: 2020-01-18_10-57-32, for following calling party: 4923158034795, for agent id: trz_madamovic, with error:(pyodbc.DataError) ('22001', '[22001] [Microsoft][ODBC Driver 17 for SQL Server][SQL Server]String or binary data would be truncated. (8152) (SQLExecDirectW)')
[SQL: insert into records values('CC2Servicenummer','Belgrad','Nicht übermittelt','trz_madamovic',                                 '4923158034795','','Nicht übermittelt','4923158034795_Thursday, January 16, 2020_9:18:45 AM','MIL_ADAMOV')]
(Background on this error at: http://sqlalche.me/e/9h9h)
Sat, 18 Jan 2020 11:52:15 - INFO - 123TV DB import
