Fri, 17 Jan 2020 11:15:16 - INFO - Connect to DB
Fri, 17 Jan 2020 11:15:17 - INFO - TRIZMA DB import
Fri, 17 Jan 2020 11:15:17 - INFO - 123TV DB import
Fri, 17 Jan 2020 11:15:43 - INFO - Connect to DB
Fri, 17 Jan 2020 11:15:43 - INFO - TRIZMA DB import
Fri, 17 Jan 2020 11:15:43 - INFO - 123TV DB import
Fri, 17 Jan 2020 11:16:19 - INFO - Connect to DB
Fri, 17 Jan 2020 11:16:19 - INFO - TRIZMA DB import
Fri, 17 Jan 2020 11:16:19 - INFO - Failed on TRIZMA DB import at: 2020-01-17_11-14-20, for following calling party: 493939281556, for agent id: trz_asilni, with error:(pyodbc.DataError) ('22001', '[22001] [Microsoft][ODBC Driver 17 for SQL Server][SQL Server]String or binary data would be truncated. (8152) (SQLExecDirectW)')
[SQL: insert into records values('CC2Servicenummer','Belgrad','Nicht übermittelt','trz_asilni',                                 '493939281556','','Nicht übermittelt','493939281556_Wednesday, January 15, 2020_5:08:15 PM','ANA_SILNI')]
(Background on this error at: http://sqlalche.me/e/9h9h)
Fri, 17 Jan 2020 11:16:19 - INFO - 123TV DB import
Fri, 17 Jan 2020 11:16:25 - INFO - Connect to DB
Fri, 17 Jan 2020 11:16:25 - INFO - TRIZMA DB import
Fri, 17 Jan 2020 11:16:25 - INFO - Failed on TRIZMA DB import at: 2020-01-17_11-14-20, for following calling party: 493054591525, for agent id: trz_asilni, with error:(pyodbc.DataError) ('22001', '[22001] [Microsoft][ODBC Driver 17 for SQL Server][SQL Server]String or binary data would be truncated. (8152) (SQLExecDirectW)')
[SQL: insert into records values('CC2Servicenummer','Belgrad','Nicht übermittelt','trz_asilni',                                 '493054591525','','Nicht übermittelt','493054591525_Wednesday, January 15, 2020_5:26:09 PM','ANA_SILNI')]
(Background on this error at: http://sqlalche.me/e/9h9h)
Fri, 17 Jan 2020 11:16:25 - INFO - 123TV DB import
Fri, 17 Jan 2020 11:16:46 - INFO - Connect to DB
Fri, 17 Jan 2020 11:16:46 - INFO - TRIZMA DB import
Fri, 17 Jan 2020 11:16:46 - INFO - Failed on TRIZMA DB import at: 2020-01-17_11-14-20, for following calling party: 491624977905, for agent id: trz_asilni, with error:(pyodbc.DataError) ('22001', '[22001] [Microsoft][ODBC Driver 17 for SQL Server][SQL Server]String or binary data would be truncated. (8152) (SQLExecDirectW)')
[SQL: insert into records values('CC2Servicenummer','Belgrad','Nicht übermittelt','trz_asilni',                                 '491624977905','','Nicht übermittelt','491624977905_Wednesday, January 15, 2020_6:34:50 PM','ANA_SILNI')]
(Background on this error at: http://sqlalche.me/e/9h9h)
Fri, 17 Jan 2020 11:16:46 - INFO - 123TV DB import
Fri, 17 Jan 2020 11:18:12 - INFO - Connect to DB
Fri, 17 Jan 2020 11:18:12 - INFO - TRIZMA DB import
Fri, 17 Jan 2020 11:18:12 - INFO - 123TV DB import
Fri, 17 Jan 2020 11:19:06 - INFO - Connect to DB
Fri, 17 Jan 2020 11:19:06 - INFO - TRIZMA DB import
Fri, 17 Jan 2020 11:19:07 - INFO - 123TV DB import
Fri, 17 Jan 2020 11:21:08 - INFO - Connect to DB
Fri, 17 Jan 2020 11:21:08 - INFO - TRIZMA DB import
Fri, 17 Jan 2020 11:21:08 - INFO - 123TV DB import
Fri, 17 Jan 2020 11:21:51 - INFO - Connect to DB
Fri, 17 Jan 2020 11:21:51 - INFO - TRIZMA DB import
Fri, 17 Jan 2020 11:21:51 - INFO - 123TV DB import
Fri, 17 Jan 2020 11:27:33 - INFO - Connect to DB
Fri, 17 Jan 2020 11:27:33 - INFO - TRIZMA DB import
Fri, 17 Jan 2020 11:27:33 - INFO - 123TV DB import
