Fri, 17 Jan 2020 11:47:05 - INFO - Connect to DB
Fri, 17 Jan 2020 11:47:05 - INFO - TRIZMA DB import
Fri, 17 Jan 2020 11:47:05 - INFO - 123TV DB import
Fri, 17 Jan 2020 11:50:05 - INFO - Connect to DB
Fri, 17 Jan 2020 11:50:05 - INFO - TRIZMA DB import
Fri, 17 Jan 2020 11:50:05 - INFO - 123TV DB import
Fri, 17 Jan 2020 11:51:03 - INFO - Connect to DB
Fri, 17 Jan 2020 11:51:03 - INFO - TRIZMA DB import
Fri, 17 Jan 2020 11:51:03 - INFO - Failed on TRIZMA DB import at: 2020-01-17_11-45-52, for following calling party: 4935549937470, for agent id: trz_madamovic, with error:(pyodbc.DataError) ('22001', '[22001] [Microsoft][ODBC Driver 17 for SQL Server][SQL Server]String or binary data would be truncated. (8152) (SQLExecDirectW)')
[SQL: insert into records values('CC2Servicenummer','Belgrad','Nicht übermittelt','trz_madamovic',                                 '4935549937470','','Nicht übermittelt','4935549937470_Thursday, January 16, 2020_1:29:02 PM','MIL_ADAMOV')]
(Background on this error at: http://sqlalche.me/e/9h9h)
Fri, 17 Jan 2020 11:51:03 - INFO - 123TV DB import
Fri, 17 Jan 2020 11:51:36 - INFO - Connect to DB
Fri, 17 Jan 2020 11:51:36 - INFO - TRIZMA DB import
Fri, 17 Jan 2020 11:51:36 - INFO - 123TV DB import
Fri, 17 Jan 2020 11:51:42 - INFO - Connect to DB
Fri, 17 Jan 2020 11:51:42 - INFO - TRIZMA DB import
Fri, 17 Jan 2020 11:51:42 - INFO - 123TV DB import
Fri, 17 Jan 2020 11:51:47 - INFO - Connect to DB
Fri, 17 Jan 2020 11:51:47 - INFO - TRIZMA DB import
Fri, 17 Jan 2020 11:51:47 - INFO - 123TV DB import
Fri, 17 Jan 2020 11:57:25 - INFO - Connect to DB
Fri, 17 Jan 2020 11:57:25 - INFO - TRIZMA DB import
Fri, 17 Jan 2020 11:57:25 - INFO - 123TV DB import
