Tue, 14 Jan 2020 10:37:22 - INFO - Connect to DB
Tue, 14 Jan 2020 10:37:22 - INFO - TRIZMA DB import
Tue, 14 Jan 2020 10:37:22 - INFO - 123TV DB import
Tue, 14 Jan 2020 10:37:27 - INFO - Failed on 123TV DB import at: 2020-01-14_10-33-18, for following calling party: 49805189278, for agent id: 3181, with error:Missing element acd_id (importCallMetaData.acd_id)
Tue, 14 Jan 2020 10:41:08 - INFO - Connect to DB
Tue, 14 Jan 2020 10:41:08 - INFO - TRIZMA DB import
Tue, 14 Jan 2020 10:41:08 - INFO - 123TV DB import
Tue, 14 Jan 2020 10:41:13 - INFO - Failed on 123TV DB import at: 2020-01-14_10-33-18, for following calling party: 4942841879, for agent id: 3063, with error:Missing element acd_id (importCallMetaData.acd_id)
Tue, 14 Jan 2020 10:44:10 - INFO - Connect to DB
Tue, 14 Jan 2020 10:44:10 - INFO - TRIZMA DB import
Tue, 14 Jan 2020 10:44:11 - INFO - 123TV DB import
Tue, 14 Jan 2020 10:44:16 - INFO - Failed on 123TV DB import at: 2020-01-14_10-33-18, for following calling party: 494202950038, for agent id: 3122, with error:Missing element acd_id (importCallMetaData.acd_id)
Tue, 14 Jan 2020 11:05:02 - INFO - Connect to DB
Tue, 14 Jan 2020 11:05:02 - INFO - TRIZMA DB import
Tue, 14 Jan 2020 11:05:02 - INFO - Failed on TRIZMA DB import at: 2020-01-14_10-33-18, for following calling party: 491736142752, for agent id: trz_divankovic, with error:(pyodbc.Error) ('21S01', '[21S01] [Microsoft][ODBC Driver 17 for SQL Server][SQL Server]Column name or number of supplied values does not match table definition. (213) (SQLExecDirectW)')
[SQL: insert into records values('CC2Servicenummer','Belgrad','Nicht 端bermittelt','trz_divankovic',                                  '491736142752','','Nicht 端bermittelt','491736142752_Tuesday, January 14, 2020_12:04:57 PM')]
(Background on this error at: http://sqlalche.me/e/dbapi)
Tue, 14 Jan 2020 11:05:02 - INFO - 123TV DB import
Tue, 14 Jan 2020 11:05:07 - INFO - Failed on 123TV DB import at: 2020-01-14_10-33-18, for following calling party: 491736142752, for agent id: 3019, with error:Missing element acd_id (importCallMetaData.acd_id)
Tue, 14 Jan 2020 11:06:24 - INFO - Connect to DB
Tue, 14 Jan 2020 11:06:24 - INFO - TRIZMA DB import
Tue, 14 Jan 2020 11:06:24 - INFO - Failed on TRIZMA DB import at: 2020-01-14_10-33-18, for following calling party: 4935284029991, for agent id: trz_ajovanovic, with error:(pyodbc.Error) ('21S01', '[21S01] [Microsoft][ODBC Driver 17 for SQL Server][SQL Server]Column name or number of supplied values does not match table definition. (213) (SQLExecDirectW)')
[SQL: insert into records values('CC2Servicenummer','Belgrad','Nicht 端bermittelt','trz_ajovanovic',                                  '4935284029991','','Nicht 端bermittelt','4935284029991_14. januar 2020_12:06:21')]
(Background on this error at: http://sqlalche.me/e/dbapi)
Tue, 14 Jan 2020 11:06:24 - INFO - 123TV DB import
Tue, 14 Jan 2020 11:06:29 - INFO - Failed on 123TV DB import at: 2020-01-14_10-33-18, for following calling party: 4935284029991, for agent id: 3110, with error:Missing element acd_id (importCallMetaData.acd_id)
