Mon, 20 Jan 2020 10:01:33 - INFO - Connect to DB
Mon, 20 Jan 2020 10:01:33 - INFO - TRIZMA DB import
Mon, 20 Jan 2020 10:01:33 - INFO - Failed on TRIZMA DB import at: 2020-01-20_10-00-00, for following calling party: 49306042184, for agent id: trz_asilni, with error:(pyodbc.DataError) ('22001', '[22001] [Microsoft][ODBC Driver 17 for SQL Server][SQL Server]String or binary data would be truncated. (8152) (SQLExecDirectW)')
[SQL: insert into records values('CC2Servicenummer','Belgrad','Nicht übermittelt','trz_asilni',                                 '49306042184','','Nicht übermittelt','49306042184_Wednesday, January 15, 2020_12:58:18 PM','ANA_SILNI')]
(Background on this error at: http://sqlalche.me/e/9h9h)
Mon, 20 Jan 2020 10:01:33 - INFO - 123TV DB import
Mon, 20 Jan 2020 10:01:45 - INFO - Connect to DB
Mon, 20 Jan 2020 10:01:45 - INFO - TRIZMA DB import
Mon, 20 Jan 2020 10:01:45 - INFO - Failed on TRIZMA DB import at: 2020-01-20_10-00-00, for following calling party: 4967197043865, for agent id: trz_asilni, with error:(pyodbc.DataError) ('22001', '[22001] [Microsoft][ODBC Driver 17 for SQL Server][SQL Server]String or binary data would be truncated. (8152) (SQLExecDirectW)')
[SQL: insert into records values('CC2Servicenummer','Belgrad','Nicht übermittelt','trz_asilni',                                 '4967197043865','','Nicht übermittelt','4967197043865_Wednesday, January 15, 2020_1:27:52 PM','ANA_SILNI')]
(Background on this error at: http://sqlalche.me/e/9h9h)
Mon, 20 Jan 2020 10:01:45 - INFO - 123TV DB import
Mon, 20 Jan 2020 10:02:08 - INFO - Connect to DB
Mon, 20 Jan 2020 10:02:09 - INFO - TRIZMA DB import
Mon, 20 Jan 2020 10:02:09 - INFO - 123TV DB import
Mon, 20 Jan 2020 10:02:26 - INFO - Connect to DB
Mon, 20 Jan 2020 10:02:26 - INFO - TRIZMA DB import
Mon, 20 Jan 2020 10:02:26 - INFO - Failed on TRIZMA DB import at: 2020-01-20_10-00-00, for following calling party: 495722893701, for agent id: trz_asilni, with error:(pyodbc.DataError) ('22001', '[22001] [Microsoft][ODBC Driver 17 for SQL Server][SQL Server]String or binary data would be truncated. (8152) (SQLExecDirectW)')
[SQL: insert into records values('CC2Servicenummer','Belgrad','Nicht übermittelt','trz_asilni',                                 '495722893701','','Nicht übermittelt','495722893701_Wednesday, January 15, 2020_3:02:12 PM','ANA_SILNI')]
(Background on this error at: http://sqlalche.me/e/9h9h)
Mon, 20 Jan 2020 10:02:26 - INFO - 123TV DB import
Mon, 20 Jan 2020 10:02:32 - INFO - Connect to DB
Mon, 20 Jan 2020 10:02:32 - INFO - TRIZMA DB import
Mon, 20 Jan 2020 10:02:32 - INFO - 123TV DB import
Mon, 20 Jan 2020 10:03:25 - INFO - Connect to DB
Mon, 20 Jan 2020 10:03:25 - INFO - TRIZMA DB import
Mon, 20 Jan 2020 10:03:25 - INFO - Failed on TRIZMA DB import at: 2020-01-20_10-00-00, for following calling party: 493054591525, for agent id: trz_asilni, with error:(pyodbc.DataError) ('22001', '[22001] [Microsoft][ODBC Driver 17 for SQL Server][SQL Server]String or binary data would be truncated. (8152) (SQLExecDirectW)')
[SQL: insert into records values('CC2Servicenummer','Belgrad','Nicht übermittelt','trz_asilni',                                 '493054591525','','Nicht übermittelt','493054591525_Wednesday, January 15, 2020_5:26:09 PM','ANA_SILNI')]
(Background on this error at: http://sqlalche.me/e/9h9h)
Mon, 20 Jan 2020 10:03:25 - INFO - 123TV DB import
Mon, 20 Jan 2020 10:03:54 - INFO - Connect to DB
Mon, 20 Jan 2020 10:03:54 - INFO - TRIZMA DB import
Mon, 20 Jan 2020 10:03:54 - INFO - Failed on TRIZMA DB import at: 2020-01-20_10-00-00, for following calling party: 4939485667322, for agent id: trz_asilni, with error:(pyodbc.DataError) ('22001', '[22001] [Microsoft][ODBC Driver 17 for SQL Server][SQL Server]String or binary data would be truncated. (8152) (SQLExecDirectW)')
[SQL: insert into records values('CC2Servicenummer','Belgrad','Nicht übermittelt','trz_asilni',                                 '4939485667322','','Nicht übermittelt','4939485667322_Wednesday, January 15, 2020_7:21:40 PM','ANA_SILNI')]
(Background on this error at: http://sqlalche.me/e/9h9h)
Mon, 20 Jan 2020 10:03:54 - INFO - 123TV DB import
Mon, 20 Jan 2020 10:04:00 - INFO - Connect to DB
Mon, 20 Jan 2020 10:04:00 - INFO - TRIZMA DB import
Mon, 20 Jan 2020 10:04:00 - INFO - Failed on TRIZMA DB import at: 2020-01-20_10-00-00, for following calling party: 493301573773, for agent id: trz_asilni, with error:(pyodbc.DataError) ('22001', '[22001] [Microsoft][ODBC Driver 17 for SQL Server][SQL Server]String or binary data would be truncated. (8152) (SQLExecDirectW)')
[SQL: insert into records values('CC2Servicenummer','Belgrad','Nicht übermittelt','trz_asilni',                                 '493301573773','','Nicht übermittelt','493301573773_Wednesday, January 15, 2020_7:49:25 PM','ANA_SILNI')]
(Background on this error at: http://sqlalche.me/e/9h9h)
Mon, 20 Jan 2020 10:04:00 - INFO - 123TV DB import
Mon, 20 Jan 2020 10:04:43 - INFO - Connect to DB
Mon, 20 Jan 2020 10:04:43 - INFO - TRIZMA DB import
Mon, 20 Jan 2020 10:04:43 - INFO - 123TV DB import
Mon, 20 Jan 2020 10:04:49 - INFO - Connect to DB
Mon, 20 Jan 2020 10:04:49 - INFO - TRIZMA DB import
Mon, 20 Jan 2020 10:04:49 - INFO - 123TV DB import
Mon, 20 Jan 2020 10:05:18 - INFO - Connect to DB
Mon, 20 Jan 2020 10:05:18 - INFO - TRIZMA DB import
Mon, 20 Jan 2020 10:05:18 - INFO - 123TV DB import
Mon, 20 Jan 2020 10:06:06 - INFO - Connect to DB
Mon, 20 Jan 2020 10:06:06 - INFO - TRIZMA DB import
Mon, 20 Jan 2020 10:06:06 - INFO - 123TV DB import
Mon, 20 Jan 2020 10:06:38 - INFO - Connect to DB
Mon, 20 Jan 2020 10:06:38 - INFO - TRIZMA DB import
Mon, 20 Jan 2020 10:06:38 - INFO - 123TV DB import
Mon, 20 Jan 2020 10:07:29 - INFO - Connect to DB
Mon, 20 Jan 2020 10:07:29 - INFO - TRIZMA DB import
Mon, 20 Jan 2020 10:07:29 - INFO - 123TV DB import
Mon, 20 Jan 2020 10:09:18 - INFO - Connect to DB
Mon, 20 Jan 2020 10:09:18 - INFO - TRIZMA DB import
Mon, 20 Jan 2020 10:09:18 - INFO - 123TV DB import
Mon, 20 Jan 2020 10:10:44 - INFO - Connect to DB
Mon, 20 Jan 2020 10:10:44 - INFO - TRIZMA DB import
Mon, 20 Jan 2020 10:10:44 - INFO - 123TV DB import
Mon, 20 Jan 2020 10:13:00 - INFO - Connect to DB
Mon, 20 Jan 2020 10:13:00 - INFO - TRIZMA DB import
Mon, 20 Jan 2020 10:13:00 - INFO - Failed on TRIZMA DB import at: 2020-01-20_10-00-00, for following calling party: 4917622747257, for agent id: trz_asilni, with error:(pyodbc.DataError) ('22001', '[22001] [Microsoft][ODBC Driver 17 for SQL Server][SQL Server]String or binary data would be truncated. (8152) (SQLExecDirectW)')
[SQL: insert into records values('CC2Servicenummer','Belgrad','Nicht übermittelt','trz_asilni',                                 '4917622747257','','Nicht übermittelt','4917622747257_Saturday, January 18, 2020_1:01:14 PM','ANA_SILNI')]
(Background on this error at: http://sqlalche.me/e/9h9h)
Mon, 20 Jan 2020 10:13:00 - INFO - 123TV DB import
Mon, 20 Jan 2020 10:13:22 - INFO - Connect to DB
Mon, 20 Jan 2020 10:13:22 - INFO - TRIZMA DB import
Mon, 20 Jan 2020 10:13:22 - INFO - 123TV DB import
Mon, 20 Jan 2020 10:13:44 - INFO - Connect to DB
Mon, 20 Jan 2020 10:13:44 - INFO - TRIZMA DB import
Mon, 20 Jan 2020 10:13:44 - INFO - 123TV DB import
Mon, 20 Jan 2020 10:13:49 - INFO - Connect to DB
Mon, 20 Jan 2020 10:13:50 - INFO - TRIZMA DB import
Mon, 20 Jan 2020 10:13:50 - INFO - 123TV DB import
Mon, 20 Jan 2020 10:14:37 - INFO - Connect to DB
Mon, 20 Jan 2020 10:14:37 - INFO - TRIZMA DB import
Mon, 20 Jan 2020 10:14:37 - INFO - Failed on TRIZMA DB import at: 2020-01-20_10-00-00, for following calling party: 4936814119050, for agent id: trz_asilni, with error:(pyodbc.DataError) ('22001', '[22001] [Microsoft][ODBC Driver 17 for SQL Server][SQL Server]String or binary data would be truncated. (8152) (SQLExecDirectW)')
[SQL: insert into records values('CC2Servicenummer','Belgrad','Nicht übermittelt','trz_asilni',                                 '4936814119050','','Nicht übermittelt','4936814119050_Saturday, January 18, 2020_6:27:08 PM','ANA_SILNI')]
(Background on this error at: http://sqlalche.me/e/9h9h)
Mon, 20 Jan 2020 10:14:37 - INFO - 123TV DB import
Mon, 20 Jan 2020 10:15:04 - INFO - Connect to DB
Mon, 20 Jan 2020 10:15:04 - INFO - TRIZMA DB import
Mon, 20 Jan 2020 10:15:04 - INFO - 123TV DB import
Mon, 20 Jan 2020 10:15:35 - INFO - Connect to DB
Mon, 20 Jan 2020 10:15:35 - INFO - TRIZMA DB import
Mon, 20 Jan 2020 10:15:35 - INFO - 123TV DB import
Mon, 20 Jan 2020 10:15:41 - INFO - Connect to DB
Mon, 20 Jan 2020 10:15:41 - INFO - TRIZMA DB import
Mon, 20 Jan 2020 10:15:41 - INFO - 123TV DB import
Mon, 20 Jan 2020 10:16:02 - INFO - Connect to DB
Mon, 20 Jan 2020 10:16:02 - INFO - TRIZMA DB import
Mon, 20 Jan 2020 10:16:02 - INFO - 123TV DB import
Mon, 20 Jan 2020 10:16:08 - INFO - Connect to DB
Mon, 20 Jan 2020 10:16:08 - INFO - TRIZMA DB import
Mon, 20 Jan 2020 10:16:08 - INFO - 123TV DB import
Mon, 20 Jan 2020 10:16:14 - INFO - Connect to DB
Mon, 20 Jan 2020 10:16:14 - INFO - TRIZMA DB import
Mon, 20 Jan 2020 10:16:14 - INFO - 123TV DB import
Mon, 20 Jan 2020 10:17:00 - INFO - Connect to DB
Mon, 20 Jan 2020 10:17:00 - INFO - TRIZMA DB import
Mon, 20 Jan 2020 10:17:00 - INFO - 123TV DB import
Mon, 20 Jan 2020 10:17:30 - INFO - Connect to DB
Mon, 20 Jan 2020 10:17:30 - INFO - TRIZMA DB import
Mon, 20 Jan 2020 10:17:30 - INFO - 123TV DB import
Mon, 20 Jan 2020 10:17:48 - INFO - Connect to DB
Mon, 20 Jan 2020 10:17:48 - INFO - TRIZMA DB import
Mon, 20 Jan 2020 10:17:48 - INFO - Failed on TRIZMA DB import at: 2020-01-20_10-00-00, for following calling party: 4936287873353, for agent id: trz_bmaksimovic, with error:(pyodbc.DataError) ('22001', '[22001] [Microsoft][ODBC Driver 17 for SQL Server][SQL Server]String or binary data would be truncated. (8152) (SQLExecDirectW)')
[SQL: insert into records values('CC2Servicenummer','Belgrad','Nicht übermittelt','trz_bmaksimovic',                                 '4936287873353','','Nicht übermittelt','4936287873353_Thursday, January 16, 2020_12:07:04 PM','BOR_MAKSIM')]
(Background on this error at: http://sqlalche.me/e/9h9h)
Mon, 20 Jan 2020 10:17:48 - INFO - 123TV DB import
Mon, 20 Jan 2020 10:19:12 - INFO - Connect to DB
Mon, 20 Jan 2020 10:19:12 - INFO - TRIZMA DB import
Mon, 20 Jan 2020 10:19:12 - INFO - 123TV DB import
