Wed, 01 Jan 2020 10:29:28 - INFO - Connect to DB
Wed, 01 Jan 2020 10:29:29 - INFO - TRIZMA DB import
Wed, 01 Jan 2020 10:29:29 - INFO - Failed on TRIZMA DB import at: 2020-01-01_09-29-02, for following calling party: 492302394420, for agent id: trz_hjovic, with error:(pyodbc.DataError) ('22001', '[22001] [Microsoft][ODBC Driver 17 for SQL Server][SQL Server]String or binary data would be truncated. (8152) (SQLExecDirectW)')
[SQL: insert into records values('CC2Servicenummer','Belgrad','Nicht übermittelt','trz_hjovic',                                  '492302394420','','Nicht übermittelt','492302394420_Wednesday, January 1, 2020_11:29:27 AM')]
(Background on this error at: http://sqlalche.me/e/9h9h)
Wed, 01 Jan 2020 10:29:29 - INFO - 123TV DB import
Wed, 01 Jan 2020 11:46:27 - INFO - Connect to DB
Wed, 01 Jan 2020 11:46:27 - INFO - TRIZMA DB import
Wed, 01 Jan 2020 11:46:27 - INFO - Failed on TRIZMA DB import at: 2020-01-01_09-29-02, for following calling party: 497531695793, for agent id: trz_bmaksimovic, with error:(pyodbc.DataError) ('22001', '[22001] [Microsoft][ODBC Driver 17 for SQL Server][SQL Server]String or binary data would be truncated. (8152) (SQLExecDirectW)')
[SQL: insert into records values('CC2Servicenummer','Belgrad','Nicht übermittelt','trz_bmaksimovic',                                  '497531695793','','Nicht übermittelt','497531695793_Wednesday, January 1, 2020_12:46:17 PM')]
(Background on this error at: http://sqlalche.me/e/9h9h)
Wed, 01 Jan 2020 11:46:27 - INFO - 123TV DB import
Wed, 01 Jan 2020 11:52:18 - INFO - Connect to DB
Wed, 01 Jan 2020 11:52:18 - INFO - TRIZMA DB import
Wed, 01 Jan 2020 11:52:18 - INFO - Failed on TRIZMA DB import at: 2020-01-01_09-29-02, for following calling party: 495525999815, for agent id: trz_bmaksimovic, with error:(pyodbc.DataError) ('22001', '[22001] [Microsoft][ODBC Driver 17 for SQL Server][SQL Server]String or binary data would be truncated. (8152) (SQLExecDirectW)')
[SQL: insert into records values('CC2Servicenummer','Belgrad','Nicht übermittelt','trz_bmaksimovic',                                  '495525999815','','Nicht übermittelt','495525999815_Saturday, December 28, 2019_12:16:25 PM')]
(Background on this error at: http://sqlalche.me/e/9h9h)
Wed, 01 Jan 2020 11:52:18 - INFO - 123TV DB import
Wed, 01 Jan 2020 11:57:57 - INFO - Connect to DB
Wed, 01 Jan 2020 11:57:57 - INFO - TRIZMA DB import
Wed, 01 Jan 2020 11:57:57 - INFO - Failed on TRIZMA DB import at: 2020-01-01_09-29-02, for following calling party: 492652989150, for agent id: trz_bmaksimovic, with error:(pyodbc.DataError) ('22001', '[22001] [Microsoft][ODBC Driver 17 for SQL Server][SQL Server]String or binary data would be truncated. (8152) (SQLExecDirectW)')
[SQL: insert into records values('CC2Servicenummer','Belgrad','Nicht übermittelt','trz_bmaksimovic',                                  '492652989150','','Nicht übermittelt','492652989150_Saturday, December 28, 2019_2:28:04 PM')]
(Background on this error at: http://sqlalche.me/e/9h9h)
Wed, 01 Jan 2020 11:57:57 - INFO - 123TV DB import
Wed, 01 Jan 2020 11:58:03 - INFO - Connect to DB
Wed, 01 Jan 2020 11:58:03 - INFO - TRIZMA DB import
Wed, 01 Jan 2020 11:58:03 - INFO - Failed on TRIZMA DB import at: 2020-01-01_09-29-02, for following calling party: 492652989150, for agent id: trz_bmaksimovic, with error:(pyodbc.DataError) ('22001', '[22001] [Microsoft][ODBC Driver 17 for SQL Server][SQL Server]String or binary data would be truncated. (8152) (SQLExecDirectW)')
[SQL: insert into records values('CC2Servicenummer','Belgrad','Nicht übermittelt','trz_bmaksimovic',                                  '492652989150','','Nicht übermittelt','492652989150_Saturday, December 28, 2019_2:34:36 PM')]
(Background on this error at: http://sqlalche.me/e/9h9h)
Wed, 01 Jan 2020 11:58:03 - INFO - 123TV DB import
Wed, 01 Jan 2020 11:58:24 - INFO - Connect to DB
Wed, 01 Jan 2020 11:58:24 - INFO - TRIZMA DB import
Wed, 01 Jan 2020 11:58:24 - INFO - Failed on TRIZMA DB import at: 2020-01-01_09-29-02, for following calling party: 493643504028, for agent id: trz_bmaksimovic, with error:(pyodbc.DataError) ('22001', '[22001] [Microsoft][ODBC Driver 17 for SQL Server][SQL Server]String or binary data would be truncated. (8152) (SQLExecDirectW)')
[SQL: insert into records values('CC2Servicenummer','Belgrad','Nicht übermittelt','trz_bmaksimovic',                                  '493643504028','','Nicht übermittelt','493643504028_Saturday, December 28, 2019_4:12:12 PM')]
(Background on this error at: http://sqlalche.me/e/9h9h)
Wed, 01 Jan 2020 11:58:24 - INFO - 123TV DB import
Wed, 01 Jan 2020 11:59:00 - INFO - Connect to DB
Wed, 01 Jan 2020 11:59:00 - INFO - TRIZMA DB import
Wed, 01 Jan 2020 11:59:00 - INFO - Failed on TRIZMA DB import at: 2020-01-01_09-29-02, for following calling party: 4933915990965, for agent id: trz_bmaksimovic, with error:(pyodbc.DataError) ('22001', '[22001] [Microsoft][ODBC Driver 17 for SQL Server][SQL Server]String or binary data would be truncated. (8152) (SQLExecDirectW)')
[SQL: insert into records values('CC2Servicenummer','Belgrad','Nicht übermittelt','trz_bmaksimovic',                                  '4933915990965','','Nicht übermittelt','4933915990965_Saturday, December 28, 2019_4:35:30 PM')]
(Background on this error at: http://sqlalche.me/e/9h9h)
Wed, 01 Jan 2020 11:59:00 - INFO - 123TV DB import
Wed, 01 Jan 2020 11:59:51 - INFO - Connect to DB
Wed, 01 Jan 2020 11:59:51 - INFO - TRIZMA DB import
Wed, 01 Jan 2020 11:59:51 - INFO - Failed on TRIZMA DB import at: 2020-01-01_09-29-02, for following calling party: 4933754949864, for agent id: trz_bmaksimovic, with error:(pyodbc.DataError) ('22001', '[22001] [Microsoft][ODBC Driver 17 for SQL Server][SQL Server]String or binary data would be truncated. (8152) (SQLExecDirectW)')
[SQL: insert into records values('CC2Servicenummer','Belgrad','Nicht übermittelt','trz_bmaksimovic',                                  '4933754949864','','Nicht übermittelt','4933754949864_Saturday, December 28, 2019_7:48:10 PM')]
(Background on this error at: http://sqlalche.me/e/9h9h)
Wed, 01 Jan 2020 11:59:51 - INFO - 123TV DB import
Wed, 01 Jan 2020 12:00:24 - INFO - Connect to DB
Wed, 01 Jan 2020 12:00:24 - INFO - TRIZMA DB import
Wed, 01 Jan 2020 12:00:24 - INFO - 123TV DB import
Wed, 01 Jan 2020 12:00:29 - INFO - Connect to DB
Wed, 01 Jan 2020 12:00:29 - INFO - TRIZMA DB import
Wed, 01 Jan 2020 12:00:29 - INFO - 123TV DB import
Wed, 01 Jan 2020 12:00:52 - INFO - Connect to DB
Wed, 01 Jan 2020 12:00:52 - INFO - TRIZMA DB import
Wed, 01 Jan 2020 12:00:52 - INFO - 123TV DB import
Wed, 01 Jan 2020 12:01:37 - INFO - Connect to DB
Wed, 01 Jan 2020 12:01:37 - INFO - TRIZMA DB import
Wed, 01 Jan 2020 12:01:37 - INFO - 123TV DB import
Wed, 01 Jan 2020 12:02:18 - INFO - Connect to DB
Wed, 01 Jan 2020 12:02:18 - INFO - TRIZMA DB import
Wed, 01 Jan 2020 12:02:18 - INFO - 123TV DB import
Wed, 01 Jan 2020 12:02:24 - INFO - Connect to DB
Wed, 01 Jan 2020 12:02:24 - INFO - TRIZMA DB import
Wed, 01 Jan 2020 12:02:24 - INFO - 123TV DB import
Wed, 01 Jan 2020 12:02:53 - INFO - Connect to DB
Wed, 01 Jan 2020 12:02:53 - INFO - TRIZMA DB import
Wed, 01 Jan 2020 12:02:53 - INFO - 123TV DB import
Wed, 01 Jan 2020 12:03:15 - INFO - Connect to DB
Wed, 01 Jan 2020 12:03:15 - INFO - TRIZMA DB import
Wed, 01 Jan 2020 12:03:15 - INFO - Failed on TRIZMA DB import at: 2020-01-01_09-29-02, for following calling party: 4921514465785, for agent id: trz_madamovic, with error:(pyodbc.DataError) ('22001', '[22001] [Microsoft][ODBC Driver 17 for SQL Server][SQL Server]String or binary data would be truncated. (8152) (SQLExecDirectW)')
[SQL: insert into records values('CC2Servicenummer','Belgrad','Nicht übermittelt','trz_madamovic',                                  '4921514465785','','Nicht übermittelt','4921514465785_Thursday, December 26, 2019_11:19:36 AM')]
(Background on this error at: http://sqlalche.me/e/9h9h)
Wed, 01 Jan 2020 12:03:15 - INFO - 123TV DB import
Wed, 01 Jan 2020 12:03:21 - INFO - Connect to DB
Wed, 01 Jan 2020 12:03:21 - INFO - TRIZMA DB import
Wed, 01 Jan 2020 12:03:21 - INFO - Failed on TRIZMA DB import at: 2020-01-01_09-29-02, for following calling party: 492431805934, for agent id: trz_madamovic, with error:(pyodbc.DataError) ('22001', '[22001] [Microsoft][ODBC Driver 17 for SQL Server][SQL Server]String or binary data would be truncated. (8152) (SQLExecDirectW)')
[SQL: insert into records values('CC2Servicenummer','Belgrad','Nicht übermittelt','trz_madamovic',                                  '492431805934','','Nicht übermittelt','492431805934_Thursday, December 26, 2019_12:37:05 PM')]
(Background on this error at: http://sqlalche.me/e/9h9h)
Wed, 01 Jan 2020 12:03:21 - INFO - 123TV DB import
Wed, 01 Jan 2020 12:03:42 - INFO - Connect to DB
Wed, 01 Jan 2020 12:03:42 - INFO - TRIZMA DB import
Wed, 01 Jan 2020 12:03:42 - INFO - Failed on TRIZMA DB import at: 2020-01-01_09-29-02, for following calling party: 4917624587709, for agent id: trz_madamovic, with error:(pyodbc.DataError) ('22001', '[22001] [Microsoft][ODBC Driver 17 for SQL Server][SQL Server]String or binary data would be truncated. (8152) (SQLExecDirectW)')
[SQL: insert into records values('CC2Servicenummer','Belgrad','Nicht übermittelt','trz_madamovic',                                  '4917624587709','','Nicht übermittelt','4917624587709_Sunday, December 29, 2019_12:31:29 PM')]
(Background on this error at: http://sqlalche.me/e/9h9h)
Wed, 01 Jan 2020 12:03:42 - INFO - 123TV DB import
Wed, 01 Jan 2020 12:04:24 - INFO - Connect to DB
Wed, 01 Jan 2020 12:04:24 - INFO - TRIZMA DB import
Wed, 01 Jan 2020 12:04:24 - INFO - 123TV DB import
Wed, 01 Jan 2020 12:04:41 - INFO - Connect to DB
Wed, 01 Jan 2020 12:04:41 - INFO - TRIZMA DB import
Wed, 01 Jan 2020 12:04:41 - INFO - 123TV DB import
Wed, 01 Jan 2020 12:04:59 - INFO - Connect to DB
Wed, 01 Jan 2020 12:04:59 - INFO - TRIZMA DB import
Wed, 01 Jan 2020 12:04:59 - INFO - 123TV DB import
Wed, 01 Jan 2020 12:05:24 - INFO - Connect to DB
Wed, 01 Jan 2020 12:05:24 - INFO - TRIZMA DB import
Wed, 01 Jan 2020 12:05:24 - INFO - 123TV DB import
Wed, 01 Jan 2020 12:06:27 - INFO - Connect to DB
Wed, 01 Jan 2020 12:06:27 - INFO - TRIZMA DB import
Wed, 01 Jan 2020 12:06:27 - INFO - 123TV DB import
Wed, 01 Jan 2020 12:06:38 - INFO - Connect to DB
Wed, 01 Jan 2020 12:06:38 - INFO - TRIZMA DB import
Wed, 01 Jan 2020 12:06:38 - INFO - 123TV DB import
Wed, 01 Jan 2020 12:06:44 - INFO - Connect to DB
Wed, 01 Jan 2020 12:06:44 - INFO - TRIZMA DB import
Wed, 01 Jan 2020 12:06:44 - INFO - 123TV DB import
Wed, 01 Jan 2020 12:07:01 - INFO - Connect to DB
Wed, 01 Jan 2020 12:07:01 - INFO - TRIZMA DB import
Wed, 01 Jan 2020 12:07:01 - INFO - 123TV DB import
Wed, 01 Jan 2020 12:07:06 - INFO - Connect to DB
Wed, 01 Jan 2020 12:07:06 - INFO - TRIZMA DB import
Wed, 01 Jan 2020 12:07:06 - INFO - Failed on TRIZMA DB import at: 2020-01-01_09-29-02, for following calling party: 4987079385239, for agent id: trz_madamovic, with error:(pyodbc.DataError) ('22001', '[22001] [Microsoft][ODBC Driver 17 for SQL Server][SQL Server]String or binary data would be truncated. (8152) (SQLExecDirectW)')
[SQL: insert into records values('CC2Servicenummer','Belgrad','Nicht übermittelt','trz_madamovic',                                  '4987079385239','','Nicht übermittelt','4987079385239_Monday, December 30, 2019_11:02:32 AM')]
(Background on this error at: http://sqlalche.me/e/9h9h)
Wed, 01 Jan 2020 12:07:06 - INFO - 123TV DB import
Wed, 01 Jan 2020 12:07:46 - INFO - Connect to DB
Wed, 01 Jan 2020 12:07:46 - INFO - TRIZMA DB import
Wed, 01 Jan 2020 12:07:46 - INFO - 123TV DB import
Wed, 01 Jan 2020 12:08:08 - INFO - Connect to DB
Wed, 01 Jan 2020 12:08:08 - INFO - TRIZMA DB import
Wed, 01 Jan 2020 12:08:08 - INFO - 123TV DB import
Wed, 01 Jan 2020 12:08:31 - INFO - Connect to DB
Wed, 01 Jan 2020 12:08:31 - INFO - TRIZMA DB import
Wed, 01 Jan 2020 12:08:31 - INFO - Failed on TRIZMA DB import at: 2020-01-01_09-29-02, for following calling party: 4923314832925, for agent id: trz_madamovic, with error:(pyodbc.DataError) ('22001', '[22001] [Microsoft][ODBC Driver 17 for SQL Server][SQL Server]String or binary data would be truncated. (8152) (SQLExecDirectW)')
[SQL: insert into records values('CC2Servicenummer','Belgrad','Nicht übermittelt','trz_madamovic',                                  '4923314832925','','Nicht übermittelt','4923314832925_Tuesday, December 31, 2019_9:26:04 AM')]
(Background on this error at: http://sqlalche.me/e/9h9h)
Wed, 01 Jan 2020 12:08:31 - INFO - 123TV DB import
Wed, 01 Jan 2020 12:08:47 - INFO - Connect to DB
Wed, 01 Jan 2020 12:08:47 - INFO - TRIZMA DB import
Wed, 01 Jan 2020 12:08:47 - INFO - Failed on TRIZMA DB import at: 2020-01-01_09-29-02, for following calling party: 4934299570016, for agent id: trz_madamovic, with error:(pyodbc.DataError) ('22001', '[22001] [Microsoft][ODBC Driver 17 for SQL Server][SQL Server]String or binary data would be truncated. (8152) (SQLExecDirectW)')
[SQL: insert into records values('CC2Servicenummer','Belgrad','Nicht übermittelt','trz_madamovic',                                  '4934299570016','','Nicht übermittelt','4934299570016_Tuesday, December 31, 2019_10:35:00 AM')]
(Background on this error at: http://sqlalche.me/e/9h9h)
Wed, 01 Jan 2020 12:08:47 - INFO - 123TV DB import
Wed, 01 Jan 2020 12:10:47 - INFO - Connect to DB
Wed, 01 Jan 2020 12:10:48 - INFO - TRIZMA DB import
Wed, 01 Jan 2020 12:10:48 - INFO - 123TV DB import
Wed, 01 Jan 2020 12:12:41 - INFO - Connect to DB
Wed, 01 Jan 2020 12:12:41 - INFO - TRIZMA DB import
Wed, 01 Jan 2020 12:12:41 - INFO - 123TV DB import
Wed, 01 Jan 2020 12:13:52 - INFO - Connect to DB
Wed, 01 Jan 2020 12:13:52 - INFO - TRIZMA DB import
Wed, 01 Jan 2020 12:13:52 - INFO - 123TV DB import
Wed, 01 Jan 2020 12:14:15 - INFO - Connect to DB
Wed, 01 Jan 2020 12:14:15 - INFO - TRIZMA DB import
Wed, 01 Jan 2020 12:14:15 - INFO - Failed on TRIZMA DB import at: 2020-01-01_09-29-02, for following calling party: 4921529949498, for agent id: trz_madamovic, with error:(pyodbc.DataError) ('22001', '[22001] [Microsoft][ODBC Driver 17 for SQL Server][SQL Server]String or binary data would be truncated. (8152) (SQLExecDirectW)')
[SQL: insert into records values('CC2Servicenummer','Belgrad','Nicht übermittelt','trz_madamovic',                                  '4921529949498','','Nicht übermittelt','4921529949498_Tuesday, December 31, 2019_11:59:49 AM')]
(Background on this error at: http://sqlalche.me/e/9h9h)
Wed, 01 Jan 2020 12:14:15 - INFO - 123TV DB import
Wed, 01 Jan 2020 12:14:38 - INFO - Connect to DB
Wed, 01 Jan 2020 12:14:38 - INFO - TRIZMA DB import
Wed, 01 Jan 2020 12:14:38 - INFO - 123TV DB import
