Wed, 15 Jan 2020 12:58:07 - INFO - Connect to DB
Wed, 15 Jan 2020 12:58:07 - INFO - TRIZMA DB import
Wed, 15 Jan 2020 12:58:07 - INFO - Failed on TRIZMA DB import at: 2020-01-15_12-44-17, for following calling party: 491727237290, for agent id: trz_madamovic, with error:(pyodbc.DataError) ('22001', '[22001] [Microsoft][ODBC Driver 17 for SQL Server][SQL Server]String or binary data would be truncated. (8152) (SQLExecDirectW)')
[SQL: insert into records values('CC2Servicenummer','Belgrad','Nicht übermittelt','trz_madamovic',                                 '491727237290','','Nicht übermittelt','491727237290_Wednesday, January 15, 2020_1:57:57 PM','MIL_ADAMOV')]
(Background on this error at: http://sqlalche.me/e/9h9h)
Wed, 15 Jan 2020 12:58:07 - INFO - 123TV DB import
Wed, 15 Jan 2020 13:13:02 - INFO - Connect to DB
Wed, 15 Jan 2020 13:13:02 - INFO - TRIZMA DB import
Wed, 15 Jan 2020 13:13:02 - INFO - Failed on TRIZMA DB import at: 2020-01-15_12-44-17, for following calling party: 4915203729813, for agent id: trz_tjurjevic, with error:(pyodbc.DataError) ('22001', '[22001] [Microsoft][ODBC Driver 17 for SQL Server][SQL Server]String or binary data would be truncated. (8152) (SQLExecDirectW)')
[SQL: insert into records values('CC2Servicenummer','Belgrad','Nicht übermittelt','trz_tjurjevic',                                 '4915203729813','','Nicht übermittelt','4915203729813_Wednesday, January 15, 2020_2:13:00 PM','TAT_JURJEV')]
(Background on this error at: http://sqlalche.me/e/9h9h)
Wed, 15 Jan 2020 13:13:02 - INFO - 123TV DB import
Wed, 15 Jan 2020 13:20:12 - INFO - Connect to DB
Wed, 15 Jan 2020 13:20:12 - INFO - TRIZMA DB import
Wed, 15 Jan 2020 13:20:12 - INFO - Failed on TRIZMA DB import at: 2020-01-15_12-44-17, for following calling party: 4948112081161, for agent id: trz_asilni, with error:(pyodbc.DataError) ('22001', '[22001] [Microsoft][ODBC Driver 17 for SQL Server][SQL Server]String or binary data would be truncated. (8152) (SQLExecDirectW)')
[SQL: insert into records values('CC2Servicenummer','Belgrad','Nicht übermittelt','trz_asilni',                                 '4948112081161','','Nicht übermittelt','4948112081161_Wednesday, January 15, 2020_2:19:58 PM','ANA_SILNI')]
(Background on this error at: http://sqlalche.me/e/9h9h)
Wed, 15 Jan 2020 13:20:12 - INFO - 123TV DB import
Wed, 15 Jan 2020 13:25:26 - INFO - Connect to DB
Wed, 15 Jan 2020 13:25:27 - INFO - TRIZMA DB import
Wed, 15 Jan 2020 13:25:27 - INFO - Failed on TRIZMA DB import at: 2020-01-15_12-44-17, for following calling party: 492592914104, for agent id: trz_hjovic, with error:(pyodbc.DataError) ('22001', '[22001] [Microsoft][ODBC Driver 17 for SQL Server][SQL Server]String or binary data would be truncated. (8152) (SQLExecDirectW)')
[SQL: insert into records values('CC2Servicenummer','Belgrad','Nicht übermittelt','trz_hjovic',                                 '492592914104','','Nicht übermittelt','492592914104_Wednesday, January 15, 2020_2:25:23 PM','HRI_JOVIC')]
(Background on this error at: http://sqlalche.me/e/9h9h)
Wed, 15 Jan 2020 13:25:27 - INFO - 123TV DB import
Wed, 15 Jan 2020 13:27:12 - INFO - Connect to DB
Wed, 15 Jan 2020 13:27:12 - INFO - TRIZMA DB import
Wed, 15 Jan 2020 13:27:13 - INFO - Failed on TRIZMA DB import at: 2020-01-15_12-44-17, for following calling party: 491735213229, for agent id: trz_tjurjevic, with error:(pyodbc.DataError) ('22001', '[22001] [Microsoft][ODBC Driver 17 for SQL Server][SQL Server]String or binary data would be truncated. (8152) (SQLExecDirectW)')
[SQL: insert into records values('CC2Servicenummer','Belgrad','Nicht übermittelt','trz_tjurjevic',                                 '491735213229','','Nicht übermittelt','491735213229_Wednesday, January 15, 2020_2:27:11 PM','TAT_JURJEV')]
(Background on this error at: http://sqlalche.me/e/9h9h)
Wed, 15 Jan 2020 13:27:13 - INFO - 123TV DB import
