Thu, 09 Jan 2020 14:17:32 - INFO - Connect to DB
Thu, 09 Jan 2020 14:17:33 - INFO - TRIZMA DB import
Thu, 09 Jan 2020 14:17:33 - INFO - 123TV DB import
Thu, 09 Jan 2020 14:17:38 - INFO - Failed on 123TV DB import at: 2020-01-09_14-17-04, for following calling party: 495084988359, for agent id: 3067, with error:Missing element acd_id (importCallMetaData.acd_id)
Thu, 09 Jan 2020 14:18:41 - INFO - Connect to DB
Thu, 09 Jan 2020 14:18:41 - INFO - TRIZMA DB import
Thu, 09 Jan 2020 14:18:41 - INFO - 123TV DB import
Thu, 09 Jan 2020 14:18:46 - INFO - Failed on 123TV DB import at: 2020-01-09_14-17-04, for following calling party: 49603365148, for agent id: 3036, with error:Missing element acd_id (importCallMetaData.acd_id)
Thu, 09 Jan 2020 14:19:03 - INFO - Connect to DB
Thu, 09 Jan 2020 14:19:03 - INFO - TRIZMA DB import
Thu, 09 Jan 2020 14:19:03 - INFO - Failed on TRIZMA DB import at: 2020-01-09_14-17-04, for following calling party: 4948235299645, for agent id: trz_hjovic, with error:(pyodbc.DataError) ('22001', '[22001] [Microsoft][ODBC Driver 17 for SQL Server][SQL Server]String or binary data would be truncated. (8152) (SQLExecDirectW)')
[SQL: insert into records values('CC2Servicenummer','Belgrad','Nicht übermittelt','trz_hjovic',                                  '4948235299645','','Nicht übermittelt','4948235299645_Thursday, January 09, 2020_3:19:00 PM')]
(Background on this error at: http://sqlalche.me/e/9h9h)
Thu, 09 Jan 2020 14:19:03 - INFO - 123TV DB import
Thu, 09 Jan 2020 14:19:08 - INFO - Failed on 123TV DB import at: 2020-01-09_14-17-04, for following calling party: 4948235299645, for agent id: 3063, with error:Missing element acd_id (importCallMetaData.acd_id)
Thu, 09 Jan 2020 14:19:31 - INFO - Connect to DB
Thu, 09 Jan 2020 14:19:31 - INFO - TRIZMA DB import
Thu, 09 Jan 2020 14:19:31 - INFO - 123TV DB import
Thu, 09 Jan 2020 14:19:36 - INFO - Failed on 123TV DB import at: 2020-01-09_14-17-04, for following calling party: 494021980515, for agent id: 3036, with error:Missing element acd_id (importCallMetaData.acd_id)
Thu, 09 Jan 2020 14:19:47 - INFO - Connect to DB
Thu, 09 Jan 2020 14:19:47 - INFO - TRIZMA DB import
Thu, 09 Jan 2020 14:19:47 - INFO - 123TV DB import
Thu, 09 Jan 2020 14:19:52 - INFO - Failed on 123TV DB import at: 2020-01-09_14-17-04, for following calling party: 49697382942, for agent id: 3036, with error:Missing element acd_id (importCallMetaData.acd_id)
Thu, 09 Jan 2020 14:29:02 - INFO - Connect to DB
Thu, 09 Jan 2020 14:29:02 - INFO - TRIZMA DB import
Thu, 09 Jan 2020 14:29:02 - INFO - 123TV DB import
Thu, 09 Jan 2020 14:29:58 - INFO - Connect to DB
Thu, 09 Jan 2020 14:29:58 - INFO - TRIZMA DB import
Thu, 09 Jan 2020 14:29:58 - INFO - 123TV DB import
Thu, 09 Jan 2020 14:35:41 - INFO - Connect to DB
Thu, 09 Jan 2020 14:35:41 - INFO - TRIZMA DB import
Thu, 09 Jan 2020 14:35:41 - INFO - 123TV DB import
Thu, 09 Jan 2020 14:42:19 - INFO - Connect to DB
Thu, 09 Jan 2020 14:42:19 - INFO - TRIZMA DB import
Thu, 09 Jan 2020 14:42:20 - INFO - 123TV DB import
Thu, 09 Jan 2020 14:43:23 - INFO - Connect to DB
Thu, 09 Jan 2020 14:43:23 - INFO - TRIZMA DB import
Thu, 09 Jan 2020 14:43:23 - INFO - 123TV DB import
Thu, 09 Jan 2020 14:45:14 - INFO - Connect to DB
Thu, 09 Jan 2020 14:45:14 - INFO - TRIZMA DB import
Thu, 09 Jan 2020 14:45:14 - INFO - Failed on TRIZMA DB import at: 2020-01-09_14-17-04, for following calling party: 493525632481, for agent id: trz_bmaksimovic, with error:(pyodbc.DataError) ('22001', '[22001] [Microsoft][ODBC Driver 17 for SQL Server][SQL Server]String or binary data would be truncated. (8152) (SQLExecDirectW)')
[SQL: insert into records values('CC2Servicenummer','Belgrad','Nicht übermittelt','trz_bmaksimovic',                                  '493525632481','','Nicht übermittelt','493525632481_Wednesday, January 8, 2020_12:24:17 PM')]
(Background on this error at: http://sqlalche.me/e/9h9h)
Thu, 09 Jan 2020 14:45:14 - INFO - 123TV DB import
Thu, 09 Jan 2020 14:48:57 - INFO - Connect to DB
Thu, 09 Jan 2020 14:48:57 - INFO - TRIZMA DB import
Thu, 09 Jan 2020 14:48:57 - INFO - 123TV DB import
Thu, 09 Jan 2020 15:02:33 - INFO - Connect to DB
Thu, 09 Jan 2020 15:02:33 - INFO - TRIZMA DB import
Thu, 09 Jan 2020 15:02:33 - INFO - 123TV DB import
Thu, 09 Jan 2020 15:08:13 - INFO - Connect to DB
Thu, 09 Jan 2020 15:08:13 - INFO - TRIZMA DB import
Thu, 09 Jan 2020 15:08:13 - INFO - Failed on TRIZMA DB import at: 2020-01-09_14-17-04, for following calling party: 4924049143741, for agent id: trz_bmaksimovic, with error:(pyodbc.DataError) ('22001', '[22001] [Microsoft][ODBC Driver 17 for SQL Server][SQL Server]String or binary data would be truncated. (8152) (SQLExecDirectW)')
[SQL: insert into records values('CC2Servicenummer','Belgrad','Nicht übermittelt','trz_bmaksimovic',                                  '4924049143741','','Nicht übermittelt','4924049143741_Wednesday, January 8, 2020_6:57:45 PM')]
(Background on this error at: http://sqlalche.me/e/9h9h)
Thu, 09 Jan 2020 15:08:13 - INFO - 123TV DB import
