Sat, 11 Jan 2020 13:29:58 - INFO - Connect to DB
Sat, 11 Jan 2020 13:29:59 - INFO - TRIZMA DB import
Sat, 11 Jan 2020 13:29:59 - INFO - Failed on TRIZMA DB import at: 2020-01-11_13-27-39, for following calling party: 4938377159936, for agent id: trz_bmaksimovic, with error:(pyodbc.DataError) ('22001', '[22001] [Microsoft][ODBC Driver 17 for SQL Server][SQL Server]String or binary data would be truncated. (8152) (SQLExecDirectW)')
[SQL: insert into records values('CC2Servicenummer','Belgrad','Nicht 端bermittelt','trz_bmaksimovic',                                  '4938377159936','','Nicht 端bermittelt','4938377159936_Saturday, January 11, 2020_2:29:54 PM')]
(Background on this error at: http://sqlalche.me/e/9h9h)
Sat, 11 Jan 2020 13:29:59 - INFO - 123TV DB import
Sat, 11 Jan 2020 13:30:04 - INFO - Failed on 123TV DB import at: 2020-01-11_13-27-39, for following calling party: 4938377159936, for agent id: 3036, with error:Missing element acd_id (importCallMetaData.acd_id)
Sat, 11 Jan 2020 13:35:08 - INFO - Connect to DB
Sat, 11 Jan 2020 13:35:09 - INFO - TRIZMA DB import
Sat, 11 Jan 2020 13:35:09 - INFO - 123TV DB import
Sat, 11 Jan 2020 13:35:14 - INFO - Failed on 123TV DB import at: 2020-01-11_13-27-39, for following calling party: 492306961781, for agent id: 3067, with error:Missing element acd_id (importCallMetaData.acd_id)
Sat, 11 Jan 2020 13:40:31 - INFO - Connect to DB
Sat, 11 Jan 2020 13:40:31 - INFO - TRIZMA DB import
Sat, 11 Jan 2020 13:40:31 - INFO - 123TV DB import
Sat, 11 Jan 2020 13:40:36 - INFO - Failed on 123TV DB import at: 2020-01-11_13-27-39, for following calling party: 49621787663, for agent id: 3067, with error:Missing element acd_id (importCallMetaData.acd_id)
Sat, 11 Jan 2020 13:40:36 - INFO - Connect to DB
Sat, 11 Jan 2020 13:40:36 - INFO - TRIZMA DB import
Sat, 11 Jan 2020 13:40:36 - INFO - 123TV DB import
Sat, 11 Jan 2020 13:40:41 - INFO - Failed on 123TV DB import at: 2020-01-11_13-27-39, for following calling party: 49352361275, for agent id: 3067, with error:Missing element acd_id (importCallMetaData.acd_id)
Sat, 11 Jan 2020 13:40:58 - INFO - Connect to DB
Sat, 11 Jan 2020 13:40:58 - INFO - TRIZMA DB import
Sat, 11 Jan 2020 13:40:58 - INFO - 123TV DB import
Sat, 11 Jan 2020 13:41:03 - INFO - Failed on 123TV DB import at: 2020-01-11_13-27-39, for following calling party: 49382936240, for agent id: 3067, with error:Missing element acd_id (importCallMetaData.acd_id)
Sat, 11 Jan 2020 13:52:14 - INFO - Connect to DB
Sat, 11 Jan 2020 13:52:14 - INFO - TRIZMA DB import
Sat, 11 Jan 2020 13:52:15 - INFO - Failed on TRIZMA DB import at: 2020-01-11_13-27-39, for following calling party: 4915224847933, for agent id: trz_divankovic, with error:(pyodbc.DataError) ('22001', '[22001] [Microsoft][ODBC Driver 17 for SQL Server][SQL Server]String or binary data would be truncated. (8152) (SQLExecDirectW)')
[SQL: insert into records values('CC2Servicenummer','Belgrad','Nicht 端bermittelt','trz_divankovic',                                  '4915224847933','','Nicht 端bermittelt','4915224847933_Saturday, January 11, 2020_2:52:09 PM')]
(Background on this error at: http://sqlalche.me/e/9h9h)
Sat, 11 Jan 2020 13:52:15 - INFO - 123TV DB import
Sat, 11 Jan 2020 13:52:20 - INFO - Failed on 123TV DB import at: 2020-01-11_13-27-39, for following calling party: 4915224847933, for agent id: 3019, with error:Missing element acd_id (importCallMetaData.acd_id)
