Wed, 08 Jan 2020 07:38:12 - INFO - Connect to DB
Wed, 08 Jan 2020 07:38:12 - INFO - TRIZMA DB import
Wed, 08 Jan 2020 07:38:12 - INFO - 123TV DB import
Wed, 08 Jan 2020 07:38:18 - INFO - Failed on 123TV DB import at: 2020-01-08_07-36-29, for following calling party: 4925151676, for agent id: 3046, with error:Invalid XML content received (Start tag expected, '<' not found, line 1, column 1)
Wed, 08 Jan 2020 07:39:34 - INFO - Connect to DB
Wed, 08 Jan 2020 07:39:34 - INFO - TRIZMA DB import
Wed, 08 Jan 2020 07:39:34 - INFO - 123TV DB import
Wed, 08 Jan 2020 07:39:39 - INFO - Failed on 123TV DB import at: 2020-01-08_07-36-29, for following calling party: 4937612600, for agent id: 3067, with error:Invalid XML content received (Start tag expected, '<' not found, line 1, column 1)
Wed, 08 Jan 2020 07:42:11 - INFO - Connect to DB
Wed, 08 Jan 2020 07:42:11 - INFO - TRIZMA DB import
Wed, 08 Jan 2020 07:42:11 - INFO - 123TV DB import
Wed, 08 Jan 2020 07:42:16 - INFO - Failed on 123TV DB import at: 2020-01-08_07-36-29, for following calling party: 491733919638, for agent id: 3060, with error:Invalid XML content received (Start tag expected, '<' not found, line 1, column 1)
Wed, 08 Jan 2020 07:42:16 - INFO - Connect to DB
Wed, 08 Jan 2020 07:42:16 - INFO - TRIZMA DB import
Wed, 08 Jan 2020 07:42:16 - INFO - 123TV DB import
Wed, 08 Jan 2020 07:42:21 - INFO - Failed on 123TV DB import at: 2020-01-08_07-36-29, for following calling party: 491639130375, for agent id: 3060, with error:Invalid XML content received (Start tag expected, '<' not found, line 1, column 1)
Wed, 08 Jan 2020 07:43:06 - INFO - Connect to DB
Wed, 08 Jan 2020 07:43:06 - INFO - TRIZMA DB import
Wed, 08 Jan 2020 07:43:07 - INFO - 123TV DB import
Wed, 08 Jan 2020 07:43:12 - INFO - Failed on 123TV DB import at: 2020-01-08_07-36-29, for following calling party: 497116363990, for agent id: 3060, with error:Invalid XML content received (Start tag expected, '<' not found, line 1, column 1)
Wed, 08 Jan 2020 07:44:40 - INFO - Connect to DB
Wed, 08 Jan 2020 07:44:40 - INFO - TRIZMA DB import
Wed, 08 Jan 2020 07:44:40 - INFO - Failed on TRIZMA DB import at: 2020-01-08_07-36-29, for following calling party: 4917653597977, for agent id: trz_madamovic, with error:(pyodbc.DataError) ('22001', '[22001] [Microsoft][ODBC Driver 17 for SQL Server][SQL Server]String or binary data would be truncated. (8152) (SQLExecDirectW)')
[SQL: insert into records values('CC2Servicenummer','Belgrad','Nicht übermittelt','trz_madamovic',                                  '4917653597977','','Nicht übermittelt','4917653597977_Tuesday, December 31, 2019_1:07:21 PM')]
(Background on this error at: http://sqlalche.me/e/9h9h)
Wed, 08 Jan 2020 07:44:40 - INFO - 123TV DB import
Wed, 08 Jan 2020 07:44:45 - INFO - Failed on 123TV DB import at: 2020-01-08_07-36-29, for following calling party: 4917653597977, for agent id: 3067, with error:Invalid XML content received (Start tag expected, '<' not found, line 1, column 1)
