Sat, 11 Jan 2020 07:26:14 - INFO - Connect to DB
Sat, 11 Jan 2020 07:26:15 - INFO - TRIZMA DB import
Sat, 11 Jan 2020 07:26:15 - INFO - 123TV DB import
Sat, 11 Jan 2020 07:26:20 - INFO - Failed on 123TV DB import at: 2020-01-11_07-20-52, for following calling party: 4939728579992, for agent id: 3046, with error:Missing element acd_id (importCallMetaData.acd_id)
Sat, 11 Jan 2020 07:31:20 - INFO - Connect to DB
Sat, 11 Jan 2020 07:31:20 - INFO - TRIZMA DB import
Sat, 11 Jan 2020 07:31:20 - INFO - 123TV DB import
Sat, 11 Jan 2020 07:31:25 - INFO - Failed on 123TV DB import at: 2020-01-11_07-20-52, for following calling party: 491749377416, for agent id: 3046, with error:Missing element acd_id (importCallMetaData.acd_id)
Sat, 11 Jan 2020 07:42:12 - INFO - Connect to DB
Sat, 11 Jan 2020 07:42:12 - INFO - TRIZMA DB import
Sat, 11 Jan 2020 07:42:12 - INFO - Failed on TRIZMA DB import at: 2020-01-11_07-20-52, for following calling party: 4951413012202, for agent id: trz_sstankovic, with error:(pyodbc.DataError) ('22001', '[22001] [Microsoft][ODBC Driver 17 for SQL Server][SQL Server]String or binary data would be truncated. (8152) (SQLExecDirectW)')
[SQL: insert into records values('CC2Servicenummer','Belgrad','Nicht 端bermittelt','trz_sstankovic',                                  '4951413012202','','Nicht 端bermittelt','4951413012202_Tuesday, December 31, 2019_9:40:28 AM')]
(Background on this error at: http://sqlalche.me/e/9h9h)
Sat, 11 Jan 2020 07:42:12 - INFO - 123TV DB import
Sat, 11 Jan 2020 07:42:17 - INFO - Failed on 123TV DB import at: 2020-01-11_07-20-52, for following calling party: 4951413012202, for agent id: 3046, with error:Missing element acd_id (importCallMetaData.acd_id)
Sat, 11 Jan 2020 07:43:17 - INFO - Connect to DB
Sat, 11 Jan 2020 07:43:17 - INFO - TRIZMA DB import
Sat, 11 Jan 2020 07:43:17 - INFO - 123TV DB import
Sat, 11 Jan 2020 07:43:22 - INFO - Failed on 123TV DB import at: 2020-01-11_07-20-52, for following calling party: 497112864812, for agent id: 3117, with error:Missing element acd_id (importCallMetaData.acd_id)
Sat, 11 Jan 2020 07:44:34 - INFO - Connect to DB
Sat, 11 Jan 2020 07:44:34 - INFO - TRIZMA DB import
Sat, 11 Jan 2020 07:44:34 - INFO - 123TV DB import
Sat, 11 Jan 2020 07:44:39 - INFO - Failed on 123TV DB import at: 2020-01-11_07-20-52, for following calling party: 4921317424866, for agent id: 3117, with error:Missing element acd_id (importCallMetaData.acd_id)
Sat, 11 Jan 2020 07:44:40 - INFO - Connect to DB
Sat, 11 Jan 2020 07:44:40 - INFO - TRIZMA DB import
Sat, 11 Jan 2020 07:44:40 - INFO - 123TV DB import
Sat, 11 Jan 2020 07:44:45 - INFO - Failed on 123TV DB import at: 2020-01-11_07-20-52, for following calling party: 4936797896184, for agent id: 3117, with error:Missing element acd_id (importCallMetaData.acd_id)
Sat, 11 Jan 2020 07:47:17 - INFO - Connect to DB
Sat, 11 Jan 2020 07:47:17 - INFO - TRIZMA DB import
Sat, 11 Jan 2020 07:47:17 - INFO - 123TV DB import
Sat, 11 Jan 2020 07:47:22 - INFO - Failed on 123TV DB import at: 2020-01-11_07-20-52, for following calling party: 493945972148, for agent id: 3046, with error:Missing element acd_id (importCallMetaData.acd_id)
Sat, 11 Jan 2020 07:50:27 - INFO - Connect to DB
Sat, 11 Jan 2020 07:50:27 - INFO - TRIZMA DB import
Sat, 11 Jan 2020 07:50:27 - INFO - 123TV DB import
Sat, 11 Jan 2020 07:50:32 - INFO - Failed on 123TV DB import at: 2020-01-11_07-20-52, for following calling party: 49621824035, for agent id: 3117, with error:Missing element acd_id (importCallMetaData.acd_id)
Sat, 11 Jan 2020 08:02:27 - INFO - Connect to DB
Sat, 11 Jan 2020 08:02:27 - INFO - TRIZMA DB import
Sat, 11 Jan 2020 08:02:27 - INFO - 123TV DB import
Sat, 11 Jan 2020 08:02:32 - INFO - Failed on 123TV DB import at: 2020-01-11_07-20-52, for following calling party: 49511739898, for agent id: 3046, with error:Missing element acd_id (importCallMetaData.acd_id)
Sat, 11 Jan 2020 08:02:49 - INFO - Connect to DB
Sat, 11 Jan 2020 08:02:49 - INFO - TRIZMA DB import
Sat, 11 Jan 2020 08:02:49 - INFO - 123TV DB import
Sat, 11 Jan 2020 08:02:54 - INFO - Failed on 123TV DB import at: 2020-01-11_07-20-52, for following calling party: 4925151676, for agent id: 3046, with error:Missing element acd_id (importCallMetaData.acd_id)
Sat, 11 Jan 2020 08:03:47 - INFO - Connect to DB
Sat, 11 Jan 2020 08:03:47 - INFO - TRIZMA DB import
Sat, 11 Jan 2020 08:03:47 - INFO - Failed on TRIZMA DB import at: 2020-01-11_07-20-52, for following calling party: 4915906293853, for agent id: trz_sstankovic, with error:(pyodbc.DataError) ('22001', '[22001] [Microsoft][ODBC Driver 17 for SQL Server][SQL Server]String or binary data would be truncated. (8152) (SQLExecDirectW)')
[SQL: insert into records values('CC2Servicenummer','Belgrad','Nicht 端bermittelt','trz_sstankovic',                                  '4915906293853','','Nicht 端bermittelt','4915906293853_Tuesday, December 31, 2019_1:44:07 PM')]
(Background on this error at: http://sqlalche.me/e/9h9h)
Sat, 11 Jan 2020 08:03:47 - INFO - 123TV DB import
Sat, 11 Jan 2020 08:03:52 - INFO - Failed on 123TV DB import at: 2020-01-11_07-20-52, for following calling party: 4915906293853, for agent id: 3046, with error:Missing element acd_id (importCallMetaData.acd_id)
Sat, 11 Jan 2020 08:03:57 - INFO - Connect to DB
Sat, 11 Jan 2020 08:03:57 - INFO - TRIZMA DB import
Sat, 11 Jan 2020 08:03:57 - INFO - 123TV DB import
Sat, 11 Jan 2020 08:04:02 - INFO - Failed on 123TV DB import at: 2020-01-11_07-20-52, for following calling party: 493477231205, for agent id: 3046, with error:Missing element acd_id (importCallMetaData.acd_id)
Sat, 11 Jan 2020 08:04:28 - INFO - Connect to DB
Sat, 11 Jan 2020 08:04:28 - INFO - TRIZMA DB import
Sat, 11 Jan 2020 08:04:28 - INFO - 123TV DB import
Sat, 11 Jan 2020 08:04:33 - INFO - Failed on 123TV DB import at: 2020-01-11_07-20-52, for following calling party: 49722326133, for agent id: 3046, with error:Missing element acd_id (importCallMetaData.acd_id)
Sat, 11 Jan 2020 08:05:16 - INFO - Connect to DB
Sat, 11 Jan 2020 08:05:16 - INFO - TRIZMA DB import
Sat, 11 Jan 2020 08:05:16 - INFO - 123TV DB import
Sat, 11 Jan 2020 08:05:21 - INFO - Failed on 123TV DB import at: 2020-01-11_07-20-52, for following calling party: 491723885031, for agent id: 3046, with error:Missing element acd_id (importCallMetaData.acd_id)
Sat, 11 Jan 2020 08:10:35 - INFO - Connect to DB
Sat, 11 Jan 2020 08:10:35 - INFO - TRIZMA DB import
Sat, 11 Jan 2020 08:10:35 - INFO - 123TV DB import
Sat, 11 Jan 2020 08:10:40 - INFO - Failed on 123TV DB import at: 2020-01-11_07-20-52, for following calling party: 499573239593, for agent id: 3046, with error:Missing element acd_id (importCallMetaData.acd_id)
Sat, 11 Jan 2020 08:20:46 - INFO - Connect to DB
Sat, 11 Jan 2020 08:20:46 - INFO - TRIZMA DB import
Sat, 11 Jan 2020 08:20:46 - INFO - 123TV DB import
Sat, 11 Jan 2020 08:20:51 - INFO - Failed on 123TV DB import at: 2020-01-11_07-20-52, for following calling party: 4991234290, for agent id: 3046, with error:Missing element acd_id (importCallMetaData.acd_id)
Sat, 11 Jan 2020 08:22:06 - INFO - Connect to DB
Sat, 11 Jan 2020 08:22:06 - INFO - TRIZMA DB import
Sat, 11 Jan 2020 08:22:06 - INFO - 123TV DB import
Sat, 11 Jan 2020 08:22:11 - INFO - Failed on 123TV DB import at: 2020-01-11_07-20-52, for following calling party: 491727122314, for agent id: 3046, with error:Missing element acd_id (importCallMetaData.acd_id)
