Fri, 17 Jan 2020 07:31:37 - INFO - Connect to DB
Fri, 17 Jan 2020 07:31:38 - INFO - TRIZMA DB import
Fri, 17 Jan 2020 07:31:38 - INFO - 123TV DB import
Fri, 17 Jan 2020 07:35:39 - INFO - Connect to DB
Fri, 17 Jan 2020 07:35:39 - INFO - TRIZMA DB import
Fri, 17 Jan 2020 07:35:39 - INFO - 123TV DB import
Fri, 17 Jan 2020 07:37:00 - INFO - Connect to DB
Fri, 17 Jan 2020 07:37:00 - INFO - TRIZMA DB import
Fri, 17 Jan 2020 07:37:00 - INFO - 123TV DB import
Fri, 17 Jan 2020 07:37:38 - INFO - Connect to DB
Fri, 17 Jan 2020 07:37:38 - INFO - TRIZMA DB import
Fri, 17 Jan 2020 07:37:38 - INFO - 123TV DB import
Fri, 17 Jan 2020 07:37:44 - INFO - Connect to DB
Fri, 17 Jan 2020 07:37:44 - INFO - TRIZMA DB import
Fri, 17 Jan 2020 07:37:44 - INFO - 123TV DB import
Fri, 17 Jan 2020 07:38:16 - INFO - Connect to DB
Fri, 17 Jan 2020 07:38:16 - INFO - TRIZMA DB import
Fri, 17 Jan 2020 07:38:16 - INFO - 123TV DB import
Fri, 17 Jan 2020 07:39:18 - INFO - Connect to DB
Fri, 17 Jan 2020 07:39:18 - INFO - TRIZMA DB import
Fri, 17 Jan 2020 07:39:18 - INFO - 123TV DB import
Fri, 17 Jan 2020 07:39:27 - INFO - Connect to DB
Fri, 17 Jan 2020 07:39:27 - INFO - TRIZMA DB import
Fri, 17 Jan 2020 07:39:27 - INFO - 123TV DB import
Fri, 17 Jan 2020 07:39:39 - INFO - Connect to DB
Fri, 17 Jan 2020 07:39:39 - INFO - TRIZMA DB import
Fri, 17 Jan 2020 07:39:39 - INFO - 123TV DB import
Fri, 17 Jan 2020 07:44:53 - INFO - Connect to DB
Fri, 17 Jan 2020 07:44:53 - INFO - TRIZMA DB import
Fri, 17 Jan 2020 07:44:53 - INFO - 123TV DB import
Fri, 17 Jan 2020 07:50:44 - INFO - Connect to DB
Fri, 17 Jan 2020 07:50:44 - INFO - TRIZMA DB import
Fri, 17 Jan 2020 07:50:44 - INFO - 123TV DB import
Fri, 17 Jan 2020 07:51:25 - INFO - Connect to DB
Fri, 17 Jan 2020 07:51:25 - INFO - TRIZMA DB import
Fri, 17 Jan 2020 07:51:26 - INFO - 123TV DB import
Fri, 17 Jan 2020 07:51:58 - INFO - Connect to DB
Fri, 17 Jan 2020 07:51:58 - INFO - TRIZMA DB import
Fri, 17 Jan 2020 07:51:58 - INFO - 123TV DB import
Fri, 17 Jan 2020 08:03:46 - INFO - Connect to DB
Fri, 17 Jan 2020 08:03:46 - INFO - TRIZMA DB import
Fri, 17 Jan 2020 08:03:46 - INFO - 123TV DB import
Fri, 17 Jan 2020 08:04:13 - INFO - Connect to DB
Fri, 17 Jan 2020 08:04:13 - INFO - TRIZMA DB import
Fri, 17 Jan 2020 08:04:13 - INFO - 123TV DB import
Fri, 17 Jan 2020 08:05:41 - INFO - Connect to DB
Fri, 17 Jan 2020 08:05:41 - INFO - TRIZMA DB import
Fri, 17 Jan 2020 08:05:41 - INFO - 123TV DB import
Fri, 17 Jan 2020 08:06:00 - INFO - Connect to DB
Fri, 17 Jan 2020 08:06:00 - INFO - TRIZMA DB import
Fri, 17 Jan 2020 08:06:00 - INFO - Failed on TRIZMA DB import at: 2020-01-17_07-29-20, for following calling party: 4915259531604, for agent id: trz_bmaksimovic, with error:(pyodbc.DataError) ('22001', '[22001] [Microsoft][ODBC Driver 17 for SQL Server][SQL Server]String or binary data would be truncated. (8152) (SQLExecDirectW)')
[SQL: insert into records values('CC2Servicenummer','Belgrad','Nicht übermittelt','trz_bmaksimovic',                                 '4915259531604','','Nicht übermittelt','4915259531604_Tuesday, January 14, 2020_11:52:44 AM','BOR_MAKSIM')]
(Background on this error at: http://sqlalche.me/e/9h9h)
Fri, 17 Jan 2020 08:06:00 - INFO - 123TV DB import
