Sat, 11 Jan 2020 08:10:30 - INFO - Connect to DB
Sat, 11 Jan 2020 08:10:30 - INFO - TRIZMA DB import
Sat, 11 Jan 2020 08:10:30 - INFO - 123TV DB import
Sat, 11 Jan 2020 08:10:35 - INFO - Failed on 123TV DB import at: 2020-01-11_08-10-08, for following calling party: 493477231205, for agent id: 3046, with error:Missing element acd_id (importCallMetaData.acd_id)
Sat, 11 Jan 2020 08:15:41 - INFO - Connect to DB
Sat, 11 Jan 2020 08:15:41 - INFO - TRIZMA DB import
Sat, 11 Jan 2020 08:15:41 - INFO - 123TV DB import
Sat, 11 Jan 2020 08:15:46 - INFO - Failed on 123TV DB import at: 2020-01-11_08-10-08, for following calling party: 4980621598, for agent id: 3046, with error:Missing element acd_id (importCallMetaData.acd_id)
Sat, 11 Jan 2020 08:21:03 - INFO - Connect to DB
Sat, 11 Jan 2020 08:21:03 - INFO - TRIZMA DB import
Sat, 11 Jan 2020 08:21:03 - INFO - Failed on TRIZMA DB import at: 2020-01-11_08-10-08, for following calling party: 491784934677, for agent id: trz_sstankovic, with error:(pyodbc.DataError) ('22001', '[22001] [Microsoft][ODBC Driver 17 for SQL Server][SQL Server]String or binary data would be truncated. (8152) (SQLExecDirectW)')
[SQL: insert into records values('CC2Servicenummer','Belgrad','Nicht übermittelt','trz_sstankovic',                                  '491784934677','','Nicht übermittelt','491784934677_Thursday, January 02, 2020_10:15:26 AM')]
(Background on this error at: http://sqlalche.me/e/9h9h)
Sat, 11 Jan 2020 08:21:03 - INFO - 123TV DB import
Sat, 11 Jan 2020 08:21:09 - INFO - Failed on 123TV DB import at: 2020-01-11_08-10-08, for following calling party: 491784934677, for agent id: 3046, with error:Missing element acd_id (importCallMetaData.acd_id)
Sat, 11 Jan 2020 08:21:18 - INFO - Connect to DB
Sat, 11 Jan 2020 08:21:18 - INFO - TRIZMA DB import
Sat, 11 Jan 2020 08:21:18 - INFO - Failed on TRIZMA DB import at: 2020-01-11_08-10-08, for following calling party: 496722409005, for agent id: trz_sstankovic, with error:(pyodbc.DataError) ('22001', '[22001] [Microsoft][ODBC Driver 17 for SQL Server][SQL Server]String or binary data would be truncated. (8152) (SQLExecDirectW)')
[SQL: insert into records values('CC2Servicenummer','Belgrad','Nicht übermittelt','trz_sstankovic',                                  '496722409005','','Nicht übermittelt','496722409005_Thursday, January 02, 2020_10:24:01 AM')]
(Background on this error at: http://sqlalche.me/e/9h9h)
Sat, 11 Jan 2020 08:21:18 - INFO - 123TV DB import
Sat, 11 Jan 2020 08:21:23 - INFO - Failed on 123TV DB import at: 2020-01-11_08-10-08, for following calling party: 496722409005, for agent id: 3046, with error:Missing element acd_id (importCallMetaData.acd_id)
Sat, 11 Jan 2020 08:21:39 - INFO - Connect to DB
Sat, 11 Jan 2020 08:21:40 - INFO - TRIZMA DB import
Sat, 11 Jan 2020 08:21:40 - INFO - Failed on TRIZMA DB import at: 2020-01-11_08-10-08, for following calling party: 493035525313, for agent id: trz_sstankovic, with error:(pyodbc.DataError) ('22001', '[22001] [Microsoft][ODBC Driver 17 for SQL Server][SQL Server]String or binary data would be truncated. (8152) (SQLExecDirectW)')
[SQL: insert into records values('CC2Servicenummer','Belgrad','Nicht übermittelt','trz_sstankovic',                                  '493035525313','','Nicht übermittelt','493035525313_Thursday, January 02, 2020_10:58:43 AM')]
(Background on this error at: http://sqlalche.me/e/9h9h)
Sat, 11 Jan 2020 08:21:40 - INFO - 123TV DB import
Sat, 11 Jan 2020 08:21:45 - INFO - Failed on 123TV DB import at: 2020-01-11_08-10-08, for following calling party: 493035525313, for agent id: 3046, with error:Missing element acd_id (importCallMetaData.acd_id)
Sat, 11 Jan 2020 08:22:01 - INFO - Connect to DB
Sat, 11 Jan 2020 08:22:01 - INFO - TRIZMA DB import
Sat, 11 Jan 2020 08:22:01 - INFO - 123TV DB import
Sat, 11 Jan 2020 08:22:06 - INFO - Failed on 123TV DB import at: 2020-01-11_08-10-08, for following calling party: 491608205634, for agent id: 3046, with error:Missing element acd_id (importCallMetaData.acd_id)
