Tue, 21 Jan 2020 07:15:58 - INFO - Connect to DB
Tue, 21 Jan 2020 07:15:59 - INFO - TRIZMA DB import
Tue, 21 Jan 2020 07:15:59 - INFO - 123TV DB import
Tue, 21 Jan 2020 07:16:23 - INFO - Connect to DB
Tue, 21 Jan 2020 07:16:23 - INFO - TRIZMA DB import
Tue, 21 Jan 2020 07:16:23 - INFO - 123TV DB import
Tue, 21 Jan 2020 07:16:35 - INFO - Connect to DB
Tue, 21 Jan 2020 07:16:35 - INFO - TRIZMA DB import
Tue, 21 Jan 2020 07:16:35 - INFO - 123TV DB import
Tue, 21 Jan 2020 07:16:41 - INFO - Connect to DB
Tue, 21 Jan 2020 07:16:41 - INFO - TRIZMA DB import
Tue, 21 Jan 2020 07:16:41 - INFO - 123TV DB import
Tue, 21 Jan 2020 07:19:35 - INFO - Connect to DB
Tue, 21 Jan 2020 07:19:35 - INFO - TRIZMA DB import
Tue, 21 Jan 2020 07:19:35 - INFO - 123TV DB import
Tue, 21 Jan 2020 07:20:44 - INFO - Connect to DB
Tue, 21 Jan 2020 07:20:44 - INFO - TRIZMA DB import
Tue, 21 Jan 2020 07:20:44 - INFO - 123TV DB import
Tue, 21 Jan 2020 07:20:49 - INFO - Connect to DB
Tue, 21 Jan 2020 07:20:49 - INFO - TRIZMA DB import
Tue, 21 Jan 2020 07:20:49 - INFO - 123TV DB import
Tue, 21 Jan 2020 07:22:13 - INFO - Connect to DB
Tue, 21 Jan 2020 07:22:13 - INFO - TRIZMA DB import
Tue, 21 Jan 2020 07:22:13 - INFO - 123TV DB import
Tue, 21 Jan 2020 07:22:52 - INFO - Connect to DB
Tue, 21 Jan 2020 07:22:52 - INFO - TRIZMA DB import
Tue, 21 Jan 2020 07:22:52 - INFO - 123TV DB import
Tue, 21 Jan 2020 07:23:08 - INFO - Connect to DB
Tue, 21 Jan 2020 07:23:08 - INFO - TRIZMA DB import
Tue, 21 Jan 2020 07:23:08 - INFO - 123TV DB import
Tue, 21 Jan 2020 07:23:13 - INFO - Connect to DB
Tue, 21 Jan 2020 07:23:13 - INFO - TRIZMA DB import
Tue, 21 Jan 2020 07:23:13 - INFO - 123TV DB import
Tue, 21 Jan 2020 07:23:36 - INFO - Connect to DB
Tue, 21 Jan 2020 07:23:36 - INFO - TRIZMA DB import
Tue, 21 Jan 2020 07:23:36 - INFO - 123TV DB import
Tue, 21 Jan 2020 07:23:41 - INFO - Connect to DB
Tue, 21 Jan 2020 07:23:41 - INFO - TRIZMA DB import
Tue, 21 Jan 2020 07:23:41 - INFO - 123TV DB import
Tue, 21 Jan 2020 07:24:26 - INFO - Connect to DB
Tue, 21 Jan 2020 07:24:26 - INFO - TRIZMA DB import
Tue, 21 Jan 2020 07:24:26 - INFO - 123TV DB import
Tue, 21 Jan 2020 07:25:46 - INFO - Connect to DB
Tue, 21 Jan 2020 07:25:46 - INFO - TRIZMA DB import
Tue, 21 Jan 2020 07:25:46 - INFO - 123TV DB import
Tue, 21 Jan 2020 07:26:08 - INFO - Connect to DB
Tue, 21 Jan 2020 07:26:08 - INFO - TRIZMA DB import
Tue, 21 Jan 2020 07:26:09 - INFO - Failed on TRIZMA DB import at: 2020-01-21_07-15-08, for following calling party: 497062910344, for agent id: trz_madamovic, with error:(pyodbc.DataError) ('22001', '[22001] [Microsoft][ODBC Driver 17 for SQL Server][SQL Server]String or binary data would be truncated. (8152) (SQLExecDirectW)')
[SQL: insert into records values('CC2Servicenummer','Belgrad','Nicht übermittelt','trz_madamovic',                                 '497062910344','','Nicht übermittelt','497062910344_Wednesday, January 15, 2020_2:47:05 PM','MIL_ADAMOV')]
(Background on this error at: http://sqlalche.me/e/9h9h)
Tue, 21 Jan 2020 07:26:09 - INFO - 123TV DB import
Tue, 21 Jan 2020 07:26:14 - INFO - Connect to DB
Tue, 21 Jan 2020 07:26:14 - INFO - TRIZMA DB import
Tue, 21 Jan 2020 07:26:14 - INFO - Failed on TRIZMA DB import at: 2020-01-21_07-15-08, for following calling party: 493853921080, for agent id: trz_madamovic, with error:(pyodbc.DataError) ('22001', '[22001] [Microsoft][ODBC Driver 17 for SQL Server][SQL Server]String or binary data would be truncated. (8152) (SQLExecDirectW)')
[SQL: insert into records values('CC2Servicenummer','Belgrad','Nicht übermittelt','trz_madamovic',                                 '493853921080','','Nicht übermittelt','493853921080_Wednesday, January 15, 2020_2:57:56 PM','MIL_ADAMOV')]
(Background on this error at: http://sqlalche.me/e/9h9h)
Tue, 21 Jan 2020 07:26:14 - INFO - 123TV DB import
Tue, 21 Jan 2020 07:26:48 - INFO - Connect to DB
Tue, 21 Jan 2020 07:26:48 - INFO - TRIZMA DB import
Tue, 21 Jan 2020 07:26:48 - INFO - 123TV DB import
Tue, 21 Jan 2020 07:27:12 - INFO - Connect to DB
Tue, 21 Jan 2020 07:27:12 - INFO - TRIZMA DB import
Tue, 21 Jan 2020 07:27:12 - INFO - 123TV DB import
Tue, 21 Jan 2020 07:27:43 - INFO - Connect to DB
Tue, 21 Jan 2020 07:27:43 - INFO - TRIZMA DB import
Tue, 21 Jan 2020 07:27:44 - INFO - 123TV DB import
Tue, 21 Jan 2020 07:28:32 - INFO - Connect to DB
Tue, 21 Jan 2020 07:28:32 - INFO - TRIZMA DB import
Tue, 21 Jan 2020 07:28:32 - INFO - 123TV DB import
Tue, 21 Jan 2020 07:29:26 - INFO - Connect to DB
Tue, 21 Jan 2020 07:29:26 - INFO - TRIZMA DB import
Tue, 21 Jan 2020 07:29:26 - INFO - 123TV DB import
Tue, 21 Jan 2020 07:29:33 - INFO - Connect to DB
Tue, 21 Jan 2020 07:29:33 - INFO - TRIZMA DB import
Tue, 21 Jan 2020 07:29:33 - INFO - 123TV DB import
Tue, 21 Jan 2020 07:32:36 - INFO - Connect to DB
Tue, 21 Jan 2020 07:32:36 - INFO - TRIZMA DB import
Tue, 21 Jan 2020 07:32:36 - INFO - 123TV DB import
Tue, 21 Jan 2020 07:32:42 - INFO - Connect to DB
Tue, 21 Jan 2020 07:32:42 - INFO - TRIZMA DB import
Tue, 21 Jan 2020 07:32:42 - INFO - 123TV DB import
Tue, 21 Jan 2020 07:33:21 - INFO - Connect to DB
Tue, 21 Jan 2020 07:33:21 - INFO - TRIZMA DB import
Tue, 21 Jan 2020 07:33:21 - INFO - Failed on TRIZMA DB import at: 2020-01-21_07-15-08, for following calling party: 4915752492854, for agent id: trz_madamovic, with error:(pyodbc.DataError) ('22001', '[22001] [Microsoft][ODBC Driver 17 for SQL Server][SQL Server]String or binary data would be truncated. (8152) (SQLExecDirectW)')
[SQL: insert into records values('CC2Servicenummer','Belgrad','Nicht übermittelt','trz_madamovic',                                 '4915752492854','','Nicht übermittelt','4915752492854_Thursday, January 16, 2020_10:25:51 AM','MIL_ADAMOV')]
(Background on this error at: http://sqlalche.me/e/9h9h)
Tue, 21 Jan 2020 07:33:21 - INFO - 123TV DB import
Tue, 21 Jan 2020 07:33:26 - INFO - Connect to DB
Tue, 21 Jan 2020 07:33:26 - INFO - TRIZMA DB import
Tue, 21 Jan 2020 07:33:26 - INFO - Failed on TRIZMA DB import at: 2020-01-21_07-15-08, for following calling party: 497318001292, for agent id: trz_madamovic, with error:(pyodbc.DataError) ('22001', '[22001] [Microsoft][ODBC Driver 17 for SQL Server][SQL Server]String or binary data would be truncated. (8152) (SQLExecDirectW)')
[SQL: insert into records values('CC2Servicenummer','Belgrad','Nicht übermittelt','trz_madamovic',                                 '497318001292','','Nicht übermittelt','497318001292_Thursday, January 16, 2020_10:35:39 AM','MIL_ADAMOV')]
(Background on this error at: http://sqlalche.me/e/9h9h)
Tue, 21 Jan 2020 07:33:26 - INFO - 123TV DB import
Tue, 21 Jan 2020 07:34:23 - INFO - Connect to DB
Tue, 21 Jan 2020 07:34:23 - INFO - TRIZMA DB import
Tue, 21 Jan 2020 07:34:23 - INFO - 123TV DB import
Tue, 21 Jan 2020 07:34:29 - INFO - Connect to DB
Tue, 21 Jan 2020 07:34:29 - INFO - TRIZMA DB import
Tue, 21 Jan 2020 07:34:29 - INFO - 123TV DB import
Tue, 21 Jan 2020 07:34:52 - INFO - Connect to DB
Tue, 21 Jan 2020 07:34:52 - INFO - TRIZMA DB import
Tue, 21 Jan 2020 07:34:52 - INFO - 123TV DB import
Tue, 21 Jan 2020 07:35:03 - INFO - Connect to DB
Tue, 21 Jan 2020 07:35:03 - INFO - TRIZMA DB import
Tue, 21 Jan 2020 07:35:03 - INFO - 123TV DB import
Tue, 21 Jan 2020 07:35:31 - INFO - Connect to DB
Tue, 21 Jan 2020 07:35:31 - INFO - TRIZMA DB import
Tue, 21 Jan 2020 07:35:31 - INFO - 123TV DB import
Tue, 21 Jan 2020 07:35:39 - INFO - Connect to DB
Tue, 21 Jan 2020 07:35:39 - INFO - TRIZMA DB import
Tue, 21 Jan 2020 07:35:39 - INFO - 123TV DB import
Tue, 21 Jan 2020 07:36:40 - INFO - Connect to DB
Tue, 21 Jan 2020 07:36:40 - INFO - TRIZMA DB import
Tue, 21 Jan 2020 07:36:40 - INFO - 123TV DB import
Tue, 21 Jan 2020 07:37:14 - INFO - Connect to DB
Tue, 21 Jan 2020 07:37:14 - INFO - TRIZMA DB import
Tue, 21 Jan 2020 07:37:14 - INFO - 123TV DB import
Tue, 21 Jan 2020 07:37:36 - INFO - Connect to DB
Tue, 21 Jan 2020 07:37:36 - INFO - TRIZMA DB import
Tue, 21 Jan 2020 07:37:37 - INFO - 123TV DB import
Tue, 21 Jan 2020 07:37:42 - INFO - Connect to DB
Tue, 21 Jan 2020 07:37:42 - INFO - TRIZMA DB import
Tue, 21 Jan 2020 07:37:42 - INFO - Failed on TRIZMA DB import at: 2020-01-21_07-15-08, for following calling party: 4934672687461, for agent id: trz_madamovic, with error:(pyodbc.DataError) ('22001', '[22001] [Microsoft][ODBC Driver 17 for SQL Server][SQL Server]String or binary data would be truncated. (8152) (SQLExecDirectW)')
[SQL: insert into records values('CC2Servicenummer','Belgrad','Nicht übermittelt','trz_madamovic',                                 '4934672687461','','Nicht übermittelt','4934672687461_Saturday, January 18, 2020_12:23:49 PM','MIL_ADAMOV')]
(Background on this error at: http://sqlalche.me/e/9h9h)
Tue, 21 Jan 2020 07:37:42 - INFO - 123TV DB import
Tue, 21 Jan 2020 07:38:22 - INFO - Connect to DB
Tue, 21 Jan 2020 07:38:22 - INFO - TRIZMA DB import
Tue, 21 Jan 2020 07:38:22 - INFO - 123TV DB import
Tue, 21 Jan 2020 07:38:58 - INFO - Connect to DB
Tue, 21 Jan 2020 07:38:58 - INFO - TRIZMA DB import
Tue, 21 Jan 2020 07:38:58 - INFO - Failed on TRIZMA DB import at: 2020-01-21_07-15-08, for following calling party: 4982329943810, for agent id: trz_madamovic, with error:(pyodbc.DataError) ('22001', '[22001] [Microsoft][ODBC Driver 17 for SQL Server][SQL Server]String or binary data would be truncated. (8152) (SQLExecDirectW)')
[SQL: insert into records values('CC2Servicenummer','Belgrad','Nicht übermittelt','trz_madamovic',                                 '4982329943810','','Nicht übermittelt','4982329943810_Saturday, January 18, 2020_7:05:45 PM','MIL_ADAMOV')]
(Background on this error at: http://sqlalche.me/e/9h9h)
Tue, 21 Jan 2020 07:38:58 - INFO - 123TV DB import
Tue, 21 Jan 2020 07:39:04 - INFO - Connect to DB
Tue, 21 Jan 2020 07:39:04 - INFO - TRIZMA DB import
Tue, 21 Jan 2020 07:39:04 - INFO - 123TV DB import
Tue, 21 Jan 2020 07:39:58 - INFO - Connect to DB
Tue, 21 Jan 2020 07:39:58 - INFO - TRIZMA DB import
Tue, 21 Jan 2020 07:39:58 - INFO - 123TV DB import
Tue, 21 Jan 2020 07:40:39 - INFO - Connect to DB
Tue, 21 Jan 2020 07:40:39 - INFO - TRIZMA DB import
Tue, 21 Jan 2020 07:40:39 - INFO - 123TV DB import
Tue, 21 Jan 2020 07:41:16 - INFO - Connect to DB
Tue, 21 Jan 2020 07:41:16 - INFO - TRIZMA DB import
Tue, 21 Jan 2020 07:41:16 - INFO - 123TV DB import
Tue, 21 Jan 2020 07:41:44 - INFO - Connect to DB
Tue, 21 Jan 2020 07:41:44 - INFO - TRIZMA DB import
Tue, 21 Jan 2020 07:41:44 - INFO - 123TV DB import
Tue, 21 Jan 2020 07:42:20 - INFO - Connect to DB
Tue, 21 Jan 2020 07:42:20 - INFO - TRIZMA DB import
Tue, 21 Jan 2020 07:42:20 - INFO - 123TV DB import
Tue, 21 Jan 2020 07:43:10 - INFO - Connect to DB
Tue, 21 Jan 2020 07:43:10 - INFO - TRIZMA DB import
Tue, 21 Jan 2020 07:43:10 - INFO - 123TV DB import
Tue, 21 Jan 2020 07:46:00 - INFO - Connect to DB
Tue, 21 Jan 2020 07:46:00 - INFO - TRIZMA DB import
Tue, 21 Jan 2020 07:46:00 - INFO - 123TV DB import
Tue, 21 Jan 2020 07:46:47 - INFO - Connect to DB
Tue, 21 Jan 2020 07:46:48 - INFO - TRIZMA DB import
Tue, 21 Jan 2020 07:46:48 - INFO - 123TV DB import
Tue, 21 Jan 2020 07:47:20 - INFO - Connect to DB
Tue, 21 Jan 2020 07:47:21 - INFO - TRIZMA DB import
Tue, 21 Jan 2020 07:47:21 - INFO - 123TV DB import
