Wed, 15 Jan 2020 15:09:38 - INFO - Connect to DB
Wed, 15 Jan 2020 15:09:38 - INFO - TRIZMA DB import
Wed, 15 Jan 2020 15:09:38 - INFO - Failed on TRIZMA DB import at: 2020-01-15_15-07-04, for following calling party: 4942148997540, for agent id: trz_divankovic, with error:(pyodbc.DataError) ('22001', '[22001] [Microsoft][ODBC Driver 17 for SQL Server][SQL Server]String or binary data would be truncated. (8152) (SQLExecDirectW)')
[SQL: insert into records values('CC2Servicenummer','Belgrad','Nicht übermittelt','trz_divankovic',                                 '4942148997540','','Nicht übermittelt','4942148997540_Wednesday, January 15, 2020_4:09:31 PM','DUS_IVANKO')]
(Background on this error at: http://sqlalche.me/e/9h9h)
Wed, 15 Jan 2020 15:09:38 - INFO - 123TV DB import
Wed, 15 Jan 2020 15:19:10 - INFO - Connect to DB
Wed, 15 Jan 2020 15:19:10 - INFO - TRIZMA DB import
Wed, 15 Jan 2020 15:19:10 - INFO - Failed on TRIZMA DB import at: 2020-01-15_15-07-04, for following calling party: 491775980327, for agent id: trz_hjovic, with error:(pyodbc.DataError) ('22001', '[22001] [Microsoft][ODBC Driver 17 for SQL Server][SQL Server]String or binary data would be truncated. (8152) (SQLExecDirectW)')
[SQL: insert into records values('CC2Servicenummer','Belgrad','Nicht übermittelt','trz_hjovic',                                 '491775980327','','Nicht übermittelt','491775980327_Wednesday, January 15, 2020_4:19:02 PM','HRI_JOVIC')]
(Background on this error at: http://sqlalche.me/e/9h9h)
Wed, 15 Jan 2020 15:19:10 - INFO - 123TV DB import
Wed, 15 Jan 2020 15:19:53 - INFO - Connect to DB
Wed, 15 Jan 2020 15:19:53 - INFO - TRIZMA DB import
Wed, 15 Jan 2020 15:19:53 - INFO - Failed on TRIZMA DB import at: 2020-01-15_15-07-04, for following calling party: 498932120939, for agent id: trz_iastojic, with error:(pyodbc.DataError) ('22001', '[22001] [Microsoft][ODBC Driver 17 for SQL Server][SQL Server]String or binary data would be truncated. (8152) (SQLExecDirectW)')
[SQL: insert into records values('CC2Servicenummer','Belgrad','Nicht übermittelt','trz_iastojic',                                 '498932120939','','Nicht übermittelt','498932120939_Wednesday, January 15, 2020_4:19:52 PM','LID_STOJIC')]
(Background on this error at: http://sqlalche.me/e/9h9h)
Wed, 15 Jan 2020 15:19:53 - INFO - 123TV DB import
Wed, 15 Jan 2020 15:22:33 - INFO - Connect to DB
Wed, 15 Jan 2020 15:22:33 - INFO - TRIZMA DB import
Wed, 15 Jan 2020 15:22:33 - INFO - Failed on TRIZMA DB import at: 2020-01-15_15-07-04, for following calling party: 491773140258, for agent id: trz_asilni, with error:(pyodbc.DataError) ('22001', '[22001] [Microsoft][ODBC Driver 17 for SQL Server][SQL Server]String or binary data would be truncated. (8152) (SQLExecDirectW)')
[SQL: insert into records values('CC2Servicenummer','Belgrad','Nicht übermittelt','trz_asilni',                                 '491773140258','','Nicht übermittelt','491773140258_Wednesday, January 15, 2020_4:22:20 PM','ANA_SILNI')]
(Background on this error at: http://sqlalche.me/e/9h9h)
Wed, 15 Jan 2020 15:22:33 - INFO - 123TV DB import
Wed, 15 Jan 2020 15:33:08 - INFO - Connect to DB
Wed, 15 Jan 2020 15:33:08 - INFO - TRIZMA DB import
Wed, 15 Jan 2020 15:33:08 - INFO - 123TV DB import
