Sat, 11 Jan 2020 11:13:14 - INFO - Connect to DB
Sat, 11 Jan 2020 11:13:15 - INFO - TRIZMA DB import
Sat, 11 Jan 2020 11:13:15 - INFO - Failed on TRIZMA DB import at: 2020-01-11_10-58-21, for following calling party: 491781051586, for agent id: trz_madamovic, with error:(pyodbc.DataError) ('22001', '[22001] [Microsoft][ODBC Driver 17 for SQL Server][SQL Server]String or binary data would be truncated. (8152) (SQLExecDirectW)')
[SQL: insert into records values('CC2Servicenummer','Belgrad','Nicht übermittelt','trz_madamovic',                                  '491781051586','','Nicht übermittelt','491781051586_Wednesday, December 25, 2019_2:12:04 PM')]
(Background on this error at: http://sqlalche.me/e/9h9h)
Sat, 11 Jan 2020 11:13:15 - INFO - 123TV DB import
Sat, 11 Jan 2020 11:13:20 - INFO - Failed on 123TV DB import at: 2020-01-11_10-58-21, for following calling party: 491781051586, for agent id: 3067, with error:Missing element acd_id (importCallMetaData.acd_id)
Sat, 11 Jan 2020 11:13:57 - INFO - Connect to DB
Sat, 11 Jan 2020 11:13:57 - INFO - TRIZMA DB import
Sat, 11 Jan 2020 11:13:57 - INFO - Failed on TRIZMA DB import at: 2020-01-11_10-58-21, for following calling party: 493658002547, for agent id: trz_madamovic, with error:(pyodbc.DataError) ('22001', '[22001] [Microsoft][ODBC Driver 17 for SQL Server][SQL Server]String or binary data would be truncated. (8152) (SQLExecDirectW)')
[SQL: insert into records values('CC2Servicenummer','Belgrad','Nicht übermittelt','trz_madamovic',                                  '493658002547','','Nicht übermittelt','493658002547_Thursday, December 26, 2019_2:26:10 PM')]
(Background on this error at: http://sqlalche.me/e/9h9h)
Sat, 11 Jan 2020 11:13:57 - INFO - 123TV DB import
Sat, 11 Jan 2020 11:14:02 - INFO - Failed on 123TV DB import at: 2020-01-11_10-58-21, for following calling party: 493658002547, for agent id: 3067, with error:Missing element acd_id (importCallMetaData.acd_id)
Sat, 11 Jan 2020 11:14:13 - INFO - Connect to DB
Sat, 11 Jan 2020 11:14:14 - INFO - TRIZMA DB import
Sat, 11 Jan 2020 11:14:14 - INFO - 123TV DB import
Sat, 11 Jan 2020 11:14:19 - INFO - Failed on 123TV DB import at: 2020-01-11_10-58-21, for following calling party: 4953618917751, for agent id: 3067, with error:Missing element acd_id (importCallMetaData.acd_id)
Sat, 11 Jan 2020 11:14:34 - INFO - Connect to DB
Sat, 11 Jan 2020 11:14:34 - INFO - TRIZMA DB import
Sat, 11 Jan 2020 11:14:34 - INFO - 123TV DB import
Sat, 11 Jan 2020 11:14:40 - INFO - Failed on 123TV DB import at: 2020-01-11_10-58-21, for following calling party: 493416884071, for agent id: 3067, with error:Missing element acd_id (importCallMetaData.acd_id)
Sat, 11 Jan 2020 11:14:40 - INFO - Connect to DB
Sat, 11 Jan 2020 11:14:40 - INFO - TRIZMA DB import
Sat, 11 Jan 2020 11:14:40 - INFO - 123TV DB import
Sat, 11 Jan 2020 11:14:45 - INFO - Failed on 123TV DB import at: 2020-01-11_10-58-21, for following calling party: 49228218198, for agent id: 3067, with error:Missing element acd_id (importCallMetaData.acd_id)
Sat, 11 Jan 2020 11:15:47 - INFO - Connect to DB
Sat, 11 Jan 2020 11:15:47 - INFO - TRIZMA DB import
Sat, 11 Jan 2020 11:15:47 - INFO - 123TV DB import
Sat, 11 Jan 2020 11:15:52 - INFO - Failed on 123TV DB import at: 2020-01-11_10-58-21, for following calling party: 4938133732022, for agent id: 3067, with error:Missing element acd_id (importCallMetaData.acd_id)
Sat, 11 Jan 2020 11:22:09 - INFO - Connect to DB
Sat, 11 Jan 2020 11:22:09 - INFO - TRIZMA DB import
Sat, 11 Jan 2020 11:22:09 - INFO - 123TV DB import
Sat, 11 Jan 2020 11:22:14 - INFO - Failed on 123TV DB import at: 2020-01-11_10-58-21, for following calling party: 493052283442, for agent id: 3067, with error:Missing element acd_id (importCallMetaData.acd_id)
Sat, 11 Jan 2020 11:22:56 - INFO - Connect to DB
Sat, 11 Jan 2020 11:22:56 - INFO - TRIZMA DB import
Sat, 11 Jan 2020 11:22:56 - INFO - 123TV DB import
Sat, 11 Jan 2020 11:23:01 - INFO - Failed on 123TV DB import at: 2020-01-11_10-58-21, for following calling party: 493429787105, for agent id: 3067, with error:Missing element acd_id (importCallMetaData.acd_id)
Sat, 11 Jan 2020 11:24:07 - INFO - Connect to DB
Sat, 11 Jan 2020 11:24:07 - INFO - TRIZMA DB import
Sat, 11 Jan 2020 11:24:07 - INFO - Failed on TRIZMA DB import at: 2020-01-11_10-58-21, for following calling party: 4915255261204, for agent id: trz_madamovic, with error:(pyodbc.DataError) ('22001', '[22001] [Microsoft][ODBC Driver 17 for SQL Server][SQL Server]String or binary data would be truncated. (8152) (SQLExecDirectW)')
[SQL: insert into records values('CC2Servicenummer','Belgrad','Nicht übermittelt','trz_madamovic',                                  '4915255261204','','Nicht übermittelt','4915255261204_Monday, December 30, 2019_12:10:24 PM')]
(Background on this error at: http://sqlalche.me/e/9h9h)
Sat, 11 Jan 2020 11:24:07 - INFO - 123TV DB import
Sat, 11 Jan 2020 11:24:12 - INFO - Failed on 123TV DB import at: 2020-01-11_10-58-21, for following calling party: 4915255261204, for agent id: 3067, with error:Missing element acd_id (importCallMetaData.acd_id)
Sat, 11 Jan 2020 11:24:28 - INFO - Connect to DB
Sat, 11 Jan 2020 11:24:28 - INFO - TRIZMA DB import
Sat, 11 Jan 2020 11:24:28 - INFO - 123TV DB import
Sat, 11 Jan 2020 11:24:33 - INFO - Failed on 123TV DB import at: 2020-01-11_10-58-21, for following calling party: 4923122281560, for agent id: 3067, with error:Missing element acd_id (importCallMetaData.acd_id)
Sat, 11 Jan 2020 11:27:45 - INFO - Connect to DB
Sat, 11 Jan 2020 11:27:45 - INFO - TRIZMA DB import
Sat, 11 Jan 2020 11:27:45 - INFO - 123TV DB import
Sat, 11 Jan 2020 11:27:50 - INFO - Failed on 123TV DB import at: 2020-01-11_10-58-21, for following calling party: 4987448234, for agent id: 3067, with error:Missing element acd_id (importCallMetaData.acd_id)
