Fri, 10 Jan 2020 10:36:32 - INFO - Connect to DB
Fri, 10 Jan 2020 10:36:32 - INFO - TRIZMA DB import
Fri, 10 Jan 2020 10:36:32 - INFO - 123TV DB import
Fri, 10 Jan 2020 10:37:59 - INFO - Connect to DB
Fri, 10 Jan 2020 10:37:59 - INFO - TRIZMA DB import
Fri, 10 Jan 2020 10:37:59 - INFO - Failed on TRIZMA DB import at: 2020-01-10_10-32-39, for following calling party: 497121580124, for agent id: trz_bmaksimovic, with error:(pyodbc.DataError) ('22001', '[22001] [Microsoft][ODBC Driver 17 for SQL Server][SQL Server]String or binary data would be truncated. (8152) (SQLExecDirectW)')
[SQL: insert into records values('CC2Servicenummer','Belgrad','Nicht 端bermittelt','trz_bmaksimovic',                                  '497121580124','','Nicht 端bermittelt','497121580124_Saturday, December 28, 2019_5:30:56 PM')]
(Background on this error at: http://sqlalche.me/e/9h9h)
Fri, 10 Jan 2020 10:37:59 - INFO - 123TV DB import
Fri, 10 Jan 2020 10:42:39 - INFO - Connect to DB
Fri, 10 Jan 2020 10:42:39 - INFO - TRIZMA DB import
Fri, 10 Jan 2020 10:42:39 - INFO - 123TV DB import
Fri, 10 Jan 2020 10:43:50 - INFO - Connect to DB
Fri, 10 Jan 2020 10:43:50 - INFO - TRIZMA DB import
Fri, 10 Jan 2020 10:43:50 - INFO - Failed on TRIZMA DB import at: 2020-01-10_10-32-39, for following calling party: 4933754949864, for agent id: trz_bmaksimovic, with error:(pyodbc.DataError) ('22001', '[22001] [Microsoft][ODBC Driver 17 for SQL Server][SQL Server]String or binary data would be truncated. (8152) (SQLExecDirectW)')
[SQL: insert into records values('CC2Servicenummer','Belgrad','Nicht 端bermittelt','trz_bmaksimovic',                                  '4933754949864','','Nicht 端bermittelt','4933754949864_Saturday, December 28, 2019_7:48:10 PM')]
(Background on this error at: http://sqlalche.me/e/9h9h)
Fri, 10 Jan 2020 10:43:50 - INFO - 123TV DB import
Fri, 10 Jan 2020 10:44:15 - INFO - Connect to DB
Fri, 10 Jan 2020 10:44:15 - INFO - TRIZMA DB import
Fri, 10 Jan 2020 10:44:16 - INFO - 123TV DB import
