Tue, 14 Jan 2020 10:26:19 - INFO - Connect to DB
Tue, 14 Jan 2020 10:26:19 - INFO - TRIZMA DB import
Tue, 14 Jan 2020 10:26:19 - INFO - Failed on TRIZMA DB import at: 2020-01-14_10-24-59, for following calling party: 4934909740025, for agent id: trz_mglisic, with error:(pyodbc.DataError) ('22001', '[22001] [Microsoft][ODBC Driver 17 for SQL Server][SQL Server]String or binary data would be truncated. (8152) (SQLExecDirectW)')
[SQL: insert into records values('CC2Servicenummer','Belgrad','Nicht 端bermittelt','trz_mglisic',                                  '4934909740025','','Nicht 端bermittelt','4934909740025_Tuesday, January 14, 2020_11:26:16 AM')]
(Background on this error at: http://sqlalche.me/e/9h9h)
Tue, 14 Jan 2020 10:26:19 - INFO - 123TV DB import
Tue, 14 Jan 2020 10:26:25 - INFO - Failed on 123TV DB import at: 2020-01-14_10-24-59, for following calling party: 4934909740025, for agent id: 3117, with error:Missing element acd_id (importCallMetaData.acd_id)
Tue, 14 Jan 2020 10:27:59 - INFO - Connect to DB
Tue, 14 Jan 2020 10:27:59 - INFO - TRIZMA DB import
Tue, 14 Jan 2020 10:27:59 - INFO - Failed on TRIZMA DB import at: 2020-01-14_10-24-59, for following calling party: 4982333892700, for agent id: trz_sdjukic, with error:(pyodbc.DataError) ('22001', '[22001] [Microsoft][ODBC Driver 17 for SQL Server][SQL Server]String or binary data would be truncated. (8152) (SQLExecDirectW)')
[SQL: insert into records values('CC2Servicenummer','Belgrad','Nicht 端bermittelt','trz_sdjukic',                                  '4982333892700','','Nicht 端bermittelt','4982333892700_Tuesday, January 14, 2020_11:27:57 AM')]
(Background on this error at: http://sqlalche.me/e/9h9h)
Tue, 14 Jan 2020 10:27:59 - INFO - 123TV DB import
Tue, 14 Jan 2020 10:28:04 - INFO - Failed on 123TV DB import at: 2020-01-14_10-24-59, for following calling party: 4982333892700, for agent id: 3068, with error:Missing element acd_id (importCallMetaData.acd_id)
Tue, 14 Jan 2020 10:32:47 - INFO - Connect to DB
Tue, 14 Jan 2020 10:32:47 - INFO - TRIZMA DB import
Tue, 14 Jan 2020 10:32:47 - INFO - 123TV DB import
Tue, 14 Jan 2020 10:32:53 - INFO - Failed on 123TV DB import at: 2020-01-14_10-24-59, for following calling party: 493562664614, for agent id: 3063, with error:Missing element acd_id (importCallMetaData.acd_id)
Tue, 14 Jan 2020 10:34:01 - INFO - Connect to DB
Tue, 14 Jan 2020 10:34:01 - INFO - TRIZMA DB import
Tue, 14 Jan 2020 10:34:01 - INFO - 123TV DB import
Tue, 14 Jan 2020 10:34:06 - INFO - Failed on 123TV DB import at: 2020-01-14_10-24-59, for following calling party: 491732573631, for agent id: 3122, with error:Missing element acd_id (importCallMetaData.acd_id)
Tue, 14 Jan 2020 10:34:59 - INFO - Connect to DB
Tue, 14 Jan 2020 10:34:59 - INFO - TRIZMA DB import
Tue, 14 Jan 2020 10:34:59 - INFO - 123TV DB import
Tue, 14 Jan 2020 10:35:04 - INFO - Failed on 123TV DB import at: 2020-01-14_10-24-59, for following calling party: 492041684780, for agent id: 3098, with error:Missing element acd_id (importCallMetaData.acd_id)
Tue, 14 Jan 2020 10:37:56 - INFO - Connect to DB
Tue, 14 Jan 2020 10:37:56 - INFO - TRIZMA DB import
Tue, 14 Jan 2020 10:37:56 - INFO - 123TV DB import
Tue, 14 Jan 2020 10:38:01 - INFO - Failed on 123TV DB import at: 2020-01-14_10-24-59, for following calling party: 49534138483, for agent id: 3117, with error:Missing element acd_id (importCallMetaData.acd_id)
