Sat, 11 Jan 2020 08:21:33 - INFO - Connect to DB
Sat, 11 Jan 2020 08:21:34 - INFO - TRIZMA DB import
Sat, 11 Jan 2020 08:21:34 - INFO - Failed on TRIZMA DB import at: 2020-01-11_08-15-16, for following calling party: 493471313899, for agent id: trz_sstankovic, with error:(pyodbc.DataError) ('22001', '[22001] [Microsoft][ODBC Driver 17 for SQL Server][SQL Server]String or binary data would be truncated. (8152) (SQLExecDirectW)')
[SQL: insert into records values('CC2Servicenummer','Belgrad','Nicht übermittelt','trz_sstankovic',                                  '493471313899','','Nicht übermittelt','493471313899_Thursday, January 02, 2020_10:36:07 AM')]
(Background on this error at: http://sqlalche.me/e/9h9h)
Sat, 11 Jan 2020 08:21:34 - INFO - 123TV DB import
Sat, 11 Jan 2020 08:21:39 - INFO - Failed on 123TV DB import at: 2020-01-11_08-15-16, for following calling party: 493471313899, for agent id: 3046, with error:Missing element acd_id (importCallMetaData.acd_id)
Sat, 11 Jan 2020 08:22:12 - INFO - Connect to DB
Sat, 11 Jan 2020 08:22:12 - INFO - TRIZMA DB import
Sat, 11 Jan 2020 08:22:12 - INFO - 123TV DB import
Sat, 11 Jan 2020 08:22:17 - INFO - Failed on 123TV DB import at: 2020-01-11_08-15-16, for following calling party: 493573792017, for agent id: 3046, with error:Missing element acd_id (importCallMetaData.acd_id)
Sat, 11 Jan 2020 08:33:30 - INFO - Connect to DB
Sat, 11 Jan 2020 08:33:30 - INFO - TRIZMA DB import
Sat, 11 Jan 2020 08:33:30 - INFO - 123TV DB import
Sat, 11 Jan 2020 08:33:35 - INFO - Failed on 123TV DB import at: 2020-01-11_08-15-16, for following calling party: 493521730676, for agent id: 3181, with error:Missing element acd_id (importCallMetaData.acd_id)
Sat, 11 Jan 2020 08:46:35 - INFO - Connect to DB
Sat, 11 Jan 2020 08:46:35 - INFO - TRIZMA DB import
Sat, 11 Jan 2020 08:46:36 - INFO - 123TV DB import
Sat, 11 Jan 2020 08:46:41 - INFO - Failed on 123TV DB import at: 2020-01-11_08-15-16, for following calling party: 491623535851, for agent id: 3046, with error:Missing element acd_id (importCallMetaData.acd_id)
Sat, 11 Jan 2020 08:46:57 - INFO - Connect to DB
Sat, 11 Jan 2020 08:46:57 - INFO - TRIZMA DB import
Sat, 11 Jan 2020 08:46:57 - INFO - 123TV DB import
Sat, 11 Jan 2020 08:47:02 - INFO - Failed on 123TV DB import at: 2020-01-11_08-15-16, for following calling party: 4942157705024, for agent id: 3046, with error:Missing element acd_id (importCallMetaData.acd_id)
