Wed, 22 Jan 2020 08:34:04 - INFO - Connect to DB
Wed, 22 Jan 2020 08:34:04 - INFO - TRIZMA DB import
Wed, 22 Jan 2020 08:34:04 - INFO - Failed on TRIZMA DB import at: 2020-01-22_08-31-58, for following calling party: 498949000874, for agent id: trz_sstankovic, with error:(pyodbc.DataError) ('22001', '[22001] [Microsoft][ODBC Driver 17 for SQL Server][SQL Server]String or binary data would be truncated. (8152) (SQLExecDirectW)')
[SQL: insert into records values('CC2Servicenummer','Belgrad','Nicht übermittelt','trz_sstankovic',                                 '498949000874','','Nicht übermittelt','498949000874_Saturday, January 18, 2020_11:50:09 AM','SAR_STANKO')]
(Background on this error at: http://sqlalche.me/e/9h9h)
Wed, 22 Jan 2020 08:34:04 - INFO - 123TV DB import
Wed, 22 Jan 2020 08:34:54 - INFO - Connect to DB
Wed, 22 Jan 2020 08:34:54 - INFO - TRIZMA DB import
Wed, 22 Jan 2020 08:34:54 - INFO - 123TV DB import
Wed, 22 Jan 2020 08:35:31 - INFO - Connect to DB
Wed, 22 Jan 2020 08:35:31 - INFO - TRIZMA DB import
Wed, 22 Jan 2020 08:35:31 - INFO - 123TV DB import
Wed, 22 Jan 2020 08:46:24 - INFO - Connect to DB
Wed, 22 Jan 2020 08:46:24 - INFO - TRIZMA DB import
Wed, 22 Jan 2020 08:46:24 - INFO - 123TV DB import
Wed, 22 Jan 2020 08:46:40 - INFO - Connect to DB
Wed, 22 Jan 2020 08:46:40 - INFO - TRIZMA DB import
Wed, 22 Jan 2020 08:46:40 - INFO - 123TV DB import
Wed, 22 Jan 2020 08:50:24 - INFO - Connect to DB
Wed, 22 Jan 2020 08:50:24 - INFO - TRIZMA DB import
Wed, 22 Jan 2020 08:50:24 - INFO - 123TV DB import
Wed, 22 Jan 2020 08:53:33 - INFO - Connect to DB
Wed, 22 Jan 2020 08:53:33 - INFO - TRIZMA DB import
Wed, 22 Jan 2020 08:53:33 - INFO - 123TV DB import
Wed, 22 Jan 2020 08:55:37 - INFO - Connect to DB
Wed, 22 Jan 2020 08:55:37 - INFO - TRIZMA DB import
Wed, 22 Jan 2020 08:55:37 - INFO - 123TV DB import
