Thu, 02 Jan 2020 08:08:58 - INFO - Connect to DB
Thu, 02 Jan 2020 08:08:58 - INFO - TRIZMA DB import
Thu, 02 Jan 2020 08:08:58 - INFO - 123TV DB import
Thu, 02 Jan 2020 08:09:19 - INFO - Connect to DB
Thu, 02 Jan 2020 08:09:19 - INFO - TRIZMA DB import
Thu, 02 Jan 2020 08:09:19 - INFO - 123TV DB import
Thu, 02 Jan 2020 08:09:56 - INFO - Connect to DB
Thu, 02 Jan 2020 08:09:56 - INFO - TRIZMA DB import
Thu, 02 Jan 2020 08:09:56 - INFO - 123TV DB import
Thu, 02 Jan 2020 08:10:02 - INFO - Connect to DB
Thu, 02 Jan 2020 08:10:02 - INFO - TRIZMA DB import
Thu, 02 Jan 2020 08:10:02 - INFO - 123TV DB import
Thu, 02 Jan 2020 08:10:08 - INFO - Connect to DB
Thu, 02 Jan 2020 08:10:08 - INFO - TRIZMA DB import
Thu, 02 Jan 2020 08:10:08 - INFO - 123TV DB import
Thu, 02 Jan 2020 08:10:54 - INFO - Connect to DB
Thu, 02 Jan 2020 08:10:54 - INFO - TRIZMA DB import
Thu, 02 Jan 2020 08:10:54 - INFO - 123TV DB import
Thu, 02 Jan 2020 08:11:33 - INFO - Connect to DB
Thu, 02 Jan 2020 08:11:33 - INFO - TRIZMA DB import
Thu, 02 Jan 2020 08:11:33 - INFO - 123TV DB import
Thu, 02 Jan 2020 08:12:57 - INFO - Connect to DB
Thu, 02 Jan 2020 08:12:57 - INFO - TRIZMA DB import
Thu, 02 Jan 2020 08:12:57 - INFO - Failed on TRIZMA DB import at: 2020-01-02_08-08-47, for following calling party: 4917655909929, for agent id: trz_sstankovic, with error:(pyodbc.DataError) ('22001', '[22001] [Microsoft][ODBC Driver 17 for SQL Server][SQL Server]String or binary data would be truncated. (8152) (SQLExecDirectW)')
[SQL: insert into records values('CC2Servicenummer','Belgrad','Nicht übermittelt','trz_sstankovic',                                  '4917655909929','','Nicht übermittelt','4917655909929_Tuesday, December 31, 2019_2:25:59 PM')]
(Background on this error at: http://sqlalche.me/e/9h9h)
Thu, 02 Jan 2020 08:12:57 - INFO - 123TV DB import
