Thu, 02 Jan 2020 13:48:51 - INFO - Connect to DB
Thu, 02 Jan 2020 13:48:51 - INFO - TRIZMA DB import
Thu, 02 Jan 2020 13:48:51 - INFO - 123TV DB import
Thu, 02 Jan 2020 13:52:00 - INFO - Connect to DB
Thu, 02 Jan 2020 13:52:00 - INFO - TRIZMA DB import
Thu, 02 Jan 2020 13:52:00 - INFO - Failed on TRIZMA DB import at: 2020-01-02_13-47-41, for following calling party: 495525999815, for agent id: trz_bmaksimovic, with error:(pyodbc.DataError) ('22001', '[22001] [Microsoft][ODBC Driver 17 for SQL Server][SQL Server]String or binary data would be truncated. (8152) (SQLExecDirectW)')
[SQL: insert into records values('CC2Servicenummer','Belgrad','Nicht übermittelt','trz_bmaksimovic',                                  '495525999815','','Nicht übermittelt','495525999815_Saturday, December 28, 2019_12:16:25 PM')]
(Background on this error at: http://sqlalche.me/e/9h9h)
Thu, 02 Jan 2020 13:52:00 - INFO - 123TV DB import
Thu, 02 Jan 2020 13:52:12 - INFO - Connect to DB
Thu, 02 Jan 2020 13:52:12 - INFO - TRIZMA DB import
Thu, 02 Jan 2020 13:52:12 - INFO - Failed on TRIZMA DB import at: 2020-01-02_13-47-41, for following calling party: 4915222708785, for agent id: trz_bmaksimovic, with error:(pyodbc.DataError) ('22001', '[22001] [Microsoft][ODBC Driver 17 for SQL Server][SQL Server]String or binary data would be truncated. (8152) (SQLExecDirectW)')
[SQL: insert into records values('CC2Servicenummer','Belgrad','Nicht übermittelt','trz_bmaksimovic',                                  '4915222708785','','Nicht übermittelt','4915222708785_Saturday, December 28, 2019_1:12:40 PM')]
(Background on this error at: http://sqlalche.me/e/9h9h)
Thu, 02 Jan 2020 13:52:12 - INFO - 123TV DB import
Thu, 02 Jan 2020 13:53:56 - INFO - Connect to DB
Thu, 02 Jan 2020 13:53:56 - INFO - TRIZMA DB import
Thu, 02 Jan 2020 13:53:56 - INFO - Failed on TRIZMA DB import at: 2020-01-02_13-47-41, for following calling party: 4921168784129, for agent id: trz_madamovic, with error:(pyodbc.DataError) ('22001', '[22001] [Microsoft][ODBC Driver 17 for SQL Server][SQL Server]String or binary data would be truncated. (8152) (SQLExecDirectW)')
[SQL: insert into records values('CC2Servicenummer','Belgrad','Nicht übermittelt','trz_madamovic',                                  '4921168784129','','Nicht übermittelt','4921168784129_Thursday, January 02, 2020_2:53:51 PM')]
(Background on this error at: http://sqlalche.me/e/9h9h)
Thu, 02 Jan 2020 13:53:56 - INFO - 123TV DB import
