Mon, 06 Jan 2020 08:14:33 - INFO - Connect to DB
Mon, 06 Jan 2020 08:14:33 - INFO - TRIZMA DB import
Mon, 06 Jan 2020 08:14:33 - INFO - 123TV DB import
Mon, 06 Jan 2020 08:16:30 - INFO - Connect to DB
Mon, 06 Jan 2020 08:16:30 - INFO - TRIZMA DB import
Mon, 06 Jan 2020 08:16:30 - INFO - 123TV DB import
Mon, 06 Jan 2020 08:18:26 - INFO - Connect to DB
Mon, 06 Jan 2020 08:18:26 - INFO - TRIZMA DB import
Mon, 06 Jan 2020 08:18:26 - INFO - 123TV DB import
Mon, 06 Jan 2020 08:19:44 - INFO - Connect to DB
Mon, 06 Jan 2020 08:19:44 - INFO - TRIZMA DB import
Mon, 06 Jan 2020 08:19:44 - INFO - 123TV DB import
Mon, 06 Jan 2020 08:21:04 - INFO - Connect to DB
Mon, 06 Jan 2020 08:21:04 - INFO - TRIZMA DB import
Mon, 06 Jan 2020 08:21:04 - INFO - Failed on TRIZMA DB import at: 2020-01-06_08-14-25, for following calling party: 4938344446950, for agent id: trz_sstankovic, with error:(pyodbc.DataError) ('22001', '[22001] [Microsoft][ODBC Driver 17 for SQL Server][SQL Server]String or binary data would be truncated. (8152) (SQLExecDirectW)')
[SQL: insert into records values('CC2Servicenummer','Belgrad','Nicht übermittelt','trz_sstankovic',                                  '4938344446950','','Nicht übermittelt','4938344446950_Saturday, January 04, 2020_9:32:15 AM')]
(Background on this error at: http://sqlalche.me/e/9h9h)
Mon, 06 Jan 2020 08:21:04 - INFO - 123TV DB import
Mon, 06 Jan 2020 08:22:14 - INFO - Connect to DB
Mon, 06 Jan 2020 08:22:14 - INFO - TRIZMA DB import
Mon, 06 Jan 2020 08:22:14 - INFO - 123TV DB import
