Mon, 20 Jan 2020 07:18:58 - INFO - Connect to DB
Mon, 20 Jan 2020 07:18:59 - INFO - TRIZMA DB import
Mon, 20 Jan 2020 07:18:59 - INFO - 123TV DB import
Mon, 20 Jan 2020 07:24:48 - INFO - Connect to DB
Mon, 20 Jan 2020 07:24:48 - INFO - TRIZMA DB import
Mon, 20 Jan 2020 07:24:48 - INFO - 123TV DB import
Mon, 20 Jan 2020 07:25:14 - INFO - Connect to DB
Mon, 20 Jan 2020 07:25:14 - INFO - TRIZMA DB import
Mon, 20 Jan 2020 07:25:15 - INFO - 123TV DB import
Mon, 20 Jan 2020 07:25:20 - INFO - Connect to DB
Mon, 20 Jan 2020 07:25:20 - INFO - TRIZMA DB import
Mon, 20 Jan 2020 07:25:20 - INFO - 123TV DB import
Mon, 20 Jan 2020 07:26:21 - INFO - Connect to DB
Mon, 20 Jan 2020 07:26:21 - INFO - TRIZMA DB import
Mon, 20 Jan 2020 07:26:21 - INFO - 123TV DB import
Mon, 20 Jan 2020 07:26:49 - INFO - Connect to DB
Mon, 20 Jan 2020 07:26:49 - INFO - TRIZMA DB import
Mon, 20 Jan 2020 07:26:49 - INFO - 123TV DB import
Mon, 20 Jan 2020 07:27:23 - INFO - Connect to DB
Mon, 20 Jan 2020 07:27:23 - INFO - TRIZMA DB import
Mon, 20 Jan 2020 07:27:23 - INFO - 123TV DB import
Mon, 20 Jan 2020 07:27:46 - INFO - Connect to DB
Mon, 20 Jan 2020 07:27:46 - INFO - TRIZMA DB import
Mon, 20 Jan 2020 07:27:46 - INFO - 123TV DB import
Mon, 20 Jan 2020 07:27:51 - INFO - Connect to DB
Mon, 20 Jan 2020 07:27:51 - INFO - TRIZMA DB import
Mon, 20 Jan 2020 07:27:51 - INFO - 123TV DB import
Mon, 20 Jan 2020 07:28:31 - INFO - Connect to DB
Mon, 20 Jan 2020 07:28:31 - INFO - TRIZMA DB import
Mon, 20 Jan 2020 07:28:31 - INFO - Failed on TRIZMA DB import at: 2020-01-20_07-18-28, for following calling party: 493762947945, for agent id: trz_madamovic, with error:(pyodbc.DataError) ('22001', '[22001] [Microsoft][ODBC Driver 17 for SQL Server][SQL Server]String or binary data would be truncated. (8152) (SQLExecDirectW)')
[SQL: insert into records values('CC2Servicenummer','Belgrad','Nicht übermittelt','trz_madamovic',                                 '493762947945','','Nicht übermittelt','493762947945_Wednesday, January 15, 2020_12:33:14 PM','MIL_ADAMOV')]
(Background on this error at: http://sqlalche.me/e/9h9h)
Mon, 20 Jan 2020 07:28:31 - INFO - 123TV DB import
Mon, 20 Jan 2020 07:28:57 - INFO - Connect to DB
Mon, 20 Jan 2020 07:28:58 - INFO - TRIZMA DB import
Mon, 20 Jan 2020 07:28:58 - INFO - Failed on TRIZMA DB import at: 2020-01-20_07-18-28, for following calling party: 491781751585, for agent id: trz_madamovic, with error:(pyodbc.DataError) ('22001', '[22001] [Microsoft][ODBC Driver 17 for SQL Server][SQL Server]String or binary data would be truncated. (8152) (SQLExecDirectW)')
[SQL: insert into records values('CC2Servicenummer','Belgrad','Nicht übermittelt','trz_madamovic',                                 '491781751585','','Nicht übermittelt','491781751585_Wednesday, January 15, 2020_1:22:34 PM','MIL_ADAMOV')]
(Background on this error at: http://sqlalche.me/e/9h9h)
Mon, 20 Jan 2020 07:28:58 - INFO - 123TV DB import
Mon, 20 Jan 2020 07:29:14 - INFO - Connect to DB
Mon, 20 Jan 2020 07:29:14 - INFO - TRIZMA DB import
Mon, 20 Jan 2020 07:29:14 - INFO - 123TV DB import
Mon, 20 Jan 2020 07:29:39 - INFO - Connect to DB
Mon, 20 Jan 2020 07:29:39 - INFO - TRIZMA DB import
Mon, 20 Jan 2020 07:29:39 - INFO - 123TV DB import
Mon, 20 Jan 2020 07:30:19 - INFO - Connect to DB
Mon, 20 Jan 2020 07:30:19 - INFO - TRIZMA DB import
Mon, 20 Jan 2020 07:30:19 - INFO - Failed on TRIZMA DB import at: 2020-01-20_07-18-28, for following calling party: 493853921080, for agent id: trz_madamovic, with error:(pyodbc.DataError) ('22001', '[22001] [Microsoft][ODBC Driver 17 for SQL Server][SQL Server]String or binary data would be truncated. (8152) (SQLExecDirectW)')
[SQL: insert into records values('CC2Servicenummer','Belgrad','Nicht übermittelt','trz_madamovic',                                 '493853921080','','Nicht übermittelt','493853921080_Wednesday, January 15, 2020_2:57:56 PM','MIL_ADAMOV')]
(Background on this error at: http://sqlalche.me/e/9h9h)
Mon, 20 Jan 2020 07:30:19 - INFO - 123TV DB import
Mon, 20 Jan 2020 07:31:05 - INFO - Connect to DB
Mon, 20 Jan 2020 07:31:05 - INFO - TRIZMA DB import
Mon, 20 Jan 2020 07:31:05 - INFO - Failed on TRIZMA DB import at: 2020-01-20_07-18-28, for following calling party: 4917630771978, for agent id: trz_madamovic, with error:(pyodbc.DataError) ('22001', '[22001] [Microsoft][ODBC Driver 17 for SQL Server][SQL Server]String or binary data would be truncated. (8152) (SQLExecDirectW)')
[SQL: insert into records values('CC2Servicenummer','Belgrad','Nicht übermittelt','trz_madamovic',                                 '4917630771978','','Nicht übermittelt','4917630771978_Wednesday, January 15, 2020_4:04:02 PM','MIL_ADAMOV')]
(Background on this error at: http://sqlalche.me/e/9h9h)
Mon, 20 Jan 2020 07:31:05 - INFO - 123TV DB import
Mon, 20 Jan 2020 07:31:16 - INFO - Connect to DB
Mon, 20 Jan 2020 07:31:16 - INFO - TRIZMA DB import
Mon, 20 Jan 2020 07:31:16 - INFO - 123TV DB import
Mon, 20 Jan 2020 07:31:58 - INFO - Connect to DB
Mon, 20 Jan 2020 07:31:58 - INFO - TRIZMA DB import
Mon, 20 Jan 2020 07:31:58 - INFO - Failed on TRIZMA DB import at: 2020-01-20_07-18-28, for following calling party: 4964197191699, for agent id: trz_madamovic, with error:(pyodbc.DataError) ('22001', '[22001] [Microsoft][ODBC Driver 17 for SQL Server][SQL Server]String or binary data would be truncated. (8152) (SQLExecDirectW)')
[SQL: insert into records values('CC2Servicenummer','Belgrad','Nicht übermittelt','trz_madamovic',                                 '4964197191699','','Nicht übermittelt','4964197191699_Wednesday, January 15, 2020_6:22:22 PM','MIL_ADAMOV')]
(Background on this error at: http://sqlalche.me/e/9h9h)
Mon, 20 Jan 2020 07:31:58 - INFO - 123TV DB import
Mon, 20 Jan 2020 07:32:04 - INFO - Connect to DB
Mon, 20 Jan 2020 07:32:04 - INFO - TRIZMA DB import
Mon, 20 Jan 2020 07:32:04 - INFO - 123TV DB import
Mon, 20 Jan 2020 07:32:10 - INFO - Connect to DB
Mon, 20 Jan 2020 07:32:10 - INFO - TRIZMA DB import
Mon, 20 Jan 2020 07:32:10 - INFO - Failed on TRIZMA DB import at: 2020-01-20_07-18-28, for following calling party: 4915222964299, for agent id: trz_madamovic, with error:(pyodbc.DataError) ('22001', '[22001] [Microsoft][ODBC Driver 17 for SQL Server][SQL Server]String or binary data would be truncated. (8152) (SQLExecDirectW)')
[SQL: insert into records values('CC2Servicenummer','Belgrad','Nicht übermittelt','trz_madamovic',                                 '4915222964299','','Nicht übermittelt','4915222964299_Wednesday, January 15, 2020_7:40:11 PM','MIL_ADAMOV')]
(Background on this error at: http://sqlalche.me/e/9h9h)
Mon, 20 Jan 2020 07:32:10 - INFO - 123TV DB import
Mon, 20 Jan 2020 07:32:27 - INFO - Connect to DB
Mon, 20 Jan 2020 07:32:27 - INFO - TRIZMA DB import
Mon, 20 Jan 2020 07:32:27 - INFO - 123TV DB import
Mon, 20 Jan 2020 07:32:47 - INFO - Connect to DB
Mon, 20 Jan 2020 07:32:48 - INFO - TRIZMA DB import
Mon, 20 Jan 2020 07:32:48 - INFO - Failed on TRIZMA DB import at: 2020-01-20_07-18-28, for following calling party: 4983319412019, for agent id: trz_madamovic, with error:(pyodbc.DataError) ('22001', '[22001] [Microsoft][ODBC Driver 17 for SQL Server][SQL Server]String or binary data would be truncated. (8152) (SQLExecDirectW)')
[SQL: insert into records values('CC2Servicenummer','Belgrad','Nicht übermittelt','trz_madamovic',                                 '4983319412019','','Nicht übermittelt','4983319412019_Thursday, January 16, 2020_9:25:46 AM','MIL_ADAMOV')]
(Background on this error at: http://sqlalche.me/e/9h9h)
Mon, 20 Jan 2020 07:32:48 - INFO - 123TV DB import
Mon, 20 Jan 2020 07:32:53 - INFO - Connect to DB
Mon, 20 Jan 2020 07:32:53 - INFO - TRIZMA DB import
Mon, 20 Jan 2020 07:32:53 - INFO - 123TV DB import
Mon, 20 Jan 2020 07:33:31 - INFO - Connect to DB
Mon, 20 Jan 2020 07:33:31 - INFO - TRIZMA DB import
Mon, 20 Jan 2020 07:33:31 - INFO - 123TV DB import
Mon, 20 Jan 2020 07:34:16 - INFO - Connect to DB
Mon, 20 Jan 2020 07:34:16 - INFO - TRIZMA DB import
Mon, 20 Jan 2020 07:34:16 - INFO - 123TV DB import
Mon, 20 Jan 2020 07:34:22 - INFO - Connect to DB
Mon, 20 Jan 2020 07:34:22 - INFO - TRIZMA DB import
Mon, 20 Jan 2020 07:34:22 - INFO - 123TV DB import
Mon, 20 Jan 2020 07:35:00 - INFO - Connect to DB
Mon, 20 Jan 2020 07:35:00 - INFO - TRIZMA DB import
Mon, 20 Jan 2020 07:35:00 - INFO - 123TV DB import
Mon, 20 Jan 2020 07:35:25 - INFO - Connect to DB
Mon, 20 Jan 2020 07:35:25 - INFO - TRIZMA DB import
Mon, 20 Jan 2020 07:35:25 - INFO - 123TV DB import
Mon, 20 Jan 2020 07:35:33 - INFO - Connect to DB
Mon, 20 Jan 2020 07:35:33 - INFO - TRIZMA DB import
Mon, 20 Jan 2020 07:35:33 - INFO - 123TV DB import
Mon, 20 Jan 2020 07:35:38 - INFO - Connect to DB
Mon, 20 Jan 2020 07:35:38 - INFO - TRIZMA DB import
Mon, 20 Jan 2020 07:35:38 - INFO - 123TV DB import
Mon, 20 Jan 2020 07:35:44 - INFO - Connect to DB
Mon, 20 Jan 2020 07:35:44 - INFO - TRIZMA DB import
Mon, 20 Jan 2020 07:35:44 - INFO - 123TV DB import
Mon, 20 Jan 2020 07:36:00 - INFO - Connect to DB
Mon, 20 Jan 2020 07:36:00 - INFO - TRIZMA DB import
Mon, 20 Jan 2020 07:36:00 - INFO - 123TV DB import
Mon, 20 Jan 2020 07:36:47 - INFO - Connect to DB
Mon, 20 Jan 2020 07:36:47 - INFO - TRIZMA DB import
Mon, 20 Jan 2020 07:36:47 - INFO - 123TV DB import
Mon, 20 Jan 2020 07:37:14 - INFO - Connect to DB
Mon, 20 Jan 2020 07:37:14 - INFO - TRIZMA DB import
Mon, 20 Jan 2020 07:37:14 - INFO - 123TV DB import
Mon, 20 Jan 2020 07:37:36 - INFO - Connect to DB
Mon, 20 Jan 2020 07:37:36 - INFO - TRIZMA DB import
Mon, 20 Jan 2020 07:37:36 - INFO - 123TV DB import
Mon, 20 Jan 2020 07:37:42 - INFO - Connect to DB
Mon, 20 Jan 2020 07:37:42 - INFO - TRIZMA DB import
Mon, 20 Jan 2020 07:37:42 - INFO - 123TV DB import
Mon, 20 Jan 2020 07:38:37 - INFO - Connect to DB
Mon, 20 Jan 2020 07:38:37 - INFO - TRIZMA DB import
Mon, 20 Jan 2020 07:38:37 - INFO - 123TV DB import
Mon, 20 Jan 2020 07:38:43 - INFO - Connect to DB
Mon, 20 Jan 2020 07:38:43 - INFO - TRIZMA DB import
Mon, 20 Jan 2020 07:38:43 - INFO - 123TV DB import
Mon, 20 Jan 2020 07:42:02 - INFO - Connect to DB
Mon, 20 Jan 2020 07:42:02 - INFO - TRIZMA DB import
Mon, 20 Jan 2020 07:42:02 - INFO - 123TV DB import
Mon, 20 Jan 2020 07:42:29 - INFO - Connect to DB
Mon, 20 Jan 2020 07:42:29 - INFO - TRIZMA DB import
Mon, 20 Jan 2020 07:42:29 - INFO - 123TV DB import
