Wed, 01 Jan 2020 11:57:24 - INFO - Connect to DB
Wed, 01 Jan 2020 11:57:24 - INFO - TRIZMA DB import
Wed, 01 Jan 2020 11:57:24 - INFO - Failed on TRIZMA DB import at: 2020-01-01_11-46-58, for following calling party: 4915732147392, for agent id: trz_bmaksimovic, with error:(pyodbc.DataError) ('22001', '[22001] [Microsoft][ODBC Driver 17 for SQL Server][SQL Server]String or binary data would be truncated. (8152) (SQLExecDirectW)')
[SQL: insert into records values('CC2Servicenummer','Belgrad','Nicht übermittelt','trz_bmaksimovic',                                  '4915732147392','','Nicht übermittelt','4915732147392_Saturday, December 28, 2019_12:49:59 PM')]
(Background on this error at: http://sqlalche.me/e/9h9h)
Wed, 01 Jan 2020 11:57:24 - INFO - 123TV DB import
Wed, 01 Jan 2020 11:58:29 - INFO - Connect to DB
Wed, 01 Jan 2020 11:58:29 - INFO - TRIZMA DB import
Wed, 01 Jan 2020 11:58:29 - INFO - Failed on TRIZMA DB import at: 2020-01-01_11-46-58, for following calling party: 498322959035, for agent id: trz_bmaksimovic, with error:(pyodbc.DataError) ('22001', '[22001] [Microsoft][ODBC Driver 17 for SQL Server][SQL Server]String or binary data would be truncated. (8152) (SQLExecDirectW)')
[SQL: insert into records values('CC2Servicenummer','Belgrad','Nicht übermittelt','trz_bmaksimovic',                                  '498322959035','','Nicht übermittelt','498322959035_Saturday, December 28, 2019_4:18:21 PM')]
(Background on this error at: http://sqlalche.me/e/9h9h)
Wed, 01 Jan 2020 11:58:29 - INFO - 123TV DB import
Wed, 01 Jan 2020 11:58:35 - INFO - Connect to DB
Wed, 01 Jan 2020 11:58:35 - INFO - TRIZMA DB import
Wed, 01 Jan 2020 11:58:35 - INFO - 123TV DB import
Wed, 01 Jan 2020 11:59:06 - INFO - Connect to DB
Wed, 01 Jan 2020 11:59:06 - INFO - TRIZMA DB import
Wed, 01 Jan 2020 11:59:06 - INFO - Failed on TRIZMA DB import at: 2020-01-01_11-46-58, for following calling party: 493829414193, for agent id: trz_bmaksimovic, with error:(pyodbc.DataError) ('22001', '[22001] [Microsoft][ODBC Driver 17 for SQL Server][SQL Server]String or binary data would be truncated. (8152) (SQLExecDirectW)')
[SQL: insert into records values('CC2Servicenummer','Belgrad','Nicht übermittelt','trz_bmaksimovic',                                  '493829414193','','Nicht übermittelt','493829414193_Saturday, December 28, 2019_4:37:05 PM')]
(Background on this error at: http://sqlalche.me/e/9h9h)
Wed, 01 Jan 2020 11:59:06 - INFO - 123TV DB import
Wed, 01 Jan 2020 11:59:39 - INFO - Connect to DB
Wed, 01 Jan 2020 11:59:39 - INFO - TRIZMA DB import
Wed, 01 Jan 2020 11:59:39 - INFO - Failed on TRIZMA DB import at: 2020-01-01_11-46-58, for following calling party: 497454949699, for agent id: trz_bmaksimovic, with error:(pyodbc.DataError) ('22001', '[22001] [Microsoft][ODBC Driver 17 for SQL Server][SQL Server]String or binary data would be truncated. (8152) (SQLExecDirectW)')
[SQL: insert into records values('CC2Servicenummer','Belgrad','Nicht übermittelt','trz_bmaksimovic',                                  '497454949699','','Nicht übermittelt','497454949699_Saturday, December 28, 2019_5:39:20 PM')]
(Background on this error at: http://sqlalche.me/e/9h9h)
Wed, 01 Jan 2020 11:59:39 - INFO - 123TV DB import
Wed, 01 Jan 2020 12:00:18 - INFO - Connect to DB
Wed, 01 Jan 2020 12:00:18 - INFO - TRIZMA DB import
Wed, 01 Jan 2020 12:00:18 - INFO - 123TV DB import
Wed, 01 Jan 2020 12:00:35 - INFO - Connect to DB
Wed, 01 Jan 2020 12:00:35 - INFO - TRIZMA DB import
Wed, 01 Jan 2020 12:00:35 - INFO - 123TV DB import
Wed, 01 Jan 2020 12:01:12 - INFO - Connect to DB
Wed, 01 Jan 2020 12:01:12 - INFO - TRIZMA DB import
Wed, 01 Jan 2020 12:01:12 - INFO - 123TV DB import
Wed, 01 Jan 2020 12:02:12 - INFO - Connect to DB
Wed, 01 Jan 2020 12:02:13 - INFO - TRIZMA DB import
Wed, 01 Jan 2020 12:02:13 - INFO - 123TV DB import
Wed, 01 Jan 2020 12:02:47 - INFO - Connect to DB
Wed, 01 Jan 2020 12:02:47 - INFO - TRIZMA DB import
Wed, 01 Jan 2020 12:02:47 - INFO - Failed on TRIZMA DB import at: 2020-01-01_11-46-58, for following calling party: 4915123850727, for agent id: trz_madamovic, with error:(pyodbc.DataError) ('22001', '[22001] [Microsoft][ODBC Driver 17 for SQL Server][SQL Server]String or binary data would be truncated. (8152) (SQLExecDirectW)')
[SQL: insert into records values('CC2Servicenummer','Belgrad','Nicht übermittelt','trz_madamovic',                                  '4915123850727','','Nicht übermittelt','4915123850727_Thursday, December 26, 2019_8:03:15 AM')]
(Background on this error at: http://sqlalche.me/e/9h9h)
Wed, 01 Jan 2020 12:02:47 - INFO - 123TV DB import
Wed, 01 Jan 2020 12:03:40 - INFO - Connect to DB
Wed, 01 Jan 2020 12:03:40 - INFO - TRIZMA DB import
Wed, 01 Jan 2020 12:03:40 - INFO - 123TV DB import
Wed, 01 Jan 2020 12:03:57 - INFO - Connect to DB
Wed, 01 Jan 2020 12:03:57 - INFO - TRIZMA DB import
Wed, 01 Jan 2020 12:03:57 - INFO - 123TV DB import
Wed, 01 Jan 2020 12:04:07 - INFO - Connect to DB
Wed, 01 Jan 2020 12:04:07 - INFO - TRIZMA DB import
Wed, 01 Jan 2020 12:04:07 - INFO - 123TV DB import
Wed, 01 Jan 2020 12:04:13 - INFO - Connect to DB
Wed, 01 Jan 2020 12:04:13 - INFO - TRIZMA DB import
Wed, 01 Jan 2020 12:04:13 - INFO - 123TV DB import
Wed, 01 Jan 2020 12:04:32 - INFO - Connect to DB
Wed, 01 Jan 2020 12:04:32 - INFO - TRIZMA DB import
Wed, 01 Jan 2020 12:04:32 - INFO - 123TV DB import
Wed, 01 Jan 2020 12:04:52 - INFO - Connect to DB
Wed, 01 Jan 2020 12:04:52 - INFO - TRIZMA DB import
Wed, 01 Jan 2020 12:04:52 - INFO - 123TV DB import
Wed, 01 Jan 2020 12:05:03 - INFO - Connect to DB
Wed, 01 Jan 2020 12:05:03 - INFO - TRIZMA DB import
Wed, 01 Jan 2020 12:05:03 - INFO - 123TV DB import
Wed, 01 Jan 2020 12:05:18 - INFO - Connect to DB
Wed, 01 Jan 2020 12:05:18 - INFO - TRIZMA DB import
Wed, 01 Jan 2020 12:05:19 - INFO - 123TV DB import
Wed, 01 Jan 2020 12:05:42 - INFO - Connect to DB
Wed, 01 Jan 2020 12:05:42 - INFO - TRIZMA DB import
Wed, 01 Jan 2020 12:05:42 - INFO - 123TV DB import
Wed, 01 Jan 2020 12:06:16 - INFO - Connect to DB
Wed, 01 Jan 2020 12:06:16 - INFO - TRIZMA DB import
Wed, 01 Jan 2020 12:06:16 - INFO - 123TV DB import
Wed, 01 Jan 2020 12:06:49 - INFO - Connect to DB
Wed, 01 Jan 2020 12:06:49 - INFO - TRIZMA DB import
Wed, 01 Jan 2020 12:06:49 - INFO - Failed on TRIZMA DB import at: 2020-01-01_11-46-58, for following calling party: 4991618829098, for agent id: trz_madamovic, with error:(pyodbc.DataError) ('22001', '[22001] [Microsoft][ODBC Driver 17 for SQL Server][SQL Server]String or binary data would be truncated. (8152) (SQLExecDirectW)')
[SQL: insert into records values('CC2Servicenummer','Belgrad','Nicht übermittelt','trz_madamovic',                                  '4991618829098','','Nicht übermittelt','4991618829098_Monday, December 30, 2019_10:11:30 AM')]
(Background on this error at: http://sqlalche.me/e/9h9h)
Wed, 01 Jan 2020 12:06:49 - INFO - 123TV DB import
Wed, 01 Jan 2020 12:07:34 - INFO - Connect to DB
Wed, 01 Jan 2020 12:07:34 - INFO - TRIZMA DB import
Wed, 01 Jan 2020 12:07:34 - INFO - 123TV DB import
Wed, 01 Jan 2020 12:07:57 - INFO - Connect to DB
Wed, 01 Jan 2020 12:07:57 - INFO - TRIZMA DB import
Wed, 01 Jan 2020 12:07:57 - INFO - 123TV DB import
Wed, 01 Jan 2020 12:08:42 - INFO - Connect to DB
Wed, 01 Jan 2020 12:08:42 - INFO - TRIZMA DB import
Wed, 01 Jan 2020 12:08:42 - INFO - 123TV DB import
Wed, 01 Jan 2020 12:12:05 - INFO - Connect to DB
Wed, 01 Jan 2020 12:12:06 - INFO - TRIZMA DB import
Wed, 01 Jan 2020 12:12:06 - INFO - 123TV DB import
Wed, 01 Jan 2020 12:12:15 - INFO - Connect to DB
Wed, 01 Jan 2020 12:12:15 - INFO - TRIZMA DB import
Wed, 01 Jan 2020 12:12:15 - INFO - 123TV DB import
Wed, 01 Jan 2020 12:13:47 - INFO - Connect to DB
Wed, 01 Jan 2020 12:13:47 - INFO - TRIZMA DB import
Wed, 01 Jan 2020 12:13:47 - INFO - 123TV DB import
Wed, 01 Jan 2020 12:14:09 - INFO - Connect to DB
Wed, 01 Jan 2020 12:14:09 - INFO - TRIZMA DB import
Wed, 01 Jan 2020 12:14:10 - INFO - 123TV DB import
Wed, 01 Jan 2020 12:14:38 - INFO - Connect to DB
Wed, 01 Jan 2020 12:14:38 - INFO - TRIZMA DB import
Wed, 01 Jan 2020 12:14:38 - INFO - Failed on TRIZMA DB import at: 2020-01-01_11-46-58, for following calling party: 4923092019932, for agent id: trz_madamovic, with error:(pyodbc.DataError) ('22001', '[22001] [Microsoft][ODBC Driver 17 for SQL Server][SQL Server]String or binary data would be truncated. (8152) (SQLExecDirectW)')
[SQL: insert into records values('CC2Servicenummer','Belgrad','Nicht übermittelt','trz_madamovic',                                  '4923092019932','','Nicht übermittelt','4923092019932_Tuesday, December 31, 2019_1:18:50 PM')]
(Background on this error at: http://sqlalche.me/e/9h9h)
Wed, 01 Jan 2020 12:14:38 - INFO - 123TV DB import
Wed, 01 Jan 2020 12:15:16 - INFO - Connect to DB
Wed, 01 Jan 2020 12:15:16 - INFO - TRIZMA DB import
Wed, 01 Jan 2020 12:15:16 - INFO - 123TV DB import
Wed, 01 Jan 2020 12:34:35 - INFO - Connect to DB
Wed, 01 Jan 2020 12:34:36 - INFO - TRIZMA DB import
Wed, 01 Jan 2020 12:34:36 - INFO - Failed on TRIZMA DB import at: 2020-01-01_11-46-58, for following calling party: 4960271247151, for agent id: trz_hjovic, with error:(pyodbc.DataError) ('22001', '[22001] [Microsoft][ODBC Driver 17 for SQL Server][SQL Server]String or binary data would be truncated. (8152) (SQLExecDirectW)')
[SQL: insert into records values('CC2Servicenummer','Belgrad','Nicht übermittelt','trz_hjovic',                                  '4960271247151','','Nicht übermittelt','4960271247151_Wednesday, January 1, 2020_1:34:35 PM')]
(Background on this error at: http://sqlalche.me/e/9h9h)
Wed, 01 Jan 2020 12:34:36 - INFO - 123TV DB import
Wed, 01 Jan 2020 13:03:59 - INFO - Connect to DB
Wed, 01 Jan 2020 13:03:59 - INFO - TRIZMA DB import
Wed, 01 Jan 2020 13:03:59 - INFO - Failed on TRIZMA DB import at: 2020-01-01_11-46-58, for following calling party: 4941031899730, for agent id: trz_tjurjevic, with error:(pyodbc.DataError) ('22001', '[22001] [Microsoft][ODBC Driver 17 for SQL Server][SQL Server]String or binary data would be truncated. (8152) (SQLExecDirectW)')
[SQL: insert into records values('CC2Servicenummer','Belgrad','Nicht übermittelt','trz_tjurjevic',                                  '4941031899730','','Nicht übermittelt','4941031899730_Wednesday, January 01, 2020_2:03:57 PM')]
(Background on this error at: http://sqlalche.me/e/9h9h)
Wed, 01 Jan 2020 13:03:59 - INFO - 123TV DB import
