Fri, 10 Jan 2020 17:11:55 - INFO - Connect to DB
Fri, 10 Jan 2020 17:11:55 - INFO - TRIZMA DB import
Fri, 10 Jan 2020 17:11:55 - INFO - 123TV DB import
Fri, 10 Jan 2020 17:13:22 - INFO - Connect to DB
Fri, 10 Jan 2020 17:13:22 - INFO - TRIZMA DB import
Fri, 10 Jan 2020 17:13:22 - INFO - 123TV DB import
Fri, 10 Jan 2020 17:17:09 - INFO - Connect to DB
Fri, 10 Jan 2020 17:17:09 - INFO - TRIZMA DB import
Fri, 10 Jan 2020 17:17:09 - INFO - 123TV DB import
Fri, 10 Jan 2020 17:35:53 - INFO - Connect to DB
Fri, 10 Jan 2020 17:35:53 - INFO - TRIZMA DB import
Fri, 10 Jan 2020 17:35:53 - INFO - 123TV DB import
Fri, 10 Jan 2020 17:37:07 - INFO - Connect to DB
Fri, 10 Jan 2020 17:37:07 - INFO - TRIZMA DB import
Fri, 10 Jan 2020 17:37:07 - INFO - 123TV DB import
Fri, 10 Jan 2020 17:54:47 - INFO - Connect to DB
Fri, 10 Jan 2020 17:54:47 - INFO - TRIZMA DB import
Fri, 10 Jan 2020 17:54:47 - INFO - 123TV DB import
Sat, 11 Jan 2020 07:15:32 - INFO - Connect to DB
Sat, 11 Jan 2020 07:15:32 - INFO - TRIZMA DB import
Sat, 11 Jan 2020 07:15:32 - INFO - Failed on TRIZMA DB import at: 2020-01-10_16-41-31, for following calling party: 4938344492353, for agent id: trz_smaksimovic, with error:(pyodbc.DataError) ('22001', '[22001] [Microsoft][ODBC Driver 17 for SQL Server][SQL Server]String or binary data would be truncated. (8152) (SQLExecDirectW)')
[SQL: insert into records values('CC2Servicenummer','Belgrad','Nicht übermittelt','trz_smaksimovic',                                  '4938344492353','','Nicht übermittelt','4938344492353_Saturday, January 11, 2020_8:15:22 AM')]
(Background on this error at: http://sqlalche.me/e/9h9h)
Sat, 11 Jan 2020 07:15:32 - INFO - 123TV DB import
Sat, 11 Jan 2020 07:15:37 - INFO - Failed on 123TV DB import at: 2020-01-10_16-41-31, for following calling party: 4938344492353, for agent id: 3181, with error:Missing element acd_id (importCallMetaData.acd_id)
