Thu, 02 Jan 2020 11:48:50 - INFO - Connect to DB
Thu, 02 Jan 2020 11:48:50 - INFO - TRIZMA DB import
Thu, 02 Jan 2020 11:48:50 - INFO - Failed on TRIZMA DB import at: 2020-01-02_11-48-29, for following calling party: 493658002547, for agent id: trz_madamovic, with error:(pyodbc.DataError) ('22001', '[22001] [Microsoft][ODBC Driver 17 for SQL Server][SQL Server]String or binary data would be truncated. (8152) (SQLExecDirectW)')
[SQL: insert into records values('CC2Servicenummer','Belgrad','Nicht übermittelt','trz_madamovic',                                  '493658002547','','Nicht übermittelt','493658002547_Thursday, December 26, 2019_2:26:10 PM')]
(Background on this error at: http://sqlalche.me/e/9h9h)
Thu, 02 Jan 2020 11:48:50 - INFO - 123TV DB import
Thu, 02 Jan 2020 11:55:58 - INFO - Connect to DB
Thu, 02 Jan 2020 11:55:59 - INFO - TRIZMA DB import
Thu, 02 Jan 2020 11:55:59 - INFO - 123TV DB import
Thu, 02 Jan 2020 11:56:21 - INFO - Connect to DB
Thu, 02 Jan 2020 11:56:21 - INFO - TRIZMA DB import
Thu, 02 Jan 2020 11:56:21 - INFO - 123TV DB import
Thu, 02 Jan 2020 11:56:32 - INFO - Connect to DB
Thu, 02 Jan 2020 11:56:32 - INFO - TRIZMA DB import
Thu, 02 Jan 2020 11:56:32 - INFO - 123TV DB import
Thu, 02 Jan 2020 11:56:54 - INFO - Connect to DB
Thu, 02 Jan 2020 11:56:54 - INFO - TRIZMA DB import
Thu, 02 Jan 2020 11:56:55 - INFO - Failed on TRIZMA DB import at: 2020-01-02_11-48-29, for following calling party: 4991618829098, for agent id: trz_madamovic, with error:(pyodbc.DataError) ('22001', '[22001] [Microsoft][ODBC Driver 17 for SQL Server][SQL Server]String or binary data would be truncated. (8152) (SQLExecDirectW)')
[SQL: insert into records values('CC2Servicenummer','Belgrad','Nicht übermittelt','trz_madamovic',                                  '4991618829098','','Nicht übermittelt','4991618829098_Monday, December 30, 2019_10:11:30 AM')]
(Background on this error at: http://sqlalche.me/e/9h9h)
Thu, 02 Jan 2020 11:56:55 - INFO - 123TV DB import
Thu, 02 Jan 2020 11:57:17 - INFO - Connect to DB
Thu, 02 Jan 2020 11:57:17 - INFO - TRIZMA DB import
Thu, 02 Jan 2020 11:57:17 - INFO - Failed on TRIZMA DB import at: 2020-01-02_11-48-29, for following calling party: 4923829617753, for agent id: trz_madamovic, with error:(pyodbc.DataError) ('22001', '[22001] [Microsoft][ODBC Driver 17 for SQL Server][SQL Server]String or binary data would be truncated. (8152) (SQLExecDirectW)')
[SQL: insert into records values('CC2Servicenummer','Belgrad','Nicht übermittelt','trz_madamovic',                                  '4923829617753','','Nicht übermittelt','4923829617753_Monday, December 30, 2019_11:13:34 AM')]
(Background on this error at: http://sqlalche.me/e/9h9h)
Thu, 02 Jan 2020 11:57:17 - INFO - 123TV DB import
Thu, 02 Jan 2020 11:58:13 - INFO - Connect to DB
Thu, 02 Jan 2020 11:58:13 - INFO - TRIZMA DB import
Thu, 02 Jan 2020 11:58:13 - INFO - 123TV DB import
Thu, 02 Jan 2020 11:58:36 - INFO - Connect to DB
Thu, 02 Jan 2020 11:58:36 - INFO - TRIZMA DB import
Thu, 02 Jan 2020 11:58:36 - INFO - Failed on TRIZMA DB import at: 2020-01-02_11-48-29, for following calling party: 4923314832925, for agent id: trz_madamovic, with error:(pyodbc.DataError) ('22001', '[22001] [Microsoft][ODBC Driver 17 for SQL Server][SQL Server]String or binary data would be truncated. (8152) (SQLExecDirectW)')
[SQL: insert into records values('CC2Servicenummer','Belgrad','Nicht übermittelt','trz_madamovic',                                  '4923314832925','','Nicht übermittelt','4923314832925_Tuesday, December 31, 2019_9:26:04 AM')]
(Background on this error at: http://sqlalche.me/e/9h9h)
Thu, 02 Jan 2020 11:58:36 - INFO - 123TV DB import
Thu, 02 Jan 2020 12:01:05 - INFO - Connect to DB
Thu, 02 Jan 2020 12:01:05 - INFO - TRIZMA DB import
Thu, 02 Jan 2020 12:01:05 - INFO - Failed on TRIZMA DB import at: 2020-01-02_11-48-29, for following calling party: 493681374167, for agent id: trz_madamovic, with error:(pyodbc.DataError) ('22001', '[22001] [Microsoft][ODBC Driver 17 for SQL Server][SQL Server]String or binary data would be truncated. (8152) (SQLExecDirectW)')
[SQL: insert into records values('CC2Servicenummer','Belgrad','Nicht übermittelt','trz_madamovic',                                  '493681374167','','Nicht übermittelt','493681374167_Wednesday, January 01, 2020_6:20:16 PM')]
(Background on this error at: http://sqlalche.me/e/9h9h)
Thu, 02 Jan 2020 12:01:05 - INFO - 123TV DB import
Thu, 02 Jan 2020 12:05:29 - INFO - Connect to DB
Thu, 02 Jan 2020 12:05:29 - INFO - TRIZMA DB import
Thu, 02 Jan 2020 12:05:29 - INFO - Failed on TRIZMA DB import at: 2020-01-02_11-48-29, for following calling party: 493457764366, for agent id: trz_madamovic, with error:(pyodbc.DataError) ('22001', '[22001] [Microsoft][ODBC Driver 17 for SQL Server][SQL Server]String or binary data would be truncated. (8152) (SQLExecDirectW)')
[SQL: insert into records values('CC2Servicenummer','Belgrad','Nicht übermittelt','trz_madamovic',                                  '493457764366','','Nicht übermittelt','493457764366_Wednesday, January 01, 2020_7:24:53 PM')]
(Background on this error at: http://sqlalche.me/e/9h9h)
Thu, 02 Jan 2020 12:05:29 - INFO - 123TV DB import
