Fri, 10 Jan 2020 12:02:21 - INFO - Connect to DB
Fri, 10 Jan 2020 12:02:22 - INFO - TRIZMA DB import
Fri, 10 Jan 2020 12:02:22 - INFO - 123TV DB import
Fri, 10 Jan 2020 12:02:53 - INFO - Connect to DB
Fri, 10 Jan 2020 12:02:53 - INFO - TRIZMA DB import
Fri, 10 Jan 2020 12:02:53 - INFO - 123TV DB import
Fri, 10 Jan 2020 12:04:21 - INFO - Connect to DB
Fri, 10 Jan 2020 12:04:21 - INFO - TRIZMA DB import
Fri, 10 Jan 2020 12:04:21 - INFO - Failed on TRIZMA DB import at: 2020-01-10_11-58-30, for following calling party: 49371511732, for agent id: trz_madamovic, with error:(pyodbc.DataError) ('22001', '[22001] [Microsoft][ODBC Driver 17 for SQL Server][SQL Server]String or binary data would be truncated. (8152) (SQLExecDirectW)')
[SQL: insert into records values('CC2Servicenummer','Belgrad','Nicht übermittelt','trz_madamovic',                                  '49371511732','','Nicht übermittelt','49371511732_Wednesday, January 08, 2020_10:01:06 AM')]
(Background on this error at: http://sqlalche.me/e/9h9h)
Fri, 10 Jan 2020 12:04:21 - INFO - 123TV DB import
Fri, 10 Jan 2020 12:04:27 - INFO - Connect to DB
Fri, 10 Jan 2020 12:04:27 - INFO - TRIZMA DB import
Fri, 10 Jan 2020 12:04:27 - INFO - Failed on TRIZMA DB import at: 2020-01-10_11-58-30, for following calling party: 491729259425, for agent id: trz_madamovic, with error:(pyodbc.DataError) ('22001', '[22001] [Microsoft][ODBC Driver 17 for SQL Server][SQL Server]String or binary data would be truncated. (8152) (SQLExecDirectW)')
[SQL: insert into records values('CC2Servicenummer','Belgrad','Nicht übermittelt','trz_madamovic',                                  '491729259425','','Nicht übermittelt','491729259425_Wednesday, January 08, 2020_10:18:24 AM')]
(Background on this error at: http://sqlalche.me/e/9h9h)
Fri, 10 Jan 2020 12:04:27 - INFO - 123TV DB import
Fri, 10 Jan 2020 12:05:09 - INFO - Connect to DB
Fri, 10 Jan 2020 12:05:09 - INFO - TRIZMA DB import
Fri, 10 Jan 2020 12:05:09 - INFO - Failed on TRIZMA DB import at: 2020-01-10_11-58-30, for following calling party: 491792492219, for agent id: trz_madamovic, with error:(pyodbc.DataError) ('22001', '[22001] [Microsoft][ODBC Driver 17 for SQL Server][SQL Server]String or binary data would be truncated. (8152) (SQLExecDirectW)')
[SQL: insert into records values('CC2Servicenummer','Belgrad','Nicht übermittelt','trz_madamovic',                                  '491792492219','','Nicht übermittelt','491792492219_Wednesday, January 08, 2020_11:26:04 AM')]
(Background on this error at: http://sqlalche.me/e/9h9h)
Fri, 10 Jan 2020 12:05:09 - INFO - 123TV DB import
Fri, 10 Jan 2020 12:13:24 - INFO - Connect to DB
Fri, 10 Jan 2020 12:13:24 - INFO - TRIZMA DB import
Fri, 10 Jan 2020 12:13:24 - INFO - Failed on TRIZMA DB import at: 2020-01-10_11-58-30, for following calling party: 4922419440290, for agent id: trz_madamovic, with error:(pyodbc.DataError) ('22001', '[22001] [Microsoft][ODBC Driver 17 for SQL Server][SQL Server]String or binary data would be truncated. (8152) (SQLExecDirectW)')
[SQL: insert into records values('CC2Servicenummer','Belgrad','Nicht übermittelt','trz_madamovic',                                  '4922419440290','','Nicht übermittelt','4922419440290_Wednesday, January 08, 2020_12:37:11 PM')]
(Background on this error at: http://sqlalche.me/e/9h9h)
Fri, 10 Jan 2020 12:13:24 - INFO - 123TV DB import
