Tue, 21 Jan 2020 11:12:03 - INFO - Connect to DB
Tue, 21 Jan 2020 11:12:03 - INFO - TRIZMA DB import
Tue, 21 Jan 2020 11:12:03 - INFO - 123TV DB import
Tue, 21 Jan 2020 11:12:51 - INFO - Connect to DB
Tue, 21 Jan 2020 11:12:51 - INFO - TRIZMA DB import
Tue, 21 Jan 2020 11:12:51 - INFO - 123TV DB import
Tue, 21 Jan 2020 11:16:28 - INFO - Connect to DB
Tue, 21 Jan 2020 11:16:28 - INFO - TRIZMA DB import
Tue, 21 Jan 2020 11:16:28 - INFO - 123TV DB import
Tue, 21 Jan 2020 11:17:18 - INFO - Connect to DB
Tue, 21 Jan 2020 11:17:18 - INFO - TRIZMA DB import
Tue, 21 Jan 2020 11:17:19 - INFO - 123TV DB import
Tue, 21 Jan 2020 11:17:59 - INFO - Connect to DB
Tue, 21 Jan 2020 11:17:59 - INFO - TRIZMA DB import
Tue, 21 Jan 2020 11:18:00 - INFO - 123TV DB import
Tue, 21 Jan 2020 11:19:27 - INFO - Connect to DB
Tue, 21 Jan 2020 11:19:27 - INFO - TRIZMA DB import
Tue, 21 Jan 2020 11:19:27 - INFO - 123TV DB import
Tue, 21 Jan 2020 11:19:33 - INFO - Connect to DB
Tue, 21 Jan 2020 11:19:33 - INFO - TRIZMA DB import
Tue, 21 Jan 2020 11:19:33 - INFO - 123TV DB import
Tue, 21 Jan 2020 11:19:54 - INFO - Connect to DB
Tue, 21 Jan 2020 11:19:54 - INFO - TRIZMA DB import
Tue, 21 Jan 2020 11:19:54 - INFO - 123TV DB import
Tue, 21 Jan 2020 11:20:05 - INFO - Connect to DB
Tue, 21 Jan 2020 11:20:05 - INFO - TRIZMA DB import
Tue, 21 Jan 2020 11:20:05 - INFO - 123TV DB import
Tue, 21 Jan 2020 11:20:27 - INFO - Connect to DB
Tue, 21 Jan 2020 11:20:27 - INFO - TRIZMA DB import
Tue, 21 Jan 2020 11:20:27 - INFO - 123TV DB import
Tue, 21 Jan 2020 11:20:50 - INFO - Connect to DB
Tue, 21 Jan 2020 11:20:50 - INFO - TRIZMA DB import
Tue, 21 Jan 2020 11:20:50 - INFO - Failed on TRIZMA DB import at: 2020-01-21_11-00-03, for following calling party: 4942124431188, for agent id: trz_asilni, with error:(pyodbc.DataError) ('22001', '[22001] [Microsoft][ODBC Driver 17 for SQL Server][SQL Server]String or binary data would be truncated. (8152) (SQLExecDirectW)')
[SQL: insert into records values('CC2Servicenummer','Belgrad','Nicht 端bermittelt','trz_asilni',                                 '4942124431188','','Nicht 端bermittelt','4942124431188_Saturday, January 18, 2020_4:50:08 PM','ANA_SILNI')]
(Background on this error at: http://sqlalche.me/e/9h9h)
Tue, 21 Jan 2020 11:20:50 - INFO - 123TV DB import
Tue, 21 Jan 2020 11:21:25 - INFO - Connect to DB
Tue, 21 Jan 2020 11:21:25 - INFO - TRIZMA DB import
Tue, 21 Jan 2020 11:21:25 - INFO - Failed on TRIZMA DB import at: 2020-01-21_11-00-03, for following calling party: 4921115770460, for agent id: trz_asilni, with error:(pyodbc.DataError) ('22001', '[22001] [Microsoft][ODBC Driver 17 for SQL Server][SQL Server]String or binary data would be truncated. (8152) (SQLExecDirectW)')
[SQL: insert into records values('CC2Servicenummer','Belgrad','Nicht 端bermittelt','trz_asilni',                                 '4921115770460','','Nicht 端bermittelt','4921115770460_Saturday, January 18, 2020_6:14:02 PM','ANA_SILNI')]
(Background on this error at: http://sqlalche.me/e/9h9h)
Tue, 21 Jan 2020 11:21:25 - INFO - 123TV DB import
Tue, 21 Jan 2020 11:25:51 - INFO - Connect to DB
Tue, 21 Jan 2020 11:25:51 - INFO - TRIZMA DB import
Tue, 21 Jan 2020 11:25:51 - INFO - 123TV DB import
Tue, 21 Jan 2020 11:28:30 - INFO - Connect to DB
Tue, 21 Jan 2020 11:28:30 - INFO - TRIZMA DB import
Tue, 21 Jan 2020 11:28:30 - INFO - 123TV DB import
