Sat, 11 Jan 2020 16:03:00 - INFO - Connect to DB
Sat, 11 Jan 2020 16:03:00 - INFO - TRIZMA DB import
Sat, 11 Jan 2020 16:03:00 - INFO - 123TV DB import
Sat, 11 Jan 2020 16:03:05 - INFO - Failed on 123TV DB import at: 2020-01-11_16-01-59, for following calling party: 49421640927, for agent id: 3036, with error:Missing element acd_id (importCallMetaData.acd_id)
Sat, 11 Jan 2020 16:04:26 - INFO - Connect to DB
Sat, 11 Jan 2020 16:04:26 - INFO - TRIZMA DB import
Sat, 11 Jan 2020 16:04:26 - INFO - Failed on TRIZMA DB import at: 2020-01-11_16-01-59, for following calling party: 4938412227022, for agent id: trz_madamovic, with error:(pyodbc.DataError) ('22001', '[22001] [Microsoft][ODBC Driver 17 for SQL Server][SQL Server]String or binary data would be truncated. (8152) (SQLExecDirectW)')
[SQL: insert into records values('CC2Servicenummer','Belgrad','Nicht übermittelt','trz_madamovic',                                  '4938412227022','','Nicht übermittelt','4938412227022_Saturday, January 11, 2020_5:04:25 PM')]
(Background on this error at: http://sqlalche.me/e/9h9h)
Sat, 11 Jan 2020 16:04:26 - INFO - 123TV DB import
Sat, 11 Jan 2020 16:04:31 - INFO - Failed on 123TV DB import at: 2020-01-11_16-01-59, for following calling party: 4938412227022, for agent id: 3067, with error:Missing element acd_id (importCallMetaData.acd_id)
Sat, 11 Jan 2020 16:13:33 - INFO - Connect to DB
Sat, 11 Jan 2020 16:13:33 - INFO - TRIZMA DB import
Sat, 11 Jan 2020 16:13:33 - INFO - 123TV DB import
Sat, 11 Jan 2020 16:13:38 - INFO - Failed on 123TV DB import at: 2020-01-11_16-01-59, for following calling party: 49230269558, for agent id: 3105, with error:Missing element acd_id (importCallMetaData.acd_id)
Sat, 11 Jan 2020 17:01:20 - INFO - Connect to DB
Sat, 11 Jan 2020 17:01:20 - INFO - TRIZMA DB import
Sat, 11 Jan 2020 17:01:20 - INFO - 123TV DB import
Sat, 11 Jan 2020 17:01:25 - INFO - Failed on 123TV DB import at: 2020-01-11_16-01-59, for following calling party: 4983721203, for agent id: 3105, with error:Missing element acd_id (importCallMetaData.acd_id)
Sat, 11 Jan 2020 17:12:00 - INFO - Connect to DB
Sat, 11 Jan 2020 17:12:00 - INFO - TRIZMA DB import
Sat, 11 Jan 2020 17:12:00 - INFO - 123TV DB import
Sat, 11 Jan 2020 17:12:05 - INFO - Failed on 123TV DB import at: 2020-01-11_16-01-59, for following calling party: 493038208698, for agent id: 3067, with error:Missing element acd_id (importCallMetaData.acd_id)
