Sat, 11 Jan 2020 12:32:29 - INFO - Connect to DB
Sat, 11 Jan 2020 12:32:29 - INFO - TRIZMA DB import
Sat, 11 Jan 2020 12:32:30 - INFO - 123TV DB import
Sat, 11 Jan 2020 12:32:35 - INFO - Failed on 123TV DB import at: 2020-01-11_12-22-16, for following calling party: 49235152021, for agent id: 3105, with error:Missing element acd_id (importCallMetaData.acd_id)
Sat, 11 Jan 2020 12:42:08 - INFO - Connect to DB
Sat, 11 Jan 2020 12:42:08 - INFO - TRIZMA DB import
Sat, 11 Jan 2020 12:42:08 - INFO - 123TV DB import
Sat, 11 Jan 2020 12:42:13 - INFO - Failed on 123TV DB import at: 2020-01-11_12-22-16, for following calling party: 49407540920, for agent id: 3155, with error:Missing element acd_id (importCallMetaData.acd_id)
Sat, 11 Jan 2020 12:43:45 - INFO - Connect to DB
Sat, 11 Jan 2020 12:43:45 - INFO - TRIZMA DB import
Sat, 11 Jan 2020 12:43:45 - INFO - 123TV DB import
Sat, 11 Jan 2020 12:43:50 - INFO - Failed on 123TV DB import at: 2020-01-11_12-22-16, for following calling party: 49820890196, for agent id: 3067, with error:Missing element acd_id (importCallMetaData.acd_id)
Sat, 11 Jan 2020 12:43:56 - INFO - Connect to DB
Sat, 11 Jan 2020 12:43:56 - INFO - TRIZMA DB import
Sat, 11 Jan 2020 12:43:56 - INFO - Failed on TRIZMA DB import at: 2020-01-11_12-22-16, for following calling party: 4941018190542, for agent id: trz_madamovic, with error:(pyodbc.DataError) ('22001', '[22001] [Microsoft][ODBC Driver 17 for SQL Server][SQL Server]String or binary data would be truncated. (8152) (SQLExecDirectW)')
[SQL: insert into records values('CC2Servicenummer','Belgrad','Nicht übermittelt','trz_madamovic',                                  '4941018190542','','Nicht übermittelt','4941018190542_Thursday, January 09, 2020_11:11:41 AM')]
(Background on this error at: http://sqlalche.me/e/9h9h)
Sat, 11 Jan 2020 12:43:56 - INFO - 123TV DB import
Sat, 11 Jan 2020 12:44:01 - INFO - Failed on 123TV DB import at: 2020-01-11_12-22-16, for following calling party: 4941018190542, for agent id: 3067, with error:Missing element acd_id (importCallMetaData.acd_id)
Sat, 11 Jan 2020 12:49:29 - INFO - Connect to DB
Sat, 11 Jan 2020 12:49:29 - INFO - TRIZMA DB import
Sat, 11 Jan 2020 12:49:29 - INFO - Failed on TRIZMA DB import at: 2020-01-11_12-22-16, for following calling party: 4936841178065, for agent id: trz_madamovic, with error:(pyodbc.DataError) ('22001', '[22001] [Microsoft][ODBC Driver 17 for SQL Server][SQL Server]String or binary data would be truncated. (8152) (SQLExecDirectW)')
[SQL: insert into records values('CC2Servicenummer','Belgrad','Nicht übermittelt','trz_madamovic',                                  '4936841178065','','Nicht übermittelt','4936841178065_Thursday, January 09, 2020_12:31:23 PM')]
(Background on this error at: http://sqlalche.me/e/9h9h)
Sat, 11 Jan 2020 12:49:29 - INFO - 123TV DB import
Sat, 11 Jan 2020 12:49:34 - INFO - Failed on 123TV DB import at: 2020-01-11_12-22-16, for following calling party: 4936841178065, for agent id: 3067, with error:Missing element acd_id (importCallMetaData.acd_id)
Sat, 11 Jan 2020 12:55:04 - INFO - Connect to DB
Sat, 11 Jan 2020 12:55:04 - INFO - TRIZMA DB import
Sat, 11 Jan 2020 12:55:04 - INFO - Failed on TRIZMA DB import at: 2020-01-11_12-22-16, for following calling party: 4935209299422, for agent id: trz_madamovic, with error:(pyodbc.DataError) ('22001', '[22001] [Microsoft][ODBC Driver 17 for SQL Server][SQL Server]String or binary data would be truncated. (8152) (SQLExecDirectW)')
[SQL: insert into records values('CC2Servicenummer','Belgrad','Nicht übermittelt','trz_madamovic',                                  '4935209299422','','Nicht übermittelt','4935209299422_Thursday, January 09, 2020_2:07:29 PM')]
(Background on this error at: http://sqlalche.me/e/9h9h)
Sat, 11 Jan 2020 12:55:04 - INFO - 123TV DB import
Sat, 11 Jan 2020 12:55:09 - INFO - Failed on 123TV DB import at: 2020-01-11_12-22-16, for following calling party: 4935209299422, for agent id: 3067, with error:Missing element acd_id (importCallMetaData.acd_id)
Sat, 11 Jan 2020 12:55:37 - INFO - Connect to DB
Sat, 11 Jan 2020 12:55:37 - INFO - TRIZMA DB import
Sat, 11 Jan 2020 12:55:37 - INFO - Failed on TRIZMA DB import at: 2020-01-11_12-22-16, for following calling party: 4921154474473, for agent id: trz_madamovic, with error:(pyodbc.DataError) ('22001', '[22001] [Microsoft][ODBC Driver 17 for SQL Server][SQL Server]String or binary data would be truncated. (8152) (SQLExecDirectW)')
[SQL: insert into records values('CC2Servicenummer','Belgrad','Nicht übermittelt','trz_madamovic',                                  '4921154474473','','Nicht übermittelt','4921154474473_Thursday, January 09, 2020_3:04:36 PM')]
(Background on this error at: http://sqlalche.me/e/9h9h)
Sat, 11 Jan 2020 12:55:37 - INFO - 123TV DB import
Sat, 11 Jan 2020 12:55:42 - INFO - Failed on 123TV DB import at: 2020-01-11_12-22-16, for following calling party: 4921154474473, for agent id: 3067, with error:Missing element acd_id (importCallMetaData.acd_id)
Sat, 11 Jan 2020 12:55:42 - INFO - Connect to DB
Sat, 11 Jan 2020 12:55:42 - INFO - TRIZMA DB import
Sat, 11 Jan 2020 12:55:42 - INFO - 123TV DB import
Sat, 11 Jan 2020 12:55:47 - INFO - Failed on 123TV DB import at: 2020-01-11_12-22-16, for following calling party: 49633276719, for agent id: 3067, with error:Missing element acd_id (importCallMetaData.acd_id)
Sat, 11 Jan 2020 12:55:47 - INFO - Connect to DB
Sat, 11 Jan 2020 12:55:47 - INFO - TRIZMA DB import
Sat, 11 Jan 2020 12:55:47 - INFO - 123TV DB import
Sat, 11 Jan 2020 12:55:53 - INFO - Failed on 123TV DB import at: 2020-01-11_12-22-16, for following calling party: 495084988359, for agent id: 3067, with error:Missing element acd_id (importCallMetaData.acd_id)
Sat, 11 Jan 2020 12:58:12 - INFO - Connect to DB
Sat, 11 Jan 2020 12:58:12 - INFO - TRIZMA DB import
Sat, 11 Jan 2020 12:58:12 - INFO - 123TV DB import
Sat, 11 Jan 2020 12:58:17 - INFO - Failed on 123TV DB import at: 2020-01-11_12-22-16, for following calling party: 49597112259, for agent id: 3105, with error:Missing element acd_id (importCallMetaData.acd_id)
Sat, 11 Jan 2020 13:00:53 - INFO - Connect to DB
Sat, 11 Jan 2020 13:00:53 - INFO - TRIZMA DB import
Sat, 11 Jan 2020 13:00:53 - INFO - 123TV DB import
Sat, 11 Jan 2020 13:00:58 - INFO - Failed on 123TV DB import at: 2020-01-11_12-22-16, for following calling party: 49201698046, for agent id: 3067, with error:Missing element acd_id (importCallMetaData.acd_id)
Sat, 11 Jan 2020 13:03:55 - INFO - Connect to DB
Sat, 11 Jan 2020 13:03:55 - INFO - TRIZMA DB import
Sat, 11 Jan 2020 13:03:55 - INFO - 123TV DB import
Sat, 11 Jan 2020 13:04:00 - INFO - Failed on 123TV DB import at: 2020-01-11_12-22-16, for following calling party: 49972140252, for agent id: 3036, with error:Missing element acd_id (importCallMetaData.acd_id)
Sat, 11 Jan 2020 13:07:39 - INFO - Connect to DB
Sat, 11 Jan 2020 13:07:39 - INFO - TRIZMA DB import
Sat, 11 Jan 2020 13:07:39 - INFO - Failed on TRIZMA DB import at: 2020-01-11_12-22-16, for following calling party: 4915733272996, for agent id: trz_bmaksimovic, with error:(pyodbc.DataError) ('22001', '[22001] [Microsoft][ODBC Driver 17 for SQL Server][SQL Server]String or binary data would be truncated. (8152) (SQLExecDirectW)')
[SQL: insert into records values('CC2Servicenummer','Belgrad','Nicht übermittelt','trz_bmaksimovic',                                  '4915733272996','','Nicht übermittelt','4915733272996_Saturday, January 11, 2020_2:07:38 PM')]
(Background on this error at: http://sqlalche.me/e/9h9h)
Sat, 11 Jan 2020 13:07:39 - INFO - 123TV DB import
Sat, 11 Jan 2020 13:07:44 - INFO - Failed on 123TV DB import at: 2020-01-11_12-22-16, for following calling party: 4915733272996, for agent id: 3036, with error:Missing element acd_id (importCallMetaData.acd_id)
Sat, 11 Jan 2020 13:13:50 - INFO - Connect to DB
Sat, 11 Jan 2020 13:13:51 - INFO - TRIZMA DB import
Sat, 11 Jan 2020 13:13:51 - INFO - 123TV DB import
Sat, 11 Jan 2020 13:13:56 - INFO - Failed on 123TV DB import at: 2020-01-11_12-22-16, for following calling party: 4922697290, for agent id: 3067, with error:Missing element acd_id (importCallMetaData.acd_id)
Sat, 11 Jan 2020 13:13:56 - INFO - Connect to DB
Sat, 11 Jan 2020 13:13:56 - INFO - TRIZMA DB import
Sat, 11 Jan 2020 13:13:56 - INFO - 123TV DB import
Sat, 11 Jan 2020 13:14:01 - INFO - Failed on 123TV DB import at: 2020-01-11_12-22-16, for following calling party: 495221343328, for agent id: 3067, with error:Missing element acd_id (importCallMetaData.acd_id)
Sat, 11 Jan 2020 13:15:44 - INFO - Connect to DB
Sat, 11 Jan 2020 13:15:44 - INFO - TRIZMA DB import
Sat, 11 Jan 2020 13:15:44 - INFO - 123TV DB import
Sat, 11 Jan 2020 13:15:50 - INFO - Failed on 123TV DB import at: 2020-01-11_12-22-16, for following calling party: 491626086549, for agent id: 3046, with error:Missing element acd_id (importCallMetaData.acd_id)
Sat, 11 Jan 2020 13:19:07 - INFO - Connect to DB
Sat, 11 Jan 2020 13:19:07 - INFO - TRIZMA DB import
Sat, 11 Jan 2020 13:19:07 - INFO - 123TV DB import
Sat, 11 Jan 2020 13:19:12 - INFO - Failed on 123TV DB import at: 2020-01-11_12-22-16, for following calling party: 49534138483, for agent id: 3067, with error:Missing element acd_id (importCallMetaData.acd_id)
Sat, 11 Jan 2020 13:21:14 - INFO - Connect to DB
Sat, 11 Jan 2020 13:21:14 - INFO - TRIZMA DB import
Sat, 11 Jan 2020 13:21:14 - INFO - 123TV DB import
Sat, 11 Jan 2020 13:21:19 - INFO - Failed on 123TV DB import at: 2020-01-11_12-22-16, for following calling party: 4952057758, for agent id: 3019, with error:Missing element acd_id (importCallMetaData.acd_id)
Sat, 11 Jan 2020 13:24:42 - INFO - Connect to DB
Sat, 11 Jan 2020 13:24:42 - INFO - TRIZMA DB import
Sat, 11 Jan 2020 13:24:42 - INFO - 123TV DB import
Sat, 11 Jan 2020 13:24:47 - INFO - Failed on 123TV DB import at: 2020-01-11_12-22-16, for following calling party: 49305413289, for agent id: 3046, with error:Missing element acd_id (importCallMetaData.acd_id)
Sat, 11 Jan 2020 13:29:52 - INFO - Connect to DB
Sat, 11 Jan 2020 13:29:52 - INFO - TRIZMA DB import
Sat, 11 Jan 2020 13:29:52 - INFO - 123TV DB import
Sat, 11 Jan 2020 13:29:57 - INFO - Failed on 123TV DB import at: 2020-01-11_12-22-16, for following calling party: 493607562071, for agent id: 3067, with error:Missing element acd_id (importCallMetaData.acd_id)
Sat, 11 Jan 2020 13:35:14 - INFO - Connect to DB
Sat, 11 Jan 2020 13:35:14 - INFO - TRIZMA DB import
Sat, 11 Jan 2020 13:35:14 - INFO - 123TV DB import
Sat, 11 Jan 2020 13:35:19 - INFO - Failed on 123TV DB import at: 2020-01-11_12-22-16, for following calling party: 493657104843, for agent id: 3067, with error:Missing element acd_id (importCallMetaData.acd_id)
Sat, 11 Jan 2020 13:40:41 - INFO - Connect to DB
Sat, 11 Jan 2020 13:40:41 - INFO - TRIZMA DB import
Sat, 11 Jan 2020 13:40:42 - INFO - 123TV DB import
Sat, 11 Jan 2020 13:40:47 - INFO - Failed on 123TV DB import at: 2020-01-11_12-22-16, for following calling party: 4917641098936, for agent id: 3067, with error:Missing element acd_id (importCallMetaData.acd_id)
