Tue, 21 Jan 2020 10:21:17 - INFO - Connect to DB
Tue, 21 Jan 2020 10:21:18 - INFO - TRIZMA DB import
Tue, 21 Jan 2020 10:21:18 - INFO - 123TV DB import
Tue, 21 Jan 2020 10:25:10 - INFO - Connect to DB
Tue, 21 Jan 2020 10:25:10 - INFO - TRIZMA DB import
Tue, 21 Jan 2020 10:25:10 - INFO - Failed on TRIZMA DB import at: 2020-01-21_10-18-06, for following calling party: 4921115801455, for agent id: trz_bmaksimovic, with error:(pyodbc.DataError) ('22001', '[22001] [Microsoft][ODBC Driver 17 for SQL Server][SQL Server]String or binary data would be truncated. (8152) (SQLExecDirectW)')
[SQL: insert into records values('CC2Servicenummer','Belgrad','Nicht übermittelt','trz_bmaksimovic',                                 '4921115801455','','Nicht übermittelt','4921115801455_Saturday, January 18, 2020_10:16:45 AM','BOR_MAKSIM')]
(Background on this error at: http://sqlalche.me/e/9h9h)
Tue, 21 Jan 2020 10:25:10 - INFO - 123TV DB import
Tue, 21 Jan 2020 10:26:07 - INFO - Connect to DB
Tue, 21 Jan 2020 10:26:07 - INFO - TRIZMA DB import
Tue, 21 Jan 2020 10:26:07 - INFO - 123TV DB import
Tue, 21 Jan 2020 10:31:15 - INFO - Connect to DB
Tue, 21 Jan 2020 10:31:16 - INFO - TRIZMA DB import
Tue, 21 Jan 2020 10:31:16 - INFO - 123TV DB import
Tue, 21 Jan 2020 10:34:16 - INFO - Connect to DB
Tue, 21 Jan 2020 10:34:16 - INFO - TRIZMA DB import
Tue, 21 Jan 2020 10:34:16 - INFO - 123TV DB import
Tue, 21 Jan 2020 10:34:41 - INFO - Connect to DB
Tue, 21 Jan 2020 10:34:41 - INFO - TRIZMA DB import
Tue, 21 Jan 2020 10:34:41 - INFO - 123TV DB import
