Thu, 09 Jan 2020 13:25:28 - INFO - Connect to DB
Thu, 09 Jan 2020 13:25:29 - INFO - TRIZMA DB import
Thu, 09 Jan 2020 13:25:29 - INFO - 123TV DB import
Thu, 09 Jan 2020 13:25:34 - INFO - Failed on 123TV DB import at: 2020-01-09_13-24-36, for following calling party: 4915733344107, for agent id: 3036, with error:Missing element acd_id (importCallMetaData.acd_id)
Thu, 09 Jan 2020 13:25:58 - INFO - Connect to DB
Thu, 09 Jan 2020 13:25:58 - INFO - TRIZMA DB import
Thu, 09 Jan 2020 13:25:59 - INFO - 123TV DB import
Thu, 09 Jan 2020 13:26:04 - INFO - Failed on 123TV DB import at: 2020-01-09_13-24-36, for following calling party: 4937612600, for agent id: 3036, with error:Missing element acd_id (importCallMetaData.acd_id)
Thu, 09 Jan 2020 13:26:39 - INFO - Connect to DB
Thu, 09 Jan 2020 13:26:39 - INFO - TRIZMA DB import
Thu, 09 Jan 2020 13:26:39 - INFO - 123TV DB import
Thu, 09 Jan 2020 13:26:44 - INFO - Failed on 123TV DB import at: 2020-01-09_13-24-36, for following calling party: 4989302000, for agent id: 3036, with error:Missing element acd_id (importCallMetaData.acd_id)
Thu, 09 Jan 2020 13:40:11 - INFO - Connect to DB
Thu, 09 Jan 2020 13:40:11 - INFO - TRIZMA DB import
Thu, 09 Jan 2020 13:40:11 - INFO - 123TV DB import
Thu, 09 Jan 2020 13:40:16 - INFO - Failed on 123TV DB import at: 2020-01-09_13-24-36, for following calling party: 4922375064819, for agent id: 3036, with error:Missing element acd_id (importCallMetaData.acd_id)
Thu, 09 Jan 2020 13:41:17 - INFO - Connect to DB
Thu, 09 Jan 2020 13:41:17 - INFO - TRIZMA DB import
Thu, 09 Jan 2020 13:41:17 - INFO - 123TV DB import
Thu, 09 Jan 2020 13:41:22 - INFO - Failed on 123TV DB import at: 2020-01-09_13-24-36, for following calling party: 493695602208, for agent id: 3036, with error:Missing element acd_id (importCallMetaData.acd_id)
Thu, 09 Jan 2020 13:41:57 - INFO - Connect to DB
Thu, 09 Jan 2020 13:41:57 - INFO - TRIZMA DB import
Thu, 09 Jan 2020 13:41:57 - INFO - 123TV DB import
Thu, 09 Jan 2020 13:42:02 - INFO - Failed on 123TV DB import at: 2020-01-09_13-24-36, for following calling party: 496519916381, for agent id: 3036, with error:Missing element acd_id (importCallMetaData.acd_id)
Thu, 09 Jan 2020 13:42:32 - INFO - Connect to DB
Thu, 09 Jan 2020 13:42:33 - INFO - TRIZMA DB import
Thu, 09 Jan 2020 13:42:33 - INFO - Failed on TRIZMA DB import at: 2020-01-09_13-24-36, for following calling party: 4917653597977, for agent id: trz_bmaksimovic, with error:(pyodbc.DataError) ('22001', '[22001] [Microsoft][ODBC Driver 17 for SQL Server][SQL Server]String or binary data would be truncated. (8152) (SQLExecDirectW)')
[SQL: insert into records values('CC2Servicenummer','Belgrad','Nicht übermittelt','trz_bmaksimovic',                                  '4917653597977','','Nicht übermittelt','4917653597977_Tuesday, December 31, 2019_1:15:54 PM')]
(Background on this error at: http://sqlalche.me/e/9h9h)
Thu, 09 Jan 2020 13:42:33 - INFO - 123TV DB import
Thu, 09 Jan 2020 13:42:38 - INFO - Failed on 123TV DB import at: 2020-01-09_13-24-36, for following calling party: 4917653597977, for agent id: 3036, with error:Missing element acd_id (importCallMetaData.acd_id)
Thu, 09 Jan 2020 13:42:39 - INFO - Connect to DB
Thu, 09 Jan 2020 13:42:39 - INFO - TRIZMA DB import
Thu, 09 Jan 2020 13:42:40 - INFO - 123TV DB import
Thu, 09 Jan 2020 13:42:45 - INFO - Failed on 123TV DB import at: 2020-01-09_13-24-36, for following calling party: 493917220795, for agent id: 3036, with error:Missing element acd_id (importCallMetaData.acd_id)
Thu, 09 Jan 2020 13:42:45 - INFO - Connect to DB
Thu, 09 Jan 2020 13:42:45 - INFO - TRIZMA DB import
Thu, 09 Jan 2020 13:42:45 - INFO - 123TV DB import
Thu, 09 Jan 2020 13:42:50 - INFO - Failed on 123TV DB import at: 2020-01-09_13-24-36, for following calling party: 4999441369, for agent id: 3036, with error:Missing element acd_id (importCallMetaData.acd_id)
Thu, 09 Jan 2020 13:42:50 - INFO - Connect to DB
Thu, 09 Jan 2020 13:42:50 - INFO - TRIZMA DB import
Thu, 09 Jan 2020 13:42:50 - INFO - 123TV DB import
Thu, 09 Jan 2020 13:42:55 - INFO - Failed on 123TV DB import at: 2020-01-09_13-24-36, for following calling party: 495131447550, for agent id: 3036, with error:Missing element acd_id (importCallMetaData.acd_id)
Thu, 09 Jan 2020 13:43:36 - INFO - Connect to DB
Thu, 09 Jan 2020 13:43:36 - INFO - TRIZMA DB import
Thu, 09 Jan 2020 13:43:36 - INFO - 123TV DB import
Thu, 09 Jan 2020 13:43:41 - INFO - Failed on 123TV DB import at: 2020-01-09_13-24-36, for following calling party: 493841703826, for agent id: 3036, with error:Missing element acd_id (importCallMetaData.acd_id)
Thu, 09 Jan 2020 13:47:28 - INFO - Connect to DB
Thu, 09 Jan 2020 13:47:28 - INFO - TRIZMA DB import
Thu, 09 Jan 2020 13:47:28 - INFO - 123TV DB import
Thu, 09 Jan 2020 13:47:33 - INFO - Failed on 123TV DB import at: 2020-01-09_13-24-36, for following calling party: 4971511690065, for agent id: 3122, with error:Missing element acd_id (importCallMetaData.acd_id)
Thu, 09 Jan 2020 13:48:17 - INFO - Connect to DB
Thu, 09 Jan 2020 13:48:17 - INFO - TRIZMA DB import
Thu, 09 Jan 2020 13:48:17 - INFO - 123TV DB import
Thu, 09 Jan 2020 13:48:22 - INFO - Failed on 123TV DB import at: 2020-01-09_13-24-36, for following calling party: 4926145367, for agent id: 3036, with error:Missing element acd_id (importCallMetaData.acd_id)
