Sun, 19 Jan 2020 18:50:01 - INFO - Connect to DB
Sun, 19 Jan 2020 18:50:01 - INFO - TRIZMA DB import
Sun, 19 Jan 2020 18:50:01 - INFO - 123TV DB import
Mon, 20 Jan 2020 07:18:43 - INFO - Connect to DB
Mon, 20 Jan 2020 07:18:43 - INFO - TRIZMA DB import
Mon, 20 Jan 2020 07:18:43 - INFO - 123TV DB import
Mon, 20 Jan 2020 07:25:35 - INFO - Connect to DB
Mon, 20 Jan 2020 07:25:35 - INFO - TRIZMA DB import
Mon, 20 Jan 2020 07:25:35 - INFO - 123TV DB import
Mon, 20 Jan 2020 07:26:33 - INFO - Connect to DB
Mon, 20 Jan 2020 07:26:33 - INFO - TRIZMA DB import
Mon, 20 Jan 2020 07:26:33 - INFO - 123TV DB import
Mon, 20 Jan 2020 07:26:38 - INFO - Connect to DB
Mon, 20 Jan 2020 07:26:38 - INFO - TRIZMA DB import
Mon, 20 Jan 2020 07:26:38 - INFO - 123TV DB import
Mon, 20 Jan 2020 07:27:17 - INFO - Connect to DB
Mon, 20 Jan 2020 07:27:17 - INFO - TRIZMA DB import
Mon, 20 Jan 2020 07:27:17 - INFO - 123TV DB import
Mon, 20 Jan 2020 07:28:26 - INFO - Connect to DB
Mon, 20 Jan 2020 07:28:26 - INFO - TRIZMA DB import
Mon, 20 Jan 2020 07:28:26 - INFO - Failed on TRIZMA DB import at: 2020-01-19_18-48-20, for following calling party: 49304237062, for agent id: trz_madamovic, with error:(pyodbc.DataError) ('22001', '[22001] [Microsoft][ODBC Driver 17 for SQL Server][SQL Server]String or binary data would be truncated. (8152) (SQLExecDirectW)')
[SQL: insert into records values('CC2Servicenummer','Belgrad','Nicht übermittelt','trz_madamovic',                                 '49304237062','','Nicht übermittelt','49304237062_Wednesday, January 15, 2020_12:27:36 PM','MIL_ADAMOV')]
(Background on this error at: http://sqlalche.me/e/9h9h)
Mon, 20 Jan 2020 07:28:26 - INFO - 123TV DB import
Mon, 20 Jan 2020 07:28:37 - INFO - Connect to DB
Mon, 20 Jan 2020 07:28:37 - INFO - TRIZMA DB import
Mon, 20 Jan 2020 07:28:37 - INFO - Failed on TRIZMA DB import at: 2020-01-19_18-48-20, for following calling party: 493052685372, for agent id: trz_madamovic, with error:(pyodbc.DataError) ('22001', '[22001] [Microsoft][ODBC Driver 17 for SQL Server][SQL Server]String or binary data would be truncated. (8152) (SQLExecDirectW)')
[SQL: insert into records values('CC2Servicenummer','Belgrad','Nicht übermittelt','trz_madamovic',                                 '493052685372','','Nicht übermittelt','493052685372_Wednesday, January 15, 2020_12:57:00 PM','MIL_ADAMOV')]
(Background on this error at: http://sqlalche.me/e/9h9h)
Mon, 20 Jan 2020 07:28:37 - INFO - 123TV DB import
Mon, 20 Jan 2020 07:29:13 - INFO - Connect to DB
Mon, 20 Jan 2020 07:29:13 - INFO - TRIZMA DB import
Mon, 20 Jan 2020 07:29:13 - INFO - 123TV DB import
Mon, 20 Jan 2020 07:29:39 - INFO - Connect to DB
Mon, 20 Jan 2020 07:29:39 - INFO - TRIZMA DB import
Mon, 20 Jan 2020 07:29:39 - INFO - 123TV DB import
Mon, 20 Jan 2020 07:31:11 - INFO - Connect to DB
Mon, 20 Jan 2020 07:31:11 - INFO - TRIZMA DB import
Mon, 20 Jan 2020 07:31:11 - INFO - 123TV DB import
Mon, 20 Jan 2020 07:32:32 - INFO - Connect to DB
Mon, 20 Jan 2020 07:32:32 - INFO - TRIZMA DB import
Mon, 20 Jan 2020 07:32:32 - INFO - Failed on TRIZMA DB import at: 2020-01-19_18-48-20, for following calling party: 4923158034795, for agent id: trz_madamovic, with error:(pyodbc.DataError) ('22001', '[22001] [Microsoft][ODBC Driver 17 for SQL Server][SQL Server]String or binary data would be truncated. (8152) (SQLExecDirectW)')
[SQL: insert into records values('CC2Servicenummer','Belgrad','Nicht übermittelt','trz_madamovic',                                 '4923158034795','','Nicht übermittelt','4923158034795_Thursday, January 16, 2020_9:18:45 AM','MIL_ADAMOV')]
(Background on this error at: http://sqlalche.me/e/9h9h)
Mon, 20 Jan 2020 07:32:32 - INFO - 123TV DB import
Mon, 20 Jan 2020 07:33:59 - INFO - Connect to DB
Mon, 20 Jan 2020 07:33:59 - INFO - TRIZMA DB import
Mon, 20 Jan 2020 07:33:59 - INFO - Failed on TRIZMA DB import at: 2020-01-19_18-48-20, for following calling party: 4935549937470, for agent id: trz_madamovic, with error:(pyodbc.DataError) ('22001', '[22001] [Microsoft][ODBC Driver 17 for SQL Server][SQL Server]String or binary data would be truncated. (8152) (SQLExecDirectW)')
[SQL: insert into records values('CC2Servicenummer','Belgrad','Nicht übermittelt','trz_madamovic',                                 '4935549937470','','Nicht übermittelt','4935549937470_Thursday, January 16, 2020_1:29:02 PM','MIL_ADAMOV')]
(Background on this error at: http://sqlalche.me/e/9h9h)
Mon, 20 Jan 2020 07:33:59 - INFO - 123TV DB import
Mon, 20 Jan 2020 07:34:05 - INFO - Connect to DB
Mon, 20 Jan 2020 07:34:05 - INFO - TRIZMA DB import
Mon, 20 Jan 2020 07:34:05 - INFO - Failed on TRIZMA DB import at: 2020-01-19_18-48-20, for following calling party: 4917620239188, for agent id: trz_madamovic, with error:(pyodbc.DataError) ('22001', '[22001] [Microsoft][ODBC Driver 17 for SQL Server][SQL Server]String or binary data would be truncated. (8152) (SQLExecDirectW)')
[SQL: insert into records values('CC2Servicenummer','Belgrad','Nicht übermittelt','trz_madamovic',                                 '4917620239188','','Nicht übermittelt','4917620239188_Thursday, January 16, 2020_1:43:06 PM','MIL_ADAMOV')]
(Background on this error at: http://sqlalche.me/e/9h9h)
Mon, 20 Jan 2020 07:34:05 - INFO - 123TV DB import
Mon, 20 Jan 2020 07:34:49 - INFO - Connect to DB
Mon, 20 Jan 2020 07:34:49 - INFO - TRIZMA DB import
Mon, 20 Jan 2020 07:34:49 - INFO - 123TV DB import
Mon, 20 Jan 2020 07:35:10 - INFO - Connect to DB
Mon, 20 Jan 2020 07:35:10 - INFO - TRIZMA DB import
Mon, 20 Jan 2020 07:35:10 - INFO - 123TV DB import
Mon, 20 Jan 2020 07:35:40 - INFO - Connect to DB
Mon, 20 Jan 2020 07:35:41 - INFO - TRIZMA DB import
Mon, 20 Jan 2020 07:35:41 - INFO - 123TV DB import
Mon, 20 Jan 2020 07:35:49 - INFO - Connect to DB
Mon, 20 Jan 2020 07:35:49 - INFO - TRIZMA DB import
Mon, 20 Jan 2020 07:35:49 - INFO - 123TV DB import
Mon, 20 Jan 2020 07:37:02 - INFO - Connect to DB
Mon, 20 Jan 2020 07:37:02 - INFO - TRIZMA DB import
Mon, 20 Jan 2020 07:37:02 - INFO - 123TV DB import
Mon, 20 Jan 2020 07:38:08 - INFO - Connect to DB
Mon, 20 Jan 2020 07:38:09 - INFO - TRIZMA DB import
Mon, 20 Jan 2020 07:38:09 - INFO - Failed on TRIZMA DB import at: 2020-01-19_18-48-20, for following calling party: 4934672687461, for agent id: trz_madamovic, with error:(pyodbc.DataError) ('22001', '[22001] [Microsoft][ODBC Driver 17 for SQL Server][SQL Server]String or binary data would be truncated. (8152) (SQLExecDirectW)')
[SQL: insert into records values('CC2Servicenummer','Belgrad','Nicht übermittelt','trz_madamovic',                                 '4934672687461','','Nicht übermittelt','4934672687461_Saturday, January 18, 2020_12:23:49 PM','MIL_ADAMOV')]
(Background on this error at: http://sqlalche.me/e/9h9h)
Mon, 20 Jan 2020 07:38:09 - INFO - 123TV DB import
Mon, 20 Jan 2020 07:38:14 - INFO - Connect to DB
Mon, 20 Jan 2020 07:38:14 - INFO - TRIZMA DB import
Mon, 20 Jan 2020 07:38:14 - INFO - Failed on TRIZMA DB import at: 2020-01-19_18-48-20, for following calling party: 491715473389, for agent id: trz_madamovic, with error:(pyodbc.DataError) ('22001', '[22001] [Microsoft][ODBC Driver 17 for SQL Server][SQL Server]String or binary data would be truncated. (8152) (SQLExecDirectW)')
[SQL: insert into records values('CC2Servicenummer','Belgrad','Nicht übermittelt','trz_madamovic',                                 '491715473389','','Nicht übermittelt','491715473389_Saturday, January 18, 2020_12:58:06 PM','MIL_ADAMOV')]
(Background on this error at: http://sqlalche.me/e/9h9h)
Mon, 20 Jan 2020 07:38:14 - INFO - 123TV DB import
Mon, 20 Jan 2020 07:39:04 - INFO - Connect to DB
Mon, 20 Jan 2020 07:39:04 - INFO - TRIZMA DB import
Mon, 20 Jan 2020 07:39:04 - INFO - 123TV DB import
Mon, 20 Jan 2020 07:40:55 - INFO - Connect to DB
Mon, 20 Jan 2020 07:40:55 - INFO - TRIZMA DB import
Mon, 20 Jan 2020 07:40:55 - INFO - 123TV DB import
Mon, 20 Jan 2020 07:42:14 - INFO - Connect to DB
Mon, 20 Jan 2020 07:42:14 - INFO - TRIZMA DB import
Mon, 20 Jan 2020 07:42:14 - INFO - 123TV DB import
Mon, 20 Jan 2020 07:42:57 - INFO - Connect to DB
Mon, 20 Jan 2020 07:42:57 - INFO - TRIZMA DB import
Mon, 20 Jan 2020 07:42:57 - INFO - 123TV DB import
Mon, 20 Jan 2020 07:47:46 - INFO - Connect to DB
Mon, 20 Jan 2020 07:47:46 - INFO - TRIZMA DB import
Mon, 20 Jan 2020 07:47:46 - INFO - 123TV DB import
