Wed, 08 Jan 2020 07:24:48 - INFO - Connect to DB
Wed, 08 Jan 2020 07:24:48 - INFO - TRIZMA DB import
Wed, 08 Jan 2020 07:24:48 - INFO - 123TV DB import
Wed, 08 Jan 2020 07:24:53 - INFO - Failed on 123TV DB import at: 2020-01-08_07-20-51, for following calling party: 491721024929, for agent id: 3067, with error:Invalid XML content received (Start tag expected, '<' not found, line 1, column 1)
Wed, 08 Jan 2020 07:26:18 - INFO - Connect to DB
Wed, 08 Jan 2020 07:26:18 - INFO - TRIZMA DB import
Wed, 08 Jan 2020 07:26:18 - INFO - 123TV DB import
Wed, 08 Jan 2020 07:26:23 - INFO - Failed on 123TV DB import at: 2020-01-08_07-20-51, for following calling party: 4952356474, for agent id: 3067, with error:Invalid XML content received (Start tag expected, '<' not found, line 1, column 1)
Wed, 08 Jan 2020 07:26:40 - INFO - Connect to DB
Wed, 08 Jan 2020 07:26:40 - INFO - TRIZMA DB import
Wed, 08 Jan 2020 07:26:40 - INFO - 123TV DB import
Wed, 08 Jan 2020 07:26:46 - INFO - Failed on 123TV DB import at: 2020-01-08_07-20-51, for following calling party: 49853122125, for agent id: 3067, with error:Invalid XML content received (Start tag expected, '<' not found, line 1, column 1)
Wed, 08 Jan 2020 07:26:50 - INFO - Connect to DB
Wed, 08 Jan 2020 07:26:50 - INFO - TRIZMA DB import
Wed, 08 Jan 2020 07:26:50 - INFO - 123TV DB import
Wed, 08 Jan 2020 07:26:55 - INFO - Failed on 123TV DB import at: 2020-01-08_07-20-51, for following calling party: 491789729845, for agent id: 3067, with error:Invalid XML content received (Start tag expected, '<' not found, line 1, column 1)
Wed, 08 Jan 2020 07:26:56 - INFO - Connect to DB
Wed, 08 Jan 2020 07:26:56 - INFO - TRIZMA DB import
Wed, 08 Jan 2020 07:26:56 - INFO - 123TV DB import
Wed, 08 Jan 2020 07:27:01 - INFO - Failed on 123TV DB import at: 2020-01-08_07-20-51, for following calling party: 493429787105, for agent id: 3067, with error:Invalid XML content received (Start tag expected, '<' not found, line 1, column 1)
Wed, 08 Jan 2020 07:27:18 - INFO - Connect to DB
Wed, 08 Jan 2020 07:27:18 - INFO - TRIZMA DB import
Wed, 08 Jan 2020 07:27:18 - INFO - Failed on TRIZMA DB import at: 2020-01-08_07-20-51, for following calling party: 4987079385239, for agent id: trz_madamovic, with error:(pyodbc.DataError) ('22001', '[22001] [Microsoft][ODBC Driver 17 for SQL Server][SQL Server]String or binary data would be truncated. (8152) (SQLExecDirectW)')
[SQL: insert into records values('CC2Servicenummer','Belgrad','Nicht übermittelt','trz_madamovic',                                  '4987079385239','','Nicht übermittelt','4987079385239_Monday, December 30, 2019_11:02:32 AM')]
(Background on this error at: http://sqlalche.me/e/9h9h)
Wed, 08 Jan 2020 07:27:18 - INFO - 123TV DB import
Wed, 08 Jan 2020 07:27:23 - INFO - Failed on 123TV DB import at: 2020-01-08_07-20-51, for following calling party: 4987079385239, for agent id: 3067, with error:Invalid XML content received (Start tag expected, '<' not found, line 1, column 1)
Wed, 08 Jan 2020 07:27:54 - INFO - Connect to DB
Wed, 08 Jan 2020 07:27:54 - INFO - TRIZMA DB import
Wed, 08 Jan 2020 07:27:54 - INFO - Failed on TRIZMA DB import at: 2020-01-08_07-20-51, for following calling party: 4915255261204, for agent id: trz_madamovic, with error:(pyodbc.DataError) ('22001', '[22001] [Microsoft][ODBC Driver 17 for SQL Server][SQL Server]String or binary data would be truncated. (8152) (SQLExecDirectW)')
[SQL: insert into records values('CC2Servicenummer','Belgrad','Nicht übermittelt','trz_madamovic',                                  '4915255261204','','Nicht übermittelt','4915255261204_Monday, December 30, 2019_12:10:24 PM')]
(Background on this error at: http://sqlalche.me/e/9h9h)
Wed, 08 Jan 2020 07:27:54 - INFO - 123TV DB import
Wed, 08 Jan 2020 07:27:59 - INFO - Failed on 123TV DB import at: 2020-01-08_07-20-51, for following calling party: 4915255261204, for agent id: 3067, with error:Invalid XML content received (Start tag expected, '<' not found, line 1, column 1)
Wed, 08 Jan 2020 07:28:20 - INFO - Connect to DB
Wed, 08 Jan 2020 07:28:20 - INFO - TRIZMA DB import
Wed, 08 Jan 2020 07:28:20 - INFO - 123TV DB import
Wed, 08 Jan 2020 07:28:25 - INFO - Failed on 123TV DB import at: 2020-01-08_07-20-51, for following calling party: 4923122281560, for agent id: 3067, with error:Invalid XML content received (Start tag expected, '<' not found, line 1, column 1)
Wed, 08 Jan 2020 07:31:43 - INFO - Connect to DB
Wed, 08 Jan 2020 07:31:43 - INFO - TRIZMA DB import
Wed, 08 Jan 2020 07:31:43 - INFO - 123TV DB import
Wed, 08 Jan 2020 07:31:48 - INFO - Failed on 123TV DB import at: 2020-01-08_07-20-51, for following calling party: 4954025260, for agent id: 3067, with error:Invalid XML content received (Start tag expected, '<' not found, line 1, column 1)
Wed, 08 Jan 2020 07:32:19 - INFO - Connect to DB
Wed, 08 Jan 2020 07:32:19 - INFO - TRIZMA DB import
Wed, 08 Jan 2020 07:32:19 - INFO - Failed on TRIZMA DB import at: 2020-01-08_07-20-51, for following calling party: 4941017797182, for agent id: trz_madamovic, with error:(pyodbc.DataError) ('22001', '[22001] [Microsoft][ODBC Driver 17 for SQL Server][SQL Server]String or binary data would be truncated. (8152) (SQLExecDirectW)')
[SQL: insert into records values('CC2Servicenummer','Belgrad','Nicht übermittelt','trz_madamovic',                                  '4941017797182','','Nicht übermittelt','4941017797182_Tuesday, December 31, 2019_8:12:03 AM')]
(Background on this error at: http://sqlalche.me/e/9h9h)
Wed, 08 Jan 2020 07:32:19 - INFO - 123TV DB import
Wed, 08 Jan 2020 07:32:24 - INFO - Failed on 123TV DB import at: 2020-01-08_07-20-51, for following calling party: 4941017797182, for agent id: 3067, with error:Invalid XML content received (Start tag expected, '<' not found, line 1, column 1)
Wed, 08 Jan 2020 07:32:55 - INFO - Connect to DB
Wed, 08 Jan 2020 07:32:55 - INFO - TRIZMA DB import
Wed, 08 Jan 2020 07:32:55 - INFO - 123TV DB import
Wed, 08 Jan 2020 07:33:00 - INFO - Failed on 123TV DB import at: 2020-01-08_07-20-51, for following calling party: 49621855335, for agent id: 3067, with error:Invalid XML content received (Start tag expected, '<' not found, line 1, column 1)
Wed, 08 Jan 2020 07:33:20 - INFO - Connect to DB
Wed, 08 Jan 2020 07:33:20 - INFO - TRIZMA DB import
Wed, 08 Jan 2020 07:33:20 - INFO - Failed on TRIZMA DB import at: 2020-01-08_07-20-51, for following calling party: 4935232328986, for agent id: trz_madamovic, with error:(pyodbc.DataError) ('22001', '[22001] [Microsoft][ODBC Driver 17 for SQL Server][SQL Server]String or binary data would be truncated. (8152) (SQLExecDirectW)')
[SQL: insert into records values('CC2Servicenummer','Belgrad','Nicht übermittelt','trz_madamovic',                                  '4935232328986','','Nicht übermittelt','4935232328986_Tuesday, December 31, 2019_9:34:26 AM')]
(Background on this error at: http://sqlalche.me/e/9h9h)
Wed, 08 Jan 2020 07:33:20 - INFO - 123TV DB import
Wed, 08 Jan 2020 07:33:25 - INFO - Failed on 123TV DB import at: 2020-01-08_07-20-51, for following calling party: 4935232328986, for agent id: 3067, with error:Invalid XML content received (Start tag expected, '<' not found, line 1, column 1)
Wed, 08 Jan 2020 07:33:47 - INFO - Connect to DB
Wed, 08 Jan 2020 07:33:47 - INFO - TRIZMA DB import
Wed, 08 Jan 2020 07:33:47 - INFO - 123TV DB import
Wed, 08 Jan 2020 07:33:52 - INFO - Failed on 123TV DB import at: 2020-01-08_07-20-51, for following calling party: 49202730114, for agent id: 3067, with error:Invalid XML content received (Start tag expected, '<' not found, line 1, column 1)
Wed, 08 Jan 2020 07:37:07 - INFO - Connect to DB
Wed, 08 Jan 2020 07:37:07 - INFO - TRIZMA DB import
Wed, 08 Jan 2020 07:37:07 - INFO - Failed on TRIZMA DB import at: 2020-01-08_07-20-51, for following calling party: 493682464337, for agent id: trz_sstankovic, with error:(pyodbc.DataError) ('22001', '[22001] [Microsoft][ODBC Driver 17 for SQL Server][SQL Server]String or binary data would be truncated. (8152) (SQLExecDirectW)')
[SQL: insert into records values('CC2Servicenummer','Belgrad','Nicht übermittelt','trz_sstankovic',                                  '493682464337','','Nicht übermittelt','493682464337_Tuesday, December 31, 2019_10:00:49 AM')]
(Background on this error at: http://sqlalche.me/e/9h9h)
Wed, 08 Jan 2020 07:37:07 - INFO - 123TV DB import
Wed, 08 Jan 2020 07:37:12 - INFO - Failed on 123TV DB import at: 2020-01-08_07-20-51, for following calling party: 493682464337, for agent id: 3046, with error:Invalid XML content received (Start tag expected, '<' not found, line 1, column 1)
Wed, 08 Jan 2020 07:42:05 - INFO - Connect to DB
Wed, 08 Jan 2020 07:42:05 - INFO - TRIZMA DB import
Wed, 08 Jan 2020 07:42:05 - INFO - 123TV DB import
Wed, 08 Jan 2020 07:42:10 - INFO - Failed on 123TV DB import at: 2020-01-08_07-20-51, for following calling party: 491729422379, for agent id: 3060, with error:Invalid XML content received (Start tag expected, '<' not found, line 1, column 1)
Wed, 08 Jan 2020 07:43:18 - INFO - Connect to DB
Wed, 08 Jan 2020 07:43:18 - INFO - TRIZMA DB import
Wed, 08 Jan 2020 07:43:18 - INFO - 123TV DB import
Wed, 08 Jan 2020 07:43:23 - INFO - Failed on 123TV DB import at: 2020-01-08_07-20-51, for following calling party: 4933275745766, for agent id: 3060, with error:Invalid XML content received (Start tag expected, '<' not found, line 1, column 1)
Wed, 08 Jan 2020 07:48:20 - INFO - Connect to DB
Wed, 08 Jan 2020 07:48:20 - INFO - TRIZMA DB import
Wed, 08 Jan 2020 07:48:20 - INFO - 123TV DB import
Wed, 08 Jan 2020 07:48:25 - INFO - Failed on 123TV DB import at: 2020-01-08_07-20-51, for following calling party: 494075680744, for agent id: 3098, with error:Invalid XML content received (Start tag expected, '<' not found, line 1, column 1)
Wed, 08 Jan 2020 07:49:45 - INFO - Connect to DB
Wed, 08 Jan 2020 07:49:45 - INFO - TRIZMA DB import
Wed, 08 Jan 2020 07:49:45 - INFO - Failed on TRIZMA DB import at: 2020-01-08_07-20-51, for following calling party: 4923092019932, for agent id: trz_madamovic, with error:(pyodbc.DataError) ('22001', '[22001] [Microsoft][ODBC Driver 17 for SQL Server][SQL Server]String or binary data would be truncated. (8152) (SQLExecDirectW)')
[SQL: insert into records values('CC2Servicenummer','Belgrad','Nicht übermittelt','trz_madamovic',                                  '4923092019932','','Nicht übermittelt','4923092019932_Tuesday, December 31, 2019_1:18:50 PM')]
(Background on this error at: http://sqlalche.me/e/9h9h)
Wed, 08 Jan 2020 07:49:45 - INFO - 123TV DB import
Wed, 08 Jan 2020 07:49:51 - INFO - Failed on 123TV DB import at: 2020-01-08_07-20-51, for following calling party: 4923092019932, for agent id: 3067, with error:Invalid XML content received (Start tag expected, '<' not found, line 1, column 1)
Wed, 08 Jan 2020 07:54:05 - INFO - Connect to DB
Wed, 08 Jan 2020 07:54:05 - INFO - TRIZMA DB import
Wed, 08 Jan 2020 07:54:05 - INFO - 123TV DB import
Wed, 08 Jan 2020 07:54:11 - INFO - Failed on 123TV DB import at: 2020-01-08_07-20-51, for following calling party: 49561880822, for agent id: 3046, with error:Invalid XML content received (Start tag expected, '<' not found, line 1, column 1)
Wed, 08 Jan 2020 07:54:51 - INFO - Connect to DB
Wed, 08 Jan 2020 07:54:51 - INFO - TRIZMA DB import
Wed, 08 Jan 2020 07:54:51 - INFO - 123TV DB import
Wed, 08 Jan 2020 07:54:56 - INFO - Failed on 123TV DB import at: 2020-01-08_07-20-51, for following calling party: 4927751895, for agent id: 3067, with error:Invalid XML content received (Start tag expected, '<' not found, line 1, column 1)
Wed, 08 Jan 2020 07:54:57 - INFO - Connect to DB
Wed, 08 Jan 2020 07:54:57 - INFO - TRIZMA DB import
Wed, 08 Jan 2020 07:54:57 - INFO - Failed on TRIZMA DB import at: 2020-01-08_07-20-51, for following calling party: 4995151936532, for agent id: trz_madamovic, with error:(pyodbc.DataError) ('22001', '[22001] [Microsoft][ODBC Driver 17 for SQL Server][SQL Server]String or binary data would be truncated. (8152) (SQLExecDirectW)')
[SQL: insert into records values('CC2Servicenummer','Belgrad','Nicht übermittelt','trz_madamovic',                                  '4995151936532','','Nicht übermittelt','4995151936532_Tuesday, December 31, 2019_1:54:33 PM')]
(Background on this error at: http://sqlalche.me/e/9h9h)
Wed, 08 Jan 2020 07:54:57 - INFO - 123TV DB import
Wed, 08 Jan 2020 07:55:02 - INFO - Failed on 123TV DB import at: 2020-01-08_07-20-51, for following calling party: 4995151936532, for agent id: 3067, with error:Invalid XML content received (Start tag expected, '<' not found, line 1, column 1)
Wed, 08 Jan 2020 07:59:11 - INFO - Connect to DB
Wed, 08 Jan 2020 07:59:11 - INFO - TRIZMA DB import
Wed, 08 Jan 2020 07:59:11 - INFO - Failed on TRIZMA DB import at: 2020-01-08_07-20-51, for following calling party: 4915906293853, for agent id: trz_sstankovic, with error:(pyodbc.DataError) ('22001', '[22001] [Microsoft][ODBC Driver 17 for SQL Server][SQL Server]String or binary data would be truncated. (8152) (SQLExecDirectW)')
[SQL: insert into records values('CC2Servicenummer','Belgrad','Nicht übermittelt','trz_sstankovic',                                  '4915906293853','','Nicht übermittelt','4915906293853_Tuesday, December 31, 2019_1:44:07 PM')]
(Background on this error at: http://sqlalche.me/e/9h9h)
Wed, 08 Jan 2020 07:59:11 - INFO - 123TV DB import
Wed, 08 Jan 2020 07:59:16 - INFO - Failed on 123TV DB import at: 2020-01-08_07-20-51, for following calling party: 4915906293853, for agent id: 3046, with error:Invalid XML content received (Start tag expected, '<' not found, line 1, column 1)
Wed, 08 Jan 2020 08:05:49 - INFO - Connect to DB
Wed, 08 Jan 2020 08:05:49 - INFO - TRIZMA DB import
Wed, 08 Jan 2020 08:05:49 - INFO - Failed on TRIZMA DB import at: 2020-01-08_07-20-51, for following calling party: 491735412602, for agent id: trz_madamovic, with error:(pyodbc.DataError) ('22001', '[22001] [Microsoft][ODBC Driver 17 for SQL Server][SQL Server]String or binary data would be truncated. (8152) (SQLExecDirectW)')
[SQL: insert into records values('CC2Servicenummer','Belgrad','Nicht übermittelt','trz_madamovic',                                  '491735412602','','Nicht übermittelt','491735412602_Wednesday, January 01, 2020_3:21:23 PM')]
(Background on this error at: http://sqlalche.me/e/9h9h)
Wed, 08 Jan 2020 08:05:49 - INFO - 123TV DB import
Wed, 08 Jan 2020 08:05:55 - INFO - Failed on 123TV DB import at: 2020-01-08_07-20-51, for following calling party: 491735412602, for agent id: 3067, with error:Invalid XML content received (Start tag expected, '<' not found, line 1, column 1)
Wed, 08 Jan 2020 08:10:03 - INFO - Connect to DB
Wed, 08 Jan 2020 08:10:03 - INFO - TRIZMA DB import
Wed, 08 Jan 2020 08:10:03 - INFO - 123TV DB import
Wed, 08 Jan 2020 08:10:09 - INFO - Failed on 123TV DB import at: 2020-01-08_07-20-51, for following calling party: 493926831960, for agent id: 3046, with error:Invalid XML content received (Start tag expected, '<' not found, line 1, column 1)
Wed, 08 Jan 2020 08:10:09 - INFO - Connect to DB
Wed, 08 Jan 2020 08:10:09 - INFO - TRIZMA DB import
Wed, 08 Jan 2020 08:10:09 - INFO - 123TV DB import
Wed, 08 Jan 2020 08:10:14 - INFO - Failed on 123TV DB import at: 2020-01-08_07-20-51, for following calling party: 49897254138, for agent id: 3046, with error:Invalid XML content received (Start tag expected, '<' not found, line 1, column 1)
Wed, 08 Jan 2020 08:10:35 - INFO - Connect to DB
Wed, 08 Jan 2020 08:10:35 - INFO - TRIZMA DB import
Wed, 08 Jan 2020 08:10:35 - INFO - 123TV DB import
Wed, 08 Jan 2020 08:10:40 - INFO - Failed on 123TV DB import at: 2020-01-08_07-20-51, for following calling party: 491723885031, for agent id: 3046, with error:Invalid XML content received (Start tag expected, '<' not found, line 1, column 1)
Wed, 08 Jan 2020 08:10:41 - INFO - Connect to DB
Wed, 08 Jan 2020 08:10:41 - INFO - TRIZMA DB import
Wed, 08 Jan 2020 08:10:41 - INFO - 123TV DB import
Wed, 08 Jan 2020 08:10:46 - INFO - Failed on 123TV DB import at: 2020-01-08_07-20-51, for following calling party: 49306622063, for agent id: 3046, with error:Invalid XML content received (Start tag expected, '<' not found, line 1, column 1)
Wed, 08 Jan 2020 08:10:47 - INFO - Connect to DB
Wed, 08 Jan 2020 08:10:47 - INFO - TRIZMA DB import
Wed, 08 Jan 2020 08:10:47 - INFO - 123TV DB import
Wed, 08 Jan 2020 08:10:52 - INFO - Failed on 123TV DB import at: 2020-01-08_07-20-51, for following calling party: 49202730114, for agent id: 3098, with error:Invalid XML content received (Start tag expected, '<' not found, line 1, column 1)
Wed, 08 Jan 2020 08:11:12 - INFO - Connect to DB
Wed, 08 Jan 2020 08:11:12 - INFO - TRIZMA DB import
Wed, 08 Jan 2020 08:11:12 - INFO - 123TV DB import
Wed, 08 Jan 2020 08:11:17 - INFO - Failed on 123TV DB import at: 2020-01-08_07-20-51, for following calling party: 4963847372, for agent id: 3098, with error:Invalid XML content received (Start tag expected, '<' not found, line 1, column 1)
Wed, 08 Jan 2020 08:11:18 - INFO - Connect to DB
Wed, 08 Jan 2020 08:11:18 - INFO - TRIZMA DB import
Wed, 08 Jan 2020 08:11:18 - INFO - 123TV DB import
Wed, 08 Jan 2020 08:11:23 - INFO - Failed on 123TV DB import at: 2020-01-08_07-20-51, for following calling party: 493303509365, for agent id: 3098, with error:Invalid XML content received (Start tag expected, '<' not found, line 1, column 1)
Wed, 08 Jan 2020 08:11:31 - INFO - Connect to DB
Wed, 08 Jan 2020 08:11:31 - INFO - TRIZMA DB import
Wed, 08 Jan 2020 08:11:31 - INFO - Failed on TRIZMA DB import at: 2020-01-08_07-20-51, for following calling party: 493457764366, for agent id: trz_madamovic, with error:(pyodbc.DataError) ('22001', '[22001] [Microsoft][ODBC Driver 17 for SQL Server][SQL Server]String or binary data would be truncated. (8152) (SQLExecDirectW)')
[SQL: insert into records values('CC2Servicenummer','Belgrad','Nicht übermittelt','trz_madamovic',                                  '493457764366','','Nicht übermittelt','493457764366_Wednesday, January 01, 2020_7:24:53 PM')]
(Background on this error at: http://sqlalche.me/e/9h9h)
Wed, 08 Jan 2020 08:11:31 - INFO - 123TV DB import
Wed, 08 Jan 2020 08:11:36 - INFO - Failed on 123TV DB import at: 2020-01-08_07-20-51, for following calling party: 493457764366, for agent id: 3067, with error:Invalid XML content received (Start tag expected, '<' not found, line 1, column 1)
Wed, 08 Jan 2020 08:11:57 - INFO - Connect to DB
Wed, 08 Jan 2020 08:11:57 - INFO - TRIZMA DB import
Wed, 08 Jan 2020 08:11:57 - INFO - 123TV DB import
Wed, 08 Jan 2020 08:12:02 - INFO - Failed on 123TV DB import at: 2020-01-08_07-20-51, for following calling party: 493320971974, for agent id: 3067, with error:Invalid XML content received (Start tag expected, '<' not found, line 1, column 1)
Wed, 08 Jan 2020 08:13:41 - INFO - Connect to DB
Wed, 08 Jan 2020 08:13:41 - INFO - TRIZMA DB import
Wed, 08 Jan 2020 08:13:41 - INFO - Failed on TRIZMA DB import at: 2020-01-08_07-20-51, for following calling party: 4915221667256, for agent id: trz_madamovic, with error:(pyodbc.DataError) ('22001', '[22001] [Microsoft][ODBC Driver 17 for SQL Server][SQL Server]String or binary data would be truncated. (8152) (SQLExecDirectW)')
[SQL: insert into records values('CC2Servicenummer','Belgrad','Nicht übermittelt','trz_madamovic',                                  '4915221667256','','Nicht übermittelt','4915221667256_Thursday, January 02, 2020_7:35:49 PM')]
(Background on this error at: http://sqlalche.me/e/9h9h)
Wed, 08 Jan 2020 08:13:41 - INFO - 123TV DB import
Wed, 08 Jan 2020 08:13:46 - INFO - Failed on 123TV DB import at: 2020-01-08_07-20-51, for following calling party: 4915221667256, for agent id: 3067, with error:Invalid XML content received (Start tag expected, '<' not found, line 1, column 1)
Wed, 08 Jan 2020 08:14:11 - INFO - Connect to DB
Wed, 08 Jan 2020 08:14:11 - INFO - TRIZMA DB import
Wed, 08 Jan 2020 08:14:11 - INFO - 123TV DB import
Wed, 08 Jan 2020 08:14:16 - INFO - Failed on 123TV DB import at: 2020-01-08_07-20-51, for following calling party: 49534138483, for agent id: 3067, with error:Invalid XML content received (Start tag expected, '<' not found, line 1, column 1)
Wed, 08 Jan 2020 08:17:50 - INFO - Connect to DB
Wed, 08 Jan 2020 08:17:50 - INFO - TRIZMA DB import
Wed, 08 Jan 2020 08:17:50 - INFO - 123TV DB import
Wed, 08 Jan 2020 08:17:55 - INFO - Failed on 123TV DB import at: 2020-01-08_07-20-51, for following calling party: 491608205634, for agent id: 3046, with error:Invalid XML content received (Start tag expected, '<' not found, line 1, column 1)
Wed, 08 Jan 2020 08:22:24 - INFO - Connect to DB
Wed, 08 Jan 2020 08:22:24 - INFO - TRIZMA DB import
Wed, 08 Jan 2020 08:22:24 - INFO - 123TV DB import
Wed, 08 Jan 2020 08:22:29 - INFO - Failed on 123TV DB import at: 2020-01-08_07-20-51, for following calling party: 4982120716835, for agent id: 3098, with error:Invalid XML content received (Start tag expected, '<' not found, line 1, column 1)
Wed, 08 Jan 2020 08:23:11 - INFO - Connect to DB
Wed, 08 Jan 2020 08:23:11 - INFO - TRIZMA DB import
Wed, 08 Jan 2020 08:23:11 - INFO - Failed on TRIZMA DB import at: 2020-01-08_07-20-51, for following calling party: 4980313044396, for agent id: trz_sstankovic, with error:(pyodbc.DataError) ('22001', '[22001] [Microsoft][ODBC Driver 17 for SQL Server][SQL Server]String or binary data would be truncated. (8152) (SQLExecDirectW)')
[SQL: insert into records values('CC2Servicenummer','Belgrad','Nicht übermittelt','trz_sstankovic',                                  '4980313044396','','Nicht übermittelt','4980313044396_Thursday, January 02, 2020_3:41:17 PM')]
(Background on this error at: http://sqlalche.me/e/9h9h)
Wed, 08 Jan 2020 08:23:11 - INFO - 123TV DB import
Wed, 08 Jan 2020 08:23:16 - INFO - Failed on 123TV DB import at: 2020-01-08_07-20-51, for following calling party: 4980313044396, for agent id: 3046, with error:Invalid XML content received (Start tag expected, '<' not found, line 1, column 1)
Wed, 08 Jan 2020 08:23:42 - INFO - Connect to DB
Wed, 08 Jan 2020 08:23:42 - INFO - TRIZMA DB import
Wed, 08 Jan 2020 08:23:42 - INFO - 123TV DB import
Wed, 08 Jan 2020 08:23:47 - INFO - Failed on 123TV DB import at: 2020-01-08_07-20-51, for following calling party: 4915759164030, for agent id: 3046, with error:Invalid XML content received (Start tag expected, '<' not found, line 1, column 1)
Wed, 08 Jan 2020 08:23:53 - INFO - Connect to DB
Wed, 08 Jan 2020 08:23:53 - INFO - TRIZMA DB import
Wed, 08 Jan 2020 08:23:53 - INFO - 123TV DB import
Wed, 08 Jan 2020 08:23:58 - INFO - Failed on 123TV DB import at: 2020-01-08_07-20-51, for following calling party: 491722548468, for agent id: 3046, with error:Invalid XML content received (Start tag expected, '<' not found, line 1, column 1)
Wed, 08 Jan 2020 08:24:54 - INFO - Connect to DB
Wed, 08 Jan 2020 08:24:54 - INFO - TRIZMA DB import
Wed, 08 Jan 2020 08:24:54 - INFO - 123TV DB import
Wed, 08 Jan 2020 08:24:59 - INFO - Failed on 123TV DB import at: 2020-01-08_07-20-51, for following calling party: 491623535851, for agent id: 3046, with error:Invalid XML content received (Start tag expected, '<' not found, line 1, column 1)
Wed, 08 Jan 2020 08:25:46 - INFO - Connect to DB
Wed, 08 Jan 2020 08:25:46 - INFO - TRIZMA DB import
Wed, 08 Jan 2020 08:25:46 - INFO - 123TV DB import
Wed, 08 Jan 2020 08:25:51 - INFO - Failed on 123TV DB import at: 2020-01-08_07-20-51, for following calling party: 4915223373739, for agent id: 3046, with error:Invalid XML content received (Start tag expected, '<' not found, line 1, column 1)
Wed, 08 Jan 2020 08:26:43 - INFO - Connect to DB
Wed, 08 Jan 2020 08:26:43 - INFO - TRIZMA DB import
Wed, 08 Jan 2020 08:26:43 - INFO - 123TV DB import
Wed, 08 Jan 2020 08:26:48 - INFO - Failed on 123TV DB import at: 2020-01-08_07-20-51, for following calling party: 49635983913, for agent id: 3046, with error:Invalid XML content received (Start tag expected, '<' not found, line 1, column 1)
Wed, 08 Jan 2020 08:27:09 - INFO - Connect to DB
Wed, 08 Jan 2020 08:27:09 - INFO - TRIZMA DB import
Wed, 08 Jan 2020 08:27:09 - INFO - 123TV DB import
Wed, 08 Jan 2020 08:27:14 - INFO - Failed on 123TV DB import at: 2020-01-08_07-20-51, for following calling party: 4965416847, for agent id: 3098, with error:Invalid XML content received (Start tag expected, '<' not found, line 1, column 1)
Wed, 08 Jan 2020 08:27:29 - INFO - Connect to DB
Wed, 08 Jan 2020 08:27:29 - INFO - TRIZMA DB import
Wed, 08 Jan 2020 08:27:29 - INFO - 123TV DB import
Wed, 08 Jan 2020 08:27:34 - INFO - Failed on 123TV DB import at: 2020-01-08_07-20-51, for following calling party: 493774762662, for agent id: 3046, with error:Invalid XML content received (Start tag expected, '<' not found, line 1, column 1)
Wed, 08 Jan 2020 08:27:34 - INFO - Connect to DB
Wed, 08 Jan 2020 08:27:34 - INFO - TRIZMA DB import
Wed, 08 Jan 2020 08:27:34 - INFO - Failed on TRIZMA DB import at: 2020-01-08_07-20-51, for following calling party: 4917696942581, for agent id: trz_sstankovic, with error:(pyodbc.DataError) ('22001', '[22001] [Microsoft][ODBC Driver 17 for SQL Server][SQL Server]String or binary data would be truncated. (8152) (SQLExecDirectW)')
[SQL: insert into records values('CC2Servicenummer','Belgrad','Nicht übermittelt','trz_sstankovic',                                  '4917696942581','','Nicht übermittelt','4917696942581_Saturday, January 04, 2020_8:06:07 AM')]
(Background on this error at: http://sqlalche.me/e/9h9h)
Wed, 08 Jan 2020 08:27:34 - INFO - 123TV DB import
Wed, 08 Jan 2020 08:27:39 - INFO - Failed on 123TV DB import at: 2020-01-08_07-20-51, for following calling party: 4917696942581, for agent id: 3046, with error:Invalid XML content received (Start tag expected, '<' not found, line 1, column 1)
Wed, 08 Jan 2020 08:27:56 - INFO - Connect to DB
Wed, 08 Jan 2020 08:27:56 - INFO - TRIZMA DB import
Wed, 08 Jan 2020 08:27:56 - INFO - 123TV DB import
Wed, 08 Jan 2020 08:28:01 - INFO - Failed on 123TV DB import at: 2020-01-08_07-20-51, for following calling party: 5555551234, for agent id: 3098, with error:Invalid XML content received (Start tag expected, '<' not found, line 1, column 1)
Wed, 08 Jan 2020 08:29:26 - INFO - Connect to DB
Wed, 08 Jan 2020 08:29:26 - INFO - TRIZMA DB import
Wed, 08 Jan 2020 08:29:26 - INFO - 123TV DB import
Wed, 08 Jan 2020 08:29:31 - INFO - Failed on 123TV DB import at: 2020-01-08_07-20-51, for following calling party: 491787252336, for agent id: 3067, with error:Invalid XML content received (Start tag expected, '<' not found, line 1, column 1)
Wed, 08 Jan 2020 08:33:09 - INFO - Connect to DB
Wed, 08 Jan 2020 08:33:09 - INFO - TRIZMA DB import
Wed, 08 Jan 2020 08:33:09 - INFO - Failed on TRIZMA DB import at: 2020-01-08_07-20-51, for following calling party: 4915229040765, for agent id: trz_sstankovic, with error:(pyodbc.DataError) ('22001', '[22001] [Microsoft][ODBC Driver 17 for SQL Server][SQL Server]String or binary data would be truncated. (8152) (SQLExecDirectW)')
[SQL: insert into records values('CC2Servicenummer','Belgrad','Nicht übermittelt','trz_sstankovic',                                  '4915229040765','','Nicht übermittelt','4915229040765_Saturday, January 04, 2020_9:49:10 AM')]
(Background on this error at: http://sqlalche.me/e/9h9h)
Wed, 08 Jan 2020 08:33:09 - INFO - 123TV DB import
Wed, 08 Jan 2020 08:33:14 - INFO - Failed on 123TV DB import at: 2020-01-08_07-20-51, for following calling party: 4915229040765, for agent id: 3046, with error:Invalid XML content received (Start tag expected, '<' not found, line 1, column 1)
Wed, 08 Jan 2020 08:33:30 - INFO - Connect to DB
Wed, 08 Jan 2020 08:33:30 - INFO - TRIZMA DB import
Wed, 08 Jan 2020 08:33:30 - INFO - Failed on TRIZMA DB import at: 2020-01-08_07-20-51, for following calling party: 493384951407, for agent id: trz_sstankovic, with error:(pyodbc.DataError) ('22001', '[22001] [Microsoft][ODBC Driver 17 for SQL Server][SQL Server]String or binary data would be truncated. (8152) (SQLExecDirectW)')
[SQL: insert into records values('CC2Servicenummer','Belgrad','Nicht übermittelt','trz_sstankovic',                                  '493384951407','','Nicht übermittelt','493384951407_Saturday, January 04, 2020_10:18:39 AM')]
(Background on this error at: http://sqlalche.me/e/9h9h)
Wed, 08 Jan 2020 08:33:30 - INFO - 123TV DB import
Wed, 08 Jan 2020 08:33:35 - INFO - Failed on 123TV DB import at: 2020-01-08_07-20-51, for following calling party: 493384951407, for agent id: 3046, with error:Invalid XML content received (Start tag expected, '<' not found, line 1, column 1)
Wed, 08 Jan 2020 08:35:37 - INFO - Connect to DB
Wed, 08 Jan 2020 08:35:37 - INFO - TRIZMA DB import
Wed, 08 Jan 2020 08:35:37 - INFO - 123TV DB import
Wed, 08 Jan 2020 08:35:42 - INFO - Failed on 123TV DB import at: 2020-01-08_07-20-51, for following calling party: 4952736265, for agent id: 3098, with error:Invalid XML content received (Start tag expected, '<' not found, line 1, column 1)
Wed, 08 Jan 2020 08:36:34 - INFO - Connect to DB
Wed, 08 Jan 2020 08:36:34 - INFO - TRIZMA DB import
Wed, 08 Jan 2020 08:36:34 - INFO - 123TV DB import
Wed, 08 Jan 2020 08:36:39 - INFO - Failed on 123TV DB import at: 2020-01-08_07-20-51, for following calling party: 491742406351, for agent id: 3098, with error:Invalid XML content received (Start tag expected, '<' not found, line 1, column 1)
