Fri, 03 Jan 2020 11:18:12 - INFO - Connect to DB
Fri, 03 Jan 2020 11:18:12 - INFO - TRIZMA DB import
Fri, 03 Jan 2020 11:18:12 - INFO - 123TV DB import
Fri, 03 Jan 2020 11:19:15 - INFO - Connect to DB
Fri, 03 Jan 2020 11:19:15 - INFO - TRIZMA DB import
Fri, 03 Jan 2020 11:19:15 - INFO - 123TV DB import
Fri, 03 Jan 2020 11:19:40 - INFO - Connect to DB
Fri, 03 Jan 2020 11:19:40 - INFO - TRIZMA DB import
Fri, 03 Jan 2020 11:19:41 - INFO - 123TV DB import
Fri, 03 Jan 2020 11:20:09 - INFO - Connect to DB
Fri, 03 Jan 2020 11:20:09 - INFO - TRIZMA DB import
Fri, 03 Jan 2020 11:20:09 - INFO - 123TV DB import
Fri, 03 Jan 2020 11:20:58 - INFO - Connect to DB
Fri, 03 Jan 2020 11:20:58 - INFO - TRIZMA DB import
Fri, 03 Jan 2020 11:20:58 - INFO - 123TV DB import
Fri, 03 Jan 2020 11:21:49 - INFO - Connect to DB
Fri, 03 Jan 2020 11:21:49 - INFO - TRIZMA DB import
Fri, 03 Jan 2020 11:21:49 - INFO - Failed on TRIZMA DB import at: 2020-01-03_11-04-35, for following calling party: 4915255261204, for agent id: trz_madamovic, with error:(pyodbc.DataError) ('22001', '[22001] [Microsoft][ODBC Driver 17 for SQL Server][SQL Server]String or binary data would be truncated. (8152) (SQLExecDirectW)')
[SQL: insert into records values('CC2Servicenummer','Belgrad','Nicht 端bermittelt','trz_madamovic',                                  '4915255261204','','Nicht 端bermittelt','4915255261204_Monday, December 30, 2019_12:10:24 PM')]
(Background on this error at: http://sqlalche.me/e/9h9h)
Fri, 03 Jan 2020 11:21:49 - INFO - 123TV DB import
Fri, 03 Jan 2020 11:25:23 - INFO - Connect to DB
Fri, 03 Jan 2020 11:25:23 - INFO - TRIZMA DB import
Fri, 03 Jan 2020 11:25:23 - INFO - 123TV DB import
Fri, 03 Jan 2020 11:27:10 - INFO - Connect to DB
Fri, 03 Jan 2020 11:27:10 - INFO - TRIZMA DB import
Fri, 03 Jan 2020 11:27:10 - INFO - 123TV DB import
Fri, 03 Jan 2020 11:28:04 - INFO - Connect to DB
Fri, 03 Jan 2020 11:28:04 - INFO - TRIZMA DB import
Fri, 03 Jan 2020 11:28:04 - INFO - 123TV DB import
Fri, 03 Jan 2020 11:28:26 - INFO - Connect to DB
Fri, 03 Jan 2020 11:28:26 - INFO - TRIZMA DB import
Fri, 03 Jan 2020 11:28:26 - INFO - 123TV DB import
Fri, 03 Jan 2020 11:29:11 - INFO - Connect to DB
Fri, 03 Jan 2020 11:29:11 - INFO - TRIZMA DB import
Fri, 03 Jan 2020 11:29:11 - INFO - 123TV DB import
Fri, 03 Jan 2020 11:29:26 - INFO - Connect to DB
Fri, 03 Jan 2020 11:29:26 - INFO - TRIZMA DB import
Fri, 03 Jan 2020 11:29:26 - INFO - Failed on TRIZMA DB import at: 2020-01-03_11-04-35, for following calling party: 4923092019932, for agent id: trz_madamovic, with error:(pyodbc.DataError) ('22001', '[22001] [Microsoft][ODBC Driver 17 for SQL Server][SQL Server]String or binary data would be truncated. (8152) (SQLExecDirectW)')
[SQL: insert into records values('CC2Servicenummer','Belgrad','Nicht 端bermittelt','trz_madamovic',                                  '4923092019932','','Nicht 端bermittelt','4923092019932_Tuesday, December 31, 2019_1:18:50 PM')]
(Background on this error at: http://sqlalche.me/e/9h9h)
Fri, 03 Jan 2020 11:29:26 - INFO - 123TV DB import
Fri, 03 Jan 2020 11:31:24 - INFO - Connect to DB
Fri, 03 Jan 2020 11:31:24 - INFO - TRIZMA DB import
Fri, 03 Jan 2020 11:31:24 - INFO - 123TV DB import
