Fri, 10 Jan 2020 12:03:13 - INFO - Connect to DB
Fri, 10 Jan 2020 12:03:13 - INFO - TRIZMA DB import
Fri, 10 Jan 2020 12:03:13 - INFO - 123TV DB import
Fri, 10 Jan 2020 12:03:50 - INFO - Connect to DB
Fri, 10 Jan 2020 12:03:50 - INFO - TRIZMA DB import
Fri, 10 Jan 2020 12:03:50 - INFO - 123TV DB import
Fri, 10 Jan 2020 12:04:00 - INFO - Connect to DB
Fri, 10 Jan 2020 12:04:00 - INFO - TRIZMA DB import
Fri, 10 Jan 2020 12:04:00 - INFO - 123TV DB import
Fri, 10 Jan 2020 12:05:15 - INFO - Connect to DB
Fri, 10 Jan 2020 12:05:15 - INFO - TRIZMA DB import
Fri, 10 Jan 2020 12:05:15 - INFO - Failed on TRIZMA DB import at: 2020-01-10_12-00-46, for following calling party: 493457764366, for agent id: trz_madamovic, with error:(pyodbc.DataError) ('22001', '[22001] [Microsoft][ODBC Driver 17 for SQL Server][SQL Server]String or binary data would be truncated. (8152) (SQLExecDirectW)')
[SQL: insert into records values('CC2Servicenummer','Belgrad','Nicht übermittelt','trz_madamovic',                                  '493457764366','','Nicht übermittelt','493457764366_Wednesday, January 08, 2020_11:37:22 AM')]
(Background on this error at: http://sqlalche.me/e/9h9h)
Fri, 10 Jan 2020 12:05:15 - INFO - 123TV DB import
Fri, 10 Jan 2020 12:14:14 - INFO - Connect to DB
Fri, 10 Jan 2020 12:14:14 - INFO - TRIZMA DB import
Fri, 10 Jan 2020 12:14:15 - INFO - Failed on TRIZMA DB import at: 2020-01-10_12-00-46, for following calling party: 493571915806, for agent id: trz_madamovic, with error:(pyodbc.DataError) ('22001', '[22001] [Microsoft][ODBC Driver 17 for SQL Server][SQL Server]String or binary data would be truncated. (8152) (SQLExecDirectW)')
[SQL: insert into records values('CC2Servicenummer','Belgrad','Nicht übermittelt','trz_madamovic',                                  '493571915806','','Nicht übermittelt','493571915806_Wednesday, January 08, 2020_1:35:17 PM')]
(Background on this error at: http://sqlalche.me/e/9h9h)
Fri, 10 Jan 2020 12:14:15 - INFO - 123TV DB import
Fri, 10 Jan 2020 12:19:48 - INFO - Connect to DB
Fri, 10 Jan 2020 12:19:48 - INFO - TRIZMA DB import
Fri, 10 Jan 2020 12:19:48 - INFO - 123TV DB import
Fri, 10 Jan 2020 12:19:59 - INFO - Connect to DB
Fri, 10 Jan 2020 12:19:59 - INFO - TRIZMA DB import
Fri, 10 Jan 2020 12:19:59 - INFO - Failed on TRIZMA DB import at: 2020-01-10_12-00-46, for following calling party: 491715814294, for agent id: trz_madamovic, with error:(pyodbc.DataError) ('22001', '[22001] [Microsoft][ODBC Driver 17 for SQL Server][SQL Server]String or binary data would be truncated. (8152) (SQLExecDirectW)')
[SQL: insert into records values('CC2Servicenummer','Belgrad','Nicht übermittelt','trz_madamovic',                                  '491715814294','','Nicht übermittelt','491715814294_Wednesday, January 08, 2020_3:51:08 PM')]
(Background on this error at: http://sqlalche.me/e/9h9h)
Fri, 10 Jan 2020 12:19:59 - INFO - 123TV DB import
Fri, 10 Jan 2020 12:20:14 - INFO - Connect to DB
Fri, 10 Jan 2020 12:20:14 - INFO - TRIZMA DB import
Fri, 10 Jan 2020 12:20:14 - INFO - 123TV DB import
