Mon, 20 Jan 2020 10:16:35 - INFO - Connect to DB
Mon, 20 Jan 2020 10:16:35 - INFO - TRIZMA DB import
Mon, 20 Jan 2020 10:16:35 - INFO - 123TV DB import
Mon, 20 Jan 2020 10:16:41 - INFO - Connect to DB
Mon, 20 Jan 2020 10:16:41 - INFO - TRIZMA DB import
Mon, 20 Jan 2020 10:16:41 - INFO - 123TV DB import
Mon, 20 Jan 2020 10:17:46 - INFO - Connect to DB
Mon, 20 Jan 2020 10:17:46 - INFO - TRIZMA DB import
Mon, 20 Jan 2020 10:17:46 - INFO - 123TV DB import
Mon, 20 Jan 2020 10:18:06 - INFO - Connect to DB
Mon, 20 Jan 2020 10:18:06 - INFO - TRIZMA DB import
Mon, 20 Jan 2020 10:18:07 - INFO - 123TV DB import
Mon, 20 Jan 2020 10:24:11 - INFO - Connect to DB
Mon, 20 Jan 2020 10:24:11 - INFO - TRIZMA DB import
Mon, 20 Jan 2020 10:24:11 - INFO - Failed on TRIZMA DB import at: 2020-01-20_10-15-43, for following calling party: 4927642619321, for agent id: trz_bmaksimovic, with error:(pyodbc.DataError) ('22001', '[22001] [Microsoft][ODBC Driver 17 for SQL Server][SQL Server]String or binary data would be truncated. (8152) (SQLExecDirectW)')
[SQL: insert into records values('CC2Servicenummer','Belgrad','Nicht übermittelt','trz_bmaksimovic',                                 '4927642619321','','Nicht übermittelt','4927642619321_Thursday, January 16, 2020_1:25:16 PM','BOR_MAKSIM')]
(Background on this error at: http://sqlalche.me/e/9h9h)
Mon, 20 Jan 2020 10:24:11 - INFO - 123TV DB import
Mon, 20 Jan 2020 10:24:17 - INFO - Connect to DB
Mon, 20 Jan 2020 10:24:17 - INFO - TRIZMA DB import
Mon, 20 Jan 2020 10:24:17 - INFO - 123TV DB import
Mon, 20 Jan 2020 10:25:33 - INFO - Connect to DB
Mon, 20 Jan 2020 10:25:33 - INFO - TRIZMA DB import
Mon, 20 Jan 2020 10:25:34 - INFO - 123TV DB import
