Sat, 18 Jan 2020 11:30:46 - INFO - Connect to DB
Sat, 18 Jan 2020 11:30:46 - INFO - TRIZMA DB import
Sat, 18 Jan 2020 11:30:46 - INFO - 123TV DB import
Sat, 18 Jan 2020 11:31:08 - INFO - Connect to DB
Sat, 18 Jan 2020 11:31:08 - INFO - TRIZMA DB import
Sat, 18 Jan 2020 11:31:08 - INFO - 123TV DB import
Sat, 18 Jan 2020 11:31:14 - INFO - Connect to DB
Sat, 18 Jan 2020 11:31:14 - INFO - TRIZMA DB import
Sat, 18 Jan 2020 11:31:14 - INFO - 123TV DB import
Sat, 18 Jan 2020 11:32:10 - INFO - Connect to DB
Sat, 18 Jan 2020 11:32:10 - INFO - TRIZMA DB import
Sat, 18 Jan 2020 11:32:11 - INFO - 123TV DB import
Sat, 18 Jan 2020 11:32:44 - INFO - Connect to DB
Sat, 18 Jan 2020 11:32:44 - INFO - TRIZMA DB import
Sat, 18 Jan 2020 11:32:44 - INFO - 123TV DB import
Sat, 18 Jan 2020 11:33:11 - INFO - Connect to DB
Sat, 18 Jan 2020 11:33:11 - INFO - TRIZMA DB import
Sat, 18 Jan 2020 11:33:11 - INFO - 123TV DB import
Sat, 18 Jan 2020 11:33:17 - INFO - Connect to DB
Sat, 18 Jan 2020 11:33:17 - INFO - TRIZMA DB import
Sat, 18 Jan 2020 11:33:17 - INFO - 123TV DB import
Sat, 18 Jan 2020 11:33:39 - INFO - Connect to DB
Sat, 18 Jan 2020 11:33:39 - INFO - TRIZMA DB import
Sat, 18 Jan 2020 11:33:39 - INFO - 123TV DB import
Sat, 18 Jan 2020 11:33:45 - INFO - Connect to DB
Sat, 18 Jan 2020 11:33:45 - INFO - TRIZMA DB import
Sat, 18 Jan 2020 11:33:45 - INFO - 123TV DB import
Sat, 18 Jan 2020 11:33:50 - INFO - Connect to DB
Sat, 18 Jan 2020 11:33:50 - INFO - TRIZMA DB import
Sat, 18 Jan 2020 11:33:50 - INFO - 123TV DB import
Sat, 18 Jan 2020 11:34:24 - INFO - Connect to DB
Sat, 18 Jan 2020 11:34:24 - INFO - TRIZMA DB import
Sat, 18 Jan 2020 11:34:24 - INFO - 123TV DB import
Sat, 18 Jan 2020 11:34:30 - INFO - Connect to DB
Sat, 18 Jan 2020 11:34:30 - INFO - TRIZMA DB import
Sat, 18 Jan 2020 11:34:30 - INFO - 123TV DB import
Sat, 18 Jan 2020 11:35:13 - INFO - Connect to DB
Sat, 18 Jan 2020 11:35:13 - INFO - TRIZMA DB import
Sat, 18 Jan 2020 11:35:13 - INFO - Failed on TRIZMA DB import at: 2020-01-18_11-27-38, for following calling party: 4917630771978, for agent id: trz_madamovic, with error:(pyodbc.DataError) ('22001', '[22001] [Microsoft][ODBC Driver 17 for SQL Server][SQL Server]String or binary data would be truncated. (8152) (SQLExecDirectW)')
[SQL: insert into records values('CC2Servicenummer','Belgrad','Nicht übermittelt','trz_madamovic',                                 '4917630771978','','Nicht übermittelt','4917630771978_Wednesday, January 15, 2020_4:04:02 PM','MIL_ADAMOV')]
(Background on this error at: http://sqlalche.me/e/9h9h)
Sat, 18 Jan 2020 11:35:13 - INFO - 123TV DB import
Sat, 18 Jan 2020 11:40:54 - INFO - Connect to DB
Sat, 18 Jan 2020 11:40:54 - INFO - TRIZMA DB import
Sat, 18 Jan 2020 11:40:54 - INFO - 123TV DB import
Sat, 18 Jan 2020 11:41:18 - INFO - Connect to DB
Sat, 18 Jan 2020 11:41:18 - INFO - TRIZMA DB import
Sat, 18 Jan 2020 11:41:18 - INFO - 123TV DB import
