Mon, 06 Jan 2020 08:03:45 - INFO - Connect to DB
Mon, 06 Jan 2020 08:03:46 - INFO - TRIZMA DB import
Mon, 06 Jan 2020 08:03:46 - INFO - 123TV DB import
Mon, 06 Jan 2020 08:04:27 - INFO - Connect to DB
Mon, 06 Jan 2020 08:04:27 - INFO - TRIZMA DB import
Mon, 06 Jan 2020 08:04:27 - INFO - 123TV DB import
Mon, 06 Jan 2020 08:07:06 - INFO - Connect to DB
Mon, 06 Jan 2020 08:07:06 - INFO - TRIZMA DB import
Mon, 06 Jan 2020 08:07:06 - INFO - 123TV DB import
Mon, 06 Jan 2020 08:12:52 - INFO - Connect to DB
Mon, 06 Jan 2020 08:12:52 - INFO - TRIZMA DB import
Mon, 06 Jan 2020 08:12:52 - INFO - 123TV DB import
Mon, 06 Jan 2020 08:13:52 - INFO - Connect to DB
Mon, 06 Jan 2020 08:13:52 - INFO - TRIZMA DB import
Mon, 06 Jan 2020 08:13:52 - INFO - 123TV DB import
Mon, 06 Jan 2020 08:14:58 - INFO - Connect to DB
Mon, 06 Jan 2020 08:14:58 - INFO - TRIZMA DB import
Mon, 06 Jan 2020 08:14:58 - INFO - 123TV DB import
Mon, 06 Jan 2020 08:15:49 - INFO - Connect to DB
Mon, 06 Jan 2020 08:15:49 - INFO - TRIZMA DB import
Mon, 06 Jan 2020 08:15:49 - INFO - 123TV DB import
Mon, 06 Jan 2020 08:16:11 - INFO - Connect to DB
Mon, 06 Jan 2020 08:16:11 - INFO - TRIZMA DB import
Mon, 06 Jan 2020 08:16:11 - INFO - 123TV DB import
Mon, 06 Jan 2020 08:19:14 - INFO - Connect to DB
Mon, 06 Jan 2020 08:19:14 - INFO - TRIZMA DB import
Mon, 06 Jan 2020 08:19:14 - INFO - 123TV DB import
Mon, 06 Jan 2020 08:19:59 - INFO - Connect to DB
Mon, 06 Jan 2020 08:19:59 - INFO - TRIZMA DB import
Mon, 06 Jan 2020 08:19:59 - INFO - 123TV DB import
Mon, 06 Jan 2020 08:20:39 - INFO - Connect to DB
Mon, 06 Jan 2020 08:20:39 - INFO - TRIZMA DB import
Mon, 06 Jan 2020 08:20:39 - INFO - 123TV DB import
Mon, 06 Jan 2020 08:20:51 - INFO - Connect to DB
Mon, 06 Jan 2020 08:20:51 - INFO - TRIZMA DB import
Mon, 06 Jan 2020 08:20:51 - INFO - 123TV DB import
Mon, 06 Jan 2020 08:21:53 - INFO - Connect to DB
Mon, 06 Jan 2020 08:21:54 - INFO - TRIZMA DB import
Mon, 06 Jan 2020 08:21:54 - INFO - 123TV DB import
Mon, 06 Jan 2020 08:22:44 - INFO - Connect to DB
Mon, 06 Jan 2020 08:22:44 - INFO - TRIZMA DB import
Mon, 06 Jan 2020 08:22:44 - INFO - 123TV DB import
Mon, 06 Jan 2020 08:27:19 - INFO - Connect to DB
Mon, 06 Jan 2020 08:27:19 - INFO - TRIZMA DB import
Mon, 06 Jan 2020 08:27:19 - INFO - 123TV DB import
Mon, 06 Jan 2020 08:27:25 - INFO - Connect to DB
Mon, 06 Jan 2020 08:27:25 - INFO - TRIZMA DB import
Mon, 06 Jan 2020 08:27:25 - INFO - 123TV DB import
Mon, 06 Jan 2020 08:28:13 - INFO - Connect to DB
Mon, 06 Jan 2020 08:28:13 - INFO - TRIZMA DB import
Mon, 06 Jan 2020 08:28:13 - INFO - 123TV DB import
Mon, 06 Jan 2020 08:29:10 - INFO - Connect to DB
Mon, 06 Jan 2020 08:29:10 - INFO - TRIZMA DB import
Mon, 06 Jan 2020 08:29:10 - INFO - 123TV DB import
Mon, 06 Jan 2020 08:29:16 - INFO - Connect to DB
Mon, 06 Jan 2020 08:29:16 - INFO - TRIZMA DB import
Mon, 06 Jan 2020 08:29:16 - INFO - 123TV DB import
Mon, 06 Jan 2020 08:34:41 - INFO - Connect to DB
Mon, 06 Jan 2020 08:34:41 - INFO - TRIZMA DB import
Mon, 06 Jan 2020 08:34:41 - INFO - 123TV DB import
Mon, 06 Jan 2020 08:35:31 - INFO - Connect to DB
Mon, 06 Jan 2020 08:35:31 - INFO - TRIZMA DB import
Mon, 06 Jan 2020 08:35:31 - INFO - 123TV DB import
Mon, 06 Jan 2020 08:36:30 - INFO - Connect to DB
Mon, 06 Jan 2020 08:36:30 - INFO - TRIZMA DB import
Mon, 06 Jan 2020 08:36:30 - INFO - 123TV DB import
Mon, 06 Jan 2020 08:37:20 - INFO - Connect to DB
Mon, 06 Jan 2020 08:37:20 - INFO - TRIZMA DB import
Mon, 06 Jan 2020 08:37:20 - INFO - 123TV DB import
Mon, 06 Jan 2020 08:39:53 - INFO - Connect to DB
Mon, 06 Jan 2020 08:39:53 - INFO - TRIZMA DB import
Mon, 06 Jan 2020 08:39:53 - INFO - 123TV DB import
Mon, 06 Jan 2020 08:42:33 - INFO - Connect to DB
Mon, 06 Jan 2020 08:42:33 - INFO - TRIZMA DB import
Mon, 06 Jan 2020 08:42:33 - INFO - 123TV DB import
Mon, 06 Jan 2020 08:46:10 - INFO - Connect to DB
Mon, 06 Jan 2020 08:46:10 - INFO - TRIZMA DB import
Mon, 06 Jan 2020 08:46:10 - INFO - Failed on TRIZMA DB import at: 2020-01-06_08-02-15, for following calling party: 4917655936571, for agent id: trz_sstankovic, with error:(pyodbc.DataError) ('22001', '[22001] [Microsoft][ODBC Driver 17 for SQL Server][SQL Server]String or binary data would be truncated. (8152) (SQLExecDirectW)')
[SQL: insert into records values('CC2Servicenummer','Belgrad','Nicht 端bermittelt','trz_sstankovic',                                  '4917655936571','','Nicht 端bermittelt','4917655936571_Saturday, January 04, 2020_2:08:10 PM')]
(Background on this error at: http://sqlalche.me/e/9h9h)
Mon, 06 Jan 2020 08:46:10 - INFO - 123TV DB import
Mon, 06 Jan 2020 08:47:00 - INFO - Connect to DB
Mon, 06 Jan 2020 08:47:00 - INFO - TRIZMA DB import
Mon, 06 Jan 2020 08:47:00 - INFO - Failed on TRIZMA DB import at: 2020-01-06_08-02-15, for following calling party: 4915786842201, for agent id: trz_sstankovic, with error:(pyodbc.DataError) ('22001', '[22001] [Microsoft][ODBC Driver 17 for SQL Server][SQL Server]String or binary data would be truncated. (8152) (SQLExecDirectW)')
[SQL: insert into records values('CC2Servicenummer','Belgrad','Nicht 端bermittelt','trz_sstankovic',                                  '4915786842201','','Nicht 端bermittelt','4915786842201_Saturday, January 04, 2020_3:47:02 PM')]
(Background on this error at: http://sqlalche.me/e/9h9h)
Mon, 06 Jan 2020 08:47:00 - INFO - 123TV DB import
Mon, 06 Jan 2020 08:48:07 - INFO - Connect to DB
Mon, 06 Jan 2020 08:48:07 - INFO - TRIZMA DB import
Mon, 06 Jan 2020 08:48:07 - INFO - 123TV DB import
Mon, 06 Jan 2020 08:50:41 - INFO - Connect to DB
Mon, 06 Jan 2020 08:50:41 - INFO - TRIZMA DB import
Mon, 06 Jan 2020 08:50:41 - INFO - 123TV DB import
Mon, 06 Jan 2020 08:52:41 - INFO - Connect to DB
Mon, 06 Jan 2020 08:52:41 - INFO - TRIZMA DB import
Mon, 06 Jan 2020 08:52:41 - INFO - 123TV DB import
Mon, 06 Jan 2020 08:54:26 - INFO - Connect to DB
Mon, 06 Jan 2020 08:54:26 - INFO - TRIZMA DB import
Mon, 06 Jan 2020 08:54:26 - INFO - 123TV DB import
