Tue, 21 Jan 2020 10:15:26 - INFO - Connect to DB
Tue, 21 Jan 2020 10:15:26 - INFO - TRIZMA DB import
Tue, 21 Jan 2020 10:15:26 - INFO - 123TV DB import
Tue, 21 Jan 2020 10:25:47 - INFO - Connect to DB
Tue, 21 Jan 2020 10:25:47 - INFO - TRIZMA DB import
Tue, 21 Jan 2020 10:25:47 - INFO - 123TV DB import
Tue, 21 Jan 2020 10:26:10 - INFO - Connect to DB
Tue, 21 Jan 2020 10:26:10 - INFO - TRIZMA DB import
Tue, 21 Jan 2020 10:26:10 - INFO - 123TV DB import
Tue, 21 Jan 2020 10:26:22 - INFO - Connect to DB
Tue, 21 Jan 2020 10:26:22 - INFO - TRIZMA DB import
Tue, 21 Jan 2020 10:26:23 - INFO - 123TV DB import
Tue, 21 Jan 2020 10:28:15 - INFO - Connect to DB
Tue, 21 Jan 2020 10:28:15 - INFO - TRIZMA DB import
Tue, 21 Jan 2020 10:28:15 - INFO - Failed on TRIZMA DB import at: 2020-01-21_10-11-32, for following calling party: 4939291817024, for agent id: trz_sstankovic, with error:(pyodbc.DataError) ('22001', '[22001] [Microsoft][ODBC Driver 17 for SQL Server][SQL Server]String or binary data would be truncated. (8152) (SQLExecDirectW)')
[SQL: insert into records values('CC2Servicenummer','Belgrad','Nicht 端bermittelt','trz_sstankovic',                                 '4939291817024','','Nicht 端bermittelt','4939291817024_Tuesday, January 21, 2020_11:28:13 AM','SAR_STANKO')]
(Background on this error at: http://sqlalche.me/e/9h9h)
Tue, 21 Jan 2020 10:28:15 - INFO - 123TV DB import
Tue, 21 Jan 2020 10:31:41 - INFO - Connect to DB
Tue, 21 Jan 2020 10:31:41 - INFO - TRIZMA DB import
Tue, 21 Jan 2020 10:31:41 - INFO - 123TV DB import
Tue, 21 Jan 2020 10:33:34 - INFO - Connect to DB
Tue, 21 Jan 2020 10:33:34 - INFO - TRIZMA DB import
Tue, 21 Jan 2020 10:33:34 - INFO - Failed on TRIZMA DB import at: 2020-01-21_10-11-32, for following calling party: 4938539484668, for agent id: trz_bmaksimovic, with error:(pyodbc.DataError) ('22001', '[22001] [Microsoft][ODBC Driver 17 for SQL Server][SQL Server]String or binary data would be truncated. (8152) (SQLExecDirectW)')
[SQL: insert into records values('CC2Servicenummer','Belgrad','Nicht 端bermittelt','trz_bmaksimovic',                                 '4938539484668','','Nicht 端bermittelt','4938539484668_Tuesday, January 21, 2020_11:33:33 AM','BOR_MAKSIM')]
(Background on this error at: http://sqlalche.me/e/9h9h)
Tue, 21 Jan 2020 10:33:34 - INFO - 123TV DB import
Tue, 21 Jan 2020 10:33:50 - INFO - Connect to DB
Tue, 21 Jan 2020 10:33:50 - INFO - TRIZMA DB import
Tue, 21 Jan 2020 10:33:50 - INFO - 123TV DB import
Tue, 21 Jan 2020 10:34:26 - INFO - Connect to DB
Tue, 21 Jan 2020 10:34:26 - INFO - TRIZMA DB import
Tue, 21 Jan 2020 10:34:26 - INFO - 123TV DB import
