Sat, 11 Jan 2020 09:09:47 - INFO - Connect to DB
Sat, 11 Jan 2020 09:09:48 - INFO - TRIZMA DB import
Sat, 11 Jan 2020 09:09:48 - INFO - 123TV DB import
Sat, 11 Jan 2020 09:09:53 - INFO - Failed on 123TV DB import at: 2020-01-11_09-09-32, for following calling party: 49240461897, for agent id: 3155, with error:Missing element acd_id (importCallMetaData.acd_id)
Sat, 11 Jan 2020 09:12:46 - INFO - Connect to DB
Sat, 11 Jan 2020 09:12:46 - INFO - TRIZMA DB import
Sat, 11 Jan 2020 09:12:47 - INFO - Failed on TRIZMA DB import at: 2020-01-11_09-09-32, for following calling party: 4938412430150, for agent id: trz_sstankovic, with error:(pyodbc.DataError) ('22001', '[22001] [Microsoft][ODBC Driver 17 for SQL Server][SQL Server]String or binary data would be truncated. (8152) (SQLExecDirectW)')
[SQL: insert into records values('CC2Servicenummer','Belgrad','Nicht übermittelt','trz_sstankovic',                                  '4938412430150','','Nicht übermittelt','4938412430150_Saturday, January 04, 2020_10:43:02 AM')]
(Background on this error at: http://sqlalche.me/e/9h9h)
Sat, 11 Jan 2020 09:12:47 - INFO - 123TV DB import
Sat, 11 Jan 2020 09:12:52 - INFO - Failed on 123TV DB import at: 2020-01-11_09-09-32, for following calling party: 4938412430150, for agent id: 3046, with error:Missing element acd_id (importCallMetaData.acd_id)
Sat, 11 Jan 2020 09:18:33 - INFO - Connect to DB
Sat, 11 Jan 2020 09:18:33 - INFO - TRIZMA DB import
Sat, 11 Jan 2020 09:18:33 - INFO - Failed on TRIZMA DB import at: 2020-01-11_09-09-32, for following calling party: 496131385252, for agent id: trz_sstankovic, with error:(pyodbc.DataError) ('22001', '[22001] [Microsoft][ODBC Driver 17 for SQL Server][SQL Server]String or binary data would be truncated. (8152) (SQLExecDirectW)')
[SQL: insert into records values('CC2Servicenummer','Belgrad','Nicht übermittelt','trz_sstankovic',                                  '496131385252','','Nicht übermittelt','496131385252_Saturday, January 04, 2020_12:42:34 PM')]
(Background on this error at: http://sqlalche.me/e/9h9h)
Sat, 11 Jan 2020 09:18:33 - INFO - 123TV DB import
Sat, 11 Jan 2020 09:18:38 - INFO - Failed on 123TV DB import at: 2020-01-11_09-09-32, for following calling party: 496131385252, for agent id: 3046, with error:Missing element acd_id (importCallMetaData.acd_id)
Sat, 11 Jan 2020 09:20:56 - INFO - Connect to DB
Sat, 11 Jan 2020 09:20:56 - INFO - TRIZMA DB import
Sat, 11 Jan 2020 09:20:56 - INFO - 123TV DB import
Sat, 11 Jan 2020 09:21:01 - INFO - Failed on 123TV DB import at: 2020-01-11_09-09-32, for following calling party: 4984159085, for agent id: 3019, with error:Missing element acd_id (importCallMetaData.acd_id)
Sat, 11 Jan 2020 09:21:33 - INFO - Connect to DB
Sat, 11 Jan 2020 09:21:33 - INFO - TRIZMA DB import
Sat, 11 Jan 2020 09:21:33 - INFO - Failed on TRIZMA DB import at: 2020-01-11_09-09-32, for following calling party: 491789729845, for agent id: trz_mglisic, with error:(pyodbc.DataError) ('22001', '[22001] [Microsoft][ODBC Driver 17 for SQL Server][SQL Server]String or binary data would be truncated. (8152) (SQLExecDirectW)')
[SQL: insert into records values('CC2Servicenummer','Belgrad','Nicht übermittelt','trz_mglisic',                                  '491789729845','','Nicht übermittelt','491789729845_Saturday, January 11, 2020_10:21:23 AM')]
(Background on this error at: http://sqlalche.me/e/9h9h)
Sat, 11 Jan 2020 09:21:33 - INFO - 123TV DB import
Sat, 11 Jan 2020 09:21:38 - INFO - Failed on 123TV DB import at: 2020-01-11_09-09-32, for following calling party: 491789729845, for agent id: 3117, with error:Missing element acd_id (importCallMetaData.acd_id)
Sat, 11 Jan 2020 09:24:42 - INFO - Connect to DB
Sat, 11 Jan 2020 09:24:42 - INFO - TRIZMA DB import
Sat, 11 Jan 2020 09:24:42 - INFO - 123TV DB import
Sat, 11 Jan 2020 09:24:47 - INFO - Failed on 123TV DB import at: 2020-01-11_09-09-32, for following calling party: 49308053632, for agent id: 3155, with error:Missing element acd_id (importCallMetaData.acd_id)
Sat, 11 Jan 2020 09:26:55 - INFO - Connect to DB
Sat, 11 Jan 2020 09:26:55 - INFO - TRIZMA DB import
Sat, 11 Jan 2020 09:26:55 - INFO - 123TV DB import
Sat, 11 Jan 2020 09:27:00 - INFO - Failed on 123TV DB import at: 2020-01-11_09-09-32, for following calling party: 496331230999, for agent id: 3046, with error:Missing element acd_id (importCallMetaData.acd_id)
Sat, 11 Jan 2020 09:27:01 - INFO - Connect to DB
Sat, 11 Jan 2020 09:27:01 - INFO - TRIZMA DB import
Sat, 11 Jan 2020 09:27:01 - INFO - Failed on TRIZMA DB import at: 2020-01-11_09-09-32, for following calling party: 4917623964688, for agent id: trz_sstankovic, with error:(pyodbc.DataError) ('22001', '[22001] [Microsoft][ODBC Driver 17 for SQL Server][SQL Server]String or binary data would be truncated. (8152) (SQLExecDirectW)')
[SQL: insert into records values('CC2Servicenummer','Belgrad','Nicht übermittelt','trz_sstankovic',                                  '4917623964688','','Nicht übermittelt','4917623964688_Saturday, January 04, 2020_2:51:33 PM')]
(Background on this error at: http://sqlalche.me/e/9h9h)
Sat, 11 Jan 2020 09:27:01 - INFO - 123TV DB import
Sat, 11 Jan 2020 09:27:06 - INFO - Failed on 123TV DB import at: 2020-01-11_09-09-32, for following calling party: 4917623964688, for agent id: 3046, with error:Missing element acd_id (importCallMetaData.acd_id)
