Tue, 21 Jan 2020 10:56:01 - INFO - Connect to DB
Tue, 21 Jan 2020 10:56:01 - INFO - TRIZMA DB import
Tue, 21 Jan 2020 10:56:01 - INFO - 123TV DB import
Tue, 21 Jan 2020 10:56:57 - INFO - Connect to DB
Tue, 21 Jan 2020 10:56:57 - INFO - TRIZMA DB import
Tue, 21 Jan 2020 10:56:57 - INFO - 123TV DB import
Tue, 21 Jan 2020 10:58:05 - INFO - Connect to DB
Tue, 21 Jan 2020 10:58:05 - INFO - TRIZMA DB import
Tue, 21 Jan 2020 10:58:05 - INFO - 123TV DB import
Tue, 21 Jan 2020 10:58:13 - INFO - Connect to DB
Tue, 21 Jan 2020 10:58:13 - INFO - TRIZMA DB import
Tue, 21 Jan 2020 10:58:13 - INFO - 123TV DB import
Tue, 21 Jan 2020 10:59:47 - INFO - Connect to DB
Tue, 21 Jan 2020 10:59:47 - INFO - TRIZMA DB import
Tue, 21 Jan 2020 10:59:47 - INFO - 123TV DB import
Tue, 21 Jan 2020 11:04:44 - INFO - Connect to DB
Tue, 21 Jan 2020 11:04:44 - INFO - TRIZMA DB import
Tue, 21 Jan 2020 11:04:44 - INFO - 123TV DB import
Tue, 21 Jan 2020 11:05:41 - INFO - Connect to DB
Tue, 21 Jan 2020 11:05:42 - INFO - TRIZMA DB import
Tue, 21 Jan 2020 11:05:42 - INFO - Failed on TRIZMA DB import at: 2020-01-21_10-51-10, for following calling party: 493054591525, for agent id: trz_asilni, with error:(pyodbc.DataError) ('22001', '[22001] [Microsoft][ODBC Driver 17 for SQL Server][SQL Server]String or binary data would be truncated. (8152) (SQLExecDirectW)')
[SQL: insert into records values('CC2Servicenummer','Belgrad','Nicht übermittelt','trz_asilni',                                 '493054591525','','Nicht übermittelt','493054591525_Wednesday, January 15, 2020_5:26:09 PM','ANA_SILNI')]
(Background on this error at: http://sqlalche.me/e/9h9h)
Tue, 21 Jan 2020 11:05:42 - INFO - 123TV DB import
Tue, 21 Jan 2020 11:13:49 - INFO - Connect to DB
Tue, 21 Jan 2020 11:13:49 - INFO - TRIZMA DB import
Tue, 21 Jan 2020 11:13:49 - INFO - 123TV DB import
Tue, 21 Jan 2020 11:16:16 - INFO - Connect to DB
Tue, 21 Jan 2020 11:16:16 - INFO - TRIZMA DB import
Tue, 21 Jan 2020 11:16:16 - INFO - Failed on TRIZMA DB import at: 2020-01-21_10-51-10, for following calling party: 4939485667322, for agent id: trz_asilni, with error:(pyodbc.DataError) ('22001', '[22001] [Microsoft][ODBC Driver 17 for SQL Server][SQL Server]String or binary data would be truncated. (8152) (SQLExecDirectW)')
[SQL: insert into records values('CC2Servicenummer','Belgrad','Nicht übermittelt','trz_asilni',                                 '4939485667322','','Nicht übermittelt','4939485667322_Wednesday, January 15, 2020_7:21:40 PM','ANA_SILNI')]
(Background on this error at: http://sqlalche.me/e/9h9h)
Tue, 21 Jan 2020 11:16:16 - INFO - 123TV DB import
Tue, 21 Jan 2020 11:16:51 - INFO - Connect to DB
Tue, 21 Jan 2020 11:16:51 - INFO - TRIZMA DB import
Tue, 21 Jan 2020 11:16:51 - INFO - 123TV DB import
Tue, 21 Jan 2020 11:17:24 - INFO - Connect to DB
Tue, 21 Jan 2020 11:17:24 - INFO - TRIZMA DB import
Tue, 21 Jan 2020 11:17:24 - INFO - 123TV DB import
Tue, 21 Jan 2020 11:17:47 - INFO - Connect to DB
Tue, 21 Jan 2020 11:17:48 - INFO - TRIZMA DB import
Tue, 21 Jan 2020 11:17:48 - INFO - 123TV DB import
Tue, 21 Jan 2020 11:18:48 - INFO - Connect to DB
Tue, 21 Jan 2020 11:18:48 - INFO - TRIZMA DB import
Tue, 21 Jan 2020 11:18:48 - INFO - 123TV DB import
Tue, 21 Jan 2020 11:19:31 - INFO - Connect to DB
Tue, 21 Jan 2020 11:19:31 - INFO - TRIZMA DB import
Tue, 21 Jan 2020 11:19:32 - INFO - 123TV DB import
Tue, 21 Jan 2020 11:19:59 - INFO - Connect to DB
Tue, 21 Jan 2020 11:19:59 - INFO - TRIZMA DB import
Tue, 21 Jan 2020 11:19:59 - INFO - Failed on TRIZMA DB import at: 2020-01-21_10-51-10, for following calling party: 4917622747257, for agent id: trz_asilni, with error:(pyodbc.DataError) ('22001', '[22001] [Microsoft][ODBC Driver 17 for SQL Server][SQL Server]String or binary data would be truncated. (8152) (SQLExecDirectW)')
[SQL: insert into records values('CC2Servicenummer','Belgrad','Nicht übermittelt','trz_asilni',                                 '4917622747257','','Nicht übermittelt','4917622747257_Saturday, January 18, 2020_1:01:14 PM','ANA_SILNI')]
(Background on this error at: http://sqlalche.me/e/9h9h)
Tue, 21 Jan 2020 11:19:59 - INFO - 123TV DB import
Tue, 21 Jan 2020 11:20:33 - INFO - Connect to DB
Tue, 21 Jan 2020 11:20:33 - INFO - TRIZMA DB import
Tue, 21 Jan 2020 11:20:33 - INFO - Failed on TRIZMA DB import at: 2020-01-21_10-51-10, for following calling party: 4924653049955, for agent id: trz_asilni, with error:(pyodbc.DataError) ('22001', '[22001] [Microsoft][ODBC Driver 17 for SQL Server][SQL Server]String or binary data would be truncated. (8152) (SQLExecDirectW)')
[SQL: insert into records values('CC2Servicenummer','Belgrad','Nicht übermittelt','trz_asilni',                                 '4924653049955','','Nicht übermittelt','4924653049955_Saturday, January 18, 2020_3:35:58 PM','ANA_SILNI')]
(Background on this error at: http://sqlalche.me/e/9h9h)
Tue, 21 Jan 2020 11:20:33 - INFO - 123TV DB import
Tue, 21 Jan 2020 11:20:38 - INFO - Connect to DB
Tue, 21 Jan 2020 11:20:38 - INFO - TRIZMA DB import
Tue, 21 Jan 2020 11:20:38 - INFO - 123TV DB import
Tue, 21 Jan 2020 11:20:56 - INFO - Connect to DB
Tue, 21 Jan 2020 11:20:56 - INFO - TRIZMA DB import
Tue, 21 Jan 2020 11:20:56 - INFO - Failed on TRIZMA DB import at: 2020-01-21_10-51-10, for following calling party: 4970223042772, for agent id: trz_asilni, with error:(pyodbc.DataError) ('22001', '[22001] [Microsoft][ODBC Driver 17 for SQL Server][SQL Server]String or binary data would be truncated. (8152) (SQLExecDirectW)')
[SQL: insert into records values('CC2Servicenummer','Belgrad','Nicht übermittelt','trz_asilni',                                 '4970223042772','','Nicht übermittelt','4970223042772_Saturday, January 18, 2020_5:00:14 PM','ANA_SILNI')]
(Background on this error at: http://sqlalche.me/e/9h9h)
Tue, 21 Jan 2020 11:20:56 - INFO - 123TV DB import
Tue, 21 Jan 2020 11:21:19 - INFO - Connect to DB
Tue, 21 Jan 2020 11:21:19 - INFO - TRIZMA DB import
Tue, 21 Jan 2020 11:21:19 - INFO - Failed on TRIZMA DB import at: 2020-01-21_10-51-10, for following calling party: 4977418350528, for agent id: trz_asilni, with error:(pyodbc.DataError) ('22001', '[22001] [Microsoft][ODBC Driver 17 for SQL Server][SQL Server]String or binary data would be truncated. (8152) (SQLExecDirectW)')
[SQL: insert into records values('CC2Servicenummer','Belgrad','Nicht übermittelt','trz_asilni',                                 '4977418350528','','Nicht übermittelt','4977418350528_Saturday, January 18, 2020_6:09:11 PM','ANA_SILNI')]
(Background on this error at: http://sqlalche.me/e/9h9h)
Tue, 21 Jan 2020 11:21:19 - INFO - 123TV DB import
Tue, 21 Jan 2020 11:23:00 - INFO - Connect to DB
Tue, 21 Jan 2020 11:23:00 - INFO - TRIZMA DB import
Tue, 21 Jan 2020 11:23:00 - INFO - Failed on TRIZMA DB import at: 2020-01-21_10-51-10, for following calling party: 4936814119050, for agent id: trz_asilni, with error:(pyodbc.DataError) ('22001', '[22001] [Microsoft][ODBC Driver 17 for SQL Server][SQL Server]String or binary data would be truncated. (8152) (SQLExecDirectW)')
[SQL: insert into records values('CC2Servicenummer','Belgrad','Nicht übermittelt','trz_asilni',                                 '4936814119050','','Nicht übermittelt','4936814119050_Saturday, January 18, 2020_6:27:08 PM','ANA_SILNI')]
(Background on this error at: http://sqlalche.me/e/9h9h)
Tue, 21 Jan 2020 11:23:00 - INFO - 123TV DB import
Tue, 21 Jan 2020 11:28:24 - INFO - Connect to DB
Tue, 21 Jan 2020 11:28:24 - INFO - TRIZMA DB import
Tue, 21 Jan 2020 11:28:24 - INFO - 123TV DB import
Tue, 21 Jan 2020 11:30:57 - INFO - Connect to DB
Tue, 21 Jan 2020 11:30:57 - INFO - TRIZMA DB import
Tue, 21 Jan 2020 11:30:57 - INFO - 123TV DB import
Tue, 21 Jan 2020 11:32:38 - INFO - Connect to DB
Tue, 21 Jan 2020 11:32:38 - INFO - TRIZMA DB import
Tue, 21 Jan 2020 11:32:38 - INFO - 123TV DB import
Tue, 21 Jan 2020 11:37:49 - INFO - Connect to DB
Tue, 21 Jan 2020 11:37:49 - INFO - TRIZMA DB import
Tue, 21 Jan 2020 11:37:49 - INFO - 123TV DB import
Tue, 21 Jan 2020 11:41:08 - INFO - Connect to DB
Tue, 21 Jan 2020 11:41:08 - INFO - TRIZMA DB import
Tue, 21 Jan 2020 11:41:08 - INFO - 123TV DB import
