Thu, 02 Jan 2020 13:52:23 - INFO - Connect to DB
Thu, 02 Jan 2020 13:52:23 - INFO - TRIZMA DB import
Thu, 02 Jan 2020 13:52:23 - INFO - Failed on TRIZMA DB import at: 2020-01-02_13-50-39, for following calling party: 4980519656045, for agent id: trz_bmaksimovic, with error:(pyodbc.DataError) ('22001', '[22001] [Microsoft][ODBC Driver 17 for SQL Server][SQL Server]String or binary data would be truncated. (8152) (SQLExecDirectW)')
[SQL: insert into records values('CC2Servicenummer','Belgrad','Nicht übermittelt','trz_bmaksimovic',                                  '4980519656045','','Nicht übermittelt','4980519656045_Saturday, December 28, 2019_2:12:50 PM')]
(Background on this error at: http://sqlalche.me/e/9h9h)
Thu, 02 Jan 2020 13:52:23 - INFO - 123TV DB import
Thu, 02 Jan 2020 13:53:11 - INFO - Connect to DB
Thu, 02 Jan 2020 13:53:11 - INFO - TRIZMA DB import
Thu, 02 Jan 2020 13:53:11 - INFO - Failed on TRIZMA DB import at: 2020-01-02_13-50-39, for following calling party: 493682487503, for agent id: trz_bmaksimovic, with error:(pyodbc.DataError) ('22001', '[22001] [Microsoft][ODBC Driver 17 for SQL Server][SQL Server]String or binary data would be truncated. (8152) (SQLExecDirectW)')
[SQL: insert into records values('CC2Servicenummer','Belgrad','Nicht übermittelt','trz_bmaksimovic',                                  '493682487503','','Nicht übermittelt','493682487503_Saturday, December 28, 2019_2:59:54 PM')]
(Background on this error at: http://sqlalche.me/e/9h9h)
Thu, 02 Jan 2020 13:53:11 - INFO - 123TV DB import
Thu, 02 Jan 2020 13:54:59 - INFO - Connect to DB
Thu, 02 Jan 2020 13:54:59 - INFO - TRIZMA DB import
Thu, 02 Jan 2020 13:54:59 - INFO - 123TV DB import
Thu, 02 Jan 2020 13:58:26 - INFO - Connect to DB
Thu, 02 Jan 2020 13:58:26 - INFO - TRIZMA DB import
Thu, 02 Jan 2020 13:58:26 - INFO - Failed on TRIZMA DB import at: 2020-01-02_13-50-39, for following calling party: 498322959035, for agent id: trz_bmaksimovic, with error:(pyodbc.DataError) ('22001', '[22001] [Microsoft][ODBC Driver 17 for SQL Server][SQL Server]String or binary data would be truncated. (8152) (SQLExecDirectW)')
[SQL: insert into records values('CC2Servicenummer','Belgrad','Nicht übermittelt','trz_bmaksimovic',                                  '498322959035','','Nicht übermittelt','498322959035_Saturday, December 28, 2019_4:18:21 PM')]
(Background on this error at: http://sqlalche.me/e/9h9h)
Thu, 02 Jan 2020 13:58:26 - INFO - 123TV DB import
Thu, 02 Jan 2020 13:59:03 - INFO - Connect to DB
Thu, 02 Jan 2020 13:59:03 - INFO - TRIZMA DB import
Thu, 02 Jan 2020 13:59:03 - INFO - Failed on TRIZMA DB import at: 2020-01-02_13-50-39, for following calling party: 493829414193, for agent id: trz_bmaksimovic, with error:(pyodbc.DataError) ('22001', '[22001] [Microsoft][ODBC Driver 17 for SQL Server][SQL Server]String or binary data would be truncated. (8152) (SQLExecDirectW)')
[SQL: insert into records values('CC2Servicenummer','Belgrad','Nicht übermittelt','trz_bmaksimovic',                                  '493829414193','','Nicht übermittelt','493829414193_Saturday, December 28, 2019_4:37:05 PM')]
(Background on this error at: http://sqlalche.me/e/9h9h)
Thu, 02 Jan 2020 13:59:03 - INFO - 123TV DB import
Thu, 02 Jan 2020 14:00:01 - INFO - Connect to DB
Thu, 02 Jan 2020 14:00:01 - INFO - TRIZMA DB import
Thu, 02 Jan 2020 14:00:01 - INFO - 123TV DB import
Thu, 02 Jan 2020 14:00:38 - INFO - Connect to DB
Thu, 02 Jan 2020 14:00:38 - INFO - TRIZMA DB import
Thu, 02 Jan 2020 14:00:38 - INFO - 123TV DB import
Thu, 02 Jan 2020 14:00:59 - INFO - Connect to DB
Thu, 02 Jan 2020 14:00:59 - INFO - TRIZMA DB import
Thu, 02 Jan 2020 14:00:59 - INFO - 123TV DB import
Thu, 02 Jan 2020 14:01:41 - INFO - Connect to DB
Thu, 02 Jan 2020 14:01:41 - INFO - TRIZMA DB import
Thu, 02 Jan 2020 14:01:41 - INFO - 123TV DB import
