Sat, 11 Jan 2020 12:08:47 - INFO - Connect to DB
Sat, 11 Jan 2020 12:08:47 - INFO - TRIZMA DB import
Sat, 11 Jan 2020 12:08:47 - INFO - Failed on TRIZMA DB import at: 2020-01-11_12-07-27, for following calling party: 4922419440290, for agent id: trz_madamovic, with error:(pyodbc.DataError) ('22001', '[22001] [Microsoft][ODBC Driver 17 for SQL Server][SQL Server]String or binary data would be truncated. (8152) (SQLExecDirectW)')
[SQL: insert into records values('CC2Servicenummer','Belgrad','Nicht übermittelt','trz_madamovic',                                  '4922419440290','','Nicht übermittelt','4922419440290_Wednesday, January 08, 2020_12:37:11 PM')]
(Background on this error at: http://sqlalche.me/e/9h9h)
Sat, 11 Jan 2020 12:08:47 - INFO - 123TV DB import
Sat, 11 Jan 2020 12:08:52 - INFO - Failed on 123TV DB import at: 2020-01-11_12-07-27, for following calling party: 4922419440290, for agent id: 3067, with error:Missing element acd_id (importCallMetaData.acd_id)
Sat, 11 Jan 2020 12:09:12 - INFO - Connect to DB
Sat, 11 Jan 2020 12:09:12 - INFO - TRIZMA DB import
Sat, 11 Jan 2020 12:09:12 - INFO - Failed on TRIZMA DB import at: 2020-01-11_12-07-27, for following calling party: 495146929563, for agent id: trz_madamovic, with error:(pyodbc.DataError) ('22001', '[22001] [Microsoft][ODBC Driver 17 for SQL Server][SQL Server]String or binary data would be truncated. (8152) (SQLExecDirectW)')
[SQL: insert into records values('CC2Servicenummer','Belgrad','Nicht übermittelt','trz_madamovic',                                  '495146929563','','Nicht übermittelt','495146929563_Wednesday, January 08, 2020_1:00:46 PM')]
(Background on this error at: http://sqlalche.me/e/9h9h)
Sat, 11 Jan 2020 12:09:12 - INFO - 123TV DB import
Sat, 11 Jan 2020 12:09:17 - INFO - Failed on 123TV DB import at: 2020-01-11_12-07-27, for following calling party: 495146929563, for agent id: 3067, with error:Missing element acd_id (importCallMetaData.acd_id)
Sat, 11 Jan 2020 12:14:00 - INFO - Connect to DB
Sat, 11 Jan 2020 12:14:00 - INFO - TRIZMA DB import
Sat, 11 Jan 2020 12:14:00 - INFO - Failed on TRIZMA DB import at: 2020-01-11_12-07-27, for following calling party: 496781667547, for agent id: trz_madamovic, with error:(pyodbc.DataError) ('22001', '[22001] [Microsoft][ODBC Driver 17 for SQL Server][SQL Server]String or binary data would be truncated. (8152) (SQLExecDirectW)')
[SQL: insert into records values('CC2Servicenummer','Belgrad','Nicht übermittelt','trz_madamovic',                                  '496781667547','','Nicht übermittelt','496781667547_Wednesday, January 08, 2020_1:54:23 PM')]
(Background on this error at: http://sqlalche.me/e/9h9h)
Sat, 11 Jan 2020 12:14:00 - INFO - 123TV DB import
Sat, 11 Jan 2020 12:14:05 - INFO - Failed on 123TV DB import at: 2020-01-11_12-07-27, for following calling party: 496781667547, for agent id: 3067, with error:Missing element acd_id (importCallMetaData.acd_id)
