Thu, 16 Jan 2020 15:09:46 - INFO - Connect to DB
Thu, 16 Jan 2020 15:09:46 - INFO - TRIZMA DB import
Thu, 16 Jan 2020 15:09:46 - INFO - 123TV DB import
Thu, 16 Jan 2020 15:25:11 - INFO - Connect to DB
Thu, 16 Jan 2020 15:25:11 - INFO - TRIZMA DB import
Thu, 16 Jan 2020 15:25:11 - INFO - Failed on TRIZMA DB import at: 2020-01-16_15-07-55, for following calling party: 4934918016222, for agent id: trz_bmaksimovic, with error:(pyodbc.DataError) ('22001', '[22001] [Microsoft][ODBC Driver 17 for SQL Server][SQL Server]String or binary data would be truncated. (8152) (SQLExecDirectW)')
[SQL: insert into records values('CC2Servicenummer','Belgrad','Nicht 端bermittelt','trz_bmaksimovic',                                 '4934918016222','','Nicht 端bermittelt','4934918016222_Thursday, January 16, 2020_4:25:09 PM','BOR_MAKSIM')]
(Background on this error at: http://sqlalche.me/e/9h9h)
Thu, 16 Jan 2020 15:25:11 - INFO - 123TV DB import
Thu, 16 Jan 2020 15:29:34 - INFO - Connect to DB
Thu, 16 Jan 2020 15:29:34 - INFO - TRIZMA DB import
Thu, 16 Jan 2020 15:29:34 - INFO - Failed on TRIZMA DB import at: 2020-01-16_15-07-55, for following calling party: 4946148160116, for agent id: trz_tjurjevic, with error:(pyodbc.DataError) ('22001', '[22001] [Microsoft][ODBC Driver 17 for SQL Server][SQL Server]String or binary data would be truncated. (8152) (SQLExecDirectW)')
[SQL: insert into records values('CC2Servicenummer','Belgrad','Nicht 端bermittelt','trz_tjurjevic',                                 '4946148160116','','Nicht 端bermittelt','4946148160116_Thursday, January 16, 2020_4:29:32 PM','TAT_JURJEV')]
(Background on this error at: http://sqlalche.me/e/9h9h)
Thu, 16 Jan 2020 15:29:34 - INFO - 123TV DB import
Thu, 16 Jan 2020 15:37:50 - INFO - Connect to DB
Thu, 16 Jan 2020 15:37:50 - INFO - TRIZMA DB import
Thu, 16 Jan 2020 15:37:50 - INFO - 123TV DB import
Thu, 16 Jan 2020 15:48:04 - INFO - Connect to DB
Thu, 16 Jan 2020 15:48:04 - INFO - TRIZMA DB import
Thu, 16 Jan 2020 15:48:05 - INFO - 123TV DB import
