Sat, 11 Jan 2020 10:40:13 - INFO - Connect to DB
Sat, 11 Jan 2020 10:40:13 - INFO - TRIZMA DB import
Sat, 11 Jan 2020 10:40:13 - INFO - 123TV DB import
Sat, 11 Jan 2020 10:40:18 - INFO - Failed on 123TV DB import at: 2020-01-11_10-36-10, for following calling party: 49621661502, for agent id: 3046, with error:Missing element acd_id (importCallMetaData.acd_id)
Sat, 11 Jan 2020 10:40:57 - INFO - Connect to DB
Sat, 11 Jan 2020 10:40:57 - INFO - TRIZMA DB import
Sat, 11 Jan 2020 10:40:57 - INFO - 123TV DB import
Sat, 11 Jan 2020 10:41:02 - INFO - Failed on 123TV DB import at: 2020-01-11_10-36-10, for following calling party: 491776685016, for agent id: 3046, with error:Missing element acd_id (importCallMetaData.acd_id)
Sat, 11 Jan 2020 10:46:52 - INFO - Connect to DB
Sat, 11 Jan 2020 10:46:52 - INFO - TRIZMA DB import
Sat, 11 Jan 2020 10:46:52 - INFO - 123TV DB import
Sat, 11 Jan 2020 10:46:57 - INFO - Failed on 123TV DB import at: 2020-01-11_10-36-10, for following calling party: 491737159496, for agent id: 3155, with error:Missing element acd_id (importCallMetaData.acd_id)
Sat, 11 Jan 2020 10:49:16 - INFO - Connect to DB
Sat, 11 Jan 2020 10:49:16 - INFO - TRIZMA DB import
Sat, 11 Jan 2020 10:49:16 - INFO - 123TV DB import
Sat, 11 Jan 2020 10:49:21 - INFO - Failed on 123TV DB import at: 2020-01-11_10-36-10, for following calling party: 49349355070, for agent id: 3117, with error:Missing element acd_id (importCallMetaData.acd_id)
Sat, 11 Jan 2020 10:53:11 - INFO - Connect to DB
Sat, 11 Jan 2020 10:53:11 - INFO - TRIZMA DB import
Sat, 11 Jan 2020 10:53:11 - INFO - Failed on TRIZMA DB import at: 2020-01-11_10-36-10, for following calling party: 493301537399, for agent id: trz_sstankovic, with error:(pyodbc.DataError) ('22001', '[22001] [Microsoft][ODBC Driver 17 for SQL Server][SQL Server]String or binary data would be truncated. (8152) (SQLExecDirectW)')
[SQL: insert into records values('CC2Servicenummer','Belgrad','Nicht übermittelt','trz_sstankovic',                                  '493301537399','','Nicht übermittelt','493301537399_Saturday, January 11, 2020_11:53:09 AM')]
(Background on this error at: http://sqlalche.me/e/9h9h)
Sat, 11 Jan 2020 10:53:11 - INFO - 123TV DB import
Sat, 11 Jan 2020 10:53:16 - INFO - Failed on 123TV DB import at: 2020-01-11_10-36-10, for following calling party: 493301537399, for agent id: 3046, with error:Missing element acd_id (importCallMetaData.acd_id)
Sat, 11 Jan 2020 10:54:01 - INFO - Connect to DB
Sat, 11 Jan 2020 10:54:01 - INFO - TRIZMA DB import
Sat, 11 Jan 2020 10:54:01 - INFO - 123TV DB import
Sat, 11 Jan 2020 10:54:06 - INFO - Failed on 123TV DB import at: 2020-01-11_10-36-10, for following calling party: 493938652203, for agent id: 3155, with error:Missing element acd_id (importCallMetaData.acd_id)
Sat, 11 Jan 2020 11:03:08 - INFO - Connect to DB
Sat, 11 Jan 2020 11:03:08 - INFO - TRIZMA DB import
Sat, 11 Jan 2020 11:03:08 - INFO - 123TV DB import
Sat, 11 Jan 2020 11:03:13 - INFO - Failed on 123TV DB import at: 2020-01-11_10-36-10, for following calling party: 4996219640266, for agent id: 3155, with error:Missing element acd_id (importCallMetaData.acd_id)
Sat, 11 Jan 2020 11:05:01 - INFO - Connect to DB
Sat, 11 Jan 2020 11:05:01 - INFO - TRIZMA DB import
Sat, 11 Jan 2020 11:05:01 - INFO - Failed on TRIZMA DB import at: 2020-01-11_10-36-10, for following calling party: 491721652046, for agent id: trz_bmaksimovic, with error:(pyodbc.DataError) ('22001', '[22001] [Microsoft][ODBC Driver 17 for SQL Server][SQL Server]String or binary data would be truncated. (8152) (SQLExecDirectW)')
[SQL: insert into records values('CC2Servicenummer','Belgrad','Nicht übermittelt','trz_bmaksimovic',                                  '491721652046','','Nicht übermittelt','491721652046_Saturday, January 11, 2020_12:04:55 PM')]
(Background on this error at: http://sqlalche.me/e/9h9h)
Sat, 11 Jan 2020 11:05:01 - INFO - 123TV DB import
Sat, 11 Jan 2020 11:05:06 - INFO - Failed on 123TV DB import at: 2020-01-11_10-36-10, for following calling party: 491721652046, for agent id: 3036, with error:Missing element acd_id (importCallMetaData.acd_id)
Sat, 11 Jan 2020 11:13:31 - INFO - Connect to DB
Sat, 11 Jan 2020 11:13:31 - INFO - TRIZMA DB import
Sat, 11 Jan 2020 11:13:31 - INFO - 123TV DB import
Sat, 11 Jan 2020 11:13:36 - INFO - Failed on 123TV DB import at: 2020-01-11_10-36-10, for following calling party: 4936535339, for agent id: 3067, with error:Missing element acd_id (importCallMetaData.acd_id)
Sat, 11 Jan 2020 11:14:03 - INFO - Connect to DB
Sat, 11 Jan 2020 11:14:03 - INFO - TRIZMA DB import
Sat, 11 Jan 2020 11:14:03 - INFO - Failed on TRIZMA DB import at: 2020-01-11_10-36-10, for following calling party: 4915737476735, for agent id: trz_madamovic, with error:(pyodbc.DataError) ('22001', '[22001] [Microsoft][ODBC Driver 17 for SQL Server][SQL Server]String or binary data would be truncated. (8152) (SQLExecDirectW)')
[SQL: insert into records values('CC2Servicenummer','Belgrad','Nicht übermittelt','trz_madamovic',                                  '4915737476735','','Nicht übermittelt','4915737476735_Sunday, December 29, 2019_12:16:05 PM')]
(Background on this error at: http://sqlalche.me/e/9h9h)
Sat, 11 Jan 2020 11:14:03 - INFO - 123TV DB import
Sat, 11 Jan 2020 11:14:08 - INFO - Failed on 123TV DB import at: 2020-01-11_10-36-10, for following calling party: 4915737476735, for agent id: 3067, with error:Missing element acd_id (importCallMetaData.acd_id)
Sat, 11 Jan 2020 11:15:31 - INFO - Connect to DB
Sat, 11 Jan 2020 11:15:31 - INFO - TRIZMA DB import
Sat, 11 Jan 2020 11:15:32 - INFO - 123TV DB import
Sat, 11 Jan 2020 11:15:37 - INFO - Failed on 123TV DB import at: 2020-01-11_10-36-10, for following calling party: 494024180723, for agent id: 3067, with error:Missing element acd_id (importCallMetaData.acd_id)
Sat, 11 Jan 2020 11:19:54 - INFO - Connect to DB
Sat, 11 Jan 2020 11:19:54 - INFO - TRIZMA DB import
Sat, 11 Jan 2020 11:19:54 - INFO - Failed on TRIZMA DB import at: 2020-01-11_10-36-10, for following calling party: 493915045050, for agent id: trz_mglisic, with error:(pyodbc.DataError) ('22001', '[22001] [Microsoft][ODBC Driver 17 for SQL Server][SQL Server]String or binary data would be truncated. (8152) (SQLExecDirectW)')
[SQL: insert into records values('CC2Servicenummer','Belgrad','Nicht übermittelt','trz_mglisic',                                  '493915045050','','Nicht übermittelt','493915045050_Saturday, January 11, 2020_12:19:51 PM')]
(Background on this error at: http://sqlalche.me/e/9h9h)
Sat, 11 Jan 2020 11:19:54 - INFO - 123TV DB import
Sat, 11 Jan 2020 11:19:59 - INFO - Failed on 123TV DB import at: 2020-01-11_10-36-10, for following calling party: 493915045050, for agent id: 3117, with error:Missing element acd_id (importCallMetaData.acd_id)
Sat, 11 Jan 2020 11:21:43 - INFO - Connect to DB
Sat, 11 Jan 2020 11:21:43 - INFO - TRIZMA DB import
Sat, 11 Jan 2020 11:21:43 - INFO - 123TV DB import
Sat, 11 Jan 2020 11:21:48 - INFO - Failed on 123TV DB import at: 2020-01-11_10-36-10, for following calling party: 493445700104, for agent id: 3067, with error:Missing element acd_id (importCallMetaData.acd_id)
Sat, 11 Jan 2020 11:21:48 - INFO - Connect to DB
Sat, 11 Jan 2020 11:21:48 - INFO - TRIZMA DB import
Sat, 11 Jan 2020 11:21:48 - INFO - 123TV DB import
Sat, 11 Jan 2020 11:21:54 - INFO - Failed on 123TV DB import at: 2020-01-11_10-36-10, for following calling party: 495219495020, for agent id: 3067, with error:Missing element acd_id (importCallMetaData.acd_id)
Sat, 11 Jan 2020 11:22:30 - INFO - Connect to DB
Sat, 11 Jan 2020 11:22:30 - INFO - TRIZMA DB import
Sat, 11 Jan 2020 11:22:30 - INFO - 123TV DB import
Sat, 11 Jan 2020 11:22:35 - INFO - Failed on 123TV DB import at: 2020-01-11_10-36-10, for following calling party: 492234933288, for agent id: 3067, with error:Missing element acd_id (importCallMetaData.acd_id)
Sat, 11 Jan 2020 11:23:16 - INFO - Connect to DB
Sat, 11 Jan 2020 11:23:16 - INFO - TRIZMA DB import
Sat, 11 Jan 2020 11:23:16 - INFO - 123TV DB import
Sat, 11 Jan 2020 11:23:21 - INFO - Failed on 123TV DB import at: 2020-01-11_10-36-10, for following calling party: 493920122543, for agent id: 3067, with error:Missing element acd_id (importCallMetaData.acd_id)
Sat, 11 Jan 2020 11:23:21 - INFO - Connect to DB
Sat, 11 Jan 2020 11:23:21 - INFO - TRIZMA DB import
Sat, 11 Jan 2020 11:23:21 - INFO - 123TV DB import
Sat, 11 Jan 2020 11:23:27 - INFO - Failed on 123TV DB import at: 2020-01-11_10-36-10, for following calling party: 49304499724, for agent id: 3067, with error:Missing element acd_id (importCallMetaData.acd_id)
Sat, 11 Jan 2020 11:23:27 - INFO - Connect to DB
Sat, 11 Jan 2020 11:23:27 - INFO - TRIZMA DB import
Sat, 11 Jan 2020 11:23:27 - INFO - Failed on TRIZMA DB import at: 2020-01-11_10-36-10, for following calling party: 4987079385239, for agent id: trz_madamovic, with error:(pyodbc.DataError) ('22001', '[22001] [Microsoft][ODBC Driver 17 for SQL Server][SQL Server]String or binary data would be truncated. (8152) (SQLExecDirectW)')
[SQL: insert into records values('CC2Servicenummer','Belgrad','Nicht übermittelt','trz_madamovic',                                  '4987079385239','','Nicht übermittelt','4987079385239_Monday, December 30, 2019_11:02:32 AM')]
(Background on this error at: http://sqlalche.me/e/9h9h)
Sat, 11 Jan 2020 11:23:27 - INFO - 123TV DB import
Sat, 11 Jan 2020 11:23:32 - INFO - Failed on 123TV DB import at: 2020-01-11_10-36-10, for following calling party: 4987079385239, for agent id: 3067, with error:Missing element acd_id (importCallMetaData.acd_id)
