Wed, 08 Jan 2020 13:11:51 - INFO - Connect to DB
Wed, 08 Jan 2020 13:11:51 - INFO - TRIZMA DB import
Wed, 08 Jan 2020 13:11:51 - INFO - 123TV DB import
Wed, 08 Jan 2020 13:14:35 - INFO - Connect to DB
Wed, 08 Jan 2020 13:14:35 - INFO - TRIZMA DB import
Wed, 08 Jan 2020 13:14:35 - INFO - Failed on TRIZMA DB import at: 2020-01-08_13-09-46, for following calling party: 491733777397, for agent id: trz_madamovic, with error:(pyodbc.DataError) ('22001', '[22001] [Microsoft][ODBC Driver 17 for SQL Server][SQL Server]String or binary data would be truncated. (8152) (SQLExecDirectW)')
[SQL: insert into records values('CC2Servicenummer','Belgrad','Nicht übermittelt','trz_madamovic',                                  '491733777397','','Nicht übermittelt','491733777397_Wednesday, January 08, 2020_2:14:28 PM')]
(Background on this error at: http://sqlalche.me/e/9h9h)
Wed, 08 Jan 2020 13:14:35 - INFO - 123TV DB import
Wed, 08 Jan 2020 13:18:05 - INFO - Connect to DB
Wed, 08 Jan 2020 13:18:05 - INFO - TRIZMA DB import
Wed, 08 Jan 2020 13:18:05 - INFO - 123TV DB import
Wed, 08 Jan 2020 13:24:23 - INFO - Connect to DB
Wed, 08 Jan 2020 13:24:23 - INFO - TRIZMA DB import
Wed, 08 Jan 2020 13:24:23 - INFO - Failed on TRIZMA DB import at: 2020-01-08_13-09-46, for following calling party: 4971194554690, for agent id: trz_madamovic, with error:(pyodbc.DataError) ('22001', '[22001] [Microsoft][ODBC Driver 17 for SQL Server][SQL Server]String or binary data would be truncated. (8152) (SQLExecDirectW)')
[SQL: insert into records values('CC2Servicenummer','Belgrad','Nicht übermittelt','trz_madamovic',                                  '4971194554690','','Nicht übermittelt','4971194554690_Wednesday, January 08, 2020_2:24:19 PM')]
(Background on this error at: http://sqlalche.me/e/9h9h)
Wed, 08 Jan 2020 13:24:23 - INFO - 123TV DB import
Wed, 08 Jan 2020 13:24:43 - INFO - Connect to DB
Wed, 08 Jan 2020 13:24:43 - INFO - TRIZMA DB import
Wed, 08 Jan 2020 13:24:43 - INFO - 123TV DB import
Wed, 08 Jan 2020 13:32:45 - INFO - Connect to DB
Wed, 08 Jan 2020 13:32:45 - INFO - TRIZMA DB import
Wed, 08 Jan 2020 13:32:46 - INFO - 123TV DB import
Wed, 08 Jan 2020 13:35:37 - INFO - Connect to DB
Wed, 08 Jan 2020 13:35:37 - INFO - TRIZMA DB import
Wed, 08 Jan 2020 13:35:37 - INFO - 123TV DB import
Wed, 08 Jan 2020 13:35:58 - INFO - Connect to DB
Wed, 08 Jan 2020 13:35:58 - INFO - TRIZMA DB import
Wed, 08 Jan 2020 13:35:58 - INFO - Failed on TRIZMA DB import at: 2020-01-08_13-09-46, for following calling party: 4915759164030, for agent id: trz_bmaksimovic, with error:(pyodbc.DataError) ('22001', '[22001] [Microsoft][ODBC Driver 17 for SQL Server][SQL Server]String or binary data would be truncated. (8152) (SQLExecDirectW)')
[SQL: insert into records values('CC2Servicenummer','Belgrad','Nicht übermittelt','trz_bmaksimovic',                                  '4915759164030','','Nicht übermittelt','4915759164030_Wednesday, January 1, 2020_7:03:03 PM')]
(Background on this error at: http://sqlalche.me/e/9h9h)
Wed, 08 Jan 2020 13:35:58 - INFO - 123TV DB import
Wed, 08 Jan 2020 13:36:41 - INFO - Connect to DB
Wed, 08 Jan 2020 13:36:41 - INFO - TRIZMA DB import
Wed, 08 Jan 2020 13:36:41 - INFO - 123TV DB import
Wed, 08 Jan 2020 13:41:43 - INFO - Connect to DB
Wed, 08 Jan 2020 13:41:43 - INFO - TRIZMA DB import
Wed, 08 Jan 2020 13:41:43 - INFO - Failed on TRIZMA DB import at: 2020-01-08_13-09-46, for following calling party: 4982219641166, for agent id: trz_madamovic, with error:(pyodbc.DataError) ('22001', '[22001] [Microsoft][ODBC Driver 17 for SQL Server][SQL Server]String or binary data would be truncated. (8152) (SQLExecDirectW)')
[SQL: insert into records values('CC2Servicenummer','Belgrad','Nicht übermittelt','trz_madamovic',                                  '4982219641166','','Nicht übermittelt','4982219641166_Wednesday, January 08, 2020_2:41:37 PM')]
(Background on this error at: http://sqlalche.me/e/9h9h)
Wed, 08 Jan 2020 13:41:43 - INFO - 123TV DB import
Wed, 08 Jan 2020 13:43:21 - INFO - Connect to DB
Wed, 08 Jan 2020 13:43:21 - INFO - TRIZMA DB import
Wed, 08 Jan 2020 13:43:21 - INFO - 123TV DB import
Wed, 08 Jan 2020 13:47:30 - INFO - Connect to DB
Wed, 08 Jan 2020 13:47:30 - INFO - TRIZMA DB import
Wed, 08 Jan 2020 13:47:30 - INFO - 123TV DB import
Wed, 08 Jan 2020 13:48:27 - INFO - Connect to DB
Wed, 08 Jan 2020 13:48:27 - INFO - TRIZMA DB import
Wed, 08 Jan 2020 13:48:27 - INFO - 123TV DB import
Wed, 08 Jan 2020 13:50:24 - INFO - Connect to DB
Wed, 08 Jan 2020 13:50:24 - INFO - TRIZMA DB import
Wed, 08 Jan 2020 13:50:24 - INFO - 123TV DB import
Wed, 08 Jan 2020 13:51:27 - INFO - Connect to DB
Wed, 08 Jan 2020 13:51:27 - INFO - TRIZMA DB import
Wed, 08 Jan 2020 13:51:27 - INFO - Failed on TRIZMA DB import at: 2020-01-08_13-09-46, for following calling party: 4923113746360, for agent id: trz_mglisic, with error:(pyodbc.DataError) ('22001', '[22001] [Microsoft][ODBC Driver 17 for SQL Server][SQL Server]String or binary data would be truncated. (8152) (SQLExecDirectW)')
[SQL: insert into records values('CC2Servicenummer','Belgrad','Nicht übermittelt','trz_mglisic',                                  '4923113746360','','Nicht übermittelt','4923113746360_Wednesday, January 8, 2020_2:51:25 PM')]
(Background on this error at: http://sqlalche.me/e/9h9h)
Wed, 08 Jan 2020 13:51:27 - INFO - 123TV DB import
Wed, 08 Jan 2020 13:53:19 - INFO - Connect to DB
Wed, 08 Jan 2020 13:53:19 - INFO - TRIZMA DB import
Wed, 08 Jan 2020 13:53:19 - INFO - 123TV DB import
Wed, 08 Jan 2020 13:53:49 - INFO - Connect to DB
Wed, 08 Jan 2020 13:53:49 - INFO - TRIZMA DB import
Wed, 08 Jan 2020 13:53:49 - INFO - 123TV DB import
Wed, 08 Jan 2020 13:54:21 - INFO - Connect to DB
Wed, 08 Jan 2020 13:54:21 - INFO - TRIZMA DB import
Wed, 08 Jan 2020 13:54:22 - INFO - 123TV DB import
Wed, 08 Jan 2020 13:54:53 - INFO - Connect to DB
Wed, 08 Jan 2020 13:54:53 - INFO - TRIZMA DB import
Wed, 08 Jan 2020 13:54:53 - INFO - 123TV DB import
Wed, 08 Jan 2020 13:55:18 - INFO - Connect to DB
Wed, 08 Jan 2020 13:55:18 - INFO - TRIZMA DB import
Wed, 08 Jan 2020 13:55:18 - INFO - 123TV DB import
Wed, 08 Jan 2020 13:59:53 - INFO - Connect to DB
Wed, 08 Jan 2020 13:59:53 - INFO - TRIZMA DB import
Wed, 08 Jan 2020 13:59:53 - INFO - 123TV DB import
