Mon, 20 Jan 2020 07:58:38 - INFO - Connect to DB
Mon, 20 Jan 2020 07:58:38 - INFO - TRIZMA DB import
Mon, 20 Jan 2020 07:58:38 - INFO - 123TV DB import
Mon, 20 Jan 2020 08:02:02 - INFO - Connect to DB
Mon, 20 Jan 2020 08:02:03 - INFO - TRIZMA DB import
Mon, 20 Jan 2020 08:02:03 - INFO - 123TV DB import
Mon, 20 Jan 2020 08:02:08 - INFO - Connect to DB
Mon, 20 Jan 2020 08:02:08 - INFO - TRIZMA DB import
Mon, 20 Jan 2020 08:02:08 - INFO - 123TV DB import
Mon, 20 Jan 2020 08:08:21 - INFO - Connect to DB
Mon, 20 Jan 2020 08:08:21 - INFO - TRIZMA DB import
Mon, 20 Jan 2020 08:08:21 - INFO - 123TV DB import
Mon, 20 Jan 2020 08:09:13 - INFO - Connect to DB
Mon, 20 Jan 2020 08:09:13 - INFO - TRIZMA DB import
Mon, 20 Jan 2020 08:09:13 - INFO - 123TV DB import
Mon, 20 Jan 2020 08:10:03 - INFO - Connect to DB
Mon, 20 Jan 2020 08:10:03 - INFO - TRIZMA DB import
Mon, 20 Jan 2020 08:10:03 - INFO - 123TV DB import
Mon, 20 Jan 2020 08:10:36 - INFO - Connect to DB
Mon, 20 Jan 2020 08:10:36 - INFO - TRIZMA DB import
Mon, 20 Jan 2020 08:10:36 - INFO - Failed on TRIZMA DB import at: 2020-01-20_07-53-10, for following calling party: 4941245898399, for agent id: trz_sstankovic, with error:(pyodbc.DataError) ('22001', '[22001] [Microsoft][ODBC Driver 17 for SQL Server][SQL Server]String or binary data would be truncated. (8152) (SQLExecDirectW)')
[SQL: insert into records values('CC2Servicenummer','Belgrad','Nicht übermittelt','trz_sstankovic',                                 '4941245898399','','Nicht übermittelt','4941245898399_Saturday, January 18, 2020_10:30:09 AM','SAR_STANKO')]
(Background on this error at: http://sqlalche.me/e/9h9h)
Mon, 20 Jan 2020 08:10:36 - INFO - 123TV DB import
Mon, 20 Jan 2020 08:11:19 - INFO - Connect to DB
Mon, 20 Jan 2020 08:11:19 - INFO - TRIZMA DB import
Mon, 20 Jan 2020 08:11:19 - INFO - 123TV DB import
