Wed, 15 Jan 2020 10:51:08 - INFO - Connect to DB
Wed, 15 Jan 2020 10:51:08 - INFO - TRIZMA DB import
Wed, 15 Jan 2020 10:51:08 - INFO - Failed on TRIZMA DB import at: 2020-01-15_10-46-40, for following calling party: 494036195414, for agent id: trz_bmaksimovic, with error:(pyodbc.DataError) ('22001', '[22001] [Microsoft][ODBC Driver 17 for SQL Server][SQL Server]String or binary data would be truncated. (8152) (SQLExecDirectW)')
[SQL: insert into records values('CC2Servicenummer','Belgrad','Nicht übermittelt','trz_bmaksimovic',                                 '494036195414','','Nicht übermittelt','494036195414_Wednesday, January 15, 2020_11:51:04 AM','BOR_MAKSIM')]
(Background on this error at: http://sqlalche.me/e/9h9h)
Wed, 15 Jan 2020 10:51:08 - INFO - 123TV DB import
Wed, 15 Jan 2020 10:55:06 - INFO - Connect to DB
Wed, 15 Jan 2020 10:55:06 - INFO - TRIZMA DB import
Wed, 15 Jan 2020 10:55:06 - INFO - Failed on TRIZMA DB import at: 2020-01-15_10-46-40, for following calling party: 493444326221, for agent id: trz_divankovic, with error:(pyodbc.DataError) ('22001', '[22001] [Microsoft][ODBC Driver 17 for SQL Server][SQL Server]String or binary data would be truncated. (8152) (SQLExecDirectW)')
[SQL: insert into records values('CC2Servicenummer','Belgrad','Nicht übermittelt','trz_divankovic',                                 '493444326221','','Nicht übermittelt','493444326221_Wednesday, January 15, 2020_11:55:02 AM','DUS_IVANKO')]
(Background on this error at: http://sqlalche.me/e/9h9h)
Wed, 15 Jan 2020 10:55:06 - INFO - 123TV DB import
Wed, 15 Jan 2020 11:06:54 - INFO - Connect to DB
Wed, 15 Jan 2020 11:06:54 - INFO - TRIZMA DB import
Wed, 15 Jan 2020 11:06:54 - INFO - Failed on TRIZMA DB import at: 2020-01-15_10-46-40, for following calling party: 4924087256620, for agent id: trz_divankovic, with error:(pyodbc.DataError) ('22001', '[22001] [Microsoft][ODBC Driver 17 for SQL Server][SQL Server]String or binary data would be truncated. (8152) (SQLExecDirectW)')
[SQL: insert into records values('CC2Servicenummer','Belgrad','Nicht übermittelt','trz_divankovic',                                 '4924087256620','','Nicht übermittelt','4924087256620_Wednesday, January 15, 2020_12:06:51 PM','DUS_IVANKO')]
(Background on this error at: http://sqlalche.me/e/9h9h)
Wed, 15 Jan 2020 11:06:54 - INFO - 123TV DB import
Wed, 15 Jan 2020 11:08:34 - INFO - Connect to DB
Wed, 15 Jan 2020 11:08:34 - INFO - TRIZMA DB import
Wed, 15 Jan 2020 11:08:34 - INFO - 123TV DB import
Wed, 15 Jan 2020 11:09:56 - INFO - Connect to DB
Wed, 15 Jan 2020 11:09:56 - INFO - TRIZMA DB import
Wed, 15 Jan 2020 11:09:56 - INFO - 123TV DB import
Wed, 15 Jan 2020 11:10:21 - INFO - Connect to DB
Wed, 15 Jan 2020 11:10:21 - INFO - TRIZMA DB import
Wed, 15 Jan 2020 11:10:21 - INFO - 123TV DB import
Wed, 15 Jan 2020 11:10:37 - INFO - Connect to DB
Wed, 15 Jan 2020 11:10:37 - INFO - TRIZMA DB import
Wed, 15 Jan 2020 11:10:38 - INFO - 123TV DB import
Wed, 15 Jan 2020 11:10:51 - INFO - Connect to DB
Wed, 15 Jan 2020 11:10:51 - INFO - TRIZMA DB import
Wed, 15 Jan 2020 11:10:51 - INFO - 123TV DB import
Wed, 15 Jan 2020 11:11:03 - INFO - Connect to DB
Wed, 15 Jan 2020 11:11:03 - INFO - TRIZMA DB import
Wed, 15 Jan 2020 11:11:03 - INFO - 123TV DB import
Wed, 15 Jan 2020 11:11:40 - INFO - Connect to DB
Wed, 15 Jan 2020 11:11:40 - INFO - TRIZMA DB import
Wed, 15 Jan 2020 11:11:40 - INFO - 123TV DB import
Wed, 15 Jan 2020 11:11:46 - INFO - Connect to DB
Wed, 15 Jan 2020 11:11:46 - INFO - TRIZMA DB import
Wed, 15 Jan 2020 11:11:46 - INFO - 123TV DB import
Wed, 15 Jan 2020 11:17:33 - INFO - Connect to DB
Wed, 15 Jan 2020 11:17:33 - INFO - TRIZMA DB import
Wed, 15 Jan 2020 11:17:33 - INFO - 123TV DB import
