Thu, 09 Jan 2020 10:02:28 - INFO - Connect to DB
Thu, 09 Jan 2020 10:02:28 - INFO - TRIZMA DB import
Thu, 09 Jan 2020 10:02:28 - INFO - 123TV DB import
Thu, 09 Jan 2020 10:07:45 - INFO - Connect to DB
Thu, 09 Jan 2020 10:07:45 - INFO - TRIZMA DB import
Thu, 09 Jan 2020 10:07:45 - INFO - 123TV DB import
Thu, 09 Jan 2020 10:11:45 - INFO - Connect to DB
Thu, 09 Jan 2020 10:11:45 - INFO - TRIZMA DB import
Thu, 09 Jan 2020 10:11:45 - INFO - Failed on TRIZMA DB import at: 2020-01-09_09-50-01, for following calling party: 4941018190542, for agent id: trz_madamovic, with error:(pyodbc.DataError) ('22001', '[22001] [Microsoft][ODBC Driver 17 for SQL Server][SQL Server]String or binary data would be truncated. (8152) (SQLExecDirectW)')
[SQL: insert into records values('CC2Servicenummer','Belgrad','Nicht übermittelt','trz_madamovic',                                  '4941018190542','','Nicht übermittelt','4941018190542_Thursday, January 09, 2020_11:11:41 AM')]
(Background on this error at: http://sqlalche.me/e/9h9h)
Thu, 09 Jan 2020 10:11:45 - INFO - 123TV DB import
Thu, 09 Jan 2020 10:17:00 - INFO - Connect to DB
Thu, 09 Jan 2020 10:17:00 - INFO - TRIZMA DB import
Thu, 09 Jan 2020 10:17:00 - INFO - 123TV DB import
Thu, 09 Jan 2020 10:17:44 - INFO - Connect to DB
Thu, 09 Jan 2020 10:17:44 - INFO - TRIZMA DB import
Thu, 09 Jan 2020 10:17:44 - INFO - 123TV DB import
Thu, 09 Jan 2020 10:23:47 - INFO - Connect to DB
Thu, 09 Jan 2020 10:23:47 - INFO - TRIZMA DB import
Thu, 09 Jan 2020 10:23:47 - INFO - 123TV DB import
Thu, 09 Jan 2020 10:23:52 - INFO - Connect to DB
Thu, 09 Jan 2020 10:23:52 - INFO - TRIZMA DB import
Thu, 09 Jan 2020 10:23:52 - INFO - 123TV DB import
Thu, 09 Jan 2020 10:25:03 - INFO - Connect to DB
Thu, 09 Jan 2020 10:25:03 - INFO - TRIZMA DB import
Thu, 09 Jan 2020 10:25:03 - INFO - 123TV DB import
