Sat, 11 Jan 2020 11:22:14 - INFO - Connect to DB
Sat, 11 Jan 2020 11:22:15 - INFO - TRIZMA DB import
Sat, 11 Jan 2020 11:22:15 - INFO - 123TV DB import
Sat, 11 Jan 2020 11:22:20 - INFO - Failed on 123TV DB import at: 2020-01-11_11-21-17, for following calling party: 49221602602, for agent id: 3067, with error:Missing element acd_id (importCallMetaData.acd_id)
Sat, 11 Jan 2020 11:23:10 - INFO - Connect to DB
Sat, 11 Jan 2020 11:23:10 - INFO - TRIZMA DB import
Sat, 11 Jan 2020 11:23:10 - INFO - Failed on TRIZMA DB import at: 2020-01-11_11-21-17, for following calling party: 4991618829098, for agent id: trz_madamovic, with error:(pyodbc.DataError) ('22001', '[22001] [Microsoft][ODBC Driver 17 for SQL Server][SQL Server]String or binary data would be truncated. (8152) (SQLExecDirectW)')
[SQL: insert into records values('CC2Servicenummer','Belgrad','Nicht 端bermittelt','trz_madamovic',                                  '4991618829098','','Nicht 端bermittelt','4991618829098_Monday, December 30, 2019_10:11:30 AM')]
(Background on this error at: http://sqlalche.me/e/9h9h)
Sat, 11 Jan 2020 11:23:10 - INFO - 123TV DB import
Sat, 11 Jan 2020 11:23:16 - INFO - Failed on 123TV DB import at: 2020-01-11_11-21-17, for following calling party: 4991618829098, for agent id: 3067, with error:Missing element acd_id (importCallMetaData.acd_id)
Sat, 11 Jan 2020 11:24:13 - INFO - Connect to DB
Sat, 11 Jan 2020 11:24:13 - INFO - TRIZMA DB import
Sat, 11 Jan 2020 11:24:13 - INFO - 123TV DB import
Sat, 11 Jan 2020 11:24:18 - INFO - Failed on 123TV DB import at: 2020-01-11_11-21-17, for following calling party: 491626086549, for agent id: 3067, with error:Missing element acd_id (importCallMetaData.acd_id)
Sat, 11 Jan 2020 11:25:24 - INFO - Connect to DB
Sat, 11 Jan 2020 11:25:24 - INFO - TRIZMA DB import
Sat, 11 Jan 2020 11:25:24 - INFO - Failed on TRIZMA DB import at: 2020-01-11_11-21-17, for following calling party: 498941154891, for agent id: trz_mglisic, with error:(pyodbc.DataError) ('22001', '[22001] [Microsoft][ODBC Driver 17 for SQL Server][SQL Server]String or binary data would be truncated. (8152) (SQLExecDirectW)')
[SQL: insert into records values('CC2Servicenummer','Belgrad','Nicht 端bermittelt','trz_mglisic',                                  '498941154891','','Nicht 端bermittelt','498941154891_Saturday, January 11, 2020_12:25:22 PM')]
(Background on this error at: http://sqlalche.me/e/9h9h)
Sat, 11 Jan 2020 11:25:24 - INFO - 123TV DB import
Sat, 11 Jan 2020 11:25:30 - INFO - Failed on 123TV DB import at: 2020-01-11_11-21-17, for following calling party: 498941154891, for agent id: 3117, with error:Missing element acd_id (importCallMetaData.acd_id)
