Wed, 08 Jan 2020 11:55:05 - INFO - Connect to DB
Wed, 08 Jan 2020 11:55:05 - INFO - TRIZMA DB import
Wed, 08 Jan 2020 11:55:05 - INFO - Failed on TRIZMA DB import at: 2020-01-08_11-45-20, for following calling party: 492346406500, for agent id: trz_bmaksimovic, with error:(pyodbc.DataError) ('22001', '[22001] [Microsoft][ODBC Driver 17 for SQL Server][SQL Server]String or binary data would be truncated. (8152) (SQLExecDirectW)')
[SQL: insert into records values('CC2Servicenummer','Belgrad','Nicht übermittelt','trz_bmaksimovic',                                  '492346406500','','Nicht übermittelt','492346406500_Saturday, December 28, 2019_5:37:41 PM')]
(Background on this error at: http://sqlalche.me/e/9h9h)
Wed, 08 Jan 2020 11:55:05 - INFO - 123TV DB import
Wed, 08 Jan 2020 11:55:10 - INFO - Failed on 123TV DB import at: 2020-01-08_11-45-20, for following calling party: 492346406500, for agent id: 3036, with error:Invalid XML content received (Start tag expected, '<' not found, line 1, column 1)
Wed, 08 Jan 2020 11:55:43 - INFO - Connect to DB
Wed, 08 Jan 2020 11:55:43 - INFO - TRIZMA DB import
Wed, 08 Jan 2020 11:55:43 - INFO - Failed on TRIZMA DB import at: 2020-01-08_11-45-20, for following calling party: 4933754949864, for agent id: trz_bmaksimovic, with error:(pyodbc.DataError) ('22001', '[22001] [Microsoft][ODBC Driver 17 for SQL Server][SQL Server]String or binary data would be truncated. (8152) (SQLExecDirectW)')
[SQL: insert into records values('CC2Servicenummer','Belgrad','Nicht übermittelt','trz_bmaksimovic',                                  '4933754949864','','Nicht übermittelt','4933754949864_Saturday, December 28, 2019_7:48:10 PM')]
(Background on this error at: http://sqlalche.me/e/9h9h)
Wed, 08 Jan 2020 11:55:43 - INFO - 123TV DB import
Wed, 08 Jan 2020 11:55:48 - INFO - Failed on 123TV DB import at: 2020-01-08_11-45-20, for following calling party: 4933754949864, for agent id: 3036, with error:Invalid XML content received (Start tag expected, '<' not found, line 1, column 1)
Wed, 08 Jan 2020 12:00:55 - INFO - Connect to DB
Wed, 08 Jan 2020 12:00:55 - INFO - TRIZMA DB import
Wed, 08 Jan 2020 12:00:55 - INFO - Failed on TRIZMA DB import at: 2020-01-08_11-45-20, for following calling party: 495146929563, for agent id: trz_madamovic, with error:(pyodbc.DataError) ('22001', '[22001] [Microsoft][ODBC Driver 17 for SQL Server][SQL Server]String or binary data would be truncated. (8152) (SQLExecDirectW)')
[SQL: insert into records values('CC2Servicenummer','Belgrad','Nicht übermittelt','trz_madamovic',                                  '495146929563','','Nicht übermittelt','495146929563_Wednesday, January 08, 2020_1:00:46 PM')]
(Background on this error at: http://sqlalche.me/e/9h9h)
Wed, 08 Jan 2020 12:00:55 - INFO - 123TV DB import
Wed, 08 Jan 2020 12:01:00 - INFO - Failed on 123TV DB import at: 2020-01-08_11-45-20, for following calling party: 495146929563, for agent id: 3067, with error:Invalid XML content received (Start tag expected, '<' not found, line 1, column 1)
Wed, 08 Jan 2020 12:01:39 - INFO - Connect to DB
Wed, 08 Jan 2020 12:01:39 - INFO - TRIZMA DB import
Wed, 08 Jan 2020 12:01:39 - INFO - 123TV DB import
Wed, 08 Jan 2020 12:01:44 - INFO - Failed on 123TV DB import at: 2020-01-08_11-45-20, for following calling party: 493534149757, for agent id: 3036, with error:Invalid XML content received (Start tag expected, '<' not found, line 1, column 1)
Wed, 08 Jan 2020 12:02:38 - INFO - Connect to DB
Wed, 08 Jan 2020 12:02:38 - INFO - TRIZMA DB import
Wed, 08 Jan 2020 12:02:38 - INFO - 123TV DB import
Wed, 08 Jan 2020 12:02:43 - INFO - Failed on 123TV DB import at: 2020-01-08_11-45-20, for following calling party: 49306622063, for agent id: 3105, with error:Invalid XML content received (Start tag expected, '<' not found, line 1, column 1)
Wed, 08 Jan 2020 12:07:57 - INFO - Connect to DB
Wed, 08 Jan 2020 12:07:57 - INFO - TRIZMA DB import
Wed, 08 Jan 2020 12:07:57 - INFO - 123TV DB import
Wed, 08 Jan 2020 12:08:02 - INFO - Failed on 123TV DB import at: 2020-01-08_11-45-20, for following calling party: 495525999815, for agent id: 3098, with error:Invalid XML content received (Start tag expected, '<' not found, line 1, column 1)
Wed, 08 Jan 2020 12:11:41 - INFO - Connect to DB
Wed, 08 Jan 2020 12:11:41 - INFO - TRIZMA DB import
Wed, 08 Jan 2020 12:11:41 - INFO - 123TV DB import
Wed, 08 Jan 2020 12:11:46 - INFO - Failed on 123TV DB import at: 2020-01-08_11-45-20, for following calling party: 491722905878, for agent id: 3036, with error:Invalid XML content received (Start tag expected, '<' not found, line 1, column 1)
Wed, 08 Jan 2020 12:13:20 - INFO - Connect to DB
Wed, 08 Jan 2020 12:13:20 - INFO - TRIZMA DB import
Wed, 08 Jan 2020 12:13:20 - INFO - Failed on TRIZMA DB import at: 2020-01-08_11-45-20, for following calling party: 4967314711767, for agent id: trz_tjurjevic, with error:(pyodbc.DataError) ('22001', '[22001] [Microsoft][ODBC Driver 17 for SQL Server][SQL Server]String or binary data would be truncated. (8152) (SQLExecDirectW)')
[SQL: insert into records values('CC2Servicenummer','Belgrad','Nicht übermittelt','trz_tjurjevic',                                  '4967314711767','','Nicht übermittelt','4967314711767_Wednesday, January 08, 2020_1:13:16 PM')]
(Background on this error at: http://sqlalche.me/e/9h9h)
Wed, 08 Jan 2020 12:13:20 - INFO - 123TV DB import
Wed, 08 Jan 2020 12:13:25 - INFO - Failed on 123TV DB import at: 2020-01-08_11-45-20, for following calling party: 4967314711767, for agent id: 3105, with error:Invalid XML content received (Start tag expected, '<' not found, line 1, column 1)
Wed, 08 Jan 2020 12:15:28 - INFO - Connect to DB
Wed, 08 Jan 2020 12:15:28 - INFO - TRIZMA DB import
Wed, 08 Jan 2020 12:15:28 - INFO - 123TV DB import
Wed, 08 Jan 2020 12:15:33 - INFO - Failed on 123TV DB import at: 2020-01-08_11-45-20, for following calling party: 4923914498, for agent id: 3098, with error:Invalid XML content received (Start tag expected, '<' not found, line 1, column 1)
Wed, 08 Jan 2020 12:21:05 - INFO - Connect to DB
Wed, 08 Jan 2020 12:21:05 - INFO - TRIZMA DB import
Wed, 08 Jan 2020 12:21:05 - INFO - Failed on TRIZMA DB import at: 2020-01-08_11-45-20, for following calling party: 4936331471478, for agent id: trz_madamovic, with error:(pyodbc.DataError) ('22001', '[22001] [Microsoft][ODBC Driver 17 for SQL Server][SQL Server]String or binary data would be truncated. (8152) (SQLExecDirectW)')
[SQL: insert into records values('CC2Servicenummer','Belgrad','Nicht übermittelt','trz_madamovic',                                  '4936331471478','','Nicht übermittelt','4936331471478_Wednesday, January 08, 2020_1:21:00 PM')]
(Background on this error at: http://sqlalche.me/e/9h9h)
Wed, 08 Jan 2020 12:21:05 - INFO - 123TV DB import
Wed, 08 Jan 2020 12:21:10 - INFO - Failed on 123TV DB import at: 2020-01-08_11-45-20, for following calling party: 4936331471478, for agent id: 3067, with error:Invalid XML content received (Start tag expected, '<' not found, line 1, column 1)
Wed, 08 Jan 2020 12:21:13 - INFO - Connect to DB
Wed, 08 Jan 2020 12:21:13 - INFO - TRIZMA DB import
Wed, 08 Jan 2020 12:21:13 - INFO - 123TV DB import
Wed, 08 Jan 2020 12:21:19 - INFO - Failed on 123TV DB import at: 2020-01-08_11-45-20, for following calling party: 491626086549, for agent id: 3098, with error:Invalid XML content received (Start tag expected, '<' not found, line 1, column 1)
Wed, 08 Jan 2020 12:22:12 - INFO - Connect to DB
Wed, 08 Jan 2020 12:22:12 - INFO - TRIZMA DB import
Wed, 08 Jan 2020 12:22:12 - INFO - 123TV DB import
Wed, 08 Jan 2020 12:22:17 - INFO - Failed on 123TV DB import at: 2020-01-08_11-45-20, for following calling party: 491624337281, for agent id: 3098, with error:Invalid XML content received (Start tag expected, '<' not found, line 1, column 1)
Wed, 08 Jan 2020 12:27:38 - INFO - Connect to DB
Wed, 08 Jan 2020 12:27:39 - INFO - TRIZMA DB import
Wed, 08 Jan 2020 12:27:39 - INFO - 123TV DB import
Wed, 08 Jan 2020 12:27:44 - INFO - Failed on 123TV DB import at: 2020-01-08_11-45-20, for following calling party: 494034922777, for agent id: 3098, with error:Invalid XML content received (Start tag expected, '<' not found, line 1, column 1)
Wed, 08 Jan 2020 12:28:14 - INFO - Connect to DB
Wed, 08 Jan 2020 12:28:14 - INFO - TRIZMA DB import
Wed, 08 Jan 2020 12:28:14 - INFO - 123TV DB import
Wed, 08 Jan 2020 12:28:19 - INFO - Failed on 123TV DB import at: 2020-01-08_11-45-20, for following calling party: 494491786150, for agent id: 3098, with error:Invalid XML content received (Start tag expected, '<' not found, line 1, column 1)
Wed, 08 Jan 2020 12:29:10 - INFO - Connect to DB
Wed, 08 Jan 2020 12:29:10 - INFO - TRIZMA DB import
Wed, 08 Jan 2020 12:29:10 - INFO - 123TV DB import
Wed, 08 Jan 2020 12:29:15 - INFO - Failed on 123TV DB import at: 2020-01-08_11-45-20, for following calling party: 491785755332, for agent id: 3098, with error:Invalid XML content received (Start tag expected, '<' not found, line 1, column 1)
Wed, 08 Jan 2020 12:30:14 - INFO - Connect to DB
Wed, 08 Jan 2020 12:30:14 - INFO - TRIZMA DB import
Wed, 08 Jan 2020 12:30:14 - INFO - 123TV DB import
Wed, 08 Jan 2020 12:30:19 - INFO - Failed on 123TV DB import at: 2020-01-08_11-45-20, for following calling party: 491635855058, for agent id: 3191, with error:Invalid XML content received (Start tag expected, '<' not found, line 1, column 1)
Wed, 08 Jan 2020 12:33:20 - INFO - Connect to DB
Wed, 08 Jan 2020 12:33:20 - INFO - TRIZMA DB import
Wed, 08 Jan 2020 12:33:20 - INFO - 123TV DB import
Wed, 08 Jan 2020 12:33:25 - INFO - Failed on 123TV DB import at: 2020-01-08_11-45-20, for following calling party: 493364410640, for agent id: 3036, with error:Invalid XML content received (Start tag expected, '<' not found, line 1, column 1)
Wed, 08 Jan 2020 12:33:55 - INFO - Connect to DB
Wed, 08 Jan 2020 12:33:55 - INFO - TRIZMA DB import
Wed, 08 Jan 2020 12:33:55 - INFO - 123TV DB import
Wed, 08 Jan 2020 12:34:00 - INFO - Failed on 123TV DB import at: 2020-01-08_11-45-20, for following calling party: 4915733344107, for agent id: 3036, with error:Invalid XML content received (Start tag expected, '<' not found, line 1, column 1)
Wed, 08 Jan 2020 12:34:11 - INFO - Connect to DB
Wed, 08 Jan 2020 12:34:11 - INFO - TRIZMA DB import
Wed, 08 Jan 2020 12:34:11 - INFO - 123TV DB import
Wed, 08 Jan 2020 12:34:16 - INFO - Failed on 123TV DB import at: 2020-01-08_11-45-20, for following calling party: 4937612600, for agent id: 3036, with error:Invalid XML content received (Start tag expected, '<' not found, line 1, column 1)
