Fri, 03 Jan 2020 07:14:03 - INFO - Connect to DB
Fri, 03 Jan 2020 07:14:04 - INFO - TRIZMA DB import
Fri, 03 Jan 2020 07:14:04 - INFO - 123TV DB import
Fri, 03 Jan 2020 07:15:06 - INFO - Connect to DB
Fri, 03 Jan 2020 07:15:06 - INFO - TRIZMA DB import
Fri, 03 Jan 2020 07:15:06 - INFO - Failed on TRIZMA DB import at: 2020-01-02_18-51-49, for following calling party: 4935796885342, for agent id: trz_sstankovic, with error:(pyodbc.DataError) ('22001', '[22001] [Microsoft][ODBC Driver 17 for SQL Server][SQL Server]String or binary data would be truncated. (8152) (SQLExecDirectW)')
[SQL: insert into records values('CC2Servicenummer','Belgrad','Nicht übermittelt','trz_sstankovic',                                  '4935796885342','','Nicht übermittelt','4935796885342_Tuesday, December 31, 2019_8:57:08 AM')]
(Background on this error at: http://sqlalche.me/e/9h9h)
Fri, 03 Jan 2020 07:15:06 - INFO - 123TV DB import
Fri, 03 Jan 2020 07:16:36 - INFO - Connect to DB
Fri, 03 Jan 2020 07:16:36 - INFO - TRIZMA DB import
Fri, 03 Jan 2020 07:16:36 - INFO - Failed on TRIZMA DB import at: 2020-01-02_18-51-49, for following calling party: 495525999815, for agent id: trz_bmaksimovic, with error:(pyodbc.DataError) ('22001', '[22001] [Microsoft][ODBC Driver 17 for SQL Server][SQL Server]String or binary data would be truncated. (8152) (SQLExecDirectW)')
[SQL: insert into records values('CC2Servicenummer','Belgrad','Nicht übermittelt','trz_bmaksimovic',                                  '495525999815','','Nicht übermittelt','495525999815_Saturday, December 28, 2019_12:16:25 PM')]
(Background on this error at: http://sqlalche.me/e/9h9h)
Fri, 03 Jan 2020 07:16:36 - INFO - 123TV DB import
Fri, 03 Jan 2020 07:17:52 - INFO - Connect to DB
Fri, 03 Jan 2020 07:17:52 - INFO - TRIZMA DB import
Fri, 03 Jan 2020 07:17:52 - INFO - Failed on TRIZMA DB import at: 2020-01-02_18-51-49, for following calling party: 493662621267, for agent id: trz_bmaksimovic, with error:(pyodbc.DataError) ('22001', '[22001] [Microsoft][ODBC Driver 17 for SQL Server][SQL Server]String or binary data would be truncated. (8152) (SQLExecDirectW)')
[SQL: insert into records values('CC2Servicenummer','Belgrad','Nicht übermittelt','trz_bmaksimovic',                                  '493662621267','','Nicht übermittelt','493662621267_Saturday, December 28, 2019_1:30:26 PM')]
(Background on this error at: http://sqlalche.me/e/9h9h)
Fri, 03 Jan 2020 07:17:52 - INFO - 123TV DB import
