Mon, 06 Jan 2020 17:02:51 - INFO - Connect to DB
Mon, 06 Jan 2020 17:02:51 - INFO - TRIZMA DB import
Mon, 06 Jan 2020 17:02:51 - INFO - 123TV DB import
Mon, 06 Jan 2020 17:05:59 - INFO - Connect to DB
Mon, 06 Jan 2020 17:05:59 - INFO - TRIZMA DB import
Mon, 06 Jan 2020 17:05:59 - INFO - 123TV DB import
Mon, 06 Jan 2020 17:22:51 - INFO - Connect to DB
Mon, 06 Jan 2020 17:22:51 - INFO - TRIZMA DB import
Mon, 06 Jan 2020 17:22:51 - INFO - 123TV DB import
Mon, 06 Jan 2020 18:42:18 - INFO - Connect to DB
Mon, 06 Jan 2020 18:42:19 - INFO - TRIZMA DB import
Mon, 06 Jan 2020 18:42:19 - INFO - 123TV DB import
Tue, 07 Jan 2020 07:04:22 - INFO - Connect to DB
Tue, 07 Jan 2020 07:04:22 - INFO - TRIZMA DB import
Tue, 07 Jan 2020 07:04:23 - INFO - 123TV DB import
Tue, 07 Jan 2020 07:05:21 - INFO - Connect to DB
Tue, 07 Jan 2020 07:05:21 - INFO - TRIZMA DB import
Tue, 07 Jan 2020 07:05:21 - INFO - 123TV DB import
Tue, 07 Jan 2020 07:05:34 - INFO - Connect to DB
Tue, 07 Jan 2020 07:05:34 - INFO - TRIZMA DB import
Tue, 07 Jan 2020 07:05:34 - INFO - 123TV DB import
Tue, 07 Jan 2020 07:05:40 - INFO - Connect to DB
Tue, 07 Jan 2020 07:05:40 - INFO - TRIZMA DB import
Tue, 07 Jan 2020 07:05:40 - INFO - 123TV DB import
Tue, 07 Jan 2020 07:07:38 - INFO - Connect to DB
Tue, 07 Jan 2020 07:07:38 - INFO - TRIZMA DB import
Tue, 07 Jan 2020 07:07:38 - INFO - 123TV DB import
Tue, 07 Jan 2020 07:09:17 - INFO - Connect to DB
Tue, 07 Jan 2020 07:09:17 - INFO - TRIZMA DB import
Tue, 07 Jan 2020 07:09:17 - INFO - 123TV DB import
Tue, 07 Jan 2020 07:13:36 - INFO - Connect to DB
Tue, 07 Jan 2020 07:13:36 - INFO - TRIZMA DB import
Tue, 07 Jan 2020 07:13:36 - INFO - 123TV DB import
Tue, 07 Jan 2020 07:14:12 - INFO - Connect to DB
Tue, 07 Jan 2020 07:14:12 - INFO - TRIZMA DB import
Tue, 07 Jan 2020 07:14:12 - INFO - 123TV DB import
