Tue, 21 Jan 2020 08:10:15 - INFO - Connect to DB
Tue, 21 Jan 2020 08:10:15 - INFO - TRIZMA DB import
Tue, 21 Jan 2020 08:10:15 - INFO - 123TV DB import
Tue, 21 Jan 2020 08:20:37 - INFO - Connect to DB
Tue, 21 Jan 2020 08:20:37 - INFO - TRIZMA DB import
Tue, 21 Jan 2020 08:20:37 - INFO - 123TV DB import
Tue, 21 Jan 2020 08:20:52 - INFO - Connect to DB
Tue, 21 Jan 2020 08:20:52 - INFO - TRIZMA DB import
Tue, 21 Jan 2020 08:20:52 - INFO - 123TV DB import
Tue, 21 Jan 2020 08:21:02 - INFO - Connect to DB
Tue, 21 Jan 2020 08:21:02 - INFO - TRIZMA DB import
Tue, 21 Jan 2020 08:21:02 - INFO - 123TV DB import
Tue, 21 Jan 2020 08:21:17 - INFO - Connect to DB
Tue, 21 Jan 2020 08:21:17 - INFO - TRIZMA DB import
Tue, 21 Jan 2020 08:21:18 - INFO - 123TV DB import
Tue, 21 Jan 2020 08:22:13 - INFO - Connect to DB
Tue, 21 Jan 2020 08:22:13 - INFO - TRIZMA DB import
Tue, 21 Jan 2020 08:22:13 - INFO - 123TV DB import
Tue, 21 Jan 2020 08:25:23 - INFO - Connect to DB
Tue, 21 Jan 2020 08:25:23 - INFO - TRIZMA DB import
Tue, 21 Jan 2020 08:25:23 - INFO - 123TV DB import
Tue, 21 Jan 2020 08:25:53 - INFO - Connect to DB
Tue, 21 Jan 2020 08:25:53 - INFO - TRIZMA DB import
Tue, 21 Jan 2020 08:25:53 - INFO - 123TV DB import
Tue, 21 Jan 2020 08:26:03 - INFO - Connect to DB
Tue, 21 Jan 2020 08:26:03 - INFO - TRIZMA DB import
Tue, 21 Jan 2020 08:26:03 - INFO - Failed on TRIZMA DB import at: 2020-01-21_08-08-24, for following calling party: 4915259531604, for agent id: trz_bmaksimovic, with error:(pyodbc.DataError) ('22001', '[22001] [Microsoft][ODBC Driver 17 for SQL Server][SQL Server]String or binary data would be truncated. (8152) (SQLExecDirectW)')
[SQL: insert into records values('CC2Servicenummer','Belgrad','Nicht übermittelt','trz_bmaksimovic',                                 '4915259531604','','Nicht übermittelt','4915259531604_Tuesday, January 14, 2020_11:52:44 AM','BOR_MAKSIM')]
(Background on this error at: http://sqlalche.me/e/9h9h)
Tue, 21 Jan 2020 08:26:03 - INFO - 123TV DB import
Tue, 21 Jan 2020 08:26:41 - INFO - Connect to DB
Tue, 21 Jan 2020 08:26:41 - INFO - TRIZMA DB import
Tue, 21 Jan 2020 08:26:41 - INFO - 123TV DB import
Tue, 21 Jan 2020 08:27:20 - INFO - Connect to DB
Tue, 21 Jan 2020 08:27:20 - INFO - TRIZMA DB import
Tue, 21 Jan 2020 08:27:20 - INFO - 123TV DB import
Tue, 21 Jan 2020 08:27:51 - INFO - Connect to DB
Tue, 21 Jan 2020 08:27:51 - INFO - TRIZMA DB import
Tue, 21 Jan 2020 08:27:51 - INFO - 123TV DB import
Tue, 21 Jan 2020 08:31:59 - INFO - Connect to DB
Tue, 21 Jan 2020 08:31:59 - INFO - TRIZMA DB import
Tue, 21 Jan 2020 08:31:59 - INFO - 123TV DB import
