Sat, 11 Jan 2020 11:27:13 - INFO - Connect to DB
Sat, 11 Jan 2020 11:27:13 - INFO - TRIZMA DB import
Sat, 11 Jan 2020 11:27:13 - INFO - Failed on TRIZMA DB import at: 2020-01-11_11-25-55, for following calling party: 493338761956, for agent id: trz_tjurjevic, with error:(pyodbc.DataError) ('22001', '[22001] [Microsoft][ODBC Driver 17 for SQL Server][SQL Server]String or binary data would be truncated. (8152) (SQLExecDirectW)')
[SQL: insert into records values('CC2Servicenummer','Belgrad','Nicht übermittelt','trz_tjurjevic',                                  '493338761956','','Nicht übermittelt','493338761956_Saturday, January 11, 2020_12:27:12 PM')]
(Background on this error at: http://sqlalche.me/e/9h9h)
Sat, 11 Jan 2020 11:27:13 - INFO - 123TV DB import
Sat, 11 Jan 2020 11:27:18 - INFO - Failed on 123TV DB import at: 2020-01-11_11-25-55, for following calling party: 493338761956, for agent id: 3105, with error:Missing element acd_id (importCallMetaData.acd_id)
Sat, 11 Jan 2020 11:28:16 - INFO - Connect to DB
Sat, 11 Jan 2020 11:28:16 - INFO - TRIZMA DB import
Sat, 11 Jan 2020 11:28:16 - INFO - 123TV DB import
Sat, 11 Jan 2020 11:28:21 - INFO - Failed on 123TV DB import at: 2020-01-11_11-25-55, for following calling party: 49309353514, for agent id: 3067, with error:Missing element acd_id (importCallMetaData.acd_id)
Sat, 11 Jan 2020 11:38:31 - INFO - Connect to DB
Sat, 11 Jan 2020 11:38:31 - INFO - TRIZMA DB import
Sat, 11 Jan 2020 11:38:31 - INFO - 123TV DB import
Sat, 11 Jan 2020 11:38:36 - INFO - Failed on 123TV DB import at: 2020-01-11_11-25-55, for following calling party: 493371621516, for agent id: 3155, with error:Missing element acd_id (importCallMetaData.acd_id)
Sat, 11 Jan 2020 11:39:16 - INFO - Connect to DB
Sat, 11 Jan 2020 11:39:16 - INFO - TRIZMA DB import
Sat, 11 Jan 2020 11:39:16 - INFO - Failed on TRIZMA DB import at: 2020-01-11_11-25-55, for following calling party: 493607180753, for agent id: trz_madamovic, with error:(pyodbc.DataError) ('22001', '[22001] [Microsoft][ODBC Driver 17 for SQL Server][SQL Server]String or binary data would be truncated. (8152) (SQLExecDirectW)')
[SQL: insert into records values('CC2Servicenummer','Belgrad','Nicht übermittelt','trz_madamovic',                                  '493607180753','','Nicht übermittelt','493607180753_Tuesday, December 31, 2019_10:47:16 AM')]
(Background on this error at: http://sqlalche.me/e/9h9h)
Sat, 11 Jan 2020 11:39:16 - INFO - 123TV DB import
Sat, 11 Jan 2020 11:39:21 - INFO - Failed on 123TV DB import at: 2020-01-11_11-25-55, for following calling party: 493607180753, for agent id: 3067, with error:Missing element acd_id (importCallMetaData.acd_id)
Sat, 11 Jan 2020 11:39:58 - INFO - Connect to DB
Sat, 11 Jan 2020 11:39:58 - INFO - TRIZMA DB import
Sat, 11 Jan 2020 11:39:58 - INFO - Failed on TRIZMA DB import at: 2020-01-11_11-25-55, for following calling party: 4921529949498, for agent id: trz_madamovic, with error:(pyodbc.DataError) ('22001', '[22001] [Microsoft][ODBC Driver 17 for SQL Server][SQL Server]String or binary data would be truncated. (8152) (SQLExecDirectW)')
[SQL: insert into records values('CC2Servicenummer','Belgrad','Nicht übermittelt','trz_madamovic',                                  '4921529949498','','Nicht übermittelt','4921529949498_Tuesday, December 31, 2019_11:59:49 AM')]
(Background on this error at: http://sqlalche.me/e/9h9h)
Sat, 11 Jan 2020 11:39:58 - INFO - 123TV DB import
Sat, 11 Jan 2020 11:40:03 - INFO - Failed on 123TV DB import at: 2020-01-11_11-25-55, for following calling party: 4921529949498, for agent id: 3067, with error:Missing element acd_id (importCallMetaData.acd_id)
Sat, 11 Jan 2020 11:43:45 - INFO - Connect to DB
Sat, 11 Jan 2020 11:43:45 - INFO - TRIZMA DB import
Sat, 11 Jan 2020 11:43:45 - INFO - 123TV DB import
Sat, 11 Jan 2020 11:43:50 - INFO - Failed on 123TV DB import at: 2020-01-11_11-25-55, for following calling party: 4937612600, for agent id: 3067, with error:Missing element acd_id (importCallMetaData.acd_id)
Sat, 11 Jan 2020 11:44:06 - INFO - Connect to DB
Sat, 11 Jan 2020 11:44:06 - INFO - TRIZMA DB import
Sat, 11 Jan 2020 11:44:06 - INFO - Failed on TRIZMA DB import at: 2020-01-11_11-25-55, for following calling party: 4923092019932, for agent id: trz_madamovic, with error:(pyodbc.DataError) ('22001', '[22001] [Microsoft][ODBC Driver 17 for SQL Server][SQL Server]String or binary data would be truncated. (8152) (SQLExecDirectW)')
[SQL: insert into records values('CC2Servicenummer','Belgrad','Nicht übermittelt','trz_madamovic',                                  '4923092019932','','Nicht übermittelt','4923092019932_Tuesday, December 31, 2019_1:18:50 PM')]
(Background on this error at: http://sqlalche.me/e/9h9h)
Sat, 11 Jan 2020 11:44:06 - INFO - 123TV DB import
Sat, 11 Jan 2020 11:44:11 - INFO - Failed on 123TV DB import at: 2020-01-11_11-25-55, for following calling party: 4923092019932, for agent id: 3067, with error:Missing element acd_id (importCallMetaData.acd_id)
Sat, 11 Jan 2020 11:47:29 - INFO - Connect to DB
Sat, 11 Jan 2020 11:47:29 - INFO - TRIZMA DB import
Sat, 11 Jan 2020 11:47:29 - INFO - Failed on TRIZMA DB import at: 2020-01-11_11-25-55, for following calling party: 4933343794180, for agent id: trz_tjurjevic, with error:(pyodbc.DataError) ('22001', '[22001] [Microsoft][ODBC Driver 17 for SQL Server][SQL Server]String or binary data would be truncated. (8152) (SQLExecDirectW)')
[SQL: insert into records values('CC2Servicenummer','Belgrad','Nicht übermittelt','trz_tjurjevic',                                  '4933343794180','','Nicht übermittelt','4933343794180_Saturday, January 11, 2020_12:47:27 PM')]
(Background on this error at: http://sqlalche.me/e/9h9h)
Sat, 11 Jan 2020 11:47:29 - INFO - 123TV DB import
Sat, 11 Jan 2020 11:47:34 - INFO - Failed on 123TV DB import at: 2020-01-11_11-25-55, for following calling party: 4933343794180, for agent id: 3105, with error:Missing element acd_id (importCallMetaData.acd_id)
