Tue, 07 Jan 2020 08:11:02 - INFO - Connect to DB
Tue, 07 Jan 2020 08:11:02 - INFO - TRIZMA DB import
Tue, 07 Jan 2020 08:11:02 - INFO - 123TV DB import
Tue, 07 Jan 2020 08:11:24 - INFO - Connect to DB
Tue, 07 Jan 2020 08:11:24 - INFO - TRIZMA DB import
Tue, 07 Jan 2020 08:11:24 - INFO - 123TV DB import
Tue, 07 Jan 2020 08:12:14 - INFO - Connect to DB
Tue, 07 Jan 2020 08:12:14 - INFO - TRIZMA DB import
Tue, 07 Jan 2020 08:12:14 - INFO - 123TV DB import
Tue, 07 Jan 2020 08:13:44 - INFO - Connect to DB
Tue, 07 Jan 2020 08:13:44 - INFO - TRIZMA DB import
Tue, 07 Jan 2020 08:13:44 - INFO - Failed on TRIZMA DB import at: 2020-01-07_08-06-00, for following calling party: 4915229040765, for agent id: trz_sstankovic, with error:(pyodbc.DataError) ('22001', '[22001] [Microsoft][ODBC Driver 17 for SQL Server][SQL Server]String or binary data would be truncated. (8152) (SQLExecDirectW)')
[SQL: insert into records values('CC2Servicenummer','Belgrad','Nicht übermittelt','trz_sstankovic',                                  '4915229040765','','Nicht übermittelt','4915229040765_Saturday, January 04, 2020_9:49:10 AM')]
(Background on this error at: http://sqlalche.me/e/9h9h)
Tue, 07 Jan 2020 08:13:44 - INFO - 123TV DB import
Tue, 07 Jan 2020 08:14:25 - INFO - Connect to DB
Tue, 07 Jan 2020 08:14:25 - INFO - TRIZMA DB import
Tue, 07 Jan 2020 08:14:25 - INFO - Failed on TRIZMA DB import at: 2020-01-07_08-06-00, for following calling party: 4915237293666, for agent id: trz_sstankovic, with error:(pyodbc.DataError) ('22001', '[22001] [Microsoft][ODBC Driver 17 for SQL Server][SQL Server]String or binary data would be truncated. (8152) (SQLExecDirectW)')
[SQL: insert into records values('CC2Servicenummer','Belgrad','Nicht übermittelt','trz_sstankovic',                                  '4915237293666','','Nicht übermittelt','4915237293666_Saturday, January 04, 2020_10:25:49 AM')]
(Background on this error at: http://sqlalche.me/e/9h9h)
Tue, 07 Jan 2020 08:14:25 - INFO - 123TV DB import
Tue, 07 Jan 2020 08:14:50 - INFO - Connect to DB
Tue, 07 Jan 2020 08:14:50 - INFO - TRIZMA DB import
Tue, 07 Jan 2020 08:14:50 - INFO - Failed on TRIZMA DB import at: 2020-01-07_08-06-00, for following calling party: 4934606367128, for agent id: trz_sstankovic, with error:(pyodbc.DataError) ('22001', '[22001] [Microsoft][ODBC Driver 17 for SQL Server][SQL Server]String or binary data would be truncated. (8152) (SQLExecDirectW)')
[SQL: insert into records values('CC2Servicenummer','Belgrad','Nicht übermittelt','trz_sstankovic',                                  '4934606367128','','Nicht übermittelt','4934606367128_Saturday, January 04, 2020_11:00:43 AM')]
(Background on this error at: http://sqlalche.me/e/9h9h)
Tue, 07 Jan 2020 08:14:50 - INFO - 123TV DB import
Tue, 07 Jan 2020 08:15:13 - INFO - Connect to DB
Tue, 07 Jan 2020 08:15:13 - INFO - TRIZMA DB import
Tue, 07 Jan 2020 08:15:13 - INFO - 123TV DB import
Tue, 07 Jan 2020 08:18:50 - INFO - Connect to DB
Tue, 07 Jan 2020 08:18:50 - INFO - TRIZMA DB import
Tue, 07 Jan 2020 08:18:50 - INFO - 123TV DB import
Tue, 07 Jan 2020 08:18:55 - INFO - Connect to DB
Tue, 07 Jan 2020 08:18:55 - INFO - TRIZMA DB import
Tue, 07 Jan 2020 08:18:55 - INFO - 123TV DB import
Tue, 07 Jan 2020 08:19:07 - INFO - Connect to DB
Tue, 07 Jan 2020 08:19:07 - INFO - TRIZMA DB import
Tue, 07 Jan 2020 08:19:07 - INFO - 123TV DB import
Tue, 07 Jan 2020 08:19:13 - INFO - Connect to DB
Tue, 07 Jan 2020 08:19:13 - INFO - TRIZMA DB import
Tue, 07 Jan 2020 08:19:13 - INFO - 123TV DB import
Tue, 07 Jan 2020 08:24:50 - INFO - Connect to DB
Tue, 07 Jan 2020 08:24:50 - INFO - TRIZMA DB import
Tue, 07 Jan 2020 08:24:50 - INFO - 123TV DB import
Tue, 07 Jan 2020 08:25:57 - INFO - Connect to DB
Tue, 07 Jan 2020 08:25:57 - INFO - TRIZMA DB import
Tue, 07 Jan 2020 08:25:57 - INFO - 123TV DB import
Tue, 07 Jan 2020 08:30:11 - INFO - Connect to DB
Tue, 07 Jan 2020 08:30:11 - INFO - TRIZMA DB import
Tue, 07 Jan 2020 08:30:11 - INFO - 123TV DB import
