Sun, 19 Jan 2020 10:09:51 - INFO - Connect to DB
Sun, 19 Jan 2020 10:09:52 - INFO - TRIZMA DB import
Sun, 19 Jan 2020 10:09:52 - INFO - 123TV DB import
Sun, 19 Jan 2020 10:16:13 - INFO - Connect to DB
Sun, 19 Jan 2020 10:16:13 - INFO - TRIZMA DB import
Sun, 19 Jan 2020 10:16:13 - INFO - 123TV DB import
Sun, 19 Jan 2020 10:39:58 - INFO - Connect to DB
Sun, 19 Jan 2020 10:39:58 - INFO - TRIZMA DB import
Sun, 19 Jan 2020 10:39:58 - INFO - 123TV DB import
Sun, 19 Jan 2020 11:20:07 - INFO - Connect to DB
Sun, 19 Jan 2020 11:20:07 - INFO - TRIZMA DB import
Sun, 19 Jan 2020 11:20:07 - INFO - 123TV DB import
Sun, 19 Jan 2020 11:25:46 - INFO - Connect to DB
Sun, 19 Jan 2020 11:25:46 - INFO - TRIZMA DB import
Sun, 19 Jan 2020 11:25:46 - INFO - Failed on TRIZMA DB import at: 2020-01-19_09-43-32, for following calling party: 49306042184, for agent id: trz_asilni, with error:(pyodbc.DataError) ('22001', '[22001] [Microsoft][ODBC Driver 17 for SQL Server][SQL Server]String or binary data would be truncated. (8152) (SQLExecDirectW)')
[SQL: insert into records values('CC2Servicenummer','Belgrad','Nicht übermittelt','trz_asilni',                                 '49306042184','','Nicht übermittelt','49306042184_Wednesday, January 15, 2020_12:58:18 PM','ANA_SILNI')]
(Background on this error at: http://sqlalche.me/e/9h9h)
Sun, 19 Jan 2020 11:25:46 - INFO - 123TV DB import
Sun, 19 Jan 2020 11:26:27 - INFO - Connect to DB
Sun, 19 Jan 2020 11:26:27 - INFO - TRIZMA DB import
Sun, 19 Jan 2020 11:26:27 - INFO - Failed on TRIZMA DB import at: 2020-01-19_09-43-32, for following calling party: 497193931053, for agent id: trz_asilni, with error:(pyodbc.DataError) ('22001', '[22001] [Microsoft][ODBC Driver 17 for SQL Server][SQL Server]String or binary data would be truncated. (8152) (SQLExecDirectW)')
[SQL: insert into records values('CC2Servicenummer','Belgrad','Nicht übermittelt','trz_asilni',                                 '497193931053','','Nicht übermittelt','497193931053_Wednesday, January 15, 2020_2:40:56 PM','ANA_SILNI')]
(Background on this error at: http://sqlalche.me/e/9h9h)
Sun, 19 Jan 2020 11:26:27 - INFO - 123TV DB import
Sun, 19 Jan 2020 11:29:54 - INFO - Connect to DB
Sun, 19 Jan 2020 11:29:54 - INFO - TRIZMA DB import
Sun, 19 Jan 2020 11:29:54 - INFO - 123TV DB import
Sun, 19 Jan 2020 11:44:32 - INFO - Connect to DB
Sun, 19 Jan 2020 11:44:32 - INFO - TRIZMA DB import
Sun, 19 Jan 2020 11:44:32 - INFO - 123TV DB import
Sun, 19 Jan 2020 11:45:08 - INFO - Connect to DB
Sun, 19 Jan 2020 11:45:08 - INFO - TRIZMA DB import
Sun, 19 Jan 2020 11:45:08 - INFO - Failed on TRIZMA DB import at: 2020-01-19_09-43-32, for following calling party: 493842226446, for agent id: trz_asilni, with error:(pyodbc.DataError) ('22001', '[22001] [Microsoft][ODBC Driver 17 for SQL Server][SQL Server]String or binary data would be truncated. (8152) (SQLExecDirectW)')
[SQL: insert into records values('CC2Servicenummer','Belgrad','Nicht übermittelt','trz_asilni',                                 '493842226446','','Nicht übermittelt','493842226446_Wednesday, January 15, 2020_6:54:27 PM','ANA_SILNI')]
(Background on this error at: http://sqlalche.me/e/9h9h)
Sun, 19 Jan 2020 11:45:08 - INFO - 123TV DB import
Sun, 19 Jan 2020 11:45:32 - INFO - Connect to DB
Sun, 19 Jan 2020 11:45:32 - INFO - TRIZMA DB import
Sun, 19 Jan 2020 11:45:32 - INFO - 123TV DB import
Sun, 19 Jan 2020 12:07:02 - INFO - Connect to DB
Sun, 19 Jan 2020 12:07:02 - INFO - TRIZMA DB import
Sun, 19 Jan 2020 12:07:02 - INFO - 123TV DB import
