Wed, 15 Jan 2020 09:16:46 - INFO - Connect to DB
Wed, 15 Jan 2020 09:16:46 - INFO - TRIZMA DB import
Wed, 15 Jan 2020 09:16:46 - INFO - Failed on TRIZMA DB import at: 2020-01-15_09-07-28, for following calling party: 491727472641, for agent id: trz_memetovic, with error:(pyodbc.DataError) ('22001', '[22001] [Microsoft][ODBC Driver 17 for SQL Server][SQL Server]String or binary data would be truncated. (8152) (SQLExecDirectW)')
[SQL: insert into records values('CC2Servicenummer','Belgrad','Nicht übermittelt','trz_memetovic',                                 '491727472641','','Nicht übermittelt','491727472641_Wednesday, January 15, 2020_10:16:42 AM','KEN_MEMETO')]
(Background on this error at: http://sqlalche.me/e/9h9h)
Wed, 15 Jan 2020 09:16:46 - INFO - 123TV DB import
Wed, 15 Jan 2020 09:33:01 - INFO - Connect to DB
Wed, 15 Jan 2020 09:33:01 - INFO - TRIZMA DB import
Wed, 15 Jan 2020 09:33:01 - INFO - 123TV DB import
Wed, 15 Jan 2020 09:35:13 - INFO - Connect to DB
Wed, 15 Jan 2020 09:35:13 - INFO - TRIZMA DB import
Wed, 15 Jan 2020 09:35:13 - INFO - Failed on TRIZMA DB import at: 2020-01-15_09-07-28, for following calling party: 4939771816947, for agent id: trz_iastojic, with error:(pyodbc.DataError) ('22001', '[22001] [Microsoft][ODBC Driver 17 for SQL Server][SQL Server]String or binary data would be truncated. (8152) (SQLExecDirectW)')
[SQL: insert into records values('CC2Servicenummer','Belgrad','Nicht übermittelt','trz_iastojic',                                 '4939771816947','','Nicht übermittelt','4939771816947_Wednesday, January 15, 2020_10:35:11 AM','LID_STOJIC')]
(Background on this error at: http://sqlalche.me/e/9h9h)
Wed, 15 Jan 2020 09:35:13 - INFO - 123TV DB import
Wed, 15 Jan 2020 09:40:56 - INFO - Connect to DB
Wed, 15 Jan 2020 09:40:57 - INFO - TRIZMA DB import
Wed, 15 Jan 2020 09:40:57 - INFO - Failed on TRIZMA DB import at: 2020-01-15_09-07-28, for following calling party: 4936695889944, for agent id: trz_hjovic, with error:(pyodbc.DataError) ('22001', '[22001] [Microsoft][ODBC Driver 17 for SQL Server][SQL Server]String or binary data would be truncated. (8152) (SQLExecDirectW)')
[SQL: insert into records values('CC2Servicenummer','Belgrad','Nicht übermittelt','trz_hjovic',                                 '4936695889944','','Nicht übermittelt','4936695889944_Wednesday, January 15, 2020_10:40:55 AM','HRI_JOVIC')]
(Background on this error at: http://sqlalche.me/e/9h9h)
Wed, 15 Jan 2020 09:40:57 - INFO - 123TV DB import
Wed, 15 Jan 2020 09:41:10 - INFO - Connect to DB
Wed, 15 Jan 2020 09:41:10 - INFO - TRIZMA DB import
Wed, 15 Jan 2020 09:41:10 - INFO - 123TV DB import
Wed, 15 Jan 2020 09:42:21 - INFO - Connect to DB
Wed, 15 Jan 2020 09:42:21 - INFO - TRIZMA DB import
Wed, 15 Jan 2020 09:42:21 - INFO - Failed on TRIZMA DB import at: 2020-01-15_09-07-28, for following calling party: 4938757164047, for agent id: trz_memetovic, with error:(pyodbc.DataError) ('22001', '[22001] [Microsoft][ODBC Driver 17 for SQL Server][SQL Server]String or binary data would be truncated. (8152) (SQLExecDirectW)')
[SQL: insert into records values('CC2Servicenummer','Belgrad','Nicht übermittelt','trz_memetovic',                                 '4938757164047','','Nicht übermittelt','4938757164047_Wednesday, January 15, 2020_10:42:15 AM','KEN_MEMETO')]
(Background on this error at: http://sqlalche.me/e/9h9h)
Wed, 15 Jan 2020 09:42:21 - INFO - 123TV DB import
Wed, 15 Jan 2020 09:45:49 - INFO - Connect to DB
Wed, 15 Jan 2020 09:45:49 - INFO - TRIZMA DB import
Wed, 15 Jan 2020 09:45:49 - INFO - 123TV DB import
