Wed, 15 Jan 2020 16:50:18 - INFO - Connect to DB
Wed, 15 Jan 2020 16:50:18 - INFO - TRIZMA DB import
Wed, 15 Jan 2020 16:50:18 - INFO - 123TV DB import
Wed, 15 Jan 2020 17:04:21 - INFO - Connect to DB
Wed, 15 Jan 2020 17:04:21 - INFO - TRIZMA DB import
Wed, 15 Jan 2020 17:04:21 - INFO - 123TV DB import
Wed, 15 Jan 2020 17:19:03 - INFO - Connect to DB
Wed, 15 Jan 2020 17:19:03 - INFO - TRIZMA DB import
Wed, 15 Jan 2020 17:19:03 - INFO - Failed on TRIZMA DB import at: 2020-01-15_16-26-37, for following calling party: 497031604680, for agent id: trz_bmaksimovic, with error:(pyodbc.DataError) ('22001', '[22001] [Microsoft][ODBC Driver 17 for SQL Server][SQL Server]String or binary data would be truncated. (8152) (SQLExecDirectW)')
[SQL: insert into records values('CC2Servicenummer','Belgrad','Nicht übermittelt','trz_bmaksimovic',                                 '497031604680','','Nicht übermittelt','497031604680_Wednesday, January 15, 2020_6:18:57 PM','BOR_MAKSIM')]
(Background on this error at: http://sqlalche.me/e/9h9h)
Wed, 15 Jan 2020 17:19:03 - INFO - 123TV DB import
Wed, 15 Jan 2020 17:20:30 - INFO - Connect to DB
Wed, 15 Jan 2020 17:20:30 - INFO - TRIZMA DB import
Wed, 15 Jan 2020 17:20:30 - INFO - Failed on TRIZMA DB import at: 2020-01-15_16-26-37, for following calling party: 491727840356, for agent id: trz_tjurjevic, with error:(pyodbc.DataError) ('22001', '[22001] [Microsoft][ODBC Driver 17 for SQL Server][SQL Server]String or binary data would be truncated. (8152) (SQLExecDirectW)')
[SQL: insert into records values('CC2Servicenummer','Belgrad','Nicht übermittelt','trz_tjurjevic',                                 '491727840356','','Nicht übermittelt','491727840356_Wednesday, January 15, 2020_6:20:28 PM','TAT_JURJEV')]
(Background on this error at: http://sqlalche.me/e/9h9h)
Wed, 15 Jan 2020 17:20:30 - INFO - 123TV DB import
Wed, 15 Jan 2020 17:35:03 - INFO - Connect to DB
Wed, 15 Jan 2020 17:35:03 - INFO - TRIZMA DB import
Wed, 15 Jan 2020 17:35:03 - INFO - Failed on TRIZMA DB import at: 2020-01-15_16-26-37, for following calling party: 491624977905, for agent id: trz_asilni, with error:(pyodbc.DataError) ('22001', '[22001] [Microsoft][ODBC Driver 17 for SQL Server][SQL Server]String or binary data would be truncated. (8152) (SQLExecDirectW)')
[SQL: insert into records values('CC2Servicenummer','Belgrad','Nicht übermittelt','trz_asilni',                                 '491624977905','','Nicht übermittelt','491624977905_Wednesday, January 15, 2020_6:34:50 PM','ANA_SILNI')]
(Background on this error at: http://sqlalche.me/e/9h9h)
Wed, 15 Jan 2020 17:35:03 - INFO - 123TV DB import
Wed, 15 Jan 2020 17:35:43 - INFO - Connect to DB
Wed, 15 Jan 2020 17:35:43 - INFO - TRIZMA DB import
Wed, 15 Jan 2020 17:35:43 - INFO - 123TV DB import
