Wed, 01 Jan 2020 08:30:30 - INFO - Connect to DB
Wed, 01 Jan 2020 08:30:31 - INFO - TRIZMA DB import
Wed, 01 Jan 2020 08:30:31 - INFO - 123TV DB import
Wed, 01 Jan 2020 11:57:30 - INFO - Connect to DB
Wed, 01 Jan 2020 11:57:30 - INFO - TRIZMA DB import
Wed, 01 Jan 2020 11:57:30 - INFO - Failed on TRIZMA DB import at: 2020-01-01_07-38-19, for following calling party: 4915222708785, for agent id: trz_bmaksimovic, with error:(pyodbc.DataError) ('22001', '[22001] [Microsoft][ODBC Driver 17 for SQL Server][SQL Server]String or binary data would be truncated. (8152) (SQLExecDirectW)')
[SQL: insert into records values('CC2Servicenummer','Belgrad','Nicht übermittelt','trz_bmaksimovic',                                  '4915222708785','','Nicht übermittelt','4915222708785_Saturday, December 28, 2019_1:12:40 PM')]
(Background on this error at: http://sqlalche.me/e/9h9h)
Wed, 01 Jan 2020 11:57:30 - INFO - 123TV DB import
Wed, 01 Jan 2020 11:59:44 - INFO - Connect to DB
Wed, 01 Jan 2020 11:59:44 - INFO - TRIZMA DB import
Wed, 01 Jan 2020 11:59:44 - INFO - 123TV DB import
Wed, 01 Jan 2020 12:02:07 - INFO - Connect to DB
Wed, 01 Jan 2020 12:02:07 - INFO - TRIZMA DB import
Wed, 01 Jan 2020 12:02:07 - INFO - 123TV DB import
Wed, 01 Jan 2020 12:02:32 - INFO - Connect to DB
Wed, 01 Jan 2020 12:02:32 - INFO - TRIZMA DB import
Wed, 01 Jan 2020 12:02:32 - INFO - Failed on TRIZMA DB import at: 2020-01-01_07-38-19, for following calling party: 491781051586, for agent id: trz_madamovic, with error:(pyodbc.DataError) ('22001', '[22001] [Microsoft][ODBC Driver 17 for SQL Server][SQL Server]String or binary data would be truncated. (8152) (SQLExecDirectW)')
[SQL: insert into records values('CC2Servicenummer','Belgrad','Nicht übermittelt','trz_madamovic',                                  '491781051586','','Nicht übermittelt','491781051586_Wednesday, December 25, 2019_2:12:04 PM')]
(Background on this error at: http://sqlalche.me/e/9h9h)
Wed, 01 Jan 2020 12:02:32 - INFO - 123TV DB import
Wed, 01 Jan 2020 12:03:24 - INFO - Connect to DB
Wed, 01 Jan 2020 12:03:24 - INFO - TRIZMA DB import
Wed, 01 Jan 2020 12:03:24 - INFO - 123TV DB import
Wed, 01 Jan 2020 12:03:56 - INFO - Connect to DB
Wed, 01 Jan 2020 12:03:56 - INFO - TRIZMA DB import
Wed, 01 Jan 2020 12:03:56 - INFO - 123TV DB import
Wed, 01 Jan 2020 12:04:01 - INFO - Connect to DB
Wed, 01 Jan 2020 12:04:01 - INFO - TRIZMA DB import
Wed, 01 Jan 2020 12:04:01 - INFO - 123TV DB import
Wed, 01 Jan 2020 12:04:38 - INFO - Connect to DB
Wed, 01 Jan 2020 12:04:38 - INFO - TRIZMA DB import
Wed, 01 Jan 2020 12:04:38 - INFO - 123TV DB import
Wed, 01 Jan 2020 12:05:30 - INFO - Connect to DB
Wed, 01 Jan 2020 12:05:30 - INFO - TRIZMA DB import
Wed, 01 Jan 2020 12:05:30 - INFO - 123TV DB import
Wed, 01 Jan 2020 12:05:35 - INFO - Connect to DB
Wed, 01 Jan 2020 12:05:35 - INFO - TRIZMA DB import
Wed, 01 Jan 2020 12:05:35 - INFO - 123TV DB import
Wed, 01 Jan 2020 12:06:55 - INFO - Connect to DB
Wed, 01 Jan 2020 12:06:55 - INFO - TRIZMA DB import
Wed, 01 Jan 2020 12:06:55 - INFO - 123TV DB import
Wed, 01 Jan 2020 12:07:29 - INFO - Connect to DB
Wed, 01 Jan 2020 12:07:29 - INFO - TRIZMA DB import
Wed, 01 Jan 2020 12:07:29 - INFO - 123TV DB import
Wed, 01 Jan 2020 12:08:02 - INFO - Connect to DB
Wed, 01 Jan 2020 12:08:02 - INFO - TRIZMA DB import
Wed, 01 Jan 2020 12:08:02 - INFO - 123TV DB import
Wed, 01 Jan 2020 12:08:36 - INFO - Connect to DB
Wed, 01 Jan 2020 12:08:36 - INFO - TRIZMA DB import
Wed, 01 Jan 2020 12:08:36 - INFO - Failed on TRIZMA DB import at: 2020-01-01_07-38-19, for following calling party: 4935232328986, for agent id: trz_madamovic, with error:(pyodbc.DataError) ('22001', '[22001] [Microsoft][ODBC Driver 17 for SQL Server][SQL Server]String or binary data would be truncated. (8152) (SQLExecDirectW)')
[SQL: insert into records values('CC2Servicenummer','Belgrad','Nicht übermittelt','trz_madamovic',                                  '4935232328986','','Nicht übermittelt','4935232328986_Tuesday, December 31, 2019_9:34:26 AM')]
(Background on this error at: http://sqlalche.me/e/9h9h)
Wed, 01 Jan 2020 12:08:36 - INFO - 123TV DB import
Wed, 01 Jan 2020 12:12:46 - INFO - Connect to DB
Wed, 01 Jan 2020 12:12:46 - INFO - TRIZMA DB import
Wed, 01 Jan 2020 12:12:46 - INFO - Failed on TRIZMA DB import at: 2020-01-01_07-38-19, for following calling party: 4915738961136, for agent id: trz_bmaksimovic, with error:(pyodbc.DataError) ('22001', '[22001] [Microsoft][ODBC Driver 17 for SQL Server][SQL Server]String or binary data would be truncated. (8152) (SQLExecDirectW)')
[SQL: insert into records values('CC2Servicenummer','Belgrad','Nicht übermittelt','trz_bmaksimovic',                                  '4915738961136','','Nicht übermittelt','4915738961136_Tuesday, December 31, 2019_3:07:36 PM')]
(Background on this error at: http://sqlalche.me/e/9h9h)
Wed, 01 Jan 2020 12:12:46 - INFO - 123TV DB import
Wed, 01 Jan 2020 12:14:21 - INFO - Connect to DB
Wed, 01 Jan 2020 12:14:21 - INFO - TRIZMA DB import
Wed, 01 Jan 2020 12:14:21 - INFO - Failed on TRIZMA DB import at: 2020-01-01_07-38-19, for following calling party: 4937652324086, for agent id: trz_madamovic, with error:(pyodbc.DataError) ('22001', '[22001] [Microsoft][ODBC Driver 17 for SQL Server][SQL Server]String or binary data would be truncated. (8152) (SQLExecDirectW)')
[SQL: insert into records values('CC2Servicenummer','Belgrad','Nicht übermittelt','trz_madamovic',                                  '4937652324086','','Nicht übermittelt','4937652324086_Tuesday, December 31, 2019_12:11:04 PM')]
(Background on this error at: http://sqlalche.me/e/9h9h)
Wed, 01 Jan 2020 12:14:21 - INFO - 123TV DB import
