Mon, 20 Jan 2020 15:48:13 - INFO - Connect to DB
Mon, 20 Jan 2020 15:48:15 - INFO - TRIZMA DB import
Mon, 20 Jan 2020 15:48:17 - INFO - 123TV DB import
Mon, 20 Jan 2020 15:49:11 - INFO - Connect to DB
Mon, 20 Jan 2020 15:49:11 - INFO - TRIZMA DB import
Mon, 20 Jan 2020 15:49:11 - INFO - 123TV DB import
Mon, 20 Jan 2020 15:51:37 - INFO - Connect to DB
Mon, 20 Jan 2020 15:51:37 - INFO - TRIZMA DB import
Mon, 20 Jan 2020 15:51:37 - INFO - 123TV DB import
Mon, 20 Jan 2020 15:53:11 - INFO - Connect to DB
Mon, 20 Jan 2020 15:53:11 - INFO - TRIZMA DB import
Mon, 20 Jan 2020 15:53:11 - INFO - 123TV DB import
Mon, 20 Jan 2020 15:59:47 - INFO - Connect to DB
Mon, 20 Jan 2020 15:59:47 - INFO - TRIZMA DB import
Mon, 20 Jan 2020 15:59:47 - INFO - 123TV DB import
Mon, 20 Jan 2020 16:04:21 - INFO - Connect to DB
Mon, 20 Jan 2020 16:04:21 - INFO - TRIZMA DB import
Mon, 20 Jan 2020 16:04:21 - INFO - 123TV DB import
Mon, 20 Jan 2020 16:25:52 - INFO - Connect to DB
Mon, 20 Jan 2020 16:25:52 - INFO - TRIZMA DB import
Mon, 20 Jan 2020 16:25:52 - INFO - 123TV DB import
Mon, 20 Jan 2020 16:40:08 - INFO - Connect to DB
Mon, 20 Jan 2020 16:40:08 - INFO - TRIZMA DB import
Mon, 20 Jan 2020 16:40:08 - INFO - 123TV DB import
Mon, 20 Jan 2020 17:53:00 - INFO - Connect to DB
Mon, 20 Jan 2020 17:53:00 - INFO - TRIZMA DB import
Mon, 20 Jan 2020 17:53:00 - INFO - 123TV DB import
Mon, 20 Jan 2020 18:37:36 - INFO - Connect to DB
Mon, 20 Jan 2020 18:37:36 - INFO - TRIZMA DB import
Mon, 20 Jan 2020 18:37:36 - INFO - 123TV DB import
Tue, 21 Jan 2020 07:07:04 - INFO - Connect to DB
Tue, 21 Jan 2020 07:07:04 - INFO - TRIZMA DB import
Tue, 21 Jan 2020 07:07:04 - INFO - 123TV DB import
Tue, 21 Jan 2020 07:10:16 - INFO - Connect to DB
Tue, 21 Jan 2020 07:10:17 - INFO - TRIZMA DB import
Tue, 21 Jan 2020 07:10:17 - INFO - 123TV DB import
