Sun, 12 Jan 2020 07:40:52 - INFO - Connect to DB
Sun, 12 Jan 2020 07:40:53 - INFO - TRIZMA DB import
Sun, 12 Jan 2020 07:40:53 - INFO - Failed on TRIZMA DB import at: 2020-01-12_07-36-17, for following calling party: 4937246671378, for agent id: trz_sstankovic, with error:(pyodbc.DataError) ('22001', '[22001] [Microsoft][ODBC Driver 17 for SQL Server][SQL Server]String or binary data would be truncated. (8152) (SQLExecDirectW)')
[SQL: insert into records values('CC2Servicenummer','Belgrad','Nicht übermittelt','trz_sstankovic',                                  '4937246671378','','Nicht übermittelt','4937246671378_Saturday, January 11, 2020_1:42:38 PM')]
(Background on this error at: http://sqlalche.me/e/9h9h)
Sun, 12 Jan 2020 07:40:53 - INFO - 123TV DB import
Sun, 12 Jan 2020 07:40:58 - INFO - Failed on 123TV DB import at: 2020-01-12_07-36-17, for following calling party: 4937246671378, for agent id: 3046, with error:Missing element acd_id (importCallMetaData.acd_id)
Sun, 12 Jan 2020 07:45:58 - INFO - Connect to DB
Sun, 12 Jan 2020 07:45:58 - INFO - TRIZMA DB import
Sun, 12 Jan 2020 07:45:58 - INFO - 123TV DB import
Sun, 12 Jan 2020 07:46:03 - INFO - Failed on 123TV DB import at: 2020-01-12_07-36-17, for following calling party: 49941565105, for agent id: 3046, with error:Missing element acd_id (importCallMetaData.acd_id)
Sun, 12 Jan 2020 07:46:50 - INFO - Connect to DB
Sun, 12 Jan 2020 07:46:50 - INFO - TRIZMA DB import
Sun, 12 Jan 2020 07:46:50 - INFO - 123TV DB import
Sun, 12 Jan 2020 07:46:55 - INFO - Failed on 123TV DB import at: 2020-01-12_07-36-17, for following calling party: 496940585195, for agent id: 3046, with error:Missing element acd_id (importCallMetaData.acd_id)
Sun, 12 Jan 2020 07:46:55 - INFO - Connect to DB
Sun, 12 Jan 2020 07:46:55 - INFO - TRIZMA DB import
Sun, 12 Jan 2020 07:46:55 - INFO - Failed on TRIZMA DB import at: 2020-01-12_07-36-17, for following calling party: 4920529274177, for agent id: trz_sstankovic, with error:(pyodbc.DataError) ('22001', '[22001] [Microsoft][ODBC Driver 17 for SQL Server][SQL Server]String or binary data would be truncated. (8152) (SQLExecDirectW)')
[SQL: insert into records values('CC2Servicenummer','Belgrad','Nicht übermittelt','trz_sstankovic',                                  '4920529274177','','Nicht übermittelt','4920529274177_Saturday, January 11, 2020_3:58:56 PM')]
(Background on this error at: http://sqlalche.me/e/9h9h)
Sun, 12 Jan 2020 07:46:55 - INFO - 123TV DB import
Sun, 12 Jan 2020 07:47:01 - INFO - Failed on 123TV DB import at: 2020-01-12_07-36-17, for following calling party: 4920529274177, for agent id: 3046, with error:Missing element acd_id (importCallMetaData.acd_id)
Sun, 12 Jan 2020 08:37:41 - INFO - Connect to DB
Sun, 12 Jan 2020 08:37:41 - INFO - TRIZMA DB import
Sun, 12 Jan 2020 08:37:41 - INFO - 123TV DB import
Sun, 12 Jan 2020 08:37:46 - INFO - Failed on 123TV DB import at: 2020-01-12_07-36-17, for following calling party: 493578302549, for agent id: 3046, with error:Missing element acd_id (importCallMetaData.acd_id)
Sun, 12 Jan 2020 09:01:49 - INFO - Connect to DB
Sun, 12 Jan 2020 09:01:49 - INFO - TRIZMA DB import
Sun, 12 Jan 2020 09:01:49 - INFO - 123TV DB import
Sun, 12 Jan 2020 09:01:54 - INFO - Failed on 123TV DB import at: 2020-01-12_07-36-17, for following calling party: 496432644411, for agent id: 3117, with error:Missing element acd_id (importCallMetaData.acd_id)
Sun, 12 Jan 2020 09:15:41 - INFO - Connect to DB
Sun, 12 Jan 2020 09:15:41 - INFO - TRIZMA DB import
Sun, 12 Jan 2020 09:15:41 - INFO - 123TV DB import
Sun, 12 Jan 2020 09:15:46 - INFO - Failed on 123TV DB import at: 2020-01-12_07-36-17, for following calling party: 4917672375266, for agent id: 3155, with error:Missing element acd_id (importCallMetaData.acd_id)
Sun, 12 Jan 2020 09:44:26 - INFO - Connect to DB
Sun, 12 Jan 2020 09:44:26 - INFO - TRIZMA DB import
Sun, 12 Jan 2020 09:44:26 - INFO - 123TV DB import
Sun, 12 Jan 2020 09:44:31 - INFO - Failed on 123TV DB import at: 2020-01-12_07-36-17, for following calling party: 4938334283050, for agent id: 3155, with error:Missing element acd_id (importCallMetaData.acd_id)
Sun, 12 Jan 2020 09:59:17 - INFO - Connect to DB
Sun, 12 Jan 2020 09:59:17 - INFO - TRIZMA DB import
Sun, 12 Jan 2020 09:59:18 - INFO - 123TV DB import
Sun, 12 Jan 2020 09:59:23 - INFO - Failed on 123TV DB import at: 2020-01-12_07-36-17, for following calling party: 4937612600, for agent id: 3117, with error:Missing element acd_id (importCallMetaData.acd_id)
Sun, 12 Jan 2020 10:29:32 - INFO - Connect to DB
Sun, 12 Jan 2020 10:29:32 - INFO - TRIZMA DB import
Sun, 12 Jan 2020 10:29:32 - INFO - 123TV DB import
Sun, 12 Jan 2020 10:29:37 - INFO - Failed on 123TV DB import at: 2020-01-12_07-36-17, for following calling party: 4939199088804, for agent id: 3117, with error:Missing element acd_id (importCallMetaData.acd_id)
Sun, 12 Jan 2020 10:41:19 - INFO - Connect to DB
Sun, 12 Jan 2020 10:41:19 - INFO - TRIZMA DB import
Sun, 12 Jan 2020 10:41:19 - INFO - 123TV DB import
Sun, 12 Jan 2020 10:41:24 - INFO - Failed on 123TV DB import at: 2020-01-12_07-36-17, for following calling party: 493490970608, for agent id: 3046, with error:Missing element acd_id (importCallMetaData.acd_id)
Sun, 12 Jan 2020 10:47:30 - INFO - Connect to DB
Sun, 12 Jan 2020 10:47:30 - INFO - TRIZMA DB import
Sun, 12 Jan 2020 10:47:30 - INFO - 123TV DB import
Sun, 12 Jan 2020 10:47:35 - INFO - Failed on 123TV DB import at: 2020-01-12_07-36-17, for following calling party: 49618132946, for agent id: 3105, with error:Missing element acd_id (importCallMetaData.acd_id)
Sun, 12 Jan 2020 10:49:31 - INFO - Connect to DB
Sun, 12 Jan 2020 10:49:31 - INFO - TRIZMA DB import
Sun, 12 Jan 2020 10:49:31 - INFO - 123TV DB import
Sun, 12 Jan 2020 10:49:36 - INFO - Failed on 123TV DB import at: 2020-01-12_07-36-17, for following calling party: 4958219989071, for agent id: 3155, with error:Missing element acd_id (importCallMetaData.acd_id)
Sun, 12 Jan 2020 10:56:43 - INFO - Connect to DB
Sun, 12 Jan 2020 10:56:43 - INFO - TRIZMA DB import
Sun, 12 Jan 2020 10:56:43 - INFO - 123TV DB import
Sun, 12 Jan 2020 10:56:48 - INFO - Failed on 123TV DB import at: 2020-01-12_07-36-17, for following calling party: 493469231227, for agent id: 3060, with error:Missing element acd_id (importCallMetaData.acd_id)
Sun, 12 Jan 2020 10:58:51 - INFO - Connect to DB
Sun, 12 Jan 2020 10:58:51 - INFO - TRIZMA DB import
Sun, 12 Jan 2020 10:58:51 - INFO - 123TV DB import
Sun, 12 Jan 2020 10:58:56 - INFO - Failed on 123TV DB import at: 2020-01-12_07-36-17, for following calling party: 495113941476, for agent id: 3019, with error:Missing element acd_id (importCallMetaData.acd_id)
Sun, 12 Jan 2020 11:09:21 - INFO - Connect to DB
Sun, 12 Jan 2020 11:09:21 - INFO - TRIZMA DB import
Sun, 12 Jan 2020 11:09:21 - INFO - 123TV DB import
Sun, 12 Jan 2020 11:09:26 - INFO - Failed on 123TV DB import at: 2020-01-12_07-36-17, for following calling party: 4920998899882, for agent id: 3105, with error:Missing element acd_id (importCallMetaData.acd_id)
Sun, 12 Jan 2020 11:11:01 - INFO - Connect to DB
Sun, 12 Jan 2020 11:11:01 - INFO - TRIZMA DB import
Sun, 12 Jan 2020 11:11:01 - INFO - 123TV DB import
Sun, 12 Jan 2020 11:11:06 - INFO - Failed on 123TV DB import at: 2020-01-12_07-36-17, for following calling party: 493983321270, for agent id: 3191, with error:Missing element acd_id (importCallMetaData.acd_id)
Sun, 12 Jan 2020 11:21:57 - INFO - Connect to DB
Sun, 12 Jan 2020 11:21:57 - INFO - TRIZMA DB import
Sun, 12 Jan 2020 11:21:57 - INFO - 123TV DB import
Sun, 12 Jan 2020 11:22:02 - INFO - Failed on 123TV DB import at: 2020-01-12_07-36-17, for following calling party: 493641223964, for agent id: 3067, with error:Missing element acd_id (importCallMetaData.acd_id)
Sun, 12 Jan 2020 11:22:18 - INFO - Connect to DB
Sun, 12 Jan 2020 11:22:18 - INFO - TRIZMA DB import
Sun, 12 Jan 2020 11:22:18 - INFO - 123TV DB import
Sun, 12 Jan 2020 11:22:24 - INFO - Failed on 123TV DB import at: 2020-01-12_07-36-17, for following calling party: 495113941476, for agent id: 3117, with error:Missing element acd_id (importCallMetaData.acd_id)
Sun, 12 Jan 2020 11:22:57 - INFO - Connect to DB
Sun, 12 Jan 2020 11:22:57 - INFO - TRIZMA DB import
Sun, 12 Jan 2020 11:22:57 - INFO - Failed on TRIZMA DB import at: 2020-01-12_07-36-17, for following calling party: 4915123850727, for agent id: trz_madamovic, with error:(pyodbc.DataError) ('22001', '[22001] [Microsoft][ODBC Driver 17 for SQL Server][SQL Server]String or binary data would be truncated. (8152) (SQLExecDirectW)')
[SQL: insert into records values('CC2Servicenummer','Belgrad','Nicht übermittelt','trz_madamovic',                                  '4915123850727','','Nicht übermittelt','4915123850727_Thursday, December 26, 2019_8:03:15 AM')]
(Background on this error at: http://sqlalche.me/e/9h9h)
Sun, 12 Jan 2020 11:22:57 - INFO - 123TV DB import
Sun, 12 Jan 2020 11:23:02 - INFO - Failed on 123TV DB import at: 2020-01-12_07-36-17, for following calling party: 4915123850727, for agent id: 3067, with error:Missing element acd_id (importCallMetaData.acd_id)
Sun, 12 Jan 2020 11:34:46 - INFO - Connect to DB
Sun, 12 Jan 2020 11:34:46 - INFO - TRIZMA DB import
Sun, 12 Jan 2020 11:34:46 - INFO - 123TV DB import
Sun, 12 Jan 2020 11:34:51 - INFO - Failed on 123TV DB import at: 2020-01-12_07-36-17, for following calling party: 499923804735, for agent id: 3155, with error:Missing element acd_id (importCallMetaData.acd_id)
