Mon, 20 Jan 2020 10:14:25 - INFO - Connect to DB
Mon, 20 Jan 2020 10:14:25 - INFO - TRIZMA DB import
Mon, 20 Jan 2020 10:14:25 - INFO - Failed on TRIZMA DB import at: 2020-01-20_10-14-15, for following calling party: 4977418350528, for agent id: trz_asilni, with error:(pyodbc.DataError) ('22001', '[22001] [Microsoft][ODBC Driver 17 for SQL Server][SQL Server]String or binary data would be truncated. (8152) (SQLExecDirectW)')
[SQL: insert into records values('CC2Servicenummer','Belgrad','Nicht übermittelt','trz_asilni',                                 '4977418350528','','Nicht übermittelt','4977418350528_Saturday, January 18, 2020_6:09:11 PM','ANA_SILNI')]
(Background on this error at: http://sqlalche.me/e/9h9h)
Mon, 20 Jan 2020 10:14:25 - INFO - 123TV DB import
Mon, 20 Jan 2020 10:14:31 - INFO - Connect to DB
Mon, 20 Jan 2020 10:14:31 - INFO - TRIZMA DB import
Mon, 20 Jan 2020 10:14:31 - INFO - Failed on TRIZMA DB import at: 2020-01-20_10-14-15, for following calling party: 4921115770460, for agent id: trz_asilni, with error:(pyodbc.DataError) ('22001', '[22001] [Microsoft][ODBC Driver 17 for SQL Server][SQL Server]String or binary data would be truncated. (8152) (SQLExecDirectW)')
[SQL: insert into records values('CC2Servicenummer','Belgrad','Nicht übermittelt','trz_asilni',                                 '4921115770460','','Nicht übermittelt','4921115770460_Saturday, January 18, 2020_6:14:02 PM','ANA_SILNI')]
(Background on this error at: http://sqlalche.me/e/9h9h)
Mon, 20 Jan 2020 10:14:31 - INFO - 123TV DB import
Mon, 20 Jan 2020 10:15:29 - INFO - Connect to DB
Mon, 20 Jan 2020 10:15:29 - INFO - TRIZMA DB import
Mon, 20 Jan 2020 10:15:29 - INFO - 123TV DB import
Mon, 20 Jan 2020 10:16:19 - INFO - Connect to DB
Mon, 20 Jan 2020 10:16:19 - INFO - TRIZMA DB import
Mon, 20 Jan 2020 10:16:19 - INFO - 123TV DB import
Mon, 20 Jan 2020 10:16:55 - INFO - Connect to DB
Mon, 20 Jan 2020 10:16:55 - INFO - TRIZMA DB import
Mon, 20 Jan 2020 10:16:55 - INFO - 123TV DB import
Mon, 20 Jan 2020 10:17:25 - INFO - Connect to DB
Mon, 20 Jan 2020 10:17:25 - INFO - TRIZMA DB import
Mon, 20 Jan 2020 10:17:25 - INFO - 123TV DB import
Mon, 20 Jan 2020 10:17:37 - INFO - Connect to DB
Mon, 20 Jan 2020 10:17:37 - INFO - TRIZMA DB import
Mon, 20 Jan 2020 10:17:37 - INFO - Failed on TRIZMA DB import at: 2020-01-20_10-14-15, for following calling party: 493512684004, for agent id: trz_bmaksimovic, with error:(pyodbc.DataError) ('22001', '[22001] [Microsoft][ODBC Driver 17 for SQL Server][SQL Server]String or binary data would be truncated. (8152) (SQLExecDirectW)')
[SQL: insert into records values('CC2Servicenummer','Belgrad','Nicht übermittelt','trz_bmaksimovic',                                 '493512684004','','Nicht übermittelt','493512684004_Thursday, January 16, 2020_11:29:52 AM','BOR_MAKSIM')]
(Background on this error at: http://sqlalche.me/e/9h9h)
Mon, 20 Jan 2020 10:17:37 - INFO - 123TV DB import
Mon, 20 Jan 2020 10:17:43 - INFO - Connect to DB
Mon, 20 Jan 2020 10:17:43 - INFO - TRIZMA DB import
Mon, 20 Jan 2020 10:17:43 - INFO - Failed on TRIZMA DB import at: 2020-01-20_10-14-15, for following calling party: 4970327845784, for agent id: trz_bmaksimovic, with error:(pyodbc.DataError) ('22001', '[22001] [Microsoft][ODBC Driver 17 for SQL Server][SQL Server]String or binary data would be truncated. (8152) (SQLExecDirectW)')
[SQL: insert into records values('CC2Servicenummer','Belgrad','Nicht übermittelt','trz_bmaksimovic',                                 '4970327845784','','Nicht übermittelt','4970327845784_Thursday, January 16, 2020_11:48:06 AM','BOR_MAKSIM')]
(Background on this error at: http://sqlalche.me/e/9h9h)
Mon, 20 Jan 2020 10:17:43 - INFO - 123TV DB import
Mon, 20 Jan 2020 10:18:08 - INFO - Connect to DB
Mon, 20 Jan 2020 10:18:08 - INFO - TRIZMA DB import
Mon, 20 Jan 2020 10:18:08 - INFO - 123TV DB import
Mon, 20 Jan 2020 10:18:29 - INFO - Connect to DB
Mon, 20 Jan 2020 10:18:29 - INFO - TRIZMA DB import
Mon, 20 Jan 2020 10:18:29 - INFO - 123TV DB import
Mon, 20 Jan 2020 10:18:49 - INFO - Connect to DB
Mon, 20 Jan 2020 10:18:49 - INFO - TRIZMA DB import
Mon, 20 Jan 2020 10:18:49 - INFO - 123TV DB import
Mon, 20 Jan 2020 10:21:12 - INFO - Connect to DB
Mon, 20 Jan 2020 10:21:12 - INFO - TRIZMA DB import
Mon, 20 Jan 2020 10:21:12 - INFO - 123TV DB import
Mon, 20 Jan 2020 10:21:27 - INFO - Connect to DB
Mon, 20 Jan 2020 10:21:27 - INFO - TRIZMA DB import
Mon, 20 Jan 2020 10:21:27 - INFO - 123TV DB import
Mon, 20 Jan 2020 10:21:52 - INFO - Connect to DB
Mon, 20 Jan 2020 10:21:52 - INFO - TRIZMA DB import
Mon, 20 Jan 2020 10:21:52 - INFO - 123TV DB import
Mon, 20 Jan 2020 10:23:54 - INFO - Connect to DB
Mon, 20 Jan 2020 10:23:54 - INFO - TRIZMA DB import
Mon, 20 Jan 2020 10:23:54 - INFO - 123TV DB import
