Tue, 21 Jan 2020 10:52:25 - INFO - Connect to DB
Tue, 21 Jan 2020 10:52:25 - INFO - TRIZMA DB import
Tue, 21 Jan 2020 10:52:26 - INFO - 123TV DB import
Tue, 21 Jan 2020 10:55:39 - INFO - Connect to DB
Tue, 21 Jan 2020 10:55:39 - INFO - TRIZMA DB import
Tue, 21 Jan 2020 10:55:39 - INFO - 123TV DB import
Tue, 21 Jan 2020 10:56:26 - INFO - Connect to DB
Tue, 21 Jan 2020 10:56:26 - INFO - TRIZMA DB import
Tue, 21 Jan 2020 10:56:26 - INFO - 123TV DB import
Tue, 21 Jan 2020 10:57:02 - INFO - Connect to DB
Tue, 21 Jan 2020 10:57:02 - INFO - TRIZMA DB import
Tue, 21 Jan 2020 10:57:02 - INFO - 123TV DB import
Tue, 21 Jan 2020 10:57:59 - INFO - Connect to DB
Tue, 21 Jan 2020 10:57:59 - INFO - TRIZMA DB import
Tue, 21 Jan 2020 10:58:00 - INFO - 123TV DB import
Tue, 21 Jan 2020 10:59:20 - INFO - Connect to DB
Tue, 21 Jan 2020 10:59:20 - INFO - TRIZMA DB import
Tue, 21 Jan 2020 10:59:20 - INFO - 123TV DB import
Tue, 21 Jan 2020 10:59:32 - INFO - Connect to DB
Tue, 21 Jan 2020 10:59:32 - INFO - TRIZMA DB import
Tue, 21 Jan 2020 10:59:32 - INFO - 123TV DB import
Tue, 21 Jan 2020 11:10:58 - INFO - Connect to DB
Tue, 21 Jan 2020 11:10:58 - INFO - TRIZMA DB import
Tue, 21 Jan 2020 11:10:58 - INFO - 123TV DB import
Tue, 21 Jan 2020 11:15:53 - INFO - Connect to DB
Tue, 21 Jan 2020 11:15:54 - INFO - TRIZMA DB import
Tue, 21 Jan 2020 11:15:54 - INFO - 123TV DB import
Tue, 21 Jan 2020 11:16:21 - INFO - Connect to DB
Tue, 21 Jan 2020 11:16:21 - INFO - TRIZMA DB import
Tue, 21 Jan 2020 11:16:21 - INFO - Failed on TRIZMA DB import at: 2020-01-21_10-50-31, for following calling party: 493301573773, for agent id: trz_asilni, with error:(pyodbc.DataError) ('22001', '[22001] [Microsoft][ODBC Driver 17 for SQL Server][SQL Server]String or binary data would be truncated. (8152) (SQLExecDirectW)')
[SQL: insert into records values('CC2Servicenummer','Belgrad','Nicht übermittelt','trz_asilni',                                 '493301573773','','Nicht übermittelt','493301573773_Wednesday, January 15, 2020_7:49:25 PM','ANA_SILNI')]
(Background on this error at: http://sqlalche.me/e/9h9h)
Tue, 21 Jan 2020 11:16:21 - INFO - 123TV DB import
Tue, 21 Jan 2020 11:16:27 - INFO - Connect to DB
Tue, 21 Jan 2020 11:16:27 - INFO - TRIZMA DB import
Tue, 21 Jan 2020 11:16:27 - INFO - 123TV DB import
Tue, 21 Jan 2020 11:17:12 - INFO - Connect to DB
Tue, 21 Jan 2020 11:17:12 - INFO - TRIZMA DB import
Tue, 21 Jan 2020 11:17:12 - INFO - 123TV DB import
Tue, 21 Jan 2020 11:17:53 - INFO - Connect to DB
Tue, 21 Jan 2020 11:17:53 - INFO - TRIZMA DB import
Tue, 21 Jan 2020 11:17:53 - INFO - 123TV DB import
Tue, 21 Jan 2020 11:18:24 - INFO - Connect to DB
Tue, 21 Jan 2020 11:18:25 - INFO - TRIZMA DB import
Tue, 21 Jan 2020 11:18:25 - INFO - 123TV DB import
