Tue, 21 Jan 2020 09:01:53 - INFO - Connect to DB
Tue, 21 Jan 2020 09:01:53 - INFO - TRIZMA DB import
Tue, 21 Jan 2020 09:01:53 - INFO - 123TV DB import
Tue, 21 Jan 2020 09:05:23 - INFO - Connect to DB
Tue, 21 Jan 2020 09:05:23 - INFO - TRIZMA DB import
Tue, 21 Jan 2020 09:05:23 - INFO - 123TV DB import
Tue, 21 Jan 2020 09:06:32 - INFO - Connect to DB
Tue, 21 Jan 2020 09:06:32 - INFO - TRIZMA DB import
Tue, 21 Jan 2020 09:06:33 - INFO - 123TV DB import
Tue, 21 Jan 2020 09:19:25 - INFO - Connect to DB
Tue, 21 Jan 2020 09:19:25 - INFO - TRIZMA DB import
Tue, 21 Jan 2020 09:19:25 - INFO - 123TV DB import
Tue, 21 Jan 2020 09:20:29 - INFO - Connect to DB
Tue, 21 Jan 2020 09:20:29 - INFO - TRIZMA DB import
Tue, 21 Jan 2020 09:20:30 - INFO - 123TV DB import
Tue, 21 Jan 2020 09:20:41 - INFO - Connect to DB
Tue, 21 Jan 2020 09:20:41 - INFO - TRIZMA DB import
Tue, 21 Jan 2020 09:20:41 - INFO - 123TV DB import
Tue, 21 Jan 2020 09:21:32 - INFO - Connect to DB
Tue, 21 Jan 2020 09:21:32 - INFO - TRIZMA DB import
Tue, 21 Jan 2020 09:21:32 - INFO - Failed on TRIZMA DB import at: 2020-01-21_09-00-58, for following calling party: 493853921080, for agent id: trz_bmaksimovic, with error:(pyodbc.DataError) ('22001', '[22001] [Microsoft][ODBC Driver 17 for SQL Server][SQL Server]String or binary data would be truncated. (8152) (SQLExecDirectW)')
[SQL: insert into records values('CC2Servicenummer','Belgrad','Nicht übermittelt','trz_bmaksimovic',                                 '493853921080','','Nicht übermittelt','493853921080_Wednesday, January 15, 2020_11:41:42 AM','BOR_MAKSIM')]
(Background on this error at: http://sqlalche.me/e/9h9h)
Tue, 21 Jan 2020 09:21:32 - INFO - 123TV DB import
Tue, 21 Jan 2020 09:22:02 - INFO - Connect to DB
Tue, 21 Jan 2020 09:22:02 - INFO - TRIZMA DB import
Tue, 21 Jan 2020 09:22:02 - INFO - 123TV DB import
Tue, 21 Jan 2020 09:22:19 - INFO - Connect to DB
Tue, 21 Jan 2020 09:22:19 - INFO - TRIZMA DB import
Tue, 21 Jan 2020 09:22:19 - INFO - 123TV DB import
Tue, 21 Jan 2020 09:23:14 - INFO - Connect to DB
Tue, 21 Jan 2020 09:23:14 - INFO - TRIZMA DB import
Tue, 21 Jan 2020 09:23:14 - INFO - 123TV DB import
Tue, 21 Jan 2020 09:23:23 - INFO - Connect to DB
Tue, 21 Jan 2020 09:23:23 - INFO - TRIZMA DB import
Tue, 21 Jan 2020 09:23:23 - INFO - Failed on TRIZMA DB import at: 2020-01-21_09-00-58, for following calling party: 4952714907115, for agent id: trz_bmaksimovic, with error:(pyodbc.DataError) ('22001', '[22001] [Microsoft][ODBC Driver 17 for SQL Server][SQL Server]String or binary data would be truncated. (8152) (SQLExecDirectW)')
[SQL: insert into records values('CC2Servicenummer','Belgrad','Nicht übermittelt','trz_bmaksimovic',                                 '4952714907115','','Nicht übermittelt','4952714907115_Wednesday, January 15, 2020_2:08:41 PM','BOR_MAKSIM')]
(Background on this error at: http://sqlalche.me/e/9h9h)
Tue, 21 Jan 2020 09:23:23 - INFO - 123TV DB import
Tue, 21 Jan 2020 09:24:25 - INFO - Connect to DB
Tue, 21 Jan 2020 09:24:25 - INFO - TRIZMA DB import
Tue, 21 Jan 2020 09:24:25 - INFO - Failed on TRIZMA DB import at: 2020-01-21_09-00-58, for following calling party: 4915208769496, for agent id: trz_bmaksimovic, with error:(pyodbc.DataError) ('22001', '[22001] [Microsoft][ODBC Driver 17 for SQL Server][SQL Server]String or binary data would be truncated. (8152) (SQLExecDirectW)')
[SQL: insert into records values('CC2Servicenummer','Belgrad','Nicht übermittelt','trz_bmaksimovic',                                 '4915208769496','','Nicht übermittelt','4915208769496_Wednesday, January 15, 2020_4:25:12 PM','BOR_MAKSIM')]
(Background on this error at: http://sqlalche.me/e/9h9h)
Tue, 21 Jan 2020 09:24:25 - INFO - 123TV DB import
Tue, 21 Jan 2020 09:24:35 - INFO - Connect to DB
Tue, 21 Jan 2020 09:24:35 - INFO - TRIZMA DB import
Tue, 21 Jan 2020 09:24:36 - INFO - Failed on TRIZMA DB import at: 2020-01-21_09-00-58, for following calling party: 493459497671, for agent id: trz_bmaksimovic, with error:(pyodbc.DataError) ('22001', '[22001] [Microsoft][ODBC Driver 17 for SQL Server][SQL Server]String or binary data would be truncated. (8152) (SQLExecDirectW)')
[SQL: insert into records values('CC2Servicenummer','Belgrad','Nicht übermittelt','trz_bmaksimovic',                                 '493459497671','','Nicht übermittelt','493459497671_Wednesday, January 15, 2020_4:47:42 PM','BOR_MAKSIM')]
(Background on this error at: http://sqlalche.me/e/9h9h)
Tue, 21 Jan 2020 09:24:36 - INFO - 123TV DB import
