Sun, 12 Jan 2020 18:35:28 - INFO - Connect to DB
Sun, 12 Jan 2020 18:35:28 - INFO - TRIZMA DB import
Sun, 12 Jan 2020 18:35:28 - INFO - 123TV DB import
Sun, 12 Jan 2020 18:35:33 - INFO - Failed on 123TV DB import at: 2020-01-12_18-34-10, for following calling party: 49711267354, for agent id: 3067, with error:Missing element acd_id (importCallMetaData.acd_id)
Sun, 12 Jan 2020 18:57:15 - INFO - Connect to DB
Sun, 12 Jan 2020 18:57:15 - INFO - TRIZMA DB import
Sun, 12 Jan 2020 18:57:15 - INFO - 123TV DB import
Sun, 12 Jan 2020 18:57:20 - INFO - Failed on 123TV DB import at: 2020-01-12_18-34-10, for following calling party: 4923597275, for agent id: 3191, with error:Missing element acd_id (importCallMetaData.acd_id)
Mon, 13 Jan 2020 07:01:39 - INFO - Connect to DB
Mon, 13 Jan 2020 07:01:40 - INFO - TRIZMA DB import
Mon, 13 Jan 2020 07:01:40 - INFO - 123TV DB import
Mon, 13 Jan 2020 07:01:45 - INFO - Failed on 123TV DB import at: 2020-01-12_18-34-10, for following calling party: 492603500991, for agent id: 3181, with error:Missing element acd_id (importCallMetaData.acd_id)
Mon, 13 Jan 2020 07:10:30 - INFO - Connect to DB
Mon, 13 Jan 2020 07:10:30 - INFO - TRIZMA DB import
Mon, 13 Jan 2020 07:10:31 - INFO - 123TV DB import
Mon, 13 Jan 2020 07:10:36 - INFO - Failed on 123TV DB import at: 2020-01-12_18-34-10, for following calling party: 49892603663, for agent id: 3098, with error:Missing element acd_id (importCallMetaData.acd_id)
Mon, 13 Jan 2020 07:10:55 - INFO - Connect to DB
Mon, 13 Jan 2020 07:10:55 - INFO - TRIZMA DB import
Mon, 13 Jan 2020 07:10:55 - INFO - 123TV DB import
Mon, 13 Jan 2020 07:11:01 - INFO - Failed on 123TV DB import at: 2020-01-12_18-34-10, for following calling party: 49236352228, for agent id: 3098, with error:Missing element acd_id (importCallMetaData.acd_id)
Mon, 13 Jan 2020 07:11:51 - INFO - Connect to DB
Mon, 13 Jan 2020 07:11:51 - INFO - TRIZMA DB import
Mon, 13 Jan 2020 07:11:51 - INFO - 123TV DB import
Mon, 13 Jan 2020 07:11:56 - INFO - Failed on 123TV DB import at: 2020-01-12_18-34-10, for following calling party: 495612015254, for agent id: 3098, with error:Missing element acd_id (importCallMetaData.acd_id)
Mon, 13 Jan 2020 07:14:28 - INFO - Connect to DB
Mon, 13 Jan 2020 07:14:28 - INFO - TRIZMA DB import
Mon, 13 Jan 2020 07:14:28 - INFO - 123TV DB import
Mon, 13 Jan 2020 07:14:33 - INFO - Failed on 123TV DB import at: 2020-01-12_18-34-10, for following calling party: 491738869554, for agent id: 3068, with error:Missing element acd_id (importCallMetaData.acd_id)
Mon, 13 Jan 2020 07:23:20 - INFO - Connect to DB
Mon, 13 Jan 2020 07:23:20 - INFO - TRIZMA DB import
Mon, 13 Jan 2020 07:23:20 - INFO - 123TV DB import
Mon, 13 Jan 2020 07:23:25 - INFO - Failed on 123TV DB import at: 2020-01-12_18-34-10, for following calling party: 49611463880, for agent id: 3098, with error:Missing element acd_id (importCallMetaData.acd_id)
Mon, 13 Jan 2020 07:24:16 - INFO - Connect to DB
Mon, 13 Jan 2020 07:24:16 - INFO - TRIZMA DB import
Mon, 13 Jan 2020 07:24:16 - INFO - 123TV DB import
Mon, 13 Jan 2020 07:24:21 - INFO - Failed on 123TV DB import at: 2020-01-12_18-34-10, for following calling party: 49221642904, for agent id: 3098, with error:Missing element acd_id (importCallMetaData.acd_id)
Mon, 13 Jan 2020 07:24:26 - INFO - Connect to DB
Mon, 13 Jan 2020 07:24:26 - INFO - TRIZMA DB import
Mon, 13 Jan 2020 07:24:26 - INFO - 123TV DB import
Mon, 13 Jan 2020 07:24:31 - INFO - Failed on 123TV DB import at: 2020-01-12_18-34-10, for following calling party: 493476854042, for agent id: 3098, with error:Missing element acd_id (importCallMetaData.acd_id)
Mon, 13 Jan 2020 07:25:02 - INFO - Connect to DB
Mon, 13 Jan 2020 07:25:02 - INFO - TRIZMA DB import
Mon, 13 Jan 2020 07:25:02 - INFO - 123TV DB import
Mon, 13 Jan 2020 07:25:07 - INFO - Failed on 123TV DB import at: 2020-01-12_18-34-10, for following calling party: 49287114177, for agent id: 3098, with error:Missing element acd_id (importCallMetaData.acd_id)
Mon, 13 Jan 2020 07:30:23 - INFO - Connect to DB
Mon, 13 Jan 2020 07:30:23 - INFO - TRIZMA DB import
Mon, 13 Jan 2020 07:30:23 - INFO - 123TV DB import
Mon, 13 Jan 2020 07:30:28 - INFO - Failed on 123TV DB import at: 2020-01-12_18-34-10, for following calling party: 493514767000, for agent id: 3098, with error:Missing element acd_id (importCallMetaData.acd_id)
Mon, 13 Jan 2020 07:30:58 - INFO - Connect to DB
Mon, 13 Jan 2020 07:30:58 - INFO - TRIZMA DB import
Mon, 13 Jan 2020 07:30:58 - INFO - 123TV DB import
Mon, 13 Jan 2020 07:31:03 - INFO - Failed on 123TV DB import at: 2020-01-12_18-34-10, for following calling party: 4999047593, for agent id: 3098, with error:Missing element acd_id (importCallMetaData.acd_id)
Mon, 13 Jan 2020 07:32:54 - INFO - Connect to DB
Mon, 13 Jan 2020 07:32:54 - INFO - TRIZMA DB import
Mon, 13 Jan 2020 07:32:54 - INFO - 123TV DB import
Mon, 13 Jan 2020 07:32:59 - INFO - Failed on 123TV DB import at: 2020-01-12_18-34-10, for following calling party: 493391652634, for agent id: 3098, with error:Missing element acd_id (importCallMetaData.acd_id)
Mon, 13 Jan 2020 07:33:31 - INFO - Connect to DB
Mon, 13 Jan 2020 07:33:31 - INFO - TRIZMA DB import
Mon, 13 Jan 2020 07:33:31 - INFO - 123TV DB import
Mon, 13 Jan 2020 07:33:36 - INFO - Failed on 123TV DB import at: 2020-01-12_18-34-10, for following calling party: 4939442881, for agent id: 3098, with error:Missing element acd_id (importCallMetaData.acd_id)
Mon, 13 Jan 2020 07:43:34 - INFO - Connect to DB
Mon, 13 Jan 2020 07:43:34 - INFO - TRIZMA DB import
Mon, 13 Jan 2020 07:43:34 - INFO - 123TV DB import
Mon, 13 Jan 2020 07:43:39 - INFO - Failed on 123TV DB import at: 2020-01-12_18-34-10, for following calling party: 4915154764482, for agent id: 3046, with error:Missing element acd_id (importCallMetaData.acd_id)
Mon, 13 Jan 2020 07:45:11 - INFO - Connect to DB
Mon, 13 Jan 2020 07:45:11 - INFO - TRIZMA DB import
Mon, 13 Jan 2020 07:45:11 - INFO - 123TV DB import
Mon, 13 Jan 2020 07:45:16 - INFO - Failed on 123TV DB import at: 2020-01-12_18-34-10, for following calling party: 49689864639, for agent id: 3068, with error:Missing element acd_id (importCallMetaData.acd_id)
Mon, 13 Jan 2020 07:50:14 - INFO - Connect to DB
Mon, 13 Jan 2020 07:50:14 - INFO - TRIZMA DB import
Mon, 13 Jan 2020 07:50:14 - INFO - 123TV DB import
Mon, 13 Jan 2020 07:50:19 - INFO - Failed on 123TV DB import at: 2020-01-12_18-34-10, for following calling party: 4917620963296, for agent id: 3098, with error:Missing element acd_id (importCallMetaData.acd_id)
Mon, 13 Jan 2020 07:51:51 - INFO - Connect to DB
Mon, 13 Jan 2020 07:51:51 - INFO - TRIZMA DB import
Mon, 13 Jan 2020 07:51:51 - INFO - 123TV DB import
Mon, 13 Jan 2020 07:51:56 - INFO - Failed on 123TV DB import at: 2020-01-12_18-34-10, for following calling party: 4987313975949, for agent id: 3065, with error:Missing element acd_id (importCallMetaData.acd_id)
