Mon, 20 Jan 2020 10:21:09 - INFO - Connect to DB
Mon, 20 Jan 2020 10:21:09 - INFO - TRIZMA DB import
Mon, 20 Jan 2020 10:21:09 - INFO - 123TV DB import
Mon, 20 Jan 2020 10:21:37 - INFO - Connect to DB
Mon, 20 Jan 2020 10:21:37 - INFO - TRIZMA DB import
Mon, 20 Jan 2020 10:21:37 - INFO - 123TV DB import
Mon, 20 Jan 2020 10:25:18 - INFO - Connect to DB
Mon, 20 Jan 2020 10:25:18 - INFO - TRIZMA DB import
Mon, 20 Jan 2020 10:25:18 - INFO - 123TV DB import
Mon, 20 Jan 2020 10:26:23 - INFO - Connect to DB
Mon, 20 Jan 2020 10:26:23 - INFO - TRIZMA DB import
Mon, 20 Jan 2020 10:26:23 - INFO - 123TV DB import
Mon, 20 Jan 2020 10:31:04 - INFO - Connect to DB
Mon, 20 Jan 2020 10:31:04 - INFO - TRIZMA DB import
Mon, 20 Jan 2020 10:31:04 - INFO - 123TV DB import
Mon, 20 Jan 2020 10:31:42 - INFO - Connect to DB
Mon, 20 Jan 2020 10:31:42 - INFO - TRIZMA DB import
Mon, 20 Jan 2020 10:31:42 - INFO - 123TV DB import
Mon, 20 Jan 2020 10:31:57 - INFO - Connect to DB
Mon, 20 Jan 2020 10:31:57 - INFO - TRIZMA DB import
Mon, 20 Jan 2020 10:31:57 - INFO - 123TV DB import
Mon, 20 Jan 2020 10:37:03 - INFO - Connect to DB
Mon, 20 Jan 2020 10:37:03 - INFO - TRIZMA DB import
Mon, 20 Jan 2020 10:37:03 - INFO - Failed on TRIZMA DB import at: 2020-01-20_10-18-37, for following calling party: 4917624253674, for agent id: trz_bmaksimovic, with error:(pyodbc.DataError) ('22001', '[22001] [Microsoft][ODBC Driver 17 for SQL Server][SQL Server]String or binary data would be truncated. (8152) (SQLExecDirectW)')
[SQL: insert into records values('CC2Servicenummer','Belgrad','Nicht 端bermittelt','trz_bmaksimovic',                                 '4917624253674','','Nicht 端bermittelt','4917624253674_Thursday, January 16, 2020_3:12:35 PM','BOR_MAKSIM')]
(Background on this error at: http://sqlalche.me/e/9h9h)
Mon, 20 Jan 2020 10:37:03 - INFO - 123TV DB import
Mon, 20 Jan 2020 10:37:46 - INFO - Connect to DB
Mon, 20 Jan 2020 10:37:46 - INFO - TRIZMA DB import
Mon, 20 Jan 2020 10:37:46 - INFO - Failed on TRIZMA DB import at: 2020-01-20_10-18-37, for following calling party: 4934918016222, for agent id: trz_bmaksimovic, with error:(pyodbc.DataError) ('22001', '[22001] [Microsoft][ODBC Driver 17 for SQL Server][SQL Server]String or binary data would be truncated. (8152) (SQLExecDirectW)')
[SQL: insert into records values('CC2Servicenummer','Belgrad','Nicht 端bermittelt','trz_bmaksimovic',                                 '4934918016222','','Nicht 端bermittelt','4934918016222_Thursday, January 16, 2020_4:25:09 PM','BOR_MAKSIM')]
(Background on this error at: http://sqlalche.me/e/9h9h)
Mon, 20 Jan 2020 10:37:46 - INFO - 123TV DB import
