Tue, 21 Jan 2020 09:53:44 - INFO - Connect to DB
Tue, 21 Jan 2020 09:53:45 - INFO - TRIZMA DB import
Tue, 21 Jan 2020 09:53:45 - INFO - Failed on TRIZMA DB import at: 2020-01-21_09-48-09, for following calling party: 4915906833492, for agent id: trz_bmaksimovic, with error:(pyodbc.DataError) ('22001', '[22001] [Microsoft][ODBC Driver 17 for SQL Server][SQL Server]String or binary data would be truncated. (8152) (SQLExecDirectW)')
[SQL: insert into records values('CC2Servicenummer','Belgrad','Nicht 端bermittelt','trz_bmaksimovic',                                 '4915906833492','','Nicht 端bermittelt','4915906833492_Thursday, January 16, 2020_1:32:58 PM','BOR_MAKSIM')]
(Background on this error at: http://sqlalche.me/e/9h9h)
Tue, 21 Jan 2020 09:53:45 - INFO - 123TV DB import
Tue, 21 Jan 2020 09:54:05 - INFO - Connect to DB
Tue, 21 Jan 2020 09:54:05 - INFO - TRIZMA DB import
Tue, 21 Jan 2020 09:54:05 - INFO - 123TV DB import
Tue, 21 Jan 2020 09:54:25 - INFO - Connect to DB
Tue, 21 Jan 2020 09:54:25 - INFO - TRIZMA DB import
Tue, 21 Jan 2020 09:54:25 - INFO - 123TV DB import
Tue, 21 Jan 2020 09:55:24 - INFO - Connect to DB
Tue, 21 Jan 2020 09:55:24 - INFO - TRIZMA DB import
Tue, 21 Jan 2020 09:55:24 - INFO - 123TV DB import
Tue, 21 Jan 2020 09:55:58 - INFO - Connect to DB
Tue, 21 Jan 2020 09:55:58 - INFO - TRIZMA DB import
Tue, 21 Jan 2020 09:55:58 - INFO - Failed on TRIZMA DB import at: 2020-01-21_09-48-09, for following calling party: 4936031278730, for agent id: trz_bmaksimovic, with error:(pyodbc.DataError) ('22001', '[22001] [Microsoft][ODBC Driver 17 for SQL Server][SQL Server]String or binary data would be truncated. (8152) (SQLExecDirectW)')
[SQL: insert into records values('CC2Servicenummer','Belgrad','Nicht 端bermittelt','trz_bmaksimovic',                                 '4936031278730','','Nicht 端bermittelt','4936031278730_Thursday, January 16, 2020_4:32:47 PM','BOR_MAKSIM')]
(Background on this error at: http://sqlalche.me/e/9h9h)
Tue, 21 Jan 2020 09:55:58 - INFO - 123TV DB import
Tue, 21 Jan 2020 09:58:02 - INFO - Connect to DB
Tue, 21 Jan 2020 09:58:02 - INFO - TRIZMA DB import
Tue, 21 Jan 2020 09:58:02 - INFO - 123TV DB import
Tue, 21 Jan 2020 09:59:00 - INFO - Connect to DB
Tue, 21 Jan 2020 09:59:00 - INFO - TRIZMA DB import
Tue, 21 Jan 2020 09:59:00 - INFO - 123TV DB import
Tue, 21 Jan 2020 09:59:11 - INFO - Connect to DB
Tue, 21 Jan 2020 09:59:11 - INFO - TRIZMA DB import
Tue, 21 Jan 2020 09:59:11 - INFO - 123TV DB import
Tue, 21 Jan 2020 09:59:24 - INFO - Connect to DB
Tue, 21 Jan 2020 09:59:24 - INFO - TRIZMA DB import
Tue, 21 Jan 2020 09:59:24 - INFO - 123TV DB import
Tue, 21 Jan 2020 10:04:48 - INFO - Connect to DB
Tue, 21 Jan 2020 10:04:48 - INFO - TRIZMA DB import
Tue, 21 Jan 2020 10:04:48 - INFO - 123TV DB import
Tue, 21 Jan 2020 10:05:29 - INFO - Connect to DB
Tue, 21 Jan 2020 10:05:29 - INFO - TRIZMA DB import
Tue, 21 Jan 2020 10:05:29 - INFO - 123TV DB import
Tue, 21 Jan 2020 10:06:05 - INFO - Connect to DB
Tue, 21 Jan 2020 10:06:05 - INFO - TRIZMA DB import
Tue, 21 Jan 2020 10:06:05 - INFO - 123TV DB import
Tue, 21 Jan 2020 10:06:58 - INFO - Connect to DB
Tue, 21 Jan 2020 10:06:58 - INFO - TRIZMA DB import
Tue, 21 Jan 2020 10:06:58 - INFO - 123TV DB import
Tue, 21 Jan 2020 10:09:06 - INFO - Connect to DB
Tue, 21 Jan 2020 10:09:06 - INFO - TRIZMA DB import
Tue, 21 Jan 2020 10:09:06 - INFO - 123TV DB import
Tue, 21 Jan 2020 10:10:14 - INFO - Connect to DB
Tue, 21 Jan 2020 10:10:14 - INFO - TRIZMA DB import
Tue, 21 Jan 2020 10:10:14 - INFO - 123TV DB import
