Sat, 04 Jan 2020 08:08:28 - INFO - Connect to DB
Sat, 04 Jan 2020 08:08:28 - INFO - TRIZMA DB import
Sat, 04 Jan 2020 08:08:28 - INFO - 123TV DB import
Sat, 04 Jan 2020 08:09:15 - INFO - Connect to DB
Sat, 04 Jan 2020 08:09:15 - INFO - TRIZMA DB import
Sat, 04 Jan 2020 08:09:15 - INFO - 123TV DB import
Sat, 04 Jan 2020 08:14:36 - INFO - Connect to DB
Sat, 04 Jan 2020 08:14:36 - INFO - TRIZMA DB import
Sat, 04 Jan 2020 08:14:36 - INFO - 123TV DB import
Sat, 04 Jan 2020 08:15:18 - INFO - Connect to DB
Sat, 04 Jan 2020 08:15:18 - INFO - TRIZMA DB import
Sat, 04 Jan 2020 08:15:18 - INFO - 123TV DB import
Sat, 04 Jan 2020 08:21:53 - INFO - Connect to DB
Sat, 04 Jan 2020 08:21:53 - INFO - TRIZMA DB import
Sat, 04 Jan 2020 08:21:53 - INFO - 123TV DB import
Sat, 04 Jan 2020 08:22:28 - INFO - Connect to DB
Sat, 04 Jan 2020 08:22:28 - INFO - TRIZMA DB import
Sat, 04 Jan 2020 08:22:28 - INFO - 123TV DB import
Sat, 04 Jan 2020 08:22:33 - INFO - Connect to DB
Sat, 04 Jan 2020 08:22:33 - INFO - TRIZMA DB import
Sat, 04 Jan 2020 08:22:33 - INFO - 123TV DB import
Sat, 04 Jan 2020 08:24:10 - INFO - Connect to DB
Sat, 04 Jan 2020 08:24:10 - INFO - TRIZMA DB import
Sat, 04 Jan 2020 08:24:10 - INFO - 123TV DB import
Sat, 04 Jan 2020 08:30:18 - INFO - Connect to DB
Sat, 04 Jan 2020 08:30:18 - INFO - TRIZMA DB import
Sat, 04 Jan 2020 08:30:18 - INFO - 123TV DB import
Sat, 04 Jan 2020 08:32:18 - INFO - Connect to DB
Sat, 04 Jan 2020 08:32:18 - INFO - TRIZMA DB import
Sat, 04 Jan 2020 08:32:18 - INFO - Failed on TRIZMA DB import at: 2020-01-04_08-06-41, for following calling party: 4938344446950, for agent id: trz_sstankovic, with error:(pyodbc.DataError) ('22001', '[22001] [Microsoft][ODBC Driver 17 for SQL Server][SQL Server]String or binary data would be truncated. (8152) (SQLExecDirectW)')
[SQL: insert into records values('CC2Servicenummer','Belgrad','Nicht übermittelt','trz_sstankovic',                                  '4938344446950','','Nicht übermittelt','4938344446950_Saturday, January 04, 2020_9:32:15 AM')]
(Background on this error at: http://sqlalche.me/e/9h9h)
Sat, 04 Jan 2020 08:32:18 - INFO - 123TV DB import
