Sat, 11 Jan 2020 11:54:43 - INFO - Connect to DB
Sat, 11 Jan 2020 11:54:43 - INFO - TRIZMA DB import
Sat, 11 Jan 2020 11:54:43 - INFO - 123TV DB import
Sat, 11 Jan 2020 11:54:49 - INFO - Failed on 123TV DB import at: 2020-01-11_11-49-09, for following calling party: 49372132733, for agent id: 3019, with error:Missing element acd_id (importCallMetaData.acd_id)
Sat, 11 Jan 2020 11:54:53 - INFO - Connect to DB
Sat, 11 Jan 2020 11:54:53 - INFO - TRIZMA DB import
Sat, 11 Jan 2020 11:54:53 - INFO - 123TV DB import
Sat, 11 Jan 2020 11:54:58 - INFO - Failed on 123TV DB import at: 2020-01-11_11-49-09, for following calling party: 49610385641, for agent id: 3067, with error:Missing element acd_id (importCallMetaData.acd_id)
Sat, 11 Jan 2020 11:55:04 - INFO - Connect to DB
Sat, 11 Jan 2020 11:55:04 - INFO - TRIZMA DB import
Sat, 11 Jan 2020 11:55:04 - INFO - Failed on TRIZMA DB import at: 2020-01-11_11-49-09, for following calling party: 495219495020, for agent id: trz_madamovic, with error:(pyodbc.DataError) ('22001', '[22001] [Microsoft][ODBC Driver 17 for SQL Server][SQL Server]String or binary data would be truncated. (8152) (SQLExecDirectW)')
[SQL: insert into records values('CC2Servicenummer','Belgrad','Nicht übermittelt','trz_madamovic',                                  '495219495020','','Nicht übermittelt','495219495020_Wednesday, January 01, 2020_2:43:45 PM')]
(Background on this error at: http://sqlalche.me/e/9h9h)
Sat, 11 Jan 2020 11:55:04 - INFO - 123TV DB import
Sat, 11 Jan 2020 11:55:10 - INFO - Failed on 123TV DB import at: 2020-01-11_11-49-09, for following calling party: 495219495020, for agent id: 3067, with error:Missing element acd_id (importCallMetaData.acd_id)
Sat, 11 Jan 2020 11:55:20 - INFO - Connect to DB
Sat, 11 Jan 2020 11:55:20 - INFO - TRIZMA DB import
Sat, 11 Jan 2020 11:55:20 - INFO - Failed on TRIZMA DB import at: 2020-01-11_11-49-09, for following calling party: 491735412602, for agent id: trz_madamovic, with error:(pyodbc.DataError) ('22001', '[22001] [Microsoft][ODBC Driver 17 for SQL Server][SQL Server]String or binary data would be truncated. (8152) (SQLExecDirectW)')
[SQL: insert into records values('CC2Servicenummer','Belgrad','Nicht übermittelt','trz_madamovic',                                  '491735412602','','Nicht übermittelt','491735412602_Wednesday, January 01, 2020_3:21:23 PM')]
(Background on this error at: http://sqlalche.me/e/9h9h)
Sat, 11 Jan 2020 11:55:20 - INFO - 123TV DB import
Sat, 11 Jan 2020 11:55:25 - INFO - Failed on 123TV DB import at: 2020-01-11_11-49-09, for following calling party: 491735412602, for agent id: 3067, with error:Missing element acd_id (importCallMetaData.acd_id)
Sat, 11 Jan 2020 11:55:25 - INFO - Connect to DB
Sat, 11 Jan 2020 11:55:25 - INFO - TRIZMA DB import
Sat, 11 Jan 2020 11:55:25 - INFO - Failed on TRIZMA DB import at: 2020-01-11_11-49-09, for following calling party: 496134256913, for agent id: trz_madamovic, with error:(pyodbc.DataError) ('22001', '[22001] [Microsoft][ODBC Driver 17 for SQL Server][SQL Server]String or binary data would be truncated. (8152) (SQLExecDirectW)')
[SQL: insert into records values('CC2Servicenummer','Belgrad','Nicht übermittelt','trz_madamovic',                                  '496134256913','','Nicht übermittelt','496134256913_Wednesday, January 01, 2020_4:53:49 PM')]
(Background on this error at: http://sqlalche.me/e/9h9h)
Sat, 11 Jan 2020 11:55:25 - INFO - 123TV DB import
Sat, 11 Jan 2020 11:55:30 - INFO - Failed on 123TV DB import at: 2020-01-11_11-49-09, for following calling party: 496134256913, for agent id: 3067, with error:Missing element acd_id (importCallMetaData.acd_id)
Sat, 11 Jan 2020 11:55:31 - INFO - Connect to DB
Sat, 11 Jan 2020 11:55:31 - INFO - TRIZMA DB import
Sat, 11 Jan 2020 11:55:31 - INFO - Failed on TRIZMA DB import at: 2020-01-11_11-49-09, for following calling party: 4933586899732, for agent id: trz_madamovic, with error:(pyodbc.DataError) ('22001', '[22001] [Microsoft][ODBC Driver 17 for SQL Server][SQL Server]String or binary data would be truncated. (8152) (SQLExecDirectW)')
[SQL: insert into records values('CC2Servicenummer','Belgrad','Nicht übermittelt','trz_madamovic',                                  '4933586899732','','Nicht übermittelt','4933586899732_Wednesday, January 01, 2020_6:03:13 PM')]
(Background on this error at: http://sqlalche.me/e/9h9h)
Sat, 11 Jan 2020 11:55:31 - INFO - 123TV DB import
Sat, 11 Jan 2020 11:55:36 - INFO - Failed on 123TV DB import at: 2020-01-11_11-49-09, for following calling party: 4933586899732, for agent id: 3067, with error:Missing element acd_id (importCallMetaData.acd_id)
Sat, 11 Jan 2020 11:55:53 - INFO - Connect to DB
Sat, 11 Jan 2020 11:55:53 - INFO - TRIZMA DB import
Sat, 11 Jan 2020 11:55:53 - INFO - Failed on TRIZMA DB import at: 2020-01-11_11-49-09, for following calling party: 4938218898616, for agent id: trz_madamovic, with error:(pyodbc.DataError) ('22001', '[22001] [Microsoft][ODBC Driver 17 for SQL Server][SQL Server]String or binary data would be truncated. (8152) (SQLExecDirectW)')
[SQL: insert into records values('CC2Servicenummer','Belgrad','Nicht übermittelt','trz_madamovic',                                  '4938218898616','','Nicht übermittelt','4938218898616_Thursday, January 02, 2020_12:47:51 PM')]
(Background on this error at: http://sqlalche.me/e/9h9h)
Sat, 11 Jan 2020 11:55:53 - INFO - 123TV DB import
Sat, 11 Jan 2020 11:55:58 - INFO - Failed on 123TV DB import at: 2020-01-11_11-49-09, for following calling party: 4938218898616, for agent id: 3067, with error:Missing element acd_id (importCallMetaData.acd_id)
Sat, 11 Jan 2020 11:56:20 - INFO - Connect to DB
Sat, 11 Jan 2020 11:56:20 - INFO - TRIZMA DB import
Sat, 11 Jan 2020 11:56:20 - INFO - 123TV DB import
Sat, 11 Jan 2020 11:56:25 - INFO - Failed on 123TV DB import at: 2020-01-11_11-49-09, for following calling party: 493836202276, for agent id: 3067, with error:Missing element acd_id (importCallMetaData.acd_id)
