Mon, 06 Jan 2020 07:21:12 - INFO - Connect to DB
Mon, 06 Jan 2020 07:21:12 - INFO - TRIZMA DB import
Mon, 06 Jan 2020 07:21:12 - INFO - 123TV DB import
Mon, 06 Jan 2020 07:24:45 - INFO - Connect to DB
Mon, 06 Jan 2020 07:24:45 - INFO - TRIZMA DB import
Mon, 06 Jan 2020 07:24:45 - INFO - 123TV DB import
Mon, 06 Jan 2020 07:29:36 - INFO - Connect to DB
Mon, 06 Jan 2020 07:29:36 - INFO - TRIZMA DB import
Mon, 06 Jan 2020 07:29:36 - INFO - 123TV DB import
Mon, 06 Jan 2020 07:30:01 - INFO - Connect to DB
Mon, 06 Jan 2020 07:30:01 - INFO - TRIZMA DB import
Mon, 06 Jan 2020 07:30:01 - INFO - 123TV DB import
Mon, 06 Jan 2020 07:30:28 - INFO - Connect to DB
Mon, 06 Jan 2020 07:30:28 - INFO - TRIZMA DB import
Mon, 06 Jan 2020 07:30:28 - INFO - 123TV DB import
Mon, 06 Jan 2020 07:30:35 - INFO - Connect to DB
Mon, 06 Jan 2020 07:30:35 - INFO - TRIZMA DB import
Mon, 06 Jan 2020 07:30:35 - INFO - 123TV DB import
Mon, 06 Jan 2020 07:31:43 - INFO - Connect to DB
Mon, 06 Jan 2020 07:31:43 - INFO - TRIZMA DB import
Mon, 06 Jan 2020 07:31:43 - INFO - Failed on TRIZMA DB import at: 2020-01-06_07-18-21, for following calling party: 4915906293853, for agent id: trz_sstankovic, with error:(pyodbc.DataError) ('22001', '[22001] [Microsoft][ODBC Driver 17 for SQL Server][SQL Server]String or binary data would be truncated. (8152) (SQLExecDirectW)')
[SQL: insert into records values('CC2Servicenummer','Belgrad','Nicht 端bermittelt','trz_sstankovic',                                  '4915906293853','','Nicht 端bermittelt','4915906293853_Tuesday, December 31, 2019_1:44:07 PM')]
(Background on this error at: http://sqlalche.me/e/9h9h)
Mon, 06 Jan 2020 07:31:43 - INFO - 123TV DB import
Mon, 06 Jan 2020 07:33:29 - INFO - Connect to DB
Mon, 06 Jan 2020 07:33:29 - INFO - TRIZMA DB import
Mon, 06 Jan 2020 07:33:29 - INFO - Failed on TRIZMA DB import at: 2020-01-06_07-18-21, for following calling party: 4924289150293, for agent id: trz_sstankovic, with error:(pyodbc.DataError) ('22001', '[22001] [Microsoft][ODBC Driver 17 for SQL Server][SQL Server]String or binary data would be truncated. (8152) (SQLExecDirectW)')
[SQL: insert into records values('CC2Servicenummer','Belgrad','Nicht 端bermittelt','trz_sstankovic',                                  '4924289150293','','Nicht 端bermittelt','4924289150293_Thursday, January 02, 2020_8:50:05 AM')]
(Background on this error at: http://sqlalche.me/e/9h9h)
Mon, 06 Jan 2020 07:33:29 - INFO - 123TV DB import
Mon, 06 Jan 2020 07:33:34 - INFO - Connect to DB
Mon, 06 Jan 2020 07:33:34 - INFO - TRIZMA DB import
Mon, 06 Jan 2020 07:33:35 - INFO - 123TV DB import
