Fri, 03 Jan 2020 07:28:02 - INFO - Connect to DB
Fri, 03 Jan 2020 07:28:02 - INFO - TRIZMA DB import
Fri, 03 Jan 2020 07:28:02 - INFO - 123TV DB import
Fri, 03 Jan 2020 07:28:44 - INFO - Connect to DB
Fri, 03 Jan 2020 07:28:44 - INFO - TRIZMA DB import
Fri, 03 Jan 2020 07:28:44 - INFO - 123TV DB import
Fri, 03 Jan 2020 07:30:58 - INFO - Connect to DB
Fri, 03 Jan 2020 07:30:58 - INFO - TRIZMA DB import
Fri, 03 Jan 2020 07:30:58 - INFO - Failed on TRIZMA DB import at: 2020-01-03_07-26-00, for following calling party: 4994986339989, for agent id: trz_sstankovic, with error:(pyodbc.DataError) ('22001', '[22001] [Microsoft][ODBC Driver 17 for SQL Server][SQL Server]String or binary data would be truncated. (8152) (SQLExecDirectW)')
[SQL: insert into records values('CC2Servicenummer','Belgrad','Nicht übermittelt','trz_sstankovic',                                  '4994986339989','','Nicht übermittelt','4994986339989_Thursday, January 02, 2020_9:56:40 AM')]
(Background on this error at: http://sqlalche.me/e/9h9h)
Fri, 03 Jan 2020 07:30:58 - INFO - 123TV DB import
Fri, 03 Jan 2020 07:31:33 - INFO - Connect to DB
Fri, 03 Jan 2020 07:31:33 - INFO - TRIZMA DB import
Fri, 03 Jan 2020 07:31:33 - INFO - Failed on TRIZMA DB import at: 2020-01-03_07-26-00, for following calling party: 496722409005, for agent id: trz_sstankovic, with error:(pyodbc.DataError) ('22001', '[22001] [Microsoft][ODBC Driver 17 for SQL Server][SQL Server]String or binary data would be truncated. (8152) (SQLExecDirectW)')
[SQL: insert into records values('CC2Servicenummer','Belgrad','Nicht übermittelt','trz_sstankovic',                                  '496722409005','','Nicht übermittelt','496722409005_Thursday, January 02, 2020_10:24:01 AM')]
(Background on this error at: http://sqlalche.me/e/9h9h)
Fri, 03 Jan 2020 07:31:33 - INFO - 123TV DB import
Fri, 03 Jan 2020 07:31:48 - INFO - Connect to DB
Fri, 03 Jan 2020 07:31:49 - INFO - TRIZMA DB import
Fri, 03 Jan 2020 07:31:49 - INFO - Failed on TRIZMA DB import at: 2020-01-03_07-26-00, for following calling party: 493471313899, for agent id: trz_sstankovic, with error:(pyodbc.DataError) ('22001', '[22001] [Microsoft][ODBC Driver 17 for SQL Server][SQL Server]String or binary data would be truncated. (8152) (SQLExecDirectW)')
[SQL: insert into records values('CC2Servicenummer','Belgrad','Nicht übermittelt','trz_sstankovic',                                  '493471313899','','Nicht übermittelt','493471313899_Thursday, January 02, 2020_10:36:07 AM')]
(Background on this error at: http://sqlalche.me/e/9h9h)
Fri, 03 Jan 2020 07:31:49 - INFO - 123TV DB import
Fri, 03 Jan 2020 07:33:34 - INFO - Connect to DB
Fri, 03 Jan 2020 07:33:34 - INFO - TRIZMA DB import
Fri, 03 Jan 2020 07:33:34 - INFO - 123TV DB import
Fri, 03 Jan 2020 07:33:42 - INFO - Connect to DB
Fri, 03 Jan 2020 07:33:42 - INFO - TRIZMA DB import
Fri, 03 Jan 2020 07:33:42 - INFO - Failed on TRIZMA DB import at: 2020-01-03_07-26-00, for following calling party: 4917653597977, for agent id: trz_bmaksimovic, with error:(pyodbc.DataError) ('22001', '[22001] [Microsoft][ODBC Driver 17 for SQL Server][SQL Server]String or binary data would be truncated. (8152) (SQLExecDirectW)')
[SQL: insert into records values('CC2Servicenummer','Belgrad','Nicht übermittelt','trz_bmaksimovic',                                  '4917653597977','','Nicht übermittelt','4917653597977_Tuesday, December 31, 2019_1:15:54 PM')]
(Background on this error at: http://sqlalche.me/e/9h9h)
Fri, 03 Jan 2020 07:33:42 - INFO - 123TV DB import
Fri, 03 Jan 2020 07:38:47 - INFO - Connect to DB
Fri, 03 Jan 2020 07:38:47 - INFO - TRIZMA DB import
Fri, 03 Jan 2020 07:38:47 - INFO - 123TV DB import
Fri, 03 Jan 2020 07:38:58 - INFO - Connect to DB
Fri, 03 Jan 2020 07:38:58 - INFO - TRIZMA DB import
Fri, 03 Jan 2020 07:38:58 - INFO - 123TV DB import
Fri, 03 Jan 2020 07:40:13 - INFO - Connect to DB
Fri, 03 Jan 2020 07:40:13 - INFO - TRIZMA DB import
Fri, 03 Jan 2020 07:40:13 - INFO - 123TV DB import
Fri, 03 Jan 2020 07:40:43 - INFO - Connect to DB
Fri, 03 Jan 2020 07:40:43 - INFO - TRIZMA DB import
Fri, 03 Jan 2020 07:40:43 - INFO - 123TV DB import
Fri, 03 Jan 2020 07:40:48 - INFO - Connect to DB
Fri, 03 Jan 2020 07:40:48 - INFO - TRIZMA DB import
Fri, 03 Jan 2020 07:40:49 - INFO - 123TV DB import
Fri, 03 Jan 2020 07:41:17 - INFO - Connect to DB
Fri, 03 Jan 2020 07:41:17 - INFO - TRIZMA DB import
Fri, 03 Jan 2020 07:41:17 - INFO - 123TV DB import
Fri, 03 Jan 2020 07:41:50 - INFO - Connect to DB
Fri, 03 Jan 2020 07:41:50 - INFO - TRIZMA DB import
Fri, 03 Jan 2020 07:41:50 - INFO - 123TV DB import
Fri, 03 Jan 2020 07:44:37 - INFO - Connect to DB
Fri, 03 Jan 2020 07:44:37 - INFO - TRIZMA DB import
Fri, 03 Jan 2020 07:44:37 - INFO - 123TV DB import
Fri, 03 Jan 2020 07:44:48 - INFO - Connect to DB
Fri, 03 Jan 2020 07:44:48 - INFO - TRIZMA DB import
Fri, 03 Jan 2020 07:44:48 - INFO - 123TV DB import
Fri, 03 Jan 2020 07:47:17 - INFO - Connect to DB
Fri, 03 Jan 2020 07:47:17 - INFO - TRIZMA DB import
Fri, 03 Jan 2020 07:47:17 - INFO - 123TV DB import
Fri, 03 Jan 2020 07:53:41 - INFO - Connect to DB
Fri, 03 Jan 2020 07:53:41 - INFO - TRIZMA DB import
Fri, 03 Jan 2020 07:53:41 - INFO - 123TV DB import
Fri, 03 Jan 2020 07:54:29 - INFO - Connect to DB
Fri, 03 Jan 2020 07:54:29 - INFO - TRIZMA DB import
Fri, 03 Jan 2020 07:54:30 - INFO - 123TV DB import
Fri, 03 Jan 2020 07:57:21 - INFO - Connect to DB
Fri, 03 Jan 2020 07:57:21 - INFO - TRIZMA DB import
Fri, 03 Jan 2020 07:57:21 - INFO - 123TV DB import
Fri, 03 Jan 2020 08:00:32 - INFO - Connect to DB
Fri, 03 Jan 2020 08:00:32 - INFO - TRIZMA DB import
Fri, 03 Jan 2020 08:00:32 - INFO - 123TV DB import
Fri, 03 Jan 2020 08:01:20 - INFO - Connect to DB
Fri, 03 Jan 2020 08:01:20 - INFO - TRIZMA DB import
Fri, 03 Jan 2020 08:01:20 - INFO - 123TV DB import
Fri, 03 Jan 2020 08:04:24 - INFO - Connect to DB
Fri, 03 Jan 2020 08:04:24 - INFO - TRIZMA DB import
Fri, 03 Jan 2020 08:04:24 - INFO - 123TV DB import
Fri, 03 Jan 2020 08:05:30 - INFO - Connect to DB
Fri, 03 Jan 2020 08:05:31 - INFO - TRIZMA DB import
Fri, 03 Jan 2020 08:05:31 - INFO - 123TV DB import
Fri, 03 Jan 2020 08:05:52 - INFO - Connect to DB
Fri, 03 Jan 2020 08:05:52 - INFO - TRIZMA DB import
Fri, 03 Jan 2020 08:05:52 - INFO - 123TV DB import
Fri, 03 Jan 2020 08:07:02 - INFO - Connect to DB
Fri, 03 Jan 2020 08:07:02 - INFO - TRIZMA DB import
Fri, 03 Jan 2020 08:07:02 - INFO - 123TV DB import
Fri, 03 Jan 2020 08:08:36 - INFO - Connect to DB
Fri, 03 Jan 2020 08:08:36 - INFO - TRIZMA DB import
Fri, 03 Jan 2020 08:08:36 - INFO - 123TV DB import
