Fri, 17 Jan 2020 17:32:16 - INFO - Connect to DB
Fri, 17 Jan 2020 17:32:17 - INFO - TRIZMA DB import
Fri, 17 Jan 2020 17:32:17 - INFO - 123TV DB import
Fri, 17 Jan 2020 17:53:31 - INFO - Connect to DB
Fri, 17 Jan 2020 17:53:31 - INFO - TRIZMA DB import
Fri, 17 Jan 2020 17:53:31 - INFO - 123TV DB import
Fri, 17 Jan 2020 18:32:40 - INFO - Connect to DB
Fri, 17 Jan 2020 18:32:40 - INFO - TRIZMA DB import
Fri, 17 Jan 2020 18:32:40 - INFO - 123TV DB import
Sat, 18 Jan 2020 07:05:32 - INFO - Connect to DB
Sat, 18 Jan 2020 07:05:32 - INFO - TRIZMA DB import
Sat, 18 Jan 2020 07:05:33 - INFO - 123TV DB import
Sat, 18 Jan 2020 07:13:30 - INFO - Connect to DB
Sat, 18 Jan 2020 07:13:30 - INFO - TRIZMA DB import
Sat, 18 Jan 2020 07:13:30 - INFO - 123TV DB import
Sat, 18 Jan 2020 07:14:35 - INFO - Connect to DB
Sat, 18 Jan 2020 07:14:35 - INFO - TRIZMA DB import
Sat, 18 Jan 2020 07:14:35 - INFO - 123TV DB import
Sat, 18 Jan 2020 07:16:23 - INFO - Connect to DB
Sat, 18 Jan 2020 07:16:23 - INFO - TRIZMA DB import
Sat, 18 Jan 2020 07:16:23 - INFO - 123TV DB import
Sat, 18 Jan 2020 07:17:42 - INFO - Connect to DB
Sat, 18 Jan 2020 07:17:42 - INFO - TRIZMA DB import
Sat, 18 Jan 2020 07:17:42 - INFO - 123TV DB import
Sat, 18 Jan 2020 07:18:43 - INFO - Connect to DB
Sat, 18 Jan 2020 07:18:43 - INFO - TRIZMA DB import
Sat, 18 Jan 2020 07:18:43 - INFO - 123TV DB import
Sat, 18 Jan 2020 07:20:42 - INFO - Connect to DB
Sat, 18 Jan 2020 07:20:42 - INFO - TRIZMA DB import
Sat, 18 Jan 2020 07:20:42 - INFO - 123TV DB import
Sat, 18 Jan 2020 07:27:00 - INFO - Connect to DB
Sat, 18 Jan 2020 07:27:00 - INFO - TRIZMA DB import
Sat, 18 Jan 2020 07:27:00 - INFO - 123TV DB import
Sat, 18 Jan 2020 07:28:54 - INFO - Connect to DB
Sat, 18 Jan 2020 07:28:54 - INFO - TRIZMA DB import
Sat, 18 Jan 2020 07:28:54 - INFO - 123TV DB import
Sat, 18 Jan 2020 07:29:50 - INFO - Connect to DB
Sat, 18 Jan 2020 07:29:50 - INFO - TRIZMA DB import
Sat, 18 Jan 2020 07:29:50 - INFO - 123TV DB import
Sat, 18 Jan 2020 07:31:06 - INFO - Connect to DB
Sat, 18 Jan 2020 07:31:06 - INFO - TRIZMA DB import
Sat, 18 Jan 2020 07:31:06 - INFO - 123TV DB import
