Sun, 05 Jan 2020 17:59:23 - INFO - Connect to DB
Sun, 05 Jan 2020 17:59:23 - INFO - TRIZMA DB import
Sun, 05 Jan 2020 17:59:24 - INFO - 123TV DB import
Mon, 06 Jan 2020 07:05:10 - INFO - Connect to DB
Mon, 06 Jan 2020 07:05:10 - INFO - TRIZMA DB import
Mon, 06 Jan 2020 07:05:10 - INFO - 123TV DB import
Mon, 06 Jan 2020 07:21:33 - INFO - Connect to DB
Mon, 06 Jan 2020 07:21:33 - INFO - TRIZMA DB import
Mon, 06 Jan 2020 07:21:33 - INFO - 123TV DB import
Mon, 06 Jan 2020 07:22:15 - INFO - Connect to DB
Mon, 06 Jan 2020 07:22:15 - INFO - TRIZMA DB import
Mon, 06 Jan 2020 07:22:15 - INFO - 123TV DB import
Mon, 06 Jan 2020 07:22:42 - INFO - Connect to DB
Mon, 06 Jan 2020 07:22:42 - INFO - TRIZMA DB import
Mon, 06 Jan 2020 07:22:42 - INFO - 123TV DB import
Mon, 06 Jan 2020 07:22:47 - INFO - Connect to DB
Mon, 06 Jan 2020 07:22:47 - INFO - TRIZMA DB import
Mon, 06 Jan 2020 07:22:47 - INFO - 123TV DB import
Mon, 06 Jan 2020 07:22:53 - INFO - Connect to DB
Mon, 06 Jan 2020 07:22:53 - INFO - TRIZMA DB import
Mon, 06 Jan 2020 07:22:53 - INFO - 123TV DB import
Mon, 06 Jan 2020 07:29:20 - INFO - Connect to DB
Mon, 06 Jan 2020 07:29:20 - INFO - TRIZMA DB import
Mon, 06 Jan 2020 07:29:20 - INFO - 123TV DB import
Mon, 06 Jan 2020 07:30:19 - INFO - Connect to DB
Mon, 06 Jan 2020 07:30:19 - INFO - TRIZMA DB import
Mon, 06 Jan 2020 07:30:19 - INFO - 123TV DB import
Mon, 06 Jan 2020 07:30:48 - INFO - Connect to DB
Mon, 06 Jan 2020 07:30:48 - INFO - TRIZMA DB import
Mon, 06 Jan 2020 07:30:48 - INFO - 123TV DB import
Mon, 06 Jan 2020 07:31:13 - INFO - Connect to DB
Mon, 06 Jan 2020 07:31:13 - INFO - TRIZMA DB import
Mon, 06 Jan 2020 07:31:13 - INFO - 123TV DB import
Mon, 06 Jan 2020 07:32:58 - INFO - Connect to DB
Mon, 06 Jan 2020 07:32:58 - INFO - TRIZMA DB import
Mon, 06 Jan 2020 07:32:58 - INFO - 123TV DB import
Mon, 06 Jan 2020 07:33:08 - INFO - Connect to DB
Mon, 06 Jan 2020 07:33:08 - INFO - TRIZMA DB import
Mon, 06 Jan 2020 07:33:08 - INFO - 123TV DB import
Mon, 06 Jan 2020 07:33:39 - INFO - Connect to DB
Mon, 06 Jan 2020 07:33:39 - INFO - TRIZMA DB import
Mon, 06 Jan 2020 07:33:39 - INFO - 123TV DB import
Mon, 06 Jan 2020 07:33:44 - INFO - Connect to DB
Mon, 06 Jan 2020 07:33:44 - INFO - TRIZMA DB import
Mon, 06 Jan 2020 07:33:44 - INFO - 123TV DB import
Mon, 06 Jan 2020 07:34:05 - INFO - Connect to DB
Mon, 06 Jan 2020 07:34:05 - INFO - TRIZMA DB import
Mon, 06 Jan 2020 07:34:05 - INFO - 123TV DB import
Mon, 06 Jan 2020 07:34:57 - INFO - Connect to DB
Mon, 06 Jan 2020 07:34:57 - INFO - TRIZMA DB import
Mon, 06 Jan 2020 07:34:57 - INFO - 123TV DB import
Mon, 06 Jan 2020 07:39:42 - INFO - Connect to DB
Mon, 06 Jan 2020 07:39:42 - INFO - TRIZMA DB import
Mon, 06 Jan 2020 07:39:42 - INFO - Failed on TRIZMA DB import at: 2020-01-05_17-43-09, for following calling party: 4994986339989, for agent id: trz_sstankovic, with error:(pyodbc.DataError) ('22001', '[22001] [Microsoft][ODBC Driver 17 for SQL Server][SQL Server]String or binary data would be truncated. (8152) (SQLExecDirectW)')
[SQL: insert into records values('CC2Servicenummer','Belgrad','Nicht 端bermittelt','trz_sstankovic',                                  '4994986339989','','Nicht 端bermittelt','4994986339989_Thursday, January 02, 2020_9:56:40 AM')]
(Background on this error at: http://sqlalche.me/e/9h9h)
Mon, 06 Jan 2020 07:39:42 - INFO - 123TV DB import
Mon, 06 Jan 2020 07:46:32 - INFO - Connect to DB
Mon, 06 Jan 2020 07:46:32 - INFO - TRIZMA DB import
Mon, 06 Jan 2020 07:46:32 - INFO - 123TV DB import
Mon, 06 Jan 2020 07:47:39 - INFO - Connect to DB
Mon, 06 Jan 2020 07:47:39 - INFO - TRIZMA DB import
Mon, 06 Jan 2020 07:47:39 - INFO - 123TV DB import
Mon, 06 Jan 2020 07:50:09 - INFO - Connect to DB
Mon, 06 Jan 2020 07:50:09 - INFO - TRIZMA DB import
Mon, 06 Jan 2020 07:50:09 - INFO - Failed on TRIZMA DB import at: 2020-01-05_17-43-09, for following calling party: 496722409005, for agent id: trz_sstankovic, with error:(pyodbc.DataError) ('22001', '[22001] [Microsoft][ODBC Driver 17 for SQL Server][SQL Server]String or binary data would be truncated. (8152) (SQLExecDirectW)')
[SQL: insert into records values('CC2Servicenummer','Belgrad','Nicht 端bermittelt','trz_sstankovic',                                  '496722409005','','Nicht 端bermittelt','496722409005_Thursday, January 02, 2020_10:24:01 AM')]
(Background on this error at: http://sqlalche.me/e/9h9h)
Mon, 06 Jan 2020 07:50:09 - INFO - 123TV DB import
Mon, 06 Jan 2020 07:52:43 - INFO - Connect to DB
Mon, 06 Jan 2020 07:52:43 - INFO - TRIZMA DB import
Mon, 06 Jan 2020 07:52:43 - INFO - 123TV DB import
Mon, 06 Jan 2020 07:57:00 - INFO - Connect to DB
Mon, 06 Jan 2020 07:57:00 - INFO - TRIZMA DB import
Mon, 06 Jan 2020 07:57:00 - INFO - 123TV DB import
Mon, 06 Jan 2020 07:57:56 - INFO - Connect to DB
Mon, 06 Jan 2020 07:57:56 - INFO - TRIZMA DB import
Mon, 06 Jan 2020 07:57:56 - INFO - 123TV DB import
Mon, 06 Jan 2020 07:59:02 - INFO - Connect to DB
Mon, 06 Jan 2020 07:59:02 - INFO - TRIZMA DB import
Mon, 06 Jan 2020 07:59:02 - INFO - 123TV DB import
Mon, 06 Jan 2020 08:01:45 - INFO - Connect to DB
Mon, 06 Jan 2020 08:01:45 - INFO - TRIZMA DB import
Mon, 06 Jan 2020 08:01:45 - INFO - 123TV DB import
Mon, 06 Jan 2020 08:02:00 - INFO - Connect to DB
Mon, 06 Jan 2020 08:02:00 - INFO - TRIZMA DB import
Mon, 06 Jan 2020 08:02:01 - INFO - 123TV DB import
Mon, 06 Jan 2020 08:03:36 - INFO - Connect to DB
Mon, 06 Jan 2020 08:03:36 - INFO - TRIZMA DB import
Mon, 06 Jan 2020 08:03:36 - INFO - 123TV DB import
Mon, 06 Jan 2020 08:04:01 - INFO - Connect to DB
Mon, 06 Jan 2020 08:04:01 - INFO - TRIZMA DB import
Mon, 06 Jan 2020 08:04:01 - INFO - 123TV DB import
Mon, 06 Jan 2020 08:04:11 - INFO - Connect to DB
Mon, 06 Jan 2020 08:04:11 - INFO - TRIZMA DB import
Mon, 06 Jan 2020 08:04:11 - INFO - 123TV DB import
Mon, 06 Jan 2020 08:09:21 - INFO - Connect to DB
Mon, 06 Jan 2020 08:09:21 - INFO - TRIZMA DB import
Mon, 06 Jan 2020 08:09:21 - INFO - 123TV DB import
Mon, 06 Jan 2020 08:13:17 - INFO - Connect to DB
Mon, 06 Jan 2020 08:13:17 - INFO - TRIZMA DB import
Mon, 06 Jan 2020 08:13:17 - INFO - 123TV DB import
Mon, 06 Jan 2020 08:13:42 - INFO - Connect to DB
Mon, 06 Jan 2020 08:13:42 - INFO - TRIZMA DB import
Mon, 06 Jan 2020 08:13:42 - INFO - 123TV DB import
