Tue, 21 Jan 2020 07:28:57 - INFO - Connect to DB
Tue, 21 Jan 2020 07:28:58 - INFO - TRIZMA DB import
Tue, 21 Jan 2020 07:28:58 - INFO - Failed on TRIZMA DB import at: 2020-01-21_07-28-14, for following calling party: 4917641900240, for agent id: trz_sstankovic, with error:(pyodbc.DataError) ('22001', '[22001] [Microsoft][ODBC Driver 17 for SQL Server][SQL Server]String or binary data would be truncated. (8152) (SQLExecDirectW)')
[SQL: insert into records values('CC2Servicenummer','Belgrad','Nicht übermittelt','trz_sstankovic',                                 '4917641900240','','Nicht übermittelt','4917641900240_Saturday, January 18, 2020_10:06:39 AM','SAR_STANKO')]
(Background on this error at: http://sqlalche.me/e/9h9h)
Tue, 21 Jan 2020 07:28:58 - INFO - 123TV DB import
Tue, 21 Jan 2020 07:29:51 - INFO - Connect to DB
Tue, 21 Jan 2020 07:29:51 - INFO - TRIZMA DB import
Tue, 21 Jan 2020 07:29:52 - INFO - Failed on TRIZMA DB import at: 2020-01-21_07-28-14, for following calling party: 4915202411768, for agent id: trz_sstankovic, with error:(pyodbc.DataError) ('22001', '[22001] [Microsoft][ODBC Driver 17 for SQL Server][SQL Server]String or binary data would be truncated. (8152) (SQLExecDirectW)')
[SQL: insert into records values('CC2Servicenummer','Belgrad','Nicht übermittelt','trz_sstankovic',                                 '4915202411768','','Nicht übermittelt','4915202411768_Saturday, January 18, 2020_10:51:25 AM','SAR_STANKO')]
(Background on this error at: http://sqlalche.me/e/9h9h)
Tue, 21 Jan 2020 07:29:52 - INFO - 123TV DB import
Tue, 21 Jan 2020 07:32:20 - INFO - Connect to DB
Tue, 21 Jan 2020 07:32:20 - INFO - TRIZMA DB import
Tue, 21 Jan 2020 07:32:20 - INFO - 123TV DB import
Tue, 21 Jan 2020 07:32:48 - INFO - Connect to DB
Tue, 21 Jan 2020 07:32:48 - INFO - TRIZMA DB import
Tue, 21 Jan 2020 07:32:48 - INFO - Failed on TRIZMA DB import at: 2020-01-21_07-28-14, for following calling party: 4923158034795, for agent id: trz_madamovic, with error:(pyodbc.DataError) ('22001', '[22001] [Microsoft][ODBC Driver 17 for SQL Server][SQL Server]String or binary data would be truncated. (8152) (SQLExecDirectW)')
[SQL: insert into records values('CC2Servicenummer','Belgrad','Nicht übermittelt','trz_madamovic',                                 '4923158034795','','Nicht übermittelt','4923158034795_Thursday, January 16, 2020_9:18:45 AM','MIL_ADAMOV')]
(Background on this error at: http://sqlalche.me/e/9h9h)
Tue, 21 Jan 2020 07:32:48 - INFO - 123TV DB import
Tue, 21 Jan 2020 07:33:37 - INFO - Connect to DB
Tue, 21 Jan 2020 07:33:37 - INFO - TRIZMA DB import
Tue, 21 Jan 2020 07:33:38 - INFO - 123TV DB import
Tue, 21 Jan 2020 07:34:06 - INFO - Connect to DB
Tue, 21 Jan 2020 07:34:06 - INFO - TRIZMA DB import
Tue, 21 Jan 2020 07:34:06 - INFO - Failed on TRIZMA DB import at: 2020-01-21_07-28-14, for following calling party: 4935549937470, for agent id: trz_madamovic, with error:(pyodbc.DataError) ('22001', '[22001] [Microsoft][ODBC Driver 17 for SQL Server][SQL Server]String or binary data would be truncated. (8152) (SQLExecDirectW)')
[SQL: insert into records values('CC2Servicenummer','Belgrad','Nicht übermittelt','trz_madamovic',                                 '4935549937470','','Nicht übermittelt','4935549937470_Thursday, January 16, 2020_1:29:02 PM','MIL_ADAMOV')]
(Background on this error at: http://sqlalche.me/e/9h9h)
Tue, 21 Jan 2020 07:34:06 - INFO - 123TV DB import
Tue, 21 Jan 2020 07:34:12 - INFO - Connect to DB
Tue, 21 Jan 2020 07:34:12 - INFO - TRIZMA DB import
Tue, 21 Jan 2020 07:34:12 - INFO - Failed on TRIZMA DB import at: 2020-01-21_07-28-14, for following calling party: 4917620239188, for agent id: trz_madamovic, with error:(pyodbc.DataError) ('22001', '[22001] [Microsoft][ODBC Driver 17 for SQL Server][SQL Server]String or binary data would be truncated. (8152) (SQLExecDirectW)')
[SQL: insert into records values('CC2Servicenummer','Belgrad','Nicht übermittelt','trz_madamovic',                                 '4917620239188','','Nicht übermittelt','4917620239188_Thursday, January 16, 2020_1:43:06 PM','MIL_ADAMOV')]
(Background on this error at: http://sqlalche.me/e/9h9h)
Tue, 21 Jan 2020 07:34:12 - INFO - 123TV DB import
Tue, 21 Jan 2020 07:34:57 - INFO - Connect to DB
Tue, 21 Jan 2020 07:34:57 - INFO - TRIZMA DB import
Tue, 21 Jan 2020 07:34:57 - INFO - Failed on TRIZMA DB import at: 2020-01-21_07-28-14, for following calling party: 492751444684, for agent id: trz_sstankovic, with error:(pyodbc.DataError) ('22001', '[22001] [Microsoft][ODBC Driver 17 for SQL Server][SQL Server]String or binary data would be truncated. (8152) (SQLExecDirectW)')
[SQL: insert into records values('CC2Servicenummer','Belgrad','Nicht übermittelt','trz_sstankovic',                                 '492751444684','','Nicht übermittelt','492751444684_Saturday, January 18, 2020_11:21:02 AM','SAR_STANKO')]
(Background on this error at: http://sqlalche.me/e/9h9h)
Tue, 21 Jan 2020 07:34:57 - INFO - 123TV DB import
Tue, 21 Jan 2020 07:35:20 - INFO - Connect to DB
Tue, 21 Jan 2020 07:35:20 - INFO - TRIZMA DB import
Tue, 21 Jan 2020 07:35:20 - INFO - 123TV DB import
Tue, 21 Jan 2020 07:35:58 - INFO - Connect to DB
Tue, 21 Jan 2020 07:35:58 - INFO - TRIZMA DB import
Tue, 21 Jan 2020 07:35:58 - INFO - 123TV DB import
Tue, 21 Jan 2020 07:36:03 - INFO - Connect to DB
Tue, 21 Jan 2020 07:36:03 - INFO - TRIZMA DB import
Tue, 21 Jan 2020 07:36:03 - INFO - 123TV DB import
Tue, 21 Jan 2020 07:37:02 - INFO - Connect to DB
Tue, 21 Jan 2020 07:37:02 - INFO - TRIZMA DB import
Tue, 21 Jan 2020 07:37:03 - INFO - 123TV DB import
Tue, 21 Jan 2020 07:38:05 - INFO - Connect to DB
Tue, 21 Jan 2020 07:38:05 - INFO - TRIZMA DB import
Tue, 21 Jan 2020 07:38:05 - INFO - 123TV DB import
Tue, 21 Jan 2020 07:38:29 - INFO - Connect to DB
Tue, 21 Jan 2020 07:38:29 - INFO - TRIZMA DB import
Tue, 21 Jan 2020 07:38:30 - INFO - 123TV DB import
Tue, 21 Jan 2020 07:38:46 - INFO - Connect to DB
Tue, 21 Jan 2020 07:38:46 - INFO - TRIZMA DB import
Tue, 21 Jan 2020 07:38:46 - INFO - 123TV DB import
Tue, 21 Jan 2020 07:39:09 - INFO - Connect to DB
Tue, 21 Jan 2020 07:39:09 - INFO - TRIZMA DB import
Tue, 21 Jan 2020 07:39:09 - INFO - 123TV DB import
Tue, 21 Jan 2020 07:39:30 - INFO - Connect to DB
Tue, 21 Jan 2020 07:39:30 - INFO - TRIZMA DB import
Tue, 21 Jan 2020 07:39:30 - INFO - 123TV DB import
Tue, 21 Jan 2020 07:39:41 - INFO - Connect to DB
Tue, 21 Jan 2020 07:39:41 - INFO - TRIZMA DB import
Tue, 21 Jan 2020 07:39:41 - INFO - 123TV DB import
Tue, 21 Jan 2020 07:39:47 - INFO - Connect to DB
Tue, 21 Jan 2020 07:39:47 - INFO - TRIZMA DB import
Tue, 21 Jan 2020 07:39:47 - INFO - 123TV DB import
Tue, 21 Jan 2020 07:40:04 - INFO - Connect to DB
Tue, 21 Jan 2020 07:40:04 - INFO - TRIZMA DB import
Tue, 21 Jan 2020 07:40:04 - INFO - 123TV DB import
Tue, 21 Jan 2020 07:40:22 - INFO - Connect to DB
Tue, 21 Jan 2020 07:40:22 - INFO - TRIZMA DB import
Tue, 21 Jan 2020 07:40:22 - INFO - 123TV DB import
Tue, 21 Jan 2020 07:40:56 - INFO - Connect to DB
Tue, 21 Jan 2020 07:40:56 - INFO - TRIZMA DB import
Tue, 21 Jan 2020 07:40:56 - INFO - 123TV DB import
Tue, 21 Jan 2020 07:41:19 - INFO - Connect to DB
Tue, 21 Jan 2020 07:41:19 - INFO - TRIZMA DB import
Tue, 21 Jan 2020 07:41:19 - INFO - 123TV DB import
Tue, 21 Jan 2020 07:41:27 - INFO - Connect to DB
Tue, 21 Jan 2020 07:41:27 - INFO - TRIZMA DB import
Tue, 21 Jan 2020 07:41:27 - INFO - 123TV DB import
Tue, 21 Jan 2020 07:41:34 - INFO - Connect to DB
Tue, 21 Jan 2020 07:41:34 - INFO - TRIZMA DB import
Tue, 21 Jan 2020 07:41:34 - INFO - 123TV DB import
Tue, 21 Jan 2020 07:41:39 - INFO - Connect to DB
Tue, 21 Jan 2020 07:41:39 - INFO - TRIZMA DB import
Tue, 21 Jan 2020 07:41:39 - INFO - 123TV DB import
Tue, 21 Jan 2020 07:42:30 - INFO - Connect to DB
Tue, 21 Jan 2020 07:42:30 - INFO - TRIZMA DB import
Tue, 21 Jan 2020 07:42:30 - INFO - 123TV DB import
Tue, 21 Jan 2020 07:43:25 - INFO - Connect to DB
Tue, 21 Jan 2020 07:43:25 - INFO - TRIZMA DB import
Tue, 21 Jan 2020 07:43:25 - INFO - 123TV DB import
Tue, 21 Jan 2020 07:46:25 - INFO - Connect to DB
Tue, 21 Jan 2020 07:46:25 - INFO - TRIZMA DB import
Tue, 21 Jan 2020 07:46:25 - INFO - 123TV DB import
Tue, 21 Jan 2020 07:46:36 - INFO - Connect to DB
Tue, 21 Jan 2020 07:46:36 - INFO - TRIZMA DB import
Tue, 21 Jan 2020 07:46:36 - INFO - 123TV DB import
Tue, 21 Jan 2020 07:47:32 - INFO - Connect to DB
Tue, 21 Jan 2020 07:47:32 - INFO - TRIZMA DB import
Tue, 21 Jan 2020 07:47:32 - INFO - 123TV DB import
Tue, 21 Jan 2020 07:53:38 - INFO - Connect to DB
Tue, 21 Jan 2020 07:53:38 - INFO - TRIZMA DB import
Tue, 21 Jan 2020 07:53:38 - INFO - 123TV DB import
Tue, 21 Jan 2020 07:54:22 - INFO - Connect to DB
Tue, 21 Jan 2020 07:54:22 - INFO - TRIZMA DB import
Tue, 21 Jan 2020 07:54:22 - INFO - 123TV DB import
Tue, 21 Jan 2020 07:58:43 - INFO - Connect to DB
Tue, 21 Jan 2020 07:58:43 - INFO - TRIZMA DB import
Tue, 21 Jan 2020 07:58:43 - INFO - 123TV DB import
Tue, 21 Jan 2020 08:00:33 - INFO - Connect to DB
Tue, 21 Jan 2020 08:00:33 - INFO - TRIZMA DB import
Tue, 21 Jan 2020 08:00:33 - INFO - 123TV DB import
Tue, 21 Jan 2020 08:02:28 - INFO - Connect to DB
Tue, 21 Jan 2020 08:02:28 - INFO - TRIZMA DB import
Tue, 21 Jan 2020 08:02:28 - INFO - 123TV DB import
Tue, 21 Jan 2020 08:03:49 - INFO - Connect to DB
Tue, 21 Jan 2020 08:03:49 - INFO - TRIZMA DB import
Tue, 21 Jan 2020 08:03:49 - INFO - 123TV DB import
Tue, 21 Jan 2020 08:04:26 - INFO - Connect to DB
Tue, 21 Jan 2020 08:04:26 - INFO - TRIZMA DB import
Tue, 21 Jan 2020 08:04:26 - INFO - 123TV DB import
Tue, 21 Jan 2020 08:04:32 - INFO - Connect to DB
Tue, 21 Jan 2020 08:04:32 - INFO - TRIZMA DB import
Tue, 21 Jan 2020 08:04:32 - INFO - 123TV DB import
Tue, 21 Jan 2020 08:05:12 - INFO - Connect to DB
Tue, 21 Jan 2020 08:05:12 - INFO - TRIZMA DB import
Tue, 21 Jan 2020 08:05:12 - INFO - 123TV DB import
Tue, 21 Jan 2020 08:05:42 - INFO - Connect to DB
Tue, 21 Jan 2020 08:05:42 - INFO - TRIZMA DB import
Tue, 21 Jan 2020 08:05:43 - INFO - 123TV DB import
Tue, 21 Jan 2020 08:06:16 - INFO - Connect to DB
Tue, 21 Jan 2020 08:06:16 - INFO - TRIZMA DB import
Tue, 21 Jan 2020 08:06:16 - INFO - 123TV DB import
Tue, 21 Jan 2020 08:10:04 - INFO - Connect to DB
Tue, 21 Jan 2020 08:10:04 - INFO - TRIZMA DB import
Tue, 21 Jan 2020 08:10:04 - INFO - 123TV DB import
Tue, 21 Jan 2020 08:15:41 - INFO - Connect to DB
Tue, 21 Jan 2020 08:15:41 - INFO - TRIZMA DB import
Tue, 21 Jan 2020 08:15:41 - INFO - 123TV DB import
Tue, 21 Jan 2020 08:16:32 - INFO - Connect to DB
Tue, 21 Jan 2020 08:16:32 - INFO - TRIZMA DB import
Tue, 21 Jan 2020 08:16:33 - INFO - 123TV DB import
Tue, 21 Jan 2020 08:18:13 - INFO - Connect to DB
Tue, 21 Jan 2020 08:18:13 - INFO - TRIZMA DB import
Tue, 21 Jan 2020 08:18:13 - INFO - 123TV DB import
Tue, 21 Jan 2020 08:20:16 - INFO - Connect to DB
Tue, 21 Jan 2020 08:20:16 - INFO - TRIZMA DB import
Tue, 21 Jan 2020 08:20:17 - INFO - 123TV DB import
Tue, 21 Jan 2020 08:20:46 - INFO - Connect to DB
Tue, 21 Jan 2020 08:20:46 - INFO - TRIZMA DB import
Tue, 21 Jan 2020 08:20:47 - INFO - 123TV DB import
Tue, 21 Jan 2020 08:21:38 - INFO - Connect to DB
Tue, 21 Jan 2020 08:21:38 - INFO - TRIZMA DB import
Tue, 21 Jan 2020 08:21:38 - INFO - 123TV DB import
Tue, 21 Jan 2020 08:22:27 - INFO - Connect to DB
Tue, 21 Jan 2020 08:22:27 - INFO - TRIZMA DB import
Tue, 21 Jan 2020 08:22:27 - INFO - 123TV DB import
Tue, 21 Jan 2020 08:25:52 - INFO - Connect to DB
Tue, 21 Jan 2020 08:25:52 - INFO - TRIZMA DB import
Tue, 21 Jan 2020 08:25:52 - INFO - 123TV DB import
Tue, 21 Jan 2020 08:26:44 - INFO - Connect to DB
Tue, 21 Jan 2020 08:26:44 - INFO - TRIZMA DB import
Tue, 21 Jan 2020 08:26:44 - INFO - 123TV DB import
Tue, 21 Jan 2020 08:28:03 - INFO - Connect to DB
Tue, 21 Jan 2020 08:28:03 - INFO - TRIZMA DB import
Tue, 21 Jan 2020 08:28:03 - INFO - 123TV DB import
Tue, 21 Jan 2020 08:29:00 - INFO - Connect to DB
Tue, 21 Jan 2020 08:29:00 - INFO - TRIZMA DB import
Tue, 21 Jan 2020 08:29:00 - INFO - 123TV DB import
Tue, 21 Jan 2020 08:29:06 - INFO - Connect to DB
Tue, 21 Jan 2020 08:29:06 - INFO - TRIZMA DB import
Tue, 21 Jan 2020 08:29:06 - INFO - 123TV DB import
Tue, 21 Jan 2020 08:29:11 - INFO - Connect to DB
Tue, 21 Jan 2020 08:29:12 - INFO - TRIZMA DB import
Tue, 21 Jan 2020 08:29:12 - INFO - 123TV DB import
Tue, 21 Jan 2020 08:30:59 - INFO - Connect to DB
Tue, 21 Jan 2020 08:30:59 - INFO - TRIZMA DB import
Tue, 21 Jan 2020 08:30:59 - INFO - 123TV DB import
Tue, 21 Jan 2020 08:31:34 - INFO - Connect to DB
Tue, 21 Jan 2020 08:31:34 - INFO - TRIZMA DB import
Tue, 21 Jan 2020 08:31:34 - INFO - 123TV DB import
Tue, 21 Jan 2020 08:32:49 - INFO - Connect to DB
Tue, 21 Jan 2020 08:32:49 - INFO - TRIZMA DB import
Tue, 21 Jan 2020 08:32:50 - INFO - 123TV DB import
Tue, 21 Jan 2020 08:33:17 - INFO - Connect to DB
Tue, 21 Jan 2020 08:33:17 - INFO - TRIZMA DB import
Tue, 21 Jan 2020 08:33:17 - INFO - 123TV DB import
Tue, 21 Jan 2020 08:34:28 - INFO - Connect to DB
Tue, 21 Jan 2020 08:34:28 - INFO - TRIZMA DB import
Tue, 21 Jan 2020 08:34:28 - INFO - 123TV DB import
Tue, 21 Jan 2020 08:35:21 - INFO - Connect to DB
Tue, 21 Jan 2020 08:35:21 - INFO - TRIZMA DB import
Tue, 21 Jan 2020 08:35:21 - INFO - 123TV DB import
Tue, 21 Jan 2020 08:35:57 - INFO - Connect to DB
Tue, 21 Jan 2020 08:35:57 - INFO - TRIZMA DB import
Tue, 21 Jan 2020 08:35:57 - INFO - 123TV DB import
Tue, 21 Jan 2020 08:36:30 - INFO - Connect to DB
Tue, 21 Jan 2020 08:36:30 - INFO - TRIZMA DB import
Tue, 21 Jan 2020 08:36:30 - INFO - 123TV DB import
Tue, 21 Jan 2020 08:36:35 - INFO - Connect to DB
Tue, 21 Jan 2020 08:36:35 - INFO - TRIZMA DB import
Tue, 21 Jan 2020 08:36:35 - INFO - 123TV DB import
Tue, 21 Jan 2020 08:36:56 - INFO - Connect to DB
Tue, 21 Jan 2020 08:36:56 - INFO - TRIZMA DB import
Tue, 21 Jan 2020 08:36:56 - INFO - 123TV DB import
Tue, 21 Jan 2020 08:37:02 - INFO - Connect to DB
Tue, 21 Jan 2020 08:37:02 - INFO - TRIZMA DB import
Tue, 21 Jan 2020 08:37:02 - INFO - 123TV DB import
Tue, 21 Jan 2020 08:43:14 - INFO - Connect to DB
Tue, 21 Jan 2020 08:43:14 - INFO - TRIZMA DB import
Tue, 21 Jan 2020 08:43:14 - INFO - 123TV DB import
