Mon, 13 Jan 2020 17:40:27 - INFO - Connect to DB
Mon, 13 Jan 2020 17:40:27 - INFO - TRIZMA DB import
Mon, 13 Jan 2020 17:40:27 - INFO - 123TV DB import
Mon, 13 Jan 2020 17:40:32 - INFO - Failed on 123TV DB import at: 2020-01-13_17-38-22, for following calling party: 4993916417, for agent id: 3117, with error:Missing element acd_id (importCallMetaData.acd_id)
Mon, 13 Jan 2020 17:48:50 - INFO - Connect to DB
Mon, 13 Jan 2020 17:48:50 - INFO - TRIZMA DB import
Mon, 13 Jan 2020 17:48:50 - INFO - 123TV DB import
Mon, 13 Jan 2020 17:48:55 - INFO - Failed on 123TV DB import at: 2020-01-13_17-38-22, for following calling party: 497531805849, for agent id: 3122, with error:Missing element acd_id (importCallMetaData.acd_id)
Mon, 13 Jan 2020 18:13:03 - INFO - Connect to DB
Mon, 13 Jan 2020 18:13:03 - INFO - TRIZMA DB import
Mon, 13 Jan 2020 18:13:03 - INFO - 123TV DB import
Mon, 13 Jan 2020 18:13:08 - INFO - Failed on 123TV DB import at: 2020-01-13_17-38-22, for following calling party: 4933762821026, for agent id: 3019, with error:Missing element acd_id (importCallMetaData.acd_id)
Mon, 13 Jan 2020 18:36:33 - INFO - Connect to DB
Mon, 13 Jan 2020 18:36:33 - INFO - TRIZMA DB import
Mon, 13 Jan 2020 18:36:33 - INFO - 123TV DB import
Mon, 13 Jan 2020 18:36:38 - INFO - Failed on 123TV DB import at: 2020-01-13_17-38-22, for following calling party: 493451206271, for agent id: 3067, with error:Missing element acd_id (importCallMetaData.acd_id)
Tue, 14 Jan 2020 07:01:58 - INFO - Connect to DB
Tue, 14 Jan 2020 07:01:58 - INFO - TRIZMA DB import
Tue, 14 Jan 2020 07:01:58 - INFO - 123TV DB import
Tue, 14 Jan 2020 07:02:03 - INFO - Failed on 123TV DB import at: 2020-01-13_17-38-22, for following calling party: 4995615137034, for agent id: 3098, with error:Missing element acd_id (importCallMetaData.acd_id)
Tue, 14 Jan 2020 07:18:31 - INFO - Connect to DB
Tue, 14 Jan 2020 07:18:31 - INFO - TRIZMA DB import
Tue, 14 Jan 2020 07:18:31 - INFO - 123TV DB import
Tue, 14 Jan 2020 07:18:36 - INFO - Failed on 123TV DB import at: 2020-01-13_17-38-22, for following calling party: 4917672550594, for agent id: 3098, with error:Missing element acd_id (importCallMetaData.acd_id)
Tue, 14 Jan 2020 07:33:53 - INFO - Connect to DB
Tue, 14 Jan 2020 07:33:53 - INFO - TRIZMA DB import
Tue, 14 Jan 2020 07:33:53 - INFO - 123TV DB import
Tue, 14 Jan 2020 07:33:58 - INFO - Failed on 123TV DB import at: 2020-01-13_17-38-22, for following calling party: 495612015254, for agent id: 3098, with error:Missing element acd_id (importCallMetaData.acd_id)
Tue, 14 Jan 2020 07:34:44 - INFO - Connect to DB
Tue, 14 Jan 2020 07:34:44 - INFO - TRIZMA DB import
Tue, 14 Jan 2020 07:34:44 - INFO - 123TV DB import
Tue, 14 Jan 2020 07:34:49 - INFO - Failed on 123TV DB import at: 2020-01-13_17-38-22, for following calling party: 4949271085, for agent id: 3098, with error:Missing element acd_id (importCallMetaData.acd_id)
Tue, 14 Jan 2020 07:34:49 - INFO - Connect to DB
Tue, 14 Jan 2020 07:34:49 - INFO - TRIZMA DB import
Tue, 14 Jan 2020 07:34:49 - INFO - 123TV DB import
Tue, 14 Jan 2020 07:34:54 - INFO - Failed on 123TV DB import at: 2020-01-13_17-38-22, for following calling party: 493490522332, for agent id: 3098, with error:Missing element acd_id (importCallMetaData.acd_id)
Tue, 14 Jan 2020 07:35:14 - INFO - Connect to DB
Tue, 14 Jan 2020 07:35:14 - INFO - TRIZMA DB import
Tue, 14 Jan 2020 07:35:14 - INFO - 123TV DB import
Tue, 14 Jan 2020 07:35:19 - INFO - Failed on 123TV DB import at: 2020-01-13_17-38-22, for following calling party: 49221642904, for agent id: 3098, with error:Missing element acd_id (importCallMetaData.acd_id)
Tue, 14 Jan 2020 07:35:53 - INFO - Connect to DB
Tue, 14 Jan 2020 07:35:53 - INFO - TRIZMA DB import
Tue, 14 Jan 2020 07:35:53 - INFO - 123TV DB import
Tue, 14 Jan 2020 07:35:58 - INFO - Failed on 123TV DB import at: 2020-01-13_17-38-22, for following calling party: 491638461608, for agent id: 3098, with error:Missing element acd_id (importCallMetaData.acd_id)
Tue, 14 Jan 2020 07:40:51 - INFO - Connect to DB
Tue, 14 Jan 2020 07:40:51 - INFO - TRIZMA DB import
Tue, 14 Jan 2020 07:40:51 - INFO - 123TV DB import
Tue, 14 Jan 2020 07:40:56 - INFO - Failed on 123TV DB import at: 2020-01-13_17-38-22, for following calling party: 4934651495341, for agent id: 3098, with error:Missing element acd_id (importCallMetaData.acd_id)
Tue, 14 Jan 2020 07:41:21 - INFO - Connect to DB
Tue, 14 Jan 2020 07:41:21 - INFO - TRIZMA DB import
Tue, 14 Jan 2020 07:41:21 - INFO - 123TV DB import
Tue, 14 Jan 2020 07:41:27 - INFO - Failed on 123TV DB import at: 2020-01-13_17-38-22, for following calling party: 493514767000, for agent id: 3098, with error:Missing element acd_id (importCallMetaData.acd_id)
Tue, 14 Jan 2020 07:52:35 - INFO - Connect to DB
Tue, 14 Jan 2020 07:52:35 - INFO - TRIZMA DB import
Tue, 14 Jan 2020 07:52:35 - INFO - 123TV DB import
Tue, 14 Jan 2020 07:52:40 - INFO - Failed on 123TV DB import at: 2020-01-13_17-38-22, for following calling party: 493495421627, for agent id: 3098, with error:Missing element acd_id (importCallMetaData.acd_id)
Tue, 14 Jan 2020 07:53:15 - INFO - Connect to DB
Tue, 14 Jan 2020 07:53:15 - INFO - TRIZMA DB import
Tue, 14 Jan 2020 07:53:15 - INFO - 123TV DB import
Tue, 14 Jan 2020 07:53:20 - INFO - Failed on 123TV DB import at: 2020-01-13_17-38-22, for following calling party: 49843148759, for agent id: 3098, with error:Missing element acd_id (importCallMetaData.acd_id)
Tue, 14 Jan 2020 07:54:06 - INFO - Connect to DB
Tue, 14 Jan 2020 07:54:06 - INFO - TRIZMA DB import
Tue, 14 Jan 2020 07:54:06 - INFO - 123TV DB import
Tue, 14 Jan 2020 07:54:11 - INFO - Failed on 123TV DB import at: 2020-01-13_17-38-22, for following calling party: 4915209243776, for agent id: 3181, with error:Missing element acd_id (importCallMetaData.acd_id)
