Thu, 09 Jan 2020 10:11:04 - INFO - Connect to DB
Thu, 09 Jan 2020 10:11:05 - INFO - TRIZMA DB import
Thu, 09 Jan 2020 10:11:05 - INFO - 123TV DB import
Thu, 09 Jan 2020 10:17:18 - INFO - Connect to DB
Thu, 09 Jan 2020 10:17:18 - INFO - TRIZMA DB import
Thu, 09 Jan 2020 10:17:18 - INFO - 123TV DB import
Thu, 09 Jan 2020 10:17:33 - INFO - Connect to DB
Thu, 09 Jan 2020 10:17:33 - INFO - TRIZMA DB import
Thu, 09 Jan 2020 10:17:33 - INFO - 123TV DB import
Thu, 09 Jan 2020 10:22:01 - INFO - Connect to DB
Thu, 09 Jan 2020 10:22:01 - INFO - TRIZMA DB import
Thu, 09 Jan 2020 10:22:01 - INFO - Failed on TRIZMA DB import at: 2020-01-09_10-05-12, for following calling party: 496231634699, for agent id: trz_hjovic, with error:(pyodbc.DataError) ('22001', '[22001] [Microsoft][ODBC Driver 17 for SQL Server][SQL Server]String or binary data would be truncated. (8152) (SQLExecDirectW)')
[SQL: insert into records values('CC2Servicenummer','Belgrad','Nicht übermittelt','trz_hjovic',                                  '496231634699','','Nicht übermittelt','496231634699_Thursday, January 09, 2020_11:21:58 AM')]
(Background on this error at: http://sqlalche.me/e/9h9h)
Thu, 09 Jan 2020 10:22:01 - INFO - 123TV DB import
Thu, 09 Jan 2020 10:22:49 - INFO - Connect to DB
Thu, 09 Jan 2020 10:22:49 - INFO - TRIZMA DB import
Thu, 09 Jan 2020 10:22:50 - INFO - 123TV DB import
Thu, 09 Jan 2020 10:23:00 - INFO - Connect to DB
Thu, 09 Jan 2020 10:23:00 - INFO - TRIZMA DB import
Thu, 09 Jan 2020 10:23:00 - INFO - 123TV DB import
Thu, 09 Jan 2020 10:23:22 - INFO - Connect to DB
Thu, 09 Jan 2020 10:23:22 - INFO - TRIZMA DB import
Thu, 09 Jan 2020 10:23:22 - INFO - 123TV DB import
Thu, 09 Jan 2020 10:24:28 - INFO - Connect to DB
Thu, 09 Jan 2020 10:24:28 - INFO - TRIZMA DB import
Thu, 09 Jan 2020 10:24:28 - INFO - 123TV DB import
