Wed, 15 Jan 2020 10:11:22 - INFO - Connect to DB
Wed, 15 Jan 2020 10:11:22 - INFO - TRIZMA DB import
Wed, 15 Jan 2020 10:11:22 - INFO - 123TV DB import
Wed, 15 Jan 2020 10:15:32 - INFO - Connect to DB
Wed, 15 Jan 2020 10:15:32 - INFO - TRIZMA DB import
Wed, 15 Jan 2020 10:15:32 - INFO - Failed on TRIZMA DB import at: 2020-01-15_10-11-16, for following calling party: 49421666724, for agent id: trz_vvucetic, with error:(pyodbc.DataError) ('22001', '[22001] [Microsoft][ODBC Driver 17 for SQL Server][SQL Server]String or binary data would be truncated. (8152) (SQLExecDirectW)')
[SQL: insert into records values('CC2Servicenummer','Belgrad','Nicht 端bermittelt','trz_vvucetic',                                 '49421666724','','Nicht 端bermittelt','49421666724_Wednesday, January 15, 2020_11:15:31 AM','VAL_VUCETI')]
(Background on this error at: http://sqlalche.me/e/9h9h)
Wed, 15 Jan 2020 10:15:32 - INFO - 123TV DB import
Wed, 15 Jan 2020 10:17:47 - INFO - Connect to DB
Wed, 15 Jan 2020 10:17:47 - INFO - TRIZMA DB import
Wed, 15 Jan 2020 10:17:47 - INFO - Failed on TRIZMA DB import at: 2020-01-15_10-11-16, for following calling party: 491731316803, for agent id: trz_memetovic, with error:(pyodbc.DataError) ('22001', '[22001] [Microsoft][ODBC Driver 17 for SQL Server][SQL Server]String or binary data would be truncated. (8152) (SQLExecDirectW)')
[SQL: insert into records values('CC2Servicenummer','Belgrad','Nicht 端bermittelt','trz_memetovic',                                 '491731316803','','Nicht 端bermittelt','491731316803_Wednesday, January 15, 2020_11:17:42 AM','KEN_MEMETO')]
(Background on this error at: http://sqlalche.me/e/9h9h)
Wed, 15 Jan 2020 10:17:47 - INFO - 123TV DB import
Wed, 15 Jan 2020 10:18:06 - INFO - Connect to DB
Wed, 15 Jan 2020 10:18:06 - INFO - TRIZMA DB import
Wed, 15 Jan 2020 10:18:06 - INFO - 123TV DB import
Wed, 15 Jan 2020 10:18:12 - INFO - Connect to DB
Wed, 15 Jan 2020 10:18:12 - INFO - TRIZMA DB import
Wed, 15 Jan 2020 10:18:12 - INFO - 123TV DB import
