Mon, 20 Jan 2020 10:43:08 - INFO - Connect to DB
Mon, 20 Jan 2020 10:43:08 - INFO - TRIZMA DB import
Mon, 20 Jan 2020 10:43:09 - INFO - 123TV DB import
Mon, 20 Jan 2020 10:47:29 - INFO - Connect to DB
Mon, 20 Jan 2020 10:47:29 - INFO - TRIZMA DB import
Mon, 20 Jan 2020 10:47:29 - INFO - 123TV DB import
Mon, 20 Jan 2020 10:47:41 - INFO - Connect to DB
Mon, 20 Jan 2020 10:47:41 - INFO - TRIZMA DB import
Mon, 20 Jan 2020 10:47:41 - INFO - 123TV DB import
Mon, 20 Jan 2020 10:49:48 - INFO - Connect to DB
Mon, 20 Jan 2020 10:49:48 - INFO - TRIZMA DB import
Mon, 20 Jan 2020 10:49:48 - INFO - 123TV DB import
Mon, 20 Jan 2020 10:54:17 - INFO - Connect to DB
Mon, 20 Jan 2020 10:54:17 - INFO - TRIZMA DB import
Mon, 20 Jan 2020 10:54:17 - INFO - 123TV DB import
Mon, 20 Jan 2020 10:54:43 - INFO - Connect to DB
Mon, 20 Jan 2020 10:54:43 - INFO - TRIZMA DB import
Mon, 20 Jan 2020 10:54:43 - INFO - Failed on TRIZMA DB import at: 2020-01-20_10-42-52, for following calling party: 4971368304261, for agent id: trz_bmaksimovic, with error:(pyodbc.DataError) ('22001', '[22001] [Microsoft][ODBC Driver 17 for SQL Server][SQL Server]String or binary data would be truncated. (8152) (SQLExecDirectW)')
[SQL: insert into records values('CC2Servicenummer','Belgrad','Nicht übermittelt','trz_bmaksimovic',                                 '4971368304261','','Nicht übermittelt','4971368304261_Thursday, January 16, 2020_6:54:30 PM','BOR_MAKSIM')]
(Background on this error at: http://sqlalche.me/e/9h9h)
Mon, 20 Jan 2020 10:54:43 - INFO - 123TV DB import
Mon, 20 Jan 2020 11:00:10 - INFO - Connect to DB
Mon, 20 Jan 2020 11:00:11 - INFO - TRIZMA DB import
Mon, 20 Jan 2020 11:00:11 - INFO - 123TV DB import
Mon, 20 Jan 2020 11:11:08 - INFO - Connect to DB
Mon, 20 Jan 2020 11:11:08 - INFO - TRIZMA DB import
Mon, 20 Jan 2020 11:11:08 - INFO - 123TV DB import
Mon, 20 Jan 2020 11:12:01 - INFO - Connect to DB
Mon, 20 Jan 2020 11:12:01 - INFO - TRIZMA DB import
Mon, 20 Jan 2020 11:12:01 - INFO - 123TV DB import
Mon, 20 Jan 2020 11:12:49 - INFO - Connect to DB
Mon, 20 Jan 2020 11:12:49 - INFO - TRIZMA DB import
Mon, 20 Jan 2020 11:12:49 - INFO - 123TV DB import
Mon, 20 Jan 2020 11:13:10 - INFO - Connect to DB
Mon, 20 Jan 2020 11:13:10 - INFO - TRIZMA DB import
Mon, 20 Jan 2020 11:13:10 - INFO - 123TV DB import
Mon, 20 Jan 2020 11:13:17 - INFO - Connect to DB
Mon, 20 Jan 2020 11:13:17 - INFO - TRIZMA DB import
Mon, 20 Jan 2020 11:13:17 - INFO - 123TV DB import
Mon, 20 Jan 2020 11:18:28 - INFO - Connect to DB
Mon, 20 Jan 2020 11:18:28 - INFO - TRIZMA DB import
Mon, 20 Jan 2020 11:18:28 - INFO - 123TV DB import
