Tue, 21 Jan 2020 09:57:30 - INFO - Connect to DB
Tue, 21 Jan 2020 09:57:30 - INFO - TRIZMA DB import
Tue, 21 Jan 2020 09:57:30 - INFO - Failed on TRIZMA DB import at: 2020-01-21_09-56-23, for following calling party: 4971368304261, for agent id: trz_bmaksimovic, with error:(pyodbc.DataError) ('22001', '[22001] [Microsoft][ODBC Driver 17 for SQL Server][SQL Server]String or binary data would be truncated. (8152) (SQLExecDirectW)')
[SQL: insert into records values('CC2Servicenummer','Belgrad','Nicht übermittelt','trz_bmaksimovic',                                 '4971368304261','','Nicht übermittelt','4971368304261_Thursday, January 16, 2020_6:54:30 PM','BOR_MAKSIM')]
(Background on this error at: http://sqlalche.me/e/9h9h)
Tue, 21 Jan 2020 09:57:30 - INFO - 123TV DB import
Tue, 21 Jan 2020 09:57:36 - INFO - Connect to DB
Tue, 21 Jan 2020 09:57:36 - INFO - TRIZMA DB import
Tue, 21 Jan 2020 09:57:36 - INFO - 123TV DB import
Tue, 21 Jan 2020 09:57:42 - INFO - Connect to DB
Tue, 21 Jan 2020 09:57:42 - INFO - TRIZMA DB import
Tue, 21 Jan 2020 09:57:42 - INFO - 123TV DB import
Tue, 21 Jan 2020 09:58:23 - INFO - Connect to DB
Tue, 21 Jan 2020 09:58:23 - INFO - TRIZMA DB import
Tue, 21 Jan 2020 09:58:23 - INFO - 123TV DB import
Tue, 21 Jan 2020 09:58:49 - INFO - Connect to DB
Tue, 21 Jan 2020 09:58:49 - INFO - TRIZMA DB import
Tue, 21 Jan 2020 09:58:49 - INFO - 123TV DB import
Tue, 21 Jan 2020 09:59:06 - INFO - Connect to DB
Tue, 21 Jan 2020 09:59:06 - INFO - TRIZMA DB import
Tue, 21 Jan 2020 09:59:06 - INFO - 123TV DB import
Tue, 21 Jan 2020 09:59:17 - INFO - Connect to DB
Tue, 21 Jan 2020 09:59:17 - INFO - TRIZMA DB import
Tue, 21 Jan 2020 09:59:17 - INFO - 123TV DB import
Tue, 21 Jan 2020 09:59:37 - INFO - Connect to DB
Tue, 21 Jan 2020 09:59:37 - INFO - TRIZMA DB import
Tue, 21 Jan 2020 09:59:37 - INFO - 123TV DB import
Tue, 21 Jan 2020 09:59:47 - INFO - Connect to DB
Tue, 21 Jan 2020 09:59:47 - INFO - TRIZMA DB import
Tue, 21 Jan 2020 09:59:47 - INFO - 123TV DB import
