Mon, 06 Jan 2020 08:14:27 - INFO - Connect to DB
Mon, 06 Jan 2020 08:14:27 - INFO - TRIZMA DB import
Mon, 06 Jan 2020 08:14:27 - INFO - 123TV DB import
Mon, 06 Jan 2020 08:15:04 - INFO - Connect to DB
Mon, 06 Jan 2020 08:15:04 - INFO - TRIZMA DB import
Mon, 06 Jan 2020 08:15:04 - INFO - 123TV DB import
Mon, 06 Jan 2020 08:15:59 - INFO - Connect to DB
Mon, 06 Jan 2020 08:15:59 - INFO - TRIZMA DB import
Mon, 06 Jan 2020 08:15:59 - INFO - 123TV DB import
Mon, 06 Jan 2020 08:16:46 - INFO - Connect to DB
Mon, 06 Jan 2020 08:16:46 - INFO - TRIZMA DB import
Mon, 06 Jan 2020 08:16:46 - INFO - 123TV DB import
Mon, 06 Jan 2020 08:18:58 - INFO - Connect to DB
Mon, 06 Jan 2020 08:18:58 - INFO - TRIZMA DB import
Mon, 06 Jan 2020 08:18:58 - INFO - 123TV DB import
Mon, 06 Jan 2020 08:19:04 - INFO - Connect to DB
Mon, 06 Jan 2020 08:19:04 - INFO - TRIZMA DB import
Mon, 06 Jan 2020 08:19:04 - INFO - 123TV DB import
Mon, 06 Jan 2020 08:22:13 - INFO - Connect to DB
Mon, 06 Jan 2020 08:22:13 - INFO - TRIZMA DB import
Mon, 06 Jan 2020 08:22:13 - INFO - 123TV DB import
Mon, 06 Jan 2020 08:28:02 - INFO - Connect to DB
Mon, 06 Jan 2020 08:28:02 - INFO - TRIZMA DB import
Mon, 06 Jan 2020 08:28:02 - INFO - 123TV DB import
Mon, 06 Jan 2020 08:28:07 - INFO - Connect to DB
Mon, 06 Jan 2020 08:28:07 - INFO - TRIZMA DB import
Mon, 06 Jan 2020 08:28:08 - INFO - 123TV DB import
Mon, 06 Jan 2020 08:28:59 - INFO - Connect to DB
Mon, 06 Jan 2020 08:28:59 - INFO - TRIZMA DB import
Mon, 06 Jan 2020 08:28:59 - INFO - 123TV DB import
Mon, 06 Jan 2020 08:30:03 - INFO - Connect to DB
Mon, 06 Jan 2020 08:30:03 - INFO - TRIZMA DB import
Mon, 06 Jan 2020 08:30:03 - INFO - Failed on TRIZMA DB import at: 2020-01-06_08-14-09, for following calling party: 4915237293666, for agent id: trz_sstankovic, with error:(pyodbc.DataError) ('22001', '[22001] [Microsoft][ODBC Driver 17 for SQL Server][SQL Server]String or binary data would be truncated. (8152) (SQLExecDirectW)')
[SQL: insert into records values('CC2Servicenummer','Belgrad','Nicht übermittelt','trz_sstankovic',                                  '4915237293666','','Nicht übermittelt','4915237293666_Saturday, January 04, 2020_10:25:49 AM')]
(Background on this error at: http://sqlalche.me/e/9h9h)
Mon, 06 Jan 2020 08:30:03 - INFO - 123TV DB import
Mon, 06 Jan 2020 08:34:02 - INFO - Connect to DB
Mon, 06 Jan 2020 08:34:02 - INFO - TRIZMA DB import
Mon, 06 Jan 2020 08:34:02 - INFO - 123TV DB import
Mon, 06 Jan 2020 08:35:37 - INFO - Connect to DB
Mon, 06 Jan 2020 08:35:37 - INFO - TRIZMA DB import
Mon, 06 Jan 2020 08:35:37 - INFO - 123TV DB import
Mon, 06 Jan 2020 08:35:49 - INFO - Connect to DB
Mon, 06 Jan 2020 08:35:49 - INFO - TRIZMA DB import
Mon, 06 Jan 2020 08:35:49 - INFO - 123TV DB import
Mon, 06 Jan 2020 08:36:03 - INFO - Connect to DB
Mon, 06 Jan 2020 08:36:03 - INFO - TRIZMA DB import
Mon, 06 Jan 2020 08:36:03 - INFO - 123TV DB import
Mon, 06 Jan 2020 08:36:09 - INFO - Connect to DB
Mon, 06 Jan 2020 08:36:09 - INFO - TRIZMA DB import
Mon, 06 Jan 2020 08:36:09 - INFO - 123TV DB import
Mon, 06 Jan 2020 08:37:11 - INFO - Connect to DB
Mon, 06 Jan 2020 08:37:11 - INFO - TRIZMA DB import
Mon, 06 Jan 2020 08:37:11 - INFO - 123TV DB import
Mon, 06 Jan 2020 08:38:48 - INFO - Connect to DB
Mon, 06 Jan 2020 08:38:48 - INFO - TRIZMA DB import
Mon, 06 Jan 2020 08:38:48 - INFO - 123TV DB import
Mon, 06 Jan 2020 08:40:23 - INFO - Connect to DB
Mon, 06 Jan 2020 08:40:23 - INFO - TRIZMA DB import
Mon, 06 Jan 2020 08:40:23 - INFO - 123TV DB import
Mon, 06 Jan 2020 08:44:49 - INFO - Connect to DB
Mon, 06 Jan 2020 08:44:49 - INFO - TRIZMA DB import
Mon, 06 Jan 2020 08:44:49 - INFO - 123TV DB import
Mon, 06 Jan 2020 08:46:25 - INFO - Connect to DB
Mon, 06 Jan 2020 08:46:25 - INFO - TRIZMA DB import
Mon, 06 Jan 2020 08:46:25 - INFO - 123TV DB import
Mon, 06 Jan 2020 08:46:50 - INFO - Connect to DB
Mon, 06 Jan 2020 08:46:50 - INFO - TRIZMA DB import
Mon, 06 Jan 2020 08:46:50 - INFO - 123TV DB import
Mon, 06 Jan 2020 08:55:46 - INFO - Connect to DB
Mon, 06 Jan 2020 08:55:46 - INFO - TRIZMA DB import
Mon, 06 Jan 2020 08:55:46 - INFO - 123TV DB import
Mon, 06 Jan 2020 09:01:45 - INFO - Connect to DB
Mon, 06 Jan 2020 09:01:45 - INFO - TRIZMA DB import
Mon, 06 Jan 2020 09:01:45 - INFO - 123TV DB import
