Wed, 08 Jan 2020 14:59:07 - INFO - Connect to DB
Wed, 08 Jan 2020 14:59:07 - INFO - TRIZMA DB import
Wed, 08 Jan 2020 14:59:07 - INFO - 123TV DB import
Wed, 08 Jan 2020 15:14:34 - INFO - Connect to DB
Wed, 08 Jan 2020 15:14:34 - INFO - TRIZMA DB import
Wed, 08 Jan 2020 15:14:34 - INFO - 123TV DB import
Wed, 08 Jan 2020 15:28:40 - INFO - Connect to DB
Wed, 08 Jan 2020 15:28:40 - INFO - TRIZMA DB import
Wed, 08 Jan 2020 15:28:40 - INFO - 123TV DB import
Wed, 08 Jan 2020 15:34:21 - INFO - Connect to DB
Wed, 08 Jan 2020 15:34:21 - INFO - TRIZMA DB import
Wed, 08 Jan 2020 15:34:21 - INFO - 123TV DB import
Wed, 08 Jan 2020 15:41:32 - INFO - Connect to DB
Wed, 08 Jan 2020 15:41:32 - INFO - TRIZMA DB import
Wed, 08 Jan 2020 15:41:32 - INFO - 123TV DB import
Wed, 08 Jan 2020 15:45:34 - INFO - Connect to DB
Wed, 08 Jan 2020 15:45:34 - INFO - TRIZMA DB import
Wed, 08 Jan 2020 15:45:34 - INFO - Failed on TRIZMA DB import at: 2020-01-08_14-53-24, for following calling party: 4971511690065, for agent id: trz_hjovic, with error:(pyodbc.DataError) ('22001', '[22001] [Microsoft][ODBC Driver 17 for SQL Server][SQL Server]String or binary data would be truncated. (8152) (SQLExecDirectW)')
[SQL: insert into records values('CC2Servicenummer','Belgrad','Nicht übermittelt','trz_hjovic',                                  '4971511690065','','Nicht übermittelt','4971511690065_Wednesday, January 8, 2020_4:45:33 PM')]
(Background on this error at: http://sqlalche.me/e/9h9h)
Wed, 08 Jan 2020 15:45:34 - INFO - 123TV DB import
