Thu, 09 Jan 2020 13:19:16 - INFO - Connect to DB
Thu, 09 Jan 2020 13:19:17 - INFO - TRIZMA DB import
Thu, 09 Jan 2020 13:19:17 - INFO - 123TV DB import
Thu, 09 Jan 2020 13:19:42 - INFO - Connect to DB
Thu, 09 Jan 2020 13:19:42 - INFO - TRIZMA DB import
Thu, 09 Jan 2020 13:19:42 - INFO - 123TV DB import
Thu, 09 Jan 2020 13:24:47 - INFO - Connect to DB
Thu, 09 Jan 2020 13:24:47 - INFO - TRIZMA DB import
Thu, 09 Jan 2020 13:24:47 - INFO - Failed on TRIZMA DB import at: 2020-01-09_13-18-55, for following calling party: 4971511690065, for agent id: trz_bmaksimovic, with error:(pyodbc.DataError) ('22001', '[22001] [Microsoft][ODBC Driver 17 for SQL Server][SQL Server]String or binary data would be truncated. (8152) (SQLExecDirectW)')
[SQL: insert into records values('CC2Servicenummer','Belgrad','Nicht 端bermittelt','trz_bmaksimovic',                                  '4971511690065','','Nicht 端bermittelt','4971511690065_Monday, December 30, 2019_12:17:59 PM')]
(Background on this error at: http://sqlalche.me/e/9h9h)
Thu, 09 Jan 2020 13:24:47 - INFO - 123TV DB import
Thu, 09 Jan 2020 13:24:52 - INFO - Failed on 123TV DB import at: 2020-01-09_13-18-55, for following calling party: 4971511690065, for agent id: 3036, with error:Missing element acd_id (importCallMetaData.acd_id)
Thu, 09 Jan 2020 13:26:49 - INFO - Connect to DB
Thu, 09 Jan 2020 13:26:49 - INFO - TRIZMA DB import
Thu, 09 Jan 2020 13:26:49 - INFO - 123TV DB import
Thu, 09 Jan 2020 13:26:54 - INFO - Failed on 123TV DB import at: 2020-01-09_13-18-55, for following calling party: 497531695793, for agent id: 3036, with error:Missing element acd_id (importCallMetaData.acd_id)
Thu, 09 Jan 2020 13:29:49 - INFO - Connect to DB
Thu, 09 Jan 2020 13:29:49 - INFO - TRIZMA DB import
Thu, 09 Jan 2020 13:29:49 - INFO - 123TV DB import
Thu, 09 Jan 2020 13:29:54 - INFO - Failed on 123TV DB import at: 2020-01-09_13-18-55, for following calling party: 4915141271792, for agent id: 3036, with error:Missing element acd_id (importCallMetaData.acd_id)
Thu, 09 Jan 2020 13:32:31 - INFO - Connect to DB
Thu, 09 Jan 2020 13:32:31 - INFO - TRIZMA DB import
Thu, 09 Jan 2020 13:32:31 - INFO - 123TV DB import
Thu, 09 Jan 2020 13:32:36 - INFO - Failed on 123TV DB import at: 2020-01-09_13-18-55, for following calling party: 49208802683, for agent id: 3191, with error:Missing element acd_id (importCallMetaData.acd_id)
Thu, 09 Jan 2020 13:40:00 - INFO - Connect to DB
Thu, 09 Jan 2020 13:40:00 - INFO - TRIZMA DB import
Thu, 09 Jan 2020 13:40:00 - INFO - 123TV DB import
Thu, 09 Jan 2020 13:40:05 - INFO - Failed on 123TV DB import at: 2020-01-09_13-18-55, for following calling party: 4917658165857, for agent id: 3036, with error:Missing element acd_id (importCallMetaData.acd_id)
Thu, 09 Jan 2020 13:40:24 - INFO - Connect to DB
Thu, 09 Jan 2020 13:40:24 - INFO - TRIZMA DB import
Thu, 09 Jan 2020 13:40:25 - INFO - 123TV DB import
Thu, 09 Jan 2020 13:40:30 - INFO - Failed on 123TV DB import at: 2020-01-09_13-18-55, for following calling party: 4915168807946, for agent id: 3155, with error:Missing element acd_id (importCallMetaData.acd_id)
Thu, 09 Jan 2020 13:41:32 - INFO - Connect to DB
Thu, 09 Jan 2020 13:41:32 - INFO - TRIZMA DB import
Thu, 09 Jan 2020 13:41:32 - INFO - 123TV DB import
Thu, 09 Jan 2020 13:41:37 - INFO - Failed on 123TV DB import at: 2020-01-09_13-18-55, for following calling party: 491629055175, for agent id: 3036, with error:Missing element acd_id (importCallMetaData.acd_id)
Thu, 09 Jan 2020 13:42:27 - INFO - Connect to DB
Thu, 09 Jan 2020 13:42:27 - INFO - TRIZMA DB import
Thu, 09 Jan 2020 13:42:27 - INFO - Failed on TRIZMA DB import at: 2020-01-09_13-18-55, for following calling party: 4915168428473, for agent id: trz_bmaksimovic, with error:(pyodbc.DataError) ('22001', '[22001] [Microsoft][ODBC Driver 17 for SQL Server][SQL Server]String or binary data would be truncated. (8152) (SQLExecDirectW)')
[SQL: insert into records values('CC2Servicenummer','Belgrad','Nicht 端bermittelt','trz_bmaksimovic',                                  '4915168428473','','Nicht 端bermittelt','4915168428473_Tuesday, December 31, 2019_1:02:34 PM')]
(Background on this error at: http://sqlalche.me/e/9h9h)
Thu, 09 Jan 2020 13:42:27 - INFO - 123TV DB import
Thu, 09 Jan 2020 13:42:32 - INFO - Failed on 123TV DB import at: 2020-01-09_13-18-55, for following calling party: 4915168428473, for agent id: 3036, with error:Missing element acd_id (importCallMetaData.acd_id)
Thu, 09 Jan 2020 13:50:55 - INFO - Connect to DB
Thu, 09 Jan 2020 13:50:56 - INFO - TRIZMA DB import
Thu, 09 Jan 2020 13:50:56 - INFO - 123TV DB import
Thu, 09 Jan 2020 13:51:01 - INFO - Failed on 123TV DB import at: 2020-01-09_13-18-55, for following calling party: 49642141940, for agent id: 3067, with error:Missing element acd_id (importCallMetaData.acd_id)
Thu, 09 Jan 2020 13:53:40 - INFO - Connect to DB
Thu, 09 Jan 2020 13:53:40 - INFO - TRIZMA DB import
Thu, 09 Jan 2020 13:53:40 - INFO - 123TV DB import
Thu, 09 Jan 2020 13:53:45 - INFO - Failed on 123TV DB import at: 2020-01-09_13-18-55, for following calling party: 49246155353, for agent id: 3122, with error:Missing element acd_id (importCallMetaData.acd_id)
