Tue, 07 Jan 2020 07:15:13 - INFO - Connect to DB
Tue, 07 Jan 2020 07:15:14 - INFO - TRIZMA DB import
Tue, 07 Jan 2020 07:15:14 - INFO - 123TV DB import
Tue, 07 Jan 2020 07:20:25 - INFO - Connect to DB
Tue, 07 Jan 2020 07:20:25 - INFO - TRIZMA DB import
Tue, 07 Jan 2020 07:20:25 - INFO - 123TV DB import
Tue, 07 Jan 2020 07:25:42 - INFO - Connect to DB
Tue, 07 Jan 2020 07:25:42 - INFO - TRIZMA DB import
Tue, 07 Jan 2020 07:25:42 - INFO - 123TV DB import
Tue, 07 Jan 2020 07:26:05 - INFO - Connect to DB
Tue, 07 Jan 2020 07:26:05 - INFO - TRIZMA DB import
Tue, 07 Jan 2020 07:26:05 - INFO - 123TV DB import
Tue, 07 Jan 2020 07:26:27 - INFO - Connect to DB
Tue, 07 Jan 2020 07:26:27 - INFO - TRIZMA DB import
Tue, 07 Jan 2020 07:26:27 - INFO - 123TV DB import
Tue, 07 Jan 2020 07:26:46 - INFO - Connect to DB
Tue, 07 Jan 2020 07:26:46 - INFO - TRIZMA DB import
Tue, 07 Jan 2020 07:26:46 - INFO - 123TV DB import
Tue, 07 Jan 2020 07:27:16 - INFO - Connect to DB
Tue, 07 Jan 2020 07:27:16 - INFO - TRIZMA DB import
Tue, 07 Jan 2020 07:27:16 - INFO - Failed on TRIZMA DB import at: 2020-01-07_07-09-48, for following calling party: 4935796885342, for agent id: trz_sstankovic, with error:(pyodbc.DataError) ('22001', '[22001] [Microsoft][ODBC Driver 17 for SQL Server][SQL Server]String or binary data would be truncated. (8152) (SQLExecDirectW)')
[SQL: insert into records values('CC2Servicenummer','Belgrad','Nicht übermittelt','trz_sstankovic',                                  '4935796885342','','Nicht übermittelt','4935796885342_Tuesday, December 31, 2019_8:57:08 AM')]
(Background on this error at: http://sqlalche.me/e/9h9h)
Tue, 07 Jan 2020 07:27:16 - INFO - 123TV DB import
Tue, 07 Jan 2020 07:28:25 - INFO - Connect to DB
Tue, 07 Jan 2020 07:28:25 - INFO - TRIZMA DB import
Tue, 07 Jan 2020 07:28:25 - INFO - 123TV DB import
Tue, 07 Jan 2020 07:32:22 - INFO - Connect to DB
Tue, 07 Jan 2020 07:32:22 - INFO - TRIZMA DB import
Tue, 07 Jan 2020 07:32:22 - INFO - Failed on TRIZMA DB import at: 2020-01-07_07-09-48, for following calling party: 4951413012202, for agent id: trz_sstankovic, with error:(pyodbc.DataError) ('22001', '[22001] [Microsoft][ODBC Driver 17 for SQL Server][SQL Server]String or binary data would be truncated. (8152) (SQLExecDirectW)')
[SQL: insert into records values('CC2Servicenummer','Belgrad','Nicht übermittelt','trz_sstankovic',                                  '4951413012202','','Nicht übermittelt','4951413012202_Tuesday, December 31, 2019_9:40:28 AM')]
(Background on this error at: http://sqlalche.me/e/9h9h)
Tue, 07 Jan 2020 07:32:22 - INFO - 123TV DB import
Tue, 07 Jan 2020 07:32:33 - INFO - Connect to DB
Tue, 07 Jan 2020 07:32:33 - INFO - TRIZMA DB import
Tue, 07 Jan 2020 07:32:33 - INFO - 123TV DB import
Tue, 07 Jan 2020 07:34:13 - INFO - Connect to DB
Tue, 07 Jan 2020 07:34:13 - INFO - TRIZMA DB import
Tue, 07 Jan 2020 07:34:13 - INFO - Failed on TRIZMA DB import at: 2020-01-07_07-09-48, for following calling party: 493670161228, for agent id: trz_sstankovic, with error:(pyodbc.DataError) ('22001', '[22001] [Microsoft][ODBC Driver 17 for SQL Server][SQL Server]String or binary data would be truncated. (8152) (SQLExecDirectW)')
[SQL: insert into records values('CC2Servicenummer','Belgrad','Nicht übermittelt','trz_sstankovic',                                  '493670161228','','Nicht übermittelt','493670161228_Tuesday, December 31, 2019_11:43:51 AM')]
(Background on this error at: http://sqlalche.me/e/9h9h)
Tue, 07 Jan 2020 07:34:13 - INFO - 123TV DB import
Tue, 07 Jan 2020 07:34:55 - INFO - Connect to DB
Tue, 07 Jan 2020 07:34:55 - INFO - TRIZMA DB import
Tue, 07 Jan 2020 07:34:55 - INFO - 123TV DB import
Tue, 07 Jan 2020 07:35:32 - INFO - Connect to DB
Tue, 07 Jan 2020 07:35:32 - INFO - TRIZMA DB import
Tue, 07 Jan 2020 07:35:32 - INFO - 123TV DB import
Tue, 07 Jan 2020 07:35:38 - INFO - Connect to DB
Tue, 07 Jan 2020 07:35:38 - INFO - TRIZMA DB import
Tue, 07 Jan 2020 07:35:38 - INFO - 123TV DB import
Tue, 07 Jan 2020 07:36:14 - INFO - Connect to DB
Tue, 07 Jan 2020 07:36:14 - INFO - TRIZMA DB import
Tue, 07 Jan 2020 07:36:14 - INFO - 123TV DB import
Tue, 07 Jan 2020 07:36:36 - INFO - Connect to DB
Tue, 07 Jan 2020 07:36:36 - INFO - TRIZMA DB import
Tue, 07 Jan 2020 07:36:36 - INFO - 123TV DB import
Tue, 07 Jan 2020 07:36:42 - INFO - Connect to DB
Tue, 07 Jan 2020 07:36:42 - INFO - TRIZMA DB import
Tue, 07 Jan 2020 07:36:42 - INFO - 123TV DB import
Tue, 07 Jan 2020 07:36:49 - INFO - Connect to DB
Tue, 07 Jan 2020 07:36:49 - INFO - TRIZMA DB import
Tue, 07 Jan 2020 07:36:49 - INFO - Failed on TRIZMA DB import at: 2020-01-07_07-09-48, for following calling party: 4924289150293, for agent id: trz_sstankovic, with error:(pyodbc.DataError) ('22001', '[22001] [Microsoft][ODBC Driver 17 for SQL Server][SQL Server]String or binary data would be truncated. (8152) (SQLExecDirectW)')
[SQL: insert into records values('CC2Servicenummer','Belgrad','Nicht übermittelt','trz_sstankovic',                                  '4924289150293','','Nicht übermittelt','4924289150293_Thursday, January 02, 2020_8:50:05 AM')]
(Background on this error at: http://sqlalche.me/e/9h9h)
Tue, 07 Jan 2020 07:36:49 - INFO - 123TV DB import
Tue, 07 Jan 2020 07:37:41 - INFO - Connect to DB
Tue, 07 Jan 2020 07:37:41 - INFO - TRIZMA DB import
Tue, 07 Jan 2020 07:37:41 - INFO - 123TV DB import
Tue, 07 Jan 2020 07:37:47 - INFO - Connect to DB
Tue, 07 Jan 2020 07:37:47 - INFO - TRIZMA DB import
Tue, 07 Jan 2020 07:37:47 - INFO - 123TV DB import
Tue, 07 Jan 2020 07:37:55 - INFO - Connect to DB
Tue, 07 Jan 2020 07:37:55 - INFO - TRIZMA DB import
Tue, 07 Jan 2020 07:37:55 - INFO - 123TV DB import
Tue, 07 Jan 2020 07:38:08 - INFO - Connect to DB
Tue, 07 Jan 2020 07:38:08 - INFO - TRIZMA DB import
Tue, 07 Jan 2020 07:38:08 - INFO - 123TV DB import
Tue, 07 Jan 2020 07:38:50 - INFO - Connect to DB
Tue, 07 Jan 2020 07:38:50 - INFO - TRIZMA DB import
Tue, 07 Jan 2020 07:38:50 - INFO - Failed on TRIZMA DB import at: 2020-01-07_07-09-48, for following calling party: 491784934677, for agent id: trz_sstankovic, with error:(pyodbc.DataError) ('22001', '[22001] [Microsoft][ODBC Driver 17 for SQL Server][SQL Server]String or binary data would be truncated. (8152) (SQLExecDirectW)')
[SQL: insert into records values('CC2Servicenummer','Belgrad','Nicht übermittelt','trz_sstankovic',                                  '491784934677','','Nicht übermittelt','491784934677_Thursday, January 02, 2020_10:15:26 AM')]
(Background on this error at: http://sqlalche.me/e/9h9h)
Tue, 07 Jan 2020 07:38:50 - INFO - 123TV DB import
