Mon, 20 Jan 2020 09:55:49 - INFO - Connect to DB
Mon, 20 Jan 2020 09:55:50 - INFO - TRIZMA DB import
Mon, 20 Jan 2020 09:55:50 - INFO - 123TV DB import
Mon, 20 Jan 2020 09:57:36 - INFO - Connect to DB
Mon, 20 Jan 2020 09:57:36 - INFO - TRIZMA DB import
Mon, 20 Jan 2020 09:57:36 - INFO - Failed on TRIZMA DB import at: 2020-01-20_09-52-00, for following calling party: 493459497671, for agent id: trz_bmaksimovic, with error:(pyodbc.DataError) ('22001', '[22001] [Microsoft][ODBC Driver 17 for SQL Server][SQL Server]String or binary data would be truncated. (8152) (SQLExecDirectW)')
[SQL: insert into records values('CC2Servicenummer','Belgrad','Nicht übermittelt','trz_bmaksimovic',                                 '493459497671','','Nicht übermittelt','493459497671_Wednesday, January 15, 2020_4:47:42 PM','BOR_MAKSIM')]
(Background on this error at: http://sqlalche.me/e/9h9h)
Mon, 20 Jan 2020 09:57:36 - INFO - 123TV DB import
Mon, 20 Jan 2020 09:58:46 - INFO - Connect to DB
Mon, 20 Jan 2020 09:58:46 - INFO - TRIZMA DB import
Mon, 20 Jan 2020 09:58:46 - INFO - Failed on TRIZMA DB import at: 2020-01-20_09-52-00, for following calling party: 4915231978641, for agent id: trz_bmaksimovic, with error:(pyodbc.DataError) ('22001', '[22001] [Microsoft][ODBC Driver 17 for SQL Server][SQL Server]String or binary data would be truncated. (8152) (SQLExecDirectW)')
[SQL: insert into records values('CC2Servicenummer','Belgrad','Nicht übermittelt','trz_bmaksimovic',                                 '4915231978641','','Nicht übermittelt','4915231978641_Wednesday, January 15, 2020_5:07:39 PM','BOR_MAKSIM')]
(Background on this error at: http://sqlalche.me/e/9h9h)
Mon, 20 Jan 2020 09:58:46 - INFO - 123TV DB import
Mon, 20 Jan 2020 09:59:30 - INFO - Connect to DB
Mon, 20 Jan 2020 09:59:30 - INFO - TRIZMA DB import
Mon, 20 Jan 2020 09:59:30 - INFO - 123TV DB import
Mon, 20 Jan 2020 10:00:34 - INFO - Connect to DB
Mon, 20 Jan 2020 10:00:34 - INFO - TRIZMA DB import
Mon, 20 Jan 2020 10:00:34 - INFO - 123TV DB import
Mon, 20 Jan 2020 10:00:55 - INFO - Connect to DB
Mon, 20 Jan 2020 10:00:55 - INFO - TRIZMA DB import
Mon, 20 Jan 2020 10:00:55 - INFO - 123TV DB import
Mon, 20 Jan 2020 10:02:27 - INFO - Connect to DB
Mon, 20 Jan 2020 10:02:27 - INFO - TRIZMA DB import
Mon, 20 Jan 2020 10:02:27 - INFO - 123TV DB import
Mon, 20 Jan 2020 10:02:38 - INFO - Connect to DB
Mon, 20 Jan 2020 10:02:38 - INFO - TRIZMA DB import
Mon, 20 Jan 2020 10:02:38 - INFO - Failed on TRIZMA DB import at: 2020-01-20_09-52-00, for following calling party: 491773140258, for agent id: trz_asilni, with error:(pyodbc.DataError) ('22001', '[22001] [Microsoft][ODBC Driver 17 for SQL Server][SQL Server]String or binary data would be truncated. (8152) (SQLExecDirectW)')
[SQL: insert into records values('CC2Servicenummer','Belgrad','Nicht übermittelt','trz_asilni',                                 '491773140258','','Nicht übermittelt','491773140258_Wednesday, January 15, 2020_4:22:20 PM','ANA_SILNI')]
(Background on this error at: http://sqlalche.me/e/9h9h)
Mon, 20 Jan 2020 10:02:38 - INFO - 123TV DB import
Mon, 20 Jan 2020 10:03:13 - INFO - Connect to DB
Mon, 20 Jan 2020 10:03:13 - INFO - TRIZMA DB import
Mon, 20 Jan 2020 10:03:13 - INFO - 123TV DB import
Mon, 20 Jan 2020 10:03:36 - INFO - Connect to DB
Mon, 20 Jan 2020 10:03:36 - INFO - TRIZMA DB import
Mon, 20 Jan 2020 10:03:36 - INFO - 123TV DB import
