Tue, 21 Jan 2020 07:09:49 - INFO - Connect to DB
Tue, 21 Jan 2020 07:09:49 - INFO - TRIZMA DB import
Tue, 21 Jan 2020 07:09:49 - INFO - 123TV DB import
Tue, 21 Jan 2020 07:14:15 - INFO - Connect to DB
Tue, 21 Jan 2020 07:14:15 - INFO - TRIZMA DB import
Tue, 21 Jan 2020 07:14:15 - INFO - 123TV DB import
Tue, 21 Jan 2020 07:14:46 - INFO - Connect to DB
Tue, 21 Jan 2020 07:14:46 - INFO - TRIZMA DB import
Tue, 21 Jan 2020 07:14:46 - INFO - 123TV DB import
Tue, 21 Jan 2020 07:15:17 - INFO - Connect to DB
Tue, 21 Jan 2020 07:15:17 - INFO - TRIZMA DB import
Tue, 21 Jan 2020 07:15:17 - INFO - 123TV DB import
Tue, 21 Jan 2020 07:16:13 - INFO - Connect to DB
Tue, 21 Jan 2020 07:16:13 - INFO - TRIZMA DB import
Tue, 21 Jan 2020 07:16:13 - INFO - 123TV DB import
Tue, 21 Jan 2020 07:16:51 - INFO - Connect to DB
Tue, 21 Jan 2020 07:16:51 - INFO - TRIZMA DB import
Tue, 21 Jan 2020 07:16:51 - INFO - 123TV DB import
Tue, 21 Jan 2020 07:19:14 - INFO - Connect to DB
Tue, 21 Jan 2020 07:19:14 - INFO - TRIZMA DB import
Tue, 21 Jan 2020 07:19:14 - INFO - 123TV DB import
Tue, 21 Jan 2020 07:20:15 - INFO - Connect to DB
Tue, 21 Jan 2020 07:20:15 - INFO - TRIZMA DB import
Tue, 21 Jan 2020 07:20:16 - INFO - 123TV DB import
Tue, 21 Jan 2020 07:22:24 - INFO - Connect to DB
Tue, 21 Jan 2020 07:22:24 - INFO - TRIZMA DB import
Tue, 21 Jan 2020 07:22:25 - INFO - 123TV DB import
Tue, 21 Jan 2020 07:22:30 - INFO - Connect to DB
Tue, 21 Jan 2020 07:22:30 - INFO - TRIZMA DB import
Tue, 21 Jan 2020 07:22:30 - INFO - 123TV DB import
Tue, 21 Jan 2020 07:22:41 - INFO - Connect to DB
Tue, 21 Jan 2020 07:22:41 - INFO - TRIZMA DB import
Tue, 21 Jan 2020 07:22:41 - INFO - 123TV DB import
Tue, 21 Jan 2020 07:23:19 - INFO - Connect to DB
Tue, 21 Jan 2020 07:23:19 - INFO - TRIZMA DB import
Tue, 21 Jan 2020 07:23:19 - INFO - 123TV DB import
Tue, 21 Jan 2020 07:23:24 - INFO - Connect to DB
Tue, 21 Jan 2020 07:23:24 - INFO - TRIZMA DB import
Tue, 21 Jan 2020 07:23:24 - INFO - 123TV DB import
Tue, 21 Jan 2020 07:23:47 - INFO - Connect to DB
Tue, 21 Jan 2020 07:23:47 - INFO - TRIZMA DB import
Tue, 21 Jan 2020 07:23:47 - INFO - 123TV DB import
Tue, 21 Jan 2020 07:24:15 - INFO - Connect to DB
Tue, 21 Jan 2020 07:24:15 - INFO - TRIZMA DB import
Tue, 21 Jan 2020 07:24:15 - INFO - 123TV DB import
Tue, 21 Jan 2020 07:24:20 - INFO - Connect to DB
Tue, 21 Jan 2020 07:24:20 - INFO - TRIZMA DB import
Tue, 21 Jan 2020 07:24:21 - INFO - 123TV DB import
Tue, 21 Jan 2020 07:24:58 - INFO - Connect to DB
Tue, 21 Jan 2020 07:24:58 - INFO - TRIZMA DB import
Tue, 21 Jan 2020 07:24:58 - INFO - Failed on TRIZMA DB import at: 2020-01-21_07-07-35, for following calling party: 49304237062, for agent id: trz_madamovic, with error:(pyodbc.DataError) ('22001', '[22001] [Microsoft][ODBC Driver 17 for SQL Server][SQL Server]String or binary data would be truncated. (8152) (SQLExecDirectW)')
[SQL: insert into records values('CC2Servicenummer','Belgrad','Nicht übermittelt','trz_madamovic',                                 '49304237062','','Nicht übermittelt','49304237062_Wednesday, January 15, 2020_12:27:36 PM','MIL_ADAMOV')]
(Background on this error at: http://sqlalche.me/e/9h9h)
Tue, 21 Jan 2020 07:24:58 - INFO - 123TV DB import
Tue, 21 Jan 2020 07:25:04 - INFO - Connect to DB
Tue, 21 Jan 2020 07:25:04 - INFO - TRIZMA DB import
Tue, 21 Jan 2020 07:25:04 - INFO - Failed on TRIZMA DB import at: 2020-01-21_07-07-35, for following calling party: 493762947945, for agent id: trz_madamovic, with error:(pyodbc.DataError) ('22001', '[22001] [Microsoft][ODBC Driver 17 for SQL Server][SQL Server]String or binary data would be truncated. (8152) (SQLExecDirectW)')
[SQL: insert into records values('CC2Servicenummer','Belgrad','Nicht übermittelt','trz_madamovic',                                 '493762947945','','Nicht übermittelt','493762947945_Wednesday, January 15, 2020_12:33:14 PM','MIL_ADAMOV')]
(Background on this error at: http://sqlalche.me/e/9h9h)
Tue, 21 Jan 2020 07:25:04 - INFO - 123TV DB import
Tue, 21 Jan 2020 07:25:09 - INFO - Connect to DB
Tue, 21 Jan 2020 07:25:10 - INFO - TRIZMA DB import
Tue, 21 Jan 2020 07:25:10 - INFO - Failed on TRIZMA DB import at: 2020-01-21_07-07-35, for following calling party: 493052685372, for agent id: trz_madamovic, with error:(pyodbc.DataError) ('22001', '[22001] [Microsoft][ODBC Driver 17 for SQL Server][SQL Server]String or binary data would be truncated. (8152) (SQLExecDirectW)')
[SQL: insert into records values('CC2Servicenummer','Belgrad','Nicht übermittelt','trz_madamovic',                                 '493052685372','','Nicht übermittelt','493052685372_Wednesday, January 15, 2020_12:57:00 PM','MIL_ADAMOV')]
(Background on this error at: http://sqlalche.me/e/9h9h)
Tue, 21 Jan 2020 07:25:10 - INFO - 123TV DB import
Tue, 21 Jan 2020 07:26:20 - INFO - Connect to DB
Tue, 21 Jan 2020 07:26:20 - INFO - TRIZMA DB import
Tue, 21 Jan 2020 07:26:20 - INFO - 123TV DB import
Tue, 21 Jan 2020 07:26:42 - INFO - Connect to DB
Tue, 21 Jan 2020 07:26:42 - INFO - TRIZMA DB import
Tue, 21 Jan 2020 07:26:42 - INFO - 123TV DB import
Tue, 21 Jan 2020 07:27:08 - INFO - Connect to DB
Tue, 21 Jan 2020 07:27:08 - INFO - TRIZMA DB import
Tue, 21 Jan 2020 07:27:08 - INFO - Failed on TRIZMA DB import at: 2020-01-21_07-07-35, for following calling party: 491627242228, for agent id: trz_madamovic, with error:(pyodbc.DataError) ('22001', '[22001] [Microsoft][ODBC Driver 17 for SQL Server][SQL Server]String or binary data would be truncated. (8152) (SQLExecDirectW)')
[SQL: insert into records values('CC2Servicenummer','Belgrad','Nicht übermittelt','trz_madamovic',                                 '491627242228','','Nicht übermittelt','491627242228_Wednesday, January 15, 2020_5:18:03 PM','MIL_ADAMOV')]
(Background on this error at: http://sqlalche.me/e/9h9h)
Tue, 21 Jan 2020 07:27:08 - INFO - 123TV DB import
Tue, 21 Jan 2020 07:27:52 - INFO - Connect to DB
Tue, 21 Jan 2020 07:27:52 - INFO - TRIZMA DB import
Tue, 21 Jan 2020 07:27:52 - INFO - Failed on TRIZMA DB import at: 2020-01-21_07-07-35, for following calling party: 4915221517019, for agent id: trz_sstankovic, with error:(pyodbc.DataError) ('22001', '[22001] [Microsoft][ODBC Driver 17 for SQL Server][SQL Server]String or binary data would be truncated. (8152) (SQLExecDirectW)')
[SQL: insert into records values('CC2Servicenummer','Belgrad','Nicht übermittelt','trz_sstankovic',                                 '4915221517019','','Nicht übermittelt','4915221517019_Saturday, January 18, 2020_8:32:58 AM','SAR_STANKO')]
(Background on this error at: http://sqlalche.me/e/9h9h)
Tue, 21 Jan 2020 07:27:52 - INFO - 123TV DB import
Tue, 21 Jan 2020 07:28:07 - INFO - Connect to DB
Tue, 21 Jan 2020 07:28:07 - INFO - TRIZMA DB import
Tue, 21 Jan 2020 07:28:07 - INFO - Failed on TRIZMA DB import at: 2020-01-21_07-07-35, for following calling party: 4917637997039, for agent id: trz_sstankovic, with error:(pyodbc.DataError) ('22001', '[22001] [Microsoft][ODBC Driver 17 for SQL Server][SQL Server]String or binary data would be truncated. (8152) (SQLExecDirectW)')
[SQL: insert into records values('CC2Servicenummer','Belgrad','Nicht übermittelt','trz_sstankovic',                                 '4917637997039','','Nicht übermittelt','4917637997039_Saturday, January 18, 2020_8:51:47 AM','SAR_STANKO')]
(Background on this error at: http://sqlalche.me/e/9h9h)
Tue, 21 Jan 2020 07:28:07 - INFO - 123TV DB import
Tue, 21 Jan 2020 07:28:20 - INFO - Connect to DB
Tue, 21 Jan 2020 07:28:20 - INFO - TRIZMA DB import
Tue, 21 Jan 2020 07:28:20 - INFO - 123TV DB import
Tue, 21 Jan 2020 07:29:08 - INFO - Connect to DB
Tue, 21 Jan 2020 07:29:08 - INFO - TRIZMA DB import
Tue, 21 Jan 2020 07:29:08 - INFO - 123TV DB import
Tue, 21 Jan 2020 07:29:36 - INFO - Connect to DB
Tue, 21 Jan 2020 07:29:36 - INFO - TRIZMA DB import
Tue, 21 Jan 2020 07:29:36 - INFO - Failed on TRIZMA DB import at: 2020-01-21_07-07-35, for following calling party: 4941245898399, for agent id: trz_sstankovic, with error:(pyodbc.DataError) ('22001', '[22001] [Microsoft][ODBC Driver 17 for SQL Server][SQL Server]String or binary data would be truncated. (8152) (SQLExecDirectW)')
[SQL: insert into records values('CC2Servicenummer','Belgrad','Nicht übermittelt','trz_sstankovic',                                 '4941245898399','','Nicht übermittelt','4941245898399_Saturday, January 18, 2020_10:30:09 AM','SAR_STANKO')]
(Background on this error at: http://sqlalche.me/e/9h9h)
Tue, 21 Jan 2020 07:29:36 - INFO - 123TV DB import
Tue, 21 Jan 2020 07:30:13 - INFO - Connect to DB
Tue, 21 Jan 2020 07:30:13 - INFO - TRIZMA DB import
Tue, 21 Jan 2020 07:30:13 - INFO - 123TV DB import
Tue, 21 Jan 2020 07:32:25 - INFO - Connect to DB
Tue, 21 Jan 2020 07:32:25 - INFO - TRIZMA DB import
Tue, 21 Jan 2020 07:32:25 - INFO - Failed on TRIZMA DB import at: 2020-01-21_07-07-35, for following calling party: 4915222964299, for agent id: trz_madamovic, with error:(pyodbc.DataError) ('22001', '[22001] [Microsoft][ODBC Driver 17 for SQL Server][SQL Server]String or binary data would be truncated. (8152) (SQLExecDirectW)')
[SQL: insert into records values('CC2Servicenummer','Belgrad','Nicht übermittelt','trz_madamovic',                                 '4915222964299','','Nicht übermittelt','4915222964299_Wednesday, January 15, 2020_7:40:11 PM','MIL_ADAMOV')]
(Background on this error at: http://sqlalche.me/e/9h9h)
Tue, 21 Jan 2020 07:32:25 - INFO - 123TV DB import
Tue, 21 Jan 2020 07:32:31 - INFO - Connect to DB
Tue, 21 Jan 2020 07:32:31 - INFO - TRIZMA DB import
Tue, 21 Jan 2020 07:32:31 - INFO - 123TV DB import
Tue, 21 Jan 2020 07:33:03 - INFO - Connect to DB
Tue, 21 Jan 2020 07:33:03 - INFO - TRIZMA DB import
Tue, 21 Jan 2020 07:33:04 - INFO - Failed on TRIZMA DB import at: 2020-01-21_07-07-35, for following calling party: 4983319412019, for agent id: trz_madamovic, with error:(pyodbc.DataError) ('22001', '[22001] [Microsoft][ODBC Driver 17 for SQL Server][SQL Server]String or binary data would be truncated. (8152) (SQLExecDirectW)')
[SQL: insert into records values('CC2Servicenummer','Belgrad','Nicht übermittelt','trz_madamovic',                                 '4983319412019','','Nicht übermittelt','4983319412019_Thursday, January 16, 2020_9:25:46 AM','MIL_ADAMOV')]
(Background on this error at: http://sqlalche.me/e/9h9h)
Tue, 21 Jan 2020 07:33:04 - INFO - 123TV DB import
Tue, 21 Jan 2020 07:33:09 - INFO - Connect to DB
Tue, 21 Jan 2020 07:33:09 - INFO - TRIZMA DB import
Tue, 21 Jan 2020 07:33:09 - INFO - 123TV DB import
Tue, 21 Jan 2020 07:33:32 - INFO - Connect to DB
Tue, 21 Jan 2020 07:33:32 - INFO - TRIZMA DB import
Tue, 21 Jan 2020 07:33:32 - INFO - 123TV DB import
Tue, 21 Jan 2020 07:34:00 - INFO - Connect to DB
Tue, 21 Jan 2020 07:34:00 - INFO - TRIZMA DB import
Tue, 21 Jan 2020 07:34:00 - INFO - 123TV DB import
Tue, 21 Jan 2020 07:34:35 - INFO - Connect to DB
Tue, 21 Jan 2020 07:34:35 - INFO - TRIZMA DB import
Tue, 21 Jan 2020 07:34:35 - INFO - 123TV DB import
Tue, 21 Jan 2020 07:34:40 - INFO - Connect to DB
Tue, 21 Jan 2020 07:34:40 - INFO - TRIZMA DB import
Tue, 21 Jan 2020 07:34:40 - INFO - 123TV DB import
Tue, 21 Jan 2020 07:35:01 - INFO - Connect to DB
Tue, 21 Jan 2020 07:35:01 - INFO - TRIZMA DB import
Tue, 21 Jan 2020 07:35:02 - INFO - 123TV DB import
Tue, 21 Jan 2020 07:35:26 - INFO - Connect to DB
Tue, 21 Jan 2020 07:35:26 - INFO - TRIZMA DB import
Tue, 21 Jan 2020 07:35:26 - INFO - 123TV DB import
Tue, 21 Jan 2020 07:35:37 - INFO - Connect to DB
Tue, 21 Jan 2020 07:35:37 - INFO - TRIZMA DB import
Tue, 21 Jan 2020 07:35:37 - INFO - 123TV DB import
Tue, 21 Jan 2020 07:36:34 - INFO - Connect to DB
Tue, 21 Jan 2020 07:36:34 - INFO - TRIZMA DB import
Tue, 21 Jan 2020 07:36:34 - INFO - 123TV DB import
Tue, 21 Jan 2020 07:36:51 - INFO - Connect to DB
Tue, 21 Jan 2020 07:36:51 - INFO - TRIZMA DB import
Tue, 21 Jan 2020 07:36:51 - INFO - 123TV DB import
Tue, 21 Jan 2020 07:36:57 - INFO - Connect to DB
Tue, 21 Jan 2020 07:36:57 - INFO - TRIZMA DB import
Tue, 21 Jan 2020 07:36:57 - INFO - 123TV DB import
Tue, 21 Jan 2020 07:37:25 - INFO - Connect to DB
Tue, 21 Jan 2020 07:37:25 - INFO - TRIZMA DB import
Tue, 21 Jan 2020 07:37:25 - INFO - 123TV DB import
Tue, 21 Jan 2020 07:38:41 - INFO - Connect to DB
Tue, 21 Jan 2020 07:38:41 - INFO - TRIZMA DB import
Tue, 21 Jan 2020 07:38:41 - INFO - 123TV DB import
Tue, 21 Jan 2020 07:38:52 - INFO - Connect to DB
Tue, 21 Jan 2020 07:38:52 - INFO - TRIZMA DB import
Tue, 21 Jan 2020 07:38:52 - INFO - 123TV DB import
Tue, 21 Jan 2020 07:39:53 - INFO - Connect to DB
Tue, 21 Jan 2020 07:39:53 - INFO - TRIZMA DB import
Tue, 21 Jan 2020 07:39:53 - INFO - 123TV DB import
Tue, 21 Jan 2020 07:40:15 - INFO - Connect to DB
Tue, 21 Jan 2020 07:40:15 - INFO - TRIZMA DB import
Tue, 21 Jan 2020 07:40:16 - INFO - 123TV DB import
Tue, 21 Jan 2020 07:40:33 - INFO - Connect to DB
Tue, 21 Jan 2020 07:40:33 - INFO - TRIZMA DB import
Tue, 21 Jan 2020 07:40:33 - INFO - Failed on TRIZMA DB import at: 2020-01-21_07-07-35, for following calling party: 493652042660, for agent id: trz_sstankovic, with error:(pyodbc.DataError) ('22001', '[22001] [Microsoft][ODBC Driver 17 for SQL Server][SQL Server]String or binary data would be truncated. (8152) (SQLExecDirectW)')
[SQL: insert into records values('CC2Servicenummer','Belgrad','Nicht übermittelt','trz_sstankovic',                                 '493652042660','','Nicht übermittelt','493652042660_Saturday, January 18, 2020_11:57:20 AM','SAR_STANKO')]
(Background on this error at: http://sqlalche.me/e/9h9h)
Tue, 21 Jan 2020 07:40:33 - INFO - 123TV DB import
Tue, 21 Jan 2020 07:40:48 - INFO - Connect to DB
Tue, 21 Jan 2020 07:40:48 - INFO - TRIZMA DB import
Tue, 21 Jan 2020 07:40:48 - INFO - Failed on TRIZMA DB import at: 2020-01-21_07-07-35, for following calling party: 496221863629, for agent id: trz_sstankovic, with error:(pyodbc.DataError) ('22001', '[22001] [Microsoft][ODBC Driver 17 for SQL Server][SQL Server]String or binary data would be truncated. (8152) (SQLExecDirectW)')
[SQL: insert into records values('CC2Servicenummer','Belgrad','Nicht übermittelt','trz_sstankovic',                                 '496221863629','','Nicht übermittelt','496221863629_Saturday, January 18, 2020_12:50:10 PM','SAR_STANKO')]
(Background on this error at: http://sqlalche.me/e/9h9h)
Tue, 21 Jan 2020 07:40:48 - INFO - 123TV DB import
Tue, 21 Jan 2020 07:40:53 - INFO - Connect to DB
Tue, 21 Jan 2020 07:40:53 - INFO - TRIZMA DB import
Tue, 21 Jan 2020 07:40:53 - INFO - 123TV DB import
Tue, 21 Jan 2020 07:41:33 - INFO - Connect to DB
Tue, 21 Jan 2020 07:41:33 - INFO - TRIZMA DB import
Tue, 21 Jan 2020 07:41:33 - INFO - 123TV DB import
Tue, 21 Jan 2020 07:42:45 - INFO - Connect to DB
Tue, 21 Jan 2020 07:42:45 - INFO - TRIZMA DB import
Tue, 21 Jan 2020 07:42:45 - INFO - 123TV DB import
