Mon, 20 Jan 2020 11:12:17 - INFO - Connect to DB
Mon, 20 Jan 2020 11:12:17 - INFO - TRIZMA DB import
Mon, 20 Jan 2020 11:12:17 - INFO - 123TV DB import
Mon, 20 Jan 2020 11:13:22 - INFO - Connect to DB
Mon, 20 Jan 2020 11:13:22 - INFO - TRIZMA DB import
Mon, 20 Jan 2020 11:13:22 - INFO - 123TV DB import
Mon, 20 Jan 2020 11:18:49 - INFO - Connect to DB
Mon, 20 Jan 2020 11:18:49 - INFO - TRIZMA DB import
Mon, 20 Jan 2020 11:18:49 - INFO - 123TV DB import
Mon, 20 Jan 2020 11:23:05 - INFO - Connect to DB
Mon, 20 Jan 2020 11:23:05 - INFO - TRIZMA DB import
Mon, 20 Jan 2020 11:23:05 - INFO - 123TV DB import
Mon, 20 Jan 2020 11:26:18 - INFO - Connect to DB
Mon, 20 Jan 2020 11:26:18 - INFO - TRIZMA DB import
Mon, 20 Jan 2020 11:26:18 - INFO - 123TV DB import
Mon, 20 Jan 2020 11:27:50 - INFO - Connect to DB
Mon, 20 Jan 2020 11:27:50 - INFO - TRIZMA DB import
Mon, 20 Jan 2020 11:27:50 - INFO - 123TV DB import
Mon, 20 Jan 2020 11:28:44 - INFO - Connect to DB
Mon, 20 Jan 2020 11:28:44 - INFO - TRIZMA DB import
Mon, 20 Jan 2020 11:28:45 - INFO - Failed on TRIZMA DB import at: 2020-01-20_11-04-11, for following calling party: 4921115801455, for agent id: trz_bmaksimovic, with error:(pyodbc.DataError) ('22001', '[22001] [Microsoft][ODBC Driver 17 for SQL Server][SQL Server]String or binary data would be truncated. (8152) (SQLExecDirectW)')
[SQL: insert into records values('CC2Servicenummer','Belgrad','Nicht 端bermittelt','trz_bmaksimovic',                                 '4921115801455','','Nicht 端bermittelt','4921115801455_Saturday, January 18, 2020_10:16:45 AM','BOR_MAKSIM')]
(Background on this error at: http://sqlalche.me/e/9h9h)
Mon, 20 Jan 2020 11:28:45 - INFO - 123TV DB import
Mon, 20 Jan 2020 11:29:07 - INFO - Connect to DB
Mon, 20 Jan 2020 11:29:07 - INFO - TRIZMA DB import
Mon, 20 Jan 2020 11:29:07 - INFO - Failed on TRIZMA DB import at: 2020-01-20_11-04-11, for following calling party: 4920336989190, for agent id: trz_bmaksimovic, with error:(pyodbc.DataError) ('22001', '[22001] [Microsoft][ODBC Driver 17 for SQL Server][SQL Server]String or binary data would be truncated. (8152) (SQLExecDirectW)')
[SQL: insert into records values('CC2Servicenummer','Belgrad','Nicht 端bermittelt','trz_bmaksimovic',                                 '4920336989190','','Nicht 端bermittelt','4920336989190_Saturday, January 18, 2020_10:50:06 AM','BOR_MAKSIM')]
(Background on this error at: http://sqlalche.me/e/9h9h)
Mon, 20 Jan 2020 11:29:07 - INFO - 123TV DB import
Mon, 20 Jan 2020 11:35:56 - INFO - Connect to DB
Mon, 20 Jan 2020 11:35:56 - INFO - TRIZMA DB import
Mon, 20 Jan 2020 11:35:57 - INFO - 123TV DB import
Mon, 20 Jan 2020 11:42:48 - INFO - Connect to DB
Mon, 20 Jan 2020 11:42:48 - INFO - TRIZMA DB import
Mon, 20 Jan 2020 11:42:48 - INFO - 123TV DB import
Mon, 20 Jan 2020 11:52:45 - INFO - Connect to DB
Mon, 20 Jan 2020 11:52:45 - INFO - TRIZMA DB import
Mon, 20 Jan 2020 11:52:45 - INFO - 123TV DB import
Mon, 20 Jan 2020 11:53:38 - INFO - Connect to DB
Mon, 20 Jan 2020 11:53:38 - INFO - TRIZMA DB import
Mon, 20 Jan 2020 11:53:38 - INFO - 123TV DB import
Mon, 20 Jan 2020 11:54:59 - INFO - Connect to DB
Mon, 20 Jan 2020 11:54:59 - INFO - TRIZMA DB import
Mon, 20 Jan 2020 11:54:59 - INFO - 123TV DB import
