Wed, 15 Jan 2020 14:24:12 - INFO - Connect to DB
Wed, 15 Jan 2020 14:24:12 - INFO - TRIZMA DB import
Wed, 15 Jan 2020 14:24:12 - INFO - 123TV DB import
Wed, 15 Jan 2020 14:26:58 - INFO - Connect to DB
Wed, 15 Jan 2020 14:26:58 - INFO - TRIZMA DB import
Wed, 15 Jan 2020 14:26:58 - INFO - Failed on TRIZMA DB import at: 2020-01-15_14-12-28, for following calling party: 499195923006, for agent id: trz_divankovic, with error:(pyodbc.DataError) ('22001', '[22001] [Microsoft][ODBC Driver 17 for SQL Server][SQL Server]String or binary data would be truncated. (8152) (SQLExecDirectW)')
[SQL: insert into records values('CC2Servicenummer','Belgrad','Nicht 端bermittelt','trz_divankovic',                                 '499195923006','','Nicht 端bermittelt','499195923006_Wednesday, January 15, 2020_3:26:54 PM','DUS_IVANKO')]
(Background on this error at: http://sqlalche.me/e/9h9h)
Wed, 15 Jan 2020 14:26:58 - INFO - 123TV DB import
Wed, 15 Jan 2020 14:30:27 - INFO - Connect to DB
Wed, 15 Jan 2020 14:30:27 - INFO - TRIZMA DB import
Wed, 15 Jan 2020 14:30:27 - INFO - 123TV DB import
Wed, 15 Jan 2020 14:42:44 - INFO - Connect to DB
Wed, 15 Jan 2020 14:42:44 - INFO - TRIZMA DB import
Wed, 15 Jan 2020 14:42:44 - INFO - 123TV DB import
Wed, 15 Jan 2020 14:53:09 - INFO - Connect to DB
Wed, 15 Jan 2020 14:53:09 - INFO - TRIZMA DB import
Wed, 15 Jan 2020 14:53:09 - INFO - Failed on TRIZMA DB import at: 2020-01-15_14-12-28, for following calling party: 498949000874, for agent id: trz_vvucetic, with error:(pyodbc.DataError) ('22001', '[22001] [Microsoft][ODBC Driver 17 for SQL Server][SQL Server]String or binary data would be truncated. (8152) (SQLExecDirectW)')
[SQL: insert into records values('CC2Servicenummer','Belgrad','Nicht 端bermittelt','trz_vvucetic',                                 '498949000874','','Nicht 端bermittelt','498949000874_Wednesday, January 15, 2020_3:53:06 PM','VAL_VUCETI')]
(Background on this error at: http://sqlalche.me/e/9h9h)
Wed, 15 Jan 2020 14:53:09 - INFO - 123TV DB import
Wed, 15 Jan 2020 15:02:52 - INFO - Connect to DB
Wed, 15 Jan 2020 15:02:53 - INFO - TRIZMA DB import
Wed, 15 Jan 2020 15:02:53 - INFO - 123TV DB import
