Wed, 22 Jan 2020 11:11:38 - INFO - Connect to DB
Wed, 22 Jan 2020 11:11:38 - INFO - TRIZMA DB import
Wed, 22 Jan 2020 11:11:38 - INFO - Failed on TRIZMA DB import at: 2020-01-22_11-08-20, for following calling party: 4920164953042, for agent id: trz_sstankovic, with error:(pyodbc.DataError) ('22001', '[22001] [Microsoft][ODBC Driver 17 for SQL Server][SQL Server]String or binary data would be truncated. (8152) (SQLExecDirectW)')
[SQL: insert into records values('CC2Servicenummer','Belgrad','Nicht übermittelt','trz_sstankovic',                                 '4920164953042','','Nicht übermittelt','4920164953042_Tuesday, January 21, 2020_10:55:50 AM','SAR_STANKO')]
(Background on this error at: http://sqlalche.me/e/9h9h)
Wed, 22 Jan 2020 11:11:38 - INFO - 123TV DB import
Wed, 22 Jan 2020 11:12:32 - INFO - Connect to DB
Wed, 22 Jan 2020 11:12:32 - INFO - TRIZMA DB import
Wed, 22 Jan 2020 11:12:32 - INFO - 123TV DB import
Wed, 22 Jan 2020 11:19:51 - INFO - Connect to DB
Wed, 22 Jan 2020 11:19:51 - INFO - TRIZMA DB import
Wed, 22 Jan 2020 11:19:51 - INFO - Failed on TRIZMA DB import at: 2020-01-22_11-08-20, for following calling party: 4952234910382, for agent id: trz_madamovic, with error:(pyodbc.DataError) ('22001', '[22001] [Microsoft][ODBC Driver 17 for SQL Server][SQL Server]String or binary data would be truncated. (8152) (SQLExecDirectW)')
[SQL: insert into records values('CC2Servicenummer','Belgrad','Nicht übermittelt','trz_madamovic',                                 '4952234910382','','Nicht übermittelt','4952234910382_Wednesday, January 22, 2020_12:19:48 PM','MIL_ADAMOV')]
(Background on this error at: http://sqlalche.me/e/9h9h)
Wed, 22 Jan 2020 11:19:51 - INFO - 123TV DB import
Wed, 22 Jan 2020 11:21:34 - INFO - Connect to DB
Wed, 22 Jan 2020 11:21:34 - INFO - TRIZMA DB import
Wed, 22 Jan 2020 11:21:34 - INFO - Failed on TRIZMA DB import at: 2020-01-22_11-08-20, for following calling party: 495352906983, for agent id: trz_hjovic, with error:(pyodbc.DataError) ('22001', '[22001] [Microsoft][ODBC Driver 17 for SQL Server][SQL Server]String or binary data would be truncated. (8152) (SQLExecDirectW)')
[SQL: insert into records values('CC2Servicenummer','Belgrad','Nicht übermittelt','trz_hjovic',                                 '495352906983','','Nicht übermittelt','495352906983_Wednesday, January 22, 2020_12:21:28 PM','HRI_JOVIC')]
(Background on this error at: http://sqlalche.me/e/9h9h)
Wed, 22 Jan 2020 11:21:34 - INFO - 123TV DB import
Wed, 22 Jan 2020 11:23:47 - INFO - Connect to DB
Wed, 22 Jan 2020 11:23:47 - INFO - TRIZMA DB import
Wed, 22 Jan 2020 11:23:47 - INFO - 123TV DB import
Wed, 22 Jan 2020 11:25:11 - INFO - Connect to DB
Wed, 22 Jan 2020 11:25:11 - INFO - TRIZMA DB import
Wed, 22 Jan 2020 11:25:11 - INFO - Failed on TRIZMA DB import at: 2020-01-22_11-08-20, for following calling party: 4948112081161, for agent id: trz_asilni, with error:(pyodbc.DataError) ('22001', '[22001] [Microsoft][ODBC Driver 17 for SQL Server][SQL Server]String or binary data would be truncated. (8152) (SQLExecDirectW)')
[SQL: insert into records values('CC2Servicenummer','Belgrad','Nicht übermittelt','trz_asilni',                                 '4948112081161','','Nicht übermittelt','4948112081161_Wednesday, January 15, 2020_2:19:58 PM','ANA_SILNI')]
(Background on this error at: http://sqlalche.me/e/9h9h)
Wed, 22 Jan 2020 11:25:11 - INFO - 123TV DB import
Wed, 22 Jan 2020 11:30:23 - INFO - Connect to DB
Wed, 22 Jan 2020 11:30:23 - INFO - TRIZMA DB import
Wed, 22 Jan 2020 11:30:23 - INFO - 123TV DB import
Wed, 22 Jan 2020 11:31:46 - INFO - Connect to DB
Wed, 22 Jan 2020 11:31:46 - INFO - TRIZMA DB import
Wed, 22 Jan 2020 11:31:46 - INFO - Failed on TRIZMA DB import at: 2020-01-22_11-08-20, for following calling party: 493054591525, for agent id: trz_asilni, with error:(pyodbc.DataError) ('22001', '[22001] [Microsoft][ODBC Driver 17 for SQL Server][SQL Server]String or binary data would be truncated. (8152) (SQLExecDirectW)')
[SQL: insert into records values('CC2Servicenummer','Belgrad','Nicht übermittelt','trz_asilni',                                 '493054591525','','Nicht übermittelt','493054591525_Wednesday, January 15, 2020_5:26:09 PM','ANA_SILNI')]
(Background on this error at: http://sqlalche.me/e/9h9h)
Wed, 22 Jan 2020 11:31:46 - INFO - 123TV DB import
Wed, 22 Jan 2020 11:32:24 - INFO - Connect to DB
Wed, 22 Jan 2020 11:32:24 - INFO - TRIZMA DB import
Wed, 22 Jan 2020 11:32:24 - INFO - 123TV DB import
Wed, 22 Jan 2020 11:32:47 - INFO - Connect to DB
Wed, 22 Jan 2020 11:32:47 - INFO - TRIZMA DB import
Wed, 22 Jan 2020 11:32:47 - INFO - Failed on TRIZMA DB import at: 2020-01-22_11-08-20, for following calling party: 4939485667322, for agent id: trz_asilni, with error:(pyodbc.DataError) ('22001', '[22001] [Microsoft][ODBC Driver 17 for SQL Server][SQL Server]String or binary data would be truncated. (8152) (SQLExecDirectW)')
[SQL: insert into records values('CC2Servicenummer','Belgrad','Nicht übermittelt','trz_asilni',                                 '4939485667322','','Nicht übermittelt','4939485667322_Wednesday, January 15, 2020_7:21:40 PM','ANA_SILNI')]
(Background on this error at: http://sqlalche.me/e/9h9h)
Wed, 22 Jan 2020 11:32:47 - INFO - 123TV DB import
Wed, 22 Jan 2020 11:33:45 - INFO - Connect to DB
Wed, 22 Jan 2020 11:33:45 - INFO - TRIZMA DB import
Wed, 22 Jan 2020 11:33:45 - INFO - 123TV DB import
