Mon, 06 Jan 2020 07:45:03 - INFO - Connect to DB
Mon, 06 Jan 2020 07:45:03 - INFO - TRIZMA DB import
Mon, 06 Jan 2020 07:45:03 - INFO - Failed on TRIZMA DB import at: 2020-01-06_07-44-46, for following calling party: 491784934677, for agent id: trz_sstankovic, with error:(pyodbc.DataError) ('22001', '[22001] [Microsoft][ODBC Driver 17 for SQL Server][SQL Server]String or binary data would be truncated. (8152) (SQLExecDirectW)')
[SQL: insert into records values('CC2Servicenummer','Belgrad','Nicht 端bermittelt','trz_sstankovic',                                  '491784934677','','Nicht 端bermittelt','491784934677_Thursday, January 02, 2020_10:15:26 AM')]
(Background on this error at: http://sqlalche.me/e/9h9h)
Mon, 06 Jan 2020 07:45:03 - INFO - 123TV DB import
Mon, 06 Jan 2020 07:47:12 - INFO - Connect to DB
Mon, 06 Jan 2020 07:47:12 - INFO - TRIZMA DB import
Mon, 06 Jan 2020 07:47:12 - INFO - 123TV DB import
Mon, 06 Jan 2020 07:47:37 - INFO - Connect to DB
Mon, 06 Jan 2020 07:47:37 - INFO - TRIZMA DB import
Mon, 06 Jan 2020 07:47:37 - INFO - 123TV DB import
Mon, 06 Jan 2020 07:55:14 - INFO - Connect to DB
Mon, 06 Jan 2020 07:55:14 - INFO - TRIZMA DB import
Mon, 06 Jan 2020 07:55:14 - INFO - Failed on TRIZMA DB import at: 2020-01-06_07-44-46, for following calling party: 493471313899, for agent id: trz_sstankovic, with error:(pyodbc.DataError) ('22001', '[22001] [Microsoft][ODBC Driver 17 for SQL Server][SQL Server]String or binary data would be truncated. (8152) (SQLExecDirectW)')
[SQL: insert into records values('CC2Servicenummer','Belgrad','Nicht 端bermittelt','trz_sstankovic',                                  '493471313899','','Nicht 端bermittelt','493471313899_Thursday, January 02, 2020_10:36:07 AM')]
(Background on this error at: http://sqlalche.me/e/9h9h)
Mon, 06 Jan 2020 07:55:14 - INFO - 123TV DB import
Mon, 06 Jan 2020 07:56:09 - INFO - Connect to DB
Mon, 06 Jan 2020 07:56:09 - INFO - TRIZMA DB import
Mon, 06 Jan 2020 07:56:10 - INFO - 123TV DB import
Mon, 06 Jan 2020 07:57:31 - INFO - Connect to DB
Mon, 06 Jan 2020 07:57:31 - INFO - TRIZMA DB import
Mon, 06 Jan 2020 07:57:31 - INFO - 123TV DB import
Mon, 06 Jan 2020 08:03:06 - INFO - Connect to DB
Mon, 06 Jan 2020 08:03:06 - INFO - TRIZMA DB import
Mon, 06 Jan 2020 08:03:06 - INFO - 123TV DB import
