Fri, 10 Jan 2020 13:39:53 - INFO - Connect to DB
Fri, 10 Jan 2020 13:39:53 - INFO - TRIZMA DB import
Fri, 10 Jan 2020 13:39:53 - INFO - Failed on TRIZMA DB import at: 2020-01-10_13-38-51, for following calling party: 4924049143741, for agent id: trz_bmaksimovic, with error:(pyodbc.DataError) ('22001', '[22001] [Microsoft][ODBC Driver 17 for SQL Server][SQL Server]String or binary data would be truncated. (8152) (SQLExecDirectW)')
[SQL: insert into records values('CC2Servicenummer','Belgrad','Nicht 端bermittelt','trz_bmaksimovic',                                  '4924049143741','','Nicht 端bermittelt','4924049143741_Wednesday, January 8, 2020_6:57:45 PM')]
(Background on this error at: http://sqlalche.me/e/9h9h)
Fri, 10 Jan 2020 13:39:53 - INFO - 123TV DB import
Fri, 10 Jan 2020 13:45:57 - INFO - Connect to DB
Fri, 10 Jan 2020 13:45:57 - INFO - TRIZMA DB import
Fri, 10 Jan 2020 13:45:57 - INFO - Failed on TRIZMA DB import at: 2020-01-10_13-38-51, for following calling party: 4991749775960, for agent id: trz_bmaksimovic, with error:(pyodbc.DataError) ('22001', '[22001] [Microsoft][ODBC Driver 17 for SQL Server][SQL Server]String or binary data would be truncated. (8152) (SQLExecDirectW)')
[SQL: insert into records values('CC2Servicenummer','Belgrad','Nicht 端bermittelt','trz_bmaksimovic',                                  '4991749775960','','Nicht 端bermittelt','4991749775960_Thursday, January 9, 2020_12:42:42 PM')]
(Background on this error at: http://sqlalche.me/e/9h9h)
Fri, 10 Jan 2020 13:45:57 - INFO - 123TV DB import
Fri, 10 Jan 2020 13:47:23 - INFO - Connect to DB
Fri, 10 Jan 2020 13:47:23 - INFO - TRIZMA DB import
Fri, 10 Jan 2020 13:47:23 - INFO - 123TV DB import
Fri, 10 Jan 2020 13:53:48 - INFO - Connect to DB
Fri, 10 Jan 2020 13:53:48 - INFO - TRIZMA DB import
Fri, 10 Jan 2020 13:53:48 - INFO - 123TV DB import
Fri, 10 Jan 2020 13:54:18 - INFO - Connect to DB
Fri, 10 Jan 2020 13:54:19 - INFO - TRIZMA DB import
Fri, 10 Jan 2020 13:54:19 - INFO - 123TV DB import
Fri, 10 Jan 2020 13:59:31 - INFO - Connect to DB
Fri, 10 Jan 2020 13:59:31 - INFO - TRIZMA DB import
Fri, 10 Jan 2020 13:59:31 - INFO - 123TV DB import
Fri, 10 Jan 2020 14:01:50 - INFO - Connect to DB
Fri, 10 Jan 2020 14:01:50 - INFO - TRIZMA DB import
Fri, 10 Jan 2020 14:01:50 - INFO - 123TV DB import
Fri, 10 Jan 2020 14:04:45 - INFO - Connect to DB
Fri, 10 Jan 2020 14:04:45 - INFO - TRIZMA DB import
Fri, 10 Jan 2020 14:04:45 - INFO - 123TV DB import
Fri, 10 Jan 2020 14:04:57 - INFO - Connect to DB
Fri, 10 Jan 2020 14:04:57 - INFO - TRIZMA DB import
Fri, 10 Jan 2020 14:04:57 - INFO - 123TV DB import
Fri, 10 Jan 2020 14:05:20 - INFO - Connect to DB
Fri, 10 Jan 2020 14:05:20 - INFO - TRIZMA DB import
Fri, 10 Jan 2020 14:05:21 - INFO - 123TV DB import
