Wed, 08 Jan 2020 10:26:08 - INFO - Connect to DB
Wed, 08 Jan 2020 10:26:09 - INFO - TRIZMA DB import
Wed, 08 Jan 2020 10:26:09 - INFO - Failed on TRIZMA DB import at: 2020-01-08_10-23-51, for following calling party: 491792492219, for agent id: trz_madamovic, with error:(pyodbc.DataError) ('22001', '[22001] [Microsoft][ODBC Driver 17 for SQL Server][SQL Server]String or binary data would be truncated. (8152) (SQLExecDirectW)')
[SQL: insert into records values('CC2Servicenummer','Belgrad','Nicht übermittelt','trz_madamovic',                                  '491792492219','','Nicht übermittelt','491792492219_Wednesday, January 08, 2020_11:26:04 AM')]
(Background on this error at: http://sqlalche.me/e/9h9h)
Wed, 08 Jan 2020 10:26:09 - INFO - 123TV DB import
Wed, 08 Jan 2020 10:26:14 - INFO - Failed on 123TV DB import at: 2020-01-08_10-23-51, for following calling party: 491792492219, for agent id: 3067, with error:Invalid XML content received (Start tag expected, '<' not found, line 1, column 1)
Wed, 08 Jan 2020 10:26:55 - INFO - Connect to DB
Wed, 08 Jan 2020 10:26:55 - INFO - TRIZMA DB import
Wed, 08 Jan 2020 10:26:56 - INFO - 123TV DB import
Wed, 08 Jan 2020 10:27:01 - INFO - Failed on 123TV DB import at: 2020-01-08_10-23-51, for following calling party: 4933773818044, for agent id: 3098, with error:Invalid XML content received (Start tag expected, '<' not found, line 1, column 1)
Wed, 08 Jan 2020 10:32:01 - INFO - Connect to DB
Wed, 08 Jan 2020 10:32:01 - INFO - TRIZMA DB import
Wed, 08 Jan 2020 10:32:01 - INFO - 123TV DB import
Wed, 08 Jan 2020 10:32:06 - INFO - Failed on 123TV DB import at: 2020-01-08_10-23-51, for following calling party: 4915730223788, for agent id: 3098, with error:Invalid XML content received (Start tag expected, '<' not found, line 1, column 1)
Wed, 08 Jan 2020 10:37:38 - INFO - Connect to DB
Wed, 08 Jan 2020 10:37:38 - INFO - TRIZMA DB import
Wed, 08 Jan 2020 10:37:38 - INFO - 123TV DB import
Wed, 08 Jan 2020 10:37:43 - INFO - Failed on 123TV DB import at: 2020-01-08_10-23-51, for following calling party: 4967314711767, for agent id: 3060, with error:Invalid XML content received (Start tag expected, '<' not found, line 1, column 1)
Wed, 08 Jan 2020 10:39:07 - INFO - Connect to DB
Wed, 08 Jan 2020 10:39:07 - INFO - TRIZMA DB import
Wed, 08 Jan 2020 10:39:07 - INFO - 123TV DB import
Wed, 08 Jan 2020 10:39:12 - INFO - Failed on 123TV DB import at: 2020-01-08_10-23-51, for following calling party: 49211290250, for agent id: 3098, with error:Invalid XML content received (Start tag expected, '<' not found, line 1, column 1)
Wed, 08 Jan 2020 10:47:48 - INFO - Connect to DB
Wed, 08 Jan 2020 10:47:48 - INFO - TRIZMA DB import
Wed, 08 Jan 2020 10:47:48 - INFO - 123TV DB import
Wed, 08 Jan 2020 10:47:53 - INFO - Failed on 123TV DB import at: 2020-01-08_10-23-51, for following calling party: 493034726238, for agent id: 3098, with error:Invalid XML content received (Start tag expected, '<' not found, line 1, column 1)
Wed, 08 Jan 2020 10:47:58 - INFO - Connect to DB
Wed, 08 Jan 2020 10:47:58 - INFO - TRIZMA DB import
Wed, 08 Jan 2020 10:47:58 - INFO - 123TV DB import
Wed, 08 Jan 2020 10:48:03 - INFO - Failed on 123TV DB import at: 2020-01-08_10-23-51, for following calling party: 49302426826, for agent id: 3098, with error:Invalid XML content received (Start tag expected, '<' not found, line 1, column 1)
