Thu, 16 Jan 2020 10:08:11 - INFO - Connect to DB
Thu, 16 Jan 2020 10:08:11 - INFO - TRIZMA DB import
Thu, 16 Jan 2020 10:08:11 - INFO - 123TV DB import
Thu, 16 Jan 2020 10:08:23 - INFO - Connect to DB
Thu, 16 Jan 2020 10:08:23 - INFO - TRIZMA DB import
Thu, 16 Jan 2020 10:08:23 - INFO - 123TV DB import
Thu, 16 Jan 2020 10:08:45 - INFO - Connect to DB
Thu, 16 Jan 2020 10:08:45 - INFO - TRIZMA DB import
Thu, 16 Jan 2020 10:08:46 - INFO - 123TV DB import
Thu, 16 Jan 2020 10:09:28 - INFO - Connect to DB
Thu, 16 Jan 2020 10:09:28 - INFO - TRIZMA DB import
Thu, 16 Jan 2020 10:09:28 - INFO - 123TV DB import
Thu, 16 Jan 2020 10:09:34 - INFO - Connect to DB
Thu, 16 Jan 2020 10:09:34 - INFO - TRIZMA DB import
Thu, 16 Jan 2020 10:09:34 - INFO - 123TV DB import
Thu, 16 Jan 2020 10:10:02 - INFO - Connect to DB
Thu, 16 Jan 2020 10:10:02 - INFO - TRIZMA DB import
Thu, 16 Jan 2020 10:10:02 - INFO - 123TV DB import
Thu, 16 Jan 2020 10:14:09 - INFO - Connect to DB
Thu, 16 Jan 2020 10:14:09 - INFO - TRIZMA DB import
Thu, 16 Jan 2020 10:14:10 - INFO - 123TV DB import
Thu, 16 Jan 2020 10:15:43 - INFO - Connect to DB
Thu, 16 Jan 2020 10:15:43 - INFO - TRIZMA DB import
Thu, 16 Jan 2020 10:15:44 - INFO - 123TV DB import
Thu, 16 Jan 2020 10:19:04 - INFO - Connect to DB
Thu, 16 Jan 2020 10:19:04 - INFO - TRIZMA DB import
Thu, 16 Jan 2020 10:19:04 - INFO - 123TV DB import
Thu, 16 Jan 2020 10:22:10 - INFO - Connect to DB
Thu, 16 Jan 2020 10:22:10 - INFO - TRIZMA DB import
Thu, 16 Jan 2020 10:22:10 - INFO - 123TV DB import
Thu, 16 Jan 2020 10:24:21 - INFO - Connect to DB
Thu, 16 Jan 2020 10:24:21 - INFO - TRIZMA DB import
Thu, 16 Jan 2020 10:24:21 - INFO - 123TV DB import
Thu, 16 Jan 2020 10:26:20 - INFO - Connect to DB
Thu, 16 Jan 2020 10:26:20 - INFO - TRIZMA DB import
Thu, 16 Jan 2020 10:26:20 - INFO - Failed on TRIZMA DB import at: 2020-01-16_10-08-01, for following calling party: 4936691869012, for agent id: trz_bmaksimovic, with error:(pyodbc.DataError) ('22001', '[22001] [Microsoft][ODBC Driver 17 for SQL Server][SQL Server]String or binary data would be truncated. (8152) (SQLExecDirectW)')
[SQL: insert into records values('CC2Servicenummer','Belgrad','Nicht übermittelt','trz_bmaksimovic',                                 '4936691869012','','Nicht übermittelt','4936691869012_Wednesday, January 15, 2020_11:10:35 AM','BOR_MAKSIM')]
(Background on this error at: http://sqlalche.me/e/9h9h)
Thu, 16 Jan 2020 10:26:20 - INFO - 123TV DB import
Thu, 16 Jan 2020 10:26:26 - INFO - Connect to DB
Thu, 16 Jan 2020 10:26:26 - INFO - TRIZMA DB import
Thu, 16 Jan 2020 10:26:26 - INFO - Failed on TRIZMA DB import at: 2020-01-16_10-08-01, for following calling party: 493853921080, for agent id: trz_bmaksimovic, with error:(pyodbc.DataError) ('22001', '[22001] [Microsoft][ODBC Driver 17 for SQL Server][SQL Server]String or binary data would be truncated. (8152) (SQLExecDirectW)')
[SQL: insert into records values('CC2Servicenummer','Belgrad','Nicht übermittelt','trz_bmaksimovic',                                 '493853921080','','Nicht übermittelt','493853921080_Wednesday, January 15, 2020_11:41:42 AM','BOR_MAKSIM')]
(Background on this error at: http://sqlalche.me/e/9h9h)
Thu, 16 Jan 2020 10:26:26 - INFO - 123TV DB import
Thu, 16 Jan 2020 10:30:12 - INFO - Connect to DB
Thu, 16 Jan 2020 10:30:12 - INFO - TRIZMA DB import
Thu, 16 Jan 2020 10:30:12 - INFO - Failed on TRIZMA DB import at: 2020-01-16_10-08-01, for following calling party: 494036195414, for agent id: trz_bmaksimovic, with error:(pyodbc.DataError) ('22001', '[22001] [Microsoft][ODBC Driver 17 for SQL Server][SQL Server]String or binary data would be truncated. (8152) (SQLExecDirectW)')
[SQL: insert into records values('CC2Servicenummer','Belgrad','Nicht übermittelt','trz_bmaksimovic',                                 '494036195414','','Nicht übermittelt','494036195414_Wednesday, January 15, 2020_11:51:04 AM','BOR_MAKSIM')]
(Background on this error at: http://sqlalche.me/e/9h9h)
Thu, 16 Jan 2020 10:30:12 - INFO - 123TV DB import
Thu, 16 Jan 2020 10:38:17 - INFO - Connect to DB
Thu, 16 Jan 2020 10:38:17 - INFO - TRIZMA DB import
Thu, 16 Jan 2020 10:38:17 - INFO - 123TV DB import
