Sat, 18 Jan 2020 14:18:30 - INFO - Connect to DB
Sat, 18 Jan 2020 14:18:31 - INFO - TRIZMA DB import
Sat, 18 Jan 2020 14:18:31 - INFO - 123TV DB import
Sat, 18 Jan 2020 14:33:37 - INFO - Connect to DB
Sat, 18 Jan 2020 14:33:37 - INFO - TRIZMA DB import
Sat, 18 Jan 2020 14:33:38 - INFO - 123TV DB import
Sat, 18 Jan 2020 14:36:19 - INFO - Connect to DB
Sat, 18 Jan 2020 14:36:19 - INFO - TRIZMA DB import
Sat, 18 Jan 2020 14:36:19 - INFO - Failed on TRIZMA DB import at: 2020-01-18_14-08-16, for following calling party: 4924653049955, for agent id: trz_asilni, with error:(pyodbc.DataError) ('22001', '[22001] [Microsoft][ODBC Driver 17 for SQL Server][SQL Server]String or binary data would be truncated. (8152) (SQLExecDirectW)')
[SQL: insert into records values('CC2Servicenummer','Belgrad','Nicht 端bermittelt','trz_asilni',                                 '4924653049955','','Nicht 端bermittelt','4924653049955_Saturday, January 18, 2020_3:35:58 PM','ANA_SILNI')]
(Background on this error at: http://sqlalche.me/e/9h9h)
Sat, 18 Jan 2020 14:36:19 - INFO - 123TV DB import
Sat, 18 Jan 2020 14:36:29 - INFO - Connect to DB
Sat, 18 Jan 2020 14:36:29 - INFO - TRIZMA DB import
Sat, 18 Jan 2020 14:36:29 - INFO - Failed on TRIZMA DB import at: 2020-01-18_14-08-16, for following calling party: 4961849419476, for agent id: trz_tjurjevic, with error:(pyodbc.DataError) ('22001', '[22001] [Microsoft][ODBC Driver 17 for SQL Server][SQL Server]String or binary data would be truncated. (8152) (SQLExecDirectW)')
[SQL: insert into records values('CC2Servicenummer','Belgrad','Nicht 端bermittelt','trz_tjurjevic',                                 '4961849419476','','Nicht 端bermittelt','4961849419476_Saturday, January 18, 2020_3:36:27 PM','TAT_JURJEV')]
(Background on this error at: http://sqlalche.me/e/9h9h)
Sat, 18 Jan 2020 14:36:29 - INFO - 123TV DB import
Sat, 18 Jan 2020 14:43:33 - INFO - Connect to DB
Sat, 18 Jan 2020 14:43:33 - INFO - TRIZMA DB import
Sat, 18 Jan 2020 14:43:33 - INFO - 123TV DB import
