Thu, 16 Jan 2020 14:49:38 - INFO - Connect to DB
Thu, 16 Jan 2020 14:49:38 - INFO - TRIZMA DB import
Thu, 16 Jan 2020 14:49:38 - INFO - 123TV DB import
Thu, 16 Jan 2020 14:54:36 - INFO - Connect to DB
Thu, 16 Jan 2020 14:54:36 - INFO - TRIZMA DB import
Thu, 16 Jan 2020 14:54:36 - INFO - Failed on TRIZMA DB import at: 2020-01-16_14-37-20, for following calling party: 4957219377356, for agent id: trz_memetovic, with error:(pyodbc.DataError) ('22001', '[22001] [Microsoft][ODBC Driver 17 for SQL Server][SQL Server]String or binary data would be truncated. (8152) (SQLExecDirectW)')
[SQL: insert into records values('CC2Servicenummer','Belgrad','Nicht 端bermittelt','trz_memetovic',                                 '4957219377356','','Nicht 端bermittelt','4957219377356_Thursday, January 16, 2020_3:54:29 PM','KEN_MEMETO')]
(Background on this error at: http://sqlalche.me/e/9h9h)
Thu, 16 Jan 2020 14:54:36 - INFO - 123TV DB import
Thu, 16 Jan 2020 15:05:32 - INFO - Connect to DB
Thu, 16 Jan 2020 15:05:33 - INFO - TRIZMA DB import
Thu, 16 Jan 2020 15:05:33 - INFO - 123TV DB import
Thu, 16 Jan 2020 15:07:25 - INFO - Connect to DB
Thu, 16 Jan 2020 15:07:25 - INFO - TRIZMA DB import
Thu, 16 Jan 2020 15:07:25 - INFO - Failed on TRIZMA DB import at: 2020-01-16_14-37-20, for following calling party: 4947242046625, for agent id: trz_hjovic, with error:(pyodbc.DataError) ('22001', '[22001] [Microsoft][ODBC Driver 17 for SQL Server][SQL Server]String or binary data would be truncated. (8152) (SQLExecDirectW)')
[SQL: insert into records values('CC2Servicenummer','Belgrad','Nicht 端bermittelt','trz_hjovic',                                 '4947242046625','','Nicht 端bermittelt','4947242046625_Thursday, January 16, 2020_4:07:21 PM','HRI_JOVIC')]
(Background on this error at: http://sqlalche.me/e/9h9h)
Thu, 16 Jan 2020 15:07:25 - INFO - 123TV DB import
Thu, 16 Jan 2020 15:11:13 - INFO - Connect to DB
Thu, 16 Jan 2020 15:11:13 - INFO - TRIZMA DB import
Thu, 16 Jan 2020 15:11:13 - INFO - 123TV DB import
