Thu, 09 Jan 2020 11:21:25 - INFO - Connect to DB
Thu, 09 Jan 2020 11:21:25 - INFO - TRIZMA DB import
Thu, 09 Jan 2020 11:21:25 - INFO - Failed on TRIZMA DB import at: 2020-01-09_11-20-31, for following calling party: 493955840030, for agent id: trz_madamovic, with error:(pyodbc.DataError) ('22001', '[22001] [Microsoft][ODBC Driver 17 for SQL Server][SQL Server]String or binary data would be truncated. (8152) (SQLExecDirectW)')
[SQL: insert into records values('CC2Servicenummer','Belgrad','Nicht übermittelt','trz_madamovic',                                  '493955840030','','Nicht übermittelt','493955840030_Thursday, January 09, 2020_12:21:20 PM')]
(Background on this error at: http://sqlalche.me/e/9h9h)
Thu, 09 Jan 2020 11:21:25 - INFO - 123TV DB import
Thu, 09 Jan 2020 11:22:51 - INFO - Connect to DB
Thu, 09 Jan 2020 11:22:51 - INFO - TRIZMA DB import
Thu, 09 Jan 2020 11:22:51 - INFO - Failed on TRIZMA DB import at: 2020-01-09_11-20-31, for following calling party: 495525999815, for agent id: trz_bmaksimovic, with error:(pyodbc.DataError) ('22001', '[22001] [Microsoft][ODBC Driver 17 for SQL Server][SQL Server]String or binary data would be truncated. (8152) (SQLExecDirectW)')
[SQL: insert into records values('CC2Servicenummer','Belgrad','Nicht übermittelt','trz_bmaksimovic',                                  '495525999815','','Nicht übermittelt','495525999815_Saturday, December 28, 2019_12:16:25 PM')]
(Background on this error at: http://sqlalche.me/e/9h9h)
Thu, 09 Jan 2020 11:22:51 - INFO - 123TV DB import
Thu, 09 Jan 2020 11:23:22 - INFO - Connect to DB
Thu, 09 Jan 2020 11:23:22 - INFO - TRIZMA DB import
Thu, 09 Jan 2020 11:23:22 - INFO - Failed on TRIZMA DB import at: 2020-01-09_11-20-31, for following calling party: 4915222708785, for agent id: trz_bmaksimovic, with error:(pyodbc.DataError) ('22001', '[22001] [Microsoft][ODBC Driver 17 for SQL Server][SQL Server]String or binary data would be truncated. (8152) (SQLExecDirectW)')
[SQL: insert into records values('CC2Servicenummer','Belgrad','Nicht übermittelt','trz_bmaksimovic',                                  '4915222708785','','Nicht übermittelt','4915222708785_Saturday, December 28, 2019_1:12:40 PM')]
(Background on this error at: http://sqlalche.me/e/9h9h)
Thu, 09 Jan 2020 11:23:22 - INFO - 123TV DB import
Thu, 09 Jan 2020 11:27:00 - INFO - Connect to DB
Thu, 09 Jan 2020 11:27:00 - INFO - TRIZMA DB import
Thu, 09 Jan 2020 11:27:00 - INFO - 123TV DB import
Thu, 09 Jan 2020 11:30:29 - INFO - Connect to DB
Thu, 09 Jan 2020 11:30:29 - INFO - TRIZMA DB import
Thu, 09 Jan 2020 11:30:29 - INFO - Failed on TRIZMA DB import at: 2020-01-09_11-20-31, for following calling party: 4980519656045, for agent id: trz_bmaksimovic, with error:(pyodbc.DataError) ('22001', '[22001] [Microsoft][ODBC Driver 17 for SQL Server][SQL Server]String or binary data would be truncated. (8152) (SQLExecDirectW)')
[SQL: insert into records values('CC2Servicenummer','Belgrad','Nicht übermittelt','trz_bmaksimovic',                                  '4980519656045','','Nicht übermittelt','4980519656045_Saturday, December 28, 2019_2:12:50 PM')]
(Background on this error at: http://sqlalche.me/e/9h9h)
Thu, 09 Jan 2020 11:30:29 - INFO - 123TV DB import
