Wed, 08 Jan 2020 07:48:48 - INFO - Connect to DB
Wed, 08 Jan 2020 07:48:49 - INFO - TRIZMA DB import
Wed, 08 Jan 2020 07:48:49 - INFO - Failed on TRIZMA DB import at: 2020-01-08_07-48-07, for following calling party: 491731864217, for agent id: trz_sstankovic, with error:(pyodbc.DataError) ('22001', '[22001] [Microsoft][ODBC Driver 17 for SQL Server][SQL Server]String or binary data would be truncated. (8152) (SQLExecDirectW)')
[SQL: insert into records values('CC2Servicenummer','Belgrad','Nicht 端bermittelt','trz_sstankovic',                                  '491731864217','','Nicht 端bermittelt','491731864217_Tuesday, December 31, 2019_12:52:51 PM')]
(Background on this error at: http://sqlalche.me/e/9h9h)
Wed, 08 Jan 2020 07:48:49 - INFO - 123TV DB import
Wed, 08 Jan 2020 07:48:54 - INFO - Failed on 123TV DB import at: 2020-01-08_07-48-07, for following calling party: 491731864217, for agent id: 3046, with error:Invalid XML content received (Start tag expected, '<' not found, line 1, column 1)
Wed, 08 Jan 2020 07:54:06 - INFO - Connect to DB
Wed, 08 Jan 2020 07:54:07 - INFO - TRIZMA DB import
Wed, 08 Jan 2020 07:54:07 - INFO - 123TV DB import
Wed, 08 Jan 2020 07:54:12 - INFO - Failed on 123TV DB import at: 2020-01-08_07-48-07, for following calling party: 491727115806, for agent id: 3098, with error:Invalid XML content received (Start tag expected, '<' not found, line 1, column 1)
Wed, 08 Jan 2020 08:04:22 - INFO - Connect to DB
Wed, 08 Jan 2020 08:04:22 - INFO - TRIZMA DB import
Wed, 08 Jan 2020 08:04:22 - INFO - Failed on TRIZMA DB import at: 2020-01-08_07-48-07, for following calling party: 4917655909929, for agent id: trz_sstankovic, with error:(pyodbc.DataError) ('22001', '[22001] [Microsoft][ODBC Driver 17 for SQL Server][SQL Server]String or binary data would be truncated. (8152) (SQLExecDirectW)')
[SQL: insert into records values('CC2Servicenummer','Belgrad','Nicht 端bermittelt','trz_sstankovic',                                  '4917655909929','','Nicht 端bermittelt','4917655909929_Tuesday, December 31, 2019_2:25:59 PM')]
(Background on this error at: http://sqlalche.me/e/9h9h)
Wed, 08 Jan 2020 08:04:22 - INFO - 123TV DB import
Wed, 08 Jan 2020 08:04:27 - INFO - Failed on 123TV DB import at: 2020-01-08_07-48-07, for following calling party: 4917655909929, for agent id: 3046, with error:Invalid XML content received (Start tag expected, '<' not found, line 1, column 1)
Wed, 08 Jan 2020 08:04:48 - INFO - Connect to DB
Wed, 08 Jan 2020 08:04:48 - INFO - TRIZMA DB import
Wed, 08 Jan 2020 08:04:48 - INFO - 123TV DB import
Wed, 08 Jan 2020 08:04:53 - INFO - Failed on 123TV DB import at: 2020-01-08_07-48-07, for following calling party: 496251984908, for agent id: 3098, with error:Invalid XML content received (Start tag expected, '<' not found, line 1, column 1)
