Sat, 11 Jan 2020 07:42:31 - INFO - Connect to DB
Sat, 11 Jan 2020 07:42:32 - INFO - TRIZMA DB import
Sat, 11 Jan 2020 07:42:32 - INFO - 123TV DB import
Sat, 11 Jan 2020 07:42:37 - INFO - Failed on 123TV DB import at: 2020-01-11_07-32-39, for following calling party: 49307042670, for agent id: 3117, with error:Missing element acd_id (importCallMetaData.acd_id)
Sat, 11 Jan 2020 07:43:33 - INFO - Connect to DB
Sat, 11 Jan 2020 07:43:33 - INFO - TRIZMA DB import
Sat, 11 Jan 2020 07:43:33 - INFO - 123TV DB import
Sat, 11 Jan 2020 07:43:38 - INFO - Failed on 123TV DB import at: 2020-01-11_07-32-39, for following calling party: 491736142752, for agent id: 3117, with error:Missing element acd_id (importCallMetaData.acd_id)
Sat, 11 Jan 2020 07:44:19 - INFO - Connect to DB
Sat, 11 Jan 2020 07:44:19 - INFO - TRIZMA DB import
Sat, 11 Jan 2020 07:44:19 - INFO - 123TV DB import
Sat, 11 Jan 2020 07:44:24 - INFO - Failed on 123TV DB import at: 2020-01-11_07-32-39, for following calling party: 4917684683437, for agent id: 3117, with error:Missing element acd_id (importCallMetaData.acd_id)
Sat, 11 Jan 2020 07:44:29 - INFO - Connect to DB
Sat, 11 Jan 2020 07:44:29 - INFO - TRIZMA DB import
Sat, 11 Jan 2020 07:44:29 - INFO - 123TV DB import
Sat, 11 Jan 2020 07:44:34 - INFO - Failed on 123TV DB import at: 2020-01-11_07-32-39, for following calling party: 493492721655, for agent id: 3117, with error:Missing element acd_id (importCallMetaData.acd_id)
Sat, 11 Jan 2020 07:50:57 - INFO - Connect to DB
Sat, 11 Jan 2020 07:50:57 - INFO - TRIZMA DB import
Sat, 11 Jan 2020 07:50:57 - INFO - 123TV DB import
Sat, 11 Jan 2020 07:51:02 - INFO - Failed on 123TV DB import at: 2020-01-11_07-32-39, for following calling party: 4917656885014, for agent id: 3117, with error:Missing element acd_id (importCallMetaData.acd_id)
Sat, 11 Jan 2020 08:03:20 - INFO - Connect to DB
Sat, 11 Jan 2020 08:03:20 - INFO - TRIZMA DB import
Sat, 11 Jan 2020 08:03:20 - INFO - Failed on TRIZMA DB import at: 2020-01-11_07-32-39, for following calling party: 491731864217, for agent id: trz_sstankovic, with error:(pyodbc.DataError) ('22001', '[22001] [Microsoft][ODBC Driver 17 for SQL Server][SQL Server]String or binary data would be truncated. (8152) (SQLExecDirectW)')
[SQL: insert into records values('CC2Servicenummer','Belgrad','Nicht übermittelt','trz_sstankovic',                                  '491731864217','','Nicht übermittelt','491731864217_Tuesday, December 31, 2019_12:52:51 PM')]
(Background on this error at: http://sqlalche.me/e/9h9h)
Sat, 11 Jan 2020 08:03:20 - INFO - 123TV DB import
Sat, 11 Jan 2020 08:03:25 - INFO - Failed on 123TV DB import at: 2020-01-11_07-32-39, for following calling party: 491731864217, for agent id: 3046, with error:Missing element acd_id (importCallMetaData.acd_id)
Sat, 11 Jan 2020 08:03:27 - INFO - Connect to DB
Sat, 11 Jan 2020 08:03:27 - INFO - TRIZMA DB import
Sat, 11 Jan 2020 08:03:27 - INFO - 123TV DB import
Sat, 11 Jan 2020 08:03:32 - INFO - Failed on 123TV DB import at: 2020-01-11_07-32-39, for following calling party: 493723413105, for agent id: 3181, with error:Missing element acd_id (importCallMetaData.acd_id)
Sat, 11 Jan 2020 08:04:03 - INFO - Connect to DB
Sat, 11 Jan 2020 08:04:03 - INFO - TRIZMA DB import
Sat, 11 Jan 2020 08:04:03 - INFO - Failed on TRIZMA DB import at: 2020-01-11_07-32-39, for following calling party: 4917655909929, for agent id: trz_sstankovic, with error:(pyodbc.DataError) ('22001', '[22001] [Microsoft][ODBC Driver 17 for SQL Server][SQL Server]String or binary data would be truncated. (8152) (SQLExecDirectW)')
[SQL: insert into records values('CC2Servicenummer','Belgrad','Nicht übermittelt','trz_sstankovic',                                  '4917655909929','','Nicht übermittelt','4917655909929_Tuesday, December 31, 2019_2:25:59 PM')]
(Background on this error at: http://sqlalche.me/e/9h9h)
Sat, 11 Jan 2020 08:04:03 - INFO - 123TV DB import
Sat, 11 Jan 2020 08:04:08 - INFO - Failed on 123TV DB import at: 2020-01-11_07-32-39, for following calling party: 4917655909929, for agent id: 3046, with error:Missing element acd_id (importCallMetaData.acd_id)
Sat, 11 Jan 2020 08:14:45 - INFO - Connect to DB
Sat, 11 Jan 2020 08:14:45 - INFO - TRIZMA DB import
Sat, 11 Jan 2020 08:14:45 - INFO - 123TV DB import
Sat, 11 Jan 2020 08:14:50 - INFO - Failed on 123TV DB import at: 2020-01-11_07-32-39, for following calling party: 492086203732, for agent id: 3117, with error:Missing element acd_id (importCallMetaData.acd_id)
Sat, 11 Jan 2020 08:20:52 - INFO - Connect to DB
Sat, 11 Jan 2020 08:20:52 - INFO - TRIZMA DB import
Sat, 11 Jan 2020 08:20:52 - INFO - Failed on TRIZMA DB import at: 2020-01-11_07-32-39, for following calling party: 4994986339989, for agent id: trz_sstankovic, with error:(pyodbc.DataError) ('22001', '[22001] [Microsoft][ODBC Driver 17 for SQL Server][SQL Server]String or binary data would be truncated. (8152) (SQLExecDirectW)')
[SQL: insert into records values('CC2Servicenummer','Belgrad','Nicht übermittelt','trz_sstankovic',                                  '4994986339989','','Nicht übermittelt','4994986339989_Thursday, January 02, 2020_9:56:40 AM')]
(Background on this error at: http://sqlalche.me/e/9h9h)
Sat, 11 Jan 2020 08:20:52 - INFO - 123TV DB import
Sat, 11 Jan 2020 08:20:57 - INFO - Failed on 123TV DB import at: 2020-01-11_07-32-39, for following calling party: 4994986339989, for agent id: 3046, with error:Missing element acd_id (importCallMetaData.acd_id)
Sat, 11 Jan 2020 08:22:49 - INFO - Connect to DB
Sat, 11 Jan 2020 08:22:49 - INFO - TRIZMA DB import
Sat, 11 Jan 2020 08:22:50 - INFO - 123TV DB import
Sat, 11 Jan 2020 08:22:55 - INFO - Failed on 123TV DB import at: 2020-01-11_07-32-39, for following calling party: 493814902599, for agent id: 3046, with error:Missing element acd_id (importCallMetaData.acd_id)
Sat, 11 Jan 2020 08:24:30 - INFO - Connect to DB
Sat, 11 Jan 2020 08:24:30 - INFO - TRIZMA DB import
Sat, 11 Jan 2020 08:24:30 - INFO - 123TV DB import
Sat, 11 Jan 2020 08:24:36 - INFO - Failed on 123TV DB import at: 2020-01-11_07-32-39, for following calling party: 493684751938, for agent id: 3155, with error:Missing element acd_id (importCallMetaData.acd_id)
Sat, 11 Jan 2020 08:29:41 - INFO - Connect to DB
Sat, 11 Jan 2020 08:29:41 - INFO - TRIZMA DB import
Sat, 11 Jan 2020 08:29:41 - INFO - 123TV DB import
Sat, 11 Jan 2020 08:29:46 - INFO - Failed on 123TV DB import at: 2020-01-11_07-32-39, for following calling party: 493664722846, for agent id: 3117, with error:Missing element acd_id (importCallMetaData.acd_id)
Sat, 11 Jan 2020 08:33:17 - INFO - Connect to DB
Sat, 11 Jan 2020 08:33:17 - INFO - TRIZMA DB import
Sat, 11 Jan 2020 08:33:17 - INFO - 123TV DB import
Sat, 11 Jan 2020 08:33:22 - INFO - Failed on 123TV DB import at: 2020-01-11_07-32-39, for following calling party: 49201774932, for agent id: 3046, with error:Missing element acd_id (importCallMetaData.acd_id)
Sat, 11 Jan 2020 08:33:33 - INFO - Connect to DB
Sat, 11 Jan 2020 08:33:33 - INFO - TRIZMA DB import
Sat, 11 Jan 2020 08:33:33 - INFO - 123TV DB import
Sat, 11 Jan 2020 08:33:38 - INFO - Failed on 123TV DB import at: 2020-01-11_07-32-39, for following calling party: 491722548468, for agent id: 3046, with error:Missing element acd_id (importCallMetaData.acd_id)
