Fri, 10 Jan 2020 08:23:34 - INFO - Connect to DB
Fri, 10 Jan 2020 08:23:34 - INFO - TRIZMA DB import
Fri, 10 Jan 2020 08:23:34 - INFO - 123TV DB import
Fri, 10 Jan 2020 08:25:12 - INFO - Connect to DB
Fri, 10 Jan 2020 08:25:12 - INFO - TRIZMA DB import
Fri, 10 Jan 2020 08:25:12 - INFO - 123TV DB import
Fri, 10 Jan 2020 08:26:27 - INFO - Connect to DB
Fri, 10 Jan 2020 08:26:27 - INFO - TRIZMA DB import
Fri, 10 Jan 2020 08:26:27 - INFO - 123TV DB import
Fri, 10 Jan 2020 08:26:33 - INFO - Connect to DB
Fri, 10 Jan 2020 08:26:33 - INFO - TRIZMA DB import
Fri, 10 Jan 2020 08:26:33 - INFO - 123TV DB import
Fri, 10 Jan 2020 08:26:53 - INFO - Connect to DB
Fri, 10 Jan 2020 08:26:53 - INFO - TRIZMA DB import
Fri, 10 Jan 2020 08:26:53 - INFO - Failed on TRIZMA DB import at: 2020-01-10_08-22-47, for following calling party: 4915780275882, for agent id: trz_hjovic, with error:(pyodbc.DataError) ('22001', '[22001] [Microsoft][ODBC Driver 17 for SQL Server][SQL Server]String or binary data would be truncated. (8152) (SQLExecDirectW)')
[SQL: insert into records values('CC2Servicenummer','Belgrad','Nicht übermittelt','trz_hjovic',                                  '4915780275882','','Nicht übermittelt','4915780275882_Thursday, January 09, 2020_12:04:29 PM')]
(Background on this error at: http://sqlalche.me/e/9h9h)
Fri, 10 Jan 2020 08:26:53 - INFO - 123TV DB import
Fri, 10 Jan 2020 08:27:08 - INFO - Connect to DB
Fri, 10 Jan 2020 08:27:08 - INFO - TRIZMA DB import
Fri, 10 Jan 2020 08:27:08 - INFO - 123TV DB import
Fri, 10 Jan 2020 08:27:14 - INFO - Connect to DB
Fri, 10 Jan 2020 08:27:14 - INFO - TRIZMA DB import
Fri, 10 Jan 2020 08:27:14 - INFO - Failed on TRIZMA DB import at: 2020-01-10_08-22-47, for following calling party: 497112599990, for agent id: trz_hjovic, with error:(pyodbc.DataError) ('22001', '[22001] [Microsoft][ODBC Driver 17 for SQL Server][SQL Server]String or binary data would be truncated. (8152) (SQLExecDirectW)')
[SQL: insert into records values('CC2Servicenummer','Belgrad','Nicht übermittelt','trz_hjovic',                                  '497112599990','','Nicht übermittelt','497112599990_Thursday, January 09, 2020_12:31:57 PM')]
(Background on this error at: http://sqlalche.me/e/9h9h)
Fri, 10 Jan 2020 08:27:14 - INFO - 123TV DB import
Fri, 10 Jan 2020 08:33:31 - INFO - Connect to DB
Fri, 10 Jan 2020 08:33:31 - INFO - TRIZMA DB import
Fri, 10 Jan 2020 08:33:31 - INFO - Failed on TRIZMA DB import at: 2020-01-10_08-22-47, for following calling party: 4915770591323, for agent id: trz_hjovic, with error:(pyodbc.DataError) ('22001', '[22001] [Microsoft][ODBC Driver 17 for SQL Server][SQL Server]String or binary data would be truncated. (8152) (SQLExecDirectW)')
[SQL: insert into records values('CC2Servicenummer','Belgrad','Nicht übermittelt','trz_hjovic',                                  '4915770591323','','Nicht übermittelt','4915770591323_Thursday, January 09, 2020_2:53:37 PM')]
(Background on this error at: http://sqlalche.me/e/9h9h)
Fri, 10 Jan 2020 08:33:31 - INFO - 123TV DB import
Fri, 10 Jan 2020 08:34:58 - INFO - Connect to DB
Fri, 10 Jan 2020 08:34:58 - INFO - TRIZMA DB import
Fri, 10 Jan 2020 08:34:58 - INFO - 123TV DB import
Fri, 10 Jan 2020 08:36:00 - INFO - Connect to DB
Fri, 10 Jan 2020 08:36:00 - INFO - TRIZMA DB import
Fri, 10 Jan 2020 08:36:00 - INFO - 123TV DB import
Fri, 10 Jan 2020 08:50:16 - INFO - Connect to DB
Fri, 10 Jan 2020 08:50:16 - INFO - TRIZMA DB import
Fri, 10 Jan 2020 08:50:16 - INFO - 123TV DB import
