Sat, 11 Jan 2020 11:38:59 - INFO - Connect to DB
Sat, 11 Jan 2020 11:38:59 - INFO - TRIZMA DB import
Sat, 11 Jan 2020 11:39:00 - INFO - Failed on TRIZMA DB import at: 2020-01-11_11-28-59, for following calling party: 4935232328986, for agent id: trz_madamovic, with error:(pyodbc.DataError) ('22001', '[22001] [Microsoft][ODBC Driver 17 for SQL Server][SQL Server]String or binary data would be truncated. (8152) (SQLExecDirectW)')
[SQL: insert into records values('CC2Servicenummer','Belgrad','Nicht 端bermittelt','trz_madamovic',                                  '4935232328986','','Nicht 端bermittelt','4935232328986_Tuesday, December 31, 2019_9:34:26 AM')]
(Background on this error at: http://sqlalche.me/e/9h9h)
Sat, 11 Jan 2020 11:39:00 - INFO - 123TV DB import
Sat, 11 Jan 2020 11:39:05 - INFO - Failed on 123TV DB import at: 2020-01-11_11-28-59, for following calling party: 4935232328986, for agent id: 3067, with error:Missing element acd_id (importCallMetaData.acd_id)
Sat, 11 Jan 2020 11:39:05 - INFO - Connect to DB
Sat, 11 Jan 2020 11:39:05 - INFO - TRIZMA DB import
Sat, 11 Jan 2020 11:39:05 - INFO - 123TV DB import
Sat, 11 Jan 2020 11:39:10 - INFO - Failed on 123TV DB import at: 2020-01-11_11-28-59, for following calling party: 499951602065, for agent id: 3067, with error:Missing element acd_id (importCallMetaData.acd_id)
Sat, 11 Jan 2020 11:39:11 - INFO - Connect to DB
Sat, 11 Jan 2020 11:39:11 - INFO - TRIZMA DB import
Sat, 11 Jan 2020 11:39:11 - INFO - Failed on TRIZMA DB import at: 2020-01-11_11-28-59, for following calling party: 4934299570016, for agent id: trz_madamovic, with error:(pyodbc.DataError) ('22001', '[22001] [Microsoft][ODBC Driver 17 for SQL Server][SQL Server]String or binary data would be truncated. (8152) (SQLExecDirectW)')
[SQL: insert into records values('CC2Servicenummer','Belgrad','Nicht 端bermittelt','trz_madamovic',                                  '4934299570016','','Nicht 端bermittelt','4934299570016_Tuesday, December 31, 2019_10:35:00 AM')]
(Background on this error at: http://sqlalche.me/e/9h9h)
Sat, 11 Jan 2020 11:39:11 - INFO - 123TV DB import
Sat, 11 Jan 2020 11:39:16 - INFO - Failed on 123TV DB import at: 2020-01-11_11-28-59, for following calling party: 4934299570016, for agent id: 3067, with error:Missing element acd_id (importCallMetaData.acd_id)
Sat, 11 Jan 2020 11:47:07 - INFO - Connect to DB
Sat, 11 Jan 2020 11:47:07 - INFO - TRIZMA DB import
Sat, 11 Jan 2020 11:47:07 - INFO - 123TV DB import
Sat, 11 Jan 2020 11:47:12 - INFO - Failed on 123TV DB import at: 2020-01-11_11-28-59, for following calling party: 49894312683, for agent id: 3046, with error:Missing element acd_id (importCallMetaData.acd_id)
