Wed, 08 Jan 2020 07:23:58 - INFO - Connect to DB
Wed, 08 Jan 2020 07:23:59 - INFO - TRIZMA DB import
Wed, 08 Jan 2020 07:23:59 - INFO - Failed on TRIZMA DB import at: 2020-01-08_07-16-33, for following calling party: 492431805934, for agent id: trz_madamovic, with error:(pyodbc.DataError) ('22001', '[22001] [Microsoft][ODBC Driver 17 for SQL Server][SQL Server]String or binary data would be truncated. (8152) (SQLExecDirectW)')
[SQL: insert into records values('CC2Servicenummer','Belgrad','Nicht übermittelt','trz_madamovic',                                  '492431805934','','Nicht übermittelt','492431805934_Thursday, December 26, 2019_12:37:05 PM')]
(Background on this error at: http://sqlalche.me/e/9h9h)
Wed, 08 Jan 2020 07:23:59 - INFO - 123TV DB import
Wed, 08 Jan 2020 07:24:04 - INFO - Failed on 123TV DB import at: 2020-01-08_07-16-33, for following calling party: 492431805934, for agent id: 3067, with error:Invalid XML content received (Start tag expected, '<' not found, line 1, column 1)
Wed, 08 Jan 2020 07:24:04 - INFO - Connect to DB
Wed, 08 Jan 2020 07:24:04 - INFO - TRIZMA DB import
Wed, 08 Jan 2020 07:24:04 - INFO - Failed on TRIZMA DB import at: 2020-01-08_07-16-33, for following calling party: 493658002547, for agent id: trz_madamovic, with error:(pyodbc.DataError) ('22001', '[22001] [Microsoft][ODBC Driver 17 for SQL Server][SQL Server]String or binary data would be truncated. (8152) (SQLExecDirectW)')
[SQL: insert into records values('CC2Servicenummer','Belgrad','Nicht übermittelt','trz_madamovic',                                  '493658002547','','Nicht übermittelt','493658002547_Thursday, December 26, 2019_2:26:10 PM')]
(Background on this error at: http://sqlalche.me/e/9h9h)
Wed, 08 Jan 2020 07:24:04 - INFO - 123TV DB import
Wed, 08 Jan 2020 07:24:09 - INFO - Failed on 123TV DB import at: 2020-01-08_07-16-33, for following calling party: 493658002547, for agent id: 3067, with error:Invalid XML content received (Start tag expected, '<' not found, line 1, column 1)
Wed, 08 Jan 2020 07:24:43 - INFO - Connect to DB
Wed, 08 Jan 2020 07:24:43 - INFO - TRIZMA DB import
Wed, 08 Jan 2020 07:24:43 - INFO - 123TV DB import
Wed, 08 Jan 2020 07:24:48 - INFO - Failed on 123TV DB import at: 2020-01-08_07-16-33, for following calling party: 49309815758, for agent id: 3067, with error:Invalid XML content received (Start tag expected, '<' not found, line 1, column 1)
Wed, 08 Jan 2020 07:25:10 - INFO - Connect to DB
Wed, 08 Jan 2020 07:25:10 - INFO - TRIZMA DB import
Wed, 08 Jan 2020 07:25:10 - INFO - 123TV DB import
Wed, 08 Jan 2020 07:25:16 - INFO - Failed on 123TV DB import at: 2020-01-08_07-16-33, for following calling party: 4972743934, for agent id: 3067, with error:Invalid XML content received (Start tag expected, '<' not found, line 1, column 1)
Wed, 08 Jan 2020 07:25:21 - INFO - Connect to DB
Wed, 08 Jan 2020 07:25:21 - INFO - TRIZMA DB import
Wed, 08 Jan 2020 07:25:22 - INFO - 123TV DB import
Wed, 08 Jan 2020 07:25:27 - INFO - Failed on 123TV DB import at: 2020-01-08_07-16-33, for following calling party: 491627602128, for agent id: 3067, with error:Invalid XML content received (Start tag expected, '<' not found, line 1, column 1)
Wed, 08 Jan 2020 07:25:58 - INFO - Connect to DB
Wed, 08 Jan 2020 07:25:58 - INFO - TRIZMA DB import
Wed, 08 Jan 2020 07:25:58 - INFO - 123TV DB import
Wed, 08 Jan 2020 07:26:03 - INFO - Failed on 123TV DB import at: 2020-01-08_07-16-33, for following calling party: 493445700104, for agent id: 3067, with error:Invalid XML content received (Start tag expected, '<' not found, line 1, column 1)
Wed, 08 Jan 2020 07:26:35 - INFO - Connect to DB
Wed, 08 Jan 2020 07:26:35 - INFO - TRIZMA DB import
Wed, 08 Jan 2020 07:26:35 - INFO - 123TV DB import
Wed, 08 Jan 2020 07:26:40 - INFO - Failed on 123TV DB import at: 2020-01-08_07-16-33, for following calling party: 492234933288, for agent id: 3067, with error:Invalid XML content received (Start tag expected, '<' not found, line 1, column 1)
Wed, 08 Jan 2020 07:28:26 - INFO - Connect to DB
Wed, 08 Jan 2020 07:28:26 - INFO - TRIZMA DB import
Wed, 08 Jan 2020 07:28:26 - INFO - 123TV DB import
Wed, 08 Jan 2020 07:28:31 - INFO - Failed on 123TV DB import at: 2020-01-08_07-16-33, for following calling party: 4987448234, for agent id: 3067, with error:Invalid XML content received (Start tag expected, '<' not found, line 1, column 1)
Wed, 08 Jan 2020 07:31:49 - INFO - Connect to DB
Wed, 08 Jan 2020 07:31:49 - INFO - TRIZMA DB import
Wed, 08 Jan 2020 07:31:49 - INFO - 123TV DB import
Wed, 08 Jan 2020 07:31:54 - INFO - Failed on 123TV DB import at: 2020-01-08_07-16-33, for following calling party: 49309353514, for agent id: 3067, with error:Invalid XML content received (Start tag expected, '<' not found, line 1, column 1)
Wed, 08 Jan 2020 07:33:06 - INFO - Connect to DB
Wed, 08 Jan 2020 07:33:06 - INFO - TRIZMA DB import
Wed, 08 Jan 2020 07:33:06 - INFO - 123TV DB import
Wed, 08 Jan 2020 07:33:11 - INFO - Failed on 123TV DB import at: 2020-01-08_07-16-33, for following calling party: 495706941033, for agent id: 3065, with error:Invalid XML content received (Start tag expected, '<' not found, line 1, column 1)
Wed, 08 Jan 2020 07:34:29 - INFO - Connect to DB
Wed, 08 Jan 2020 07:34:29 - INFO - TRIZMA DB import
Wed, 08 Jan 2020 07:34:29 - INFO - Failed on TRIZMA DB import at: 2020-01-08_07-16-33, for following calling party: 4937652324086, for agent id: trz_madamovic, with error:(pyodbc.DataError) ('22001', '[22001] [Microsoft][ODBC Driver 17 for SQL Server][SQL Server]String or binary data would be truncated. (8152) (SQLExecDirectW)')
[SQL: insert into records values('CC2Servicenummer','Belgrad','Nicht übermittelt','trz_madamovic',                                  '4937652324086','','Nicht übermittelt','4937652324086_Tuesday, December 31, 2019_12:11:04 PM')]
(Background on this error at: http://sqlalche.me/e/9h9h)
Wed, 08 Jan 2020 07:34:29 - INFO - 123TV DB import
Wed, 08 Jan 2020 07:34:34 - INFO - Failed on 123TV DB import at: 2020-01-08_07-16-33, for following calling party: 4937652324086, for agent id: 3067, with error:Invalid XML content received (Start tag expected, '<' not found, line 1, column 1)
Wed, 08 Jan 2020 07:36:54 - INFO - Connect to DB
Wed, 08 Jan 2020 07:36:54 - INFO - TRIZMA DB import
Wed, 08 Jan 2020 07:36:54 - INFO - 123TV DB import
Wed, 08 Jan 2020 07:36:59 - INFO - Failed on 123TV DB import at: 2020-01-08_07-16-33, for following calling party: 49803171118, for agent id: 3060, with error:Invalid XML content received (Start tag expected, '<' not found, line 1, column 1)
Wed, 08 Jan 2020 07:37:57 - INFO - Connect to DB
Wed, 08 Jan 2020 07:37:57 - INFO - TRIZMA DB import
Wed, 08 Jan 2020 07:37:57 - INFO - Failed on TRIZMA DB import at: 2020-01-08_07-16-33, for following calling party: 491773385254, for agent id: trz_sstankovic, with error:(pyodbc.DataError) ('22001', '[22001] [Microsoft][ODBC Driver 17 for SQL Server][SQL Server]String or binary data would be truncated. (8152) (SQLExecDirectW)')
[SQL: insert into records values('CC2Servicenummer','Belgrad','Nicht übermittelt','trz_sstankovic',                                  '491773385254','','Nicht übermittelt','491773385254_Tuesday, December 31, 2019_10:51:30 AM')]
(Background on this error at: http://sqlalche.me/e/9h9h)
Wed, 08 Jan 2020 07:37:57 - INFO - 123TV DB import
Wed, 08 Jan 2020 07:38:02 - INFO - Failed on 123TV DB import at: 2020-01-08_07-16-33, for following calling party: 491773385254, for agent id: 3046, with error:Invalid XML content received (Start tag expected, '<' not found, line 1, column 1)
Wed, 08 Jan 2020 07:42:33 - INFO - Connect to DB
Wed, 08 Jan 2020 07:42:33 - INFO - TRIZMA DB import
Wed, 08 Jan 2020 07:42:33 - INFO - 123TV DB import
Wed, 08 Jan 2020 07:42:38 - INFO - Failed on 123TV DB import at: 2020-01-08_07-16-33, for following calling party: 493504615210, for agent id: 3060, with error:Invalid XML content received (Start tag expected, '<' not found, line 1, column 1)
Wed, 08 Jan 2020 07:42:38 - INFO - Connect to DB
Wed, 08 Jan 2020 07:42:38 - INFO - TRIZMA DB import
Wed, 08 Jan 2020 07:42:39 - INFO - 123TV DB import
Wed, 08 Jan 2020 07:42:44 - INFO - Failed on 123TV DB import at: 2020-01-08_07-16-33, for following calling party: 491736272869, for agent id: 3060, with error:Invalid XML content received (Start tag expected, '<' not found, line 1, column 1)
Wed, 08 Jan 2020 07:42:49 - INFO - Connect to DB
Wed, 08 Jan 2020 07:42:49 - INFO - TRIZMA DB import
Wed, 08 Jan 2020 07:42:49 - INFO - 123TV DB import
Wed, 08 Jan 2020 07:42:55 - INFO - Failed on 123TV DB import at: 2020-01-08_07-16-33, for following calling party: 4915254622791, for agent id: 3060, with error:Invalid XML content received (Start tag expected, '<' not found, line 1, column 1)
Wed, 08 Jan 2020 07:42:55 - INFO - Connect to DB
Wed, 08 Jan 2020 07:42:55 - INFO - TRIZMA DB import
Wed, 08 Jan 2020 07:42:55 - INFO - 123TV DB import
Wed, 08 Jan 2020 07:43:00 - INFO - Failed on 123TV DB import at: 2020-01-08_07-16-33, for following calling party: 4917647697105, for agent id: 3060, with error:Invalid XML content received (Start tag expected, '<' not found, line 1, column 1)
Wed, 08 Jan 2020 07:43:01 - INFO - Connect to DB
Wed, 08 Jan 2020 07:43:01 - INFO - TRIZMA DB import
Wed, 08 Jan 2020 07:43:01 - INFO - 123TV DB import
Wed, 08 Jan 2020 07:43:06 - INFO - Failed on 123TV DB import at: 2020-01-08_07-16-33, for following calling party: 4939495145692, for agent id: 3060, with error:Invalid XML content received (Start tag expected, '<' not found, line 1, column 1)
Wed, 08 Jan 2020 07:46:02 - INFO - Connect to DB
Wed, 08 Jan 2020 07:46:02 - INFO - TRIZMA DB import
Wed, 08 Jan 2020 07:46:02 - INFO - 123TV DB import
Wed, 08 Jan 2020 07:46:07 - INFO - Failed on 123TV DB import at: 2020-01-08_07-16-33, for following calling party: 5555551234, for agent id: 3098, with error:Invalid XML content received (Start tag expected, '<' not found, line 1, column 1)
Wed, 08 Jan 2020 07:48:23 - INFO - Connect to DB
Wed, 08 Jan 2020 07:48:23 - INFO - TRIZMA DB import
Wed, 08 Jan 2020 07:48:23 - INFO - Failed on TRIZMA DB import at: 2020-01-08_07-16-33, for following calling party: 493670161228, for agent id: trz_sstankovic, with error:(pyodbc.DataError) ('22001', '[22001] [Microsoft][ODBC Driver 17 for SQL Server][SQL Server]String or binary data would be truncated. (8152) (SQLExecDirectW)')
[SQL: insert into records values('CC2Servicenummer','Belgrad','Nicht übermittelt','trz_sstankovic',                                  '493670161228','','Nicht übermittelt','493670161228_Tuesday, December 31, 2019_11:43:51 AM')]
(Background on this error at: http://sqlalche.me/e/9h9h)
Wed, 08 Jan 2020 07:48:23 - INFO - 123TV DB import
Wed, 08 Jan 2020 07:48:28 - INFO - Failed on 123TV DB import at: 2020-01-08_07-16-33, for following calling party: 493670161228, for agent id: 3046, with error:Invalid XML content received (Start tag expected, '<' not found, line 1, column 1)
Wed, 08 Jan 2020 07:48:35 - INFO - Connect to DB
Wed, 08 Jan 2020 07:48:36 - INFO - TRIZMA DB import
Wed, 08 Jan 2020 07:48:36 - INFO - 123TV DB import
Wed, 08 Jan 2020 07:48:41 - INFO - Failed on 123TV DB import at: 2020-01-08_07-16-33, for following calling party: 492161531617, for agent id: 3098, with error:Invalid XML content received (Start tag expected, '<' not found, line 1, column 1)
Wed, 08 Jan 2020 07:49:00 - INFO - Connect to DB
Wed, 08 Jan 2020 07:49:00 - INFO - TRIZMA DB import
Wed, 08 Jan 2020 07:49:00 - INFO - 123TV DB import
Wed, 08 Jan 2020 07:49:05 - INFO - Failed on 123TV DB import at: 2020-01-08_07-16-33, for following calling party: 491742021765, for agent id: 3046, with error:Invalid XML content received (Start tag expected, '<' not found, line 1, column 1)
Wed, 08 Jan 2020 07:54:22 - INFO - Connect to DB
Wed, 08 Jan 2020 07:54:22 - INFO - TRIZMA DB import
Wed, 08 Jan 2020 07:54:22 - INFO - 123TV DB import
Wed, 08 Jan 2020 07:54:27 - INFO - Failed on 123TV DB import at: 2020-01-08_07-16-33, for following calling party: 491772960215, for agent id: 3098, with error:Invalid XML content received (Start tag expected, '<' not found, line 1, column 1)
Wed, 08 Jan 2020 08:00:02 - INFO - Connect to DB
Wed, 08 Jan 2020 08:00:02 - INFO - TRIZMA DB import
Wed, 08 Jan 2020 08:00:02 - INFO - 123TV DB import
Wed, 08 Jan 2020 08:00:07 - INFO - Failed on 123TV DB import at: 2020-01-08_07-16-33, for following calling party: 493738271876, for agent id: 3067, with error:Invalid XML content received (Start tag expected, '<' not found, line 1, column 1)
Wed, 08 Jan 2020 08:05:28 - INFO - Connect to DB
Wed, 08 Jan 2020 08:05:28 - INFO - TRIZMA DB import
Wed, 08 Jan 2020 08:05:28 - INFO - Failed on TRIZMA DB import at: 2020-01-08_07-16-33, for following calling party: 4917621553437, for agent id: trz_madamovic, with error:(pyodbc.DataError) ('22001', '[22001] [Microsoft][ODBC Driver 17 for SQL Server][SQL Server]String or binary data would be truncated. (8152) (SQLExecDirectW)')
[SQL: insert into records values('CC2Servicenummer','Belgrad','Nicht übermittelt','trz_madamovic',                                  '4917621553437','','Nicht übermittelt','4917621553437_Wednesday, January 01, 2020_1:02:04 PM')]
(Background on this error at: http://sqlalche.me/e/9h9h)
Wed, 08 Jan 2020 08:05:28 - INFO - 123TV DB import
Wed, 08 Jan 2020 08:05:33 - INFO - Failed on 123TV DB import at: 2020-01-08_07-16-33, for following calling party: 4917621553437, for agent id: 3067, with error:Invalid XML content received (Start tag expected, '<' not found, line 1, column 1)
Wed, 08 Jan 2020 08:09:28 - INFO - Connect to DB
Wed, 08 Jan 2020 08:09:28 - INFO - TRIZMA DB import
Wed, 08 Jan 2020 08:09:28 - INFO - 123TV DB import
Wed, 08 Jan 2020 08:09:33 - INFO - Failed on 123TV DB import at: 2020-01-08_07-16-33, for following calling party: 49406551678, for agent id: 3046, with error:Invalid XML content received (Start tag expected, '<' not found, line 1, column 1)
Wed, 08 Jan 2020 08:10:16 - INFO - Connect to DB
Wed, 08 Jan 2020 08:10:16 - INFO - TRIZMA DB import
Wed, 08 Jan 2020 08:10:16 - INFO - 123TV DB import
Wed, 08 Jan 2020 08:10:21 - INFO - Failed on 123TV DB import at: 2020-01-08_07-16-33, for following calling party: 4915111580982, for agent id: 3098, with error:Invalid XML content received (Start tag expected, '<' not found, line 1, column 1)
Wed, 08 Jan 2020 08:10:22 - INFO - Connect to DB
Wed, 08 Jan 2020 08:10:22 - INFO - TRIZMA DB import
Wed, 08 Jan 2020 08:10:22 - INFO - 123TV DB import
Wed, 08 Jan 2020 08:10:27 - INFO - Failed on 123TV DB import at: 2020-01-08_07-16-33, for following calling party: 4934482536, for agent id: 3098, with error:Invalid XML content received (Start tag expected, '<' not found, line 1, column 1)
Wed, 08 Jan 2020 08:11:25 - INFO - Connect to DB
Wed, 08 Jan 2020 08:11:25 - INFO - TRIZMA DB import
Wed, 08 Jan 2020 08:11:25 - INFO - Failed on TRIZMA DB import at: 2020-01-08_07-16-33, for following calling party: 496331230999, for agent id: trz_madamovic, with error:(pyodbc.DataError) ('22001', '[22001] [Microsoft][ODBC Driver 17 for SQL Server][SQL Server]String or binary data would be truncated. (8152) (SQLExecDirectW)')
[SQL: insert into records values('CC2Servicenummer','Belgrad','Nicht übermittelt','trz_madamovic',                                  '496331230999','','Nicht übermittelt','496331230999_Wednesday, January 01, 2020_6:43:57 PM')]
(Background on this error at: http://sqlalche.me/e/9h9h)
Wed, 08 Jan 2020 08:11:25 - INFO - 123TV DB import
Wed, 08 Jan 2020 08:11:30 - INFO - Failed on 123TV DB import at: 2020-01-08_07-16-33, for following calling party: 496331230999, for agent id: 3067, with error:Invalid XML content received (Start tag expected, '<' not found, line 1, column 1)
Wed, 08 Jan 2020 08:11:36 - INFO - Connect to DB
Wed, 08 Jan 2020 08:11:36 - INFO - TRIZMA DB import
Wed, 08 Jan 2020 08:11:37 - INFO - Failed on TRIZMA DB import at: 2020-01-08_07-16-33, for following calling party: 4938218898616, for agent id: trz_madamovic, with error:(pyodbc.DataError) ('22001', '[22001] [Microsoft][ODBC Driver 17 for SQL Server][SQL Server]String or binary data would be truncated. (8152) (SQLExecDirectW)')
[SQL: insert into records values('CC2Servicenummer','Belgrad','Nicht übermittelt','trz_madamovic',                                  '4938218898616','','Nicht übermittelt','4938218898616_Thursday, January 02, 2020_12:47:51 PM')]
(Background on this error at: http://sqlalche.me/e/9h9h)
Wed, 08 Jan 2020 08:11:37 - INFO - 123TV DB import
Wed, 08 Jan 2020 08:11:42 - INFO - Failed on 123TV DB import at: 2020-01-08_07-16-33, for following calling party: 4938218898616, for agent id: 3067, with error:Invalid XML content received (Start tag expected, '<' not found, line 1, column 1)
Wed, 08 Jan 2020 08:11:58 - INFO - Connect to DB
Wed, 08 Jan 2020 08:11:58 - INFO - TRIZMA DB import
Wed, 08 Jan 2020 08:11:58 - INFO - Failed on TRIZMA DB import at: 2020-01-08_07-16-33, for following calling party: 496722409005, for agent id: trz_sstankovic, with error:(pyodbc.DataError) ('22001', '[22001] [Microsoft][ODBC Driver 17 for SQL Server][SQL Server]String or binary data would be truncated. (8152) (SQLExecDirectW)')
[SQL: insert into records values('CC2Servicenummer','Belgrad','Nicht übermittelt','trz_sstankovic',                                  '496722409005','','Nicht übermittelt','496722409005_Thursday, January 02, 2020_10:24:01 AM')]
(Background on this error at: http://sqlalche.me/e/9h9h)
Wed, 08 Jan 2020 08:11:58 - INFO - 123TV DB import
Wed, 08 Jan 2020 08:12:03 - INFO - Failed on 123TV DB import at: 2020-01-08_07-16-33, for following calling party: 496722409005, for agent id: 3046, with error:Invalid XML content received (Start tag expected, '<' not found, line 1, column 1)
Wed, 08 Jan 2020 08:12:55 - INFO - Connect to DB
Wed, 08 Jan 2020 08:12:55 - INFO - TRIZMA DB import
Wed, 08 Jan 2020 08:12:55 - INFO - 123TV DB import
Wed, 08 Jan 2020 08:13:00 - INFO - Failed on 123TV DB import at: 2020-01-08_07-16-33, for following calling party: 496172390245, for agent id: 3067, with error:Invalid XML content received (Start tag expected, '<' not found, line 1, column 1)
Wed, 08 Jan 2020 08:13:56 - INFO - Connect to DB
Wed, 08 Jan 2020 08:13:56 - INFO - TRIZMA DB import
Wed, 08 Jan 2020 08:13:56 - INFO - Failed on TRIZMA DB import at: 2020-01-08_07-16-33, for following calling party: 4971368304261, for agent id: trz_madamovic, with error:(pyodbc.DataError) ('22001', '[22001] [Microsoft][ODBC Driver 17 for SQL Server][SQL Server]String or binary data would be truncated. (8152) (SQLExecDirectW)')
[SQL: insert into records values('CC2Servicenummer','Belgrad','Nicht übermittelt','trz_madamovic',                                  '4971368304261','','Nicht übermittelt','4971368304261_Thursday, January 02, 2020_7:39:23 PM')]
(Background on this error at: http://sqlalche.me/e/9h9h)
Wed, 08 Jan 2020 08:13:56 - INFO - 123TV DB import
Wed, 08 Jan 2020 08:14:01 - INFO - Failed on 123TV DB import at: 2020-01-08_07-16-33, for following calling party: 4971368304261, for agent id: 3067, with error:Invalid XML content received (Start tag expected, '<' not found, line 1, column 1)
Wed, 08 Jan 2020 08:16:39 - INFO - Connect to DB
Wed, 08 Jan 2020 08:16:39 - INFO - TRIZMA DB import
Wed, 08 Jan 2020 08:16:39 - INFO - 123TV DB import
Wed, 08 Jan 2020 08:16:44 - INFO - Failed on 123TV DB import at: 2020-01-08_07-16-33, for following calling party: 49410668681, for agent id: 3098, with error:Invalid XML content received (Start tag expected, '<' not found, line 1, column 1)
Wed, 08 Jan 2020 08:19:22 - INFO - Connect to DB
Wed, 08 Jan 2020 08:19:22 - INFO - TRIZMA DB import
Wed, 08 Jan 2020 08:19:22 - INFO - 123TV DB import
Wed, 08 Jan 2020 08:19:27 - INFO - Failed on 123TV DB import at: 2020-01-08_07-16-33, for following calling party: 4995718564, for agent id: 3067, with error:Invalid XML content received (Start tag expected, '<' not found, line 1, column 1)
Wed, 08 Jan 2020 08:19:38 - INFO - Connect to DB
Wed, 08 Jan 2020 08:19:38 - INFO - TRIZMA DB import
Wed, 08 Jan 2020 08:19:38 - INFO - 123TV DB import
Wed, 08 Jan 2020 08:19:43 - INFO - Failed on 123TV DB import at: 2020-01-08_07-16-33, for following calling party: 4944217495722, for agent id: 3067, with error:Invalid XML content received (Start tag expected, '<' not found, line 1, column 1)
