Wed, 22 Jan 2020 11:53:01 - INFO - Connect to DB
Wed, 22 Jan 2020 11:53:01 - INFO - TRIZMA DB import
Wed, 22 Jan 2020 11:53:01 - INFO - Failed on TRIZMA DB import at: 2020-01-22_11-48-03, for following calling party: 49715162349, for agent id: trz_divankovic, with error:(pyodbc.DataError) ('22001', '[22001] [Microsoft][ODBC Driver 17 for SQL Server][SQL Server]String or binary data would be truncated. (8152) (SQLExecDirectW)')
[SQL: insert into records values('CC2Servicenummer','Belgrad','Nicht übermittelt','trz_divankovic',                                 '49715162349','','Nicht übermittelt','49715162349_Wednesday, January 22, 2020_12:52:53 PM','DUS_IVANKO')]
(Background on this error at: http://sqlalche.me/e/9h9h)
Wed, 22 Jan 2020 11:53:01 - INFO - 123TV DB import
Wed, 22 Jan 2020 11:55:04 - INFO - Connect to DB
Wed, 22 Jan 2020 11:55:04 - INFO - TRIZMA DB import
Wed, 22 Jan 2020 11:55:04 - INFO - Failed on TRIZMA DB import at: 2020-01-22_11-48-03, for following calling party: 491705210043, for agent id: trz_sstankovic, with error:(pyodbc.DataError) ('22001', '[22001] [Microsoft][ODBC Driver 17 for SQL Server][SQL Server]String or binary data would be truncated. (8152) (SQLExecDirectW)')
[SQL: insert into records values('CC2Servicenummer','Belgrad','Nicht übermittelt','trz_sstankovic',                                 '491705210043','','Nicht übermittelt','491705210043_Wednesday, January 22, 2020_12:55:01 PM','SAR_STANKO')]
(Background on this error at: http://sqlalche.me/e/9h9h)
Wed, 22 Jan 2020 11:55:04 - INFO - 123TV DB import
Wed, 22 Jan 2020 11:55:15 - INFO - Connect to DB
Wed, 22 Jan 2020 11:55:15 - INFO - TRIZMA DB import
Wed, 22 Jan 2020 11:55:15 - INFO - Failed on TRIZMA DB import at: 2020-01-22_11-48-03, for following calling party: 491741802496, for agent id: trz_asilni, with error:(pyodbc.DataError) ('22001', '[22001] [Microsoft][ODBC Driver 17 for SQL Server][SQL Server]String or binary data would be truncated. (8152) (SQLExecDirectW)')
[SQL: insert into records values('CC2Servicenummer','Belgrad','Nicht übermittelt','trz_asilni',                                 '491741802496','','Nicht übermittelt','491741802496_Wednesday, January 22, 2020_12:55:11 PM','ANA_SILNI')]
(Background on this error at: http://sqlalche.me/e/9h9h)
Wed, 22 Jan 2020 11:55:15 - INFO - 123TV DB import
Wed, 22 Jan 2020 11:56:55 - INFO - Connect to DB
Wed, 22 Jan 2020 11:56:55 - INFO - TRIZMA DB import
Wed, 22 Jan 2020 11:56:55 - INFO - 123TV DB import
Wed, 22 Jan 2020 12:00:45 - INFO - Connect to DB
Wed, 22 Jan 2020 12:00:45 - INFO - TRIZMA DB import
Wed, 22 Jan 2020 12:00:45 - INFO - 123TV DB import
Wed, 22 Jan 2020 12:08:09 - INFO - Connect to DB
Wed, 22 Jan 2020 12:08:09 - INFO - TRIZMA DB import
Wed, 22 Jan 2020 12:08:09 - INFO - Failed on TRIZMA DB import at: 2020-01-22_11-48-03, for following calling party: 491751612317, for agent id: trz_hjovic, with error:(pyodbc.DataError) ('22001', '[22001] [Microsoft][ODBC Driver 17 for SQL Server][SQL Server]String or binary data would be truncated. (8152) (SQLExecDirectW)')
[SQL: insert into records values('CC2Servicenummer','Belgrad','Nicht übermittelt','trz_hjovic',                                 '491751612317','','Nicht übermittelt','491751612317_Wednesday, January 22, 2020_1:08:04 PM','HRI_JOVIC')]
(Background on this error at: http://sqlalche.me/e/9h9h)
Wed, 22 Jan 2020 12:08:09 - INFO - 123TV DB import
Wed, 22 Jan 2020 12:12:45 - INFO - Connect to DB
Wed, 22 Jan 2020 12:12:45 - INFO - TRIZMA DB import
Wed, 22 Jan 2020 12:12:45 - INFO - Failed on TRIZMA DB import at: 2020-01-22_11-48-03, for following calling party: 4917622747257, for agent id: trz_asilni, with error:(pyodbc.DataError) ('22001', '[22001] [Microsoft][ODBC Driver 17 for SQL Server][SQL Server]String or binary data would be truncated. (8152) (SQLExecDirectW)')
[SQL: insert into records values('CC2Servicenummer','Belgrad','Nicht übermittelt','trz_asilni',                                 '4917622747257','','Nicht übermittelt','4917622747257_Saturday, January 18, 2020_1:01:14 PM','ANA_SILNI')]
(Background on this error at: http://sqlalche.me/e/9h9h)
Wed, 22 Jan 2020 12:12:45 - INFO - 123TV DB import
