Thu, 16 Jan 2020 11:39:05 - INFO - Connect to DB
Thu, 16 Jan 2020 11:39:05 - INFO - TRIZMA DB import
Thu, 16 Jan 2020 11:39:05 - INFO - 123TV DB import
Thu, 16 Jan 2020 11:47:34 - INFO - Connect to DB
Thu, 16 Jan 2020 11:47:34 - INFO - TRIZMA DB import
Thu, 16 Jan 2020 11:47:34 - INFO - Failed on TRIZMA DB import at: 2020-01-16_11-36-23, for following calling party: 4967012003895, for agent id: trz_memetovic, with error:(pyodbc.DataError) ('22001', '[22001] [Microsoft][ODBC Driver 17 for SQL Server][SQL Server]String or binary data would be truncated. (8152) (SQLExecDirectW)')
[SQL: insert into records values('CC2Servicenummer','Belgrad','Nicht übermittelt','trz_memetovic',                                 '4967012003895','','Nicht übermittelt','4967012003895_Thursday, January 16, 2020_12:47:31 PM','KEN_MEMETO')]
(Background on this error at: http://sqlalche.me/e/9h9h)
Thu, 16 Jan 2020 11:47:34 - INFO - 123TV DB import
Thu, 16 Jan 2020 11:48:00 - INFO - Connect to DB
Thu, 16 Jan 2020 11:48:00 - INFO - TRIZMA DB import
Thu, 16 Jan 2020 11:48:00 - INFO - 123TV DB import
Thu, 16 Jan 2020 11:48:51 - INFO - Connect to DB
Thu, 16 Jan 2020 11:48:51 - INFO - TRIZMA DB import
Thu, 16 Jan 2020 11:48:52 - INFO - 123TV DB import
Thu, 16 Jan 2020 11:50:43 - INFO - Connect to DB
Thu, 16 Jan 2020 11:50:43 - INFO - TRIZMA DB import
Thu, 16 Jan 2020 11:50:43 - INFO - 123TV DB import
Thu, 16 Jan 2020 11:53:57 - INFO - Connect to DB
Thu, 16 Jan 2020 11:53:57 - INFO - TRIZMA DB import
Thu, 16 Jan 2020 11:53:57 - INFO - 123TV DB import
Thu, 16 Jan 2020 11:54:30 - INFO - Connect to DB
Thu, 16 Jan 2020 11:54:30 - INFO - TRIZMA DB import
Thu, 16 Jan 2020 11:54:30 - INFO - Failed on TRIZMA DB import at: 2020-01-16_11-36-23, for following calling party: 493631902696, for agent id: trz_memetovic, with error:(pyodbc.DataError) ('22001', '[22001] [Microsoft][ODBC Driver 17 for SQL Server][SQL Server]String or binary data would be truncated. (8152) (SQLExecDirectW)')
[SQL: insert into records values('CC2Servicenummer','Belgrad','Nicht übermittelt','trz_memetovic',                                 '493631902696','','Nicht übermittelt','493631902696_Thursday, January 16, 2020_12:54:23 PM','KEN_MEMETO')]
(Background on this error at: http://sqlalche.me/e/9h9h)
Thu, 16 Jan 2020 11:54:30 - INFO - 123TV DB import
Thu, 16 Jan 2020 11:58:02 - INFO - Connect to DB
Thu, 16 Jan 2020 11:58:02 - INFO - TRIZMA DB import
Thu, 16 Jan 2020 11:58:02 - INFO - Failed on TRIZMA DB import at: 2020-01-16_11-36-23, for following calling party: 4970314921393, for agent id: trz_hjovic, with error:(pyodbc.DataError) ('22001', '[22001] [Microsoft][ODBC Driver 17 for SQL Server][SQL Server]String or binary data would be truncated. (8152) (SQLExecDirectW)')
[SQL: insert into records values('CC2Servicenummer','Belgrad','Nicht übermittelt','trz_hjovic',                                 '4970314921393','','Nicht übermittelt','4970314921393_Thursday, January 16, 2020_12:58:01 PM','HRI_JOVIC')]
(Background on this error at: http://sqlalche.me/e/9h9h)
Thu, 16 Jan 2020 11:58:02 - INFO - 123TV DB import
Thu, 16 Jan 2020 12:00:31 - INFO - Connect to DB
Thu, 16 Jan 2020 12:00:31 - INFO - TRIZMA DB import
Thu, 16 Jan 2020 12:00:31 - INFO - 123TV DB import
Thu, 16 Jan 2020 12:03:19 - INFO - Connect to DB
Thu, 16 Jan 2020 12:03:19 - INFO - TRIZMA DB import
Thu, 16 Jan 2020 12:03:19 - INFO - 123TV DB import
Thu, 16 Jan 2020 12:05:38 - INFO - Connect to DB
Thu, 16 Jan 2020 12:05:38 - INFO - TRIZMA DB import
Thu, 16 Jan 2020 12:05:38 - INFO - Failed on TRIZMA DB import at: 2020-01-16_11-36-23, for following calling party: 4915901668080, for agent id: trz_madamovic, with error:(pyodbc.DataError) ('22001', '[22001] [Microsoft][ODBC Driver 17 for SQL Server][SQL Server]String or binary data would be truncated. (8152) (SQLExecDirectW)')
[SQL: insert into records values('CC2Servicenummer','Belgrad','Nicht übermittelt','trz_madamovic',                                 '4915901668080','','Nicht übermittelt','4915901668080_Thursday, January 16, 2020_1:05:34 PM','MIL_ADAMOV')]
(Background on this error at: http://sqlalche.me/e/9h9h)
Thu, 16 Jan 2020 12:05:38 - INFO - 123TV DB import
