Sat, 11 Jan 2020 11:20:47 - INFO - Connect to DB
Sat, 11 Jan 2020 11:20:47 - INFO - TRIZMA DB import
Sat, 11 Jan 2020 11:20:47 - INFO - 123TV DB import
Sat, 11 Jan 2020 11:20:52 - INFO - Failed on 123TV DB import at: 2020-01-11_11-20-25, for following calling party: 49413150871, for agent id: 3155, with error:Missing element acd_id (importCallMetaData.acd_id)
Sat, 11 Jan 2020 11:21:33 - INFO - Connect to DB
Sat, 11 Jan 2020 11:21:33 - INFO - TRIZMA DB import
Sat, 11 Jan 2020 11:21:33 - INFO - 123TV DB import
Sat, 11 Jan 2020 11:21:38 - INFO - Failed on 123TV DB import at: 2020-01-11_11-20-25, for following calling party: 4951179091522, for agent id: 3067, with error:Missing element acd_id (importCallMetaData.acd_id)
Sat, 11 Jan 2020 11:22:50 - INFO - Connect to DB
Sat, 11 Jan 2020 11:22:50 - INFO - TRIZMA DB import
Sat, 11 Jan 2020 11:22:50 - INFO - 123TV DB import
Sat, 11 Jan 2020 11:22:55 - INFO - Failed on 123TV DB import at: 2020-01-11_11-20-25, for following calling party: 491789729845, for agent id: 3067, with error:Missing element acd_id (importCallMetaData.acd_id)
Sat, 11 Jan 2020 11:24:02 - INFO - Connect to DB
Sat, 11 Jan 2020 11:24:02 - INFO - TRIZMA DB import
Sat, 11 Jan 2020 11:24:02 - INFO - 123TV DB import
Sat, 11 Jan 2020 11:24:07 - INFO - Failed on 123TV DB import at: 2020-01-11_11-20-25, for following calling party: 496452911788, for agent id: 3067, with error:Missing element acd_id (importCallMetaData.acd_id)
Sat, 11 Jan 2020 11:24:24 - INFO - Connect to DB
Sat, 11 Jan 2020 11:24:24 - INFO - TRIZMA DB import
Sat, 11 Jan 2020 11:24:24 - INFO - Failed on TRIZMA DB import at: 2020-01-11_11-20-25, for following calling party: 4936866183299, for agent id: trz_divankovic, with error:(pyodbc.DataError) ('22001', '[22001] [Microsoft][ODBC Driver 17 for SQL Server][SQL Server]String or binary data would be truncated. (8152) (SQLExecDirectW)')
[SQL: insert into records values('CC2Servicenummer','Belgrad','Nicht 端bermittelt','trz_divankovic',                                  '4936866183299','','Nicht 端bermittelt','4936866183299_Saturday, January 11, 2020_12:24:21 PM')]
(Background on this error at: http://sqlalche.me/e/9h9h)
Sat, 11 Jan 2020 11:24:24 - INFO - 123TV DB import
Sat, 11 Jan 2020 11:24:29 - INFO - Failed on 123TV DB import at: 2020-01-11_11-20-25, for following calling party: 4936866183299, for agent id: 3019, with error:Missing element acd_id (importCallMetaData.acd_id)
Sat, 11 Jan 2020 11:24:30 - INFO - Connect to DB
Sat, 11 Jan 2020 11:24:30 - INFO - TRIZMA DB import
Sat, 11 Jan 2020 11:24:30 - INFO - Failed on TRIZMA DB import at: 2020-01-11_11-20-25, for following calling party: 4973629237090, for agent id: trz_tjurjevic, with error:(pyodbc.DataError) ('22001', '[22001] [Microsoft][ODBC Driver 17 for SQL Server][SQL Server]String or binary data would be truncated. (8152) (SQLExecDirectW)')
[SQL: insert into records values('CC2Servicenummer','Belgrad','Nicht 端bermittelt','trz_tjurjevic',                                  '4973629237090','','Nicht 端bermittelt','4973629237090_Saturday, January 11, 2020_12:24:28 PM')]
(Background on this error at: http://sqlalche.me/e/9h9h)
Sat, 11 Jan 2020 11:24:30 - INFO - 123TV DB import
Sat, 11 Jan 2020 11:24:35 - INFO - Failed on 123TV DB import at: 2020-01-11_11-20-25, for following calling party: 4973629237090, for agent id: 3105, with error:Missing element acd_id (importCallMetaData.acd_id)
