Thu, 09 Jan 2020 14:30:14 - INFO - Connect to DB
Thu, 09 Jan 2020 14:30:15 - INFO - TRIZMA DB import
Thu, 09 Jan 2020 14:30:15 - INFO - 123TV DB import
Thu, 09 Jan 2020 14:35:15 - INFO - Connect to DB
Thu, 09 Jan 2020 14:35:15 - INFO - TRIZMA DB import
Thu, 09 Jan 2020 14:35:15 - INFO - 123TV DB import
Thu, 09 Jan 2020 14:41:02 - INFO - Connect to DB
Thu, 09 Jan 2020 14:41:02 - INFO - TRIZMA DB import
Thu, 09 Jan 2020 14:41:02 - INFO - 123TV DB import
Thu, 09 Jan 2020 14:41:12 - INFO - Connect to DB
Thu, 09 Jan 2020 14:41:12 - INFO - TRIZMA DB import
Thu, 09 Jan 2020 14:41:12 - INFO - 123TV DB import
Thu, 09 Jan 2020 14:42:17 - INFO - Connect to DB
Thu, 09 Jan 2020 14:42:17 - INFO - TRIZMA DB import
Thu, 09 Jan 2020 14:42:18 - INFO - 123TV DB import
Thu, 09 Jan 2020 14:48:55 - INFO - Connect to DB
Thu, 09 Jan 2020 14:48:55 - INFO - TRIZMA DB import
Thu, 09 Jan 2020 14:48:55 - INFO - 123TV DB import
Thu, 09 Jan 2020 14:49:07 - INFO - Connect to DB
Thu, 09 Jan 2020 14:49:07 - INFO - TRIZMA DB import
Thu, 09 Jan 2020 14:49:08 - INFO - 123TV DB import
Thu, 09 Jan 2020 14:49:33 - INFO - Connect to DB
Thu, 09 Jan 2020 14:49:33 - INFO - TRIZMA DB import
Thu, 09 Jan 2020 14:49:33 - INFO - 123TV DB import
Thu, 09 Jan 2020 14:50:04 - INFO - Connect to DB
Thu, 09 Jan 2020 14:50:04 - INFO - TRIZMA DB import
Thu, 09 Jan 2020 14:50:04 - INFO - Failed on TRIZMA DB import at: 2020-01-09_14-23-36, for following calling party: 4991193769222, for agent id: trz_bmaksimovic, with error:(pyodbc.DataError) ('22001', '[22001] [Microsoft][ODBC Driver 17 for SQL Server][SQL Server]String or binary data would be truncated. (8152) (SQLExecDirectW)')
[SQL: insert into records values('CC2Servicenummer','Belgrad','Nicht übermittelt','trz_bmaksimovic',                                  '4991193769222','','Nicht übermittelt','4991193769222_Wednesday, January 8, 2020_2:11:31 PM')]
(Background on this error at: http://sqlalche.me/e/9h9h)
Thu, 09 Jan 2020 14:50:04 - INFO - 123TV DB import
