Fri, 03 Jan 2020 07:20:28 - INFO - Connect to DB
Fri, 03 Jan 2020 07:20:28 - INFO - TRIZMA DB import
Fri, 03 Jan 2020 07:20:28 - INFO - Failed on TRIZMA DB import at: 2020-01-03_07-18-46, for following calling party: 4917624393934, for agent id: trz_sstankovic, with error:(pyodbc.DataError) ('22001', '[22001] [Microsoft][ODBC Driver 17 for SQL Server][SQL Server]String or binary data would be truncated. (8152) (SQLExecDirectW)')
[SQL: insert into records values('CC2Servicenummer','Belgrad','Nicht übermittelt','trz_sstankovic',                                  '4917624393934','','Nicht übermittelt','4917624393934_Tuesday, December 31, 2019_10:14:26 AM')]
(Background on this error at: http://sqlalche.me/e/9h9h)
Fri, 03 Jan 2020 07:20:28 - INFO - 123TV DB import
Fri, 03 Jan 2020 07:20:34 - INFO - Connect to DB
Fri, 03 Jan 2020 07:20:34 - INFO - TRIZMA DB import
Fri, 03 Jan 2020 07:20:34 - INFO - 123TV DB import
Fri, 03 Jan 2020 07:20:46 - INFO - Connect to DB
Fri, 03 Jan 2020 07:20:46 - INFO - TRIZMA DB import
Fri, 03 Jan 2020 07:20:46 - INFO - 123TV DB import
Fri, 03 Jan 2020 07:20:54 - INFO - Connect to DB
Fri, 03 Jan 2020 07:20:54 - INFO - TRIZMA DB import
Fri, 03 Jan 2020 07:20:54 - INFO - 123TV DB import
Fri, 03 Jan 2020 07:21:42 - INFO - Connect to DB
Fri, 03 Jan 2020 07:21:42 - INFO - TRIZMA DB import
Fri, 03 Jan 2020 07:21:42 - INFO - 123TV DB import
Fri, 03 Jan 2020 07:22:05 - INFO - Connect to DB
Fri, 03 Jan 2020 07:22:05 - INFO - TRIZMA DB import
Fri, 03 Jan 2020 07:22:05 - INFO - 123TV DB import
Fri, 03 Jan 2020 07:22:32 - INFO - Connect to DB
Fri, 03 Jan 2020 07:22:32 - INFO - TRIZMA DB import
Fri, 03 Jan 2020 07:22:32 - INFO - 123TV DB import
Fri, 03 Jan 2020 07:23:03 - INFO - Connect to DB
Fri, 03 Jan 2020 07:23:03 - INFO - TRIZMA DB import
Fri, 03 Jan 2020 07:23:03 - INFO - 123TV DB import
Fri, 03 Jan 2020 07:23:09 - INFO - Connect to DB
Fri, 03 Jan 2020 07:23:09 - INFO - TRIZMA DB import
Fri, 03 Jan 2020 07:23:09 - INFO - 123TV DB import
Fri, 03 Jan 2020 07:24:21 - INFO - Connect to DB
Fri, 03 Jan 2020 07:24:21 - INFO - TRIZMA DB import
Fri, 03 Jan 2020 07:24:21 - INFO - 123TV DB import
Fri, 03 Jan 2020 07:24:31 - INFO - Connect to DB
Fri, 03 Jan 2020 07:24:31 - INFO - TRIZMA DB import
Fri, 03 Jan 2020 07:24:31 - INFO - 123TV DB import
Fri, 03 Jan 2020 07:25:15 - INFO - Connect to DB
Fri, 03 Jan 2020 07:25:15 - INFO - TRIZMA DB import
Fri, 03 Jan 2020 07:25:15 - INFO - 123TV DB import
Fri, 03 Jan 2020 07:25:59 - INFO - Connect to DB
Fri, 03 Jan 2020 07:25:59 - INFO - TRIZMA DB import
Fri, 03 Jan 2020 07:25:59 - INFO - 123TV DB import
Fri, 03 Jan 2020 07:26:57 - INFO - Connect to DB
Fri, 03 Jan 2020 07:26:57 - INFO - TRIZMA DB import
Fri, 03 Jan 2020 07:26:57 - INFO - 123TV DB import
Fri, 03 Jan 2020 07:27:25 - INFO - Connect to DB
Fri, 03 Jan 2020 07:27:25 - INFO - TRIZMA DB import
Fri, 03 Jan 2020 07:27:26 - INFO - 123TV DB import
Fri, 03 Jan 2020 07:28:59 - INFO - Connect to DB
Fri, 03 Jan 2020 07:28:59 - INFO - TRIZMA DB import
Fri, 03 Jan 2020 07:28:59 - INFO - 123TV DB import
Fri, 03 Jan 2020 07:30:26 - INFO - Connect to DB
Fri, 03 Jan 2020 07:30:26 - INFO - TRIZMA DB import
Fri, 03 Jan 2020 07:30:26 - INFO - 123TV DB import
Fri, 03 Jan 2020 07:30:52 - INFO - Connect to DB
Fri, 03 Jan 2020 07:30:52 - INFO - TRIZMA DB import
Fri, 03 Jan 2020 07:30:52 - INFO - 123TV DB import
Fri, 03 Jan 2020 07:31:18 - INFO - Connect to DB
Fri, 03 Jan 2020 07:31:18 - INFO - TRIZMA DB import
Fri, 03 Jan 2020 07:31:18 - INFO - Failed on TRIZMA DB import at: 2020-01-03_07-18-46, for following calling party: 491784934677, for agent id: trz_sstankovic, with error:(pyodbc.DataError) ('22001', '[22001] [Microsoft][ODBC Driver 17 for SQL Server][SQL Server]String or binary data would be truncated. (8152) (SQLExecDirectW)')
[SQL: insert into records values('CC2Servicenummer','Belgrad','Nicht übermittelt','trz_sstankovic',                                  '491784934677','','Nicht übermittelt','491784934677_Thursday, January 02, 2020_10:15:26 AM')]
(Background on this error at: http://sqlalche.me/e/9h9h)
Fri, 03 Jan 2020 07:31:18 - INFO - 123TV DB import
Fri, 03 Jan 2020 07:32:24 - INFO - Connect to DB
Fri, 03 Jan 2020 07:32:24 - INFO - TRIZMA DB import
Fri, 03 Jan 2020 07:32:24 - INFO - 123TV DB import
Fri, 03 Jan 2020 07:33:11 - INFO - Connect to DB
Fri, 03 Jan 2020 07:33:11 - INFO - TRIZMA DB import
Fri, 03 Jan 2020 07:33:11 - INFO - 123TV DB import
Fri, 03 Jan 2020 07:39:06 - INFO - Connect to DB
Fri, 03 Jan 2020 07:39:06 - INFO - TRIZMA DB import
Fri, 03 Jan 2020 07:39:06 - INFO - 123TV DB import
Fri, 03 Jan 2020 07:40:01 - INFO - Connect to DB
Fri, 03 Jan 2020 07:40:01 - INFO - TRIZMA DB import
Fri, 03 Jan 2020 07:40:01 - INFO - 123TV DB import
Fri, 03 Jan 2020 07:40:10 - INFO - Connect to DB
Fri, 03 Jan 2020 07:40:10 - INFO - TRIZMA DB import
Fri, 03 Jan 2020 07:40:10 - INFO - 123TV DB import
Fri, 03 Jan 2020 07:41:08 - INFO - Connect to DB
Fri, 03 Jan 2020 07:41:08 - INFO - TRIZMA DB import
Fri, 03 Jan 2020 07:41:08 - INFO - 123TV DB import
Fri, 03 Jan 2020 07:41:16 - INFO - Connect to DB
Fri, 03 Jan 2020 07:41:16 - INFO - TRIZMA DB import
Fri, 03 Jan 2020 07:41:16 - INFO - 123TV DB import
Fri, 03 Jan 2020 07:41:44 - INFO - Connect to DB
Fri, 03 Jan 2020 07:41:44 - INFO - TRIZMA DB import
Fri, 03 Jan 2020 07:41:44 - INFO - 123TV DB import
Fri, 03 Jan 2020 07:41:56 - INFO - Connect to DB
Fri, 03 Jan 2020 07:41:56 - INFO - TRIZMA DB import
Fri, 03 Jan 2020 07:41:56 - INFO - 123TV DB import
Fri, 03 Jan 2020 07:42:10 - INFO - Connect to DB
Fri, 03 Jan 2020 07:42:10 - INFO - TRIZMA DB import
Fri, 03 Jan 2020 07:42:10 - INFO - Failed on TRIZMA DB import at: 2020-01-03_07-18-46, for following calling party: 4951399574408, for agent id: trz_bmaksimovic, with error:(pyodbc.DataError) ('22001', '[22001] [Microsoft][ODBC Driver 17 for SQL Server][SQL Server]String or binary data would be truncated. (8152) (SQLExecDirectW)')
[SQL: insert into records values('CC2Servicenummer','Belgrad','Nicht übermittelt','trz_bmaksimovic',                                  '4951399574408','','Nicht übermittelt','4951399574408_Wednesday, January 1, 2020_2:56:45 PM')]
(Background on this error at: http://sqlalche.me/e/9h9h)
Fri, 03 Jan 2020 07:42:10 - INFO - 123TV DB import
Fri, 03 Jan 2020 07:42:41 - INFO - Connect to DB
Fri, 03 Jan 2020 07:42:41 - INFO - TRIZMA DB import
Fri, 03 Jan 2020 07:42:41 - INFO - 123TV DB import
Fri, 03 Jan 2020 07:43:37 - INFO - Connect to DB
Fri, 03 Jan 2020 07:43:37 - INFO - TRIZMA DB import
Fri, 03 Jan 2020 07:43:37 - INFO - 123TV DB import
Fri, 03 Jan 2020 07:44:02 - INFO - Connect to DB
Fri, 03 Jan 2020 07:44:02 - INFO - TRIZMA DB import
Fri, 03 Jan 2020 07:44:02 - INFO - 123TV DB import
Fri, 03 Jan 2020 07:45:03 - INFO - Connect to DB
Fri, 03 Jan 2020 07:45:03 - INFO - TRIZMA DB import
Fri, 03 Jan 2020 07:45:04 - INFO - 123TV DB import
Fri, 03 Jan 2020 07:46:24 - INFO - Connect to DB
Fri, 03 Jan 2020 07:46:24 - INFO - TRIZMA DB import
Fri, 03 Jan 2020 07:46:24 - INFO - 123TV DB import
Fri, 03 Jan 2020 07:52:33 - INFO - Connect to DB
Fri, 03 Jan 2020 07:52:33 - INFO - TRIZMA DB import
Fri, 03 Jan 2020 07:52:33 - INFO - 123TV DB import
Fri, 03 Jan 2020 07:53:20 - INFO - Connect to DB
Fri, 03 Jan 2020 07:53:20 - INFO - TRIZMA DB import
Fri, 03 Jan 2020 07:53:20 - INFO - 123TV DB import
Fri, 03 Jan 2020 07:54:45 - INFO - Connect to DB
Fri, 03 Jan 2020 07:54:45 - INFO - TRIZMA DB import
Fri, 03 Jan 2020 07:54:45 - INFO - 123TV DB import
Fri, 03 Jan 2020 08:00:58 - INFO - Connect to DB
Fri, 03 Jan 2020 08:00:58 - INFO - TRIZMA DB import
Fri, 03 Jan 2020 08:00:58 - INFO - 123TV DB import
Fri, 03 Jan 2020 08:01:34 - INFO - Connect to DB
Fri, 03 Jan 2020 08:01:34 - INFO - TRIZMA DB import
Fri, 03 Jan 2020 08:01:34 - INFO - 123TV DB import
Fri, 03 Jan 2020 08:01:55 - INFO - Connect to DB
Fri, 03 Jan 2020 08:01:55 - INFO - TRIZMA DB import
Fri, 03 Jan 2020 08:01:55 - INFO - 123TV DB import
Fri, 03 Jan 2020 08:02:01 - INFO - Connect to DB
Fri, 03 Jan 2020 08:02:01 - INFO - TRIZMA DB import
Fri, 03 Jan 2020 08:02:01 - INFO - 123TV DB import
Fri, 03 Jan 2020 08:02:34 - INFO - Connect to DB
Fri, 03 Jan 2020 08:02:34 - INFO - TRIZMA DB import
Fri, 03 Jan 2020 08:02:34 - INFO - 123TV DB import
