Tue, 14 Jan 2020 10:09:43 - INFO - Connect to DB
Tue, 14 Jan 2020 10:09:43 - INFO - TRIZMA DB import
Tue, 14 Jan 2020 10:09:43 - INFO - 123TV DB import
Tue, 14 Jan 2020 10:09:48 - INFO - Failed on 123TV DB import at: 2020-01-14_10-03-28, for following calling party: 4995437812, for agent id: 3068, with error:Missing element acd_id (importCallMetaData.acd_id)
Tue, 14 Jan 2020 10:18:44 - INFO - Connect to DB
Tue, 14 Jan 2020 10:18:44 - INFO - TRIZMA DB import
Tue, 14 Jan 2020 10:18:44 - INFO - 123TV DB import
Tue, 14 Jan 2020 10:18:50 - INFO - Failed on 123TV DB import at: 2020-01-14_10-03-28, for following calling party: 4989702352, for agent id: 3068, with error:Missing element acd_id (importCallMetaData.acd_id)
Tue, 14 Jan 2020 10:20:25 - INFO - Connect to DB
Tue, 14 Jan 2020 10:20:25 - INFO - TRIZMA DB import
Tue, 14 Jan 2020 10:20:25 - INFO - 123TV DB import
Tue, 14 Jan 2020 10:20:30 - INFO - Failed on 123TV DB import at: 2020-01-14_10-03-28, for following calling party: 4945543473, for agent id: 3036, with error:Missing element acd_id (importCallMetaData.acd_id)
Tue, 14 Jan 2020 10:22:51 - INFO - Connect to DB
Tue, 14 Jan 2020 10:22:51 - INFO - TRIZMA DB import
Tue, 14 Jan 2020 10:22:51 - INFO - Failed on TRIZMA DB import at: 2020-01-14_10-03-28, for following calling party: 4926129683892, for agent id: trz_mglisic, with error:(pyodbc.DataError) ('22001', '[22001] [Microsoft][ODBC Driver 17 for SQL Server][SQL Server]String or binary data would be truncated. (8152) (SQLExecDirectW)')
[SQL: insert into records values('CC2Servicenummer','Belgrad','Nicht 端bermittelt','trz_mglisic',                                  '4926129683892','','Nicht 端bermittelt','4926129683892_Tuesday, January 14, 2020_11:22:49 AM')]
(Background on this error at: http://sqlalche.me/e/9h9h)
Tue, 14 Jan 2020 10:22:51 - INFO - 123TV DB import
Tue, 14 Jan 2020 10:22:56 - INFO - Failed on 123TV DB import at: 2020-01-14_10-03-28, for following calling party: 4926129683892, for agent id: 3117, with error:Missing element acd_id (importCallMetaData.acd_id)
Tue, 14 Jan 2020 10:23:28 - INFO - Connect to DB
Tue, 14 Jan 2020 10:23:28 - INFO - TRIZMA DB import
Tue, 14 Jan 2020 10:23:28 - INFO - 123TV DB import
Tue, 14 Jan 2020 10:23:33 - INFO - Failed on 123TV DB import at: 2020-01-14_10-03-28, for following calling party: 4961159330, for agent id: 3098, with error:Missing element acd_id (importCallMetaData.acd_id)
Tue, 14 Jan 2020 10:24:28 - INFO - Connect to DB
Tue, 14 Jan 2020 10:24:28 - INFO - TRIZMA DB import
Tue, 14 Jan 2020 10:24:28 - INFO - Failed on TRIZMA DB import at: 2020-01-14_10-03-28, for following calling party: 4985816849818, for agent id: trz_smaksimovic, with error:(pyodbc.DataError) ('22001', '[22001] [Microsoft][ODBC Driver 17 for SQL Server][SQL Server]String or binary data would be truncated. (8152) (SQLExecDirectW)')
[SQL: insert into records values('CC2Servicenummer','Belgrad','Nicht 端bermittelt','trz_smaksimovic',                                  '4985816849818','','Nicht 端bermittelt','4985816849818_Tuesday, January 14, 2020_11:24:14 AM')]
(Background on this error at: http://sqlalche.me/e/9h9h)
Tue, 14 Jan 2020 10:24:28 - INFO - 123TV DB import
Tue, 14 Jan 2020 10:24:33 - INFO - Failed on 123TV DB import at: 2020-01-14_10-03-28, for following calling party: 4985816849818, for agent id: 3181, with error:Missing element acd_id (importCallMetaData.acd_id)
Tue, 14 Jan 2020 10:24:35 - INFO - Connect to DB
Tue, 14 Jan 2020 10:24:35 - INFO - TRIZMA DB import
Tue, 14 Jan 2020 10:24:35 - INFO - 123TV DB import
Tue, 14 Jan 2020 10:24:40 - INFO - Failed on 123TV DB import at: 2020-01-14_10-03-28, for following calling party: 493432242070, for agent id: 3063, with error:Missing element acd_id (importCallMetaData.acd_id)
Tue, 14 Jan 2020 10:25:31 - INFO - Connect to DB
Tue, 14 Jan 2020 10:25:31 - INFO - TRIZMA DB import
Tue, 14 Jan 2020 10:25:32 - INFO - 123TV DB import
Tue, 14 Jan 2020 10:25:37 - INFO - Failed on 123TV DB import at: 2020-01-14_10-03-28, for following calling party: 497021862772, for agent id: 3036, with error:Missing element acd_id (importCallMetaData.acd_id)
