Wed, 22 Jan 2020 11:57:29 - INFO - Connect to DB
Wed, 22 Jan 2020 11:57:30 - INFO - TRIZMA DB import
Wed, 22 Jan 2020 11:57:30 - INFO - Failed on TRIZMA DB import at: 2020-01-22_11-55-46, for following calling party: 491732976999, for agent id: trz_memetovic, with error:(pyodbc.DataError) ('22001', '[22001] [Microsoft][ODBC Driver 17 for SQL Server][SQL Server]String or binary data would be truncated. (8152) (SQLExecDirectW)')
[SQL: insert into records values('CC2Servicenummer','Belgrad','Nicht 端bermittelt','trz_memetovic',                                 '491732976999','','Nicht 端bermittelt','491732976999_Wednesday, January 22, 2020_12:57:26 PM','KEN_MEMETO')]
(Background on this error at: http://sqlalche.me/e/9h9h)
Wed, 22 Jan 2020 11:57:30 - INFO - 123TV DB import
Wed, 22 Jan 2020 12:00:02 - INFO - Connect to DB
Wed, 22 Jan 2020 12:00:02 - INFO - TRIZMA DB import
Wed, 22 Jan 2020 12:00:02 - INFO - Failed on TRIZMA DB import at: 2020-01-22_11-55-46, for following calling party: 4977329458225, for agent id: trz_madamovic, with error:(pyodbc.DataError) ('22001', '[22001] [Microsoft][ODBC Driver 17 for SQL Server][SQL Server]String or binary data would be truncated. (8152) (SQLExecDirectW)')
[SQL: insert into records values('CC2Servicenummer','Belgrad','Nicht 端bermittelt','trz_madamovic',                                 '4977329458225','','Nicht 端bermittelt','4977329458225_Wednesday, January 22, 2020_12:59:54 PM','MIL_ADAMOV')]
(Background on this error at: http://sqlalche.me/e/9h9h)
Wed, 22 Jan 2020 12:00:02 - INFO - 123TV DB import
Wed, 22 Jan 2020 12:00:51 - INFO - Connect to DB
Wed, 22 Jan 2020 12:00:51 - INFO - TRIZMA DB import
Wed, 22 Jan 2020 12:00:51 - INFO - 123TV DB import
Wed, 22 Jan 2020 12:00:57 - INFO - Connect to DB
Wed, 22 Jan 2020 12:00:57 - INFO - TRIZMA DB import
Wed, 22 Jan 2020 12:00:57 - INFO - 123TV DB import
Wed, 22 Jan 2020 12:01:22 - INFO - Connect to DB
Wed, 22 Jan 2020 12:01:22 - INFO - TRIZMA DB import
Wed, 22 Jan 2020 12:01:22 - INFO - 123TV DB import
Wed, 22 Jan 2020 12:12:04 - INFO - Connect to DB
Wed, 22 Jan 2020 12:12:04 - INFO - TRIZMA DB import
Wed, 22 Jan 2020 12:12:04 - INFO - 123TV DB import
