Wed, 22 Jan 2020 10:00:00 - INFO - Connect to DB
Wed, 22 Jan 2020 10:00:01 - INFO - TRIZMA DB import
Wed, 22 Jan 2020 10:00:01 - INFO - Failed on TRIZMA DB import at: 2020-01-22_09-56-18, for following calling party: 492331463779, for agent id: trz_bmaksimovic, with error:(pyodbc.DataError) ('22001', '[22001] [Microsoft][ODBC Driver 17 for SQL Server][SQL Server]String or binary data would be truncated. (8152) (SQLExecDirectW)')
[SQL: insert into records values('CC2Servicenummer','Belgrad','Nicht übermittelt','trz_bmaksimovic',                                 '492331463779','','Nicht übermittelt','492331463779_Wednesday, January 22, 2020_10:59:56 AM','BOR_MAKSIM')]
(Background on this error at: http://sqlalche.me/e/9h9h)
Wed, 22 Jan 2020 10:00:01 - INFO - 123TV DB import
Wed, 22 Jan 2020 10:06:26 - INFO - Connect to DB
Wed, 22 Jan 2020 10:06:26 - INFO - TRIZMA DB import
Wed, 22 Jan 2020 10:06:26 - INFO - 123TV DB import
Wed, 22 Jan 2020 10:08:33 - INFO - Connect to DB
Wed, 22 Jan 2020 10:08:33 - INFO - TRIZMA DB import
Wed, 22 Jan 2020 10:08:33 - INFO - Failed on TRIZMA DB import at: 2020-01-22_09-56-18, for following calling party: 4942124431188, for agent id: trz_memetovic, with error:(pyodbc.DataError) ('22001', '[22001] [Microsoft][ODBC Driver 17 for SQL Server][SQL Server]String or binary data would be truncated. (8152) (SQLExecDirectW)')
[SQL: insert into records values('CC2Servicenummer','Belgrad','Nicht übermittelt','trz_memetovic',                                 '4942124431188','','Nicht übermittelt','4942124431188_Wednesday, January 22, 2020_11:08:28 AM','KEN_MEMETO')]
(Background on this error at: http://sqlalche.me/e/9h9h)
Wed, 22 Jan 2020 10:08:33 - INFO - 123TV DB import
Wed, 22 Jan 2020 10:10:31 - INFO - Connect to DB
Wed, 22 Jan 2020 10:10:31 - INFO - TRIZMA DB import
Wed, 22 Jan 2020 10:10:31 - INFO - Failed on TRIZMA DB import at: 2020-01-22_09-56-18, for following calling party: 4935189240316, for agent id: trz_tjurjevic, with error:(pyodbc.DataError) ('22001', '[22001] [Microsoft][ODBC Driver 17 for SQL Server][SQL Server]String or binary data would be truncated. (8152) (SQLExecDirectW)')
[SQL: insert into records values('CC2Servicenummer','Belgrad','Nicht übermittelt','trz_tjurjevic',                                 '4935189240316','','Nicht übermittelt','4935189240316_Wednesday, January 22, 2020_11:10:27 AM','TAT_JURJEV')]
(Background on this error at: http://sqlalche.me/e/9h9h)
Wed, 22 Jan 2020 10:10:31 - INFO - 123TV DB import
