Thu, 16 Jan 2020 07:26:14 - INFO - Connect to DB
Thu, 16 Jan 2020 07:26:15 - INFO - TRIZMA DB import
Thu, 16 Jan 2020 07:26:15 - INFO - 123TV DB import
Thu, 16 Jan 2020 07:27:40 - INFO - Connect to DB
Thu, 16 Jan 2020 07:27:40 - INFO - TRIZMA DB import
Thu, 16 Jan 2020 07:27:40 - INFO - Failed on TRIZMA DB import at: 2020-01-16_07-24-52, for following calling party: 491781751585, for agent id: trz_madamovic, with error:(pyodbc.DataError) ('22001', '[22001] [Microsoft][ODBC Driver 17 for SQL Server][SQL Server]String or binary data would be truncated. (8152) (SQLExecDirectW)')
[SQL: insert into records values('CC2Servicenummer','Belgrad','Nicht übermittelt','trz_madamovic',                                 '491781751585','','Nicht übermittelt','491781751585_Wednesday, January 15, 2020_1:22:34 PM','MIL_ADAMOV')]
(Background on this error at: http://sqlalche.me/e/9h9h)
Thu, 16 Jan 2020 07:27:40 - INFO - 123TV DB import
Thu, 16 Jan 2020 07:28:52 - INFO - Connect to DB
Thu, 16 Jan 2020 07:28:52 - INFO - TRIZMA DB import
Thu, 16 Jan 2020 07:28:52 - INFO - 123TV DB import
Thu, 16 Jan 2020 07:32:48 - INFO - Connect to DB
Thu, 16 Jan 2020 07:32:48 - INFO - TRIZMA DB import
Thu, 16 Jan 2020 07:32:48 - INFO - 123TV DB import
Thu, 16 Jan 2020 07:34:48 - INFO - Connect to DB
Thu, 16 Jan 2020 07:34:48 - INFO - TRIZMA DB import
Thu, 16 Jan 2020 07:34:48 - INFO - 123TV DB import
Thu, 16 Jan 2020 07:35:50 - INFO - Connect to DB
Thu, 16 Jan 2020 07:35:50 - INFO - TRIZMA DB import
Thu, 16 Jan 2020 07:35:51 - INFO - 123TV DB import
Thu, 16 Jan 2020 07:37:42 - INFO - Connect to DB
Thu, 16 Jan 2020 07:37:42 - INFO - TRIZMA DB import
Thu, 16 Jan 2020 07:37:42 - INFO - 123TV DB import
Thu, 16 Jan 2020 07:37:48 - INFO - Connect to DB
Thu, 16 Jan 2020 07:37:48 - INFO - TRIZMA DB import
Thu, 16 Jan 2020 07:37:48 - INFO - 123TV DB import
Thu, 16 Jan 2020 07:38:43 - INFO - Connect to DB
Thu, 16 Jan 2020 07:38:43 - INFO - TRIZMA DB import
Thu, 16 Jan 2020 07:38:43 - INFO - 123TV DB import
Thu, 16 Jan 2020 07:39:59 - INFO - Connect to DB
Thu, 16 Jan 2020 07:39:59 - INFO - TRIZMA DB import
Thu, 16 Jan 2020 07:39:59 - INFO - 123TV DB import
Thu, 16 Jan 2020 07:40:05 - INFO - Connect to DB
Thu, 16 Jan 2020 07:40:05 - INFO - TRIZMA DB import
Thu, 16 Jan 2020 07:40:05 - INFO - 123TV DB import
Thu, 16 Jan 2020 07:41:06 - INFO - Connect to DB
Thu, 16 Jan 2020 07:41:06 - INFO - TRIZMA DB import
Thu, 16 Jan 2020 07:41:06 - INFO - 123TV DB import
Thu, 16 Jan 2020 07:41:12 - INFO - Connect to DB
Thu, 16 Jan 2020 07:41:12 - INFO - TRIZMA DB import
Thu, 16 Jan 2020 07:41:12 - INFO - 123TV DB import
Thu, 16 Jan 2020 07:41:17 - INFO - Connect to DB
Thu, 16 Jan 2020 07:41:17 - INFO - TRIZMA DB import
Thu, 16 Jan 2020 07:41:18 - INFO - 123TV DB import
Thu, 16 Jan 2020 07:41:42 - INFO - Connect to DB
Thu, 16 Jan 2020 07:41:42 - INFO - TRIZMA DB import
Thu, 16 Jan 2020 07:41:42 - INFO - 123TV DB import
Thu, 16 Jan 2020 07:42:28 - INFO - Connect to DB
Thu, 16 Jan 2020 07:42:28 - INFO - TRIZMA DB import
Thu, 16 Jan 2020 07:42:28 - INFO - 123TV DB import
Thu, 16 Jan 2020 07:43:30 - INFO - Connect to DB
Thu, 16 Jan 2020 07:43:30 - INFO - TRIZMA DB import
Thu, 16 Jan 2020 07:43:30 - INFO - 123TV DB import
Thu, 16 Jan 2020 07:46:36 - INFO - Connect to DB
Thu, 16 Jan 2020 07:46:36 - INFO - TRIZMA DB import
Thu, 16 Jan 2020 07:46:36 - INFO - 123TV DB import
Thu, 16 Jan 2020 07:47:52 - INFO - Connect to DB
Thu, 16 Jan 2020 07:47:52 - INFO - TRIZMA DB import
Thu, 16 Jan 2020 07:47:52 - INFO - 123TV DB import
Thu, 16 Jan 2020 07:53:06 - INFO - Connect to DB
Thu, 16 Jan 2020 07:53:06 - INFO - TRIZMA DB import
Thu, 16 Jan 2020 07:53:06 - INFO - 123TV DB import
Thu, 16 Jan 2020 07:53:19 - INFO - Connect to DB
Thu, 16 Jan 2020 07:53:19 - INFO - TRIZMA DB import
Thu, 16 Jan 2020 07:53:19 - INFO - 123TV DB import
