Wed, 01 Jan 2020 12:59:46 - INFO - Connect to DB
Wed, 01 Jan 2020 12:59:47 - INFO - TRIZMA DB import
Wed, 01 Jan 2020 12:59:47 - INFO - 123TV DB import
Wed, 01 Jan 2020 13:43:51 - INFO - Connect to DB
Wed, 01 Jan 2020 13:43:51 - INFO - TRIZMA DB import
Wed, 01 Jan 2020 13:43:51 - INFO - Failed on TRIZMA DB import at: 2020-01-01_12-35-07, for following calling party: 495219495020, for agent id: trz_madamovic, with error:(pyodbc.DataError) ('22001', '[22001] [Microsoft][ODBC Driver 17 for SQL Server][SQL Server]String or binary data would be truncated. (8152) (SQLExecDirectW)')
[SQL: insert into records values('CC2Servicenummer','Belgrad','Nicht übermittelt','trz_madamovic',                                  '495219495020','','Nicht übermittelt','495219495020_Wednesday, January 01, 2020_2:43:45 PM')]
(Background on this error at: http://sqlalche.me/e/9h9h)
Wed, 01 Jan 2020 13:43:51 - INFO - 123TV DB import
Wed, 01 Jan 2020 13:56:01 - INFO - Connect to DB
Wed, 01 Jan 2020 13:56:01 - INFO - TRIZMA DB import
Wed, 01 Jan 2020 13:56:01 - INFO - 123TV DB import
Wed, 01 Jan 2020 14:37:26 - INFO - Connect to DB
Wed, 01 Jan 2020 14:37:26 - INFO - TRIZMA DB import
Wed, 01 Jan 2020 14:37:26 - INFO - 123TV DB import
Wed, 01 Jan 2020 17:41:07 - INFO - Connect to DB
Wed, 01 Jan 2020 17:41:07 - INFO - TRIZMA DB import
Wed, 01 Jan 2020 17:41:07 - INFO - 123TV DB import
Wed, 01 Jan 2020 17:52:05 - INFO - Connect to DB
Wed, 01 Jan 2020 17:52:05 - INFO - TRIZMA DB import
Wed, 01 Jan 2020 17:52:05 - INFO - Failed on TRIZMA DB import at: 2020-01-01_12-35-07, for following calling party: 493912534418, for agent id: trz_tjurjevic, with error:(pyodbc.DataError) ('22001', '[22001] [Microsoft][ODBC Driver 17 for SQL Server][SQL Server]String or binary data would be truncated. (8152) (SQLExecDirectW)')
[SQL: insert into records values('CC2Servicenummer','Belgrad','Nicht übermittelt','trz_tjurjevic',                                  '493912534418','','Nicht übermittelt','493912534418_Wednesday, January 01, 2020_6:52:03 PM')]
(Background on this error at: http://sqlalche.me/e/9h9h)
Wed, 01 Jan 2020 17:52:05 - INFO - 123TV DB import
Wed, 01 Jan 2020 18:14:15 - INFO - Connect to DB
Wed, 01 Jan 2020 18:14:15 - INFO - TRIZMA DB import
Wed, 01 Jan 2020 18:14:15 - INFO - 123TV DB import
Wed, 01 Jan 2020 18:24:57 - INFO - Connect to DB
Wed, 01 Jan 2020 18:24:57 - INFO - TRIZMA DB import
Wed, 01 Jan 2020 18:24:57 - INFO - Failed on TRIZMA DB import at: 2020-01-01_12-35-07, for following calling party: 493457764366, for agent id: trz_madamovic, with error:(pyodbc.DataError) ('22001', '[22001] [Microsoft][ODBC Driver 17 for SQL Server][SQL Server]String or binary data would be truncated. (8152) (SQLExecDirectW)')
[SQL: insert into records values('CC2Servicenummer','Belgrad','Nicht übermittelt','trz_madamovic',                                  '493457764366','','Nicht übermittelt','493457764366_Wednesday, January 01, 2020_7:24:53 PM')]
(Background on this error at: http://sqlalche.me/e/9h9h)
Wed, 01 Jan 2020 18:24:57 - INFO - 123TV DB import
Thu, 02 Jan 2020 07:05:49 - INFO - Connect to DB
Thu, 02 Jan 2020 07:05:49 - INFO - TRIZMA DB import
Thu, 02 Jan 2020 07:05:49 - INFO - 123TV DB import
