Fri, 17 Jan 2020 11:29:39 - INFO - Connect to DB
Fri, 17 Jan 2020 11:29:39 - INFO - TRIZMA DB import
Fri, 17 Jan 2020 11:29:39 - INFO - 123TV DB import
Fri, 17 Jan 2020 11:31:18 - INFO - Connect to DB
Fri, 17 Jan 2020 11:31:18 - INFO - TRIZMA DB import
Fri, 17 Jan 2020 11:31:18 - INFO - Failed on TRIZMA DB import at: 2020-01-17_11-28-26, for following calling party: 493052685372, for agent id: trz_madamovic, with error:(pyodbc.DataError) ('22001', '[22001] [Microsoft][ODBC Driver 17 for SQL Server][SQL Server]String or binary data would be truncated. (8152) (SQLExecDirectW)')
[SQL: insert into records values('CC2Servicenummer','Belgrad','Nicht übermittelt','trz_madamovic',                                 '493052685372','','Nicht übermittelt','493052685372_Wednesday, January 15, 2020_12:57:00 PM','MIL_ADAMOV')]
(Background on this error at: http://sqlalche.me/e/9h9h)
Fri, 17 Jan 2020 11:31:18 - INFO - 123TV DB import
Fri, 17 Jan 2020 11:31:27 - INFO - Connect to DB
Fri, 17 Jan 2020 11:31:27 - INFO - TRIZMA DB import
Fri, 17 Jan 2020 11:31:27 - INFO - Failed on TRIZMA DB import at: 2020-01-17_11-28-26, for following calling party: 4917653166475, for agent id: trz_madamovic, with error:(pyodbc.DataError) ('22001', '[22001] [Microsoft][ODBC Driver 17 for SQL Server][SQL Server]String or binary data would be truncated. (8152) (SQLExecDirectW)')
[SQL: insert into records values('CC2Servicenummer','Belgrad','Nicht übermittelt','trz_madamovic',                                 '4917653166475','','Nicht übermittelt','4917653166475_Wednesday, January 15, 2020_1:08:41 PM','MIL_ADAMOV')]
(Background on this error at: http://sqlalche.me/e/9h9h)
Fri, 17 Jan 2020 11:31:27 - INFO - 123TV DB import
Fri, 17 Jan 2020 11:31:58 - INFO - Connect to DB
Fri, 17 Jan 2020 11:31:58 - INFO - TRIZMA DB import
Fri, 17 Jan 2020 11:31:58 - INFO - 123TV DB import
Fri, 17 Jan 2020 11:32:04 - INFO - Connect to DB
Fri, 17 Jan 2020 11:32:04 - INFO - TRIZMA DB import
Fri, 17 Jan 2020 11:32:04 - INFO - Failed on TRIZMA DB import at: 2020-01-17_11-28-26, for following calling party: 491727237290, for agent id: trz_madamovic, with error:(pyodbc.DataError) ('22001', '[22001] [Microsoft][ODBC Driver 17 for SQL Server][SQL Server]String or binary data would be truncated. (8152) (SQLExecDirectW)')
[SQL: insert into records values('CC2Servicenummer','Belgrad','Nicht übermittelt','trz_madamovic',                                 '491727237290','','Nicht übermittelt','491727237290_Wednesday, January 15, 2020_1:57:57 PM','MIL_ADAMOV')]
(Background on this error at: http://sqlalche.me/e/9h9h)
Fri, 17 Jan 2020 11:32:04 - INFO - 123TV DB import
Fri, 17 Jan 2020 11:32:52 - INFO - Connect to DB
Fri, 17 Jan 2020 11:32:52 - INFO - TRIZMA DB import
Fri, 17 Jan 2020 11:32:52 - INFO - 123TV DB import
Fri, 17 Jan 2020 11:36:49 - INFO - Connect to DB
Fri, 17 Jan 2020 11:36:49 - INFO - TRIZMA DB import
Fri, 17 Jan 2020 11:36:49 - INFO - 123TV DB import
Fri, 17 Jan 2020 11:38:41 - INFO - Connect to DB
Fri, 17 Jan 2020 11:38:41 - INFO - TRIZMA DB import
Fri, 17 Jan 2020 11:38:41 - INFO - 123TV DB import
Fri, 17 Jan 2020 11:43:57 - INFO - Connect to DB
Fri, 17 Jan 2020 11:43:57 - INFO - TRIZMA DB import
Fri, 17 Jan 2020 11:43:57 - INFO - Failed on TRIZMA DB import at: 2020-01-17_11-28-26, for following calling party: 4964197191699, for agent id: trz_madamovic, with error:(pyodbc.DataError) ('22001', '[22001] [Microsoft][ODBC Driver 17 for SQL Server][SQL Server]String or binary data would be truncated. (8152) (SQLExecDirectW)')
[SQL: insert into records values('CC2Servicenummer','Belgrad','Nicht übermittelt','trz_madamovic',                                 '4964197191699','','Nicht übermittelt','4964197191699_Wednesday, January 15, 2020_6:22:22 PM','MIL_ADAMOV')]
(Background on this error at: http://sqlalche.me/e/9h9h)
Fri, 17 Jan 2020 11:43:57 - INFO - 123TV DB import
