Wed, 22 Jan 2020 10:57:42 - INFO - Connect to DB
Wed, 22 Jan 2020 10:57:43 - INFO - TRIZMA DB import
Wed, 22 Jan 2020 10:57:43 - INFO - 123TV DB import
Wed, 22 Jan 2020 11:02:00 - INFO - Connect to DB
Wed, 22 Jan 2020 11:02:00 - INFO - TRIZMA DB import
Wed, 22 Jan 2020 11:02:00 - INFO - Failed on TRIZMA DB import at: 2020-01-22_10-50-45, for following calling party: 493026073633, for agent id: trz_madamovic, with error:(pyodbc.DataError) ('22001', '[22001] [Microsoft][ODBC Driver 17 for SQL Server][SQL Server]String or binary data would be truncated. (8152) (SQLExecDirectW)')
[SQL: insert into records values('CC2Servicenummer','Belgrad','Nicht übermittelt','trz_madamovic',                                 '493026073633','','Nicht übermittelt','493026073633_Wednesday, January 22, 2020_12:01:55 PM','MIL_ADAMOV')]
(Background on this error at: http://sqlalche.me/e/9h9h)
Wed, 22 Jan 2020 11:02:00 - INFO - 123TV DB import
Wed, 22 Jan 2020 11:03:24 - INFO - Connect to DB
Wed, 22 Jan 2020 11:03:25 - INFO - TRIZMA DB import
Wed, 22 Jan 2020 11:03:25 - INFO - 123TV DB import
Wed, 22 Jan 2020 11:11:55 - INFO - Connect to DB
Wed, 22 Jan 2020 11:11:55 - INFO - TRIZMA DB import
Wed, 22 Jan 2020 11:11:55 - INFO - 123TV DB import
Wed, 22 Jan 2020 11:12:13 - INFO - Connect to DB
Wed, 22 Jan 2020 11:12:13 - INFO - TRIZMA DB import
Wed, 22 Jan 2020 11:12:13 - INFO - 123TV DB import
Wed, 22 Jan 2020 11:12:38 - INFO - Connect to DB
Wed, 22 Jan 2020 11:12:38 - INFO - TRIZMA DB import
Wed, 22 Jan 2020 11:12:38 - INFO - 123TV DB import
