Wed, 15 Jan 2020 15:08:20 - INFO - Connect to DB
Wed, 15 Jan 2020 15:08:21 - INFO - TRIZMA DB import
Wed, 15 Jan 2020 15:08:21 - INFO - Failed on TRIZMA DB import at: 2020-01-15_15-06-39, for following calling party: 493425921446, for agent id: trz_tjurjevic, with error:(pyodbc.DataError) ('22001', '[22001] [Microsoft][ODBC Driver 17 for SQL Server][SQL Server]String or binary data would be truncated. (8152) (SQLExecDirectW)')
[SQL: insert into records values('CC2Servicenummer','Belgrad','Nicht 端bermittelt','trz_tjurjevic',                                 '493425921446','','Nicht 端bermittelt','493425921446_Wednesday, January 15, 2020_4:08:20 PM','TAT_JURJEV')]
(Background on this error at: http://sqlalche.me/e/9h9h)
Wed, 15 Jan 2020 15:08:21 - INFO - 123TV DB import
Wed, 15 Jan 2020 15:11:59 - INFO - Connect to DB
Wed, 15 Jan 2020 15:11:59 - INFO - TRIZMA DB import
Wed, 15 Jan 2020 15:11:59 - INFO - Failed on TRIZMA DB import at: 2020-01-15_15-06-39, for following calling party: 4952198916240, for agent id: trz_hjovic, with error:(pyodbc.DataError) ('22001', '[22001] [Microsoft][ODBC Driver 17 for SQL Server][SQL Server]String or binary data would be truncated. (8152) (SQLExecDirectW)')
[SQL: insert into records values('CC2Servicenummer','Belgrad','Nicht 端bermittelt','trz_hjovic',                                 '4952198916240','','Nicht 端bermittelt','4952198916240_Wednesday, January 15, 2020_4:11:55 PM','HRI_JOVIC')]
(Background on this error at: http://sqlalche.me/e/9h9h)
Wed, 15 Jan 2020 15:11:59 - INFO - 123TV DB import
Wed, 15 Jan 2020 15:13:16 - INFO - Connect to DB
Wed, 15 Jan 2020 15:13:16 - INFO - TRIZMA DB import
Wed, 15 Jan 2020 15:13:16 - INFO - 123TV DB import
Wed, 15 Jan 2020 15:18:33 - INFO - Connect to DB
Wed, 15 Jan 2020 15:18:33 - INFO - TRIZMA DB import
Wed, 15 Jan 2020 15:18:33 - INFO - 123TV DB import
Wed, 15 Jan 2020 15:19:17 - INFO - Connect to DB
Wed, 15 Jan 2020 15:19:17 - INFO - TRIZMA DB import
Wed, 15 Jan 2020 15:19:17 - INFO - 123TV DB import
Wed, 15 Jan 2020 15:21:58 - INFO - Connect to DB
Wed, 15 Jan 2020 15:21:58 - INFO - TRIZMA DB import
Wed, 15 Jan 2020 15:21:58 - INFO - 123TV DB import
Wed, 15 Jan 2020 15:27:31 - INFO - Connect to DB
Wed, 15 Jan 2020 15:27:31 - INFO - TRIZMA DB import
Wed, 15 Jan 2020 15:27:31 - INFO - 123TV DB import
