Sat, 18 Jan 2020 11:52:42 - INFO - Connect to DB
Sat, 18 Jan 2020 11:52:43 - INFO - TRIZMA DB import
Sat, 18 Jan 2020 11:52:43 - INFO - Failed on TRIZMA DB import at: 2020-01-18_11-39-36, for following calling party: 4915752492854, for agent id: trz_madamovic, with error:(pyodbc.DataError) ('22001', '[22001] [Microsoft][ODBC Driver 17 for SQL Server][SQL Server]String or binary data would be truncated. (8152) (SQLExecDirectW)')
[SQL: insert into records values('CC2Servicenummer','Belgrad','Nicht 端bermittelt','trz_madamovic',                                 '4915752492854','','Nicht 端bermittelt','4915752492854_Thursday, January 16, 2020_10:25:51 AM','MIL_ADAMOV')]
(Background on this error at: http://sqlalche.me/e/9h9h)
Sat, 18 Jan 2020 11:52:43 - INFO - 123TV DB import
Sat, 18 Jan 2020 11:53:37 - INFO - Connect to DB
Sat, 18 Jan 2020 11:53:37 - INFO - TRIZMA DB import
Sat, 18 Jan 2020 11:53:37 - INFO - Failed on TRIZMA DB import at: 2020-01-18_11-39-36, for following calling party: 4935549937470, for agent id: trz_madamovic, with error:(pyodbc.DataError) ('22001', '[22001] [Microsoft][ODBC Driver 17 for SQL Server][SQL Server]String or binary data would be truncated. (8152) (SQLExecDirectW)')
[SQL: insert into records values('CC2Servicenummer','Belgrad','Nicht 端bermittelt','trz_madamovic',                                 '4935549937470','','Nicht 端bermittelt','4935549937470_Thursday, January 16, 2020_1:29:02 PM','MIL_ADAMOV')]
(Background on this error at: http://sqlalche.me/e/9h9h)
Sat, 18 Jan 2020 11:53:37 - INFO - 123TV DB import
Sat, 18 Jan 2020 11:53:59 - INFO - Connect to DB
Sat, 18 Jan 2020 11:53:59 - INFO - TRIZMA DB import
Sat, 18 Jan 2020 11:53:59 - INFO - 123TV DB import
Sat, 18 Jan 2020 11:54:31 - INFO - Connect to DB
Sat, 18 Jan 2020 11:54:31 - INFO - TRIZMA DB import
Sat, 18 Jan 2020 11:54:31 - INFO - 123TV DB import
Sat, 18 Jan 2020 11:54:56 - INFO - Connect to DB
Sat, 18 Jan 2020 11:54:56 - INFO - TRIZMA DB import
Sat, 18 Jan 2020 11:54:56 - INFO - 123TV DB import
Sat, 18 Jan 2020 11:55:04 - INFO - Connect to DB
Sat, 18 Jan 2020 11:55:04 - INFO - TRIZMA DB import
Sat, 18 Jan 2020 11:55:05 - INFO - 123TV DB import
Sat, 18 Jan 2020 11:55:41 - INFO - Connect to DB
Sat, 18 Jan 2020 11:55:41 - INFO - TRIZMA DB import
Sat, 18 Jan 2020 11:55:41 - INFO - 123TV DB import
Sat, 18 Jan 2020 11:56:19 - INFO - Connect to DB
Sat, 18 Jan 2020 11:56:19 - INFO - TRIZMA DB import
Sat, 18 Jan 2020 11:56:19 - INFO - 123TV DB import
Sat, 18 Jan 2020 11:56:25 - INFO - Connect to DB
Sat, 18 Jan 2020 11:56:25 - INFO - TRIZMA DB import
Sat, 18 Jan 2020 11:56:25 - INFO - 123TV DB import
Sat, 18 Jan 2020 11:56:31 - INFO - Connect to DB
Sat, 18 Jan 2020 11:56:31 - INFO - TRIZMA DB import
Sat, 18 Jan 2020 11:56:31 - INFO - 123TV DB import
