Tue, 07 Jan 2020 07:08:24 - INFO - Connect to DB
Tue, 07 Jan 2020 07:08:25 - ERROR - Exception on /records [GET]
Traceback (most recent call last):
  File "/home/python_project/hello.py", line 80, in get
    int(agent),
ValueError: invalid literal for int() with base 10: ''

During handling of the above exception, another exception occurred:

Traceback (most recent call last):
  File "/usr/local/lib/python3.6/dist-packages/flask/app.py", line 1949, in full_dispatch_request
    rv = self.dispatch_request()
  File "/usr/local/lib/python3.6/dist-packages/flask/app.py", line 1935, in dispatch_request
    return self.view_functions[rule.endpoint](**req.view_args)
  File "/usr/local/lib/python3.6/dist-packages/flask_restful/__init__.py", line 458, in wrapper
    resp = resource(*args, **kwargs)
  File "/usr/local/lib/python3.6/dist-packages/flask/views.py", line 89, in view
    return self.dispatch_request(*args, **kwargs)
  File "/usr/local/lib/python3.6/dist-packages/flask_restful/__init__.py", line 573, in dispatch_request
    resp = meth(*args, **kwargs)
  File "/home/python_project/hello.py", line 90, in get
    + str(e))
UnboundLocalError: local variable 'agentUsername' referenced before assignment
Tue, 07 Jan 2020 07:13:41 - INFO - Connect to DB
Tue, 07 Jan 2020 07:13:41 - INFO - TRIZMA DB import
Tue, 07 Jan 2020 07:13:41 - INFO - 123TV DB import
Tue, 07 Jan 2020 07:14:18 - INFO - Connect to DB
Tue, 07 Jan 2020 07:14:18 - INFO - TRIZMA DB import
Tue, 07 Jan 2020 07:14:18 - INFO - 123TV DB import
Tue, 07 Jan 2020 07:14:24 - INFO - Connect to DB
Tue, 07 Jan 2020 07:14:24 - INFO - TRIZMA DB import
Tue, 07 Jan 2020 07:14:24 - INFO - 123TV DB import
Tue, 07 Jan 2020 07:14:58 - INFO - Connect to DB
Tue, 07 Jan 2020 07:14:58 - INFO - TRIZMA DB import
Tue, 07 Jan 2020 07:14:58 - INFO - 123TV DB import
Tue, 07 Jan 2020 07:15:19 - INFO - Connect to DB
Tue, 07 Jan 2020 07:15:19 - INFO - TRIZMA DB import
Tue, 07 Jan 2020 07:15:19 - INFO - 123TV DB import
Tue, 07 Jan 2020 07:25:47 - INFO - Connect to DB
Tue, 07 Jan 2020 07:25:47 - INFO - TRIZMA DB import
Tue, 07 Jan 2020 07:25:47 - INFO - 123TV DB import
Tue, 07 Jan 2020 07:26:16 - INFO - Connect to DB
Tue, 07 Jan 2020 07:26:16 - INFO - TRIZMA DB import
Tue, 07 Jan 2020 07:26:16 - INFO - 123TV DB import
Tue, 07 Jan 2020 07:26:21 - INFO - Connect to DB
Tue, 07 Jan 2020 07:26:21 - INFO - TRIZMA DB import
Tue, 07 Jan 2020 07:26:21 - INFO - 123TV DB import
Tue, 07 Jan 2020 07:26:32 - INFO - Connect to DB
Tue, 07 Jan 2020 07:26:32 - INFO - TRIZMA DB import
Tue, 07 Jan 2020 07:26:32 - INFO - 123TV DB import
Tue, 07 Jan 2020 07:27:04 - INFO - Connect to DB
Tue, 07 Jan 2020 07:27:04 - INFO - TRIZMA DB import
Tue, 07 Jan 2020 07:27:04 - INFO - 123TV DB import
Tue, 07 Jan 2020 07:28:14 - INFO - Connect to DB
Tue, 07 Jan 2020 07:28:14 - INFO - TRIZMA DB import
Tue, 07 Jan 2020 07:28:14 - INFO - 123TV DB import
Tue, 07 Jan 2020 07:28:19 - INFO - Connect to DB
Tue, 07 Jan 2020 07:28:19 - INFO - TRIZMA DB import
Tue, 07 Jan 2020 07:28:19 - INFO - 123TV DB import
Tue, 07 Jan 2020 07:32:48 - INFO - Connect to DB
Tue, 07 Jan 2020 07:32:48 - INFO - TRIZMA DB import
Tue, 07 Jan 2020 07:32:48 - INFO - Failed on TRIZMA DB import at: 2020-01-07_07-08-09, for following calling party: 493682464337, for agent id: trz_sstankovic, with error:(pyodbc.DataError) ('22001', '[22001] [Microsoft][ODBC Driver 17 for SQL Server][SQL Server]String or binary data would be truncated. (8152) (SQLExecDirectW)')
[SQL: insert into records values('CC2Servicenummer','Belgrad','Nicht 端bermittelt','trz_sstankovic',                                  '493682464337','','Nicht 端bermittelt','493682464337_Tuesday, December 31, 2019_10:00:49 AM')]
(Background on this error at: http://sqlalche.me/e/9h9h)
Tue, 07 Jan 2020 07:32:48 - INFO - 123TV DB import
Tue, 07 Jan 2020 07:33:43 - INFO - Connect to DB
Tue, 07 Jan 2020 07:33:43 - INFO - TRIZMA DB import
Tue, 07 Jan 2020 07:33:43 - INFO - 123TV DB import
Tue, 07 Jan 2020 07:35:27 - INFO - Connect to DB
Tue, 07 Jan 2020 07:35:27 - INFO - TRIZMA DB import
Tue, 07 Jan 2020 07:35:27 - INFO - 123TV DB import
Tue, 07 Jan 2020 07:36:24 - INFO - Connect to DB
Tue, 07 Jan 2020 07:36:24 - INFO - TRIZMA DB import
Tue, 07 Jan 2020 07:36:24 - INFO - 123TV DB import
Tue, 07 Jan 2020 07:37:13 - INFO - Connect to DB
Tue, 07 Jan 2020 07:37:13 - INFO - TRIZMA DB import
Tue, 07 Jan 2020 07:37:13 - INFO - 123TV DB import
Tue, 07 Jan 2020 07:37:18 - INFO - Connect to DB
Tue, 07 Jan 2020 07:37:18 - INFO - TRIZMA DB import
Tue, 07 Jan 2020 07:37:18 - INFO - 123TV DB import
Tue, 07 Jan 2020 07:38:10 - INFO - Connect to DB
Tue, 07 Jan 2020 07:38:10 - INFO - TRIZMA DB import
Tue, 07 Jan 2020 07:38:10 - INFO - 123TV DB import
Tue, 07 Jan 2020 07:38:35 - INFO - Connect to DB
Tue, 07 Jan 2020 07:38:35 - INFO - TRIZMA DB import
Tue, 07 Jan 2020 07:38:35 - INFO - 123TV DB import
Tue, 07 Jan 2020 07:39:03 - INFO - Connect to DB
Tue, 07 Jan 2020 07:39:03 - INFO - TRIZMA DB import
Tue, 07 Jan 2020 07:39:03 - INFO - 123TV DB import
Tue, 07 Jan 2020 07:39:09 - INFO - Connect to DB
Tue, 07 Jan 2020 07:39:09 - INFO - TRIZMA DB import
Tue, 07 Jan 2020 07:39:09 - INFO - 123TV DB import
Tue, 07 Jan 2020 07:39:19 - INFO - Connect to DB
Tue, 07 Jan 2020 07:39:19 - INFO - TRIZMA DB import
Tue, 07 Jan 2020 07:39:19 - INFO - 123TV DB import
Tue, 07 Jan 2020 07:40:34 - INFO - Connect to DB
Tue, 07 Jan 2020 07:40:34 - INFO - TRIZMA DB import
Tue, 07 Jan 2020 07:40:34 - INFO - 123TV DB import
Tue, 07 Jan 2020 07:41:29 - INFO - Connect to DB
Tue, 07 Jan 2020 07:41:29 - INFO - TRIZMA DB import
Tue, 07 Jan 2020 07:41:29 - INFO - 123TV DB import
Tue, 07 Jan 2020 07:41:35 - INFO - Connect to DB
Tue, 07 Jan 2020 07:41:35 - INFO - TRIZMA DB import
Tue, 07 Jan 2020 07:41:35 - INFO - 123TV DB import
Tue, 07 Jan 2020 07:42:12 - INFO - Connect to DB
Tue, 07 Jan 2020 07:42:12 - INFO - TRIZMA DB import
Tue, 07 Jan 2020 07:42:12 - INFO - 123TV DB import
Tue, 07 Jan 2020 07:44:11 - INFO - Connect to DB
Tue, 07 Jan 2020 07:44:11 - INFO - TRIZMA DB import
Tue, 07 Jan 2020 07:44:11 - INFO - Failed on TRIZMA DB import at: 2020-01-07_07-08-09, for following calling party: 493471313899, for agent id: trz_sstankovic, with error:(pyodbc.DataError) ('22001', '[22001] [Microsoft][ODBC Driver 17 for SQL Server][SQL Server]String or binary data would be truncated. (8152) (SQLExecDirectW)')
[SQL: insert into records values('CC2Servicenummer','Belgrad','Nicht 端bermittelt','trz_sstankovic',                                  '493471313899','','Nicht 端bermittelt','493471313899_Thursday, January 02, 2020_10:36:07 AM')]
(Background on this error at: http://sqlalche.me/e/9h9h)
Tue, 07 Jan 2020 07:44:11 - INFO - 123TV DB import
Tue, 07 Jan 2020 07:44:45 - INFO - Connect to DB
Tue, 07 Jan 2020 07:44:45 - INFO - TRIZMA DB import
Tue, 07 Jan 2020 07:44:45 - INFO - 123TV DB import
Tue, 07 Jan 2020 07:45:06 - INFO - Connect to DB
Tue, 07 Jan 2020 07:45:06 - INFO - TRIZMA DB import
Tue, 07 Jan 2020 07:45:06 - INFO - 123TV DB import
