Wed, 08 Jan 2020 13:09:46 - INFO - Connect to DB
Wed, 08 Jan 2020 13:09:46 - INFO - TRIZMA DB import
Wed, 08 Jan 2020 13:09:46 - INFO - 123TV DB import
Wed, 08 Jan 2020 13:13:25 - INFO - Connect to DB
Wed, 08 Jan 2020 13:13:25 - INFO - TRIZMA DB import
Wed, 08 Jan 2020 13:13:25 - INFO - 123TV DB import
Wed, 08 Jan 2020 13:16:28 - INFO - Connect to DB
Wed, 08 Jan 2020 13:16:28 - INFO - TRIZMA DB import
Wed, 08 Jan 2020 13:16:28 - INFO - Failed on TRIZMA DB import at: 2020-01-08_13-09-16, for following calling party: 4920659014359, for agent id: trz_tjurjevic, with error:(pyodbc.DataError) ('22001', '[22001] [Microsoft][ODBC Driver 17 for SQL Server][SQL Server]String or binary data would be truncated. (8152) (SQLExecDirectW)')
[SQL: insert into records values('CC2Servicenummer','Belgrad','Nicht übermittelt','trz_tjurjevic',                                  '4920659014359','','Nicht übermittelt','4920659014359_Wednesday, January 08, 2020_2:16:23 PM')]
(Background on this error at: http://sqlalche.me/e/9h9h)
Wed, 08 Jan 2020 13:16:28 - INFO - 123TV DB import
Wed, 08 Jan 2020 13:17:38 - INFO - Connect to DB
Wed, 08 Jan 2020 13:17:38 - INFO - TRIZMA DB import
Wed, 08 Jan 2020 13:17:38 - INFO - Failed on TRIZMA DB import at: 2020-01-08_13-09-16, for following calling party: 4917653597977, for agent id: trz_bmaksimovic, with error:(pyodbc.DataError) ('22001', '[22001] [Microsoft][ODBC Driver 17 for SQL Server][SQL Server]String or binary data would be truncated. (8152) (SQLExecDirectW)')
[SQL: insert into records values('CC2Servicenummer','Belgrad','Nicht übermittelt','trz_bmaksimovic',                                  '4917653597977','','Nicht übermittelt','4917653597977_Tuesday, December 31, 2019_1:15:54 PM')]
(Background on this error at: http://sqlalche.me/e/9h9h)
Wed, 08 Jan 2020 13:17:38 - INFO - 123TV DB import
Wed, 08 Jan 2020 13:17:53 - INFO - Connect to DB
Wed, 08 Jan 2020 13:17:53 - INFO - TRIZMA DB import
Wed, 08 Jan 2020 13:17:54 - INFO - 123TV DB import
Wed, 08 Jan 2020 13:17:59 - INFO - Connect to DB
Wed, 08 Jan 2020 13:17:59 - INFO - TRIZMA DB import
Wed, 08 Jan 2020 13:17:59 - INFO - 123TV DB import
Wed, 08 Jan 2020 13:18:40 - INFO - Connect to DB
Wed, 08 Jan 2020 13:18:40 - INFO - TRIZMA DB import
Wed, 08 Jan 2020 13:18:40 - INFO - Failed on TRIZMA DB import at: 2020-01-08_13-09-16, for following calling party: 4915738961136, for agent id: trz_bmaksimovic, with error:(pyodbc.DataError) ('22001', '[22001] [Microsoft][ODBC Driver 17 for SQL Server][SQL Server]String or binary data would be truncated. (8152) (SQLExecDirectW)')
[SQL: insert into records values('CC2Servicenummer','Belgrad','Nicht übermittelt','trz_bmaksimovic',                                  '4915738961136','','Nicht übermittelt','4915738961136_Tuesday, December 31, 2019_3:07:36 PM')]
(Background on this error at: http://sqlalche.me/e/9h9h)
Wed, 08 Jan 2020 13:18:40 - INFO - 123TV DB import
Wed, 08 Jan 2020 13:19:06 - INFO - Connect to DB
Wed, 08 Jan 2020 13:19:06 - INFO - TRIZMA DB import
Wed, 08 Jan 2020 13:19:06 - INFO - 123TV DB import
Wed, 08 Jan 2020 13:19:16 - INFO - Connect to DB
Wed, 08 Jan 2020 13:19:16 - INFO - TRIZMA DB import
Wed, 08 Jan 2020 13:19:16 - INFO - 123TV DB import
