Fri, 10 Jan 2020 11:03:08 - INFO - Connect to DB
Fri, 10 Jan 2020 11:03:08 - INFO - TRIZMA DB import
Fri, 10 Jan 2020 11:03:08 - INFO - 123TV DB import
Fri, 10 Jan 2020 11:08:14 - INFO - Connect to DB
Fri, 10 Jan 2020 11:08:14 - INFO - TRIZMA DB import
Fri, 10 Jan 2020 11:08:14 - INFO - Failed on TRIZMA DB import at: 2020-01-10_11-02-06, for following calling party: 4921514465785, for agent id: trz_madamovic, with error:(pyodbc.DataError) ('22001', '[22001] [Microsoft][ODBC Driver 17 for SQL Server][SQL Server]String or binary data would be truncated. (8152) (SQLExecDirectW)')
[SQL: insert into records values('CC2Servicenummer','Belgrad','Nicht übermittelt','trz_madamovic',                                  '4921514465785','','Nicht übermittelt','4921514465785_Thursday, December 26, 2019_11:19:36 AM')]
(Background on this error at: http://sqlalche.me/e/9h9h)
Fri, 10 Jan 2020 11:08:14 - INFO - 123TV DB import
Fri, 10 Jan 2020 11:08:59 - INFO - Connect to DB
Fri, 10 Jan 2020 11:09:00 - INFO - TRIZMA DB import
Fri, 10 Jan 2020 11:09:00 - INFO - Failed on TRIZMA DB import at: 2020-01-10_11-02-06, for following calling party: 4917624587709, for agent id: trz_madamovic, with error:(pyodbc.DataError) ('22001', '[22001] [Microsoft][ODBC Driver 17 for SQL Server][SQL Server]String or binary data would be truncated. (8152) (SQLExecDirectW)')
[SQL: insert into records values('CC2Servicenummer','Belgrad','Nicht übermittelt','trz_madamovic',                                  '4917624587709','','Nicht übermittelt','4917624587709_Sunday, December 29, 2019_12:31:29 PM')]
(Background on this error at: http://sqlalche.me/e/9h9h)
Fri, 10 Jan 2020 11:09:00 - INFO - 123TV DB import
Fri, 10 Jan 2020 11:09:59 - INFO - Connect to DB
Fri, 10 Jan 2020 11:09:59 - INFO - TRIZMA DB import
Fri, 10 Jan 2020 11:09:59 - INFO - 123TV DB import
Fri, 10 Jan 2020 11:12:00 - INFO - Connect to DB
Fri, 10 Jan 2020 11:12:01 - INFO - TRIZMA DB import
Fri, 10 Jan 2020 11:12:01 - INFO - 123TV DB import
Fri, 10 Jan 2020 11:12:45 - INFO - Connect to DB
Fri, 10 Jan 2020 11:12:45 - INFO - TRIZMA DB import
Fri, 10 Jan 2020 11:12:45 - INFO - 123TV DB import
Fri, 10 Jan 2020 11:15:14 - INFO - Connect to DB
Fri, 10 Jan 2020 11:15:14 - INFO - TRIZMA DB import
Fri, 10 Jan 2020 11:15:14 - INFO - 123TV DB import
Fri, 10 Jan 2020 11:15:37 - INFO - Connect to DB
Fri, 10 Jan 2020 11:15:37 - INFO - TRIZMA DB import
Fri, 10 Jan 2020 11:15:37 - INFO - 123TV DB import
Fri, 10 Jan 2020 11:16:07 - INFO - Connect to DB
Fri, 10 Jan 2020 11:16:07 - INFO - TRIZMA DB import
Fri, 10 Jan 2020 11:16:07 - INFO - 123TV DB import
Fri, 10 Jan 2020 11:16:22 - INFO - Connect to DB
Fri, 10 Jan 2020 11:16:22 - INFO - TRIZMA DB import
Fri, 10 Jan 2020 11:16:22 - INFO - 123TV DB import
Fri, 10 Jan 2020 11:17:53 - INFO - Connect to DB
Fri, 10 Jan 2020 11:17:53 - INFO - TRIZMA DB import
Fri, 10 Jan 2020 11:17:53 - INFO - 123TV DB import
Fri, 10 Jan 2020 11:21:48 - INFO - Connect to DB
Fri, 10 Jan 2020 11:21:48 - INFO - TRIZMA DB import
Fri, 10 Jan 2020 11:21:48 - INFO - 123TV DB import
Fri, 10 Jan 2020 11:22:00 - INFO - Connect to DB
Fri, 10 Jan 2020 11:22:00 - INFO - TRIZMA DB import
Fri, 10 Jan 2020 11:22:00 - INFO - 123TV DB import
Fri, 10 Jan 2020 11:22:45 - INFO - Connect to DB
Fri, 10 Jan 2020 11:22:45 - INFO - TRIZMA DB import
Fri, 10 Jan 2020 11:22:45 - INFO - 123TV DB import
Fri, 10 Jan 2020 11:27:56 - INFO - Connect to DB
Fri, 10 Jan 2020 11:27:56 - INFO - TRIZMA DB import
Fri, 10 Jan 2020 11:27:56 - INFO - 123TV DB import
Fri, 10 Jan 2020 11:30:19 - INFO - Connect to DB
Fri, 10 Jan 2020 11:30:19 - INFO - TRIZMA DB import
Fri, 10 Jan 2020 11:30:19 - INFO - 123TV DB import
Fri, 10 Jan 2020 11:30:28 - INFO - Connect to DB
Fri, 10 Jan 2020 11:30:28 - INFO - TRIZMA DB import
Fri, 10 Jan 2020 11:30:28 - INFO - 123TV DB import
Fri, 10 Jan 2020 11:30:41 - INFO - Connect to DB
Fri, 10 Jan 2020 11:30:41 - INFO - TRIZMA DB import
Fri, 10 Jan 2020 11:30:41 - INFO - 123TV DB import
Fri, 10 Jan 2020 11:31:04 - INFO - Connect to DB
Fri, 10 Jan 2020 11:31:04 - INFO - TRIZMA DB import
Fri, 10 Jan 2020 11:31:04 - INFO - 123TV DB import
Fri, 10 Jan 2020 11:31:21 - INFO - Connect to DB
Fri, 10 Jan 2020 11:31:21 - INFO - TRIZMA DB import
Fri, 10 Jan 2020 11:31:21 - INFO - Failed on TRIZMA DB import at: 2020-01-10_11-02-06, for following calling party: 4935232328986, for agent id: trz_madamovic, with error:(pyodbc.DataError) ('22001', '[22001] [Microsoft][ODBC Driver 17 for SQL Server][SQL Server]String or binary data would be truncated. (8152) (SQLExecDirectW)')
[SQL: insert into records values('CC2Servicenummer','Belgrad','Nicht übermittelt','trz_madamovic',                                  '4935232328986','','Nicht übermittelt','4935232328986_Tuesday, December 31, 2019_9:34:26 AM')]
(Background on this error at: http://sqlalche.me/e/9h9h)
Fri, 10 Jan 2020 11:31:21 - INFO - 123TV DB import
Fri, 10 Jan 2020 11:31:33 - INFO - Connect to DB
Fri, 10 Jan 2020 11:31:33 - INFO - TRIZMA DB import
Fri, 10 Jan 2020 11:31:33 - INFO - 123TV DB import
Fri, 10 Jan 2020 11:33:29 - INFO - Connect to DB
Fri, 10 Jan 2020 11:33:29 - INFO - TRIZMA DB import
Fri, 10 Jan 2020 11:33:29 - INFO - Failed on TRIZMA DB import at: 2020-01-10_11-02-06, for following calling party: 4995151936532, for agent id: trz_madamovic, with error:(pyodbc.DataError) ('22001', '[22001] [Microsoft][ODBC Driver 17 for SQL Server][SQL Server]String or binary data would be truncated. (8152) (SQLExecDirectW)')
[SQL: insert into records values('CC2Servicenummer','Belgrad','Nicht übermittelt','trz_madamovic',                                  '4995151936532','','Nicht übermittelt','4995151936532_Tuesday, December 31, 2019_1:54:33 PM')]
(Background on this error at: http://sqlalche.me/e/9h9h)
Fri, 10 Jan 2020 11:33:29 - INFO - 123TV DB import
Fri, 10 Jan 2020 11:34:22 - INFO - Connect to DB
Fri, 10 Jan 2020 11:34:22 - INFO - TRIZMA DB import
Fri, 10 Jan 2020 11:34:22 - INFO - Failed on TRIZMA DB import at: 2020-01-10_11-02-06, for following calling party: 491735412602, for agent id: trz_madamovic, with error:(pyodbc.DataError) ('22001', '[22001] [Microsoft][ODBC Driver 17 for SQL Server][SQL Server]String or binary data would be truncated. (8152) (SQLExecDirectW)')
[SQL: insert into records values('CC2Servicenummer','Belgrad','Nicht übermittelt','trz_madamovic',                                  '491735412602','','Nicht übermittelt','491735412602_Wednesday, January 01, 2020_3:21:23 PM')]
(Background on this error at: http://sqlalche.me/e/9h9h)
Fri, 10 Jan 2020 11:34:22 - INFO - 123TV DB import
Fri, 10 Jan 2020 11:35:52 - INFO - Connect to DB
Fri, 10 Jan 2020 11:35:52 - INFO - TRIZMA DB import
Fri, 10 Jan 2020 11:35:52 - INFO - Failed on TRIZMA DB import at: 2020-01-10_11-02-06, for following calling party: 496331230999, for agent id: trz_madamovic, with error:(pyodbc.DataError) ('22001', '[22001] [Microsoft][ODBC Driver 17 for SQL Server][SQL Server]String or binary data would be truncated. (8152) (SQLExecDirectW)')
[SQL: insert into records values('CC2Servicenummer','Belgrad','Nicht übermittelt','trz_madamovic',                                  '496331230999','','Nicht übermittelt','496331230999_Wednesday, January 01, 2020_6:43:57 PM')]
(Background on this error at: http://sqlalche.me/e/9h9h)
Fri, 10 Jan 2020 11:35:52 - INFO - 123TV DB import
Fri, 10 Jan 2020 11:36:59 - INFO - Connect to DB
Fri, 10 Jan 2020 11:36:59 - INFO - TRIZMA DB import
Fri, 10 Jan 2020 11:36:59 - INFO - 123TV DB import
Fri, 10 Jan 2020 11:37:10 - INFO - Connect to DB
Fri, 10 Jan 2020 11:37:10 - INFO - TRIZMA DB import
Fri, 10 Jan 2020 11:37:11 - INFO - Failed on TRIZMA DB import at: 2020-01-10_11-02-06, for following calling party: 4915221020092, for agent id: trz_bmaksimovic, with error:(pyodbc.DataError) ('22001', '[22001] [Microsoft][ODBC Driver 17 for SQL Server][SQL Server]String or binary data would be truncated. (8152) (SQLExecDirectW)')
[SQL: insert into records values('CC2Servicenummer','Belgrad','Nicht übermittelt','trz_bmaksimovic',                                  '4915221020092','','Nicht übermittelt','4915221020092_Tuesday, December 31, 2019_6:53:28 PM')]
(Background on this error at: http://sqlalche.me/e/9h9h)
Fri, 10 Jan 2020 11:37:11 - INFO - 123TV DB import
Fri, 10 Jan 2020 11:37:21 - INFO - Connect to DB
Fri, 10 Jan 2020 11:37:21 - INFO - TRIZMA DB import
Fri, 10 Jan 2020 11:37:21 - INFO - 123TV DB import
Fri, 10 Jan 2020 11:37:37 - INFO - Connect to DB
Fri, 10 Jan 2020 11:37:37 - INFO - TRIZMA DB import
Fri, 10 Jan 2020 11:37:37 - INFO - 123TV DB import
Fri, 10 Jan 2020 11:37:55 - INFO - Connect to DB
Fri, 10 Jan 2020 11:37:55 - INFO - TRIZMA DB import
Fri, 10 Jan 2020 11:37:55 - INFO - 123TV DB import
