Thu, 02 Jan 2020 08:54:59 - INFO - Connect to DB
Thu, 02 Jan 2020 08:55:00 - INFO - TRIZMA DB import
Thu, 02 Jan 2020 08:55:00 - INFO - 123TV DB import
Thu, 02 Jan 2020 08:55:05 - INFO - Connect to DB
Thu, 02 Jan 2020 08:55:05 - INFO - TRIZMA DB import
Thu, 02 Jan 2020 08:55:05 - INFO - 123TV DB import
Thu, 02 Jan 2020 08:55:17 - INFO - Connect to DB
Thu, 02 Jan 2020 08:55:17 - INFO - TRIZMA DB import
Thu, 02 Jan 2020 08:55:17 - INFO - 123TV DB import
Thu, 02 Jan 2020 08:55:29 - INFO - Connect to DB
Thu, 02 Jan 2020 08:55:29 - INFO - TRIZMA DB import
Thu, 02 Jan 2020 08:55:29 - INFO - 123TV DB import
Thu, 02 Jan 2020 08:56:42 - INFO - Connect to DB
Thu, 02 Jan 2020 08:56:42 - INFO - TRIZMA DB import
Thu, 02 Jan 2020 08:56:42 - INFO - Failed on TRIZMA DB import at: 2020-01-02_08-51-08, for following calling party: 4994986339989, for agent id: trz_sstankovic, with error:(pyodbc.DataError) ('22001', '[22001] [Microsoft][ODBC Driver 17 for SQL Server][SQL Server]String or binary data would be truncated. (8152) (SQLExecDirectW)')
[SQL: insert into records values('CC2Servicenummer','Belgrad','Nicht übermittelt','trz_sstankovic',                                  '4994986339989','','Nicht übermittelt','4994986339989_Thursday, January 02, 2020_9:56:40 AM')]
(Background on this error at: http://sqlalche.me/e/9h9h)
Thu, 02 Jan 2020 08:56:42 - INFO - 123TV DB import
Thu, 02 Jan 2020 08:57:48 - INFO - Connect to DB
Thu, 02 Jan 2020 08:57:48 - INFO - TRIZMA DB import
Thu, 02 Jan 2020 08:57:48 - INFO - 123TV DB import
Thu, 02 Jan 2020 08:57:54 - INFO - Connect to DB
Thu, 02 Jan 2020 08:57:54 - INFO - TRIZMA DB import
Thu, 02 Jan 2020 08:57:54 - INFO - 123TV DB import
Thu, 02 Jan 2020 09:01:36 - INFO - Connect to DB
Thu, 02 Jan 2020 09:01:36 - INFO - TRIZMA DB import
Thu, 02 Jan 2020 09:01:36 - INFO - 123TV DB import
Thu, 02 Jan 2020 09:02:06 - INFO - Connect to DB
Thu, 02 Jan 2020 09:02:06 - INFO - TRIZMA DB import
Thu, 02 Jan 2020 09:02:06 - INFO - 123TV DB import
Thu, 02 Jan 2020 09:06:16 - INFO - Connect to DB
Thu, 02 Jan 2020 09:06:16 - INFO - TRIZMA DB import
Thu, 02 Jan 2020 09:06:16 - INFO - 123TV DB import
Thu, 02 Jan 2020 09:07:37 - INFO - Connect to DB
Thu, 02 Jan 2020 09:07:37 - INFO - TRIZMA DB import
Thu, 02 Jan 2020 09:07:37 - INFO - 123TV DB import
Thu, 02 Jan 2020 09:08:22 - INFO - Connect to DB
Thu, 02 Jan 2020 09:08:22 - INFO - TRIZMA DB import
Thu, 02 Jan 2020 09:08:22 - INFO - 123TV DB import
Thu, 02 Jan 2020 09:09:30 - INFO - Connect to DB
Thu, 02 Jan 2020 09:09:30 - INFO - TRIZMA DB import
Thu, 02 Jan 2020 09:09:30 - INFO - 123TV DB import
Thu, 02 Jan 2020 09:12:01 - INFO - Connect to DB
Thu, 02 Jan 2020 09:12:01 - INFO - TRIZMA DB import
Thu, 02 Jan 2020 09:12:01 - INFO - 123TV DB import
Thu, 02 Jan 2020 09:21:49 - INFO - Connect to DB
Thu, 02 Jan 2020 09:21:49 - INFO - TRIZMA DB import
Thu, 02 Jan 2020 09:21:49 - INFO - 123TV DB import
