Wed, 08 Jan 2020 07:32:39 - INFO - Connect to DB
Wed, 08 Jan 2020 07:32:40 - INFO - TRIZMA DB import
Wed, 08 Jan 2020 07:32:40 - INFO - 123TV DB import
Wed, 08 Jan 2020 07:32:45 - INFO - Failed on 123TV DB import at: 2020-01-08_07-31-59, for following calling party: 493514963613, for agent id: 3067, with error:Invalid XML content received (Start tag expected, '<' not found, line 1, column 1)
Wed, 08 Jan 2020 07:33:26 - INFO - Connect to DB
Wed, 08 Jan 2020 07:33:26 - INFO - TRIZMA DB import
Wed, 08 Jan 2020 07:33:26 - INFO - 123TV DB import
Wed, 08 Jan 2020 07:33:31 - INFO - Failed on 123TV DB import at: 2020-01-08_07-31-59, for following calling party: 499951602065, for agent id: 3067, with error:Invalid XML content received (Start tag expected, '<' not found, line 1, column 1)
Wed, 08 Jan 2020 07:33:32 - INFO - Connect to DB
Wed, 08 Jan 2020 07:33:32 - INFO - TRIZMA DB import
Wed, 08 Jan 2020 07:33:32 - INFO - Failed on TRIZMA DB import at: 2020-01-08_07-31-59, for following calling party: 4934299570016, for agent id: trz_madamovic, with error:(pyodbc.DataError) ('22001', '[22001] [Microsoft][ODBC Driver 17 for SQL Server][SQL Server]String or binary data would be truncated. (8152) (SQLExecDirectW)')
[SQL: insert into records values('CC2Servicenummer','Belgrad','Nicht 端bermittelt','trz_madamovic',                                  '4934299570016','','Nicht 端bermittelt','4934299570016_Tuesday, December 31, 2019_10:35:00 AM')]
(Background on this error at: http://sqlalche.me/e/9h9h)
Wed, 08 Jan 2020 07:33:32 - INFO - 123TV DB import
Wed, 08 Jan 2020 07:33:37 - INFO - Failed on 123TV DB import at: 2020-01-08_07-31-59, for following calling party: 4934299570016, for agent id: 3067, with error:Invalid XML content received (Start tag expected, '<' not found, line 1, column 1)
Wed, 08 Jan 2020 07:35:58 - INFO - Connect to DB
Wed, 08 Jan 2020 07:35:58 - INFO - TRIZMA DB import
Wed, 08 Jan 2020 07:35:58 - INFO - 123TV DB import
Wed, 08 Jan 2020 07:36:03 - INFO - Failed on 123TV DB import at: 2020-01-08_07-31-59, for following calling party: 494489670620, for agent id: 3060, with error:Invalid XML content received (Start tag expected, '<' not found, line 1, column 1)
Wed, 08 Jan 2020 07:37:00 - INFO - Connect to DB
Wed, 08 Jan 2020 07:37:00 - INFO - TRIZMA DB import
Wed, 08 Jan 2020 07:37:00 - INFO - 123TV DB import
Wed, 08 Jan 2020 07:37:05 - INFO - Failed on 123TV DB import at: 2020-01-08_07-31-59, for following calling party: 4941668480189, for agent id: 3060, with error:Invalid XML content received (Start tag expected, '<' not found, line 1, column 1)
Wed, 08 Jan 2020 07:37:47 - INFO - Connect to DB
Wed, 08 Jan 2020 07:37:47 - INFO - TRIZMA DB import
Wed, 08 Jan 2020 07:37:47 - INFO - 123TV DB import
Wed, 08 Jan 2020 07:37:52 - INFO - Failed on 123TV DB import at: 2020-01-08_07-31-59, for following calling party: 49511739898, for agent id: 3046, with error:Invalid XML content received (Start tag expected, '<' not found, line 1, column 1)
Wed, 08 Jan 2020 07:42:44 - INFO - Connect to DB
Wed, 08 Jan 2020 07:42:44 - INFO - TRIZMA DB import
Wed, 08 Jan 2020 07:42:44 - INFO - 123TV DB import
Wed, 08 Jan 2020 07:42:49 - INFO - Failed on 123TV DB import at: 2020-01-08_07-31-59, for following calling party: 495101852390, for agent id: 3060, with error:Invalid XML content received (Start tag expected, '<' not found, line 1, column 1)
Wed, 08 Jan 2020 07:43:18 - INFO - Connect to DB
Wed, 08 Jan 2020 07:43:18 - INFO - TRIZMA DB import
Wed, 08 Jan 2020 07:43:18 - INFO - Failed on TRIZMA DB import at: 2020-01-08_07-31-59, for following calling party: 4934522602628, for agent id: trz_sstankovic, with error:(pyodbc.DataError) ('22001', '[22001] [Microsoft][ODBC Driver 17 for SQL Server][SQL Server]String or binary data would be truncated. (8152) (SQLExecDirectW)')
[SQL: insert into records values('CC2Servicenummer','Belgrad','Nicht 端bermittelt','trz_sstankovic',                                  '4934522602628','','Nicht 端bermittelt','4934522602628_Tuesday, December 31, 2019_11:24:24 AM')]
(Background on this error at: http://sqlalche.me/e/9h9h)
Wed, 08 Jan 2020 07:43:18 - INFO - 123TV DB import
Wed, 08 Jan 2020 07:43:23 - INFO - Failed on 123TV DB import at: 2020-01-08_07-31-59, for following calling party: 4934522602628, for agent id: 3046, with error:Invalid XML content received (Start tag expected, '<' not found, line 1, column 1)
