Mon, 06 Jan 2020 08:28:34 - INFO - Connect to DB
Mon, 06 Jan 2020 08:28:34 - INFO - TRIZMA DB import
Mon, 06 Jan 2020 08:28:34 - INFO - 123TV DB import
Mon, 06 Jan 2020 08:28:53 - INFO - Connect to DB
Mon, 06 Jan 2020 08:28:53 - INFO - TRIZMA DB import
Mon, 06 Jan 2020 08:28:53 - INFO - 123TV DB import
Mon, 06 Jan 2020 08:29:05 - INFO - Connect to DB
Mon, 06 Jan 2020 08:29:05 - INFO - TRIZMA DB import
Mon, 06 Jan 2020 08:29:05 - INFO - 123TV DB import
Mon, 06 Jan 2020 08:29:47 - INFO - Connect to DB
Mon, 06 Jan 2020 08:29:47 - INFO - TRIZMA DB import
Mon, 06 Jan 2020 08:29:47 - INFO - 123TV DB import
Mon, 06 Jan 2020 08:30:18 - INFO - Connect to DB
Mon, 06 Jan 2020 08:30:18 - INFO - TRIZMA DB import
Mon, 06 Jan 2020 08:30:18 - INFO - Failed on TRIZMA DB import at: 2020-01-06_08-22-24, for following calling party: 4938412430150, for agent id: trz_sstankovic, with error:(pyodbc.DataError) ('22001', '[22001] [Microsoft][ODBC Driver 17 for SQL Server][SQL Server]String or binary data would be truncated. (8152) (SQLExecDirectW)')
[SQL: insert into records values('CC2Servicenummer','Belgrad','Nicht 端bermittelt','trz_sstankovic',                                  '4938412430150','','Nicht 端bermittelt','4938412430150_Saturday, January 04, 2020_10:43:02 AM')]
(Background on this error at: http://sqlalche.me/e/9h9h)
Mon, 06 Jan 2020 08:30:18 - INFO - 123TV DB import
Mon, 06 Jan 2020 08:30:28 - INFO - Connect to DB
Mon, 06 Jan 2020 08:30:28 - INFO - TRIZMA DB import
Mon, 06 Jan 2020 08:30:28 - INFO - Failed on TRIZMA DB import at: 2020-01-06_08-22-24, for following calling party: 4934606367128, for agent id: trz_sstankovic, with error:(pyodbc.DataError) ('22001', '[22001] [Microsoft][ODBC Driver 17 for SQL Server][SQL Server]String or binary data would be truncated. (8152) (SQLExecDirectW)')
[SQL: insert into records values('CC2Servicenummer','Belgrad','Nicht 端bermittelt','trz_sstankovic',                                  '4934606367128','','Nicht 端bermittelt','4934606367128_Saturday, January 04, 2020_11:00:43 AM')]
(Background on this error at: http://sqlalche.me/e/9h9h)
Mon, 06 Jan 2020 08:30:28 - INFO - 123TV DB import
Mon, 06 Jan 2020 08:35:21 - INFO - Connect to DB
Mon, 06 Jan 2020 08:35:21 - INFO - TRIZMA DB import
Mon, 06 Jan 2020 08:35:21 - INFO - 123TV DB import
Mon, 06 Jan 2020 08:35:52 - INFO - Connect to DB
Mon, 06 Jan 2020 08:35:52 - INFO - TRIZMA DB import
Mon, 06 Jan 2020 08:35:52 - INFO - 123TV DB import
Mon, 06 Jan 2020 08:35:58 - INFO - Connect to DB
Mon, 06 Jan 2020 08:35:58 - INFO - TRIZMA DB import
Mon, 06 Jan 2020 08:35:58 - INFO - 123TV DB import
