Thu, 16 Jan 2020 10:01:53 - INFO - Connect to DB
Thu, 16 Jan 2020 10:01:53 - INFO - TRIZMA DB import
Thu, 16 Jan 2020 10:01:53 - INFO - Failed on TRIZMA DB import at: 2020-01-16_10-00-12, for following calling party: 491733241507, for agent id: trz_divankovic, with error:(pyodbc.DataError) ('22001', '[22001] [Microsoft][ODBC Driver 17 for SQL Server][SQL Server]String or binary data would be truncated. (8152) (SQLExecDirectW)')
[SQL: insert into records values('CC2Servicenummer','Belgrad','Nicht übermittelt','trz_divankovic',                                 '491733241507','','Nicht übermittelt','491733241507_Thursday, January 16, 2020_11:01:49 AM','DUS_IVANKO')]
(Background on this error at: http://sqlalche.me/e/9h9h)
Thu, 16 Jan 2020 10:01:53 - INFO - 123TV DB import
Thu, 16 Jan 2020 10:06:06 - INFO - Connect to DB
Thu, 16 Jan 2020 10:06:06 - INFO - TRIZMA DB import
Thu, 16 Jan 2020 10:06:06 - INFO - 123TV DB import
Thu, 16 Jan 2020 10:06:55 - INFO - Connect to DB
Thu, 16 Jan 2020 10:06:55 - INFO - TRIZMA DB import
Thu, 16 Jan 2020 10:06:55 - INFO - 123TV DB import
Thu, 16 Jan 2020 10:07:29 - INFO - Connect to DB
Thu, 16 Jan 2020 10:07:29 - INFO - TRIZMA DB import
Thu, 16 Jan 2020 10:07:29 - INFO - 123TV DB import
Thu, 16 Jan 2020 10:07:44 - INFO - Connect to DB
Thu, 16 Jan 2020 10:07:44 - INFO - TRIZMA DB import
Thu, 16 Jan 2020 10:07:45 - INFO - 123TV DB import
Thu, 16 Jan 2020 10:07:50 - INFO - Connect to DB
Thu, 16 Jan 2020 10:07:50 - INFO - TRIZMA DB import
Thu, 16 Jan 2020 10:07:50 - INFO - 123TV DB import
Thu, 16 Jan 2020 10:08:06 - INFO - Connect to DB
Thu, 16 Jan 2020 10:08:06 - INFO - TRIZMA DB import
Thu, 16 Jan 2020 10:08:06 - INFO - 123TV DB import
Thu, 16 Jan 2020 10:09:22 - INFO - Connect to DB
Thu, 16 Jan 2020 10:09:22 - INFO - TRIZMA DB import
Thu, 16 Jan 2020 10:09:22 - INFO - 123TV DB import
