Mon, 20 Jan 2020 07:18:33 - INFO - Connect to DB
Mon, 20 Jan 2020 07:18:33 - INFO - TRIZMA DB import
Mon, 20 Jan 2020 07:18:33 - INFO - 123TV DB import
Mon, 20 Jan 2020 07:24:52 - INFO - Connect to DB
Mon, 20 Jan 2020 07:24:52 - INFO - TRIZMA DB import
Mon, 20 Jan 2020 07:24:52 - INFO - 123TV DB import
Mon, 20 Jan 2020 07:25:09 - INFO - Connect to DB
Mon, 20 Jan 2020 07:25:09 - INFO - TRIZMA DB import
Mon, 20 Jan 2020 07:25:09 - INFO - 123TV DB import
Mon, 20 Jan 2020 07:25:41 - INFO - Connect to DB
Mon, 20 Jan 2020 07:25:41 - INFO - TRIZMA DB import
Mon, 20 Jan 2020 07:25:41 - INFO - 123TV DB import
Mon, 20 Jan 2020 07:27:12 - INFO - Connect to DB
Mon, 20 Jan 2020 07:27:12 - INFO - TRIZMA DB import
Mon, 20 Jan 2020 07:27:12 - INFO - 123TV DB import
Mon, 20 Jan 2020 07:27:29 - INFO - Connect to DB
Mon, 20 Jan 2020 07:27:29 - INFO - TRIZMA DB import
Mon, 20 Jan 2020 07:27:29 - INFO - 123TV DB import
Mon, 20 Jan 2020 07:27:40 - INFO - Connect to DB
Mon, 20 Jan 2020 07:27:40 - INFO - TRIZMA DB import
Mon, 20 Jan 2020 07:27:40 - INFO - 123TV DB import
Mon, 20 Jan 2020 07:28:14 - INFO - Connect to DB
Mon, 20 Jan 2020 07:28:14 - INFO - TRIZMA DB import
Mon, 20 Jan 2020 07:28:14 - INFO - 123TV DB import
Mon, 20 Jan 2020 07:28:20 - INFO - Connect to DB
Mon, 20 Jan 2020 07:28:20 - INFO - TRIZMA DB import
Mon, 20 Jan 2020 07:28:20 - INFO - 123TV DB import
Mon, 20 Jan 2020 07:28:43 - INFO - Connect to DB
Mon, 20 Jan 2020 07:28:44 - INFO - TRIZMA DB import
Mon, 20 Jan 2020 07:28:44 - INFO - 123TV DB import
Mon, 20 Jan 2020 07:30:13 - INFO - Connect to DB
Mon, 20 Jan 2020 07:30:13 - INFO - TRIZMA DB import
Mon, 20 Jan 2020 07:30:13 - INFO - 123TV DB import
Mon, 20 Jan 2020 07:30:44 - INFO - Connect to DB
Mon, 20 Jan 2020 07:30:44 - INFO - TRIZMA DB import
Mon, 20 Jan 2020 07:30:44 - INFO - 123TV DB import
Mon, 20 Jan 2020 07:30:59 - INFO - Connect to DB
Mon, 20 Jan 2020 07:30:59 - INFO - TRIZMA DB import
Mon, 20 Jan 2020 07:30:59 - INFO - 123TV DB import
Mon, 20 Jan 2020 07:31:33 - INFO - Connect to DB
Mon, 20 Jan 2020 07:31:33 - INFO - TRIZMA DB import
Mon, 20 Jan 2020 07:31:33 - INFO - Failed on TRIZMA DB import at: 2020-01-20_07-11-40, for following calling party: 491627242228, for agent id: trz_madamovic, with error:(pyodbc.DataError) ('22001', '[22001] [Microsoft][ODBC Driver 17 for SQL Server][SQL Server]String or binary data would be truncated. (8152) (SQLExecDirectW)')
[SQL: insert into records values('CC2Servicenummer','Belgrad','Nicht übermittelt','trz_madamovic',                                 '491627242228','','Nicht übermittelt','491627242228_Wednesday, January 15, 2020_5:18:03 PM','MIL_ADAMOV')]
(Background on this error at: http://sqlalche.me/e/9h9h)
Mon, 20 Jan 2020 07:31:33 - INFO - 123TV DB import
Mon, 20 Jan 2020 07:32:15 - INFO - Connect to DB
Mon, 20 Jan 2020 07:32:15 - INFO - TRIZMA DB import
Mon, 20 Jan 2020 07:32:15 - INFO - 123TV DB import
Mon, 20 Jan 2020 07:32:21 - INFO - Connect to DB
Mon, 20 Jan 2020 07:32:21 - INFO - TRIZMA DB import
Mon, 20 Jan 2020 07:32:21 - INFO - 123TV DB import
Mon, 20 Jan 2020 07:32:59 - INFO - Connect to DB
Mon, 20 Jan 2020 07:32:59 - INFO - TRIZMA DB import
Mon, 20 Jan 2020 07:32:59 - INFO - 123TV DB import
Mon, 20 Jan 2020 07:33:04 - INFO - Connect to DB
Mon, 20 Jan 2020 07:33:04 - INFO - TRIZMA DB import
Mon, 20 Jan 2020 07:33:04 - INFO - Failed on TRIZMA DB import at: 2020-01-20_07-11-40, for following calling party: 4915752492854, for agent id: trz_madamovic, with error:(pyodbc.DataError) ('22001', '[22001] [Microsoft][ODBC Driver 17 for SQL Server][SQL Server]String or binary data would be truncated. (8152) (SQLExecDirectW)')
[SQL: insert into records values('CC2Servicenummer','Belgrad','Nicht übermittelt','trz_madamovic',                                 '4915752492854','','Nicht übermittelt','4915752492854_Thursday, January 16, 2020_10:25:51 AM','MIL_ADAMOV')]
(Background on this error at: http://sqlalche.me/e/9h9h)
Mon, 20 Jan 2020 07:33:04 - INFO - 123TV DB import
Mon, 20 Jan 2020 07:33:36 - INFO - Connect to DB
Mon, 20 Jan 2020 07:33:36 - INFO - TRIZMA DB import
Mon, 20 Jan 2020 07:33:37 - INFO - Failed on TRIZMA DB import at: 2020-01-20_07-11-40, for following calling party: 493375292140, for agent id: trz_madamovic, with error:(pyodbc.DataError) ('22001', '[22001] [Microsoft][ODBC Driver 17 for SQL Server][SQL Server]String or binary data would be truncated. (8152) (SQLExecDirectW)')
[SQL: insert into records values('CC2Servicenummer','Belgrad','Nicht übermittelt','trz_madamovic',                                 '493375292140','','Nicht übermittelt','493375292140_Thursday, January 16, 2020_12:09:51 PM','MIL_ADAMOV')]
(Background on this error at: http://sqlalche.me/e/9h9h)
Mon, 20 Jan 2020 07:33:37 - INFO - 123TV DB import
Mon, 20 Jan 2020 07:33:54 - INFO - Connect to DB
Mon, 20 Jan 2020 07:33:54 - INFO - TRIZMA DB import
Mon, 20 Jan 2020 07:33:54 - INFO - 123TV DB import
Mon, 20 Jan 2020 07:34:27 - INFO - Connect to DB
Mon, 20 Jan 2020 07:34:28 - INFO - TRIZMA DB import
Mon, 20 Jan 2020 07:34:28 - INFO - 123TV DB import
Mon, 20 Jan 2020 07:34:33 - INFO - Connect to DB
Mon, 20 Jan 2020 07:34:33 - INFO - TRIZMA DB import
Mon, 20 Jan 2020 07:34:33 - INFO - 123TV DB import
Mon, 20 Jan 2020 07:35:16 - INFO - Connect to DB
Mon, 20 Jan 2020 07:35:16 - INFO - TRIZMA DB import
Mon, 20 Jan 2020 07:35:16 - INFO - 123TV DB import
Mon, 20 Jan 2020 07:36:01 - INFO - Connect to DB
Mon, 20 Jan 2020 07:36:01 - INFO - TRIZMA DB import
Mon, 20 Jan 2020 07:36:01 - INFO - 123TV DB import
Mon, 20 Jan 2020 07:36:26 - INFO - Connect to DB
Mon, 20 Jan 2020 07:36:26 - INFO - TRIZMA DB import
Mon, 20 Jan 2020 07:36:27 - INFO - 123TV DB import
Mon, 20 Jan 2020 07:37:19 - INFO - Connect to DB
Mon, 20 Jan 2020 07:37:19 - INFO - TRIZMA DB import
Mon, 20 Jan 2020 07:37:19 - INFO - 123TV DB import
Mon, 20 Jan 2020 07:37:31 - INFO - Connect to DB
Mon, 20 Jan 2020 07:37:31 - INFO - TRIZMA DB import
Mon, 20 Jan 2020 07:37:31 - INFO - 123TV DB import
Mon, 20 Jan 2020 07:38:31 - INFO - Connect to DB
Mon, 20 Jan 2020 07:38:31 - INFO - TRIZMA DB import
Mon, 20 Jan 2020 07:38:31 - INFO - 123TV DB import
Mon, 20 Jan 2020 07:40:06 - INFO - Connect to DB
Mon, 20 Jan 2020 07:40:06 - INFO - TRIZMA DB import
Mon, 20 Jan 2020 07:40:06 - INFO - Failed on TRIZMA DB import at: 2020-01-20_07-11-40, for following calling party: 4982329943810, for agent id: trz_madamovic, with error:(pyodbc.DataError) ('22001', '[22001] [Microsoft][ODBC Driver 17 for SQL Server][SQL Server]String or binary data would be truncated. (8152) (SQLExecDirectW)')
[SQL: insert into records values('CC2Servicenummer','Belgrad','Nicht übermittelt','trz_madamovic',                                 '4982329943810','','Nicht übermittelt','4982329943810_Saturday, January 18, 2020_7:05:45 PM','MIL_ADAMOV')]
(Background on this error at: http://sqlalche.me/e/9h9h)
Mon, 20 Jan 2020 07:40:06 - INFO - 123TV DB import
Mon, 20 Jan 2020 07:40:12 - INFO - Connect to DB
Mon, 20 Jan 2020 07:40:12 - INFO - TRIZMA DB import
Mon, 20 Jan 2020 07:40:12 - INFO - 123TV DB import
Mon, 20 Jan 2020 07:40:18 - INFO - Connect to DB
Mon, 20 Jan 2020 07:40:18 - INFO - TRIZMA DB import
Mon, 20 Jan 2020 07:40:18 - INFO - 123TV DB import
Mon, 20 Jan 2020 07:41:52 - INFO - Connect to DB
Mon, 20 Jan 2020 07:41:52 - INFO - TRIZMA DB import
Mon, 20 Jan 2020 07:41:52 - INFO - 123TV DB import
Mon, 20 Jan 2020 07:47:50 - INFO - Connect to DB
Mon, 20 Jan 2020 07:47:50 - INFO - TRIZMA DB import
Mon, 20 Jan 2020 07:47:50 - INFO - 123TV DB import
Mon, 20 Jan 2020 07:48:00 - INFO - Connect to DB
Mon, 20 Jan 2020 07:48:00 - INFO - TRIZMA DB import
Mon, 20 Jan 2020 07:48:01 - INFO - 123TV DB import
Mon, 20 Jan 2020 07:48:21 - INFO - Connect to DB
Mon, 20 Jan 2020 07:48:21 - INFO - TRIZMA DB import
Mon, 20 Jan 2020 07:48:21 - INFO - 123TV DB import
Mon, 20 Jan 2020 07:48:51 - INFO - Connect to DB
Mon, 20 Jan 2020 07:48:51 - INFO - TRIZMA DB import
Mon, 20 Jan 2020 07:48:51 - INFO - 123TV DB import
Mon, 20 Jan 2020 07:52:38 - INFO - Connect to DB
Mon, 20 Jan 2020 07:52:38 - INFO - TRIZMA DB import
Mon, 20 Jan 2020 07:52:38 - INFO - 123TV DB import
