Sat, 11 Jan 2020 11:55:36 - INFO - Connect to DB
Sat, 11 Jan 2020 11:55:37 - INFO - TRIZMA DB import
Sat, 11 Jan 2020 11:55:37 - INFO - Failed on TRIZMA DB import at: 2020-01-11_11-55-14, for following calling party: 493681374167, for agent id: trz_madamovic, with error:(pyodbc.DataError) ('22001', '[22001] [Microsoft][ODBC Driver 17 for SQL Server][SQL Server]String or binary data would be truncated. (8152) (SQLExecDirectW)')
[SQL: insert into records values('CC2Servicenummer','Belgrad','Nicht übermittelt','trz_madamovic',                                  '493681374167','','Nicht übermittelt','493681374167_Wednesday, January 01, 2020_6:20:16 PM')]
(Background on this error at: http://sqlalche.me/e/9h9h)
Sat, 11 Jan 2020 11:55:37 - INFO - 123TV DB import
Sat, 11 Jan 2020 11:55:42 - INFO - Failed on 123TV DB import at: 2020-01-11_11-55-14, for following calling party: 493681374167, for agent id: 3067, with error:Missing element acd_id (importCallMetaData.acd_id)
Sat, 11 Jan 2020 11:56:15 - INFO - Connect to DB
Sat, 11 Jan 2020 11:56:15 - INFO - TRIZMA DB import
Sat, 11 Jan 2020 11:56:15 - INFO - Failed on TRIZMA DB import at: 2020-01-11_11-55-14, for following calling party: 4922896690091, for agent id: trz_madamovic, with error:(pyodbc.DataError) ('22001', '[22001] [Microsoft][ODBC Driver 17 for SQL Server][SQL Server]String or binary data would be truncated. (8152) (SQLExecDirectW)')
[SQL: insert into records values('CC2Servicenummer','Belgrad','Nicht übermittelt','trz_madamovic',                                  '4922896690091','','Nicht übermittelt','4922896690091_Thursday, January 02, 2020_4:00:18 PM')]
(Background on this error at: http://sqlalche.me/e/9h9h)
Sat, 11 Jan 2020 11:56:15 - INFO - 123TV DB import
Sat, 11 Jan 2020 11:56:20 - INFO - Failed on 123TV DB import at: 2020-01-11_11-55-14, for following calling party: 4922896690091, for agent id: 3067, with error:Missing element acd_id (importCallMetaData.acd_id)
Sat, 11 Jan 2020 11:56:32 - INFO - Connect to DB
Sat, 11 Jan 2020 11:56:32 - INFO - TRIZMA DB import
Sat, 11 Jan 2020 11:56:32 - INFO - 123TV DB import
Sat, 11 Jan 2020 11:56:37 - INFO - Failed on 123TV DB import at: 2020-01-11_11-55-14, for following calling party: 491739914777, for agent id: 3155, with error:Missing element acd_id (importCallMetaData.acd_id)
Sat, 11 Jan 2020 11:57:02 - INFO - Connect to DB
Sat, 11 Jan 2020 11:57:02 - INFO - TRIZMA DB import
Sat, 11 Jan 2020 11:57:02 - INFO - 123TV DB import
Sat, 11 Jan 2020 11:57:07 - INFO - Failed on 123TV DB import at: 2020-01-11_11-55-14, for following calling party: 496172390245, for agent id: 3067, with error:Missing element acd_id (importCallMetaData.acd_id)
Sat, 11 Jan 2020 11:57:07 - INFO - Connect to DB
Sat, 11 Jan 2020 11:57:07 - INFO - TRIZMA DB import
Sat, 11 Jan 2020 11:57:08 - INFO - Failed on TRIZMA DB import at: 2020-01-11_11-55-14, for following calling party: 4971368304261, for agent id: trz_madamovic, with error:(pyodbc.DataError) ('22001', '[22001] [Microsoft][ODBC Driver 17 for SQL Server][SQL Server]String or binary data would be truncated. (8152) (SQLExecDirectW)')
[SQL: insert into records values('CC2Servicenummer','Belgrad','Nicht übermittelt','trz_madamovic',                                  '4971368304261','','Nicht übermittelt','4971368304261_Thursday, January 02, 2020_7:18:28 PM')]
(Background on this error at: http://sqlalche.me/e/9h9h)
Sat, 11 Jan 2020 11:57:08 - INFO - 123TV DB import
Sat, 11 Jan 2020 11:57:13 - INFO - Failed on 123TV DB import at: 2020-01-11_11-55-14, for following calling party: 4971368304261, for agent id: 3067, with error:Missing element acd_id (importCallMetaData.acd_id)
Sat, 11 Jan 2020 12:01:31 - INFO - Connect to DB
Sat, 11 Jan 2020 12:01:31 - INFO - TRIZMA DB import
Sat, 11 Jan 2020 12:01:31 - INFO - 123TV DB import
Sat, 11 Jan 2020 12:01:36 - INFO - Failed on 123TV DB import at: 2020-01-11_11-55-14, for following calling party: 493443209726, for agent id: 3105, with error:Missing element acd_id (importCallMetaData.acd_id)
Sat, 11 Jan 2020 12:02:24 - INFO - Connect to DB
Sat, 11 Jan 2020 12:02:24 - INFO - TRIZMA DB import
Sat, 11 Jan 2020 12:02:24 - INFO - Failed on TRIZMA DB import at: 2020-01-11_11-55-14, for following calling party: 4971368304261, for agent id: trz_madamovic, with error:(pyodbc.DataError) ('22001', '[22001] [Microsoft][ODBC Driver 17 for SQL Server][SQL Server]String or binary data would be truncated. (8152) (SQLExecDirectW)')
[SQL: insert into records values('CC2Servicenummer','Belgrad','Nicht übermittelt','trz_madamovic',                                  '4971368304261','','Nicht übermittelt','4971368304261_Thursday, January 02, 2020_7:39:23 PM')]
(Background on this error at: http://sqlalche.me/e/9h9h)
Sat, 11 Jan 2020 12:02:24 - INFO - 123TV DB import
Sat, 11 Jan 2020 12:02:29 - INFO - Failed on 123TV DB import at: 2020-01-11_11-55-14, for following calling party: 4971368304261, for agent id: 3067, with error:Missing element acd_id (importCallMetaData.acd_id)
Sat, 11 Jan 2020 12:03:47 - INFO - Connect to DB
Sat, 11 Jan 2020 12:03:47 - INFO - TRIZMA DB import
Sat, 11 Jan 2020 12:03:47 - INFO - 123TV DB import
Sat, 11 Jan 2020 12:03:52 - INFO - Failed on 123TV DB import at: 2020-01-11_11-55-14, for following calling party: 4946311420, for agent id: 3067, with error:Missing element acd_id (importCallMetaData.acd_id)
Sat, 11 Jan 2020 12:04:20 - INFO - Connect to DB
Sat, 11 Jan 2020 12:04:20 - INFO - TRIZMA DB import
Sat, 11 Jan 2020 12:04:20 - INFO - 123TV DB import
Sat, 11 Jan 2020 12:04:25 - INFO - Failed on 123TV DB import at: 2020-01-11_11-55-14, for following calling party: 493039373459, for agent id: 3067, with error:Missing element acd_id (importCallMetaData.acd_id)
Sat, 11 Jan 2020 12:04:26 - INFO - Connect to DB
Sat, 11 Jan 2020 12:04:26 - INFO - TRIZMA DB import
Sat, 11 Jan 2020 12:04:26 - INFO - 123TV DB import
Sat, 11 Jan 2020 12:04:31 - INFO - Failed on 123TV DB import at: 2020-01-11_11-55-14, for following calling party: 49372132733, for agent id: 3067, with error:Missing element acd_id (importCallMetaData.acd_id)
Sat, 11 Jan 2020 12:04:45 - INFO - Connect to DB
Sat, 11 Jan 2020 12:04:45 - INFO - TRIZMA DB import
Sat, 11 Jan 2020 12:04:45 - INFO - 123TV DB import
Sat, 11 Jan 2020 12:04:50 - INFO - Failed on 123TV DB import at: 2020-01-11_11-55-14, for following calling party: 49372034215, for agent id: 3067, with error:Missing element acd_id (importCallMetaData.acd_id)
Sat, 11 Jan 2020 12:04:51 - INFO - Connect to DB
Sat, 11 Jan 2020 12:04:51 - INFO - TRIZMA DB import
Sat, 11 Jan 2020 12:04:51 - INFO - 123TV DB import
Sat, 11 Jan 2020 12:04:56 - INFO - Failed on 123TV DB import at: 2020-01-11_11-55-14, for following calling party: 498974419500, for agent id: 3067, with error:Missing element acd_id (importCallMetaData.acd_id)
Sat, 11 Jan 2020 12:06:03 - INFO - Connect to DB
Sat, 11 Jan 2020 12:06:03 - INFO - TRIZMA DB import
Sat, 11 Jan 2020 12:06:03 - INFO - Failed on TRIZMA DB import at: 2020-01-11_11-55-14, for following calling party: 49371511732, for agent id: trz_madamovic, with error:(pyodbc.DataError) ('22001', '[22001] [Microsoft][ODBC Driver 17 for SQL Server][SQL Server]String or binary data would be truncated. (8152) (SQLExecDirectW)')
[SQL: insert into records values('CC2Servicenummer','Belgrad','Nicht übermittelt','trz_madamovic',                                  '49371511732','','Nicht übermittelt','49371511732_Wednesday, January 08, 2020_10:01:06 AM')]
(Background on this error at: http://sqlalche.me/e/9h9h)
Sat, 11 Jan 2020 12:06:03 - INFO - 123TV DB import
Sat, 11 Jan 2020 12:06:08 - INFO - Failed on 123TV DB import at: 2020-01-11_11-55-14, for following calling party: 49371511732, for agent id: 3067, with error:Missing element acd_id (importCallMetaData.acd_id)
Sat, 11 Jan 2020 12:06:14 - INFO - Connect to DB
Sat, 11 Jan 2020 12:06:14 - INFO - TRIZMA DB import
Sat, 11 Jan 2020 12:06:14 - INFO - Failed on TRIZMA DB import at: 2020-01-11_11-55-14, for following calling party: 491722369325, for agent id: trz_madamovic, with error:(pyodbc.DataError) ('22001', '[22001] [Microsoft][ODBC Driver 17 for SQL Server][SQL Server]String or binary data would be truncated. (8152) (SQLExecDirectW)')
[SQL: insert into records values('CC2Servicenummer','Belgrad','Nicht übermittelt','trz_madamovic',                                  '491722369325','','Nicht übermittelt','491722369325_Wednesday, January 08, 2020_10:57:51 AM')]
(Background on this error at: http://sqlalche.me/e/9h9h)
Sat, 11 Jan 2020 12:06:14 - INFO - 123TV DB import
Sat, 11 Jan 2020 12:06:19 - INFO - Failed on 123TV DB import at: 2020-01-11_11-55-14, for following calling party: 491722369325, for agent id: 3067, with error:Missing element acd_id (importCallMetaData.acd_id)
Sat, 11 Jan 2020 12:14:41 - INFO - Connect to DB
Sat, 11 Jan 2020 12:14:41 - INFO - TRIZMA DB import
Sat, 11 Jan 2020 12:14:41 - INFO - Failed on TRIZMA DB import at: 2020-01-11_11-55-14, for following calling party: 4982219641166, for agent id: trz_madamovic, with error:(pyodbc.DataError) ('22001', '[22001] [Microsoft][ODBC Driver 17 for SQL Server][SQL Server]String or binary data would be truncated. (8152) (SQLExecDirectW)')
[SQL: insert into records values('CC2Servicenummer','Belgrad','Nicht übermittelt','trz_madamovic',                                  '4982219641166','','Nicht übermittelt','4982219641166_Wednesday, January 08, 2020_2:41:37 PM')]
(Background on this error at: http://sqlalche.me/e/9h9h)
Sat, 11 Jan 2020 12:14:41 - INFO - 123TV DB import
Sat, 11 Jan 2020 12:14:46 - INFO - Failed on 123TV DB import at: 2020-01-11_11-55-14, for following calling party: 4982219641166, for agent id: 3067, with error:Missing element acd_id (importCallMetaData.acd_id)
Sat, 11 Jan 2020 12:14:47 - INFO - Connect to DB
Sat, 11 Jan 2020 12:14:47 - INFO - TRIZMA DB import
Sat, 11 Jan 2020 12:14:47 - INFO - 123TV DB import
Sat, 11 Jan 2020 12:14:52 - INFO - Failed on 123TV DB import at: 2020-01-11_11-55-14, for following calling party: 49613288562, for agent id: 3067, with error:Missing element acd_id (importCallMetaData.acd_id)
Sat, 11 Jan 2020 12:20:18 - INFO - Connect to DB
Sat, 11 Jan 2020 12:20:18 - INFO - TRIZMA DB import
Sat, 11 Jan 2020 12:20:18 - INFO - 123TV DB import
Sat, 11 Jan 2020 12:20:23 - INFO - Failed on 123TV DB import at: 2020-01-11_11-55-14, for following calling party: 491789729845, for agent id: 3067, with error:Missing element acd_id (importCallMetaData.acd_id)
Sat, 11 Jan 2020 12:21:45 - INFO - Connect to DB
Sat, 11 Jan 2020 12:21:45 - INFO - TRIZMA DB import
Sat, 11 Jan 2020 12:21:46 - INFO - 123TV DB import
Sat, 11 Jan 2020 12:21:51 - INFO - Failed on 123TV DB import at: 2020-01-11_11-55-14, for following calling party: 496722409005, for agent id: 3036, with error:Missing element acd_id (importCallMetaData.acd_id)
Sat, 11 Jan 2020 12:25:24 - INFO - Connect to DB
Sat, 11 Jan 2020 12:25:24 - INFO - TRIZMA DB import
Sat, 11 Jan 2020 12:25:24 - INFO - 123TV DB import
Sat, 11 Jan 2020 12:25:29 - INFO - Failed on 123TV DB import at: 2020-01-11_11-55-14, for following calling party: 493814538553, for agent id: 3067, with error:Missing element acd_id (importCallMetaData.acd_id)
Sat, 11 Jan 2020 12:35:35 - INFO - Connect to DB
Sat, 11 Jan 2020 12:35:35 - INFO - TRIZMA DB import
Sat, 11 Jan 2020 12:35:35 - INFO - 123TV DB import
Sat, 11 Jan 2020 12:35:40 - INFO - Failed on 123TV DB import at: 2020-01-11_11-55-14, for following calling party: 493512845163, for agent id: 3067, with error:Missing element acd_id (importCallMetaData.acd_id)
