Fri, 10 Jan 2020 18:44:44 - INFO - Connect to DB
Fri, 10 Jan 2020 18:44:44 - INFO - TRIZMA DB import
Fri, 10 Jan 2020 18:44:44 - INFO - 123TV DB import
Sat, 11 Jan 2020 07:32:08 - INFO - Connect to DB
Sat, 11 Jan 2020 07:32:08 - INFO - TRIZMA DB import
Sat, 11 Jan 2020 07:32:08 - INFO - Failed on TRIZMA DB import at: 2020-01-10_18-15-06, for following calling party: 4986691308427, for agent id: trz_divankovic, with error:(pyodbc.DataError) ('22001', '[22001] [Microsoft][ODBC Driver 17 for SQL Server][SQL Server]String or binary data would be truncated. (8152) (SQLExecDirectW)')
[SQL: insert into records values('CC2Servicenummer','Belgrad','Nicht übermittelt','trz_divankovic',                                  '4986691308427','','Nicht übermittelt','4986691308427_Saturday, January 11, 2020_8:32:03 AM')]
(Background on this error at: http://sqlalche.me/e/9h9h)
Sat, 11 Jan 2020 07:32:08 - INFO - 123TV DB import
Sat, 11 Jan 2020 07:32:13 - INFO - Failed on 123TV DB import at: 2020-01-10_18-15-06, for following calling party: 4986691308427, for agent id: 3019, with error:Missing element acd_id (importCallMetaData.acd_id)
Sat, 11 Jan 2020 07:42:42 - INFO - Connect to DB
Sat, 11 Jan 2020 07:42:42 - INFO - TRIZMA DB import
Sat, 11 Jan 2020 07:42:42 - INFO - 123TV DB import
Sat, 11 Jan 2020 07:42:47 - INFO - Failed on 123TV DB import at: 2020-01-10_18-15-06, for following calling party: 4917661914732, for agent id: 3117, with error:Missing element acd_id (importCallMetaData.acd_id)
Sat, 11 Jan 2020 07:43:58 - INFO - Connect to DB
Sat, 11 Jan 2020 07:43:58 - INFO - TRIZMA DB import
Sat, 11 Jan 2020 07:43:58 - INFO - 123TV DB import
Sat, 11 Jan 2020 07:44:03 - INFO - Failed on 123TV DB import at: 2020-01-10_18-15-06, for following calling party: 4922376299844, for agent id: 3117, with error:Missing element acd_id (importCallMetaData.acd_id)
Sat, 11 Jan 2020 07:50:52 - INFO - Connect to DB
Sat, 11 Jan 2020 07:50:52 - INFO - TRIZMA DB import
Sat, 11 Jan 2020 07:50:52 - INFO - 123TV DB import
Sat, 11 Jan 2020 07:50:57 - INFO - Failed on 123TV DB import at: 2020-01-10_18-15-06, for following calling party: 496936603680, for agent id: 3117, with error:Missing element acd_id (importCallMetaData.acd_id)
