Fri, 03 Jan 2020 11:30:34 - INFO - Connect to DB
Fri, 03 Jan 2020 11:30:35 - INFO - TRIZMA DB import
Fri, 03 Jan 2020 11:30:35 - INFO - Failed on TRIZMA DB import at: 2020-01-03_11-29-54, for following calling party: 496331230999, for agent id: trz_madamovic, with error:(pyodbc.DataError) ('22001', '[22001] [Microsoft][ODBC Driver 17 for SQL Server][SQL Server]String or binary data would be truncated. (8152) (SQLExecDirectW)')
[SQL: insert into records values('CC2Servicenummer','Belgrad','Nicht übermittelt','trz_madamovic',                                  '496331230999','','Nicht übermittelt','496331230999_Wednesday, January 01, 2020_6:43:57 PM')]
(Background on this error at: http://sqlalche.me/e/9h9h)
Fri, 03 Jan 2020 11:30:35 - INFO - 123TV DB import
Fri, 03 Jan 2020 11:30:40 - INFO - Connect to DB
Fri, 03 Jan 2020 11:30:40 - INFO - TRIZMA DB import
Fri, 03 Jan 2020 11:30:40 - INFO - Failed on TRIZMA DB import at: 2020-01-03_11-29-54, for following calling party: 493457764366, for agent id: trz_madamovic, with error:(pyodbc.DataError) ('22001', '[22001] [Microsoft][ODBC Driver 17 for SQL Server][SQL Server]String or binary data would be truncated. (8152) (SQLExecDirectW)')
[SQL: insert into records values('CC2Servicenummer','Belgrad','Nicht übermittelt','trz_madamovic',                                  '493457764366','','Nicht übermittelt','493457764366_Wednesday, January 01, 2020_7:24:53 PM')]
(Background on this error at: http://sqlalche.me/e/9h9h)
Fri, 03 Jan 2020 11:30:40 - INFO - 123TV DB import
Fri, 03 Jan 2020 11:30:46 - INFO - Connect to DB
Fri, 03 Jan 2020 11:30:46 - INFO - TRIZMA DB import
Fri, 03 Jan 2020 11:30:46 - INFO - Failed on TRIZMA DB import at: 2020-01-03_11-29-54, for following calling party: 4938218898616, for agent id: trz_madamovic, with error:(pyodbc.DataError) ('22001', '[22001] [Microsoft][ODBC Driver 17 for SQL Server][SQL Server]String or binary data would be truncated. (8152) (SQLExecDirectW)')
[SQL: insert into records values('CC2Servicenummer','Belgrad','Nicht übermittelt','trz_madamovic',                                  '4938218898616','','Nicht übermittelt','4938218898616_Thursday, January 02, 2020_12:47:51 PM')]
(Background on this error at: http://sqlalche.me/e/9h9h)
Fri, 03 Jan 2020 11:30:46 - INFO - 123TV DB import
Fri, 03 Jan 2020 11:31:46 - INFO - Connect to DB
Fri, 03 Jan 2020 11:31:46 - INFO - TRIZMA DB import
Fri, 03 Jan 2020 11:31:46 - INFO - 123TV DB import
