Mon, 20 Jan 2020 09:48:02 - INFO - Connect to DB
Mon, 20 Jan 2020 09:48:03 - INFO - TRIZMA DB import
Mon, 20 Jan 2020 09:48:03 - INFO - Failed on TRIZMA DB import at: 2020-01-20_09-45-50, for following calling party: 494036195414, for agent id: trz_bmaksimovic, with error:(pyodbc.DataError) ('22001', '[22001] [Microsoft][ODBC Driver 17 for SQL Server][SQL Server]String or binary data would be truncated. (8152) (SQLExecDirectW)')
[SQL: insert into records values('CC2Servicenummer','Belgrad','Nicht übermittelt','trz_bmaksimovic',                                 '494036195414','','Nicht übermittelt','494036195414_Wednesday, January 15, 2020_11:51:04 AM','BOR_MAKSIM')]
(Background on this error at: http://sqlalche.me/e/9h9h)
Mon, 20 Jan 2020 09:48:03 - INFO - 123TV DB import
Mon, 20 Jan 2020 09:51:29 - INFO - Connect to DB
Mon, 20 Jan 2020 09:51:29 - INFO - TRIZMA DB import
Mon, 20 Jan 2020 09:51:29 - INFO - 123TV DB import
Mon, 20 Jan 2020 09:51:53 - INFO - Connect to DB
Mon, 20 Jan 2020 09:51:53 - INFO - TRIZMA DB import
Mon, 20 Jan 2020 09:51:53 - INFO - 123TV DB import
Mon, 20 Jan 2020 09:52:16 - INFO - Connect to DB
Mon, 20 Jan 2020 09:52:16 - INFO - TRIZMA DB import
Mon, 20 Jan 2020 09:52:16 - INFO - Failed on TRIZMA DB import at: 2020-01-20_09-45-50, for following calling party: 49394838993, for agent id: trz_bmaksimovic, with error:(pyodbc.DataError) ('22001', '[22001] [Microsoft][ODBC Driver 17 for SQL Server][SQL Server]String or binary data would be truncated. (8152) (SQLExecDirectW)')
[SQL: insert into records values('CC2Servicenummer','Belgrad','Nicht übermittelt','trz_bmaksimovic',                                 '49394838993','','Nicht übermittelt','49394838993_Wednesday, January 15, 2020_12:56:26 PM','BOR_MAKSIM')]
(Background on this error at: http://sqlalche.me/e/9h9h)
Mon, 20 Jan 2020 09:52:16 - INFO - 123TV DB import
Mon, 20 Jan 2020 09:53:45 - INFO - Connect to DB
Mon, 20 Jan 2020 09:53:45 - INFO - TRIZMA DB import
Mon, 20 Jan 2020 09:53:45 - INFO - 123TV DB import
Mon, 20 Jan 2020 09:55:28 - INFO - Connect to DB
Mon, 20 Jan 2020 09:55:28 - INFO - TRIZMA DB import
Mon, 20 Jan 2020 09:55:28 - INFO - 123TV DB import
Mon, 20 Jan 2020 09:59:28 - INFO - Connect to DB
Mon, 20 Jan 2020 09:59:28 - INFO - TRIZMA DB import
Mon, 20 Jan 2020 09:59:28 - INFO - 123TV DB import
Mon, 20 Jan 2020 09:59:48 - INFO - Connect to DB
Mon, 20 Jan 2020 09:59:48 - INFO - TRIZMA DB import
Mon, 20 Jan 2020 09:59:48 - INFO - Failed on TRIZMA DB import at: 2020-01-20_09-45-50, for following calling party: 4915739640094, for agent id: trz_bmaksimovic, with error:(pyodbc.DataError) ('22001', '[22001] [Microsoft][ODBC Driver 17 for SQL Server][SQL Server]String or binary data would be truncated. (8152) (SQLExecDirectW)')
[SQL: insert into records values('CC2Servicenummer','Belgrad','Nicht übermittelt','trz_bmaksimovic',                                 '4915739640094','','Nicht übermittelt','4915739640094_Wednesday, January 15, 2020_6:33:49 PM','BOR_MAKSIM')]
(Background on this error at: http://sqlalche.me/e/9h9h)
Mon, 20 Jan 2020 09:59:48 - INFO - 123TV DB import
Mon, 20 Jan 2020 10:00:21 - INFO - Connect to DB
Mon, 20 Jan 2020 10:00:21 - INFO - TRIZMA DB import
Mon, 20 Jan 2020 10:00:21 - INFO - 123TV DB import
Mon, 20 Jan 2020 10:00:28 - INFO - Connect to DB
Mon, 20 Jan 2020 10:00:28 - INFO - TRIZMA DB import
Mon, 20 Jan 2020 10:00:28 - INFO - 123TV DB import
Mon, 20 Jan 2020 10:00:49 - INFO - Connect to DB
Mon, 20 Jan 2020 10:00:49 - INFO - TRIZMA DB import
Mon, 20 Jan 2020 10:00:49 - INFO - 123TV DB import
Mon, 20 Jan 2020 10:00:55 - INFO - Connect to DB
Mon, 20 Jan 2020 10:00:55 - INFO - TRIZMA DB import
Mon, 20 Jan 2020 10:00:55 - INFO - 123TV DB import
Mon, 20 Jan 2020 10:01:23 - INFO - Connect to DB
Mon, 20 Jan 2020 10:01:23 - INFO - TRIZMA DB import
Mon, 20 Jan 2020 10:01:23 - INFO - Failed on TRIZMA DB import at: 2020-01-20_09-45-50, for following calling party: 493687470105, for agent id: trz_asilni, with error:(pyodbc.DataError) ('22001', '[22001] [Microsoft][ODBC Driver 17 for SQL Server][SQL Server]String or binary data would be truncated. (8152) (SQLExecDirectW)')
[SQL: insert into records values('CC2Servicenummer','Belgrad','Nicht übermittelt','trz_asilni',                                 '493687470105','','Nicht übermittelt','493687470105_Wednesday, January 15, 2020_12:33:01 PM','ANA_SILNI')]
(Background on this error at: http://sqlalche.me/e/9h9h)
Mon, 20 Jan 2020 10:01:23 - INFO - 123TV DB import
Mon, 20 Jan 2020 10:02:02 - INFO - Connect to DB
Mon, 20 Jan 2020 10:02:02 - INFO - TRIZMA DB import
Mon, 20 Jan 2020 10:02:02 - INFO - Failed on TRIZMA DB import at: 2020-01-20_09-45-50, for following calling party: 499254953364, for agent id: trz_asilni, with error:(pyodbc.DataError) ('22001', '[22001] [Microsoft][ODBC Driver 17 for SQL Server][SQL Server]String or binary data would be truncated. (8152) (SQLExecDirectW)')
[SQL: insert into records values('CC2Servicenummer','Belgrad','Nicht übermittelt','trz_asilni',                                 '499254953364','','Nicht übermittelt','499254953364_Wednesday, January 15, 2020_2:26:38 PM','ANA_SILNI')]
(Background on this error at: http://sqlalche.me/e/9h9h)
Mon, 20 Jan 2020 10:02:02 - INFO - 123TV DB import
Mon, 20 Jan 2020 10:02:48 - INFO - Connect to DB
Mon, 20 Jan 2020 10:02:48 - INFO - TRIZMA DB import
Mon, 20 Jan 2020 10:02:48 - INFO - 123TV DB import
Mon, 20 Jan 2020 10:03:42 - INFO - Connect to DB
Mon, 20 Jan 2020 10:03:42 - INFO - TRIZMA DB import
Mon, 20 Jan 2020 10:03:42 - INFO - Failed on TRIZMA DB import at: 2020-01-20_09-45-50, for following calling party: 491624977905, for agent id: trz_asilni, with error:(pyodbc.DataError) ('22001', '[22001] [Microsoft][ODBC Driver 17 for SQL Server][SQL Server]String or binary data would be truncated. (8152) (SQLExecDirectW)')
[SQL: insert into records values('CC2Servicenummer','Belgrad','Nicht übermittelt','trz_asilni',                                 '491624977905','','Nicht übermittelt','491624977905_Wednesday, January 15, 2020_6:34:50 PM','ANA_SILNI')]
(Background on this error at: http://sqlalche.me/e/9h9h)
Mon, 20 Jan 2020 10:03:42 - INFO - 123TV DB import
Mon, 20 Jan 2020 10:03:48 - INFO - Connect to DB
Mon, 20 Jan 2020 10:03:48 - INFO - TRIZMA DB import
Mon, 20 Jan 2020 10:03:48 - INFO - Failed on TRIZMA DB import at: 2020-01-20_09-45-50, for following calling party: 493842226446, for agent id: trz_asilni, with error:(pyodbc.DataError) ('22001', '[22001] [Microsoft][ODBC Driver 17 for SQL Server][SQL Server]String or binary data would be truncated. (8152) (SQLExecDirectW)')
[SQL: insert into records values('CC2Servicenummer','Belgrad','Nicht übermittelt','trz_asilni',                                 '493842226446','','Nicht übermittelt','493842226446_Wednesday, January 15, 2020_6:54:27 PM','ANA_SILNI')]
(Background on this error at: http://sqlalche.me/e/9h9h)
Mon, 20 Jan 2020 10:03:48 - INFO - 123TV DB import
Mon, 20 Jan 2020 10:03:58 - INFO - Connect to DB
Mon, 20 Jan 2020 10:03:58 - INFO - TRIZMA DB import
Mon, 20 Jan 2020 10:03:58 - INFO - 123TV DB import
Mon, 20 Jan 2020 10:05:07 - INFO - Connect to DB
Mon, 20 Jan 2020 10:05:07 - INFO - TRIZMA DB import
Mon, 20 Jan 2020 10:05:07 - INFO - 123TV DB import
Mon, 20 Jan 2020 10:05:24 - INFO - Connect to DB
Mon, 20 Jan 2020 10:05:24 - INFO - TRIZMA DB import
Mon, 20 Jan 2020 10:05:24 - INFO - 123TV DB import
