Sat, 18 Jan 2020 10:39:24 - INFO - Connect to DB
Sat, 18 Jan 2020 10:39:24 - INFO - TRIZMA DB import
Sat, 18 Jan 2020 10:39:24 - INFO - 123TV DB import
Sat, 18 Jan 2020 10:50:07 - INFO - Connect to DB
Sat, 18 Jan 2020 10:50:07 - INFO - TRIZMA DB import
Sat, 18 Jan 2020 10:50:07 - INFO - 123TV DB import
Sat, 18 Jan 2020 10:50:12 - INFO - Connect to DB
Sat, 18 Jan 2020 10:50:12 - INFO - TRIZMA DB import
Sat, 18 Jan 2020 10:50:12 - INFO - Failed on TRIZMA DB import at: 2020-01-18_10-19-48, for following calling party: 498949000874, for agent id: trz_sstankovic, with error:(pyodbc.DataError) ('22001', '[22001] [Microsoft][ODBC Driver 17 for SQL Server][SQL Server]String or binary data would be truncated. (8152) (SQLExecDirectW)')
[SQL: insert into records values('CC2Servicenummer','Belgrad','Nicht 端bermittelt','trz_sstankovic',                                 '498949000874','','Nicht 端bermittelt','498949000874_Saturday, January 18, 2020_11:50:09 AM','SAR_STANKO')]
(Background on this error at: http://sqlalche.me/e/9h9h)
Sat, 18 Jan 2020 10:50:12 - INFO - 123TV DB import
Sat, 18 Jan 2020 10:56:04 - INFO - Connect to DB
Sat, 18 Jan 2020 10:56:04 - INFO - TRIZMA DB import
Sat, 18 Jan 2020 10:56:05 - INFO - 123TV DB import
Sat, 18 Jan 2020 10:57:01 - INFO - Connect to DB
Sat, 18 Jan 2020 10:57:01 - INFO - TRIZMA DB import
Sat, 18 Jan 2020 10:57:01 - INFO - 123TV DB import
Sat, 18 Jan 2020 10:58:22 - INFO - Connect to DB
Sat, 18 Jan 2020 10:58:22 - INFO - TRIZMA DB import
Sat, 18 Jan 2020 10:58:22 - INFO - 123TV DB import
Sat, 18 Jan 2020 10:58:53 - INFO - Connect to DB
Sat, 18 Jan 2020 10:58:53 - INFO - TRIZMA DB import
Sat, 18 Jan 2020 10:58:53 - INFO - 123TV DB import
Sat, 18 Jan 2020 11:00:18 - INFO - Connect to DB
Sat, 18 Jan 2020 11:00:18 - INFO - TRIZMA DB import
Sat, 18 Jan 2020 11:00:18 - INFO - Failed on TRIZMA DB import at: 2020-01-18_10-19-48, for following calling party: 493054591525, for agent id: trz_asilni, with error:(pyodbc.DataError) ('22001', '[22001] [Microsoft][ODBC Driver 17 for SQL Server][SQL Server]String or binary data would be truncated. (8152) (SQLExecDirectW)')
[SQL: insert into records values('CC2Servicenummer','Belgrad','Nicht 端bermittelt','trz_asilni',                                 '493054591525','','Nicht 端bermittelt','493054591525_Wednesday, January 15, 2020_5:26:09 PM','ANA_SILNI')]
(Background on this error at: http://sqlalche.me/e/9h9h)
Sat, 18 Jan 2020 11:00:18 - INFO - 123TV DB import
Sat, 18 Jan 2020 11:02:05 - INFO - Connect to DB
Sat, 18 Jan 2020 11:02:05 - INFO - TRIZMA DB import
Sat, 18 Jan 2020 11:02:06 - INFO - 123TV DB import
