Sat, 18 Jan 2020 18:35:03 - INFO - Connect to DB
Sat, 18 Jan 2020 18:35:03 - INFO - TRIZMA DB import
Sat, 18 Jan 2020 18:35:03 - INFO - Failed on TRIZMA DB import at: 2020-01-18_18-33-19, for following calling party: 4971368304261, for agent id: trz_tjurjevic, with error:(pyodbc.DataError) ('22001', '[22001] [Microsoft][ODBC Driver 17 for SQL Server][SQL Server]String or binary data would be truncated. (8152) (SQLExecDirectW)')
[SQL: insert into records values('CC2Servicenummer','Belgrad','Nicht übermittelt','trz_tjurjevic',                                 '4971368304261','','Nicht übermittelt','4971368304261_Saturday, January 18, 2020_7:35:01 PM','TAT_JURJEV')]
(Background on this error at: http://sqlalche.me/e/9h9h)
Sat, 18 Jan 2020 18:35:03 - INFO - 123TV DB import
Sat, 18 Jan 2020 18:36:17 - INFO - Connect to DB
Sat, 18 Jan 2020 18:36:17 - INFO - TRIZMA DB import
Sat, 18 Jan 2020 18:36:17 - INFO - 123TV DB import
Sat, 18 Jan 2020 19:00:55 - INFO - Connect to DB
Sat, 18 Jan 2020 19:00:55 - INFO - TRIZMA DB import
Sat, 18 Jan 2020 19:00:55 - INFO - 123TV DB import
Sun, 19 Jan 2020 07:09:53 - INFO - Connect to DB
Sun, 19 Jan 2020 07:09:53 - INFO - TRIZMA DB import
Sun, 19 Jan 2020 07:09:53 - INFO - 123TV DB import
Sun, 19 Jan 2020 07:16:53 - INFO - Connect to DB
Sun, 19 Jan 2020 07:16:53 - INFO - TRIZMA DB import
Sun, 19 Jan 2020 07:16:53 - INFO - 123TV DB import
Sun, 19 Jan 2020 07:18:00 - INFO - Connect to DB
Sun, 19 Jan 2020 07:18:00 - INFO - TRIZMA DB import
Sun, 19 Jan 2020 07:18:00 - INFO - 123TV DB import
Sun, 19 Jan 2020 07:23:51 - INFO - Connect to DB
Sun, 19 Jan 2020 07:23:51 - INFO - TRIZMA DB import
Sun, 19 Jan 2020 07:23:51 - INFO - 123TV DB import
Sun, 19 Jan 2020 07:24:16 - INFO - Connect to DB
Sun, 19 Jan 2020 07:24:17 - INFO - TRIZMA DB import
Sun, 19 Jan 2020 07:24:17 - INFO - 123TV DB import
Sun, 19 Jan 2020 07:25:04 - INFO - Connect to DB
Sun, 19 Jan 2020 07:25:04 - INFO - TRIZMA DB import
Sun, 19 Jan 2020 07:25:04 - INFO - 123TV DB import
Sun, 19 Jan 2020 07:25:44 - INFO - Connect to DB
Sun, 19 Jan 2020 07:25:44 - INFO - TRIZMA DB import
Sun, 19 Jan 2020 07:25:44 - INFO - Failed on TRIZMA DB import at: 2020-01-18_18-33-19, for following calling party: 4917637997039, for agent id: trz_sstankovic, with error:(pyodbc.DataError) ('22001', '[22001] [Microsoft][ODBC Driver 17 for SQL Server][SQL Server]String or binary data would be truncated. (8152) (SQLExecDirectW)')
[SQL: insert into records values('CC2Servicenummer','Belgrad','Nicht übermittelt','trz_sstankovic',                                 '4917637997039','','Nicht übermittelt','4917637997039_Saturday, January 18, 2020_8:51:47 AM','SAR_STANKO')]
(Background on this error at: http://sqlalche.me/e/9h9h)
Sun, 19 Jan 2020 07:25:44 - INFO - 123TV DB import
Sun, 19 Jan 2020 07:26:15 - INFO - Connect to DB
Sun, 19 Jan 2020 07:26:15 - INFO - TRIZMA DB import
Sun, 19 Jan 2020 07:26:15 - INFO - 123TV DB import
Sun, 19 Jan 2020 07:32:11 - INFO - Connect to DB
Sun, 19 Jan 2020 07:32:11 - INFO - TRIZMA DB import
Sun, 19 Jan 2020 07:32:11 - INFO - Failed on TRIZMA DB import at: 2020-01-18_18-33-19, for following calling party: 4915202411768, for agent id: trz_sstankovic, with error:(pyodbc.DataError) ('22001', '[22001] [Microsoft][ODBC Driver 17 for SQL Server][SQL Server]String or binary data would be truncated. (8152) (SQLExecDirectW)')
[SQL: insert into records values('CC2Servicenummer','Belgrad','Nicht übermittelt','trz_sstankovic',                                 '4915202411768','','Nicht übermittelt','4915202411768_Saturday, January 18, 2020_10:51:25 AM','SAR_STANKO')]
(Background on this error at: http://sqlalche.me/e/9h9h)
Sun, 19 Jan 2020 07:32:11 - INFO - 123TV DB import
Sun, 19 Jan 2020 07:32:20 - INFO - Connect to DB
Sun, 19 Jan 2020 07:32:20 - INFO - TRIZMA DB import
Sun, 19 Jan 2020 07:32:21 - INFO - Failed on TRIZMA DB import at: 2020-01-18_18-33-19, for following calling party: 492751444684, for agent id: trz_sstankovic, with error:(pyodbc.DataError) ('22001', '[22001] [Microsoft][ODBC Driver 17 for SQL Server][SQL Server]String or binary data would be truncated. (8152) (SQLExecDirectW)')
[SQL: insert into records values('CC2Servicenummer','Belgrad','Nicht übermittelt','trz_sstankovic',                                 '492751444684','','Nicht übermittelt','492751444684_Saturday, January 18, 2020_11:21:02 AM','SAR_STANKO')]
(Background on this error at: http://sqlalche.me/e/9h9h)
Sun, 19 Jan 2020 07:32:21 - INFO - 123TV DB import
Sun, 19 Jan 2020 07:33:26 - INFO - Connect to DB
Sun, 19 Jan 2020 07:33:26 - INFO - TRIZMA DB import
Sun, 19 Jan 2020 07:33:26 - INFO - Failed on TRIZMA DB import at: 2020-01-18_18-33-19, for following calling party: 493652042660, for agent id: trz_sstankovic, with error:(pyodbc.DataError) ('22001', '[22001] [Microsoft][ODBC Driver 17 for SQL Server][SQL Server]String or binary data would be truncated. (8152) (SQLExecDirectW)')
[SQL: insert into records values('CC2Servicenummer','Belgrad','Nicht übermittelt','trz_sstankovic',                                 '493652042660','','Nicht übermittelt','493652042660_Saturday, January 18, 2020_11:57:20 AM','SAR_STANKO')]
(Background on this error at: http://sqlalche.me/e/9h9h)
Sun, 19 Jan 2020 07:33:26 - INFO - 123TV DB import
Sun, 19 Jan 2020 07:34:37 - INFO - Connect to DB
Sun, 19 Jan 2020 07:34:37 - INFO - TRIZMA DB import
Sun, 19 Jan 2020 07:34:37 - INFO - 123TV DB import
Sun, 19 Jan 2020 08:00:42 - INFO - Connect to DB
Sun, 19 Jan 2020 08:00:42 - INFO - TRIZMA DB import
Sun, 19 Jan 2020 08:00:43 - INFO - 123TV DB import
Sun, 19 Jan 2020 08:33:33 - INFO - Connect to DB
Sun, 19 Jan 2020 08:33:33 - INFO - TRIZMA DB import
Sun, 19 Jan 2020 08:33:33 - INFO - 123TV DB import
Sun, 19 Jan 2020 08:36:22 - INFO - Connect to DB
Sun, 19 Jan 2020 08:36:22 - INFO - TRIZMA DB import
Sun, 19 Jan 2020 08:36:22 - INFO - 123TV DB import
