Tue, 14 Jan 2020 11:01:27 - INFO - Connect to DB
Tue, 14 Jan 2020 11:01:27 - INFO - TRIZMA DB import
Tue, 14 Jan 2020 11:01:27 - INFO - Failed on TRIZMA DB import at: 2020-01-14_10-55-33, for following calling party: 493384540563, for agent id: trz_hjovic, with error:(pyodbc.Error) ('21S01', '[21S01] [Microsoft][ODBC Driver 17 for SQL Server][SQL Server]Column name or number of supplied values does not match table definition. (213) (SQLExecDirectW)')
[SQL: insert into records values('CC2Servicenummer','Belgrad','Nicht übermittelt','trz_hjovic',                                  '493384540563','','Nicht übermittelt','493384540563_Tuesday, January 14, 2020_12:01:25 PM')]
(Background on this error at: http://sqlalche.me/e/dbapi)
Tue, 14 Jan 2020 11:01:27 - INFO - 123TV DB import
Tue, 14 Jan 2020 11:01:32 - INFO - Failed on 123TV DB import at: 2020-01-14_10-55-33, for following calling party: 493384540563, for agent id: 3063, with error:Missing element acd_id (importCallMetaData.acd_id)
Tue, 14 Jan 2020 11:02:41 - INFO - Connect to DB
Tue, 14 Jan 2020 11:02:41 - INFO - TRIZMA DB import
Tue, 14 Jan 2020 11:02:41 - INFO - Failed on TRIZMA DB import at: 2020-01-14_10-55-33, for following calling party: 491739994885, for agent id: trz_madjermanovic, with error:(pyodbc.Error) ('21S01', '[21S01] [Microsoft][ODBC Driver 17 for SQL Server][SQL Server]Column name or number of supplied values does not match table definition. (213) (SQLExecDirectW)')
[SQL: insert into records values('CC2Servicenummer','Belgrad','Nicht übermittelt','trz_madjermanovic',                                  '491739994885','','Nicht übermittelt','491739994885_14 January 2020_12:02:38')]
(Background on this error at: http://sqlalche.me/e/dbapi)
Tue, 14 Jan 2020 11:02:41 - INFO - 123TV DB import
Tue, 14 Jan 2020 11:02:46 - INFO - Failed on 123TV DB import at: 2020-01-14_10-55-33, for following calling party: 491739994885, for agent id: 3098, with error:Missing element acd_id (importCallMetaData.acd_id)
Tue, 14 Jan 2020 11:04:12 - INFO - Connect to DB
Tue, 14 Jan 2020 11:04:12 - INFO - TRIZMA DB import
Tue, 14 Jan 2020 11:04:12 - INFO - Failed on TRIZMA DB import at: 2020-01-14_10-55-33, for following calling party: 4940835964, for agent id: trz_bmaksimovic, with error:(pyodbc.Error) ('21S01', '[21S01] [Microsoft][ODBC Driver 17 for SQL Server][SQL Server]Column name or number of supplied values does not match table definition. (213) (SQLExecDirectW)')
[SQL: insert into records values('CC2Servicenummer','Belgrad','Nicht übermittelt','trz_bmaksimovic',                                  '4940835964','','Nicht übermittelt','4940835964_Tuesday, January 14, 2020_12:04:06 PM')]
(Background on this error at: http://sqlalche.me/e/dbapi)
Tue, 14 Jan 2020 11:04:12 - INFO - 123TV DB import
Tue, 14 Jan 2020 11:04:17 - INFO - Failed on 123TV DB import at: 2020-01-14_10-55-33, for following calling party: 4940835964, for agent id: 3036, with error:Missing element acd_id (importCallMetaData.acd_id)
Tue, 14 Jan 2020 11:07:25 - INFO - Connect to DB
Tue, 14 Jan 2020 11:07:25 - INFO - TRIZMA DB import
Tue, 14 Jan 2020 11:07:25 - INFO - Failed on TRIZMA DB import at: 2020-01-14_10-55-33, for following calling party: 4917655916747, for agent id: trz_bdjurcilov, with error:(pyodbc.Error) ('21S01', '[21S01] [Microsoft][ODBC Driver 17 for SQL Server][SQL Server]Column name or number of supplied values does not match table definition. (213) (SQLExecDirectW)')
[SQL: insert into records values('CC2Servicenummer','Belgrad','Nicht übermittelt','trz_bdjurcilov',                                  '4917655916747','','Nicht übermittelt','4917655916747_Dienstag, 14. Januar 2020_12:07:23')]
(Background on this error at: http://sqlalche.me/e/dbapi)
Tue, 14 Jan 2020 11:07:25 - INFO - 123TV DB import
Tue, 14 Jan 2020 11:07:30 - INFO - Failed on 123TV DB import at: 2020-01-14_10-55-33, for following calling party: 4917655916747, for agent id: 3122, with error:Missing element acd_id (importCallMetaData.acd_id)
