Mon, 30 Dec 2019 12:24:53 - INFO - Connect to DB
Mon, 30 Dec 2019 12:24:53 - INFO - TRIZMA DB import
Mon, 30 Dec 2019 12:24:53 - INFO - 123TV DB import
Mon, 30 Dec 2019 12:25:03 - INFO - Connect to DB
Mon, 30 Dec 2019 12:25:03 - INFO - TRIZMA DB import
Mon, 30 Dec 2019 12:25:03 - INFO - 123TV DB import
Mon, 30 Dec 2019 12:25:30 - INFO - Connect to DB
Mon, 30 Dec 2019 12:25:30 - INFO - TRIZMA DB import
Mon, 30 Dec 2019 12:25:30 - INFO - 123TV DB import
Mon, 30 Dec 2019 12:27:03 - INFO - Connect to DB
Mon, 30 Dec 2019 12:27:03 - INFO - TRIZMA DB import
Mon, 30 Dec 2019 12:27:03 - INFO - 123TV DB import
Mon, 30 Dec 2019 12:28:11 - INFO - Connect to DB
Mon, 30 Dec 2019 12:28:11 - INFO - TRIZMA DB import
Mon, 30 Dec 2019 12:28:11 - INFO - 123TV DB import
Mon, 30 Dec 2019 12:28:57 - INFO - Connect to DB
Mon, 30 Dec 2019 12:28:57 - INFO - TRIZMA DB import
Mon, 30 Dec 2019 12:28:57 - INFO - 123TV DB import
Mon, 30 Dec 2019 12:29:23 - INFO - Connect to DB
Mon, 30 Dec 2019 12:29:23 - INFO - TRIZMA DB import
Mon, 30 Dec 2019 12:29:23 - INFO - Failed on TRIZMA DB import at: 2019-12-30_12-24-13, for following calling party: 493575270859, for agent id: trz_sstankovic, with error:(pyodbc.DataError) ('22001', '[22001] [Microsoft][ODBC Driver 17 for SQL Server][SQL Server]String or binary data would be truncated. (8152) (SQLExecDirectW)')
[SQL: insert into records values('CC2Servicenummer','Belgrad','Nicht übermittelt','trz_sstankovic',                                  '493575270859','','Nicht übermittelt','493575270859_Saturday, December 28, 2019_10:03:50 AM')]
(Background on this error at: http://sqlalche.me/e/9h9h)
Mon, 30 Dec 2019 12:29:23 - INFO - 123TV DB import
Mon, 30 Dec 2019 12:30:30 - INFO - Connect to DB
Mon, 30 Dec 2019 12:30:30 - INFO - TRIZMA DB import
Mon, 30 Dec 2019 12:30:30 - INFO - Failed on TRIZMA DB import at: 2019-12-30_12-24-13, for following calling party: 493089741777, for agent id: trz_sstankovic, with error:(pyodbc.DataError) ('22001', '[22001] [Microsoft][ODBC Driver 17 for SQL Server][SQL Server]String or binary data would be truncated. (8152) (SQLExecDirectW)')
[SQL: insert into records values('CC2Servicenummer','Belgrad','Nicht übermittelt','trz_sstankovic',                                  '493089741777','','Nicht übermittelt','493089741777_Saturday, December 28, 2019_11:35:12 AM')]
(Background on this error at: http://sqlalche.me/e/9h9h)
Mon, 30 Dec 2019 12:30:30 - INFO - 123TV DB import
Mon, 30 Dec 2019 12:30:35 - INFO - Connect to DB
Mon, 30 Dec 2019 12:30:35 - INFO - TRIZMA DB import
Mon, 30 Dec 2019 12:30:35 - INFO - Failed on TRIZMA DB import at: 2019-12-30_12-24-13, for following calling party: 493412331740, for agent id: trz_sstankovic, with error:(pyodbc.DataError) ('22001', '[22001] [Microsoft][ODBC Driver 17 for SQL Server][SQL Server]String or binary data would be truncated. (8152) (SQLExecDirectW)')
[SQL: insert into records values('CC2Servicenummer','Belgrad','Nicht übermittelt','trz_sstankovic',                                  '493412331740','','Nicht übermittelt','493412331740_Saturday, December 28, 2019_11:47:02 AM')]
(Background on this error at: http://sqlalche.me/e/9h9h)
Mon, 30 Dec 2019 12:30:35 - INFO - 123TV DB import
Mon, 30 Dec 2019 12:31:00 - INFO - Connect to DB
Mon, 30 Dec 2019 12:31:00 - INFO - TRIZMA DB import
Mon, 30 Dec 2019 12:31:00 - INFO - Failed on TRIZMA DB import at: 2019-12-30_12-24-13, for following calling party: 499561329099, for agent id: trz_sstankovic, with error:(pyodbc.DataError) ('22001', '[22001] [Microsoft][ODBC Driver 17 for SQL Server][SQL Server]String or binary data would be truncated. (8152) (SQLExecDirectW)')
[SQL: insert into records values('CC2Servicenummer','Belgrad','Nicht übermittelt','trz_sstankovic',                                  '499561329099','','Nicht übermittelt','499561329099_Saturday, December 28, 2019_12:56:06 PM')]
(Background on this error at: http://sqlalche.me/e/9h9h)
Mon, 30 Dec 2019 12:31:00 - INFO - 123TV DB import
