Sun, 22 Dec 2019 18:34:46 - INFO - Connect to DB
Sun, 22 Dec 2019 18:34:46 - INFO - TRIZMA DB import
Sun, 22 Dec 2019 18:34:46 - INFO - 123TV DB import
Sun, 22 Dec 2019 18:54:57 - INFO - Connect to DB
Sun, 22 Dec 2019 18:54:58 - INFO - TRIZMA DB import
Sun, 22 Dec 2019 18:54:58 - INFO - 123TV DB import
Mon, 23 Dec 2019 06:54:04 - INFO - Connect to DB
Mon, 23 Dec 2019 06:54:04 - ERROR - Exception on /records [GET]
Traceback (most recent call last):
  File "/home/python_project/hello.py", line 81, in get
    1)).fetchone()[0]
TypeError: 'NoneType' object is not subscriptable

During handling of the above exception, another exception occurred:

Traceback (most recent call last):
  File "/usr/local/lib/python3.6/dist-packages/flask/app.py", line 1949, in full_dispatch_request
    rv = self.dispatch_request()
  File "/usr/local/lib/python3.6/dist-packages/flask/app.py", line 1935, in dispatch_request
    return self.view_functions[rule.endpoint](**req.view_args)
  File "/usr/local/lib/python3.6/dist-packages/flask_restful/__init__.py", line 458, in wrapper
    resp = resource(*args, **kwargs)
  File "/usr/local/lib/python3.6/dist-packages/flask/views.py", line 89, in view
    return self.dispatch_request(*args, **kwargs)
  File "/usr/local/lib/python3.6/dist-packages/flask_restful/__init__.py", line 573, in dispatch_request
    resp = meth(*args, **kwargs)
  File "/home/python_project/hello.py", line 90, in get
    + str(e))
UnboundLocalError: local variable 'agentUsername' referenced before assignment
Mon, 23 Dec 2019 07:05:16 - INFO - Connect to DB
Mon, 23 Dec 2019 07:05:16 - INFO - TRIZMA DB import
Mon, 23 Dec 2019 07:05:16 - INFO - 123TV DB import
Mon, 23 Dec 2019 07:06:01 - INFO - Connect to DB
Mon, 23 Dec 2019 07:06:01 - INFO - TRIZMA DB import
Mon, 23 Dec 2019 07:06:01 - INFO - 123TV DB import
Mon, 23 Dec 2019 07:06:41 - INFO - Connect to DB
Mon, 23 Dec 2019 07:06:41 - INFO - TRIZMA DB import
Mon, 23 Dec 2019 07:06:41 - INFO - 123TV DB import
