Fri, 10 Jan 2020 11:29:07 - INFO - Connect to DB
Fri, 10 Jan 2020 11:29:07 - INFO - TRIZMA DB import
Fri, 10 Jan 2020 11:29:07 - INFO - Failed on TRIZMA DB import at: 2020-01-10_11-22-24, for following calling party: 4923829617753, for agent id: trz_madamovic, with error:(pyodbc.DataError) ('22001', '[22001] [Microsoft][ODBC Driver 17 for SQL Server][SQL Server]String or binary data would be truncated. (8152) (SQLExecDirectW)')
[SQL: insert into records values('CC2Servicenummer','Belgrad','Nicht übermittelt','trz_madamovic',                                  '4923829617753','','Nicht übermittelt','4923829617753_Monday, December 30, 2019_11:13:34 AM')]
(Background on this error at: http://sqlalche.me/e/9h9h)
Fri, 10 Jan 2020 11:29:07 - INFO - 123TV DB import
Fri, 10 Jan 2020 11:29:32 - INFO - Connect to DB
Fri, 10 Jan 2020 11:29:32 - INFO - TRIZMA DB import
Fri, 10 Jan 2020 11:29:32 - INFO - 123TV DB import
Fri, 10 Jan 2020 11:30:38 - INFO - Connect to DB
Fri, 10 Jan 2020 11:30:38 - INFO - TRIZMA DB import
Fri, 10 Jan 2020 11:30:38 - INFO - 123TV DB import
Fri, 10 Jan 2020 11:30:52 - INFO - Connect to DB
Fri, 10 Jan 2020 11:30:52 - INFO - TRIZMA DB import
Fri, 10 Jan 2020 11:30:53 - INFO - 123TV DB import
Fri, 10 Jan 2020 11:30:58 - INFO - Connect to DB
Fri, 10 Jan 2020 11:30:58 - INFO - TRIZMA DB import
Fri, 10 Jan 2020 11:30:58 - INFO - Failed on TRIZMA DB import at: 2020-01-10_11-22-24, for following calling party: 4941017797182, for agent id: trz_madamovic, with error:(pyodbc.DataError) ('22001', '[22001] [Microsoft][ODBC Driver 17 for SQL Server][SQL Server]String or binary data would be truncated. (8152) (SQLExecDirectW)')
[SQL: insert into records values('CC2Servicenummer','Belgrad','Nicht übermittelt','trz_madamovic',                                  '4941017797182','','Nicht übermittelt','4941017797182_Tuesday, December 31, 2019_8:12:03 AM')]
(Background on this error at: http://sqlalche.me/e/9h9h)
Fri, 10 Jan 2020 11:30:58 - INFO - 123TV DB import
Fri, 10 Jan 2020 11:31:10 - INFO - Connect to DB
Fri, 10 Jan 2020 11:31:10 - INFO - TRIZMA DB import
Fri, 10 Jan 2020 11:31:10 - INFO - 123TV DB import
Fri, 10 Jan 2020 11:31:16 - INFO - Connect to DB
Fri, 10 Jan 2020 11:31:16 - INFO - TRIZMA DB import
Fri, 10 Jan 2020 11:31:16 - INFO - 123TV DB import
Fri, 10 Jan 2020 11:31:47 - INFO - Connect to DB
Fri, 10 Jan 2020 11:31:47 - INFO - TRIZMA DB import
Fri, 10 Jan 2020 11:31:47 - INFO - Failed on TRIZMA DB import at: 2020-01-10_11-22-24, for following calling party: 493607180753, for agent id: trz_madamovic, with error:(pyodbc.DataError) ('22001', '[22001] [Microsoft][ODBC Driver 17 for SQL Server][SQL Server]String or binary data would be truncated. (8152) (SQLExecDirectW)')
[SQL: insert into records values('CC2Servicenummer','Belgrad','Nicht übermittelt','trz_madamovic',                                  '493607180753','','Nicht übermittelt','493607180753_Tuesday, December 31, 2019_10:47:16 AM')]
(Background on this error at: http://sqlalche.me/e/9h9h)
Fri, 10 Jan 2020 11:31:47 - INFO - 123TV DB import
Fri, 10 Jan 2020 11:31:53 - INFO - Connect to DB
Fri, 10 Jan 2020 11:31:53 - INFO - TRIZMA DB import
Fri, 10 Jan 2020 11:31:53 - INFO - 123TV DB import
Fri, 10 Jan 2020 11:31:59 - INFO - Connect to DB
Fri, 10 Jan 2020 11:31:59 - INFO - TRIZMA DB import
Fri, 10 Jan 2020 11:31:59 - INFO - Failed on TRIZMA DB import at: 2020-01-10_11-22-24, for following calling party: 4944629862533, for agent id: trz_madamovic, with error:(pyodbc.DataError) ('22001', '[22001] [Microsoft][ODBC Driver 17 for SQL Server][SQL Server]String or binary data would be truncated. (8152) (SQLExecDirectW)')
[SQL: insert into records values('CC2Servicenummer','Belgrad','Nicht übermittelt','trz_madamovic',                                  '4944629862533','','Nicht übermittelt','4944629862533_Tuesday, December 31, 2019_11:14:19 AM')]
(Background on this error at: http://sqlalche.me/e/9h9h)
Fri, 10 Jan 2020 11:31:59 - INFO - 123TV DB import
Fri, 10 Jan 2020 11:32:04 - INFO - Connect to DB
Fri, 10 Jan 2020 11:32:04 - INFO - TRIZMA DB import
Fri, 10 Jan 2020 11:32:04 - INFO - 123TV DB import
Fri, 10 Jan 2020 11:33:23 - INFO - Connect to DB
Fri, 10 Jan 2020 11:33:23 - INFO - TRIZMA DB import
Fri, 10 Jan 2020 11:33:23 - INFO - 123TV DB import
Fri, 10 Jan 2020 11:33:55 - INFO - Connect to DB
Fri, 10 Jan 2020 11:33:55 - INFO - TRIZMA DB import
Fri, 10 Jan 2020 11:33:55 - INFO - 123TV DB import
Fri, 10 Jan 2020 11:34:01 - INFO - Connect to DB
Fri, 10 Jan 2020 11:34:01 - INFO - TRIZMA DB import
Fri, 10 Jan 2020 11:34:01 - INFO - Failed on TRIZMA DB import at: 2020-01-10_11-22-24, for following calling party: 4917621553437, for agent id: trz_madamovic, with error:(pyodbc.DataError) ('22001', '[22001] [Microsoft][ODBC Driver 17 for SQL Server][SQL Server]String or binary data would be truncated. (8152) (SQLExecDirectW)')
[SQL: insert into records values('CC2Servicenummer','Belgrad','Nicht übermittelt','trz_madamovic',                                  '4917621553437','','Nicht übermittelt','4917621553437_Wednesday, January 01, 2020_1:02:04 PM')]
(Background on this error at: http://sqlalche.me/e/9h9h)
Fri, 10 Jan 2020 11:34:01 - INFO - 123TV DB import
Fri, 10 Jan 2020 11:35:22 - INFO - Connect to DB
Fri, 10 Jan 2020 11:35:22 - INFO - TRIZMA DB import
Fri, 10 Jan 2020 11:35:22 - INFO - Failed on TRIZMA DB import at: 2020-01-10_11-22-24, for following calling party: 493681374167, for agent id: trz_madamovic, with error:(pyodbc.DataError) ('22001', '[22001] [Microsoft][ODBC Driver 17 for SQL Server][SQL Server]String or binary data would be truncated. (8152) (SQLExecDirectW)')
[SQL: insert into records values('CC2Servicenummer','Belgrad','Nicht übermittelt','trz_madamovic',                                  '493681374167','','Nicht übermittelt','493681374167_Wednesday, January 01, 2020_6:20:16 PM')]
(Background on this error at: http://sqlalche.me/e/9h9h)
Fri, 10 Jan 2020 11:35:22 - INFO - 123TV DB import
Fri, 10 Jan 2020 11:37:02 - INFO - Connect to DB
Fri, 10 Jan 2020 11:37:02 - INFO - TRIZMA DB import
Fri, 10 Jan 2020 11:37:02 - INFO - 123TV DB import
Fri, 10 Jan 2020 11:37:20 - INFO - Connect to DB
Fri, 10 Jan 2020 11:37:20 - INFO - TRIZMA DB import
Fri, 10 Jan 2020 11:37:20 - INFO - 123TV DB import
Fri, 10 Jan 2020 11:37:26 - INFO - Connect to DB
Fri, 10 Jan 2020 11:37:26 - INFO - TRIZMA DB import
Fri, 10 Jan 2020 11:37:26 - INFO - 123TV DB import
Fri, 10 Jan 2020 11:37:32 - INFO - Connect to DB
Fri, 10 Jan 2020 11:37:32 - INFO - TRIZMA DB import
Fri, 10 Jan 2020 11:37:32 - INFO - Failed on TRIZMA DB import at: 2020-01-10_11-22-24, for following calling party: 497531695793, for agent id: trz_bmaksimovic, with error:(pyodbc.DataError) ('22001', '[22001] [Microsoft][ODBC Driver 17 for SQL Server][SQL Server]String or binary data would be truncated. (8152) (SQLExecDirectW)')
[SQL: insert into records values('CC2Servicenummer','Belgrad','Nicht übermittelt','trz_bmaksimovic',                                  '497531695793','','Nicht übermittelt','497531695793_Wednesday, January 1, 2020_12:46:17 PM')]
(Background on this error at: http://sqlalche.me/e/9h9h)
Fri, 10 Jan 2020 11:37:32 - INFO - 123TV DB import
Fri, 10 Jan 2020 11:37:37 - INFO - Connect to DB
Fri, 10 Jan 2020 11:37:37 - INFO - TRIZMA DB import
Fri, 10 Jan 2020 11:37:37 - INFO - 123TV DB import
