Wed, 22 Jan 2020 11:21:35 - INFO - Connect to DB
Wed, 22 Jan 2020 11:21:35 - INFO - TRIZMA DB import
Wed, 22 Jan 2020 11:21:35 - INFO - Failed on TRIZMA DB import at: 2020-01-22_11-21-32, for following calling party: 493687470105, for agent id: trz_asilni, with error:(pyodbc.DataError) ('22001', '[22001] [Microsoft][ODBC Driver 17 for SQL Server][SQL Server]String or binary data would be truncated. (8152) (SQLExecDirectW)')
[SQL: insert into records values('CC2Servicenummer','Belgrad','Nicht übermittelt','trz_asilni',                                 '493687470105','','Nicht übermittelt','493687470105_Wednesday, January 15, 2020_12:33:01 PM','ANA_SILNI')]
(Background on this error at: http://sqlalche.me/e/9h9h)
Wed, 22 Jan 2020 11:21:35 - INFO - 123TV DB import
Wed, 22 Jan 2020 11:23:35 - INFO - Connect to DB
Wed, 22 Jan 2020 11:23:35 - INFO - TRIZMA DB import
Wed, 22 Jan 2020 11:23:35 - INFO - 123TV DB import
Wed, 22 Jan 2020 11:24:45 - INFO - Connect to DB
Wed, 22 Jan 2020 11:24:45 - INFO - TRIZMA DB import
Wed, 22 Jan 2020 11:24:45 - INFO - Failed on TRIZMA DB import at: 2020-01-22_11-21-32, for following calling party: 4942117539203, for agent id: trz_bmaksimovic, with error:(pyodbc.DataError) ('22001', '[22001] [Microsoft][ODBC Driver 17 for SQL Server][SQL Server]String or binary data would be truncated. (8152) (SQLExecDirectW)')
[SQL: insert into records values('CC2Servicenummer','Belgrad','Nicht übermittelt','trz_bmaksimovic',                                 '4942117539203','','Nicht übermittelt','4942117539203_Wednesday, January 22, 2020_12:24:41 PM','BOR_MAKSIM')]
(Background on this error at: http://sqlalche.me/e/9h9h)
Wed, 22 Jan 2020 11:24:45 - INFO - 123TV DB import
Wed, 22 Jan 2020 11:24:55 - INFO - Connect to DB
Wed, 22 Jan 2020 11:24:55 - INFO - TRIZMA DB import
Wed, 22 Jan 2020 11:24:55 - INFO - 123TV DB import
Wed, 22 Jan 2020 11:25:17 - INFO - Connect to DB
Wed, 22 Jan 2020 11:25:17 - INFO - TRIZMA DB import
Wed, 22 Jan 2020 11:25:17 - INFO - Failed on TRIZMA DB import at: 2020-01-22_11-21-32, for following calling party: 499254953364, for agent id: trz_asilni, with error:(pyodbc.DataError) ('22001', '[22001] [Microsoft][ODBC Driver 17 for SQL Server][SQL Server]String or binary data would be truncated. (8152) (SQLExecDirectW)')
[SQL: insert into records values('CC2Servicenummer','Belgrad','Nicht übermittelt','trz_asilni',                                 '499254953364','','Nicht übermittelt','499254953364_Wednesday, January 15, 2020_2:26:38 PM','ANA_SILNI')]
(Background on this error at: http://sqlalche.me/e/9h9h)
Wed, 22 Jan 2020 11:25:17 - INFO - 123TV DB import
Wed, 22 Jan 2020 11:25:25 - INFO - Connect to DB
Wed, 22 Jan 2020 11:25:25 - INFO - TRIZMA DB import
Wed, 22 Jan 2020 11:25:25 - INFO - 123TV DB import
Wed, 22 Jan 2020 11:25:37 - INFO - Connect to DB
Wed, 22 Jan 2020 11:25:37 - INFO - TRIZMA DB import
Wed, 22 Jan 2020 11:25:37 - INFO - 123TV DB import
Wed, 22 Jan 2020 11:25:48 - INFO - Connect to DB
Wed, 22 Jan 2020 11:25:48 - INFO - TRIZMA DB import
Wed, 22 Jan 2020 11:25:48 - INFO - 123TV DB import
Wed, 22 Jan 2020 11:26:23 - INFO - Connect to DB
Wed, 22 Jan 2020 11:26:23 - INFO - TRIZMA DB import
Wed, 22 Jan 2020 11:26:23 - INFO - 123TV DB import
Wed, 22 Jan 2020 11:31:25 - INFO - Connect to DB
Wed, 22 Jan 2020 11:31:25 - INFO - TRIZMA DB import
Wed, 22 Jan 2020 11:31:25 - INFO - Failed on TRIZMA DB import at: 2020-01-22_11-21-32, for following calling party: 4934494709494, for agent id: trz_memetovic, with error:(pyodbc.DataError) ('22001', '[22001] [Microsoft][ODBC Driver 17 for SQL Server][SQL Server]String or binary data would be truncated. (8152) (SQLExecDirectW)')
[SQL: insert into records values('CC2Servicenummer','Belgrad','Nicht übermittelt','trz_memetovic',                                 '4934494709494','','Nicht übermittelt','4934494709494_Wednesday, January 22, 2020_12:31:15 PM','KEN_MEMETO')]
(Background on this error at: http://sqlalche.me/e/9h9h)
Wed, 22 Jan 2020 11:31:25 - INFO - 123TV DB import
Wed, 22 Jan 2020 11:31:53 - INFO - Connect to DB
Wed, 22 Jan 2020 11:31:53 - INFO - TRIZMA DB import
Wed, 22 Jan 2020 11:31:53 - INFO - Failed on TRIZMA DB import at: 2020-01-22_11-21-32, for following calling party: 491627756870, for agent id: trz_asilni, with error:(pyodbc.DataError) ('22001', '[22001] [Microsoft][ODBC Driver 17 for SQL Server][SQL Server]String or binary data would be truncated. (8152) (SQLExecDirectW)')
[SQL: insert into records values('CC2Servicenummer','Belgrad','Nicht übermittelt','trz_asilni',                                 '491627756870','','Nicht übermittelt','491627756870_Wednesday, January 15, 2020_5:52:26 PM','ANA_SILNI')]
(Background on this error at: http://sqlalche.me/e/9h9h)
Wed, 22 Jan 2020 11:31:53 - INFO - 123TV DB import
Wed, 22 Jan 2020 11:33:26 - INFO - Connect to DB
Wed, 22 Jan 2020 11:33:26 - INFO - TRIZMA DB import
Wed, 22 Jan 2020 11:33:26 - INFO - 123TV DB import
Wed, 22 Jan 2020 11:33:55 - INFO - Connect to DB
Wed, 22 Jan 2020 11:33:55 - INFO - TRIZMA DB import
Wed, 22 Jan 2020 11:33:55 - INFO - Failed on TRIZMA DB import at: 2020-01-22_11-21-32, for following calling party: 493475682418, for agent id: trz_divankovic, with error:(pyodbc.DataError) ('22001', '[22001] [Microsoft][ODBC Driver 17 for SQL Server][SQL Server]String or binary data would be truncated. (8152) (SQLExecDirectW)')
[SQL: insert into records values('CC2Servicenummer','Belgrad','Nicht übermittelt','trz_divankovic',                                 '493475682418','','Nicht übermittelt','493475682418_Wednesday, January 22, 2020_12:33:51 PM','DUS_IVANKO')]
(Background on this error at: http://sqlalche.me/e/9h9h)
Wed, 22 Jan 2020 11:33:55 - INFO - 123TV DB import
Wed, 22 Jan 2020 11:35:54 - INFO - Connect to DB
Wed, 22 Jan 2020 11:35:54 - INFO - TRIZMA DB import
Wed, 22 Jan 2020 11:35:54 - INFO - 123TV DB import
Wed, 22 Jan 2020 11:40:04 - INFO - Connect to DB
Wed, 22 Jan 2020 11:40:04 - INFO - TRIZMA DB import
Wed, 22 Jan 2020 11:40:04 - INFO - 123TV DB import
Wed, 22 Jan 2020 11:40:16 - INFO - Connect to DB
Wed, 22 Jan 2020 11:40:16 - INFO - TRIZMA DB import
Wed, 22 Jan 2020 11:40:16 - INFO - Failed on TRIZMA DB import at: 2020-01-22_11-21-32, for following calling party: 493573661647, for agent id: trz_asilni, with error:(pyodbc.DataError) ('22001', '[22001] [Microsoft][ODBC Driver 17 for SQL Server][SQL Server]String or binary data would be truncated. (8152) (SQLExecDirectW)')
[SQL: insert into records values('CC2Servicenummer','Belgrad','Nicht übermittelt','trz_asilni',                                 '493573661647','','Nicht übermittelt','493573661647_Wednesday, January 22, 2020_12:40:13 PM','ANA_SILNI')]
(Background on this error at: http://sqlalche.me/e/9h9h)
Wed, 22 Jan 2020 11:40:16 - INFO - 123TV DB import
