Fri, 27 Dec 2019 12:01:02 - INFO - Connect to DB
Fri, 27 Dec 2019 12:01:02 - INFO - TRIZMA DB import
Fri, 27 Dec 2019 12:01:02 - INFO - Failed on TRIZMA DB import at: 2019-12-27_11-44-58, for following calling party: 4935475549995, for agent id: trz_sstankovic, with error:(pyodbc.DataError) ('22001', '[22001] [Microsoft][ODBC Driver 17 for SQL Server][SQL Server]String or binary data would be truncated. (8152) (SQLExecDirectW)')
[SQL: insert into records values('CC2Servicenummer','Belgrad','Nicht übermittelt','trz_sstankovic',                                  '4935475549995','','Nicht übermittelt','4935475549995_Thursday, December 19, 2019_12:20:38 PM')]
(Background on this error at: http://sqlalche.me/e/9h9h)
Fri, 27 Dec 2019 12:01:02 - INFO - 123TV DB import
Fri, 27 Dec 2019 12:05:55 - INFO - Connect to DB
Fri, 27 Dec 2019 12:05:55 - INFO - TRIZMA DB import
Fri, 27 Dec 2019 12:05:55 - INFO - 123TV DB import
Fri, 27 Dec 2019 12:14:13 - INFO - Connect to DB
Fri, 27 Dec 2019 12:14:13 - INFO - TRIZMA DB import
Fri, 27 Dec 2019 12:14:13 - INFO - Failed on TRIZMA DB import at: 2019-12-27_11-44-58, for following calling party: 491723187607, for agent id: trz_sstankovic, with error:(pyodbc.DataError) ('22001', '[22001] [Microsoft][ODBC Driver 17 for SQL Server][SQL Server]String or binary data would be truncated. (8152) (SQLExecDirectW)')
[SQL: insert into records values('CC2Servicenummer','Belgrad','Nicht übermittelt','trz_sstankovic',                                  '491723187607','','Nicht übermittelt','491723187607_Thursday, December 19, 2019_3:32:31 PM')]
(Background on this error at: http://sqlalche.me/e/9h9h)
Fri, 27 Dec 2019 12:14:13 - INFO - 123TV DB import
Fri, 27 Dec 2019 12:14:59 - INFO - Connect to DB
Fri, 27 Dec 2019 12:14:59 - INFO - TRIZMA DB import
Fri, 27 Dec 2019 12:14:59 - INFO - Failed on TRIZMA DB import at: 2019-12-27_11-44-58, for following calling party: 493469120044, for agent id: trz_sstankovic, with error:(pyodbc.DataError) ('22001', '[22001] [Microsoft][ODBC Driver 17 for SQL Server][SQL Server]String or binary data would be truncated. (8152) (SQLExecDirectW)')
[SQL: insert into records values('CC2Servicenummer','Belgrad','Nicht übermittelt','trz_sstankovic',                                  '493469120044','','Nicht übermittelt','493469120044_Thursday, December 19, 2019_4:14:05 PM')]
(Background on this error at: http://sqlalche.me/e/9h9h)
Fri, 27 Dec 2019 12:14:59 - INFO - 123TV DB import
Fri, 27 Dec 2019 12:16:11 - INFO - Connect to DB
Fri, 27 Dec 2019 12:16:11 - INFO - TRIZMA DB import
Fri, 27 Dec 2019 12:16:11 - INFO - Failed on TRIZMA DB import at: 2019-12-27_11-44-58, for following calling party: 494213808110, for agent id: trz_sstankovic, with error:(pyodbc.DataError) ('22001', '[22001] [Microsoft][ODBC Driver 17 for SQL Server][SQL Server]String or binary data would be truncated. (8152) (SQLExecDirectW)')
[SQL: insert into records values('CC2Servicenummer','Belgrad','Nicht übermittelt','trz_sstankovic',                                  '494213808110','','Nicht übermittelt','494213808110_Thursday, December 19, 2019_5:20:19 PM')]
(Background on this error at: http://sqlalche.me/e/9h9h)
Fri, 27 Dec 2019 12:16:11 - INFO - 123TV DB import
Fri, 27 Dec 2019 12:17:33 - INFO - Connect to DB
Fri, 27 Dec 2019 12:17:33 - INFO - TRIZMA DB import
Fri, 27 Dec 2019 12:17:33 - INFO - 123TV DB import
Fri, 27 Dec 2019 12:17:44 - INFO - Connect to DB
Fri, 27 Dec 2019 12:17:44 - INFO - TRIZMA DB import
Fri, 27 Dec 2019 12:17:44 - INFO - 123TV DB import
Fri, 27 Dec 2019 12:19:46 - INFO - Connect to DB
Fri, 27 Dec 2019 12:19:46 - INFO - TRIZMA DB import
Fri, 27 Dec 2019 12:19:46 - INFO - 123TV DB import
Fri, 27 Dec 2019 12:21:02 - INFO - Connect to DB
Fri, 27 Dec 2019 12:21:02 - INFO - TRIZMA DB import
Fri, 27 Dec 2019 12:21:02 - INFO - 123TV DB import
Fri, 27 Dec 2019 12:22:24 - INFO - Connect to DB
Fri, 27 Dec 2019 12:22:24 - INFO - TRIZMA DB import
Fri, 27 Dec 2019 12:22:24 - INFO - 123TV DB import
Fri, 27 Dec 2019 12:23:47 - INFO - Connect to DB
Fri, 27 Dec 2019 12:23:47 - INFO - TRIZMA DB import
Fri, 27 Dec 2019 12:23:47 - INFO - Failed on TRIZMA DB import at: 2019-12-27_11-44-58, for following calling party: 497531695793, for agent id: trz_sstankovic, with error:(pyodbc.DataError) ('22001', '[22001] [Microsoft][ODBC Driver 17 for SQL Server][SQL Server]String or binary data would be truncated. (8152) (SQLExecDirectW)')
[SQL: insert into records values('CC2Servicenummer','Belgrad','Nicht übermittelt','trz_sstankovic',                                  '497531695793','','Nicht übermittelt','497531695793_Saturday, December 21, 2019_2:31:30 PM')]
(Background on this error at: http://sqlalche.me/e/9h9h)
Fri, 27 Dec 2019 12:23:47 - INFO - 123TV DB import
Fri, 27 Dec 2019 12:24:08 - INFO - Connect to DB
Fri, 27 Dec 2019 12:24:08 - INFO - TRIZMA DB import
Fri, 27 Dec 2019 12:24:08 - INFO - Failed on TRIZMA DB import at: 2019-12-27_11-44-58, for following calling party: 4944217495722, for agent id: trz_sstankovic, with error:(pyodbc.DataError) ('22001', '[22001] [Microsoft][ODBC Driver 17 for SQL Server][SQL Server]String or binary data would be truncated. (8152) (SQLExecDirectW)')
[SQL: insert into records values('CC2Servicenummer','Belgrad','Nicht übermittelt','trz_sstankovic',                                  '4944217495722','','Nicht übermittelt','4944217495722_Saturday, December 21, 2019_3:33:59 PM')]
(Background on this error at: http://sqlalche.me/e/9h9h)
Fri, 27 Dec 2019 12:24:08 - INFO - 123TV DB import
Fri, 27 Dec 2019 12:24:39 - INFO - Connect to DB
Fri, 27 Dec 2019 12:24:39 - INFO - TRIZMA DB import
Fri, 27 Dec 2019 12:24:39 - INFO - Failed on TRIZMA DB import at: 2019-12-27_11-44-58, for following calling party: 4923243445495, for agent id: trz_sstankovic, with error:(pyodbc.DataError) ('22001', '[22001] [Microsoft][ODBC Driver 17 for SQL Server][SQL Server]String or binary data would be truncated. (8152) (SQLExecDirectW)')
[SQL: insert into records values('CC2Servicenummer','Belgrad','Nicht übermittelt','trz_sstankovic',                                  '4923243445495','','Nicht übermittelt','4923243445495_Saturday, December 21, 2019_4:22:28 PM')]
(Background on this error at: http://sqlalche.me/e/9h9h)
Fri, 27 Dec 2019 12:24:39 - INFO - 123TV DB import
Fri, 27 Dec 2019 12:25:15 - INFO - Connect to DB
Fri, 27 Dec 2019 12:25:15 - INFO - TRIZMA DB import
Fri, 27 Dec 2019 12:25:15 - INFO - Failed on TRIZMA DB import at: 2019-12-27_11-44-58, for following calling party: 495829988845, for agent id: trz_sstankovic, with error:(pyodbc.DataError) ('22001', '[22001] [Microsoft][ODBC Driver 17 for SQL Server][SQL Server]String or binary data would be truncated. (8152) (SQLExecDirectW)')
[SQL: insert into records values('CC2Servicenummer','Belgrad','Nicht übermittelt','trz_sstankovic',                                  '495829988845','','Nicht übermittelt','495829988845_Saturday, December 21, 2019_4:53:13 PM')]
(Background on this error at: http://sqlalche.me/e/9h9h)
Fri, 27 Dec 2019 12:25:15 - INFO - 123TV DB import
