Fri, 10 Jan 2020 08:26:26 - INFO - Connect to DB
Fri, 10 Jan 2020 08:26:27 - INFO - TRIZMA DB import
Fri, 10 Jan 2020 08:26:27 - INFO - 123TV DB import
Fri, 10 Jan 2020 08:26:47 - INFO - Connect to DB
Fri, 10 Jan 2020 08:26:47 - INFO - TRIZMA DB import
Fri, 10 Jan 2020 08:26:47 - INFO - Failed on TRIZMA DB import at: 2020-01-10_08-25-36, for following calling party: 4995118082804, for agent id: trz_hjovic, with error:(pyodbc.DataError) ('22001', '[22001] [Microsoft][ODBC Driver 17 for SQL Server][SQL Server]String or binary data would be truncated. (8152) (SQLExecDirectW)')
[SQL: insert into records values('CC2Servicenummer','Belgrad','Nicht 端bermittelt','trz_hjovic',                                  '4995118082804','','Nicht 端bermittelt','4995118082804_Thursday, January 09, 2020_11:57:44 AM')]
(Background on this error at: http://sqlalche.me/e/9h9h)
Fri, 10 Jan 2020 08:26:47 - INFO - 123TV DB import
Fri, 10 Jan 2020 08:27:54 - INFO - Connect to DB
Fri, 10 Jan 2020 08:27:54 - INFO - TRIZMA DB import
Fri, 10 Jan 2020 08:27:54 - INFO - 123TV DB import
Fri, 10 Jan 2020 08:31:56 - INFO - Connect to DB
Fri, 10 Jan 2020 08:31:56 - INFO - TRIZMA DB import
Fri, 10 Jan 2020 08:31:56 - INFO - 123TV DB import
Fri, 10 Jan 2020 08:35:41 - INFO - Connect to DB
Fri, 10 Jan 2020 08:35:41 - INFO - TRIZMA DB import
Fri, 10 Jan 2020 08:35:41 - INFO - 123TV DB import
Fri, 10 Jan 2020 08:36:22 - INFO - Connect to DB
Fri, 10 Jan 2020 08:36:22 - INFO - TRIZMA DB import
Fri, 10 Jan 2020 08:36:22 - INFO - 123TV DB import
Fri, 10 Jan 2020 08:39:21 - INFO - Connect to DB
Fri, 10 Jan 2020 08:39:21 - INFO - TRIZMA DB import
Fri, 10 Jan 2020 08:39:21 - INFO - Failed on TRIZMA DB import at: 2020-01-10_08-25-36, for following calling party: 4967411847044, for agent id: trz_hjovic, with error:(pyodbc.DataError) ('22001', '[22001] [Microsoft][ODBC Driver 17 for SQL Server][SQL Server]String or binary data would be truncated. (8152) (SQLExecDirectW)')
[SQL: insert into records values('CC2Servicenummer','Belgrad','Nicht 端bermittelt','trz_hjovic',                                  '4967411847044','','Nicht 端bermittelt','4967411847044_Thursday, January 09, 2020_4:36:12 PM')]
(Background on this error at: http://sqlalche.me/e/9h9h)
Fri, 10 Jan 2020 08:39:21 - INFO - 123TV DB import
