Wed, 08 Jan 2020 16:15:37 - INFO - Connect to DB
Wed, 08 Jan 2020 16:15:38 - INFO - TRIZMA DB import
Wed, 08 Jan 2020 16:15:38 - INFO - 123TV DB import
Wed, 08 Jan 2020 16:21:13 - INFO - Connect to DB
Wed, 08 Jan 2020 16:21:13 - INFO - TRIZMA DB import
Wed, 08 Jan 2020 16:21:13 - INFO - Failed on TRIZMA DB import at: 2020-01-08_16-12-08, for following calling party: 493473816359, for agent id: trz_tjurjevic, with error:(pyodbc.DataError) ('22001', '[22001] [Microsoft][ODBC Driver 17 for SQL Server][SQL Server]String or binary data would be truncated. (8152) (SQLExecDirectW)')
[SQL: insert into records values('CC2Servicenummer','Belgrad','Nicht 端bermittelt','trz_tjurjevic',                                  '493473816359','','Nicht 端bermittelt','493473816359_Wednesday, January 08, 2020_5:21:07 PM')]
(Background on this error at: http://sqlalche.me/e/9h9h)
Wed, 08 Jan 2020 16:21:13 - INFO - 123TV DB import
Wed, 08 Jan 2020 16:40:40 - INFO - Connect to DB
Wed, 08 Jan 2020 16:40:41 - INFO - TRIZMA DB import
Wed, 08 Jan 2020 16:40:41 - INFO - 123TV DB import
Wed, 08 Jan 2020 16:46:53 - INFO - Connect to DB
Wed, 08 Jan 2020 16:46:53 - INFO - TRIZMA DB import
Wed, 08 Jan 2020 16:46:53 - INFO - Failed on TRIZMA DB import at: 2020-01-08_16-12-08, for following calling party: 4971167271600, for agent id: trz_tjurjevic, with error:(pyodbc.DataError) ('22001', '[22001] [Microsoft][ODBC Driver 17 for SQL Server][SQL Server]String or binary data would be truncated. (8152) (SQLExecDirectW)')
[SQL: insert into records values('CC2Servicenummer','Belgrad','Nicht 端bermittelt','trz_tjurjevic',                                  '4971167271600','','Nicht 端bermittelt','4971167271600_Wednesday, January 08, 2020_5:46:52 PM')]
(Background on this error at: http://sqlalche.me/e/9h9h)
Wed, 08 Jan 2020 16:46:53 - INFO - 123TV DB import
Wed, 08 Jan 2020 17:11:40 - INFO - Connect to DB
Wed, 08 Jan 2020 17:11:40 - INFO - TRIZMA DB import
Wed, 08 Jan 2020 17:11:40 - INFO - 123TV DB import
