Tue, 04 Feb 2020 07:43:42 - INFO - Connect to DB
Tue, 04 Feb 2020 07:43:43 - INFO - TRIZMA DB import
Tue, 04 Feb 2020 07:43:43 - INFO - 123TV DB import
Tue, 04 Feb 2020 07:44:16 - INFO - Connect to DB
Tue, 04 Feb 2020 07:44:16 - INFO - TRIZMA DB import
Tue, 04 Feb 2020 07:44:17 - INFO - 123TV DB import
Tue, 04 Feb 2020 07:44:22 - INFO - Failed on 123TV DB import at: 2020-02-03_18-50-34, for following calling party: , for agent id: 3098, with error:Call to undefined method ImportCallMetaData::Message()
Tue, 04 Feb 2020 07:45:14 - INFO - Connect to DB
Tue, 04 Feb 2020 07:45:14 - INFO - TRIZMA DB import
Tue, 04 Feb 2020 07:45:14 - INFO - 123TV DB import
Tue, 04 Feb 2020 08:01:17 - INFO - Connect to DB
Tue, 04 Feb 2020 08:01:17 - INFO - TRIZMA DB import
Tue, 04 Feb 2020 08:01:17 - INFO - 123TV DB import
Tue, 04 Feb 2020 08:01:39 - INFO - Connect to DB
Tue, 04 Feb 2020 08:01:39 - INFO - TRIZMA DB import
Tue, 04 Feb 2020 08:01:39 - INFO - 123TV DB import
FO - TRIZMA DB import
Tue, 04 Feb 2020 07:44:11 - INFO - 123TV DB import
Tue, 04 Feb 2020 07:44:47 - INFO - Connect to DB
Tue, 04 Feb 2020 07:44:47 - INFO - TRIZMA DB import
Tue, 04 Feb 2020 07:44:47 - INFO - 123TV DB import
Tue, 04 Feb 2020 08:02:24 - INFO - Connect to DB
Tue, 04 Feb 2020 08:02:24 - INFO - TRIZMA DB import
Tue, 04 Feb 2020 08:02:24 - INFO - 123TV DB import
Tue, 04 Feb 2020 08:04:43 - INFO - Connect to DB
Tue, 04 Feb 2020 08:04:43 - INFO - TRIZMA DB import
Tue, 04 Feb 2020 08:04:43 - INFO - 123TV DB import
Tue, 04 Feb 2020 08:08:46 - INFO - Connect to DB
Tue, 04 Feb 2020 08:08:46 - INFO - TRIZMA DB import
Tue, 04 Feb 2020 08:08:46 - INFO - 123TV DB import
Tue, 04 Feb 2020 08:24:43 - INFO - Connect to DB
Tue, 04 Feb 2020 08:24:43 - INFO - TRIZMA DB import
Tue, 04 Feb 2020 08:24:43 - INFO - 123TV DB import
Tue, 04 Feb 2020 08:27:06 - INFO - Connect to DB
Tue, 04 Feb 2020 08:27:06 - INFO - TRIZMA DB import
Tue, 04 Feb 2020 08:27:06 - INFO - 123TV DB import
Tue, 04 Feb 2020 08:27:12 - INFO - Connect to DB
Tue, 04 Feb 2020 08:27:12 - INFO - TRIZMA DB import
Tue, 04 Feb 2020 08:27:12 - INFO - 123TV DB import
Tue, 04 Feb 2020 08:29:09 - INFO - Connect to DB
Tue, 04 Feb 2020 08:29:09 - INFO - TRIZMA DB import
Tue, 04 Feb 2020 08:29:09 - INFO - 123TV DB import
Tue, 04 Feb 2020 08:52:10 - INFO - Connect to DB
Tue, 04 Feb 2020 08:52:10 - INFO - TRIZMA DB import
Tue, 04 Feb 2020 08:52:10 - INFO - 123TV DB import
Tue, 04 Feb 2020 08:52:38 - INFO - Connect to DB
Tue, 04 Feb 2020 08:52:38 - INFO - TRIZMA DB import
Tue, 04 Feb 2020 08:52:38 - INFO - 123TV DB import
