Fri, 27 Dec 2019 12:38:52 - INFO - Connect to DB
Fri, 27 Dec 2019 12:38:52 - INFO - TRIZMA DB import
Fri, 27 Dec 2019 12:38:52 - INFO - 123TV DB import
Fri, 27 Dec 2019 12:39:53 - INFO - Connect to DB
Fri, 27 Dec 2019 12:39:53 - INFO - TRIZMA DB import
Fri, 27 Dec 2019 12:39:54 - INFO - Failed on TRIZMA DB import at: 2019-12-27_12-33-09, for following calling party: 491728494667, for agent id: trz_sstankovic, with error:(pyodbc.DataError) ('22001', '[22001] [Microsoft][ODBC Driver 17 for SQL Server][SQL Server]String or binary data would be truncated. (8152) (SQLExecDirectW)')
[SQL: insert into records values('CC2Servicenummer','Belgrad','Nicht übermittelt','trz_sstankovic',                                  '491728494667','','Nicht übermittelt','491728494667_Saturday, December 21, 2019_7:49:07 PM')]
(Background on this error at: http://sqlalche.me/e/9h9h)
Fri, 27 Dec 2019 12:39:54 - INFO - 123TV DB import
Fri, 27 Dec 2019 12:40:20 - INFO - Connect to DB
Fri, 27 Dec 2019 12:40:20 - INFO - TRIZMA DB import
Fri, 27 Dec 2019 12:40:20 - INFO - 123TV DB import
Fri, 27 Dec 2019 12:48:10 - INFO - Connect to DB
Fri, 27 Dec 2019 12:48:10 - INFO - TRIZMA DB import
Fri, 27 Dec 2019 12:48:10 - INFO - 123TV DB import
Fri, 27 Dec 2019 12:53:40 - INFO - Connect to DB
Fri, 27 Dec 2019 12:53:40 - INFO - TRIZMA DB import
Fri, 27 Dec 2019 12:53:40 - INFO - Failed on TRIZMA DB import at: 2019-12-27_12-33-09, for following calling party: 493061292849, for agent id: trz_sstankovic, with error:(pyodbc.DataError) ('22001', '[22001] [Microsoft][ODBC Driver 17 for SQL Server][SQL Server]String or binary data would be truncated. (8152) (SQLExecDirectW)')
[SQL: insert into records values('CC2Servicenummer','Belgrad','Nicht übermittelt','trz_sstankovic',                                  '493061292849','','Nicht übermittelt','493061292849_Wednesday, December 25, 2019_2:36:11 PM')]
(Background on this error at: http://sqlalche.me/e/9h9h)
Fri, 27 Dec 2019 12:53:40 - INFO - 123TV DB import
Fri, 27 Dec 2019 12:54:05 - INFO - Connect to DB
Fri, 27 Dec 2019 12:54:05 - INFO - TRIZMA DB import
Fri, 27 Dec 2019 12:54:05 - INFO - 123TV DB import
Fri, 27 Dec 2019 12:56:47 - INFO - Connect to DB
Fri, 27 Dec 2019 12:56:47 - INFO - TRIZMA DB import
Fri, 27 Dec 2019 12:56:47 - INFO - Failed on TRIZMA DB import at: 2019-12-27_12-33-09, for following calling party: 4917662278491, for agent id: trz_sstankovic, with error:(pyodbc.DataError) ('22001', '[22001] [Microsoft][ODBC Driver 17 for SQL Server][SQL Server]String or binary data would be truncated. (8152) (SQLExecDirectW)')
[SQL: insert into records values('CC2Servicenummer','Belgrad','Nicht übermittelt','trz_sstankovic',                                  '4917662278491','','Nicht übermittelt','4917662278491_Wednesday, December 25, 2019_5:57:33 PM')]
(Background on this error at: http://sqlalche.me/e/9h9h)
Fri, 27 Dec 2019 12:56:47 - INFO - 123TV DB import
Fri, 27 Dec 2019 13:06:31 - INFO - Connect to DB
Fri, 27 Dec 2019 13:06:31 - INFO - TRIZMA DB import
Fri, 27 Dec 2019 13:06:31 - INFO - 123TV DB import
Fri, 27 Dec 2019 13:07:05 - INFO - Connect to DB
Fri, 27 Dec 2019 13:07:05 - INFO - TRIZMA DB import
Fri, 27 Dec 2019 13:07:05 - INFO - 123TV DB import
Fri, 27 Dec 2019 13:15:26 - INFO - Connect to DB
Fri, 27 Dec 2019 13:15:26 - INFO - TRIZMA DB import
Fri, 27 Dec 2019 13:15:26 - INFO - 123TV DB import
