Wed, 08 Jan 2020 18:49:25 - INFO - Connect to DB
Wed, 08 Jan 2020 18:49:25 - INFO - TRIZMA DB import
Wed, 08 Jan 2020 18:49:25 - INFO - 123TV DB import
Thu, 09 Jan 2020 07:03:03 - INFO - Connect to DB
Thu, 09 Jan 2020 07:03:03 - INFO - TRIZMA DB import
Thu, 09 Jan 2020 07:03:04 - INFO - 123TV DB import
Thu, 09 Jan 2020 07:03:55 - INFO - Connect to DB
Thu, 09 Jan 2020 07:03:55 - INFO - TRIZMA DB import
Thu, 09 Jan 2020 07:03:55 - INFO - 123TV DB import
Thu, 09 Jan 2020 07:04:22 - INFO - Connect to DB
Thu, 09 Jan 2020 07:04:22 - INFO - TRIZMA DB import
Thu, 09 Jan 2020 07:04:22 - INFO - 123TV DB import
Thu, 09 Jan 2020 07:05:17 - INFO - Connect to DB
Thu, 09 Jan 2020 07:05:17 - INFO - TRIZMA DB import
Thu, 09 Jan 2020 07:05:17 - INFO - 123TV DB import
Thu, 09 Jan 2020 07:07:32 - INFO - Connect to DB
Thu, 09 Jan 2020 07:07:32 - INFO - TRIZMA DB import
Thu, 09 Jan 2020 07:07:32 - INFO - 123TV DB import
Thu, 09 Jan 2020 07:07:37 - INFO - Connect to DB
Thu, 09 Jan 2020 07:07:38 - INFO - TRIZMA DB import
Thu, 09 Jan 2020 07:07:38 - INFO - 123TV DB import
Thu, 09 Jan 2020 07:08:46 - INFO - Connect to DB
Thu, 09 Jan 2020 07:08:46 - INFO - TRIZMA DB import
Thu, 09 Jan 2020 07:08:46 - INFO - 123TV DB import
Thu, 09 Jan 2020 07:08:51 - INFO - Failed on 123TV DB import at: 2020-01-08_18-46-29, for following calling party: , for agent id: 3155, with error:Call to undefined method ImportCallMetaData::Message()
Thu, 09 Jan 2020 07:10:36 - INFO - Connect to DB
Thu, 09 Jan 2020 07:10:36 - INFO - TRIZMA DB import
Thu, 09 Jan 2020 07:10:37 - INFO - 123TV DB import
Thu, 09 Jan 2020 07:14:43 - INFO - Connect to DB
Thu, 09 Jan 2020 07:14:43 - INFO - TRIZMA DB import
Thu, 09 Jan 2020 07:14:43 - INFO - 123TV DB import
Thu, 09 Jan 2020 07:15:16 - INFO - Connect to DB
Thu, 09 Jan 2020 07:15:16 - INFO - TRIZMA DB import
Thu, 09 Jan 2020 07:15:16 - INFO - 123TV DB import
Thu, 09 Jan 2020 07:15:44 - INFO - Connect to DB
Thu, 09 Jan 2020 07:15:44 - INFO - TRIZMA DB import
Thu, 09 Jan 2020 07:15:44 - INFO - 123TV DB import
Thu, 09 Jan 2020 07:16:02 - INFO - Connect to DB
Thu, 09 Jan 2020 07:16:02 - INFO - TRIZMA DB import
Thu, 09 Jan 2020 07:16:02 - INFO - 123TV DB import
Thu, 09 Jan 2020 07:16:33 - INFO - Connect to DB
Thu, 09 Jan 2020 07:16:33 - INFO - TRIZMA DB import
Thu, 09 Jan 2020 07:16:34 - INFO - 123TV DB import
Thu, 09 Jan 2020 07:16:39 - INFO - Connect to DB
Thu, 09 Jan 2020 07:16:39 - INFO - TRIZMA DB import
Thu, 09 Jan 2020 07:16:39 - INFO - 123TV DB import
Thu, 09 Jan 2020 07:16:55 - INFO - Connect to DB
Thu, 09 Jan 2020 07:16:55 - INFO - TRIZMA DB import
Thu, 09 Jan 2020 07:16:55 - INFO - 123TV DB import
Thu, 09 Jan 2020 07:23:01 - INFO - Connect to DB
Thu, 09 Jan 2020 07:23:01 - INFO - TRIZMA DB import
Thu, 09 Jan 2020 07:23:01 - INFO - 123TV DB import
Thu, 09 Jan 2020 07:23:47 - INFO - Connect to DB
Thu, 09 Jan 2020 07:23:47 - INFO - TRIZMA DB import
Thu, 09 Jan 2020 07:23:47 - INFO - 123TV DB import
Thu, 09 Jan 2020 07:24:26 - INFO - Connect to DB
Thu, 09 Jan 2020 07:24:26 - INFO - TRIZMA DB import
Thu, 09 Jan 2020 07:24:26 - INFO - 123TV DB import
Thu, 09 Jan 2020 07:25:20 - INFO - Connect to DB
Thu, 09 Jan 2020 07:25:20 - INFO - TRIZMA DB import
Thu, 09 Jan 2020 07:25:20 - INFO - 123TV DB import
Thu, 09 Jan 2020 07:26:18 - INFO - Connect to DB
Thu, 09 Jan 2020 07:26:18 - INFO - TRIZMA DB import
Thu, 09 Jan 2020 07:26:18 - INFO - 123TV DB import
Thu, 09 Jan 2020 07:26:24 - INFO - Connect to DB
Thu, 09 Jan 2020 07:26:24 - INFO - TRIZMA DB import
Thu, 09 Jan 2020 07:26:24 - INFO - 123TV DB import
Thu, 09 Jan 2020 07:27:23 - INFO - Connect to DB
Thu, 09 Jan 2020 07:27:23 - INFO - TRIZMA DB import
Thu, 09 Jan 2020 07:27:23 - INFO - 123TV DB import
Thu, 09 Jan 2020 07:28:19 - INFO - Connect to DB
Thu, 09 Jan 2020 07:28:19 - INFO - TRIZMA DB import
Thu, 09 Jan 2020 07:28:19 - INFO - 123TV DB import
Thu, 09 Jan 2020 07:28:55 - INFO - Connect to DB
Thu, 09 Jan 2020 07:28:55 - INFO - TRIZMA DB import
Thu, 09 Jan 2020 07:28:55 - INFO - 123TV DB import
Thu, 09 Jan 2020 07:29:11 - INFO - Connect to DB
Thu, 09 Jan 2020 07:29:11 - INFO - TRIZMA DB import
Thu, 09 Jan 2020 07:29:11 - INFO - 123TV DB import
Thu, 09 Jan 2020 07:29:40 - INFO - Connect to DB
Thu, 09 Jan 2020 07:29:40 - INFO - TRIZMA DB import
Thu, 09 Jan 2020 07:29:40 - INFO - 123TV DB import
Thu, 09 Jan 2020 07:30:04 - INFO - Connect to DB
Thu, 09 Jan 2020 07:30:04 - INFO - TRIZMA DB import
Thu, 09 Jan 2020 07:30:04 - INFO - 123TV DB import
Thu, 09 Jan 2020 07:31:06 - INFO - Connect to DB
Thu, 09 Jan 2020 07:31:06 - INFO - TRIZMA DB import
Thu, 09 Jan 2020 07:31:06 - INFO - 123TV DB import
Thu, 09 Jan 2020 07:31:31 - INFO - Connect to DB
Thu, 09 Jan 2020 07:31:31 - INFO - TRIZMA DB import
Thu, 09 Jan 2020 07:31:31 - INFO - 123TV DB import
Thu, 09 Jan 2020 07:31:53 - INFO - Connect to DB
Thu, 09 Jan 2020 07:31:53 - INFO - TRIZMA DB import
Thu, 09 Jan 2020 07:31:54 - INFO - 123TV DB import
Thu, 09 Jan 2020 07:33:18 - INFO - Connect to DB
Thu, 09 Jan 2020 07:33:18 - INFO - TRIZMA DB import
Thu, 09 Jan 2020 07:33:19 - INFO - 123TV DB import
Thu, 09 Jan 2020 07:33:59 - INFO - Connect to DB
Thu, 09 Jan 2020 07:33:59 - INFO - TRIZMA DB import
Thu, 09 Jan 2020 07:33:59 - INFO - 123TV DB import
Thu, 09 Jan 2020 07:36:43 - INFO - Connect to DB
Thu, 09 Jan 2020 07:36:43 - INFO - TRIZMA DB import
Thu, 09 Jan 2020 07:36:43 - INFO - 123TV DB import
Thu, 09 Jan 2020 07:37:09 - INFO - Connect to DB
Thu, 09 Jan 2020 07:37:09 - INFO - TRIZMA DB import
Thu, 09 Jan 2020 07:37:09 - INFO - 123TV DB import
Thu, 09 Jan 2020 07:38:10 - INFO - Connect to DB
Thu, 09 Jan 2020 07:38:10 - INFO - TRIZMA DB import
Thu, 09 Jan 2020 07:38:10 - INFO - 123TV DB import
