Sat, 04 Jan 2020 07:11:45 - INFO - Connect to DB
Sat, 04 Jan 2020 07:11:45 - INFO - TRIZMA DB import
Sat, 04 Jan 2020 07:11:45 - INFO - Failed on TRIZMA DB import at: 2020-01-03_18-55-39, for following calling party: 4971167271600, for agent id: trz_sstankovic, with error:(pyodbc.DataError) ('22001', '[22001] [Microsoft][ODBC Driver 17 for SQL Server][SQL Server]String or binary data would be truncated. (8152) (SQLExecDirectW)')
[SQL: insert into records values('CC2Servicenummer','Belgrad','Nicht übermittelt','trz_sstankovic',                                  '4971167271600','','Nicht übermittelt','4971167271600_Tuesday, December 31, 2019_8:01:58 AM')]
(Background on this error at: http://sqlalche.me/e/9h9h)
Sat, 04 Jan 2020 07:11:45 - INFO - 123TV DB import
Sat, 04 Jan 2020 07:16:20 - INFO - Connect to DB
Sat, 04 Jan 2020 07:16:21 - INFO - TRIZMA DB import
Sat, 04 Jan 2020 07:16:21 - INFO - 123TV DB import
Sat, 04 Jan 2020 07:17:26 - INFO - Connect to DB
Sat, 04 Jan 2020 07:17:26 - INFO - TRIZMA DB import
Sat, 04 Jan 2020 07:17:26 - INFO - Failed on TRIZMA DB import at: 2020-01-03_18-55-39, for following calling party: 491731864217, for agent id: trz_sstankovic, with error:(pyodbc.DataError) ('22001', '[22001] [Microsoft][ODBC Driver 17 for SQL Server][SQL Server]String or binary data would be truncated. (8152) (SQLExecDirectW)')
[SQL: insert into records values('CC2Servicenummer','Belgrad','Nicht übermittelt','trz_sstankovic',                                  '491731864217','','Nicht übermittelt','491731864217_Tuesday, December 31, 2019_12:52:51 PM')]
(Background on this error at: http://sqlalche.me/e/9h9h)
Sat, 04 Jan 2020 07:17:26 - INFO - 123TV DB import
Sat, 04 Jan 2020 07:17:47 - INFO - Connect to DB
Sat, 04 Jan 2020 07:17:47 - INFO - TRIZMA DB import
Sat, 04 Jan 2020 07:17:47 - INFO - 123TV DB import
Sat, 04 Jan 2020 07:18:08 - INFO - Connect to DB
Sat, 04 Jan 2020 07:18:08 - INFO - TRIZMA DB import
Sat, 04 Jan 2020 07:18:08 - INFO - Failed on TRIZMA DB import at: 2020-01-03_18-55-39, for following calling party: 4915906293853, for agent id: trz_sstankovic, with error:(pyodbc.DataError) ('22001', '[22001] [Microsoft][ODBC Driver 17 for SQL Server][SQL Server]String or binary data would be truncated. (8152) (SQLExecDirectW)')
[SQL: insert into records values('CC2Servicenummer','Belgrad','Nicht übermittelt','trz_sstankovic',                                  '4915906293853','','Nicht übermittelt','4915906293853_Tuesday, December 31, 2019_1:44:07 PM')]
(Background on this error at: http://sqlalche.me/e/9h9h)
Sat, 04 Jan 2020 07:18:08 - INFO - 123TV DB import
Sat, 04 Jan 2020 07:18:45 - INFO - Connect to DB
Sat, 04 Jan 2020 07:18:45 - INFO - TRIZMA DB import
Sat, 04 Jan 2020 07:18:45 - INFO - 123TV DB import
Sat, 04 Jan 2020 07:20:14 - INFO - Connect to DB
Sat, 04 Jan 2020 07:20:14 - INFO - TRIZMA DB import
Sat, 04 Jan 2020 07:20:14 - INFO - Failed on TRIZMA DB import at: 2020-01-03_18-55-39, for following calling party: 4994986339989, for agent id: trz_sstankovic, with error:(pyodbc.DataError) ('22001', '[22001] [Microsoft][ODBC Driver 17 for SQL Server][SQL Server]String or binary data would be truncated. (8152) (SQLExecDirectW)')
[SQL: insert into records values('CC2Servicenummer','Belgrad','Nicht übermittelt','trz_sstankovic',                                  '4994986339989','','Nicht übermittelt','4994986339989_Thursday, January 02, 2020_9:56:40 AM')]
(Background on this error at: http://sqlalche.me/e/9h9h)
Sat, 04 Jan 2020 07:20:14 - INFO - 123TV DB import
Sat, 04 Jan 2020 07:21:43 - INFO - Connect to DB
Sat, 04 Jan 2020 07:21:43 - INFO - TRIZMA DB import
Sat, 04 Jan 2020 07:21:43 - INFO - 123TV DB import
Sat, 04 Jan 2020 07:22:19 - INFO - Connect to DB
Sat, 04 Jan 2020 07:22:19 - INFO - TRIZMA DB import
Sat, 04 Jan 2020 07:22:19 - INFO - 123TV DB import
Sat, 04 Jan 2020 07:22:25 - INFO - Connect to DB
Sat, 04 Jan 2020 07:22:25 - INFO - TRIZMA DB import
Sat, 04 Jan 2020 07:22:25 - INFO - 123TV DB import
Sat, 04 Jan 2020 07:22:31 - INFO - Connect to DB
Sat, 04 Jan 2020 07:22:31 - INFO - TRIZMA DB import
Sat, 04 Jan 2020 07:22:31 - INFO - 123TV DB import
Sat, 04 Jan 2020 07:23:10 - INFO - Connect to DB
Sat, 04 Jan 2020 07:23:10 - INFO - TRIZMA DB import
Sat, 04 Jan 2020 07:23:10 - INFO - 123TV DB import
Sat, 04 Jan 2020 07:23:57 - INFO - Connect to DB
Sat, 04 Jan 2020 07:23:58 - INFO - TRIZMA DB import
Sat, 04 Jan 2020 07:23:58 - INFO - 123TV DB import
Sat, 04 Jan 2020 07:26:04 - INFO - Connect to DB
Sat, 04 Jan 2020 07:26:04 - INFO - TRIZMA DB import
Sat, 04 Jan 2020 07:26:04 - INFO - 123TV DB import
Sat, 04 Jan 2020 07:28:10 - INFO - Connect to DB
Sat, 04 Jan 2020 07:28:10 - ERROR - Exception on /records [GET]
Traceback (most recent call last):
  File "/home/python_project/hello.py", line 80, in get
    int(agent),
ValueError: invalid literal for int() with base 10: ''

During handling of the above exception, another exception occurred:

Traceback (most recent call last):
  File "/usr/local/lib/python3.6/dist-packages/flask/app.py", line 1949, in full_dispatch_request
    rv = self.dispatch_request()
  File "/usr/local/lib/python3.6/dist-packages/flask/app.py", line 1935, in dispatch_request
    return self.view_functions[rule.endpoint](**req.view_args)
  File "/usr/local/lib/python3.6/dist-packages/flask_restful/__init__.py", line 458, in wrapper
    resp = resource(*args, **kwargs)
  File "/usr/local/lib/python3.6/dist-packages/flask/views.py", line 89, in view
    return self.dispatch_request(*args, **kwargs)
  File "/usr/local/lib/python3.6/dist-packages/flask_restful/__init__.py", line 573, in dispatch_request
    resp = meth(*args, **kwargs)
  File "/home/python_project/hello.py", line 90, in get
    + str(e))
UnboundLocalError: local variable 'agentUsername' referenced before assignment
Sat, 04 Jan 2020 07:29:11 - INFO - Connect to DB
Sat, 04 Jan 2020 07:29:11 - INFO - TRIZMA DB import
Sat, 04 Jan 2020 07:29:11 - INFO - 123TV DB import
Sat, 04 Jan 2020 07:31:35 - INFO - Connect to DB
Sat, 04 Jan 2020 07:31:35 - INFO - TRIZMA DB import
Sat, 04 Jan 2020 07:31:35 - INFO - 123TV DB import
Sat, 04 Jan 2020 07:31:40 - INFO - Connect to DB
Sat, 04 Jan 2020 07:31:40 - INFO - TRIZMA DB import
Sat, 04 Jan 2020 07:31:40 - INFO - 123TV DB import
Sat, 04 Jan 2020 07:34:17 - INFO - Connect to DB
Sat, 04 Jan 2020 07:34:17 - INFO - TRIZMA DB import
Sat, 04 Jan 2020 07:34:17 - INFO - 123TV DB import
