Sat, 21 Dec 2019 13:15:59 - INFO - Connect to DB
Sat, 21 Dec 2019 13:16:00 - INFO - TRIZMA DB import
Sat, 21 Dec 2019 13:16:00 - INFO - Failed on TRIZMA DB import at: 2019-12-21_12-31-58, for following calling party: 4936214634386, for agent id: trz_ppetkovic, with error:(pyodbc.DataError) ('22001', '[22001] [Microsoft][ODBC Driver 17 for SQL Server][SQL Server]String or binary data would be truncated. (8152) (SQLExecDirectW)')
[SQL: insert into records values('CC2Servicenummer','Belgrad','Nicht übermittelt','trz_ppetkovic',                                  '4936214634386','','Nicht übermittelt','4936214634386_Saturday, December 21, 2019_2:15:48 PM')]
(Background on this error at: http://sqlalche.me/e/9h9h)
Sat, 21 Dec 2019 13:16:00 - INFO - 123TV DB import
Sat, 21 Dec 2019 13:32:20 - INFO - Connect to DB
Sat, 21 Dec 2019 13:32:20 - INFO - TRIZMA DB import
Sat, 21 Dec 2019 13:32:20 - INFO - Failed on TRIZMA DB import at: 2019-12-21_12-31-58, for following calling party: 491733147091, for agent id: trz_ppetkovic, with error:(pyodbc.DataError) ('22001', '[22001] [Microsoft][ODBC Driver 17 for SQL Server][SQL Server]String or binary data would be truncated. (8152) (SQLExecDirectW)')
[SQL: insert into records values('CC2Servicenummer','Belgrad','Nicht übermittelt','trz_ppetkovic',                                  '491733147091','','Nicht übermittelt','491733147091_Saturday, December 21, 2019_2:32:07 PM')]
(Background on this error at: http://sqlalche.me/e/9h9h)
Sat, 21 Dec 2019 13:32:20 - INFO - 123TV DB import
Sat, 21 Dec 2019 14:05:48 - INFO - Connect to DB
Sat, 21 Dec 2019 14:05:48 - INFO - TRIZMA DB import
Sat, 21 Dec 2019 14:05:48 - INFO - Failed on TRIZMA DB import at: 2019-12-21_12-31-58, for following calling party: 4915254622791, for agent id: trz_ppetkovic, with error:(pyodbc.DataError) ('22001', '[22001] [Microsoft][ODBC Driver 17 for SQL Server][SQL Server]String or binary data would be truncated. (8152) (SQLExecDirectW)')
[SQL: insert into records values('CC2Servicenummer','Belgrad','Nicht übermittelt','trz_ppetkovic',                                  '4915254622791','','Nicht übermittelt','4915254622791_Saturday, December 21, 2019_3:05:37 PM')]
(Background on this error at: http://sqlalche.me/e/9h9h)
Sat, 21 Dec 2019 14:05:48 - INFO - 123TV DB import
Sat, 21 Dec 2019 14:40:23 - INFO - Connect to DB
Sat, 21 Dec 2019 14:40:23 - INFO - TRIZMA DB import
Sat, 21 Dec 2019 14:40:23 - INFO - Failed on TRIZMA DB import at: 2019-12-21_12-31-58, for following calling party: 4941617350701, for agent id: trz_tjurjevic, with error:(pyodbc.DataError) ('22001', '[22001] [Microsoft][ODBC Driver 17 for SQL Server][SQL Server]String or binary data would be truncated. (8152) (SQLExecDirectW)')
[SQL: insert into records values('CC2Servicenummer','Belgrad','Nicht übermittelt','trz_tjurjevic',                                  '4941617350701','','Nicht übermittelt','4941617350701_Saturday, December 21, 2019_3:40:20 PM')]
(Background on this error at: http://sqlalche.me/e/9h9h)
Sat, 21 Dec 2019 14:40:23 - INFO - 123TV DB import
Sat, 21 Dec 2019 15:50:33 - INFO - Connect to DB
Sat, 21 Dec 2019 15:50:33 - INFO - TRIZMA DB import
Sat, 21 Dec 2019 15:50:33 - INFO - 123TV DB import
