Mon, 20 Jan 2020 07:51:22 - INFO - Connect to DB
Mon, 20 Jan 2020 07:51:22 - INFO - TRIZMA DB import
Mon, 20 Jan 2020 07:51:22 - INFO - 123TV DB import
Mon, 20 Jan 2020 07:52:49 - INFO - Connect to DB
Mon, 20 Jan 2020 07:52:49 - INFO - TRIZMA DB import
Mon, 20 Jan 2020 07:52:49 - INFO - 123TV DB import
Mon, 20 Jan 2020 07:53:07 - INFO - Connect to DB
Mon, 20 Jan 2020 07:53:07 - INFO - TRIZMA DB import
Mon, 20 Jan 2020 07:53:07 - INFO - 123TV DB import
Mon, 20 Jan 2020 07:53:32 - INFO - Connect to DB
Mon, 20 Jan 2020 07:53:32 - INFO - TRIZMA DB import
Mon, 20 Jan 2020 07:53:32 - INFO - 123TV DB import
Mon, 20 Jan 2020 07:54:55 - INFO - Connect to DB
Mon, 20 Jan 2020 07:54:55 - INFO - TRIZMA DB import
Mon, 20 Jan 2020 07:54:55 - INFO - 123TV DB import
Mon, 20 Jan 2020 07:56:13 - INFO - Connect to DB
Mon, 20 Jan 2020 07:56:13 - INFO - TRIZMA DB import
Mon, 20 Jan 2020 07:56:13 - INFO - 123TV DB import
Mon, 20 Jan 2020 08:01:45 - INFO - Connect to DB
Mon, 20 Jan 2020 08:01:45 - INFO - TRIZMA DB import
Mon, 20 Jan 2020 08:01:45 - INFO - 123TV DB import
Mon, 20 Jan 2020 08:02:32 - INFO - Connect to DB
Mon, 20 Jan 2020 08:02:32 - INFO - TRIZMA DB import
Mon, 20 Jan 2020 08:02:33 - INFO - 123TV DB import
Mon, 20 Jan 2020 08:07:56 - INFO - Connect to DB
Mon, 20 Jan 2020 08:07:56 - INFO - TRIZMA DB import
Mon, 20 Jan 2020 08:07:56 - INFO - 123TV DB import
Mon, 20 Jan 2020 08:08:36 - INFO - Connect to DB
Mon, 20 Jan 2020 08:08:36 - INFO - TRIZMA DB import
Mon, 20 Jan 2020 08:08:36 - INFO - 123TV DB import
Mon, 20 Jan 2020 08:09:01 - INFO - Connect to DB
Mon, 20 Jan 2020 08:09:01 - INFO - TRIZMA DB import
Mon, 20 Jan 2020 08:09:01 - INFO - 123TV DB import
Mon, 20 Jan 2020 08:09:07 - INFO - Connect to DB
Mon, 20 Jan 2020 08:09:07 - INFO - TRIZMA DB import
Mon, 20 Jan 2020 08:09:07 - INFO - 123TV DB import
Mon, 20 Jan 2020 08:09:48 - INFO - Connect to DB
Mon, 20 Jan 2020 08:09:48 - INFO - TRIZMA DB import
Mon, 20 Jan 2020 08:09:48 - INFO - 123TV DB import
Mon, 20 Jan 2020 08:10:13 - INFO - Connect to DB
Mon, 20 Jan 2020 08:10:13 - INFO - TRIZMA DB import
Mon, 20 Jan 2020 08:10:13 - INFO - 123TV DB import
Mon, 20 Jan 2020 08:11:09 - INFO - Connect to DB
Mon, 20 Jan 2020 08:11:09 - INFO - TRIZMA DB import
Mon, 20 Jan 2020 08:11:09 - INFO - 123TV DB import
Mon, 20 Jan 2020 08:11:22 - INFO - Connect to DB
Mon, 20 Jan 2020 08:11:22 - INFO - TRIZMA DB import
Mon, 20 Jan 2020 08:11:22 - INFO - Failed on TRIZMA DB import at: 2020-01-20_07-48-55, for following calling party: 492751444684, for agent id: trz_sstankovic, with error:(pyodbc.DataError) ('22001', '[22001] [Microsoft][ODBC Driver 17 for SQL Server][SQL Server]String or binary data would be truncated. (8152) (SQLExecDirectW)')
[SQL: insert into records values('CC2Servicenummer','Belgrad','Nicht übermittelt','trz_sstankovic',                                 '492751444684','','Nicht übermittelt','492751444684_Saturday, January 18, 2020_11:21:02 AM','SAR_STANKO')]
(Background on this error at: http://sqlalche.me/e/9h9h)
Mon, 20 Jan 2020 08:11:22 - INFO - 123TV DB import
Mon, 20 Jan 2020 08:11:48 - INFO - Connect to DB
Mon, 20 Jan 2020 08:11:48 - INFO - TRIZMA DB import
Mon, 20 Jan 2020 08:11:48 - INFO - 123TV DB import
Mon, 20 Jan 2020 08:16:35 - INFO - Connect to DB
Mon, 20 Jan 2020 08:16:35 - INFO - TRIZMA DB import
Mon, 20 Jan 2020 08:16:35 - INFO - 123TV DB import
Mon, 20 Jan 2020 08:17:18 - INFO - Connect to DB
Mon, 20 Jan 2020 08:17:18 - INFO - TRIZMA DB import
Mon, 20 Jan 2020 08:17:18 - INFO - 123TV DB import
Mon, 20 Jan 2020 08:20:54 - INFO - Connect to DB
Mon, 20 Jan 2020 08:20:54 - INFO - TRIZMA DB import
Mon, 20 Jan 2020 08:20:54 - INFO - 123TV DB import
Mon, 20 Jan 2020 08:25:49 - INFO - Connect to DB
Mon, 20 Jan 2020 08:25:49 - INFO - TRIZMA DB import
Mon, 20 Jan 2020 08:25:49 - INFO - 123TV DB import
Mon, 20 Jan 2020 08:25:55 - INFO - Connect to DB
Mon, 20 Jan 2020 08:25:55 - INFO - TRIZMA DB import
Mon, 20 Jan 2020 08:25:55 - INFO - 123TV DB import
Mon, 20 Jan 2020 08:26:41 - INFO - Connect to DB
Mon, 20 Jan 2020 08:26:41 - INFO - TRIZMA DB import
Mon, 20 Jan 2020 08:26:41 - INFO - 123TV DB import
Mon, 20 Jan 2020 08:26:53 - INFO - Connect to DB
Mon, 20 Jan 2020 08:26:53 - INFO - TRIZMA DB import
Mon, 20 Jan 2020 08:26:53 - INFO - 123TV DB import
Mon, 20 Jan 2020 08:27:31 - INFO - Connect to DB
Mon, 20 Jan 2020 08:27:31 - INFO - TRIZMA DB import
Mon, 20 Jan 2020 08:27:31 - INFO - 123TV DB import
Mon, 20 Jan 2020 08:29:05 - INFO - Connect to DB
Mon, 20 Jan 2020 08:29:05 - INFO - TRIZMA DB import
Mon, 20 Jan 2020 08:29:05 - INFO - 123TV DB import
Mon, 20 Jan 2020 08:29:36 - INFO - Connect to DB
Mon, 20 Jan 2020 08:29:36 - INFO - TRIZMA DB import
Mon, 20 Jan 2020 08:29:36 - INFO - 123TV DB import
Mon, 20 Jan 2020 08:29:42 - INFO - Connect to DB
Mon, 20 Jan 2020 08:29:42 - INFO - TRIZMA DB import
Mon, 20 Jan 2020 08:29:42 - INFO - 123TV DB import
Mon, 20 Jan 2020 08:30:25 - INFO - Connect to DB
Mon, 20 Jan 2020 08:30:25 - INFO - TRIZMA DB import
Mon, 20 Jan 2020 08:30:25 - INFO - 123TV DB import
Mon, 20 Jan 2020 08:33:36 - INFO - Connect to DB
Mon, 20 Jan 2020 08:33:36 - INFO - TRIZMA DB import
Mon, 20 Jan 2020 08:33:36 - INFO - 123TV DB import
Mon, 20 Jan 2020 08:35:52 - INFO - Connect to DB
Mon, 20 Jan 2020 08:35:52 - INFO - TRIZMA DB import
Mon, 20 Jan 2020 08:35:52 - INFO - 123TV DB import
Mon, 20 Jan 2020 08:36:17 - INFO - Connect to DB
Mon, 20 Jan 2020 08:36:17 - INFO - TRIZMA DB import
Mon, 20 Jan 2020 08:36:17 - INFO - 123TV DB import
Mon, 20 Jan 2020 08:36:54 - INFO - Connect to DB
Mon, 20 Jan 2020 08:36:54 - INFO - TRIZMA DB import
Mon, 20 Jan 2020 08:36:54 - INFO - 123TV DB import
Mon, 20 Jan 2020 08:37:19 - INFO - Connect to DB
Mon, 20 Jan 2020 08:37:19 - INFO - TRIZMA DB import
Mon, 20 Jan 2020 08:37:19 - INFO - 123TV DB import
Mon, 20 Jan 2020 08:37:41 - INFO - Connect to DB
Mon, 20 Jan 2020 08:37:41 - INFO - TRIZMA DB import
Mon, 20 Jan 2020 08:37:41 - INFO - 123TV DB import
Mon, 20 Jan 2020 08:41:02 - INFO - Connect to DB
Mon, 20 Jan 2020 08:41:02 - INFO - TRIZMA DB import
Mon, 20 Jan 2020 08:41:02 - INFO - 123TV DB import
Mon, 20 Jan 2020 08:43:32 - INFO - Connect to DB
Mon, 20 Jan 2020 08:43:32 - INFO - TRIZMA DB import
Mon, 20 Jan 2020 08:43:32 - INFO - 123TV DB import
Mon, 20 Jan 2020 08:50:59 - INFO - Connect to DB
Mon, 20 Jan 2020 08:50:59 - INFO - TRIZMA DB import
Mon, 20 Jan 2020 08:50:59 - INFO - 123TV DB import
Mon, 20 Jan 2020 08:54:38 - INFO - Connect to DB
Mon, 20 Jan 2020 08:54:38 - INFO - TRIZMA DB import
Mon, 20 Jan 2020 08:54:38 - INFO - 123TV DB import
Mon, 20 Jan 2020 08:56:05 - INFO - Connect to DB
Mon, 20 Jan 2020 08:56:05 - INFO - TRIZMA DB import
Mon, 20 Jan 2020 08:56:05 - INFO - 123TV DB import
Mon, 20 Jan 2020 09:02:27 - INFO - Connect to DB
Mon, 20 Jan 2020 09:02:27 - INFO - TRIZMA DB import
Mon, 20 Jan 2020 09:02:27 - INFO - 123TV DB import
Mon, 20 Jan 2020 09:03:14 - INFO - Connect to DB
Mon, 20 Jan 2020 09:03:14 - INFO - TRIZMA DB import
Mon, 20 Jan 2020 09:03:14 - INFO - 123TV DB import
Mon, 20 Jan 2020 09:08:35 - INFO - Connect to DB
Mon, 20 Jan 2020 09:08:35 - INFO - TRIZMA DB import
Mon, 20 Jan 2020 09:08:35 - INFO - 123TV DB import
Mon, 20 Jan 2020 09:11:23 - INFO - Connect to DB
Mon, 20 Jan 2020 09:11:23 - INFO - TRIZMA DB import
Mon, 20 Jan 2020 09:11:23 - INFO - 123TV DB import
Mon, 20 Jan 2020 09:12:18 - INFO - Connect to DB
Mon, 20 Jan 2020 09:12:18 - INFO - TRIZMA DB import
Mon, 20 Jan 2020 09:12:18 - INFO - 123TV DB import
