Thu, 16 Jan 2020 11:16:28 - INFO - Connect to DB
Thu, 16 Jan 2020 11:16:28 - INFO - TRIZMA DB import
Thu, 16 Jan 2020 11:16:28 - INFO - Failed on TRIZMA DB import at: 2020-01-16_11-10-56, for following calling party: 491735922772, for agent id: trz_sstankovic, with error:(pyodbc.DataError) ('22001', '[22001] [Microsoft][ODBC Driver 17 for SQL Server][SQL Server]String or binary data would be truncated. (8152) (SQLExecDirectW)')
[SQL: insert into records values('CC2Servicenummer','Belgrad','Nicht 端bermittelt','trz_sstankovic',                                 '491735922772','','Nicht 端bermittelt','491735922772_Thursday, January 16, 2020_12:16:27 PM','SAR_STANKO')]
(Background on this error at: http://sqlalche.me/e/9h9h)
Thu, 16 Jan 2020 11:16:28 - INFO - 123TV DB import
Thu, 16 Jan 2020 11:18:09 - INFO - Connect to DB
Thu, 16 Jan 2020 11:18:09 - INFO - TRIZMA DB import
Thu, 16 Jan 2020 11:18:09 - INFO - 123TV DB import
Thu, 16 Jan 2020 11:22:49 - INFO - Connect to DB
Thu, 16 Jan 2020 11:22:50 - INFO - TRIZMA DB import
Thu, 16 Jan 2020 11:22:50 - INFO - 123TV DB import
Thu, 16 Jan 2020 11:23:15 - INFO - Connect to DB
Thu, 16 Jan 2020 11:23:15 - INFO - TRIZMA DB import
Thu, 16 Jan 2020 11:23:15 - INFO - 123TV DB import
Thu, 16 Jan 2020 11:25:20 - INFO - Connect to DB
Thu, 16 Jan 2020 11:25:21 - INFO - TRIZMA DB import
Thu, 16 Jan 2020 11:25:21 - INFO - Failed on TRIZMA DB import at: 2020-01-16_11-10-56, for following calling party: 492472802794, for agent id: trz_bmaksimovic, with error:(pyodbc.DataError) ('22001', '[22001] [Microsoft][ODBC Driver 17 for SQL Server][SQL Server]String or binary data would be truncated. (8152) (SQLExecDirectW)')
[SQL: insert into records values('CC2Servicenummer','Belgrad','Nicht 端bermittelt','trz_bmaksimovic',                                 '492472802794','','Nicht 端bermittelt','492472802794_Thursday, January 16, 2020_12:25:17 PM','BOR_MAKSIM')]
(Background on this error at: http://sqlalche.me/e/9h9h)
Thu, 16 Jan 2020 11:25:21 - INFO - 123TV DB import
