Tue, 14 Jan 2020 10:52:47 - INFO - Connect to DB
Tue, 14 Jan 2020 10:52:47 - INFO - TRIZMA DB import
Tue, 14 Jan 2020 10:52:47 - INFO - Failed on TRIZMA DB import at: 2020-01-14_10-41-38, for following calling party: 4915259531604, for agent id: trz_bmaksimovic, with error:(pyodbc.DataError) ('22001', '[22001] [Microsoft][ODBC Driver 17 for SQL Server][SQL Server]String or binary data would be truncated. (8152) (SQLExecDirectW)')
[SQL: insert into records values('CC2Servicenummer','Belgrad','Nicht 端bermittelt','trz_bmaksimovic',                                  '4915259531604','','Nicht 端bermittelt','4915259531604_Tuesday, January 14, 2020_11:52:44 AM')]
(Background on this error at: http://sqlalche.me/e/9h9h)
Tue, 14 Jan 2020 10:52:47 - INFO - 123TV DB import
Tue, 14 Jan 2020 10:52:52 - INFO - Failed on 123TV DB import at: 2020-01-14_10-41-38, for following calling party: 4915259531604, for agent id: 3036, with error:Missing element acd_id (importCallMetaData.acd_id)
Tue, 14 Jan 2020 10:54:47 - INFO - Connect to DB
Tue, 14 Jan 2020 10:54:47 - INFO - TRIZMA DB import
Tue, 14 Jan 2020 10:54:47 - INFO - 123TV DB import
Tue, 14 Jan 2020 10:54:52 - INFO - Failed on 123TV DB import at: 2020-01-14_10-41-38, for following calling party: 4915259531604, for agent id: 3110, with error:Missing element acd_id (importCallMetaData.acd_id)
Tue, 14 Jan 2020 10:55:02 - INFO - Connect to DB
Tue, 14 Jan 2020 10:55:02 - INFO - TRIZMA DB import
Tue, 14 Jan 2020 10:55:02 - INFO - 123TV DB import
Tue, 14 Jan 2020 10:55:07 - INFO - Failed on 123TV DB import at: 2020-01-14_10-41-38, for following calling party: 493641829773, for agent id: 3063, with error:Missing element acd_id (importCallMetaData.acd_id)
Tue, 14 Jan 2020 11:00:46 - INFO - Connect to DB
Tue, 14 Jan 2020 11:00:46 - INFO - TRIZMA DB import
Tue, 14 Jan 2020 11:00:46 - INFO - Failed on TRIZMA DB import at: 2020-01-14_10-41-38, for following calling party: 493669322550, for agent id: trz_bdjurcilov, with error:(pyodbc.Error) ('21S01', '[21S01] [Microsoft][ODBC Driver 17 for SQL Server][SQL Server]Column name or number of supplied values does not match table definition. (213) (SQLExecDirectW)')
[SQL: insert into records values('CC2Servicenummer','Belgrad','Nicht 端bermittelt','trz_bdjurcilov',                                  '493669322550','','Nicht 端bermittelt','493669322550_Dienstag, 14. Januar 2020_12:00:42')]
(Background on this error at: http://sqlalche.me/e/dbapi)
Tue, 14 Jan 2020 11:00:46 - INFO - 123TV DB import
Tue, 14 Jan 2020 11:00:51 - INFO - Failed on 123TV DB import at: 2020-01-14_10-41-38, for following calling party: 493669322550, for agent id: 3122, with error:Missing element acd_id (importCallMetaData.acd_id)
