Sat, 28 Dec 2019 11:16:28 - INFO - Connect to DB
Sat, 28 Dec 2019 11:16:29 - INFO - TRIZMA DB import
Sat, 28 Dec 2019 11:16:29 - INFO - Failed on TRIZMA DB import at: 2019-12-28_11-16-12, for following calling party: 495525999815, for agent id: trz_bmaksimovic, with error:(pyodbc.DataError) ('22001', '[22001] [Microsoft][ODBC Driver 17 for SQL Server][SQL Server]String or binary data would be truncated. (8152) (SQLExecDirectW)')
[SQL: insert into records values('CC2Servicenummer','Belgrad','Nicht 端bermittelt','trz_bmaksimovic',                                  '495525999815','','Nicht 端bermittelt','495525999815_Saturday, December 28, 2019_12:16:25 PM')]
(Background on this error at: http://sqlalche.me/e/9h9h)
Sat, 28 Dec 2019 11:16:29 - INFO - 123TV DB import
Sat, 28 Dec 2019 11:17:39 - INFO - Connect to DB
Sat, 28 Dec 2019 11:17:39 - INFO - TRIZMA DB import
Sat, 28 Dec 2019 11:17:39 - INFO - 123TV DB import
Sat, 28 Dec 2019 11:26:20 - INFO - Connect to DB
Sat, 28 Dec 2019 11:26:20 - INFO - TRIZMA DB import
Sat, 28 Dec 2019 11:26:20 - INFO - 123TV DB import
Sat, 28 Dec 2019 11:36:57 - INFO - Connect to DB
Sat, 28 Dec 2019 11:36:57 - INFO - TRIZMA DB import
Sat, 28 Dec 2019 11:36:57 - INFO - 123TV DB import
Sat, 28 Dec 2019 11:50:03 - INFO - Connect to DB
Sat, 28 Dec 2019 11:50:03 - INFO - TRIZMA DB import
Sat, 28 Dec 2019 11:50:03 - INFO - Failed on TRIZMA DB import at: 2019-12-28_11-16-12, for following calling party: 4915732147392, for agent id: trz_bmaksimovic, with error:(pyodbc.DataError) ('22001', '[22001] [Microsoft][ODBC Driver 17 for SQL Server][SQL Server]String or binary data would be truncated. (8152) (SQLExecDirectW)')
[SQL: insert into records values('CC2Servicenummer','Belgrad','Nicht 端bermittelt','trz_bmaksimovic',                                  '4915732147392','','Nicht 端bermittelt','4915732147392_Saturday, December 28, 2019_12:49:59 PM')]
(Background on this error at: http://sqlalche.me/e/9h9h)
Sat, 28 Dec 2019 11:50:03 - INFO - 123TV DB import
Sat, 28 Dec 2019 12:00:27 - INFO - Connect to DB
Sat, 28 Dec 2019 12:00:27 - INFO - TRIZMA DB import
Sat, 28 Dec 2019 12:00:27 - INFO - 123TV DB import
