Tue, 21 Jan 2020 10:35:13 - INFO - Connect to DB
Tue, 21 Jan 2020 10:35:13 - INFO - TRIZMA DB import
Tue, 21 Jan 2020 10:35:13 - INFO - 123TV DB import
Tue, 21 Jan 2020 10:42:46 - INFO - Connect to DB
Tue, 21 Jan 2020 10:42:46 - INFO - TRIZMA DB import
Tue, 21 Jan 2020 10:42:46 - INFO - 123TV DB import
Tue, 21 Jan 2020 10:43:30 - INFO - Connect to DB
Tue, 21 Jan 2020 10:43:30 - INFO - TRIZMA DB import
Tue, 21 Jan 2020 10:43:30 - INFO - 123TV DB import
Tue, 21 Jan 2020 10:44:56 - INFO - Connect to DB
Tue, 21 Jan 2020 10:44:56 - INFO - TRIZMA DB import
Tue, 21 Jan 2020 10:44:56 - INFO - 123TV DB import
Tue, 21 Jan 2020 10:45:27 - INFO - Connect to DB
Tue, 21 Jan 2020 10:45:27 - INFO - TRIZMA DB import
Tue, 21 Jan 2020 10:45:27 - INFO - 123TV DB import
Tue, 21 Jan 2020 10:46:03 - INFO - Connect to DB
Tue, 21 Jan 2020 10:46:03 - INFO - TRIZMA DB import
Tue, 21 Jan 2020 10:46:03 - INFO - 123TV DB import
Tue, 21 Jan 2020 10:46:39 - INFO - Connect to DB
Tue, 21 Jan 2020 10:46:39 - INFO - TRIZMA DB import
Tue, 21 Jan 2020 10:46:39 - INFO - 123TV DB import
Tue, 21 Jan 2020 10:47:02 - INFO - Connect to DB
Tue, 21 Jan 2020 10:47:03 - INFO - TRIZMA DB import
Tue, 21 Jan 2020 10:47:03 - INFO - 123TV DB import
Tue, 21 Jan 2020 10:48:02 - INFO - Connect to DB
Tue, 21 Jan 2020 10:48:02 - INFO - TRIZMA DB import
Tue, 21 Jan 2020 10:48:02 - INFO - Failed on TRIZMA DB import at: 2020-01-21_10-33-41, for following calling party: 4915784918858, for agent id: trz_asilni, with error:(pyodbc.DataError) ('22001', '[22001] [Microsoft][ODBC Driver 17 for SQL Server][SQL Server]String or binary data would be truncated. (8152) (SQLExecDirectW)')
[SQL: insert into records values('CC2Servicenummer','Belgrad','Nicht übermittelt','trz_asilni',                                 '4915784918858','','Nicht übermittelt','4915784918858_Wednesday, January 15, 2020_12:21:36 PM','ANA_SILNI')]
(Background on this error at: http://sqlalche.me/e/9h9h)
Tue, 21 Jan 2020 10:48:02 - INFO - 123TV DB import
Tue, 21 Jan 2020 10:48:12 - INFO - Connect to DB
Tue, 21 Jan 2020 10:48:12 - INFO - TRIZMA DB import
Tue, 21 Jan 2020 10:48:12 - INFO - Failed on TRIZMA DB import at: 2020-01-21_10-33-41, for following calling party: 493687470105, for agent id: trz_asilni, with error:(pyodbc.DataError) ('22001', '[22001] [Microsoft][ODBC Driver 17 for SQL Server][SQL Server]String or binary data would be truncated. (8152) (SQLExecDirectW)')
[SQL: insert into records values('CC2Servicenummer','Belgrad','Nicht übermittelt','trz_asilni',                                 '493687470105','','Nicht übermittelt','493687470105_Wednesday, January 15, 2020_12:33:01 PM','ANA_SILNI')]
(Background on this error at: http://sqlalche.me/e/9h9h)
Tue, 21 Jan 2020 10:48:12 - INFO - 123TV DB import
Tue, 21 Jan 2020 10:48:40 - INFO - Connect to DB
Tue, 21 Jan 2020 10:48:40 - INFO - TRIZMA DB import
Tue, 21 Jan 2020 10:48:40 - INFO - 123TV DB import
Tue, 21 Jan 2020 10:48:53 - INFO - Connect to DB
Tue, 21 Jan 2020 10:48:53 - INFO - TRIZMA DB import
Tue, 21 Jan 2020 10:48:53 - INFO - Failed on TRIZMA DB import at: 2020-01-21_10-33-41, for following calling party: 4967197043865, for agent id: trz_asilni, with error:(pyodbc.DataError) ('22001', '[22001] [Microsoft][ODBC Driver 17 for SQL Server][SQL Server]String or binary data would be truncated. (8152) (SQLExecDirectW)')
[SQL: insert into records values('CC2Servicenummer','Belgrad','Nicht übermittelt','trz_asilni',                                 '4967197043865','','Nicht übermittelt','4967197043865_Wednesday, January 15, 2020_1:27:52 PM','ANA_SILNI')]
(Background on this error at: http://sqlalche.me/e/9h9h)
Tue, 21 Jan 2020 10:48:53 - INFO - 123TV DB import
Tue, 21 Jan 2020 10:50:00 - INFO - Connect to DB
Tue, 21 Jan 2020 10:50:00 - INFO - TRIZMA DB import
Tue, 21 Jan 2020 10:50:01 - INFO - 123TV DB import
Tue, 21 Jan 2020 10:50:39 - INFO - Connect to DB
Tue, 21 Jan 2020 10:50:39 - INFO - TRIZMA DB import
Tue, 21 Jan 2020 10:50:39 - INFO - 123TV DB import
Tue, 21 Jan 2020 10:51:24 - INFO - Connect to DB
Tue, 21 Jan 2020 10:51:24 - INFO - TRIZMA DB import
Tue, 21 Jan 2020 10:51:24 - INFO - 123TV DB import
Tue, 21 Jan 2020 10:54:10 - INFO - Connect to DB
Tue, 21 Jan 2020 10:54:10 - INFO - TRIZMA DB import
Tue, 21 Jan 2020 10:54:10 - INFO - 123TV DB import
Tue, 21 Jan 2020 10:56:41 - INFO - Connect to DB
Tue, 21 Jan 2020 10:56:41 - INFO - TRIZMA DB import
Tue, 21 Jan 2020 10:56:41 - INFO - 123TV DB import
Tue, 21 Jan 2020 10:57:37 - INFO - Connect to DB
Tue, 21 Jan 2020 10:57:37 - INFO - TRIZMA DB import
Tue, 21 Jan 2020 10:57:37 - INFO - 123TV DB import
Tue, 21 Jan 2020 10:57:43 - INFO - Connect to DB
Tue, 21 Jan 2020 10:57:43 - INFO - TRIZMA DB import
Tue, 21 Jan 2020 10:57:43 - INFO - 123TV DB import
Tue, 21 Jan 2020 10:57:48 - INFO - Connect to DB
Tue, 21 Jan 2020 10:57:48 - INFO - TRIZMA DB import
Tue, 21 Jan 2020 10:57:48 - INFO - 123TV DB import
Tue, 21 Jan 2020 10:57:54 - INFO - Connect to DB
Tue, 21 Jan 2020 10:57:54 - INFO - TRIZMA DB import
Tue, 21 Jan 2020 10:57:54 - INFO - 123TV DB import
Tue, 21 Jan 2020 10:58:19 - INFO - Connect to DB
Tue, 21 Jan 2020 10:58:19 - INFO - TRIZMA DB import
Tue, 21 Jan 2020 10:58:19 - INFO - 123TV DB import
Tue, 21 Jan 2020 11:00:36 - INFO - Connect to DB
Tue, 21 Jan 2020 11:00:36 - INFO - TRIZMA DB import
Tue, 21 Jan 2020 11:00:36 - INFO - Failed on TRIZMA DB import at: 2020-01-21_10-33-41, for following calling party: 493939281556, for agent id: trz_asilni, with error:(pyodbc.DataError) ('22001', '[22001] [Microsoft][ODBC Driver 17 for SQL Server][SQL Server]String or binary data would be truncated. (8152) (SQLExecDirectW)')
[SQL: insert into records values('CC2Servicenummer','Belgrad','Nicht übermittelt','trz_asilni',                                 '493939281556','','Nicht übermittelt','493939281556_Wednesday, January 15, 2020_5:08:15 PM','ANA_SILNI')]
(Background on this error at: http://sqlalche.me/e/9h9h)
Tue, 21 Jan 2020 11:00:36 - INFO - 123TV DB import
Tue, 21 Jan 2020 11:05:39 - INFO - Connect to DB
Tue, 21 Jan 2020 11:05:39 - INFO - TRIZMA DB import
Tue, 21 Jan 2020 11:05:39 - INFO - Failed on TRIZMA DB import at: 2020-01-21_10-33-41, for following calling party: 4946271855828, for agent id: trz_sdjukic, with error:(pyodbc.DataError) ('22001', '[22001] [Microsoft][ODBC Driver 17 for SQL Server][SQL Server]String or binary data would be truncated. (8152) (SQLExecDirectW)')
[SQL: insert into records values('CC2Servicenummer','Belgrad','Nicht übermittelt','trz_sdjukic',                                 '4946271855828','','Nicht übermittelt','4946271855828_Tuesday, January 21, 2020_12:05:35 PM','SAN_DJUKIC')]
(Background on this error at: http://sqlalche.me/e/9h9h)
Tue, 21 Jan 2020 11:05:39 - INFO - 123TV DB import
Tue, 21 Jan 2020 11:05:52 - INFO - Connect to DB
Tue, 21 Jan 2020 11:05:52 - INFO - TRIZMA DB import
Tue, 21 Jan 2020 11:05:52 - INFO - Failed on TRIZMA DB import at: 2020-01-21_10-33-41, for following calling party: 491627756870, for agent id: trz_asilni, with error:(pyodbc.DataError) ('22001', '[22001] [Microsoft][ODBC Driver 17 for SQL Server][SQL Server]String or binary data would be truncated. (8152) (SQLExecDirectW)')
[SQL: insert into records values('CC2Servicenummer','Belgrad','Nicht übermittelt','trz_asilni',                                 '491627756870','','Nicht übermittelt','491627756870_Wednesday, January 15, 2020_5:52:26 PM','ANA_SILNI')]
(Background on this error at: http://sqlalche.me/e/9h9h)
Tue, 21 Jan 2020 11:05:52 - INFO - 123TV DB import
Tue, 21 Jan 2020 11:16:04 - INFO - Connect to DB
Tue, 21 Jan 2020 11:16:04 - INFO - TRIZMA DB import
Tue, 21 Jan 2020 11:16:04 - INFO - Failed on TRIZMA DB import at: 2020-01-21_10-33-41, for following calling party: 491624977905, for agent id: trz_asilni, with error:(pyodbc.DataError) ('22001', '[22001] [Microsoft][ODBC Driver 17 for SQL Server][SQL Server]String or binary data would be truncated. (8152) (SQLExecDirectW)')
[SQL: insert into records values('CC2Servicenummer','Belgrad','Nicht übermittelt','trz_asilni',                                 '491624977905','','Nicht übermittelt','491624977905_Wednesday, January 15, 2020_6:34:50 PM','ANA_SILNI')]
(Background on this error at: http://sqlalche.me/e/9h9h)
Tue, 21 Jan 2020 11:16:04 - INFO - 123TV DB import
Tue, 21 Jan 2020 11:16:10 - INFO - Connect to DB
Tue, 21 Jan 2020 11:16:10 - INFO - TRIZMA DB import
Tue, 21 Jan 2020 11:16:10 - INFO - Failed on TRIZMA DB import at: 2020-01-21_10-33-41, for following calling party: 493842226446, for agent id: trz_asilni, with error:(pyodbc.DataError) ('22001', '[22001] [Microsoft][ODBC Driver 17 for SQL Server][SQL Server]String or binary data would be truncated. (8152) (SQLExecDirectW)')
[SQL: insert into records values('CC2Servicenummer','Belgrad','Nicht übermittelt','trz_asilni',                                 '493842226446','','Nicht übermittelt','493842226446_Wednesday, January 15, 2020_6:54:27 PM','ANA_SILNI')]
(Background on this error at: http://sqlalche.me/e/9h9h)
Tue, 21 Jan 2020 11:16:10 - INFO - 123TV DB import
Tue, 21 Jan 2020 11:16:39 - INFO - Connect to DB
Tue, 21 Jan 2020 11:16:39 - INFO - TRIZMA DB import
Tue, 21 Jan 2020 11:16:39 - INFO - 123TV DB import
Tue, 21 Jan 2020 11:16:45 - INFO - Connect to DB
Tue, 21 Jan 2020 11:16:45 - INFO - TRIZMA DB import
Tue, 21 Jan 2020 11:16:45 - INFO - 123TV DB import
Tue, 21 Jan 2020 11:17:30 - INFO - Connect to DB
Tue, 21 Jan 2020 11:17:30 - INFO - TRIZMA DB import
Tue, 21 Jan 2020 11:17:30 - INFO - 123TV DB import
Tue, 21 Jan 2020 11:17:35 - INFO - Connect to DB
Tue, 21 Jan 2020 11:17:36 - INFO - TRIZMA DB import
Tue, 21 Jan 2020 11:17:36 - INFO - 123TV DB import
Tue, 21 Jan 2020 11:17:42 - INFO - Connect to DB
Tue, 21 Jan 2020 11:17:42 - INFO - TRIZMA DB import
Tue, 21 Jan 2020 11:17:42 - INFO - 123TV DB import
Tue, 21 Jan 2020 11:18:05 - INFO - Connect to DB
Tue, 21 Jan 2020 11:18:05 - INFO - TRIZMA DB import
Tue, 21 Jan 2020 11:18:06 - INFO - 123TV DB import
Tue, 21 Jan 2020 11:18:43 - INFO - Connect to DB
Tue, 21 Jan 2020 11:18:43 - INFO - TRIZMA DB import
Tue, 21 Jan 2020 11:18:43 - INFO - 123TV DB import
Tue, 21 Jan 2020 11:18:54 - INFO - Connect to DB
Tue, 21 Jan 2020 11:18:54 - INFO - TRIZMA DB import
Tue, 21 Jan 2020 11:18:54 - INFO - 123TV DB import
