Thu, 06 Feb 2020 15:08:24 - INFO - Connect to DB
Thu, 06 Feb 2020 15:08:24 - INFO - TRIZMA DB import
Thu, 06 Feb 2020 15:08:24 - INFO - 123TV DB import
Thu, 06 Feb 2020 15:09:11 - INFO - Connect to DB
Thu, 06 Feb 2020 15:09:11 - INFO - TRIZMA DB import
Thu, 06 Feb 2020 15:09:11 - INFO - 123TV DB import
Thu, 06 Feb 2020 15:19:13 - INFO - Connect to DB
Thu, 06 Feb 2020 15:19:13 - INFO - TRIZMA DB import
Thu, 06 Feb 2020 15:19:13 - INFO - 123TV DB import
Thu, 06 Feb 2020 15:28:53 - INFO - Connect to DB
Thu, 06 Feb 2020 15:28:54 - INFO - TRIZMA DB import
Thu, 06 Feb 2020 15:28:54 - INFO - 123TV DB import
Thu, 06 Feb 2020 15:31:26 - INFO - Connect to DB
Thu, 06 Feb 2020 15:31:27 - INFO - TRIZMA DB import
Thu, 06 Feb 2020 15:31:27 - INFO - 123TV DB import
Thu, 06 Feb 2020 15:31:32 - INFO - Failed on 123TV DB import at: 2020-02-06_15-04-42, for following calling party: , for agent id: 3036, with error:Call to undefined method ImportCallMetaData::Message()
Thu, 06 Feb 2020 15:32:16 - INFO - Connect to DB
Thu, 06 Feb 2020 15:32:16 - INFO - TRIZMA DB import
Thu, 06 Feb 2020 15:32:16 - INFO - 123TV DB import
Thu, 06 Feb 2020 15:35:57 - INFO - Connect to DB
Thu, 06 Feb 2020 15:35:57 - INFO - TRIZMA DB import
Thu, 06 Feb 2020 15:35:57 - INFO - 123TV DB import
Thu, 06 Feb 2020 15:37:25 - INFO - Connect to DB
Thu, 06 Feb 2020 15:37:25 - INFO - TRIZMA DB import
Thu, 06 Feb 2020 15:37:25 - INFO - 123TV DB import
Thu, 06 Feb 2020 15:39:19 - INFO - Connect to DB
Thu, 06 Feb 2020 15:39:19 - INFO - TRIZMA DB import
Thu, 06 Feb 2020 15:39:19 - INFO - 123TV DB import
Thu, 06 Feb 2020 15:40:11 - INFO - Connect to DB
Thu, 06 Feb 2020 15:40:11 - INFO - TRIZMA DB import
Thu, 06 Feb 2020 15:40:11 - INFO - 123TV DB import
Thu, 06 Feb 2020 15:47:34 - INFO - Connect to DB
Thu, 06 Feb 2020 15:47:34 - INFO - TRIZMA DB import
Thu, 06 Feb 2020 15:47:34 - INFO - 123TV DB import
Thu, 06 Feb 2020 15:49:47 - INFO - Connect to DB
Thu, 06 Feb 2020 15:49:47 - INFO - TRIZMA DB import
Thu, 06 Feb 2020 15:49:47 - INFO - 123TV DB import
Thu, 06 Feb 2020 15:56:15 - INFO - Connect to DB
Thu, 06 Feb 2020 15:56:15 - INFO - TRIZMA DB import
Thu, 06 Feb 2020 15:56:15 - INFO - 123TV DB import
Thu, 06 Feb 2020 15:56:20 - INFO - Failed on 123TV DB import at: 2020-02-06_15-04-42, for following calling party: , for agent id: 3036, with error:Call to undefined method ImportCallMetaData::Message()
Thu, 06 Feb 2020 15:56:47 - INFO - Connect to DB
Thu, 06 Feb 2020 15:56:47 - INFO - TRIZMA DB import
Thu, 06 Feb 2020 15:56:47 - INFO - 123TV DB import
Thu, 06 Feb 2020 15:58:00 - INFO - Connect to DB
Thu, 06 Feb 2020 15:58:00 - INFO - TRIZMA DB import
Thu, 06 Feb 2020 15:58:00 - INFO - 123TV DB import
Thu, 06 Feb 2020 16:02:27 - INFO - Connect to DB
Thu, 06 Feb 2020 16:02:27 - INFO - TRIZMA DB import
Thu, 06 Feb 2020 16:02:27 - INFO - 123TV DB import
Thu, 06 Feb 2020 16:03:01 - INFO - Connect to DB
Thu, 06 Feb 2020 16:03:01 - INFO - TRIZMA DB import
Thu, 06 Feb 2020 16:03:01 - INFO - 123TV DB import
Thu, 06 Feb 2020 16:05:06 - INFO - Connect to DB
Thu, 06 Feb 2020 16:05:07 - INFO - TRIZMA DB import
Thu, 06 Feb 2020 16:05:07 - INFO - 123TV DB import
Thu, 06 Feb 2020 16:09:48 - INFO - Connect to DB
Thu, 06 Feb 2020 16:09:48 - INFO - TRIZMA DB import
Thu, 06 Feb 2020 16:09:48 - INFO - 123TV DB import
Thu, 06 Feb 2020 16:12:44 - INFO - Connect to DB
Thu, 06 Feb 2020 16:12:44 - INFO - TRIZMA DB import
Thu, 06 Feb 2020 16:12:45 - INFO - 123TV DB import
Thu, 06 Feb 2020 16:14:54 - INFO - Connect to DB
Thu, 06 Feb 2020 16:14:54 - INFO - TRIZMA DB import
Thu, 06 Feb 2020 16:14:55 - INFO - 123TV DB import
Thu, 06 Feb 2020 16:18:21 - INFO - Connect to DB
Thu, 06 Feb 2020 16:18:21 - INFO - TRIZMA DB import
Thu, 06 Feb 2020 16:18:21 - INFO - 123TV DB import
Thu, 06 Feb 2020 16:27:45 - INFO - Connect to DB
Thu, 06 Feb 2020 16:27:45 - INFO - TRIZMA DB import
Thu, 06 Feb 2020 16:27:45 - INFO - 123TV DB import
Thu, 06 Feb 2020 16:33:52 - INFO - Connect to DB
Thu, 06 Feb 2020 16:33:52 - INFO - TRIZMA DB import
Thu, 06 Feb 2020 16:33:52 - INFO - 123TV DB import
Thu, 06 Feb 2020 16:33:57 - INFO - Failed on 123TV DB import at: 2020-02-06_15-04-42, for following calling party: , for agent id: 3060, with error:Call to undefined method ImportCallMetaData::Message()
Thu, 06 Feb 2020 16:34:16 - INFO - Connect to DB
Thu, 06 Feb 2020 16:34:16 - INFO - TRIZMA DB import
Thu, 06 Feb 2020 16:34:16 - INFO - 123TV DB import
Thu, 06 Feb 2020 16:41:46 - INFO - Connect to DB
Thu, 06 Feb 2020 16:41:46 - INFO - TRIZMA DB import
Thu, 06 Feb 2020 16:41:46 - INFO - 123TV DB import
Thu, 06 Feb 2020 16:41:51 - INFO - Failed on 123TV DB import at: 2020-02-06_15-04-42, for following calling party: , for agent id: 3182, with error:Call to undefined method ImportCallMetaData::Message()
Thu, 06 Feb 2020 16:50:12 - INFO - Connect to DB
Thu, 06 Feb 2020 16:50:12 - INFO - TRIZMA DB import
Thu, 06 Feb 2020 16:50:13 - INFO - 123TV DB import
Thu, 06 Feb 2020 16:59:54 - INFO - Connect to DB
Thu, 06 Feb 2020 16:59:55 - INFO - TRIZMA DB import
Thu, 06 Feb 2020 16:59:55 - INFO - 123TV DB import
Thu, 06 Feb 2020 17:02:09 - INFO - Connect to DB
Thu, 06 Feb 2020 17:02:09 - INFO - TRIZMA DB import
Thu, 06 Feb 2020 17:02:09 - INFO - 123TV DB import
Thu, 06 Feb 2020 17:15:38 - INFO - Connect to DB
Thu, 06 Feb 2020 17:15:41 - INFO - TRIZMA DB import
Thu, 06 Feb 2020 17:15:42 - INFO - 123TV DB import
Thu, 06 Feb 2020 17:26:05 - INFO - Connect to DB
Thu, 06 Feb 2020 17:26:05 - INFO - TRIZMA DB import
Thu, 06 Feb 2020 17:26:05 - INFO - 123TV DB import
Thu, 06 Feb 2020 17:30:26 - INFO - Connect to DB
Thu, 06 Feb 2020 17:30:27 - INFO - TRIZMA DB import
Thu, 06 Feb 2020 17:30:27 - INFO - 123TV DB import
Thu, 06 Feb 2020 17:33:09 - INFO - Connect to DB
Thu, 06 Feb 2020 17:33:09 - INFO - TRIZMA DB import
Thu, 06 Feb 2020 17:33:09 - INFO - 123TV DB import
Thu, 06 Feb 2020 17:35:35 - INFO - Connect to DB
Thu, 06 Feb 2020 17:35:35 - INFO - TRIZMA DB import
Thu, 06 Feb 2020 17:35:35 - INFO - 123TV DB import
Thu, 06 Feb 2020 17:53:05 - INFO - Connect to DB
Thu, 06 Feb 2020 17:53:05 - INFO - TRIZMA DB import
Thu, 06 Feb 2020 17:53:05 - INFO - 123TV DB import
Thu, 06 Feb 2020 18:07:14 - INFO - Connect to DB
Thu, 06 Feb 2020 18:07:14 - INFO - TRIZMA DB import
Thu, 06 Feb 2020 18:07:14 - INFO - 123TV DB import
Thu, 06 Feb 2020 18:14:25 - INFO - Connect to DB
Thu, 06 Feb 2020 18:14:25 - INFO - TRIZMA DB import
Thu, 06 Feb 2020 18:14:25 - INFO - 123TV DB import
Thu, 06 Feb 2020 18:23:54 - INFO - Connect to DB
Thu, 06 Feb 2020 18:23:54 - INFO - TRIZMA DB import
Thu, 06 Feb 2020 18:23:54 - INFO - 123TV DB import
Thu, 06 Feb 2020 18:29:55 - INFO - Connect to DB
Thu, 06 Feb 2020 18:29:55 - INFO - TRIZMA DB import
Thu, 06 Feb 2020 18:29:55 - INFO - 123TV DB import
Thu, 06 Feb 2020 18:30:00 - INFO - Failed on 123TV DB import at: 2020-02-06_15-04-42, for following calling party: 4976814934147, for agent id: 3036, with error:Server returned response (200) with invalid XML: Invalid XML content received (Document is empty, line 1, column 1).
Content: b''
Thu, 06 Feb 2020 18:42:18 - INFO - Connect to DB
Thu, 06 Feb 2020 18:42:18 - INFO - TRIZMA DB import
Thu, 06 Feb 2020 18:42:18 - INFO - 123TV DB import
Thu, 06 Feb 2020 18:42:23 - INFO - Failed on 123TV DB import at: 2020-02-06_15-04-42, for following calling party: 491627916595, for agent id: 3063, with error:Server returned response (200) with invalid XML: Invalid XML content received (Document is empty, line 1, column 1).
Content: b''
Thu, 06 Feb 2020 18:52:56 - INFO - Connect to DB
Thu, 06 Feb 2020 18:52:56 - INFO - TRIZMA DB import
Thu, 06 Feb 2020 18:52:56 - INFO - 123TV DB import
Thu, 06 Feb 2020 18:53:01 - INFO - Failed on 123TV DB import at: 2020-02-06_15-04-42, for following calling party: 493665223116, for agent id: 3122, with error:Server returned response (200) with invalid XML: Invalid XML content received (Document is empty, line 1, column 1).
Content: b''
Fri, 07 Feb 2020 07:08:56 - INFO - Connect to DB
Fri, 07 Feb 2020 07:08:57 - INFO - TRIZMA DB import
Fri, 07 Feb 2020 07:08:57 - INFO - 123TV DB import
Fri, 07 Feb 2020 07:09:02 - INFO - Failed on 123TV DB import at: 2020-02-06_15-04-42, for following calling party: 436503510471, for agent id: 3098, with error:Server returned response (200) with invalid XML: Invalid XML content received (Document is empty, line 1, column 1).
Content: b''
Fri, 07 Feb 2020 07:34:16 - INFO - Connect to DB
Fri, 07 Feb 2020 07:34:16 - ERROR - Exception on /records [GET]
Traceback (most recent call last):
  File "/usr/local/lib/python3.6/dist-packages/sqlalchemy/engine/base.py", line 1246, in _execute_context
    cursor, statement, parameters, context
  File "/usr/local/lib/python3.6/dist-packages/sqlalchemy/engine/default.py", line 581, in do_execute
    cursor.execute(statement, parameters)
pyodbc.OperationalError: ('08S01', '[08S01] [Microsoft][ODBC Driver 17 for SQL Server]TCP Provider: Error code 0x68 (104) (SQLExecDirectW)')

The above exception was the direct cause of the following exception:

Traceback (most recent call last):
  File "/home/python_project/hello.py", line 83, in get
    1)).fetchone()[0]
  File "/usr/local/lib/python3.6/dist-packages/sqlalchemy/engine/base.py", line 976, in execute
    return self._execute_text(object_, multiparams, params)
  File "/usr/local/lib/python3.6/dist-packages/sqlalchemy/engine/base.py", line 1149, in _execute_text
    parameters,
  File "/usr/local/lib/python3.6/dist-packages/sqlalchemy/engine/base.py", line 1250, in _execute_context
    e, statement, parameters, cursor, context
  File "/usr/local/lib/python3.6/dist-packages/sqlalchemy/engine/base.py", line 1476, in _handle_dbapi_exception
    util.raise_from_cause(sqlalchemy_exception, exc_info)
  File "/usr/local/lib/python3.6/dist-packages/sqlalchemy/util/compat.py", line 398, in raise_from_cause
    reraise(type(exception), exception, tb=exc_tb, cause=cause)
  File "/usr/local/lib/python3.6/dist-packages/sqlalchemy/util/compat.py", line 152, in reraise
    raise value.with_traceback(tb)
  File "/usr/local/lib/python3.6/dist-packages/sqlalchemy/engine/base.py", line 1246, in _execute_context
    cursor, statement, parameters, context
  File "/usr/local/lib/python3.6/dist-packages/sqlalchemy/engine/default.py", line 581, in do_execute
    cursor.execute(statement, parameters)
sqlalchemy.exc.OperationalError: (pyodbc.OperationalError) ('08S01', '[08S01] [Microsoft][ODBC Driver 17 for SQL Server]TCP Provider: Error code 0x68 (104) (SQLExecDirectW)')
[SQL: select qmUser from dimAgents where cmsID = 3191 and active = 1]
(Background on this error at: http://sqlalche.me/e/e3q8)

During handling of the above exception, another exception occurred:

Traceback (most recent call last):
  File "/usr/local/lib/python3.6/dist-packages/flask/app.py", line 1949, in full_dispatch_request
    rv = self.dispatch_request()
  File "/usr/local/lib/python3.6/dist-packages/flask/app.py", line 1935, in dispatch_request
    return self.view_functions[rule.endpoint](**req.view_args)
  File "/usr/local/lib/python3.6/dist-packages/flask_restful/__init__.py", line 458, in wrapper
    resp = resource(*args, **kwargs)
  File "/usr/local/lib/python3.6/dist-packages/flask/views.py", line 89, in view
    return self.dispatch_request(*args, **kwargs)
  File "/usr/local/lib/python3.6/dist-packages/flask_restful/__init__.py", line 573, in dispatch_request
    resp = meth(*args, **kwargs)
  File "/home/python_project/hello.py", line 98, in get
    + str(e))
UnboundLocalError: local variable 'agentUsername' referenced before assignment
Fri, 07 Feb 2020 07:39:51 - INFO - Connect to DB
Fri, 07 Feb 2020 07:39:51 - INFO - TRIZMA DB import
Fri, 07 Feb 2020 07:39:52 - INFO - 123TV DB import
Fri, 07 Feb 2020 07:42:18 - INFO - Connect to DB
Fri, 07 Feb 2020 07:42:18 - INFO - TRIZMA DB import
Fri, 07 Feb 2020 07:42:18 - INFO - 123TV DB import
Fri, 07 Feb 2020 07:54:49 - INFO - Connect to DB
Fri, 07 Feb 2020 07:54:49 - INFO - TRIZMA DB import
Fri, 07 Feb 2020 07:54:49 - INFO - 123TV DB import
Fri, 07 Feb 2020 07:55:33 - INFO - Connect to DB
Fri, 07 Feb 2020 07:55:34 - INFO - TRIZMA DB import
Fri, 07 Feb 2020 07:55:34 - INFO - 123TV DB import
Fri, 07 Feb 2020 07:56:50 - INFO - Connect to DB
Fri, 07 Feb 2020 07:56:51 - INFO - TRIZMA DB import
Fri, 07 Feb 2020 07:56:51 - INFO - 123TV DB import
Fri, 07 Feb 2020 07:56:56 - INFO - Failed on 123TV DB import at: 2020-02-06_15-04-42, for following calling party: , for agent id: 3098, with error:Call to undefined method ImportCallMetaData::Message()
