Wed, 25 Dec 2019 11:07:48 - INFO - Connect to DB
Wed, 25 Dec 2019 11:07:48 - INFO - TRIZMA DB import
Wed, 25 Dec 2019 11:07:48 - INFO - Failed on TRIZMA DB import at: 2019-12-25_10-51-01, for following calling party: 493496550256, for agent id: trz_sstankovic, with error:(pyodbc.DataError) ('22001', '[22001] [Microsoft][ODBC Driver 17 for SQL Server][SQL Server]String or binary data would be truncated. (8152) (SQLExecDirectW)')
[SQL: insert into records values('CC2Servicenummer','Belgrad','Nicht übermittelt','trz_sstankovic',                                  '493496550256','','Nicht übermittelt','493496550256_Thursday, December 19, 2019_10:50:40 AM')]
(Background on this error at: http://sqlalche.me/e/9h9h)
Wed, 25 Dec 2019 11:07:48 - INFO - 123TV DB import
Wed, 25 Dec 2019 11:38:22 - INFO - Connect to DB
Wed, 25 Dec 2019 11:38:22 - INFO - TRIZMA DB import
Wed, 25 Dec 2019 11:38:22 - INFO - Failed on TRIZMA DB import at: 2019-12-25_10-51-01, for following calling party: 493660236025, for agent id: trz_sstankovic, with error:(pyodbc.DataError) ('22001', '[22001] [Microsoft][ODBC Driver 17 for SQL Server][SQL Server]String or binary data would be truncated. (8152) (SQLExecDirectW)')
[SQL: insert into records values('CC2Servicenummer','Belgrad','Nicht übermittelt','trz_sstankovic',                                  '493660236025','','Nicht übermittelt','493660236025_Thursday, December 19, 2019_11:49:07 AM')]
(Background on this error at: http://sqlalche.me/e/9h9h)
Wed, 25 Dec 2019 11:38:22 - INFO - 123TV DB import
Wed, 25 Dec 2019 11:39:07 - INFO - Connect to DB
Wed, 25 Dec 2019 11:39:07 - INFO - TRIZMA DB import
Wed, 25 Dec 2019 11:39:07 - INFO - Failed on TRIZMA DB import at: 2019-12-25_10-51-01, for following calling party: 493376641923, for agent id: trz_sstankovic, with error:(pyodbc.DataError) ('22001', '[22001] [Microsoft][ODBC Driver 17 for SQL Server][SQL Server]String or binary data would be truncated. (8152) (SQLExecDirectW)')
[SQL: insert into records values('CC2Servicenummer','Belgrad','Nicht übermittelt','trz_sstankovic',                                  '493376641923','','Nicht übermittelt','493376641923_Thursday, December 19, 2019_12:23:17 PM')]
(Background on this error at: http://sqlalche.me/e/9h9h)
Wed, 25 Dec 2019 11:39:07 - INFO - 123TV DB import
Wed, 25 Dec 2019 11:39:48 - INFO - Connect to DB
Wed, 25 Dec 2019 11:39:48 - INFO - TRIZMA DB import
Wed, 25 Dec 2019 11:39:48 - INFO - Failed on TRIZMA DB import at: 2019-12-25_10-51-01, for following calling party: 4934523908058, for agent id: trz_sstankovic, with error:(pyodbc.DataError) ('22001', '[22001] [Microsoft][ODBC Driver 17 for SQL Server][SQL Server]String or binary data would be truncated. (8152) (SQLExecDirectW)')
[SQL: insert into records values('CC2Servicenummer','Belgrad','Nicht übermittelt','trz_sstankovic',                                  '4934523908058','','Nicht übermittelt','4934523908058_Thursday, December 19, 2019_1:07:58 PM')]
(Background on this error at: http://sqlalche.me/e/9h9h)
Wed, 25 Dec 2019 11:39:48 - INFO - 123TV DB import
Wed, 25 Dec 2019 11:45:03 - INFO - Connect to DB
Wed, 25 Dec 2019 11:45:03 - INFO - TRIZMA DB import
Wed, 25 Dec 2019 11:45:03 - INFO - Failed on TRIZMA DB import at: 2019-12-25_10-51-01, for following calling party: 493343635369, for agent id: trz_sstankovic, with error:(pyodbc.DataError) ('22001', '[22001] [Microsoft][ODBC Driver 17 for SQL Server][SQL Server]String or binary data would be truncated. (8152) (SQLExecDirectW)')
[SQL: insert into records values('CC2Servicenummer','Belgrad','Nicht übermittelt','trz_sstankovic',                                  '493343635369','','Nicht übermittelt','493343635369_Thursday, December 19, 2019_2:12:51 PM')]
(Background on this error at: http://sqlalche.me/e/9h9h)
Wed, 25 Dec 2019 11:45:03 - INFO - 123TV DB import
Wed, 25 Dec 2019 11:51:15 - INFO - Connect to DB
Wed, 25 Dec 2019 11:51:15 - INFO - TRIZMA DB import
Wed, 25 Dec 2019 11:51:15 - INFO - Failed on TRIZMA DB import at: 2019-12-25_10-51-01, for following calling party: 491723187607, for agent id: trz_sstankovic, with error:(pyodbc.DataError) ('22001', '[22001] [Microsoft][ODBC Driver 17 for SQL Server][SQL Server]String or binary data would be truncated. (8152) (SQLExecDirectW)')
[SQL: insert into records values('CC2Servicenummer','Belgrad','Nicht übermittelt','trz_sstankovic',                                  '491723187607','','Nicht übermittelt','491723187607_Thursday, December 19, 2019_3:32:31 PM')]
(Background on this error at: http://sqlalche.me/e/9h9h)
Wed, 25 Dec 2019 11:51:15 - INFO - 123TV DB import
Wed, 25 Dec 2019 11:51:55 - INFO - Connect to DB
Wed, 25 Dec 2019 11:51:55 - INFO - TRIZMA DB import
Wed, 25 Dec 2019 11:51:55 - INFO - 123TV DB import
Wed, 25 Dec 2019 11:52:50 - INFO - Connect to DB
Wed, 25 Dec 2019 11:52:50 - INFO - TRIZMA DB import
Wed, 25 Dec 2019 11:52:50 - INFO - Failed on TRIZMA DB import at: 2019-12-25_10-51-01, for following calling party: 493028859214, for agent id: trz_sstankovic, with error:(pyodbc.DataError) ('22001', '[22001] [Microsoft][ODBC Driver 17 for SQL Server][SQL Server]String or binary data would be truncated. (8152) (SQLExecDirectW)')
[SQL: insert into records values('CC2Servicenummer','Belgrad','Nicht übermittelt','trz_sstankovic',                                  '493028859214','','Nicht übermittelt','493028859214_Thursday, December 19, 2019_4:43:56 PM')]
(Background on this error at: http://sqlalche.me/e/9h9h)
Wed, 25 Dec 2019 11:52:50 - INFO - 123TV DB import
Wed, 25 Dec 2019 11:54:18 - INFO - Connect to DB
Wed, 25 Dec 2019 11:54:18 - INFO - TRIZMA DB import
Wed, 25 Dec 2019 11:54:18 - INFO - Failed on TRIZMA DB import at: 2019-12-25_10-51-01, for following calling party: 491739853043, for agent id: trz_sstankovic, with error:(pyodbc.DataError) ('22001', '[22001] [Microsoft][ODBC Driver 17 for SQL Server][SQL Server]String or binary data would be truncated. (8152) (SQLExecDirectW)')
[SQL: insert into records values('CC2Servicenummer','Belgrad','Nicht übermittelt','trz_sstankovic',                                  '491739853043','','Nicht übermittelt','491739853043_Thursday, December 19, 2019_6:12:14 PM')]
(Background on this error at: http://sqlalche.me/e/9h9h)
Wed, 25 Dec 2019 11:54:18 - INFO - 123TV DB import
Wed, 25 Dec 2019 11:54:45 - INFO - Connect to DB
Wed, 25 Dec 2019 11:54:46 - INFO - TRIZMA DB import
Wed, 25 Dec 2019 11:54:46 - INFO - Failed on TRIZMA DB import at: 2019-12-25_10-51-01, for following calling party: 496926914920, for agent id: trz_bmaksimovic, with error:(pyodbc.DataError) ('22001', '[22001] [Microsoft][ODBC Driver 17 for SQL Server][SQL Server]String or binary data would be truncated. (8152) (SQLExecDirectW)')
[SQL: insert into records values('CC2Servicenummer','Belgrad','Nicht übermittelt','trz_bmaksimovic',                                  '496926914920','','Nicht übermittelt','496926914920_Wednesday, December 25, 2019_12:54:28 PM')]
(Background on this error at: http://sqlalche.me/e/9h9h)
Wed, 25 Dec 2019 11:54:46 - INFO - 123TV DB import
Wed, 25 Dec 2019 11:55:36 - INFO - Connect to DB
Wed, 25 Dec 2019 11:55:36 - INFO - TRIZMA DB import
Wed, 25 Dec 2019 11:55:36 - INFO - 123TV DB import
Wed, 25 Dec 2019 11:56:27 - INFO - Connect to DB
Wed, 25 Dec 2019 11:56:27 - INFO - TRIZMA DB import
Wed, 25 Dec 2019 11:56:27 - INFO - 123TV DB import
Wed, 25 Dec 2019 12:12:31 - INFO - Connect to DB
Wed, 25 Dec 2019 12:12:31 - INFO - TRIZMA DB import
Wed, 25 Dec 2019 12:12:31 - INFO - 123TV DB import
Wed, 25 Dec 2019 12:17:37 - INFO - Connect to DB
Wed, 25 Dec 2019 12:17:37 - INFO - TRIZMA DB import
Wed, 25 Dec 2019 12:17:37 - INFO - 123TV DB import
Wed, 25 Dec 2019 12:19:48 - INFO - Connect to DB
Wed, 25 Dec 2019 12:19:48 - INFO - TRIZMA DB import
Wed, 25 Dec 2019 12:19:48 - INFO - 123TV DB import
Wed, 25 Dec 2019 12:25:24 - INFO - Connect to DB
Wed, 25 Dec 2019 12:25:24 - INFO - TRIZMA DB import
Wed, 25 Dec 2019 12:25:24 - INFO - Failed on TRIZMA DB import at: 2019-12-25_10-51-01, for following calling party: 493320971974, for agent id: trz_sstankovic, with error:(pyodbc.DataError) ('22001', '[22001] [Microsoft][ODBC Driver 17 for SQL Server][SQL Server]String or binary data would be truncated. (8152) (SQLExecDirectW)')
[SQL: insert into records values('CC2Servicenummer','Belgrad','Nicht übermittelt','trz_sstankovic',                                  '493320971974','','Nicht übermittelt','493320971974_Saturday, December 21, 2019_12:01:51 PM')]
(Background on this error at: http://sqlalche.me/e/9h9h)
Wed, 25 Dec 2019 12:25:24 - INFO - 123TV DB import
Wed, 25 Dec 2019 12:26:24 - INFO - Connect to DB
Wed, 25 Dec 2019 12:26:24 - INFO - TRIZMA DB import
Wed, 25 Dec 2019 12:26:25 - INFO - Failed on TRIZMA DB import at: 2019-12-25_10-51-01, for following calling party: 491786229815, for agent id: trz_sstankovic, with error:(pyodbc.DataError) ('22001', '[22001] [Microsoft][ODBC Driver 17 for SQL Server][SQL Server]String or binary data would be truncated. (8152) (SQLExecDirectW)')
[SQL: insert into records values('CC2Servicenummer','Belgrad','Nicht übermittelt','trz_sstankovic',                                  '491786229815','','Nicht übermittelt','491786229815_Saturday, December 21, 2019_3:41:05 PM')]
(Background on this error at: http://sqlalche.me/e/9h9h)
Wed, 25 Dec 2019 12:26:25 - INFO - 123TV DB import
Wed, 25 Dec 2019 12:27:04 - INFO - Connect to DB
Wed, 25 Dec 2019 12:27:04 - INFO - TRIZMA DB import
Wed, 25 Dec 2019 12:27:04 - INFO - Failed on TRIZMA DB import at: 2019-12-25_10-51-01, for following calling party: 493416980985, for agent id: trz_sstankovic, with error:(pyodbc.DataError) ('22001', '[22001] [Microsoft][ODBC Driver 17 for SQL Server][SQL Server]String or binary data would be truncated. (8152) (SQLExecDirectW)')
[SQL: insert into records values('CC2Servicenummer','Belgrad','Nicht übermittelt','trz_sstankovic',                                  '493416980985','','Nicht übermittelt','493416980985_Saturday, December 21, 2019_4:58:26 PM')]
(Background on this error at: http://sqlalche.me/e/9h9h)
Wed, 25 Dec 2019 12:27:04 - INFO - 123TV DB import
Wed, 25 Dec 2019 12:31:49 - INFO - Connect to DB
Wed, 25 Dec 2019 12:31:49 - INFO - TRIZMA DB import
Wed, 25 Dec 2019 12:31:49 - INFO - Failed on TRIZMA DB import at: 2019-12-25_10-51-01, for following calling party: 493049897459, for agent id: trz_sstankovic, with error:(pyodbc.DataError) ('22001', '[22001] [Microsoft][ODBC Driver 17 for SQL Server][SQL Server]String or binary data would be truncated. (8152) (SQLExecDirectW)')
[SQL: insert into records values('CC2Servicenummer','Belgrad','Nicht übermittelt','trz_sstankovic',                                  '493049897459','','Nicht übermittelt','493049897459_Saturday, December 21, 2019_7:16:36 PM')]
(Background on this error at: http://sqlalche.me/e/9h9h)
Wed, 25 Dec 2019 12:31:49 - INFO - 123TV DB import
Wed, 25 Dec 2019 13:12:10 - INFO - Connect to DB
Wed, 25 Dec 2019 13:12:10 - INFO - TRIZMA DB import
Wed, 25 Dec 2019 13:12:10 - INFO - Failed on TRIZMA DB import at: 2019-12-25_10-51-01, for following calling party: 491781051586, for agent id: trz_madamovic, with error:(pyodbc.DataError) ('22001', '[22001] [Microsoft][ODBC Driver 17 for SQL Server][SQL Server]String or binary data would be truncated. (8152) (SQLExecDirectW)')
[SQL: insert into records values('CC2Servicenummer','Belgrad','Nicht übermittelt','trz_madamovic',                                  '491781051586','','Nicht übermittelt','491781051586_Wednesday, December 25, 2019_2:12:04 PM')]
(Background on this error at: http://sqlalche.me/e/9h9h)
Wed, 25 Dec 2019 13:12:10 - INFO - 123TV DB import
