Sat, 21 Dec 2019 16:29:38 - INFO - Connect to DB
Sat, 21 Dec 2019 16:29:39 - INFO - TRIZMA DB import
Sat, 21 Dec 2019 16:29:39 - INFO - Failed on TRIZMA DB import at: 2019-12-21_16-19-59, for following calling party: 4984316481267, for agent id: trz_tjurjevic, with error:(pyodbc.DataError) ('22001', '[22001] [Microsoft][ODBC Driver 17 for SQL Server][SQL Server]String or binary data would be truncated. (8152) (SQLExecDirectW)')
[SQL: insert into records values('CC2Servicenummer','Belgrad','Nicht übermittelt','trz_tjurjevic',                                  '4984316481267','','Nicht übermittelt','4984316481267_Saturday, December 21, 2019_5:29:37 PM')]
(Background on this error at: http://sqlalche.me/e/9h9h)
Sat, 21 Dec 2019 16:29:39 - INFO - 123TV DB import
Sat, 21 Dec 2019 17:04:17 - INFO - Connect to DB
Sat, 21 Dec 2019 17:04:17 - INFO - TRIZMA DB import
Sat, 21 Dec 2019 17:04:17 - INFO - 123TV DB import
Sat, 21 Dec 2019 17:06:42 - INFO - Connect to DB
Sat, 21 Dec 2019 17:06:42 - INFO - TRIZMA DB import
Sat, 21 Dec 2019 17:06:42 - INFO - 123TV DB import
Sat, 21 Dec 2019 17:10:57 - INFO - Connect to DB
Sat, 21 Dec 2019 17:10:57 - INFO - TRIZMA DB import
Sat, 21 Dec 2019 17:10:57 - INFO - 123TV DB import
Sat, 21 Dec 2019 17:23:01 - INFO - Connect to DB
Sat, 21 Dec 2019 17:23:01 - INFO - TRIZMA DB import
Sat, 21 Dec 2019 17:23:01 - INFO - Failed on TRIZMA DB import at: 2019-12-21_16-19-59, for following calling party: 491737316589, for agent id: trz_sstankovic, with error:(pyodbc.DataError) ('22001', '[22001] [Microsoft][ODBC Driver 17 for SQL Server][SQL Server]String or binary data would be truncated. (8152) (SQLExecDirectW)')
[SQL: insert into records values('CC2Servicenummer','Belgrad','Nicht übermittelt','trz_sstankovic',                                  '491737316589','','Nicht übermittelt','491737316589_Saturday, December 21, 2019_6:22:59 PM')]
(Background on this error at: http://sqlalche.me/e/9h9h)
Sat, 21 Dec 2019 17:23:01 - INFO - 123TV DB import
Sat, 21 Dec 2019 18:16:38 - INFO - Connect to DB
Sat, 21 Dec 2019 18:16:38 - INFO - TRIZMA DB import
Sat, 21 Dec 2019 18:16:38 - INFO - Failed on TRIZMA DB import at: 2019-12-21_16-19-59, for following calling party: 493049897459, for agent id: trz_sstankovic, with error:(pyodbc.DataError) ('22001', '[22001] [Microsoft][ODBC Driver 17 for SQL Server][SQL Server]String or binary data would be truncated. (8152) (SQLExecDirectW)')
[SQL: insert into records values('CC2Servicenummer','Belgrad','Nicht übermittelt','trz_sstankovic',                                  '493049897459','','Nicht übermittelt','493049897459_Saturday, December 21, 2019_7:16:36 PM')]
(Background on this error at: http://sqlalche.me/e/9h9h)
Sat, 21 Dec 2019 18:16:38 - INFO - 123TV DB import
