Sat, 28 Dec 2019 07:34:34 - INFO - Connect to DB
Sat, 28 Dec 2019 07:34:34 - INFO - TRIZMA DB import
Sat, 28 Dec 2019 07:34:34 - INFO - 123TV DB import
Sat, 28 Dec 2019 07:38:29 - INFO - Connect to DB
Sat, 28 Dec 2019 07:38:29 - INFO - TRIZMA DB import
Sat, 28 Dec 2019 07:38:29 - INFO - 123TV DB import
Sat, 28 Dec 2019 07:38:54 - INFO - Connect to DB
Sat, 28 Dec 2019 07:38:54 - INFO - TRIZMA DB import
Sat, 28 Dec 2019 07:38:54 - INFO - 123TV DB import
Sat, 28 Dec 2019 07:45:06 - INFO - Connect to DB
Sat, 28 Dec 2019 07:45:06 - INFO - TRIZMA DB import
Sat, 28 Dec 2019 07:45:06 - INFO - 123TV DB import
Sat, 28 Dec 2019 07:51:22 - INFO - Connect to DB
Sat, 28 Dec 2019 07:51:22 - INFO - TRIZMA DB import
Sat, 28 Dec 2019 07:51:23 - INFO - 123TV DB import
Sat, 28 Dec 2019 07:52:18 - INFO - Connect to DB
Sat, 28 Dec 2019 07:52:18 - INFO - TRIZMA DB import
Sat, 28 Dec 2019 07:52:18 - INFO - Failed on TRIZMA DB import at: 2019-12-28_07-27-53, for following calling party: 4915770778470, for agent id: trz_sstankovic, with error:(pyodbc.DataError) ('22001', '[22001] [Microsoft][ODBC Driver 17 for SQL Server][SQL Server]String or binary data would be truncated. (8152) (SQLExecDirectW)')
[SQL: insert into records values('CC2Servicenummer','Belgrad','Nicht übermittelt','trz_sstankovic',                                  '4915770778470','','Nicht übermittelt','4915770778470_Saturday, December 21, 2019_12:46:31 PM')]
(Background on this error at: http://sqlalche.me/e/9h9h)
Sat, 28 Dec 2019 07:52:18 - INFO - 123TV DB import
Sat, 28 Dec 2019 07:52:43 - INFO - Connect to DB
Sat, 28 Dec 2019 07:52:43 - INFO - TRIZMA DB import
Sat, 28 Dec 2019 07:52:43 - INFO - Failed on TRIZMA DB import at: 2019-12-28_07-27-53, for following calling party: 493033951452, for agent id: trz_sstankovic, with error:(pyodbc.DataError) ('22001', '[22001] [Microsoft][ODBC Driver 17 for SQL Server][SQL Server]String or binary data would be truncated. (8152) (SQLExecDirectW)')
[SQL: insert into records values('CC2Servicenummer','Belgrad','Nicht übermittelt','trz_sstankovic',                                  '493033951452','','Nicht übermittelt','493033951452_Saturday, December 21, 2019_1:57:46 PM')]
(Background on this error at: http://sqlalche.me/e/9h9h)
Sat, 28 Dec 2019 07:52:43 - INFO - 123TV DB import
Sat, 28 Dec 2019 07:53:58 - INFO - Connect to DB
Sat, 28 Dec 2019 07:53:58 - INFO - TRIZMA DB import
Sat, 28 Dec 2019 07:53:59 - INFO - Failed on TRIZMA DB import at: 2019-12-28_07-27-53, for following calling party: 4915227399439, for agent id: trz_sstankovic, with error:(pyodbc.DataError) ('22001', '[22001] [Microsoft][ODBC Driver 17 for SQL Server][SQL Server]String or binary data would be truncated. (8152) (SQLExecDirectW)')
[SQL: insert into records values('CC2Servicenummer','Belgrad','Nicht übermittelt','trz_sstankovic',                                  '4915227399439','','Nicht übermittelt','4915227399439_Saturday, December 21, 2019_4:13:51 PM')]
(Background on this error at: http://sqlalche.me/e/9h9h)
Sat, 28 Dec 2019 07:53:59 - INFO - 123TV DB import
Sat, 28 Dec 2019 07:54:39 - INFO - Connect to DB
Sat, 28 Dec 2019 07:54:39 - INFO - TRIZMA DB import
Sat, 28 Dec 2019 07:54:39 - INFO - 123TV DB import
Sat, 28 Dec 2019 07:57:30 - INFO - Connect to DB
Sat, 28 Dec 2019 07:57:30 - INFO - TRIZMA DB import
Sat, 28 Dec 2019 07:57:30 - INFO - Failed on TRIZMA DB import at: 2019-12-28_07-27-53, for following calling party: 4941316081198, for agent id: trz_sstankovic, with error:(pyodbc.DataError) ('22001', '[22001] [Microsoft][ODBC Driver 17 for SQL Server][SQL Server]String or binary data would be truncated. (8152) (SQLExecDirectW)')
[SQL: insert into records values('CC2Servicenummer','Belgrad','Nicht übermittelt','trz_sstankovic',                                  '4941316081198','','Nicht übermittelt','4941316081198_Saturday, December 21, 2019_7:02:37 PM')]
(Background on this error at: http://sqlalche.me/e/9h9h)
Sat, 28 Dec 2019 07:57:30 - INFO - 123TV DB import
Sat, 28 Dec 2019 07:58:35 - INFO - Connect to DB
Sat, 28 Dec 2019 07:58:35 - INFO - TRIZMA DB import
Sat, 28 Dec 2019 07:58:35 - INFO - Failed on TRIZMA DB import at: 2019-12-28_07-27-53, for following calling party: 4971314058379, for agent id: trz_sstankovic, with error:(pyodbc.DataError) ('22001', '[22001] [Microsoft][ODBC Driver 17 for SQL Server][SQL Server]String or binary data would be truncated. (8152) (SQLExecDirectW)')
[SQL: insert into records values('CC2Servicenummer','Belgrad','Nicht übermittelt','trz_sstankovic',                                  '4971314058379','','Nicht übermittelt','4971314058379_Tuesday, December 24, 2019_12:17:05 PM')]
(Background on this error at: http://sqlalche.me/e/9h9h)
Sat, 28 Dec 2019 07:58:35 - INFO - 123TV DB import
Sat, 28 Dec 2019 08:01:41 - INFO - Connect to DB
Sat, 28 Dec 2019 08:01:41 - INFO - TRIZMA DB import
Sat, 28 Dec 2019 08:01:41 - INFO - Failed on TRIZMA DB import at: 2019-12-28_07-27-53, for following calling party: 4922853445517, for agent id: trz_sstankovic, with error:(pyodbc.DataError) ('22001', '[22001] [Microsoft][ODBC Driver 17 for SQL Server][SQL Server]String or binary data would be truncated. (8152) (SQLExecDirectW)')
[SQL: insert into records values('CC2Servicenummer','Belgrad','Nicht übermittelt','trz_sstankovic',                                  '4922853445517','','Nicht übermittelt','4922853445517_Wednesday, December 25, 2019_5:07:56 PM')]
(Background on this error at: http://sqlalche.me/e/9h9h)
Sat, 28 Dec 2019 08:01:41 - INFO - 123TV DB import
Sat, 28 Dec 2019 08:06:31 - INFO - Connect to DB
Sat, 28 Dec 2019 08:06:31 - INFO - TRIZMA DB import
Sat, 28 Dec 2019 08:06:31 - INFO - 123TV DB import
Sat, 28 Dec 2019 08:14:25 - INFO - Connect to DB
Sat, 28 Dec 2019 08:14:25 - INFO - TRIZMA DB import
Sat, 28 Dec 2019 08:14:25 - INFO - Failed on TRIZMA DB import at: 2019-12-28_07-27-53, for following calling party: 4917662278491, for agent id: trz_sstankovic, with error:(pyodbc.DataError) ('22001', '[22001] [Microsoft][ODBC Driver 17 for SQL Server][SQL Server]String or binary data would be truncated. (8152) (SQLExecDirectW)')
[SQL: insert into records values('CC2Servicenummer','Belgrad','Nicht übermittelt','trz_sstankovic',                                  '4917662278491','','Nicht übermittelt','4917662278491_Wednesday, December 25, 2019_5:57:33 PM')]
(Background on this error at: http://sqlalche.me/e/9h9h)
Sat, 28 Dec 2019 08:14:25 - INFO - 123TV DB import
