Mon, 30 Dec 2019 12:14:37 - INFO - Connect to DB
Mon, 30 Dec 2019 12:14:37 - INFO - TRIZMA DB import
Mon, 30 Dec 2019 12:14:37 - INFO - Failed on TRIZMA DB import at: 2019-12-30_12-10-14, for following calling party: 4923032902550, for agent id: trz_sstankovic, with error:(pyodbc.DataError) ('22001', '[22001] [Microsoft][ODBC Driver 17 for SQL Server][SQL Server]String or binary data would be truncated. (8152) (SQLExecDirectW)')
[SQL: insert into records values('CC2Servicenummer','Belgrad','Nicht übermittelt','trz_sstankovic',                                  '4923032902550','','Nicht übermittelt','4923032902550_Wednesday, December 25, 2019_11:30:34 AM')]
(Background on this error at: http://sqlalche.me/e/9h9h)
Mon, 30 Dec 2019 12:14:37 - INFO - 123TV DB import
Mon, 30 Dec 2019 12:15:12 - INFO - Connect to DB
Mon, 30 Dec 2019 12:15:12 - INFO - TRIZMA DB import
Mon, 30 Dec 2019 12:15:12 - INFO - 123TV DB import
Mon, 30 Dec 2019 12:16:11 - INFO - Connect to DB
Mon, 30 Dec 2019 12:16:11 - INFO - TRIZMA DB import
Mon, 30 Dec 2019 12:16:11 - INFO - Failed on TRIZMA DB import at: 2019-12-30_12-10-14, for following calling party: 4922853445517, for agent id: trz_sstankovic, with error:(pyodbc.DataError) ('22001', '[22001] [Microsoft][ODBC Driver 17 for SQL Server][SQL Server]String or binary data would be truncated. (8152) (SQLExecDirectW)')
[SQL: insert into records values('CC2Servicenummer','Belgrad','Nicht übermittelt','trz_sstankovic',                                  '4922853445517','','Nicht übermittelt','4922853445517_Wednesday, December 25, 2019_5:07:56 PM')]
(Background on this error at: http://sqlalche.me/e/9h9h)
Mon, 30 Dec 2019 12:16:11 - INFO - 123TV DB import
Mon, 30 Dec 2019 12:23:31 - INFO - Connect to DB
Mon, 30 Dec 2019 12:23:31 - INFO - TRIZMA DB import
Mon, 30 Dec 2019 12:23:31 - INFO - 123TV DB import
Mon, 30 Dec 2019 12:24:01 - INFO - Connect to DB
Mon, 30 Dec 2019 12:24:01 - INFO - TRIZMA DB import
Mon, 30 Dec 2019 12:24:02 - INFO - Failed on TRIZMA DB import at: 2019-12-30_12-10-14, for following calling party: 4934126598128, for agent id: trz_sstankovic, with error:(pyodbc.DataError) ('22001', '[22001] [Microsoft][ODBC Driver 17 for SQL Server][SQL Server]String or binary data would be truncated. (8152) (SQLExecDirectW)')
[SQL: insert into records values('CC2Servicenummer','Belgrad','Nicht übermittelt','trz_sstankovic',                                  '4934126598128','','Nicht übermittelt','4934126598128_Friday, December 27, 2019_12:44:25 PM')]
(Background on this error at: http://sqlalche.me/e/9h9h)
Mon, 30 Dec 2019 12:24:02 - INFO - 123TV DB import
Mon, 30 Dec 2019 12:25:35 - INFO - Connect to DB
Mon, 30 Dec 2019 12:25:35 - INFO - TRIZMA DB import
Mon, 30 Dec 2019 12:25:35 - INFO - 123TV DB import
Mon, 30 Dec 2019 12:26:16 - INFO - Connect to DB
Mon, 30 Dec 2019 12:26:16 - INFO - TRIZMA DB import
Mon, 30 Dec 2019 12:26:16 - INFO - 123TV DB import
Mon, 30 Dec 2019 12:26:42 - INFO - Connect to DB
Mon, 30 Dec 2019 12:26:42 - INFO - TRIZMA DB import
Mon, 30 Dec 2019 12:26:42 - INFO - 123TV DB import
Mon, 30 Dec 2019 12:29:48 - INFO - Connect to DB
Mon, 30 Dec 2019 12:29:48 - INFO - TRIZMA DB import
Mon, 30 Dec 2019 12:29:48 - INFO - Failed on TRIZMA DB import at: 2019-12-30_12-10-14, for following calling party: 491739921985, for agent id: trz_sstankovic, with error:(pyodbc.DataError) ('22001', '[22001] [Microsoft][ODBC Driver 17 for SQL Server][SQL Server]String or binary data would be truncated. (8152) (SQLExecDirectW)')
[SQL: insert into records values('CC2Servicenummer','Belgrad','Nicht übermittelt','trz_sstankovic',                                  '491739921985','','Nicht übermittelt','491739921985_Saturday, December 28, 2019_10:35:04 AM')]
(Background on this error at: http://sqlalche.me/e/9h9h)
Mon, 30 Dec 2019 12:29:48 - INFO - 123TV DB import
Mon, 30 Dec 2019 12:30:50 - INFO - Connect to DB
Mon, 30 Dec 2019 12:30:50 - INFO - TRIZMA DB import
Mon, 30 Dec 2019 12:30:50 - INFO - Failed on TRIZMA DB import at: 2019-12-30_12-10-14, for following calling party: 49762340758, for agent id: trz_sstankovic, with error:(pyodbc.DataError) ('22001', '[22001] [Microsoft][ODBC Driver 17 for SQL Server][SQL Server]String or binary data would be truncated. (8152) (SQLExecDirectW)')
[SQL: insert into records values('CC2Servicenummer','Belgrad','Nicht übermittelt','trz_sstankovic',                                  '49762340758','','Nicht übermittelt','49762340758_Saturday, December 28, 2019_12:40:05 PM')]
(Background on this error at: http://sqlalche.me/e/9h9h)
Mon, 30 Dec 2019 12:30:50 - INFO - 123TV DB import
