Tue, 21 Jan 2020 10:51:04 - INFO - Connect to DB
Tue, 21 Jan 2020 10:51:04 - INFO - TRIZMA DB import
Tue, 21 Jan 2020 10:51:05 - INFO - 123TV DB import
Tue, 21 Jan 2020 10:51:39 - INFO - Connect to DB
Tue, 21 Jan 2020 10:51:39 - INFO - TRIZMA DB import
Tue, 21 Jan 2020 10:51:39 - INFO - 123TV DB import
Tue, 21 Jan 2020 10:55:23 - INFO - Connect to DB
Tue, 21 Jan 2020 10:55:23 - INFO - TRIZMA DB import
Tue, 21 Jan 2020 10:55:23 - INFO - Failed on TRIZMA DB import at: 2020-01-21_10-49-11, for following calling party: 495722893701, for agent id: trz_asilni, with error:(pyodbc.DataError) ('22001', '[22001] [Microsoft][ODBC Driver 17 for SQL Server][SQL Server]String or binary data would be truncated. (8152) (SQLExecDirectW)')
[SQL: insert into records values('CC2Servicenummer','Belgrad','Nicht übermittelt','trz_asilni',                                 '495722893701','','Nicht übermittelt','495722893701_Wednesday, January 15, 2020_3:02:12 PM','ANA_SILNI')]
(Background on this error at: http://sqlalche.me/e/9h9h)
Tue, 21 Jan 2020 10:55:23 - INFO - 123TV DB import
Tue, 21 Jan 2020 10:55:46 - INFO - Connect to DB
Tue, 21 Jan 2020 10:55:46 - INFO - TRIZMA DB import
Tue, 21 Jan 2020 10:55:46 - INFO - 123TV DB import
Tue, 21 Jan 2020 10:56:51 - INFO - Connect to DB
Tue, 21 Jan 2020 10:56:51 - INFO - TRIZMA DB import
Tue, 21 Jan 2020 10:56:51 - INFO - 123TV DB import
Tue, 21 Jan 2020 10:57:22 - INFO - Connect to DB
Tue, 21 Jan 2020 10:57:22 - INFO - TRIZMA DB import
Tue, 21 Jan 2020 10:57:22 - INFO - 123TV DB import
Tue, 21 Jan 2020 10:57:32 - INFO - Connect to DB
Tue, 21 Jan 2020 10:57:32 - INFO - TRIZMA DB import
Tue, 21 Jan 2020 10:57:32 - INFO - 123TV DB import
Tue, 21 Jan 2020 10:58:11 - INFO - Connect to DB
Tue, 21 Jan 2020 10:58:11 - INFO - TRIZMA DB import
Tue, 21 Jan 2020 10:58:11 - INFO - 123TV DB import
