Fri, 27 Dec 2019 12:13:33 - INFO - Connect to DB
Fri, 27 Dec 2019 12:13:33 - INFO - TRIZMA DB import
Fri, 27 Dec 2019 12:13:33 - INFO - 123TV DB import
Fri, 27 Dec 2019 12:14:44 - INFO - Connect to DB
Fri, 27 Dec 2019 12:14:44 - INFO - TRIZMA DB import
Fri, 27 Dec 2019 12:14:44 - INFO - Failed on TRIZMA DB import at: 2019-12-27_12-06-26, for following calling party: 493028859214, for agent id: trz_sstankovic, with error:(pyodbc.DataError) ('22001', '[22001] [Microsoft][ODBC Driver 17 for SQL Server][SQL Server]String or binary data would be truncated. (8152) (SQLExecDirectW)')
[SQL: insert into records values('CC2Servicenummer','Belgrad','Nicht übermittelt','trz_sstankovic',                                  '493028859214','','Nicht übermittelt','493028859214_Thursday, December 19, 2019_3:58:31 PM')]
(Background on this error at: http://sqlalche.me/e/9h9h)
Fri, 27 Dec 2019 12:14:44 - INFO - 123TV DB import
Fri, 27 Dec 2019 12:15:24 - INFO - Connect to DB
Fri, 27 Dec 2019 12:15:24 - INFO - TRIZMA DB import
Fri, 27 Dec 2019 12:15:24 - INFO - Failed on TRIZMA DB import at: 2019-12-27_12-06-26, for following calling party: 493028859214, for agent id: trz_sstankovic, with error:(pyodbc.DataError) ('22001', '[22001] [Microsoft][ODBC Driver 17 for SQL Server][SQL Server]String or binary data would be truncated. (8152) (SQLExecDirectW)')
[SQL: insert into records values('CC2Servicenummer','Belgrad','Nicht übermittelt','trz_sstankovic',                                  '493028859214','','Nicht übermittelt','493028859214_Thursday, December 19, 2019_4:43:56 PM')]
(Background on this error at: http://sqlalche.me/e/9h9h)
Fri, 27 Dec 2019 12:15:24 - INFO - 123TV DB import
Fri, 27 Dec 2019 12:16:36 - INFO - Connect to DB
Fri, 27 Dec 2019 12:16:36 - INFO - TRIZMA DB import
Fri, 27 Dec 2019 12:16:36 - INFO - 123TV DB import
Fri, 27 Dec 2019 12:16:42 - INFO - Connect to DB
Fri, 27 Dec 2019 12:16:42 - INFO - TRIZMA DB import
Fri, 27 Dec 2019 12:16:42 - INFO - Failed on TRIZMA DB import at: 2019-12-27_12-06-26, for following calling party: 491733120661, for agent id: trz_sstankovic, with error:(pyodbc.DataError) ('22001', '[22001] [Microsoft][ODBC Driver 17 for SQL Server][SQL Server]String or binary data would be truncated. (8152) (SQLExecDirectW)')
[SQL: insert into records values('CC2Servicenummer','Belgrad','Nicht übermittelt','trz_sstankovic',                                  '491733120661','','Nicht übermittelt','491733120661_Thursday, December 19, 2019_5:51:49 PM')]
(Background on this error at: http://sqlalche.me/e/9h9h)
Fri, 27 Dec 2019 12:16:42 - INFO - 123TV DB import
Fri, 27 Dec 2019 12:18:19 - INFO - Connect to DB
Fri, 27 Dec 2019 12:18:19 - INFO - TRIZMA DB import
Fri, 27 Dec 2019 12:18:19 - INFO - 123TV DB import
Fri, 27 Dec 2019 12:18:40 - INFO - Connect to DB
Fri, 27 Dec 2019 12:18:40 - INFO - TRIZMA DB import
Fri, 27 Dec 2019 12:18:40 - INFO - 123TV DB import
Fri, 27 Dec 2019 12:19:57 - INFO - Connect to DB
Fri, 27 Dec 2019 12:19:57 - INFO - TRIZMA DB import
Fri, 27 Dec 2019 12:19:57 - INFO - 123TV DB import
Fri, 27 Dec 2019 12:20:38 - INFO - Connect to DB
Fri, 27 Dec 2019 12:20:38 - INFO - TRIZMA DB import
Fri, 27 Dec 2019 12:20:38 - INFO - 123TV DB import
Fri, 27 Dec 2019 12:20:44 - INFO - Connect to DB
Fri, 27 Dec 2019 12:20:44 - INFO - TRIZMA DB import
Fri, 27 Dec 2019 12:20:44 - INFO - 123TV DB import
