Fri, 27 Dec 2019 11:50:50 - INFO - Connect to DB
Fri, 27 Dec 2019 11:50:50 - INFO - TRIZMA DB import
Fri, 27 Dec 2019 11:50:50 - INFO - Failed on TRIZMA DB import at: 2019-12-27_11-45-04, for following calling party: 492166855349, for agent id: trz_sstankovic, with error:(pyodbc.DataError) ('22001', '[22001] [Microsoft][ODBC Driver 17 for SQL Server][SQL Server]String or binary data would be truncated. (8152) (SQLExecDirectW)')
[SQL: insert into records values('CC2Servicenummer','Belgrad','Nicht übermittelt','trz_sstankovic',                                  '492166855349','','Nicht übermittelt','492166855349_Thursday, December 19, 2019_11:55:14 AM')]
(Background on this error at: http://sqlalche.me/e/9h9h)
Fri, 27 Dec 2019 11:50:50 - INFO - 123TV DB import
Fri, 27 Dec 2019 12:01:08 - INFO - Connect to DB
Fri, 27 Dec 2019 12:01:08 - INFO - TRIZMA DB import
Fri, 27 Dec 2019 12:01:08 - INFO - Failed on TRIZMA DB import at: 2019-12-27_11-45-04, for following calling party: 493376641923, for agent id: trz_sstankovic, with error:(pyodbc.DataError) ('22001', '[22001] [Microsoft][ODBC Driver 17 for SQL Server][SQL Server]String or binary data would be truncated. (8152) (SQLExecDirectW)')
[SQL: insert into records values('CC2Servicenummer','Belgrad','Nicht übermittelt','trz_sstankovic',                                  '493376641923','','Nicht übermittelt','493376641923_Thursday, December 19, 2019_12:23:17 PM')]
(Background on this error at: http://sqlalche.me/e/9h9h)
Fri, 27 Dec 2019 12:01:08 - INFO - 123TV DB import
Fri, 27 Dec 2019 12:06:44 - INFO - Connect to DB
Fri, 27 Dec 2019 12:06:44 - INFO - TRIZMA DB import
Fri, 27 Dec 2019 12:06:44 - INFO - 123TV DB import
Fri, 27 Dec 2019 12:15:40 - INFO - Connect to DB
Fri, 27 Dec 2019 12:15:40 - INFO - TRIZMA DB import
Fri, 27 Dec 2019 12:15:40 - INFO - Failed on TRIZMA DB import at: 2019-12-27_11-45-04, for following calling party: 494065724666, for agent id: trz_sstankovic, with error:(pyodbc.DataError) ('22001', '[22001] [Microsoft][ODBC Driver 17 for SQL Server][SQL Server]String or binary data would be truncated. (8152) (SQLExecDirectW)')
[SQL: insert into records values('CC2Servicenummer','Belgrad','Nicht übermittelt','trz_sstankovic',                                  '494065724666','','Nicht übermittelt','494065724666_Thursday, December 19, 2019_4:58:41 PM')]
(Background on this error at: http://sqlalche.me/e/9h9h)
Fri, 27 Dec 2019 12:15:40 - INFO - 123TV DB import
Fri, 27 Dec 2019 12:17:12 - INFO - Connect to DB
Fri, 27 Dec 2019 12:17:12 - INFO - TRIZMA DB import
Fri, 27 Dec 2019 12:17:12 - INFO - Failed on TRIZMA DB import at: 2019-12-27_11-45-04, for following calling party: 4915739473840, for agent id: trz_sstankovic, with error:(pyodbc.DataError) ('22001', '[22001] [Microsoft][ODBC Driver 17 for SQL Server][SQL Server]String or binary data would be truncated. (8152) (SQLExecDirectW)')
[SQL: insert into records values('CC2Servicenummer','Belgrad','Nicht übermittelt','trz_sstankovic',                                  '4915739473840','','Nicht übermittelt','4915739473840_Thursday, December 19, 2019_6:43:33 PM')]
(Background on this error at: http://sqlalche.me/e/9h9h)
Fri, 27 Dec 2019 12:17:12 - INFO - 123TV DB import
Fri, 27 Dec 2019 12:17:17 - INFO - Connect to DB
Fri, 27 Dec 2019 12:17:17 - INFO - TRIZMA DB import
Fri, 27 Dec 2019 12:17:17 - INFO - Failed on TRIZMA DB import at: 2019-12-27_11-45-04, for following calling party: 493746389309, for agent id: trz_sstankovic, with error:(pyodbc.DataError) ('22001', '[22001] [Microsoft][ODBC Driver 17 for SQL Server][SQL Server]String or binary data would be truncated. (8152) (SQLExecDirectW)')
[SQL: insert into records values('CC2Servicenummer','Belgrad','Nicht übermittelt','trz_sstankovic',                                  '493746389309','','Nicht übermittelt','493746389309_Thursday, December 19, 2019_6:52:07 PM')]
(Background on this error at: http://sqlalche.me/e/9h9h)
Fri, 27 Dec 2019 12:17:17 - INFO - 123TV DB import
Fri, 27 Dec 2019 12:19:30 - INFO - Connect to DB
Fri, 27 Dec 2019 12:19:30 - INFO - TRIZMA DB import
Fri, 27 Dec 2019 12:19:30 - INFO - 123TV DB import
Fri, 27 Dec 2019 12:19:36 - INFO - Connect to DB
Fri, 27 Dec 2019 12:19:36 - INFO - TRIZMA DB import
Fri, 27 Dec 2019 12:19:36 - INFO - 123TV DB import
Fri, 27 Dec 2019 12:22:14 - INFO - Connect to DB
Fri, 27 Dec 2019 12:22:14 - INFO - TRIZMA DB import
Fri, 27 Dec 2019 12:22:14 - INFO - 123TV DB import
Fri, 27 Dec 2019 12:24:14 - INFO - Connect to DB
Fri, 27 Dec 2019 12:24:14 - INFO - TRIZMA DB import
Fri, 27 Dec 2019 12:24:14 - INFO - Failed on TRIZMA DB import at: 2019-12-27_11-45-04, for following calling party: 491786229815, for agent id: trz_sstankovic, with error:(pyodbc.DataError) ('22001', '[22001] [Microsoft][ODBC Driver 17 for SQL Server][SQL Server]String or binary data would be truncated. (8152) (SQLExecDirectW)')
[SQL: insert into records values('CC2Servicenummer','Belgrad','Nicht übermittelt','trz_sstankovic',                                  '491786229815','','Nicht übermittelt','491786229815_Saturday, December 21, 2019_3:41:05 PM')]
(Background on this error at: http://sqlalche.me/e/9h9h)
Fri, 27 Dec 2019 12:24:14 - INFO - 123TV DB import
Fri, 27 Dec 2019 12:25:00 - INFO - Connect to DB
Fri, 27 Dec 2019 12:25:00 - INFO - TRIZMA DB import
Fri, 27 Dec 2019 12:25:00 - INFO - 123TV DB import
Fri, 27 Dec 2019 12:37:51 - INFO - Connect to DB
Fri, 27 Dec 2019 12:37:51 - INFO - TRIZMA DB import
Fri, 27 Dec 2019 12:37:51 - INFO - Failed on TRIZMA DB import at: 2019-12-27_11-45-04, for following calling party: 4982212759041, for agent id: trz_sstankovic, with error:(pyodbc.DataError) ('22001', '[22001] [Microsoft][ODBC Driver 17 for SQL Server][SQL Server]String or binary data would be truncated. (8152) (SQLExecDirectW)')
[SQL: insert into records values('CC2Servicenummer','Belgrad','Nicht übermittelt','trz_sstankovic',                                  '4982212759041','','Nicht übermittelt','4982212759041_Saturday, December 21, 2019_5:19:25 PM')]
(Background on this error at: http://sqlalche.me/e/9h9h)
Fri, 27 Dec 2019 12:37:51 - INFO - 123TV DB import
Fri, 27 Dec 2019 12:38:37 - INFO - Connect to DB
Fri, 27 Dec 2019 12:38:37 - INFO - TRIZMA DB import
Fri, 27 Dec 2019 12:38:37 - INFO - 123TV DB import
Fri, 27 Dec 2019 12:39:02 - INFO - Connect to DB
Fri, 27 Dec 2019 12:39:02 - INFO - TRIZMA DB import
Fri, 27 Dec 2019 12:39:02 - INFO - Failed on TRIZMA DB import at: 2019-12-27_11-45-04, for following calling party: 4915254937205, for agent id: trz_sstankovic, with error:(pyodbc.DataError) ('22001', '[22001] [Microsoft][ODBC Driver 17 for SQL Server][SQL Server]String or binary data would be truncated. (8152) (SQLExecDirectW)')
[SQL: insert into records values('CC2Servicenummer','Belgrad','Nicht übermittelt','trz_sstankovic',                                  '4915254937205','','Nicht übermittelt','4915254937205_Saturday, December 21, 2019_6:14:03 PM')]
(Background on this error at: http://sqlalche.me/e/9h9h)
Fri, 27 Dec 2019 12:39:02 - INFO - 123TV DB import
Fri, 27 Dec 2019 12:39:33 - INFO - Connect to DB
Fri, 27 Dec 2019 12:39:33 - INFO - TRIZMA DB import
Fri, 27 Dec 2019 12:39:33 - INFO - Failed on TRIZMA DB import at: 2019-12-27_11-45-04, for following calling party: 493049897459, for agent id: trz_sstankovic, with error:(pyodbc.DataError) ('22001', '[22001] [Microsoft][ODBC Driver 17 for SQL Server][SQL Server]String or binary data would be truncated. (8152) (SQLExecDirectW)')
[SQL: insert into records values('CC2Servicenummer','Belgrad','Nicht übermittelt','trz_sstankovic',                                  '493049897459','','Nicht übermittelt','493049897459_Saturday, December 21, 2019_7:16:36 PM')]
(Background on this error at: http://sqlalche.me/e/9h9h)
Fri, 27 Dec 2019 12:39:33 - INFO - 123TV DB import
Fri, 27 Dec 2019 12:39:38 - INFO - Connect to DB
Fri, 27 Dec 2019 12:39:38 - INFO - TRIZMA DB import
Fri, 27 Dec 2019 12:39:38 - INFO - 123TV DB import
Fri, 27 Dec 2019 12:40:08 - INFO - Connect to DB
Fri, 27 Dec 2019 12:40:08 - INFO - TRIZMA DB import
Fri, 27 Dec 2019 12:40:08 - INFO - Failed on TRIZMA DB import at: 2019-12-27_11-45-04, for following calling party: 4971314058379, for agent id: trz_sstankovic, with error:(pyodbc.DataError) ('22001', '[22001] [Microsoft][ODBC Driver 17 for SQL Server][SQL Server]String or binary data would be truncated. (8152) (SQLExecDirectW)')
[SQL: insert into records values('CC2Servicenummer','Belgrad','Nicht übermittelt','trz_sstankovic',                                  '4971314058379','','Nicht übermittelt','4971314058379_Tuesday, December 24, 2019_12:17:05 PM')]
(Background on this error at: http://sqlalche.me/e/9h9h)
Fri, 27 Dec 2019 12:40:08 - INFO - 123TV DB import
