Sat, 11 Jan 2020 08:02:43 - INFO - Connect to DB
Sat, 11 Jan 2020 08:02:43 - INFO - TRIZMA DB import
Sat, 11 Jan 2020 08:02:43 - INFO - Failed on TRIZMA DB import at: 2020-01-11_07-59-55, for following calling party: 491773385254, for agent id: trz_sstankovic, with error:(pyodbc.DataError) ('22001', '[22001] [Microsoft][ODBC Driver 17 for SQL Server][SQL Server]String or binary data would be truncated. (8152) (SQLExecDirectW)')
[SQL: insert into records values('CC2Servicenummer','Belgrad','Nicht übermittelt','trz_sstankovic',                                  '491773385254','','Nicht übermittelt','491773385254_Tuesday, December 31, 2019_10:51:30 AM')]
(Background on this error at: http://sqlalche.me/e/9h9h)
Sat, 11 Jan 2020 08:02:43 - INFO - 123TV DB import
Sat, 11 Jan 2020 08:02:48 - INFO - Failed on 123TV DB import at: 2020-01-11_07-59-55, for following calling party: 491773385254, for agent id: 3046, with error:Missing element acd_id (importCallMetaData.acd_id)
Sat, 11 Jan 2020 08:03:29 - INFO - Connect to DB
Sat, 11 Jan 2020 08:03:30 - INFO - TRIZMA DB import
Sat, 11 Jan 2020 08:03:30 - INFO - 123TV DB import
Sat, 11 Jan 2020 08:03:35 - INFO - Failed on 123TV DB import at: 2020-01-11_07-59-55, for following calling party: 496142409282, for agent id: 3046, with error:Missing element acd_id (importCallMetaData.acd_id)
Sat, 11 Jan 2020 08:03:35 - INFO - Connect to DB
Sat, 11 Jan 2020 08:03:35 - INFO - TRIZMA DB import
Sat, 11 Jan 2020 08:03:35 - INFO - 123TV DB import
Sat, 11 Jan 2020 08:03:41 - INFO - Failed on 123TV DB import at: 2020-01-11_07-59-55, for following calling party: 491742021765, for agent id: 3046, with error:Missing element acd_id (importCallMetaData.acd_id)
Sat, 11 Jan 2020 08:04:08 - INFO - Connect to DB
Sat, 11 Jan 2020 08:04:08 - INFO - TRIZMA DB import
Sat, 11 Jan 2020 08:04:08 - INFO - 123TV DB import
Sat, 11 Jan 2020 08:04:14 - INFO - Failed on 123TV DB import at: 2020-01-11_07-59-55, for following calling party: 49406551678, for agent id: 3046, with error:Missing element acd_id (importCallMetaData.acd_id)
Sat, 11 Jan 2020 08:04:59 - INFO - Connect to DB
Sat, 11 Jan 2020 08:04:59 - INFO - TRIZMA DB import
Sat, 11 Jan 2020 08:04:59 - INFO - 123TV DB import
Sat, 11 Jan 2020 08:05:04 - INFO - Failed on 123TV DB import at: 2020-01-11_07-59-55, for following calling party: 493926831960, for agent id: 3046, with error:Missing element acd_id (importCallMetaData.acd_id)
Sat, 11 Jan 2020 08:09:37 - INFO - Connect to DB
Sat, 11 Jan 2020 08:09:37 - INFO - TRIZMA DB import
Sat, 11 Jan 2020 08:09:37 - INFO - 123TV DB import
Sat, 11 Jan 2020 08:09:42 - INFO - Failed on 123TV DB import at: 2020-01-11_07-59-55, for following calling party: 493055200494, for agent id: 3117, with error:Missing element acd_id (importCallMetaData.acd_id)
