Fri, 10 Jan 2020 12:49:09 - INFO - Connect to DB
Fri, 10 Jan 2020 12:49:09 - INFO - TRIZMA DB import
Fri, 10 Jan 2020 12:49:09 - INFO - 123TV DB import
Fri, 10 Jan 2020 12:49:26 - INFO - Connect to DB
Fri, 10 Jan 2020 12:49:26 - INFO - TRIZMA DB import
Fri, 10 Jan 2020 12:49:26 - INFO - Failed on TRIZMA DB import at: 2020-01-10_12-44-45, for following calling party: 4941069769898, for agent id: trz_madamovic, with error:(pyodbc.DataError) ('22001', '[22001] [Microsoft][ODBC Driver 17 for SQL Server][SQL Server]String or binary data would be truncated. (8152) (SQLExecDirectW)')
[SQL: insert into records values('CC2Servicenummer','Belgrad','Nicht übermittelt','trz_madamovic',                                  '4941069769898','','Nicht übermittelt','4941069769898_Thursday, January 09, 2020_1:51:39 PM')]
(Background on this error at: http://sqlalche.me/e/9h9h)
Fri, 10 Jan 2020 12:49:26 - INFO - 123TV DB import
Fri, 10 Jan 2020 12:49:32 - INFO - Connect to DB
Fri, 10 Jan 2020 12:49:32 - INFO - TRIZMA DB import
Fri, 10 Jan 2020 12:49:32 - INFO - Failed on TRIZMA DB import at: 2020-01-10_12-44-45, for following calling party: 4935209299422, for agent id: trz_madamovic, with error:(pyodbc.DataError) ('22001', '[22001] [Microsoft][ODBC Driver 17 for SQL Server][SQL Server]String or binary data would be truncated. (8152) (SQLExecDirectW)')
[SQL: insert into records values('CC2Servicenummer','Belgrad','Nicht übermittelt','trz_madamovic',                                  '4935209299422','','Nicht übermittelt','4935209299422_Thursday, January 09, 2020_2:07:29 PM')]
(Background on this error at: http://sqlalche.me/e/9h9h)
Fri, 10 Jan 2020 12:49:32 - INFO - 123TV DB import
Fri, 10 Jan 2020 12:49:37 - INFO - Connect to DB
Fri, 10 Jan 2020 12:49:37 - INFO - TRIZMA DB import
Fri, 10 Jan 2020 12:49:38 - INFO - 123TV DB import
Fri, 10 Jan 2020 12:49:59 - INFO - Connect to DB
Fri, 10 Jan 2020 12:49:59 - INFO - TRIZMA DB import
Fri, 10 Jan 2020 12:49:59 - INFO - Failed on TRIZMA DB import at: 2020-01-10_12-44-45, for following calling party: 4936164456177, for agent id: trz_bmaksimovic, with error:(pyodbc.DataError) ('22001', '[22001] [Microsoft][ODBC Driver 17 for SQL Server][SQL Server]String or binary data would be truncated. (8152) (SQLExecDirectW)')
[SQL: insert into records values('CC2Servicenummer','Belgrad','Nicht übermittelt','trz_bmaksimovic',                                  '4936164456177','','Nicht übermittelt','4936164456177_Wednesday, January 8, 2020_12:55:57 PM')]
(Background on this error at: http://sqlalche.me/e/9h9h)
Fri, 10 Jan 2020 12:49:59 - INFO - 123TV DB import
Fri, 10 Jan 2020 12:50:36 - INFO - Connect to DB
Fri, 10 Jan 2020 12:50:36 - INFO - TRIZMA DB import
Fri, 10 Jan 2020 12:50:36 - INFO - 123TV DB import
