Sat, 28 Dec 2019 07:31:06 - INFO - Connect to DB
Sat, 28 Dec 2019 07:31:07 - INFO - TRIZMA DB import
Sat, 28 Dec 2019 07:31:07 - INFO - Failed on TRIZMA DB import at: 2019-12-28_07-29-27, for following calling party: 491733120661, for agent id: trz_sstankovic, with error:(pyodbc.DataError) ('22001', '[22001] [Microsoft][ODBC Driver 17 for SQL Server][SQL Server]String or binary data would be truncated. (8152) (SQLExecDirectW)')
[SQL: insert into records values('CC2Servicenummer','Belgrad','Nicht übermittelt','trz_sstankovic',                                  '491733120661','','Nicht übermittelt','491733120661_Thursday, December 19, 2019_5:51:49 PM')]
(Background on this error at: http://sqlalche.me/e/9h9h)
Sat, 28 Dec 2019 07:31:07 - INFO - 123TV DB import
Sat, 28 Dec 2019 07:31:31 - INFO - Connect to DB
Sat, 28 Dec 2019 07:31:32 - INFO - TRIZMA DB import
Sat, 28 Dec 2019 07:31:32 - INFO - Failed on TRIZMA DB import at: 2019-12-28_07-29-27, for following calling party: 4915739473840, for agent id: trz_sstankovic, with error:(pyodbc.DataError) ('22001', '[22001] [Microsoft][ODBC Driver 17 for SQL Server][SQL Server]String or binary data would be truncated. (8152) (SQLExecDirectW)')
[SQL: insert into records values('CC2Servicenummer','Belgrad','Nicht übermittelt','trz_sstankovic',                                  '4915739473840','','Nicht übermittelt','4915739473840_Thursday, December 19, 2019_6:43:33 PM')]
(Background on this error at: http://sqlalche.me/e/9h9h)
Sat, 28 Dec 2019 07:31:32 - INFO - 123TV DB import
Sat, 28 Dec 2019 07:34:04 - INFO - Connect to DB
Sat, 28 Dec 2019 07:34:04 - INFO - TRIZMA DB import
Sat, 28 Dec 2019 07:34:04 - INFO - 123TV DB import
Sat, 28 Dec 2019 07:36:28 - INFO - Connect to DB
Sat, 28 Dec 2019 07:36:28 - INFO - TRIZMA DB import
Sat, 28 Dec 2019 07:36:28 - INFO - 123TV DB import
Sat, 28 Dec 2019 07:50:57 - INFO - Connect to DB
Sat, 28 Dec 2019 07:50:57 - INFO - TRIZMA DB import
Sat, 28 Dec 2019 07:50:57 - INFO - 123TV DB import
Sat, 28 Dec 2019 07:51:07 - INFO - Connect to DB
Sat, 28 Dec 2019 07:51:07 - INFO - TRIZMA DB import
Sat, 28 Dec 2019 07:51:07 - INFO - 123TV DB import
Sat, 28 Dec 2019 07:51:37 - INFO - Connect to DB
Sat, 28 Dec 2019 07:51:37 - INFO - TRIZMA DB import
Sat, 28 Dec 2019 07:51:37 - INFO - 123TV DB import
Sat, 28 Dec 2019 07:53:08 - INFO - Connect to DB
Sat, 28 Dec 2019 07:53:08 - INFO - TRIZMA DB import
Sat, 28 Dec 2019 07:53:08 - INFO - Failed on TRIZMA DB import at: 2019-12-28_07-29-27, for following calling party: 497531695793, for agent id: trz_sstankovic, with error:(pyodbc.DataError) ('22001', '[22001] [Microsoft][ODBC Driver 17 for SQL Server][SQL Server]String or binary data would be truncated. (8152) (SQLExecDirectW)')
[SQL: insert into records values('CC2Servicenummer','Belgrad','Nicht übermittelt','trz_sstankovic',                                  '497531695793','','Nicht übermittelt','497531695793_Saturday, December 21, 2019_2:31:30 PM')]
(Background on this error at: http://sqlalche.me/e/9h9h)
Sat, 28 Dec 2019 07:53:08 - INFO - 123TV DB import
Sat, 28 Dec 2019 07:54:08 - INFO - Connect to DB
Sat, 28 Dec 2019 07:54:08 - INFO - TRIZMA DB import
Sat, 28 Dec 2019 07:54:08 - INFO - Failed on TRIZMA DB import at: 2019-12-28_07-29-27, for following calling party: 4923243445495, for agent id: trz_sstankovic, with error:(pyodbc.DataError) ('22001', '[22001] [Microsoft][ODBC Driver 17 for SQL Server][SQL Server]String or binary data would be truncated. (8152) (SQLExecDirectW)')
[SQL: insert into records values('CC2Servicenummer','Belgrad','Nicht übermittelt','trz_sstankovic',                                  '4923243445495','','Nicht übermittelt','4923243445495_Saturday, December 21, 2019_4:22:28 PM')]
(Background on this error at: http://sqlalche.me/e/9h9h)
Sat, 28 Dec 2019 07:54:08 - INFO - 123TV DB import
Sat, 28 Dec 2019 07:54:54 - INFO - Connect to DB
Sat, 28 Dec 2019 07:54:54 - INFO - TRIZMA DB import
Sat, 28 Dec 2019 07:54:54 - INFO - Failed on TRIZMA DB import at: 2019-12-28_07-29-27, for following calling party: 495829988845, for agent id: trz_sstankovic, with error:(pyodbc.DataError) ('22001', '[22001] [Microsoft][ODBC Driver 17 for SQL Server][SQL Server]String or binary data would be truncated. (8152) (SQLExecDirectW)')
[SQL: insert into records values('CC2Servicenummer','Belgrad','Nicht übermittelt','trz_sstankovic',                                  '495829988845','','Nicht übermittelt','495829988845_Saturday, December 21, 2019_4:53:13 PM')]
(Background on this error at: http://sqlalche.me/e/9h9h)
Sat, 28 Dec 2019 07:54:54 - INFO - 123TV DB import
Sat, 28 Dec 2019 07:56:44 - INFO - Connect to DB
Sat, 28 Dec 2019 07:56:44 - INFO - TRIZMA DB import
Sat, 28 Dec 2019 07:56:44 - INFO - 123TV DB import
Sat, 28 Dec 2019 07:57:40 - INFO - Connect to DB
Sat, 28 Dec 2019 07:57:40 - INFO - TRIZMA DB import
Sat, 28 Dec 2019 07:57:40 - INFO - Failed on TRIZMA DB import at: 2019-12-28_07-29-27, for following calling party: 493049897459, for agent id: trz_sstankovic, with error:(pyodbc.DataError) ('22001', '[22001] [Microsoft][ODBC Driver 17 for SQL Server][SQL Server]String or binary data would be truncated. (8152) (SQLExecDirectW)')
[SQL: insert into records values('CC2Servicenummer','Belgrad','Nicht übermittelt','trz_sstankovic',                                  '493049897459','','Nicht übermittelt','493049897459_Saturday, December 21, 2019_7:16:36 PM')]
(Background on this error at: http://sqlalche.me/e/9h9h)
Sat, 28 Dec 2019 07:57:40 - INFO - 123TV DB import
Sat, 28 Dec 2019 08:00:41 - INFO - Connect to DB
Sat, 28 Dec 2019 08:00:41 - INFO - TRIZMA DB import
Sat, 28 Dec 2019 08:00:41 - INFO - Failed on TRIZMA DB import at: 2019-12-28_07-29-27, for following calling party: 4973125068444, for agent id: trz_sstankovic, with error:(pyodbc.DataError) ('22001', '[22001] [Microsoft][ODBC Driver 17 for SQL Server][SQL Server]String or binary data would be truncated. (8152) (SQLExecDirectW)')
[SQL: insert into records values('CC2Servicenummer','Belgrad','Nicht übermittelt','trz_sstankovic',                                  '4973125068444','','Nicht übermittelt','4973125068444_Wednesday, December 25, 2019_12:44:03 PM')]
(Background on this error at: http://sqlalche.me/e/9h9h)
Sat, 28 Dec 2019 08:00:41 - INFO - 123TV DB import
