Mon, 20 Jan 2020 07:26:27 - INFO - Connect to DB
Mon, 20 Jan 2020 07:26:27 - INFO - TRIZMA DB import
Mon, 20 Jan 2020 07:26:27 - INFO - 123TV DB import
Mon, 20 Jan 2020 07:26:44 - INFO - Connect to DB
Mon, 20 Jan 2020 07:26:44 - INFO - TRIZMA DB import
Mon, 20 Jan 2020 07:26:44 - INFO - 123TV DB import
Mon, 20 Jan 2020 07:27:00 - INFO - Connect to DB
Mon, 20 Jan 2020 07:27:00 - INFO - TRIZMA DB import
Mon, 20 Jan 2020 07:27:00 - INFO - 123TV DB import
Mon, 20 Jan 2020 07:27:06 - INFO - Connect to DB
Mon, 20 Jan 2020 07:27:06 - INFO - TRIZMA DB import
Mon, 20 Jan 2020 07:27:06 - INFO - 123TV DB import
Mon, 20 Jan 2020 07:27:34 - INFO - Connect to DB
Mon, 20 Jan 2020 07:27:34 - INFO - TRIZMA DB import
Mon, 20 Jan 2020 07:27:34 - INFO - 123TV DB import
Mon, 20 Jan 2020 07:27:57 - INFO - Connect to DB
Mon, 20 Jan 2020 07:27:57 - INFO - TRIZMA DB import
Mon, 20 Jan 2020 07:27:57 - INFO - 123TV DB import
Mon, 20 Jan 2020 07:28:03 - INFO - Connect to DB
Mon, 20 Jan 2020 07:28:03 - INFO - TRIZMA DB import
Mon, 20 Jan 2020 07:28:03 - INFO - 123TV DB import
Mon, 20 Jan 2020 07:28:08 - INFO - Connect to DB
Mon, 20 Jan 2020 07:28:08 - INFO - TRIZMA DB import
Mon, 20 Jan 2020 07:28:08 - INFO - 123TV DB import
Mon, 20 Jan 2020 07:28:59 - INFO - Connect to DB
Mon, 20 Jan 2020 07:28:59 - INFO - TRIZMA DB import
Mon, 20 Jan 2020 07:28:59 - INFO - 123TV DB import
Mon, 20 Jan 2020 07:29:23 - INFO - Connect to DB
Mon, 20 Jan 2020 07:29:23 - INFO - TRIZMA DB import
Mon, 20 Jan 2020 07:29:23 - INFO - 123TV DB import
Mon, 20 Jan 2020 07:29:33 - INFO - Connect to DB
Mon, 20 Jan 2020 07:29:33 - INFO - TRIZMA DB import
Mon, 20 Jan 2020 07:29:33 - INFO - Failed on TRIZMA DB import at: 2020-01-20_07-25-23, for following calling party: 491727237290, for agent id: trz_madamovic, with error:(pyodbc.DataError) ('22001', '[22001] [Microsoft][ODBC Driver 17 for SQL Server][SQL Server]String or binary data would be truncated. (8152) (SQLExecDirectW)')
[SQL: insert into records values('CC2Servicenummer','Belgrad','Nicht übermittelt','trz_madamovic',                                 '491727237290','','Nicht übermittelt','491727237290_Wednesday, January 15, 2020_1:57:57 PM','MIL_ADAMOV')]
(Background on this error at: http://sqlalche.me/e/9h9h)
Mon, 20 Jan 2020 07:29:33 - INFO - 123TV DB import
Mon, 20 Jan 2020 07:29:49 - INFO - Connect to DB
Mon, 20 Jan 2020 07:29:49 - INFO - TRIZMA DB import
Mon, 20 Jan 2020 07:29:49 - INFO - Failed on TRIZMA DB import at: 2020-01-20_07-25-23, for following calling party: 497062910344, for agent id: trz_madamovic, with error:(pyodbc.DataError) ('22001', '[22001] [Microsoft][ODBC Driver 17 for SQL Server][SQL Server]String or binary data would be truncated. (8152) (SQLExecDirectW)')
[SQL: insert into records values('CC2Servicenummer','Belgrad','Nicht übermittelt','trz_madamovic',                                 '497062910344','','Nicht übermittelt','497062910344_Wednesday, January 15, 2020_2:47:05 PM','MIL_ADAMOV')]
(Background on this error at: http://sqlalche.me/e/9h9h)
Mon, 20 Jan 2020 07:29:49 - INFO - 123TV DB import
Mon, 20 Jan 2020 07:29:58 - INFO - Connect to DB
Mon, 20 Jan 2020 07:29:58 - INFO - TRIZMA DB import
Mon, 20 Jan 2020 07:29:58 - INFO - 123TV DB import
Mon, 20 Jan 2020 07:30:44 - INFO - Connect to DB
Mon, 20 Jan 2020 07:30:44 - INFO - TRIZMA DB import
Mon, 20 Jan 2020 07:30:44 - INFO - 123TV DB import
Mon, 20 Jan 2020 07:31:28 - INFO - Connect to DB
Mon, 20 Jan 2020 07:31:28 - INFO - TRIZMA DB import
Mon, 20 Jan 2020 07:31:28 - INFO - 123TV DB import
Mon, 20 Jan 2020 07:33:20 - INFO - Connect to DB
Mon, 20 Jan 2020 07:33:20 - INFO - TRIZMA DB import
Mon, 20 Jan 2020 07:33:20 - INFO - Failed on TRIZMA DB import at: 2020-01-20_07-25-23, for following calling party: 497318001292, for agent id: trz_madamovic, with error:(pyodbc.DataError) ('22001', '[22001] [Microsoft][ODBC Driver 17 for SQL Server][SQL Server]String or binary data would be truncated. (8152) (SQLExecDirectW)')
[SQL: insert into records values('CC2Servicenummer','Belgrad','Nicht übermittelt','trz_madamovic',                                 '497318001292','','Nicht übermittelt','497318001292_Thursday, January 16, 2020_10:35:39 AM','MIL_ADAMOV')]
(Background on this error at: http://sqlalche.me/e/9h9h)
Mon, 20 Jan 2020 07:33:20 - INFO - 123TV DB import
Mon, 20 Jan 2020 07:33:42 - INFO - Connect to DB
Mon, 20 Jan 2020 07:33:42 - INFO - TRIZMA DB import
Mon, 20 Jan 2020 07:33:42 - INFO - Failed on TRIZMA DB import at: 2020-01-20_07-25-23, for following calling party: 493641425654, for agent id: trz_madamovic, with error:(pyodbc.DataError) ('22001', '[22001] [Microsoft][ODBC Driver 17 for SQL Server][SQL Server]String or binary data would be truncated. (8152) (SQLExecDirectW)')
[SQL: insert into records values('CC2Servicenummer','Belgrad','Nicht übermittelt','trz_madamovic',                                 '493641425654','','Nicht übermittelt','493641425654_Thursday, January 16, 2020_12:26:44 PM','MIL_ADAMOV')]
(Background on this error at: http://sqlalche.me/e/9h9h)
Mon, 20 Jan 2020 07:33:42 - INFO - 123TV DB import
Mon, 20 Jan 2020 07:33:48 - INFO - Connect to DB
Mon, 20 Jan 2020 07:33:48 - INFO - TRIZMA DB import
Mon, 20 Jan 2020 07:33:48 - INFO - Failed on TRIZMA DB import at: 2020-01-20_07-25-23, for following calling party: 4915901668080, for agent id: trz_madamovic, with error:(pyodbc.DataError) ('22001', '[22001] [Microsoft][ODBC Driver 17 for SQL Server][SQL Server]String or binary data would be truncated. (8152) (SQLExecDirectW)')
[SQL: insert into records values('CC2Servicenummer','Belgrad','Nicht übermittelt','trz_madamovic',                                 '4915901668080','','Nicht übermittelt','4915901668080_Thursday, January 16, 2020_1:05:34 PM','MIL_ADAMOV')]
(Background on this error at: http://sqlalche.me/e/9h9h)
Mon, 20 Jan 2020 07:33:48 - INFO - 123TV DB import
Mon, 20 Jan 2020 07:34:44 - INFO - Connect to DB
Mon, 20 Jan 2020 07:34:44 - INFO - TRIZMA DB import
Mon, 20 Jan 2020 07:34:45 - INFO - 123TV DB import
Mon, 20 Jan 2020 07:34:54 - INFO - Connect to DB
Mon, 20 Jan 2020 07:34:54 - INFO - TRIZMA DB import
Mon, 20 Jan 2020 07:34:54 - INFO - 123TV DB import
Mon, 20 Jan 2020 07:35:10 - INFO - Connect to DB
Mon, 20 Jan 2020 07:35:10 - INFO - TRIZMA DB import
Mon, 20 Jan 2020 07:35:10 - INFO - 123TV DB import
Mon, 20 Jan 2020 07:35:27 - INFO - Connect to DB
Mon, 20 Jan 2020 07:35:27 - INFO - TRIZMA DB import
Mon, 20 Jan 2020 07:35:27 - INFO - 123TV DB import
Mon, 20 Jan 2020 07:35:50 - INFO - Connect to DB
Mon, 20 Jan 2020 07:35:50 - INFO - TRIZMA DB import
Mon, 20 Jan 2020 07:35:50 - INFO - 123TV DB import
Mon, 20 Jan 2020 07:36:11 - INFO - Connect to DB
Mon, 20 Jan 2020 07:36:11 - INFO - TRIZMA DB import
Mon, 20 Jan 2020 07:36:11 - INFO - 123TV DB import
Mon, 20 Jan 2020 07:37:08 - INFO - Connect to DB
Mon, 20 Jan 2020 07:37:08 - INFO - TRIZMA DB import
Mon, 20 Jan 2020 07:37:08 - INFO - 123TV DB import
Mon, 20 Jan 2020 07:37:25 - INFO - Connect to DB
Mon, 20 Jan 2020 07:37:25 - INFO - TRIZMA DB import
Mon, 20 Jan 2020 07:37:25 - INFO - 123TV DB import
Mon, 20 Jan 2020 07:37:48 - INFO - Connect to DB
Mon, 20 Jan 2020 07:37:48 - INFO - TRIZMA DB import
Mon, 20 Jan 2020 07:37:48 - INFO - 123TV DB import
Mon, 20 Jan 2020 07:38:03 - INFO - Connect to DB
Mon, 20 Jan 2020 07:38:03 - INFO - TRIZMA DB import
Mon, 20 Jan 2020 07:38:03 - INFO - 123TV DB import
Mon, 20 Jan 2020 07:38:20 - INFO - Connect to DB
Mon, 20 Jan 2020 07:38:20 - INFO - TRIZMA DB import
Mon, 20 Jan 2020 07:38:20 - INFO - 123TV DB import
Mon, 20 Jan 2020 07:38:48 - INFO - Connect to DB
Mon, 20 Jan 2020 07:38:48 - INFO - TRIZMA DB import
Mon, 20 Jan 2020 07:38:48 - INFO - 123TV DB import
Mon, 20 Jan 2020 07:38:54 - INFO - Connect to DB
Mon, 20 Jan 2020 07:38:54 - INFO - TRIZMA DB import
Mon, 20 Jan 2020 07:38:54 - INFO - 123TV DB import
Mon, 20 Jan 2020 07:39:25 - INFO - Connect to DB
Mon, 20 Jan 2020 07:39:25 - INFO - TRIZMA DB import
Mon, 20 Jan 2020 07:39:25 - INFO - 123TV DB import
