Wed, 25 Dec 2019 17:11:56 - INFO - Connect to DB
Wed, 25 Dec 2019 17:11:56 - INFO - TRIZMA DB import
Wed, 25 Dec 2019 17:11:56 - INFO - Failed on TRIZMA DB import at: 2019-12-25_17-07-43, for following calling party: 499474952492, for agent id: trz_bmaksimovic, with error:(pyodbc.DataError) ('22001', '[22001] [Microsoft][ODBC Driver 17 for SQL Server][SQL Server]String or binary data would be truncated. (8152) (SQLExecDirectW)')
[SQL: insert into records values('CC2Servicenummer','Belgrad','Nicht übermittelt','trz_bmaksimovic',                                  '499474952492','','Nicht übermittelt','499474952492_Wednesday, December 25, 2019_6:11:53 PM')]
(Background on this error at: http://sqlalche.me/e/9h9h)
Wed, 25 Dec 2019 17:11:56 - INFO - 123TV DB import
Wed, 25 Dec 2019 18:13:47 - INFO - Connect to DB
Wed, 25 Dec 2019 18:13:47 - INFO - TRIZMA DB import
Wed, 25 Dec 2019 18:13:47 - INFO - Failed on TRIZMA DB import at: 2019-12-25_17-07-43, for following calling party: 493091550384, for agent id: trz_bmaksimovic, with error:(pyodbc.DataError) ('22001', '[22001] [Microsoft][ODBC Driver 17 for SQL Server][SQL Server]String or binary data would be truncated. (8152) (SQLExecDirectW)')
[SQL: insert into records values('CC2Servicenummer','Belgrad','Nicht übermittelt','trz_bmaksimovic',                                  '493091550384','','Nicht übermittelt','493091550384_Wednesday, December 25, 2019_7:13:42 PM')]
(Background on this error at: http://sqlalche.me/e/9h9h)
Wed, 25 Dec 2019 18:13:47 - INFO - 123TV DB import
Thu, 26 Dec 2019 07:03:21 - INFO - Connect to DB
Thu, 26 Dec 2019 07:03:21 - INFO - TRIZMA DB import
Thu, 26 Dec 2019 07:03:21 - INFO - Failed on TRIZMA DB import at: 2019-12-25_17-07-43, for following calling party: 4915123850727, for agent id: trz_madamovic, with error:(pyodbc.DataError) ('22001', '[22001] [Microsoft][ODBC Driver 17 for SQL Server][SQL Server]String or binary data would be truncated. (8152) (SQLExecDirectW)')
[SQL: insert into records values('CC2Servicenummer','Belgrad','Nicht übermittelt','trz_madamovic',                                  '4915123850727','','Nicht übermittelt','4915123850727_Thursday, December 26, 2019_8:03:15 AM')]
(Background on this error at: http://sqlalche.me/e/9h9h)
Thu, 26 Dec 2019 07:03:21 - INFO - 123TV DB import
Thu, 26 Dec 2019 07:03:46 - INFO - Connect to DB
Thu, 26 Dec 2019 07:03:46 - INFO - TRIZMA DB import
Thu, 26 Dec 2019 07:03:46 - INFO - Failed on TRIZMA DB import at: 2019-12-25_17-07-43, for following calling party: 491781051586, for agent id: trz_madamovic, with error:(pyodbc.DataError) ('22001', '[22001] [Microsoft][ODBC Driver 17 for SQL Server][SQL Server]String or binary data would be truncated. (8152) (SQLExecDirectW)')
[SQL: insert into records values('CC2Servicenummer','Belgrad','Nicht übermittelt','trz_madamovic',                                  '491781051586','','Nicht übermittelt','491781051586_Wednesday, December 25, 2019_2:12:04 PM')]
(Background on this error at: http://sqlalche.me/e/9h9h)
Thu, 26 Dec 2019 07:03:46 - INFO - 123TV DB import
Thu, 26 Dec 2019 07:05:12 - INFO - Connect to DB
Thu, 26 Dec 2019 07:05:12 - INFO - TRIZMA DB import
Thu, 26 Dec 2019 07:05:12 - INFO - 123TV DB import
Thu, 26 Dec 2019 07:23:21 - INFO - Connect to DB
Thu, 26 Dec 2019 07:23:21 - INFO - TRIZMA DB import
Thu, 26 Dec 2019 07:23:21 - INFO - 123TV DB import
Thu, 26 Dec 2019 07:24:00 - INFO - Connect to DB
Thu, 26 Dec 2019 07:24:00 - INFO - TRIZMA DB import
Thu, 26 Dec 2019 07:24:00 - INFO - 123TV DB import
Thu, 26 Dec 2019 07:24:06 - INFO - Connect to DB
Thu, 26 Dec 2019 07:24:06 - INFO - TRIZMA DB import
Thu, 26 Dec 2019 07:24:06 - INFO - 123TV DB import
Thu, 26 Dec 2019 07:24:26 - INFO - Connect to DB
Thu, 26 Dec 2019 07:24:26 - INFO - TRIZMA DB import
Thu, 26 Dec 2019 07:24:26 - INFO - 123TV DB import
Thu, 26 Dec 2019 07:24:43 - INFO - Connect to DB
Thu, 26 Dec 2019 07:24:43 - INFO - TRIZMA DB import
Thu, 26 Dec 2019 07:24:43 - INFO - 123TV DB import
Thu, 26 Dec 2019 07:25:05 - INFO - Connect to DB
Thu, 26 Dec 2019 07:25:05 - INFO - TRIZMA DB import
Thu, 26 Dec 2019 07:25:05 - INFO - 123TV DB import
Thu, 26 Dec 2019 07:26:34 - INFO - Connect to DB
Thu, 26 Dec 2019 07:26:34 - INFO - TRIZMA DB import
Thu, 26 Dec 2019 07:26:34 - INFO - 123TV DB import
Thu, 26 Dec 2019 07:38:30 - INFO - Connect to DB
Thu, 26 Dec 2019 07:38:30 - INFO - TRIZMA DB import
Thu, 26 Dec 2019 07:38:30 - INFO - Failed on TRIZMA DB import at: 2019-12-25_17-07-43, for following calling party: 4971511690065, for agent id: trz_asilni, with error:(pyodbc.DataError) ('22001', '[22001] [Microsoft][ODBC Driver 17 for SQL Server][SQL Server]String or binary data would be truncated. (8152) (SQLExecDirectW)')
[SQL: insert into records values('CC2Servicenummer','Belgrad','Nicht übermittelt','trz_asilni',                                  '4971511690065','','Nicht übermittelt','4971511690065_Thursday, December 26, 2019_8:38:17 AM')]
(Background on this error at: http://sqlalche.me/e/9h9h)
Thu, 26 Dec 2019 07:38:30 - INFO - 123TV DB import
Thu, 26 Dec 2019 07:49:12 - INFO - Connect to DB
Thu, 26 Dec 2019 07:49:12 - INFO - TRIZMA DB import
Thu, 26 Dec 2019 07:49:12 - INFO - 123TV DB import
Thu, 26 Dec 2019 07:50:13 - INFO - Connect to DB
Thu, 26 Dec 2019 07:50:13 - INFO - TRIZMA DB import
Thu, 26 Dec 2019 07:50:13 - INFO - 123TV DB import
Thu, 26 Dec 2019 07:50:18 - INFO - Connect to DB
Thu, 26 Dec 2019 07:50:18 - INFO - TRIZMA DB import
Thu, 26 Dec 2019 07:50:18 - INFO - 123TV DB import
Thu, 26 Dec 2019 07:55:51 - INFO - Connect to DB
Thu, 26 Dec 2019 07:55:51 - INFO - TRIZMA DB import
Thu, 26 Dec 2019 07:55:51 - INFO - 123TV DB import
Thu, 26 Dec 2019 07:55:57 - INFO - Connect to DB
Thu, 26 Dec 2019 07:55:57 - INFO - TRIZMA DB import
Thu, 26 Dec 2019 07:55:57 - INFO - 123TV DB import
Thu, 26 Dec 2019 07:56:38 - INFO - Connect to DB
Thu, 26 Dec 2019 07:56:38 - INFO - TRIZMA DB import
Thu, 26 Dec 2019 07:56:38 - INFO - 123TV DB import
