Sat, 28 Dec 2019 17:51:58 - INFO - Connect to DB
Sat, 28 Dec 2019 17:51:59 - INFO - TRIZMA DB import
Sat, 28 Dec 2019 17:51:59 - INFO - 123TV DB import
Sun, 29 Dec 2019 07:47:32 - INFO - Connect to DB
Sun, 29 Dec 2019 07:47:32 - INFO - TRIZMA DB import
Sun, 29 Dec 2019 07:47:32 - INFO - 123TV DB import
Sun, 29 Dec 2019 07:48:23 - INFO - Connect to DB
Sun, 29 Dec 2019 07:48:23 - INFO - TRIZMA DB import
Sun, 29 Dec 2019 07:48:23 - INFO - Failed on TRIZMA DB import at: 2019-12-28_16-39-56, for following calling party: 493420678460, for agent id: trz_sstankovic, with error:(pyodbc.DataError) ('22001', '[22001] [Microsoft][ODBC Driver 17 for SQL Server][SQL Server]String or binary data would be truncated. (8152) (SQLExecDirectW)')
[SQL: insert into records values('CC2Servicenummer','Belgrad','Nicht übermittelt','trz_sstankovic',                                  '493420678460','','Nicht übermittelt','493420678460_Thursday, November 28, 2019_5:53:39 PM')]
(Background on this error at: http://sqlalche.me/e/9h9h)
Sun, 29 Dec 2019 07:48:23 - INFO - 123TV DB import
Sun, 29 Dec 2019 07:49:18 - INFO - Connect to DB
Sun, 29 Dec 2019 07:49:18 - INFO - TRIZMA DB import
Sun, 29 Dec 2019 07:49:18 - INFO - Failed on TRIZMA DB import at: 2019-12-28_16-39-56, for following calling party: 496131685045, for agent id: trz_sstankovic, with error:(pyodbc.DataError) ('22001', '[22001] [Microsoft][ODBC Driver 17 for SQL Server][SQL Server]String or binary data would be truncated. (8152) (SQLExecDirectW)')
[SQL: insert into records values('CC2Servicenummer','Belgrad','Nicht übermittelt','trz_sstankovic',                                  '496131685045','','Nicht übermittelt','496131685045_Wednesday, December 11, 2019_6:53:36 PM')]
(Background on this error at: http://sqlalche.me/e/9h9h)
Sun, 29 Dec 2019 07:49:18 - INFO - 123TV DB import
Sun, 29 Dec 2019 07:50:28 - INFO - Connect to DB
Sun, 29 Dec 2019 07:50:29 - INFO - TRIZMA DB import
Sun, 29 Dec 2019 07:50:29 - INFO - Failed on TRIZMA DB import at: 2019-12-28_16-39-56, for following calling party: 4917641228885, for agent id: trz_sstankovic, with error:(pyodbc.DataError) ('22001', '[22001] [Microsoft][ODBC Driver 17 for SQL Server][SQL Server]String or binary data would be truncated. (8152) (SQLExecDirectW)')
[SQL: insert into records values('CC2Servicenummer','Belgrad','Nicht übermittelt','trz_sstankovic',                                  '4917641228885','','Nicht übermittelt','4917641228885_Wednesday, December 11, 2019_7:17:06 PM')]
(Background on this error at: http://sqlalche.me/e/9h9h)
Sun, 29 Dec 2019 07:50:29 - INFO - 123TV DB import
Sun, 29 Dec 2019 07:50:54 - INFO - Connect to DB
Sun, 29 Dec 2019 07:50:54 - INFO - TRIZMA DB import
Sun, 29 Dec 2019 07:50:54 - INFO - Failed on TRIZMA DB import at: 2019-12-28_16-39-56, for following calling party: 4917624669438, for agent id: trz_sstankovic, with error:(pyodbc.DataError) ('22001', '[22001] [Microsoft][ODBC Driver 17 for SQL Server][SQL Server]String or binary data would be truncated. (8152) (SQLExecDirectW)')
[SQL: insert into records values('CC2Servicenummer','Belgrad','Nicht übermittelt','trz_sstankovic',                                  '4917624669438','','Nicht übermittelt','4917624669438_Wednesday, December 11, 2019_7:51:29 PM')]
(Background on this error at: http://sqlalche.me/e/9h9h)
Sun, 29 Dec 2019 07:50:54 - INFO - 123TV DB import
Sun, 29 Dec 2019 07:52:44 - INFO - Connect to DB
Sun, 29 Dec 2019 07:52:44 - INFO - TRIZMA DB import
Sun, 29 Dec 2019 07:52:44 - INFO - Failed on TRIZMA DB import at: 2019-12-28_16-39-56, for following calling party: 4960622666690, for agent id: trz_sstankovic, with error:(pyodbc.DataError) ('22001', '[22001] [Microsoft][ODBC Driver 17 for SQL Server][SQL Server]String or binary data would be truncated. (8152) (SQLExecDirectW)')
[SQL: insert into records values('CC2Servicenummer','Belgrad','Nicht übermittelt','trz_sstankovic',                                  '4960622666690','','Nicht übermittelt','4960622666690_Thursday, December 19, 2019_12:09:26 PM')]
(Background on this error at: http://sqlalche.me/e/9h9h)
Sun, 29 Dec 2019 07:52:44 - INFO - 123TV DB import
Sun, 29 Dec 2019 07:57:28 - INFO - Connect to DB
Sun, 29 Dec 2019 07:57:28 - INFO - TRIZMA DB import
Sun, 29 Dec 2019 07:57:28 - INFO - 123TV DB import
Sun, 29 Dec 2019 07:59:18 - INFO - Connect to DB
Sun, 29 Dec 2019 07:59:18 - INFO - TRIZMA DB import
Sun, 29 Dec 2019 07:59:18 - INFO - Failed on TRIZMA DB import at: 2019-12-28_16-39-56, for following calling party: 4964417897798, for agent id: trz_sstankovic, with error:(pyodbc.DataError) ('22001', '[22001] [Microsoft][ODBC Driver 17 for SQL Server][SQL Server]String or binary data would be truncated. (8152) (SQLExecDirectW)')
[SQL: insert into records values('CC2Servicenummer','Belgrad','Nicht übermittelt','trz_sstankovic',                                  '4964417897798','','Nicht übermittelt','4964417897798_Thursday, December 19, 2019_5:10:23 PM')]
(Background on this error at: http://sqlalche.me/e/9h9h)
Sun, 29 Dec 2019 07:59:18 - INFO - 123TV DB import
Sun, 29 Dec 2019 08:01:14 - INFO - Connect to DB
Sun, 29 Dec 2019 08:01:14 - INFO - TRIZMA DB import
Sun, 29 Dec 2019 08:01:14 - INFO - 123TV DB import
Sun, 29 Dec 2019 08:01:24 - INFO - Connect to DB
Sun, 29 Dec 2019 08:01:24 - INFO - TRIZMA DB import
Sun, 29 Dec 2019 08:01:24 - INFO - 123TV DB import
Sun, 29 Dec 2019 08:02:19 - INFO - Connect to DB
Sun, 29 Dec 2019 08:02:19 - INFO - TRIZMA DB import
Sun, 29 Dec 2019 08:02:19 - INFO - 123TV DB import
Sun, 29 Dec 2019 08:03:25 - INFO - Connect to DB
Sun, 29 Dec 2019 08:03:25 - INFO - TRIZMA DB import
Sun, 29 Dec 2019 08:03:25 - INFO - 123TV DB import
Sun, 29 Dec 2019 08:09:40 - INFO - Connect to DB
Sun, 29 Dec 2019 08:09:40 - INFO - TRIZMA DB import
Sun, 29 Dec 2019 08:09:40 - INFO - 123TV DB import
Sun, 29 Dec 2019 08:10:46 - INFO - Connect to DB
Sun, 29 Dec 2019 08:10:46 - INFO - TRIZMA DB import
Sun, 29 Dec 2019 08:10:46 - INFO - 123TV DB import
Sun, 29 Dec 2019 08:11:11 - INFO - Connect to DB
Sun, 29 Dec 2019 08:11:11 - INFO - TRIZMA DB import
Sun, 29 Dec 2019 08:11:11 - INFO - 123TV DB import
Sun, 29 Dec 2019 08:11:36 - INFO - Connect to DB
Sun, 29 Dec 2019 08:11:36 - INFO - TRIZMA DB import
Sun, 29 Dec 2019 08:11:36 - INFO - Failed on TRIZMA DB import at: 2019-12-28_16-39-56, for following calling party: 493641350180, for agent id: trz_sstankovic, with error:(pyodbc.DataError) ('22001', '[22001] [Microsoft][ODBC Driver 17 for SQL Server][SQL Server]String or binary data would be truncated. (8152) (SQLExecDirectW)')
[SQL: insert into records values('CC2Servicenummer','Belgrad','Nicht übermittelt','trz_sstankovic',                                  '493641350180','','Nicht übermittelt','493641350180_Saturday, December 21, 2019_12:16:58 PM')]
(Background on this error at: http://sqlalche.me/e/9h9h)
Sun, 29 Dec 2019 08:11:36 - INFO - 123TV DB import
Sun, 29 Dec 2019 08:12:36 - INFO - Connect to DB
Sun, 29 Dec 2019 08:12:36 - INFO - TRIZMA DB import
Sun, 29 Dec 2019 08:12:36 - INFO - Failed on TRIZMA DB import at: 2019-12-28_16-39-56, for following calling party: 497531695793, for agent id: trz_sstankovic, with error:(pyodbc.DataError) ('22001', '[22001] [Microsoft][ODBC Driver 17 for SQL Server][SQL Server]String or binary data would be truncated. (8152) (SQLExecDirectW)')
[SQL: insert into records values('CC2Servicenummer','Belgrad','Nicht übermittelt','trz_sstankovic',                                  '497531695793','','Nicht übermittelt','497531695793_Saturday, December 21, 2019_2:31:30 PM')]
(Background on this error at: http://sqlalche.me/e/9h9h)
Sun, 29 Dec 2019 08:12:36 - INFO - 123TV DB import
Sun, 29 Dec 2019 08:27:07 - INFO - Connect to DB
Sun, 29 Dec 2019 08:27:07 - INFO - TRIZMA DB import
Sun, 29 Dec 2019 08:27:07 - INFO - 123TV DB import
Sun, 29 Dec 2019 08:43:41 - INFO - Connect to DB
Sun, 29 Dec 2019 08:43:41 - INFO - TRIZMA DB import
Sun, 29 Dec 2019 08:43:41 - INFO - Failed on TRIZMA DB import at: 2019-12-28_16-39-56, for following calling party: 493416980985, for agent id: trz_sstankovic, with error:(pyodbc.DataError) ('22001', '[22001] [Microsoft][ODBC Driver 17 for SQL Server][SQL Server]String or binary data would be truncated. (8152) (SQLExecDirectW)')
[SQL: insert into records values('CC2Servicenummer','Belgrad','Nicht übermittelt','trz_sstankovic',                                  '493416980985','','Nicht übermittelt','493416980985_Saturday, December 21, 2019_4:58:26 PM')]
(Background on this error at: http://sqlalche.me/e/9h9h)
Sun, 29 Dec 2019 08:43:41 - INFO - 123TV DB import
Sun, 29 Dec 2019 08:43:51 - INFO - Connect to DB
Sun, 29 Dec 2019 08:43:51 - INFO - TRIZMA DB import
Sun, 29 Dec 2019 08:43:51 - INFO - 123TV DB import
Sun, 29 Dec 2019 08:46:12 - INFO - Connect to DB
Sun, 29 Dec 2019 08:46:12 - INFO - TRIZMA DB import
Sun, 29 Dec 2019 08:46:12 - INFO - 123TV DB import
Sun, 29 Dec 2019 08:46:47 - INFO - Connect to DB
Sun, 29 Dec 2019 08:46:47 - INFO - TRIZMA DB import
Sun, 29 Dec 2019 08:46:47 - INFO - Failed on TRIZMA DB import at: 2019-12-28_16-39-56, for following calling party: 4922619154640, for agent id: trz_sstankovic, with error:(pyodbc.DataError) ('22001', '[22001] [Microsoft][ODBC Driver 17 for SQL Server][SQL Server]String or binary data would be truncated. (8152) (SQLExecDirectW)')
[SQL: insert into records values('CC2Servicenummer','Belgrad','Nicht übermittelt','trz_sstankovic',                                  '4922619154640','','Nicht übermittelt','4922619154640_Tuesday, December 24, 2019_12:33:24 PM')]
(Background on this error at: http://sqlalche.me/e/9h9h)
Sun, 29 Dec 2019 08:46:47 - INFO - 123TV DB import
Sun, 29 Dec 2019 08:48:07 - INFO - Connect to DB
Sun, 29 Dec 2019 08:48:07 - INFO - TRIZMA DB import
Sun, 29 Dec 2019 08:48:07 - INFO - 123TV DB import
Sun, 29 Dec 2019 08:48:13 - INFO - Connect to DB
Sun, 29 Dec 2019 08:48:13 - INFO - TRIZMA DB import
Sun, 29 Dec 2019 08:48:13 - INFO - Failed on TRIZMA DB import at: 2019-12-28_16-39-56, for following calling party: 493061292849, for agent id: trz_sstankovic, with error:(pyodbc.DataError) ('22001', '[22001] [Microsoft][ODBC Driver 17 for SQL Server][SQL Server]String or binary data would be truncated. (8152) (SQLExecDirectW)')
[SQL: insert into records values('CC2Servicenummer','Belgrad','Nicht übermittelt','trz_sstankovic',                                  '493061292849','','Nicht übermittelt','493061292849_Wednesday, December 25, 2019_2:36:11 PM')]
(Background on this error at: http://sqlalche.me/e/9h9h)
Sun, 29 Dec 2019 08:48:13 - INFO - 123TV DB import
Sun, 29 Dec 2019 08:48:42 - INFO - Connect to DB
Sun, 29 Dec 2019 08:48:42 - INFO - TRIZMA DB import
Sun, 29 Dec 2019 08:48:43 - INFO - 123TV DB import
Sun, 29 Dec 2019 08:48:48 - INFO - Connect to DB
Sun, 29 Dec 2019 08:48:48 - INFO - TRIZMA DB import
Sun, 29 Dec 2019 08:48:49 - INFO - 123TV DB import
Sun, 29 Dec 2019 08:49:18 - INFO - Connect to DB
Sun, 29 Dec 2019 08:49:18 - INFO - TRIZMA DB import
Sun, 29 Dec 2019 08:49:18 - INFO - Failed on TRIZMA DB import at: 2019-12-28_16-39-56, for following calling party: 4917662278491, for agent id: trz_sstankovic, with error:(pyodbc.DataError) ('22001', '[22001] [Microsoft][ODBC Driver 17 for SQL Server][SQL Server]String or binary data would be truncated. (8152) (SQLExecDirectW)')
[SQL: insert into records values('CC2Servicenummer','Belgrad','Nicht übermittelt','trz_sstankovic',                                  '4917662278491','','Nicht übermittelt','4917662278491_Wednesday, December 25, 2019_5:57:33 PM')]
(Background on this error at: http://sqlalche.me/e/9h9h)
Sun, 29 Dec 2019 08:49:18 - INFO - 123TV DB import
Sun, 29 Dec 2019 09:00:45 - INFO - Connect to DB
Sun, 29 Dec 2019 09:00:45 - INFO - TRIZMA DB import
Sun, 29 Dec 2019 09:00:46 - INFO - 123TV DB import
Sun, 29 Dec 2019 09:03:12 - INFO - Connect to DB
Sun, 29 Dec 2019 09:03:12 - INFO - TRIZMA DB import
Sun, 29 Dec 2019 09:03:12 - INFO - 123TV DB import
Sun, 29 Dec 2019 09:16:57 - INFO - Connect to DB
Sun, 29 Dec 2019 09:16:57 - INFO - TRIZMA DB import
Sun, 29 Dec 2019 09:16:57 - INFO - 123TV DB import
Sun, 29 Dec 2019 09:18:39 - INFO - Connect to DB
Sun, 29 Dec 2019 09:18:39 - INFO - TRIZMA DB import
Sun, 29 Dec 2019 09:18:39 - INFO - 123TV DB import
Sun, 29 Dec 2019 09:20:35 - INFO - Connect to DB
Sun, 29 Dec 2019 09:20:35 - INFO - TRIZMA DB import
Sun, 29 Dec 2019 09:20:35 - INFO - 123TV DB import
Sun, 29 Dec 2019 09:21:15 - INFO - Connect to DB
Sun, 29 Dec 2019 09:21:15 - INFO - TRIZMA DB import
Sun, 29 Dec 2019 09:21:15 - INFO - Failed on TRIZMA DB import at: 2019-12-28_16-39-56, for following calling party: 491789729845, for agent id: trz_sstankovic, with error:(pyodbc.DataError) ('22001', '[22001] [Microsoft][ODBC Driver 17 for SQL Server][SQL Server]String or binary data would be truncated. (8152) (SQLExecDirectW)')
[SQL: insert into records values('CC2Servicenummer','Belgrad','Nicht übermittelt','trz_sstankovic',                                  '491789729845','','Nicht übermittelt','491789729845_Saturday, December 28, 2019_10:10:28 AM')]
(Background on this error at: http://sqlalche.me/e/9h9h)
Sun, 29 Dec 2019 09:21:15 - INFO - 123TV DB import
Sun, 29 Dec 2019 09:21:45 - INFO - Connect to DB
Sun, 29 Dec 2019 09:21:45 - INFO - TRIZMA DB import
Sun, 29 Dec 2019 09:21:45 - INFO - Failed on TRIZMA DB import at: 2019-12-28_16-39-56, for following calling party: 4925137900221, for agent id: trz_sstankovic, with error:(pyodbc.DataError) ('22001', '[22001] [Microsoft][ODBC Driver 17 for SQL Server][SQL Server]String or binary data would be truncated. (8152) (SQLExecDirectW)')
[SQL: insert into records values('CC2Servicenummer','Belgrad','Nicht übermittelt','trz_sstankovic',                                  '4925137900221','','Nicht übermittelt','4925137900221_Saturday, December 28, 2019_10:55:53 AM')]
(Background on this error at: http://sqlalche.me/e/9h9h)
Sun, 29 Dec 2019 09:21:45 - INFO - 123TV DB import
Sun, 29 Dec 2019 09:22:26 - INFO - Connect to DB
Sun, 29 Dec 2019 09:22:26 - INFO - TRIZMA DB import
Sun, 29 Dec 2019 09:22:26 - INFO - Failed on TRIZMA DB import at: 2019-12-28_16-39-56, for following calling party: 4935214843539, for agent id: trz_sstankovic, with error:(pyodbc.DataError) ('22001', '[22001] [Microsoft][ODBC Driver 17 for SQL Server][SQL Server]String or binary data would be truncated. (8152) (SQLExecDirectW)')
[SQL: insert into records values('CC2Servicenummer','Belgrad','Nicht übermittelt','trz_sstankovic',                                  '4935214843539','','Nicht übermittelt','4935214843539_Saturday, December 28, 2019_11:18:11 AM')]
(Background on this error at: http://sqlalche.me/e/9h9h)
Sun, 29 Dec 2019 09:22:26 - INFO - 123TV DB import
Sun, 29 Dec 2019 09:22:36 - INFO - Connect to DB
Sun, 29 Dec 2019 09:22:36 - INFO - TRIZMA DB import
Sun, 29 Dec 2019 09:22:36 - INFO - Failed on TRIZMA DB import at: 2019-12-28_16-39-56, for following calling party: 493089741777, for agent id: trz_sstankovic, with error:(pyodbc.DataError) ('22001', '[22001] [Microsoft][ODBC Driver 17 for SQL Server][SQL Server]String or binary data would be truncated. (8152) (SQLExecDirectW)')
[SQL: insert into records values('CC2Servicenummer','Belgrad','Nicht übermittelt','trz_sstankovic',                                  '493089741777','','Nicht übermittelt','493089741777_Saturday, December 28, 2019_11:35:12 AM')]
(Background on this error at: http://sqlalche.me/e/9h9h)
Sun, 29 Dec 2019 09:22:36 - INFO - 123TV DB import
Sun, 29 Dec 2019 09:58:38 - INFO - Connect to DB
Sun, 29 Dec 2019 09:58:38 - INFO - TRIZMA DB import
Sun, 29 Dec 2019 09:58:38 - INFO - 123TV DB import
Sun, 29 Dec 2019 10:03:08 - INFO - Connect to DB
Sun, 29 Dec 2019 10:03:09 - INFO - TRIZMA DB import
Sun, 29 Dec 2019 10:03:09 - INFO - 123TV DB import
