Sat, 18 Jan 2020 10:55:13 - INFO - Connect to DB
Sat, 18 Jan 2020 10:55:13 - INFO - TRIZMA DB import
Sat, 18 Jan 2020 10:55:14 - INFO - 123TV DB import
Sat, 18 Jan 2020 10:56:40 - INFO - Connect to DB
Sat, 18 Jan 2020 10:56:41 - INFO - TRIZMA DB import
Sat, 18 Jan 2020 10:56:41 - INFO - 123TV DB import
Sat, 18 Jan 2020 10:57:04 - INFO - Connect to DB
Sat, 18 Jan 2020 10:57:04 - INFO - TRIZMA DB import
Sat, 18 Jan 2020 10:57:04 - INFO - Failed on TRIZMA DB import at: 2020-01-18_10-52-26, for following calling party: 4915784918858, for agent id: trz_asilni, with error:(pyodbc.DataError) ('22001', '[22001] [Microsoft][ODBC Driver 17 for SQL Server][SQL Server]String or binary data would be truncated. (8152) (SQLExecDirectW)')
[SQL: insert into records values('CC2Servicenummer','Belgrad','Nicht übermittelt','trz_asilni',                                 '4915784918858','','Nicht übermittelt','4915784918858_Wednesday, January 15, 2020_12:21:36 PM','ANA_SILNI')]
(Background on this error at: http://sqlalche.me/e/9h9h)
Sat, 18 Jan 2020 10:57:04 - INFO - 123TV DB import
Sat, 18 Jan 2020 10:57:22 - INFO - Connect to DB
Sat, 18 Jan 2020 10:57:22 - INFO - TRIZMA DB import
Sat, 18 Jan 2020 10:57:22 - INFO - Failed on TRIZMA DB import at: 2020-01-18_10-52-26, for following calling party: 493652042660, for agent id: trz_sstankovic, with error:(pyodbc.DataError) ('22001', '[22001] [Microsoft][ODBC Driver 17 for SQL Server][SQL Server]String or binary data would be truncated. (8152) (SQLExecDirectW)')
[SQL: insert into records values('CC2Servicenummer','Belgrad','Nicht übermittelt','trz_sstankovic',                                 '493652042660','','Nicht übermittelt','493652042660_Saturday, January 18, 2020_11:57:20 AM','SAR_STANKO')]
(Background on this error at: http://sqlalche.me/e/9h9h)
Sat, 18 Jan 2020 10:57:22 - INFO - 123TV DB import
Sat, 18 Jan 2020 10:57:46 - INFO - Connect to DB
Sat, 18 Jan 2020 10:57:46 - INFO - TRIZMA DB import
Sat, 18 Jan 2020 10:57:46 - INFO - Failed on TRIZMA DB import at: 2020-01-18_10-52-26, for following calling party: 4994416855163, for agent id: trz_asilni, with error:(pyodbc.DataError) ('22001', '[22001] [Microsoft][ODBC Driver 17 for SQL Server][SQL Server]String or binary data would be truncated. (8152) (SQLExecDirectW)')
[SQL: insert into records values('CC2Servicenummer','Belgrad','Nicht übermittelt','trz_asilni',                                 '4994416855163','','Nicht übermittelt','4994416855163_Wednesday, January 15, 2020_1:12:08 PM','ANA_SILNI')]
(Background on this error at: http://sqlalche.me/e/9h9h)
Sat, 18 Jan 2020 10:57:46 - INFO - 123TV DB import
Sat, 18 Jan 2020 10:58:02 - INFO - Connect to DB
Sat, 18 Jan 2020 10:58:02 - INFO - TRIZMA DB import
Sat, 18 Jan 2020 10:58:02 - INFO - 123TV DB import
