Tue, 24 Dec 2019 11:32:13 - INFO - Connect to DB
Tue, 24 Dec 2019 11:32:13 - INFO - TRIZMA DB import
Tue, 24 Dec 2019 11:32:13 - INFO - Failed on TRIZMA DB import at: 2019-12-24_11-24-55, for following calling party: 497215004398, for agent id: trz_sstankovic, with error:(pyodbc.DataError) ('22001', '[22001] [Microsoft][ODBC Driver 17 for SQL Server][SQL Server]String or binary data would be truncated. (8152) (SQLExecDirectW)')
[SQL: insert into records values('CC2Servicenummer','Belgrad','Nicht übermittelt','trz_sstankovic',                                  '497215004398','','Nicht übermittelt','497215004398_Wednesday, December 11, 2019_7:03:53 PM')]
(Background on this error at: http://sqlalche.me/e/9h9h)
Tue, 24 Dec 2019 11:32:13 - INFO - 123TV DB import
Tue, 24 Dec 2019 11:33:04 - INFO - Connect to DB
Tue, 24 Dec 2019 11:33:04 - INFO - TRIZMA DB import
Tue, 24 Dec 2019 11:33:04 - INFO - 123TV DB import
Tue, 24 Dec 2019 11:33:13 - INFO - Connect to DB
Tue, 24 Dec 2019 11:33:13 - INFO - TRIZMA DB import
Tue, 24 Dec 2019 11:33:13 - INFO - Failed on TRIZMA DB import at: 2019-12-24_11-24-55, for following calling party: 4917624669438, for agent id: trz_sstankovic, with error:(pyodbc.DataError) ('22001', '[22001] [Microsoft][ODBC Driver 17 for SQL Server][SQL Server]String or binary data would be truncated. (8152) (SQLExecDirectW)')
[SQL: insert into records values('CC2Servicenummer','Belgrad','Nicht übermittelt','trz_sstankovic',                                  '4917624669438','','Nicht übermittelt','4917624669438_Wednesday, December 11, 2019_7:51:29 PM')]
(Background on this error at: http://sqlalche.me/e/9h9h)
Tue, 24 Dec 2019 11:33:13 - INFO - 123TV DB import
Tue, 24 Dec 2019 11:40:45 - INFO - Connect to DB
Tue, 24 Dec 2019 11:40:45 - INFO - TRIZMA DB import
Tue, 24 Dec 2019 11:40:45 - INFO - 123TV DB import
Tue, 24 Dec 2019 11:43:25 - INFO - Connect to DB
Tue, 24 Dec 2019 11:43:25 - INFO - TRIZMA DB import
Tue, 24 Dec 2019 11:43:25 - INFO - Failed on TRIZMA DB import at: 2019-12-24_11-24-55, for following calling party: 4915112488545, for agent id: trz_sstankovic, with error:(pyodbc.DataError) ('22001', '[22001] [Microsoft][ODBC Driver 17 for SQL Server][SQL Server]String or binary data would be truncated. (8152) (SQLExecDirectW)')
[SQL: insert into records values('CC2Servicenummer','Belgrad','Nicht übermittelt','trz_sstankovic',                                  '4915112488545','','Nicht übermittelt','4915112488545_Thursday, December 19, 2019_10:59:50 AM')]
(Background on this error at: http://sqlalche.me/e/9h9h)
Tue, 24 Dec 2019 11:43:25 - INFO - 123TV DB import
Tue, 24 Dec 2019 11:50:08 - INFO - Connect to DB
Tue, 24 Dec 2019 11:50:08 - INFO - TRIZMA DB import
Tue, 24 Dec 2019 11:50:08 - INFO - Failed on TRIZMA DB import at: 2019-12-24_11-24-55, for following calling party: 4935475549995, for agent id: trz_sstankovic, with error:(pyodbc.DataError) ('22001', '[22001] [Microsoft][ODBC Driver 17 for SQL Server][SQL Server]String or binary data would be truncated. (8152) (SQLExecDirectW)')
[SQL: insert into records values('CC2Servicenummer','Belgrad','Nicht übermittelt','trz_sstankovic',                                  '4935475549995','','Nicht übermittelt','4935475549995_Thursday, December 19, 2019_12:20:38 PM')]
(Background on this error at: http://sqlalche.me/e/9h9h)
Tue, 24 Dec 2019 11:50:08 - INFO - 123TV DB import
Tue, 24 Dec 2019 11:51:38 - INFO - Connect to DB
Tue, 24 Dec 2019 11:51:38 - INFO - TRIZMA DB import
Tue, 24 Dec 2019 11:51:38 - INFO - Failed on TRIZMA DB import at: 2019-12-24_11-24-55, for following calling party: 493516505592, for agent id: trz_sstankovic, with error:(pyodbc.DataError) ('22001', '[22001] [Microsoft][ODBC Driver 17 for SQL Server][SQL Server]String or binary data would be truncated. (8152) (SQLExecDirectW)')
[SQL: insert into records values('CC2Servicenummer','Belgrad','Nicht übermittelt','trz_sstankovic',                                  '493516505592','','Nicht übermittelt','493516505592_Thursday, December 19, 2019_2:24:53 PM')]
(Background on this error at: http://sqlalche.me/e/9h9h)
Tue, 24 Dec 2019 11:51:38 - INFO - 123TV DB import
Tue, 24 Dec 2019 11:51:59 - INFO - Connect to DB
Tue, 24 Dec 2019 11:51:59 - INFO - TRIZMA DB import
Tue, 24 Dec 2019 11:51:59 - INFO - 123TV DB import
Tue, 24 Dec 2019 11:56:01 - INFO - Connect to DB
Tue, 24 Dec 2019 11:56:01 - INFO - TRIZMA DB import
Tue, 24 Dec 2019 11:56:01 - INFO - Failed on TRIZMA DB import at: 2019-12-24_11-24-55, for following calling party: 4937415766914, for agent id: trz_divankovic, with error:(pyodbc.DataError) ('22001', '[22001] [Microsoft][ODBC Driver 17 for SQL Server][SQL Server]String or binary data would be truncated. (8152) (SQLExecDirectW)')
[SQL: insert into records values('CC2Servicenummer','Belgrad','Nicht übermittelt','trz_divankovic',                                  '4937415766914','','Nicht übermittelt','4937415766914_Tuesday, December 24, 2019_12:55:57 PM')]
(Background on this error at: http://sqlalche.me/e/9h9h)
Tue, 24 Dec 2019 11:56:01 - INFO - 123TV DB import
Tue, 24 Dec 2019 12:00:17 - INFO - Connect to DB
Tue, 24 Dec 2019 12:00:17 - INFO - TRIZMA DB import
Tue, 24 Dec 2019 12:00:17 - INFO - Failed on TRIZMA DB import at: 2019-12-24_11-24-55, for following calling party: 491739853043, for agent id: trz_sstankovic, with error:(pyodbc.DataError) ('22001', '[22001] [Microsoft][ODBC Driver 17 for SQL Server][SQL Server]String or binary data would be truncated. (8152) (SQLExecDirectW)')
[SQL: insert into records values('CC2Servicenummer','Belgrad','Nicht übermittelt','trz_sstankovic',                                  '491739853043','','Nicht übermittelt','491739853043_Thursday, December 19, 2019_6:12:14 PM')]
(Background on this error at: http://sqlalche.me/e/9h9h)
Tue, 24 Dec 2019 12:00:17 - INFO - 123TV DB import
Tue, 24 Dec 2019 12:00:54 - INFO - Connect to DB
Tue, 24 Dec 2019 12:00:54 - INFO - TRIZMA DB import
Tue, 24 Dec 2019 12:00:54 - INFO - 123TV DB import
Tue, 24 Dec 2019 12:02:26 - INFO - Connect to DB
Tue, 24 Dec 2019 12:02:26 - INFO - TRIZMA DB import
Tue, 24 Dec 2019 12:02:26 - INFO - 123TV DB import
Tue, 24 Dec 2019 12:02:57 - INFO - Connect to DB
Tue, 24 Dec 2019 12:02:57 - INFO - TRIZMA DB import
Tue, 24 Dec 2019 12:02:57 - INFO - 123TV DB import
Tue, 24 Dec 2019 12:04:12 - INFO - Connect to DB
Tue, 24 Dec 2019 12:04:12 - INFO - TRIZMA DB import
Tue, 24 Dec 2019 12:04:12 - INFO - 123TV DB import
Tue, 24 Dec 2019 12:04:22 - INFO - Connect to DB
Tue, 24 Dec 2019 12:04:22 - INFO - TRIZMA DB import
Tue, 24 Dec 2019 12:04:22 - INFO - 123TV DB import
Tue, 24 Dec 2019 12:04:38 - INFO - Connect to DB
Tue, 24 Dec 2019 12:04:38 - INFO - TRIZMA DB import
Tue, 24 Dec 2019 12:04:38 - INFO - 123TV DB import
Tue, 24 Dec 2019 12:10:50 - INFO - Connect to DB
Tue, 24 Dec 2019 12:10:50 - INFO - TRIZMA DB import
Tue, 24 Dec 2019 12:10:50 - INFO - Failed on TRIZMA DB import at: 2019-12-24_11-24-55, for following calling party: 493641350180, for agent id: trz_sstankovic, with error:(pyodbc.DataError) ('22001', '[22001] [Microsoft][ODBC Driver 17 for SQL Server][SQL Server]String or binary data would be truncated. (8152) (SQLExecDirectW)')
[SQL: insert into records values('CC2Servicenummer','Belgrad','Nicht übermittelt','trz_sstankovic',                                  '493641350180','','Nicht übermittelt','493641350180_Saturday, December 21, 2019_12:16:58 PM')]
(Background on this error at: http://sqlalche.me/e/9h9h)
Tue, 24 Dec 2019 12:10:50 - INFO - 123TV DB import
Tue, 24 Dec 2019 12:12:46 - INFO - Connect to DB
Tue, 24 Dec 2019 12:12:46 - INFO - TRIZMA DB import
Tue, 24 Dec 2019 12:12:46 - INFO - 123TV DB import
Tue, 24 Dec 2019 12:28:28 - INFO - Connect to DB
Tue, 24 Dec 2019 12:28:28 - INFO - TRIZMA DB import
Tue, 24 Dec 2019 12:28:28 - INFO - Failed on TRIZMA DB import at: 2019-12-24_11-24-55, for following calling party: 495829988845, for agent id: trz_sstankovic, with error:(pyodbc.DataError) ('22001', '[22001] [Microsoft][ODBC Driver 17 for SQL Server][SQL Server]String or binary data would be truncated. (8152) (SQLExecDirectW)')
[SQL: insert into records values('CC2Servicenummer','Belgrad','Nicht übermittelt','trz_sstankovic',                                  '495829988845','','Nicht übermittelt','495829988845_Saturday, December 21, 2019_4:53:13 PM')]
(Background on this error at: http://sqlalche.me/e/9h9h)
Tue, 24 Dec 2019 12:28:28 - INFO - 123TV DB import
Tue, 24 Dec 2019 12:29:49 - INFO - Connect to DB
Tue, 24 Dec 2019 12:29:49 - INFO - TRIZMA DB import
Tue, 24 Dec 2019 12:29:49 - INFO - Failed on TRIZMA DB import at: 2019-12-24_11-24-55, for following calling party: 4972291846658, for agent id: trz_sstankovic, with error:(pyodbc.DataError) ('22001', '[22001] [Microsoft][ODBC Driver 17 for SQL Server][SQL Server]String or binary data would be truncated. (8152) (SQLExecDirectW)')
[SQL: insert into records values('CC2Servicenummer','Belgrad','Nicht übermittelt','trz_sstankovic',                                  '4972291846658','','Nicht übermittelt','4972291846658_Saturday, December 21, 2019_5:42:38 PM')]
(Background on this error at: http://sqlalche.me/e/9h9h)
Tue, 24 Dec 2019 12:29:49 - INFO - 123TV DB import
Tue, 24 Dec 2019 12:31:21 - INFO - Connect to DB
Tue, 24 Dec 2019 12:31:21 - INFO - TRIZMA DB import
Tue, 24 Dec 2019 12:31:21 - INFO - 123TV DB import
Tue, 24 Dec 2019 12:31:50 - INFO - Connect to DB
Tue, 24 Dec 2019 12:31:50 - INFO - TRIZMA DB import
Tue, 24 Dec 2019 12:31:50 - INFO - Failed on TRIZMA DB import at: 2019-12-24_11-24-55, for following calling party: 491728494667, for agent id: trz_sstankovic, with error:(pyodbc.DataError) ('22001', '[22001] [Microsoft][ODBC Driver 17 for SQL Server][SQL Server]String or binary data would be truncated. (8152) (SQLExecDirectW)')
[SQL: insert into records values('CC2Servicenummer','Belgrad','Nicht übermittelt','trz_sstankovic',                                  '491728494667','','Nicht übermittelt','491728494667_Saturday, December 21, 2019_7:49:07 PM')]
(Background on this error at: http://sqlalche.me/e/9h9h)
Tue, 24 Dec 2019 12:31:50 - INFO - 123TV DB import
Tue, 24 Dec 2019 12:43:55 - INFO - Connect to DB
Tue, 24 Dec 2019 12:43:55 - INFO - TRIZMA DB import
Tue, 24 Dec 2019 12:43:56 - INFO - 123TV DB import
