Sun, 29 Dec 2019 07:49:03 - INFO - Connect to DB
Sun, 29 Dec 2019 07:49:03 - INFO - TRIZMA DB import
Sun, 29 Dec 2019 07:49:03 - INFO - Failed on TRIZMA DB import at: 2019-12-29_07-42-57, for following calling party: 493496552437, for agent id: trz_sstankovic, with error:(pyodbc.DataError) ('22001', '[22001] [Microsoft][ODBC Driver 17 for SQL Server][SQL Server]String or binary data would be truncated. (8152) (SQLExecDirectW)')
[SQL: insert into records values('CC2Servicenummer','Belgrad','Nicht übermittelt','trz_sstankovic',                                  '493496552437','','Nicht übermittelt','493496552437_Wednesday, December 11, 2019_6:50:57 PM')]
(Background on this error at: http://sqlalche.me/e/9h9h)
Sun, 29 Dec 2019 07:49:03 - INFO - 123TV DB import
Sun, 29 Dec 2019 07:50:13 - INFO - Connect to DB
Sun, 29 Dec 2019 07:50:13 - INFO - TRIZMA DB import
Sun, 29 Dec 2019 07:50:13 - INFO - Failed on TRIZMA DB import at: 2019-12-29_07-42-57, for following calling party: 4928319102206, for agent id: trz_sstankovic, with error:(pyodbc.DataError) ('22001', '[22001] [Microsoft][ODBC Driver 17 for SQL Server][SQL Server]String or binary data would be truncated. (8152) (SQLExecDirectW)')
[SQL: insert into records values('CC2Servicenummer','Belgrad','Nicht übermittelt','trz_sstankovic',                                  '4928319102206','','Nicht übermittelt','4928319102206_Wednesday, December 11, 2019_7:07:53 PM')]
(Background on this error at: http://sqlalche.me/e/9h9h)
Sun, 29 Dec 2019 07:50:13 - INFO - 123TV DB import
Sun, 29 Dec 2019 07:52:34 - INFO - Connect to DB
Sun, 29 Dec 2019 07:52:34 - INFO - TRIZMA DB import
Sun, 29 Dec 2019 07:52:34 - INFO - Failed on TRIZMA DB import at: 2019-12-29_07-42-57, for following calling party: 492166855349, for agent id: trz_sstankovic, with error:(pyodbc.DataError) ('22001', '[22001] [Microsoft][ODBC Driver 17 for SQL Server][SQL Server]String or binary data would be truncated. (8152) (SQLExecDirectW)')
[SQL: insert into records values('CC2Servicenummer','Belgrad','Nicht übermittelt','trz_sstankovic',                                  '492166855349','','Nicht übermittelt','492166855349_Thursday, December 19, 2019_11:55:14 AM')]
(Background on this error at: http://sqlalche.me/e/9h9h)
Sun, 29 Dec 2019 07:52:34 - INFO - 123TV DB import
Sun, 29 Dec 2019 07:53:25 - INFO - Connect to DB
Sun, 29 Dec 2019 07:53:25 - INFO - TRIZMA DB import
Sun, 29 Dec 2019 07:53:25 - INFO - Failed on TRIZMA DB import at: 2019-12-29_07-42-57, for following calling party: 493062200626, for agent id: trz_sstankovic, with error:(pyodbc.DataError) ('22001', '[22001] [Microsoft][ODBC Driver 17 for SQL Server][SQL Server]String or binary data would be truncated. (8152) (SQLExecDirectW)')
[SQL: insert into records values('CC2Servicenummer','Belgrad','Nicht übermittelt','trz_sstankovic',                                  '493062200626','','Nicht übermittelt','493062200626_Thursday, December 19, 2019_12:33:52 PM')]
(Background on this error at: http://sqlalche.me/e/9h9h)
Sun, 29 Dec 2019 07:53:25 - INFO - 123TV DB import
Sun, 29 Dec 2019 07:53:34 - INFO - Connect to DB
Sun, 29 Dec 2019 07:53:34 - INFO - TRIZMA DB import
Sun, 29 Dec 2019 07:53:34 - INFO - Failed on TRIZMA DB import at: 2019-12-29_07-42-57, for following calling party: 4964197191699, for agent id: trz_sstankovic, with error:(pyodbc.DataError) ('22001', '[22001] [Microsoft][ODBC Driver 17 for SQL Server][SQL Server]String or binary data would be truncated. (8152) (SQLExecDirectW)')
[SQL: insert into records values('CC2Servicenummer','Belgrad','Nicht übermittelt','trz_sstankovic',                                  '4964197191699','','Nicht übermittelt','4964197191699_Thursday, December 19, 2019_12:43:29 PM')]
(Background on this error at: http://sqlalche.me/e/9h9h)
Sun, 29 Dec 2019 07:53:34 - INFO - 123TV DB import
Sun, 29 Dec 2019 07:58:28 - INFO - Connect to DB
Sun, 29 Dec 2019 07:58:28 - INFO - TRIZMA DB import
Sun, 29 Dec 2019 07:58:28 - INFO - Failed on TRIZMA DB import at: 2019-12-29_07-42-57, for following calling party: 493469120044, for agent id: trz_sstankovic, with error:(pyodbc.DataError) ('22001', '[22001] [Microsoft][ODBC Driver 17 for SQL Server][SQL Server]String or binary data would be truncated. (8152) (SQLExecDirectW)')
[SQL: insert into records values('CC2Servicenummer','Belgrad','Nicht übermittelt','trz_sstankovic',                                  '493469120044','','Nicht übermittelt','493469120044_Thursday, December 19, 2019_4:14:05 PM')]
(Background on this error at: http://sqlalche.me/e/9h9h)
Sun, 29 Dec 2019 07:58:28 - INFO - 123TV DB import
Sun, 29 Dec 2019 07:59:58 - INFO - Connect to DB
Sun, 29 Dec 2019 07:59:58 - INFO - TRIZMA DB import
Sun, 29 Dec 2019 07:59:59 - INFO - 123TV DB import
Sun, 29 Dec 2019 08:00:24 - INFO - Connect to DB
Sun, 29 Dec 2019 08:00:24 - INFO - TRIZMA DB import
Sun, 29 Dec 2019 08:00:24 - INFO - Failed on TRIZMA DB import at: 2019-12-29_07-42-57, for following calling party: 491739853043, for agent id: trz_sstankovic, with error:(pyodbc.DataError) ('22001', '[22001] [Microsoft][ODBC Driver 17 for SQL Server][SQL Server]String or binary data would be truncated. (8152) (SQLExecDirectW)')
[SQL: insert into records values('CC2Servicenummer','Belgrad','Nicht übermittelt','trz_sstankovic',                                  '491739853043','','Nicht übermittelt','491739853043_Thursday, December 19, 2019_6:12:14 PM')]
(Background on this error at: http://sqlalche.me/e/9h9h)
Sun, 29 Dec 2019 08:00:24 - INFO - 123TV DB import
Sun, 29 Dec 2019 08:01:39 - INFO - Connect to DB
Sun, 29 Dec 2019 08:01:39 - INFO - TRIZMA DB import
Sun, 29 Dec 2019 08:01:39 - INFO - 123TV DB import
Sun, 29 Dec 2019 08:01:54 - INFO - Connect to DB
Sun, 29 Dec 2019 08:01:54 - INFO - TRIZMA DB import
Sun, 29 Dec 2019 08:01:54 - INFO - 123TV DB import
Sun, 29 Dec 2019 08:03:00 - INFO - Connect to DB
Sun, 29 Dec 2019 08:03:00 - INFO - TRIZMA DB import
Sun, 29 Dec 2019 08:03:00 - INFO - 123TV DB import
Sun, 29 Dec 2019 08:03:10 - INFO - Connect to DB
Sun, 29 Dec 2019 08:03:10 - INFO - TRIZMA DB import
Sun, 29 Dec 2019 08:03:10 - INFO - 123TV DB import
Sun, 29 Dec 2019 08:09:30 - INFO - Connect to DB
Sun, 29 Dec 2019 08:09:30 - INFO - TRIZMA DB import
Sun, 29 Dec 2019 08:09:30 - INFO - 123TV DB import
Sun, 29 Dec 2019 08:10:30 - INFO - Connect to DB
Sun, 29 Dec 2019 08:10:30 - INFO - TRIZMA DB import
Sun, 29 Dec 2019 08:10:30 - INFO - 123TV DB import
Sun, 29 Dec 2019 08:12:01 - INFO - Connect to DB
Sun, 29 Dec 2019 08:12:01 - INFO - TRIZMA DB import
Sun, 29 Dec 2019 08:12:01 - INFO - Failed on TRIZMA DB import at: 2019-12-29_07-42-57, for following calling party: 493916314629, for agent id: trz_sstankovic, with error:(pyodbc.DataError) ('22001', '[22001] [Microsoft][ODBC Driver 17 for SQL Server][SQL Server]String or binary data would be truncated. (8152) (SQLExecDirectW)')
[SQL: insert into records values('CC2Servicenummer','Belgrad','Nicht übermittelt','trz_sstankovic',                                  '493916314629','','Nicht übermittelt','493916314629_Saturday, December 21, 2019_1:36:14 PM')]
(Background on this error at: http://sqlalche.me/e/9h9h)
Sun, 29 Dec 2019 08:12:01 - INFO - 123TV DB import
