Thu, 19 Dec 2019 09:50:48 - INFO - Connect to DB
Thu, 19 Dec 2019 09:50:48 - INFO - TRIZMA DB import
Thu, 19 Dec 2019 09:50:48 - INFO - Failed on TRIZMA DB import at: 2019-12-19_08-42-27, for following calling party: 493496550256, for agent id: trz_sstankovic, with error:(pyodbc.DataError) ('22001', '[22001] [Microsoft][ODBC Driver 17 for SQL Server][SQL Server]String or binary data would be truncated. (8152) (SQLExecDirectW)')
[SQL: insert into records values('CC2Servicenummer','Belgrad','Nicht übermittelt','trz_sstankovic',                                  '493496550256','','Nicht übermittelt','493496550256_Thursday, December 19, 2019_10:50:40 AM')]
(Background on this error at: http://sqlalche.me/e/9h9h)
Thu, 19 Dec 2019 09:50:48 - INFO - 123TV DB import
Thu, 19 Dec 2019 09:57:43 - INFO - Connect to DB
Thu, 19 Dec 2019 09:57:43 - INFO - TRIZMA DB import
Thu, 19 Dec 2019 09:57:43 - INFO - Failed on TRIZMA DB import at: 2019-12-19_08-42-27, for following calling party: 491789055089, for agent id: trz_sstankovic, with error:(pyodbc.DataError) ('22001', '[22001] [Microsoft][ODBC Driver 17 for SQL Server][SQL Server]String or binary data would be truncated. (8152) (SQLExecDirectW)')
[SQL: insert into records values('CC2Servicenummer','Belgrad','Nicht übermittelt','trz_sstankovic',                                  '491789055089','','Nicht übermittelt','491789055089_Wednesday, December 11, 2019_6:34:45 PM')]
(Background on this error at: http://sqlalche.me/e/9h9h)
Thu, 19 Dec 2019 09:57:43 - INFO - 123TV DB import
Thu, 19 Dec 2019 09:59:10 - INFO - Connect to DB
Thu, 19 Dec 2019 09:59:10 - INFO - TRIZMA DB import
Thu, 19 Dec 2019 09:59:10 - INFO - Failed on TRIZMA DB import at: 2019-12-19_08-42-27, for following calling party: 4917641228885, for agent id: trz_sstankovic, with error:(pyodbc.DataError) ('22001', '[22001] [Microsoft][ODBC Driver 17 for SQL Server][SQL Server]String or binary data would be truncated. (8152) (SQLExecDirectW)')
[SQL: insert into records values('CC2Servicenummer','Belgrad','Nicht übermittelt','trz_sstankovic',                                  '4917641228885','','Nicht übermittelt','4917641228885_Wednesday, December 11, 2019_7:17:06 PM')]
(Background on this error at: http://sqlalche.me/e/9h9h)
Thu, 19 Dec 2019 09:59:10 - INFO - 123TV DB import
Thu, 19 Dec 2019 10:05:00 - INFO - Connect to DB
Thu, 19 Dec 2019 10:05:00 - INFO - TRIZMA DB import
Thu, 19 Dec 2019 10:05:00 - INFO - Failed on TRIZMA DB import at: 2019-12-19_08-42-27, for following calling party: 49220582674, for agent id: trz_sstankovic, with error:(pyodbc.DataError) ('22001', '[22001] [Microsoft][ODBC Driver 17 for SQL Server][SQL Server]String or binary data would be truncated. (8152) (SQLExecDirectW)')
[SQL: insert into records values('CC2Servicenummer','Belgrad','Nicht übermittelt','trz_sstankovic',                                  '49220582674','','Nicht übermittelt','49220582674_Thursday, December 19, 2019_11:04:59 AM')]
(Background on this error at: http://sqlalche.me/e/9h9h)
Thu, 19 Dec 2019 10:05:00 - INFO - 123TV DB import
