Tue, 31 Dec 2019 07:03:01 - INFO - Connect to DB
Tue, 31 Dec 2019 07:03:01 - INFO - TRIZMA DB import
Tue, 31 Dec 2019 07:03:01 - INFO - 123TV DB import
Tue, 31 Dec 2019 07:03:22 - INFO - Connect to DB
Tue, 31 Dec 2019 07:03:22 - INFO - TRIZMA DB import
Tue, 31 Dec 2019 07:03:22 - INFO - Failed on TRIZMA DB import at: 2019-12-31_07-02-35, for following calling party: 492431805934, for agent id: trz_madamovic, with error:(pyodbc.DataError) ('22001', '[22001] [Microsoft][ODBC Driver 17 for SQL Server][SQL Server]String or binary data would be truncated. (8152) (SQLExecDirectW)')
[SQL: insert into records values('CC2Servicenummer','Belgrad','Nicht übermittelt','trz_madamovic',                                  '492431805934','','Nicht übermittelt','492431805934_Thursday, December 26, 2019_12:37:05 PM')]
(Background on this error at: http://sqlalche.me/e/9h9h)
Tue, 31 Dec 2019 07:03:22 - INFO - 123TV DB import
Tue, 31 Dec 2019 07:04:19 - INFO - Connect to DB
Tue, 31 Dec 2019 07:04:19 - INFO - TRIZMA DB import
Tue, 31 Dec 2019 07:04:19 - INFO - 123TV DB import
Tue, 31 Dec 2019 07:05:10 - INFO - Connect to DB
Tue, 31 Dec 2019 07:05:10 - INFO - TRIZMA DB import
Tue, 31 Dec 2019 07:05:10 - INFO - 123TV DB import
Tue, 31 Dec 2019 07:05:16 - INFO - Connect to DB
Tue, 31 Dec 2019 07:05:16 - INFO - TRIZMA DB import
Tue, 31 Dec 2019 07:05:16 - INFO - 123TV DB import
Tue, 31 Dec 2019 07:09:31 - INFO - Connect to DB
Tue, 31 Dec 2019 07:09:31 - INFO - TRIZMA DB import
Tue, 31 Dec 2019 07:09:32 - INFO - 123TV DB import
Tue, 31 Dec 2019 07:10:38 - INFO - Connect to DB
Tue, 31 Dec 2019 07:10:38 - INFO - TRIZMA DB import
Tue, 31 Dec 2019 07:10:38 - INFO - 123TV DB import
Tue, 31 Dec 2019 07:12:33 - INFO - Connect to DB
Tue, 31 Dec 2019 07:12:33 - INFO - TRIZMA DB import
Tue, 31 Dec 2019 07:12:33 - INFO - 123TV DB import
Tue, 31 Dec 2019 07:12:48 - INFO - Connect to DB
Tue, 31 Dec 2019 07:12:48 - INFO - TRIZMA DB import
Tue, 31 Dec 2019 07:12:48 - INFO - 123TV DB import
Tue, 31 Dec 2019 07:12:54 - INFO - Connect to DB
Tue, 31 Dec 2019 07:12:54 - INFO - TRIZMA DB import
Tue, 31 Dec 2019 07:12:54 - INFO - 123TV DB import
Tue, 31 Dec 2019 07:18:56 - INFO - Connect to DB
Tue, 31 Dec 2019 07:18:56 - INFO - TRIZMA DB import
Tue, 31 Dec 2019 07:18:56 - INFO - 123TV DB import
Tue, 31 Dec 2019 07:19:51 - INFO - Connect to DB
Tue, 31 Dec 2019 07:19:51 - INFO - TRIZMA DB import
Tue, 31 Dec 2019 07:19:51 - INFO - 123TV DB import
Tue, 31 Dec 2019 07:19:57 - INFO - Connect to DB
Tue, 31 Dec 2019 07:19:57 - INFO - TRIZMA DB import
Tue, 31 Dec 2019 07:19:57 - INFO - 123TV DB import
Tue, 31 Dec 2019 07:20:54 - INFO - Connect to DB
Tue, 31 Dec 2019 07:20:54 - INFO - TRIZMA DB import
Tue, 31 Dec 2019 07:20:54 - INFO - 123TV DB import
Tue, 31 Dec 2019 07:24:14 - INFO - Connect to DB
Tue, 31 Dec 2019 07:24:14 - INFO - TRIZMA DB import
Tue, 31 Dec 2019 07:24:14 - INFO - 123TV DB import
Tue, 31 Dec 2019 07:24:20 - INFO - Connect to DB
Tue, 31 Dec 2019 07:24:20 - INFO - TRIZMA DB import
Tue, 31 Dec 2019 07:24:20 - INFO - 123TV DB import
Tue, 31 Dec 2019 07:25:14 - INFO - Connect to DB
Tue, 31 Dec 2019 07:25:14 - INFO - TRIZMA DB import
Tue, 31 Dec 2019 07:25:14 - INFO - 123TV DB import
Tue, 31 Dec 2019 07:25:39 - INFO - Connect to DB
Tue, 31 Dec 2019 07:25:39 - INFO - TRIZMA DB import
Tue, 31 Dec 2019 07:25:39 - INFO - 123TV DB import
Tue, 31 Dec 2019 07:26:31 - INFO - Connect to DB
Tue, 31 Dec 2019 07:26:31 - INFO - TRIZMA DB import
Tue, 31 Dec 2019 07:26:31 - INFO - 123TV DB import
Tue, 31 Dec 2019 07:27:44 - INFO - Connect to DB
Tue, 31 Dec 2019 07:27:44 - INFO - TRIZMA DB import
Tue, 31 Dec 2019 07:27:44 - INFO - 123TV DB import
Tue, 31 Dec 2019 07:33:57 - INFO - Connect to DB
Tue, 31 Dec 2019 07:33:57 - INFO - TRIZMA DB import
Tue, 31 Dec 2019 07:33:57 - INFO - 123TV DB import
Tue, 31 Dec 2019 07:34:03 - INFO - Connect to DB
Tue, 31 Dec 2019 07:34:03 - INFO - TRIZMA DB import
Tue, 31 Dec 2019 07:34:03 - INFO - 123TV DB import
Tue, 31 Dec 2019 07:34:52 - INFO - Connect to DB
Tue, 31 Dec 2019 07:34:52 - INFO - TRIZMA DB import
Tue, 31 Dec 2019 07:34:52 - INFO - 123TV DB import
Tue, 31 Dec 2019 07:35:51 - INFO - Connect to DB
Tue, 31 Dec 2019 07:35:51 - INFO - TRIZMA DB import
Tue, 31 Dec 2019 07:35:51 - INFO - 123TV DB import
Tue, 31 Dec 2019 07:36:12 - INFO - Connect to DB
Tue, 31 Dec 2019 07:36:12 - INFO - TRIZMA DB import
Tue, 31 Dec 2019 07:36:12 - INFO - 123TV DB import
Tue, 31 Dec 2019 07:37:04 - INFO - Connect to DB
Tue, 31 Dec 2019 07:37:04 - INFO - TRIZMA DB import
Tue, 31 Dec 2019 07:37:04 - INFO - 123TV DB import
Tue, 31 Dec 2019 07:37:14 - INFO - Connect to DB
Tue, 31 Dec 2019 07:37:14 - INFO - TRIZMA DB import
Tue, 31 Dec 2019 07:37:14 - INFO - 123TV DB import
Tue, 31 Dec 2019 07:39:17 - INFO - Connect to DB
Tue, 31 Dec 2019 07:39:17 - INFO - TRIZMA DB import
Tue, 31 Dec 2019 07:39:17 - INFO - 123TV DB import
Tue, 31 Dec 2019 07:40:30 - INFO - Connect to DB
Tue, 31 Dec 2019 07:40:30 - INFO - TRIZMA DB import
Tue, 31 Dec 2019 07:40:30 - INFO - 123TV DB import
Tue, 31 Dec 2019 07:40:36 - INFO - Connect to DB
Tue, 31 Dec 2019 07:40:36 - INFO - TRIZMA DB import
Tue, 31 Dec 2019 07:40:36 - INFO - 123TV DB import
Tue, 31 Dec 2019 07:41:17 - INFO - Connect to DB
Tue, 31 Dec 2019 07:41:17 - INFO - TRIZMA DB import
Tue, 31 Dec 2019 07:41:17 - INFO - 123TV DB import
Tue, 31 Dec 2019 07:41:23 - INFO - Connect to DB
Tue, 31 Dec 2019 07:41:23 - INFO - TRIZMA DB import
Tue, 31 Dec 2019 07:41:23 - INFO - 123TV DB import
Tue, 31 Dec 2019 07:48:29 - INFO - Connect to DB
Tue, 31 Dec 2019 07:48:29 - INFO - TRIZMA DB import
Tue, 31 Dec 2019 07:48:29 - INFO - 123TV DB import
