Mon, 30 Dec 2019 18:03:39 - INFO - Connect to DB
Mon, 30 Dec 2019 18:03:39 - INFO - TRIZMA DB import
Mon, 30 Dec 2019 18:03:39 - INFO - 123TV DB import
Mon, 30 Dec 2019 18:20:10 - INFO - Connect to DB
Mon, 30 Dec 2019 18:20:10 - INFO - TRIZMA DB import
Mon, 30 Dec 2019 18:20:10 - INFO - 123TV DB import
Tue, 31 Dec 2019 07:02:20 - INFO - Connect to DB
Tue, 31 Dec 2019 07:02:20 - INFO - TRIZMA DB import
Tue, 31 Dec 2019 07:02:20 - INFO - 123TV DB import
Tue, 31 Dec 2019 07:03:27 - INFO - Connect to DB
Tue, 31 Dec 2019 07:03:28 - INFO - TRIZMA DB import
Tue, 31 Dec 2019 07:03:28 - INFO - Failed on TRIZMA DB import at: 2019-12-30_17-47-36, for following calling party: 493658002547, for agent id: trz_madamovic, with error:(pyodbc.DataError) ('22001', '[22001] [Microsoft][ODBC Driver 17 for SQL Server][SQL Server]String or binary data would be truncated. (8152) (SQLExecDirectW)')
[SQL: insert into records values('CC2Servicenummer','Belgrad','Nicht übermittelt','trz_madamovic',                                  '493658002547','','Nicht übermittelt','493658002547_Thursday, December 26, 2019_2:26:10 PM')]
(Background on this error at: http://sqlalche.me/e/9h9h)
Tue, 31 Dec 2019 07:03:28 - INFO - 123TV DB import
Tue, 31 Dec 2019 07:04:31 - INFO - Connect to DB
Tue, 31 Dec 2019 07:04:31 - INFO - TRIZMA DB import
Tue, 31 Dec 2019 07:04:31 - INFO - 123TV DB import
Tue, 31 Dec 2019 07:04:59 - INFO - Connect to DB
Tue, 31 Dec 2019 07:04:59 - INFO - TRIZMA DB import
Tue, 31 Dec 2019 07:04:59 - INFO - 123TV DB import
Tue, 31 Dec 2019 07:07:10 - INFO - Connect to DB
Tue, 31 Dec 2019 07:07:10 - INFO - TRIZMA DB import
Tue, 31 Dec 2019 07:07:10 - INFO - 123TV DB import
