Sat, 21 Dec 2019 14:39:05 - INFO - Connect to DB
Sat, 21 Dec 2019 14:39:05 - INFO - TRIZMA DB import
Sat, 21 Dec 2019 14:39:05 - INFO - Failed on TRIZMA DB import at: 2019-12-21_14-34-20, for following calling party: 493514940920, for agent id: trz_ppetkovic, with error:(pyodbc.DataError) ('22001', '[22001] [Microsoft][ODBC Driver 17 for SQL Server][SQL Server]String or binary data would be truncated. (8152) (SQLExecDirectW)')
[SQL: insert into records values('CC2Servicenummer','Belgrad','Nicht übermittelt','trz_ppetkovic',                                  '493514940920','','Nicht übermittelt','493514940920_Saturday, December 21, 2019_3:38:59 PM')]
(Background on this error at: http://sqlalche.me/e/9h9h)
Sat, 21 Dec 2019 14:39:05 - INFO - 123TV DB import
Sat, 21 Dec 2019 14:41:07 - INFO - Connect to DB
Sat, 21 Dec 2019 14:41:07 - INFO - TRIZMA DB import
Sat, 21 Dec 2019 14:41:07 - INFO - Failed on TRIZMA DB import at: 2019-12-21_14-34-20, for following calling party: 491786229815, for agent id: trz_sstankovic, with error:(pyodbc.DataError) ('22001', '[22001] [Microsoft][ODBC Driver 17 for SQL Server][SQL Server]String or binary data would be truncated. (8152) (SQLExecDirectW)')
[SQL: insert into records values('CC2Servicenummer','Belgrad','Nicht übermittelt','trz_sstankovic',                                  '491786229815','','Nicht übermittelt','491786229815_Saturday, December 21, 2019_3:41:05 PM')]
(Background on this error at: http://sqlalche.me/e/9h9h)
Sat, 21 Dec 2019 14:41:07 - INFO - 123TV DB import
Sat, 21 Dec 2019 14:47:01 - INFO - Connect to DB
Sat, 21 Dec 2019 14:47:01 - INFO - TRIZMA DB import
Sat, 21 Dec 2019 14:47:01 - INFO - 123TV DB import
Sat, 21 Dec 2019 15:00:28 - INFO - Connect to DB
Sat, 21 Dec 2019 15:00:28 - INFO - TRIZMA DB import
Sat, 21 Dec 2019 15:00:29 - INFO - 123TV DB import
Sat, 21 Dec 2019 15:22:29 - INFO - Connect to DB
Sat, 21 Dec 2019 15:22:29 - INFO - TRIZMA DB import
Sat, 21 Dec 2019 15:22:29 - INFO - Failed on TRIZMA DB import at: 2019-12-21_14-34-20, for following calling party: 4923243445495, for agent id: trz_sstankovic, with error:(pyodbc.DataError) ('22001', '[22001] [Microsoft][ODBC Driver 17 for SQL Server][SQL Server]String or binary data would be truncated. (8152) (SQLExecDirectW)')
[SQL: insert into records values('CC2Servicenummer','Belgrad','Nicht übermittelt','trz_sstankovic',                                  '4923243445495','','Nicht übermittelt','4923243445495_Saturday, December 21, 2019_4:22:28 PM')]
(Background on this error at: http://sqlalche.me/e/9h9h)
Sat, 21 Dec 2019 15:22:29 - INFO - 123TV DB import
Sat, 21 Dec 2019 15:23:46 - INFO - Connect to DB
Sat, 21 Dec 2019 15:23:46 - INFO - TRIZMA DB import
Sat, 21 Dec 2019 15:23:46 - INFO - Failed on TRIZMA DB import at: 2019-12-21_14-34-20, for following calling party: 491773002828, for agent id: trz_tjurjevic, with error:(pyodbc.DataError) ('22001', '[22001] [Microsoft][ODBC Driver 17 for SQL Server][SQL Server]String or binary data would be truncated. (8152) (SQLExecDirectW)')
[SQL: insert into records values('CC2Servicenummer','Belgrad','Nicht übermittelt','trz_tjurjevic',                                  '491773002828','','Nicht übermittelt','491773002828_Saturday, December 21, 2019_4:23:43 PM')]
(Background on this error at: http://sqlalche.me/e/9h9h)
Sat, 21 Dec 2019 15:23:46 - INFO - 123TV DB import
Sat, 21 Dec 2019 15:29:04 - INFO - Connect to DB
Sat, 21 Dec 2019 15:29:04 - INFO - TRIZMA DB import
Sat, 21 Dec 2019 15:29:04 - INFO - 123TV DB import
