Mon, 06 Jan 2020 08:40:48 - INFO - Connect to DB
Mon, 06 Jan 2020 08:40:49 - INFO - TRIZMA DB import
Mon, 06 Jan 2020 08:40:49 - INFO - Failed on TRIZMA DB import at: 2020-01-06_08-39-19, for following calling party: 496131385252, for agent id: trz_sstankovic, with error:(pyodbc.DataError) ('22001', '[22001] [Microsoft][ODBC Driver 17 for SQL Server][SQL Server]String or binary data would be truncated. (8152) (SQLExecDirectW)')
[SQL: insert into records values('CC2Servicenummer','Belgrad','Nicht übermittelt','trz_sstankovic',                                  '496131385252','','Nicht übermittelt','496131385252_Saturday, January 04, 2020_12:42:34 PM')]
(Background on this error at: http://sqlalche.me/e/9h9h)
Mon, 06 Jan 2020 08:40:49 - INFO - 123TV DB import
Mon, 06 Jan 2020 08:42:17 - INFO - Connect to DB
Mon, 06 Jan 2020 08:42:17 - INFO - TRIZMA DB import
Mon, 06 Jan 2020 08:42:17 - INFO - 123TV DB import
Mon, 06 Jan 2020 08:43:35 - INFO - Connect to DB
Mon, 06 Jan 2020 08:43:35 - INFO - TRIZMA DB import
Mon, 06 Jan 2020 08:43:35 - INFO - 123TV DB import
Mon, 06 Jan 2020 08:45:14 - INFO - Connect to DB
Mon, 06 Jan 2020 08:45:14 - ERROR - Exception on /records [GET]
Traceback (most recent call last):
  File "/home/python_project/hello.py", line 80, in get
    int(agent),
ValueError: invalid literal for int() with base 10: ''

During handling of the above exception, another exception occurred:

Traceback (most recent call last):
  File "/usr/local/lib/python3.6/dist-packages/flask/app.py", line 1949, in full_dispatch_request
    rv = self.dispatch_request()
  File "/usr/local/lib/python3.6/dist-packages/flask/app.py", line 1935, in dispatch_request
    return self.view_functions[rule.endpoint](**req.view_args)
  File "/usr/local/lib/python3.6/dist-packages/flask_restful/__init__.py", line 458, in wrapper
    resp = resource(*args, **kwargs)
  File "/usr/local/lib/python3.6/dist-packages/flask/views.py", line 89, in view
    return self.dispatch_request(*args, **kwargs)
  File "/usr/local/lib/python3.6/dist-packages/flask_restful/__init__.py", line 573, in dispatch_request
    resp = meth(*args, **kwargs)
  File "/home/python_project/hello.py", line 90, in get
    + str(e))
UnboundLocalError: local variable 'agentUsername' referenced before assignment
Mon, 06 Jan 2020 08:45:54 - INFO - Connect to DB
Mon, 06 Jan 2020 08:45:54 - INFO - TRIZMA DB import
Mon, 06 Jan 2020 08:45:54 - INFO - 123TV DB import
Mon, 06 Jan 2020 08:47:36 - INFO - Connect to DB
Mon, 06 Jan 2020 08:47:36 - INFO - TRIZMA DB import
Mon, 06 Jan 2020 08:47:36 - INFO - 123TV DB import
