Wed, 25 Dec 2019 10:36:51 - INFO - Connect to DB
Wed, 25 Dec 2019 10:36:52 - INFO - TRIZMA DB import
Wed, 25 Dec 2019 10:36:52 - INFO - Failed on TRIZMA DB import at: 2019-12-25_07-42-33, for following calling party: 491789055089, for agent id: trz_sstankovic, with error:(pyodbc.DataError) ('22001', '[22001] [Microsoft][ODBC Driver 17 for SQL Server][SQL Server]String or binary data would be truncated. (8152) (SQLExecDirectW)')
[SQL: insert into records values('CC2Servicenummer','Belgrad','Nicht übermittelt','trz_sstankovic',                                  '491789055089','','Nicht übermittelt','491789055089_Wednesday, December 11, 2019_6:34:45 PM')]
(Background on this error at: http://sqlalche.me/e/9h9h)
Wed, 25 Dec 2019 10:36:52 - INFO - 123TV DB import
Wed, 25 Dec 2019 10:42:20 - INFO - Connect to DB
Wed, 25 Dec 2019 10:42:20 - INFO - TRIZMA DB import
Wed, 25 Dec 2019 10:42:20 - INFO - Failed on TRIZMA DB import at: 2019-12-25_07-42-33, for following calling party: 49934237260, for agent id: trz_sstankovic, with error:(pyodbc.DataError) ('22001', '[22001] [Microsoft][ODBC Driver 17 for SQL Server][SQL Server]String or binary data would be truncated. (8152) (SQLExecDirectW)')
[SQL: insert into records values('CC2Servicenummer','Belgrad','Nicht übermittelt','trz_sstankovic',                                  '49934237260','','Nicht übermittelt','49934237260_Wednesday, December 11, 2019_7:05:54 PM')]
(Background on this error at: http://sqlalche.me/e/9h9h)
Wed, 25 Dec 2019 10:42:20 - INFO - 123TV DB import
Wed, 25 Dec 2019 10:52:31 - INFO - Connect to DB
Wed, 25 Dec 2019 10:52:31 - INFO - TRIZMA DB import
Wed, 25 Dec 2019 10:52:31 - INFO - Failed on TRIZMA DB import at: 2019-12-25_07-42-33, for following calling party: 4917641228885, for agent id: trz_sstankovic, with error:(pyodbc.DataError) ('22001', '[22001] [Microsoft][ODBC Driver 17 for SQL Server][SQL Server]String or binary data would be truncated. (8152) (SQLExecDirectW)')
[SQL: insert into records values('CC2Servicenummer','Belgrad','Nicht übermittelt','trz_sstankovic',                                  '4917641228885','','Nicht übermittelt','4917641228885_Wednesday, December 11, 2019_7:17:06 PM')]
(Background on this error at: http://sqlalche.me/e/9h9h)
Wed, 25 Dec 2019 10:52:31 - INFO - 123TV DB import
Wed, 25 Dec 2019 11:02:42 - INFO - Connect to DB
Wed, 25 Dec 2019 11:02:42 - INFO - TRIZMA DB import
Wed, 25 Dec 2019 11:02:43 - INFO - Failed on TRIZMA DB import at: 2019-12-25_07-42-33, for following calling party: 4917624669438, for agent id: trz_sstankovic, with error:(pyodbc.DataError) ('22001', '[22001] [Microsoft][ODBC Driver 17 for SQL Server][SQL Server]String or binary data would be truncated. (8152) (SQLExecDirectW)')
[SQL: insert into records values('CC2Servicenummer','Belgrad','Nicht übermittelt','trz_sstankovic',                                  '4917624669438','','Nicht übermittelt','4917624669438_Wednesday, December 11, 2019_7:51:29 PM')]
(Background on this error at: http://sqlalche.me/e/9h9h)
Wed, 25 Dec 2019 11:02:43 - INFO - 123TV DB import
Wed, 25 Dec 2019 11:12:54 - INFO - Connect to DB
Wed, 25 Dec 2019 11:12:54 - INFO - TRIZMA DB import
Wed, 25 Dec 2019 11:12:54 - INFO - Failed on TRIZMA DB import at: 2019-12-25_07-42-33, for following calling party: 4915112488545, for agent id: trz_sstankovic, with error:(pyodbc.DataError) ('22001', '[22001] [Microsoft][ODBC Driver 17 for SQL Server][SQL Server]String or binary data would be truncated. (8152) (SQLExecDirectW)')
[SQL: insert into records values('CC2Servicenummer','Belgrad','Nicht übermittelt','trz_sstankovic',                                  '4915112488545','','Nicht übermittelt','4915112488545_Thursday, December 19, 2019_10:59:50 AM')]
(Background on this error at: http://sqlalche.me/e/9h9h)
Wed, 25 Dec 2019 11:12:54 - INFO - 123TV DB import
Wed, 25 Dec 2019 11:38:37 - INFO - Connect to DB
Wed, 25 Dec 2019 11:38:37 - INFO - TRIZMA DB import
Wed, 25 Dec 2019 11:38:37 - INFO - Failed on TRIZMA DB import at: 2019-12-25_07-42-33, for following calling party: 492166855349, for agent id: trz_sstankovic, with error:(pyodbc.DataError) ('22001', '[22001] [Microsoft][ODBC Driver 17 for SQL Server][SQL Server]String or binary data would be truncated. (8152) (SQLExecDirectW)')
[SQL: insert into records values('CC2Servicenummer','Belgrad','Nicht übermittelt','trz_sstankovic',                                  '492166855349','','Nicht übermittelt','492166855349_Thursday, December 19, 2019_11:55:14 AM')]
(Background on this error at: http://sqlalche.me/e/9h9h)
Wed, 25 Dec 2019 11:38:37 - INFO - 123TV DB import
Wed, 25 Dec 2019 11:50:24 - INFO - Connect to DB
Wed, 25 Dec 2019 11:50:24 - INFO - TRIZMA DB import
Wed, 25 Dec 2019 11:50:24 - INFO - 123TV DB import
Wed, 25 Dec 2019 11:50:30 - INFO - Connect to DB
Wed, 25 Dec 2019 11:50:30 - INFO - TRIZMA DB import
Wed, 25 Dec 2019 11:50:30 - INFO - 123TV DB import
Wed, 25 Dec 2019 11:51:00 - INFO - Connect to DB
Wed, 25 Dec 2019 11:51:00 - INFO - TRIZMA DB import
Wed, 25 Dec 2019 11:51:00 - INFO - 123TV DB import
Wed, 25 Dec 2019 11:52:20 - INFO - Connect to DB
Wed, 25 Dec 2019 11:52:20 - INFO - TRIZMA DB import
Wed, 25 Dec 2019 11:52:20 - INFO - Failed on TRIZMA DB import at: 2019-12-25_07-42-33, for following calling party: 493469120044, for agent id: trz_sstankovic, with error:(pyodbc.DataError) ('22001', '[22001] [Microsoft][ODBC Driver 17 for SQL Server][SQL Server]String or binary data would be truncated. (8152) (SQLExecDirectW)')
[SQL: insert into records values('CC2Servicenummer','Belgrad','Nicht übermittelt','trz_sstankovic',                                  '493469120044','','Nicht übermittelt','493469120044_Thursday, December 19, 2019_4:14:05 PM')]
(Background on this error at: http://sqlalche.me/e/9h9h)
Wed, 25 Dec 2019 11:52:20 - INFO - 123TV DB import
Wed, 25 Dec 2019 11:54:39 - INFO - Connect to DB
Wed, 25 Dec 2019 11:54:39 - INFO - TRIZMA DB import
Wed, 25 Dec 2019 11:54:39 - INFO - Failed on TRIZMA DB import at: 2019-12-25_07-42-33, for following calling party: 493746389309, for agent id: trz_sstankovic, with error:(pyodbc.DataError) ('22001', '[22001] [Microsoft][ODBC Driver 17 for SQL Server][SQL Server]String or binary data would be truncated. (8152) (SQLExecDirectW)')
[SQL: insert into records values('CC2Servicenummer','Belgrad','Nicht übermittelt','trz_sstankovic',                                  '493746389309','','Nicht übermittelt','493746389309_Thursday, December 19, 2019_6:52:07 PM')]
(Background on this error at: http://sqlalche.me/e/9h9h)
Wed, 25 Dec 2019 11:54:39 - INFO - 123TV DB import
Wed, 25 Dec 2019 11:55:22 - INFO - Connect to DB
Wed, 25 Dec 2019 11:55:22 - INFO - TRIZMA DB import
Wed, 25 Dec 2019 11:55:22 - INFO - 123TV DB import
Wed, 25 Dec 2019 11:56:33 - INFO - Connect to DB
Wed, 25 Dec 2019 11:56:33 - INFO - TRIZMA DB import
Wed, 25 Dec 2019 11:56:33 - INFO - 123TV DB import
Wed, 25 Dec 2019 12:00:34 - INFO - Connect to DB
Wed, 25 Dec 2019 12:00:34 - INFO - TRIZMA DB import
Wed, 25 Dec 2019 12:00:34 - INFO - 123TV DB import
Wed, 25 Dec 2019 12:18:07 - INFO - Connect to DB
Wed, 25 Dec 2019 12:18:07 - INFO - TRIZMA DB import
Wed, 25 Dec 2019 12:18:07 - INFO - 123TV DB import
Wed, 25 Dec 2019 12:20:13 - INFO - Connect to DB
Wed, 25 Dec 2019 12:20:13 - INFO - TRIZMA DB import
Wed, 25 Dec 2019 12:20:13 - INFO - 123TV DB import
Wed, 25 Dec 2019 12:25:56 - INFO - Connect to DB
Wed, 25 Dec 2019 12:25:56 - INFO - TRIZMA DB import
Wed, 25 Dec 2019 12:25:57 - INFO - Failed on TRIZMA DB import at: 2019-12-25_07-42-33, for following calling party: 493033951452, for agent id: trz_sstankovic, with error:(pyodbc.DataError) ('22001', '[22001] [Microsoft][ODBC Driver 17 for SQL Server][SQL Server]String or binary data would be truncated. (8152) (SQLExecDirectW)')
[SQL: insert into records values('CC2Servicenummer','Belgrad','Nicht übermittelt','trz_sstankovic',                                  '493033951452','','Nicht übermittelt','493033951452_Saturday, December 21, 2019_1:57:46 PM')]
(Background on this error at: http://sqlalche.me/e/9h9h)
Wed, 25 Dec 2019 12:25:57 - INFO - 123TV DB import
Wed, 25 Dec 2019 12:26:02 - INFO - Connect to DB
Wed, 25 Dec 2019 12:26:02 - INFO - TRIZMA DB import
Wed, 25 Dec 2019 12:26:02 - INFO - 123TV DB import
Wed, 25 Dec 2019 12:26:08 - INFO - Connect to DB
Wed, 25 Dec 2019 12:26:08 - INFO - TRIZMA DB import
Wed, 25 Dec 2019 12:26:08 - INFO - Failed on TRIZMA DB import at: 2019-12-25_07-42-33, for following calling party: 497531695793, for agent id: trz_sstankovic, with error:(pyodbc.DataError) ('22001', '[22001] [Microsoft][ODBC Driver 17 for SQL Server][SQL Server]String or binary data would be truncated. (8152) (SQLExecDirectW)')
[SQL: insert into records values('CC2Servicenummer','Belgrad','Nicht übermittelt','trz_sstankovic',                                  '497531695793','','Nicht übermittelt','497531695793_Saturday, December 21, 2019_2:31:30 PM')]
(Background on this error at: http://sqlalche.me/e/9h9h)
Wed, 25 Dec 2019 12:26:08 - INFO - 123TV DB import
Wed, 25 Dec 2019 12:26:13 - INFO - Connect to DB
Wed, 25 Dec 2019 12:26:13 - INFO - TRIZMA DB import
Wed, 25 Dec 2019 12:26:13 - INFO - Failed on TRIZMA DB import at: 2019-12-25_07-42-33, for following calling party: 4955425039533, for agent id: trz_sstankovic, with error:(pyodbc.DataError) ('22001', '[22001] [Microsoft][ODBC Driver 17 for SQL Server][SQL Server]String or binary data would be truncated. (8152) (SQLExecDirectW)')
[SQL: insert into records values('CC2Servicenummer','Belgrad','Nicht übermittelt','trz_sstankovic',                                  '4955425039533','','Nicht übermittelt','4955425039533_Saturday, December 21, 2019_3:23:50 PM')]
(Background on this error at: http://sqlalche.me/e/9h9h)
Wed, 25 Dec 2019 12:26:13 - INFO - 123TV DB import
Wed, 25 Dec 2019 12:26:19 - INFO - Connect to DB
Wed, 25 Dec 2019 12:26:19 - INFO - TRIZMA DB import
Wed, 25 Dec 2019 12:26:19 - INFO - Failed on TRIZMA DB import at: 2019-12-25_07-42-33, for following calling party: 4944217495722, for agent id: trz_sstankovic, with error:(pyodbc.DataError) ('22001', '[22001] [Microsoft][ODBC Driver 17 for SQL Server][SQL Server]String or binary data would be truncated. (8152) (SQLExecDirectW)')
[SQL: insert into records values('CC2Servicenummer','Belgrad','Nicht übermittelt','trz_sstankovic',                                  '4944217495722','','Nicht übermittelt','4944217495722_Saturday, December 21, 2019_3:33:59 PM')]
(Background on this error at: http://sqlalche.me/e/9h9h)
Wed, 25 Dec 2019 12:26:19 - INFO - 123TV DB import
Wed, 25 Dec 2019 12:26:47 - INFO - Connect to DB
Wed, 25 Dec 2019 12:26:47 - INFO - TRIZMA DB import
Wed, 25 Dec 2019 12:26:47 - INFO - 123TV DB import
Wed, 25 Dec 2019 12:27:32 - INFO - Connect to DB
Wed, 25 Dec 2019 12:27:32 - INFO - TRIZMA DB import
Wed, 25 Dec 2019 12:27:32 - INFO - 123TV DB import
Wed, 25 Dec 2019 12:37:14 - INFO - Connect to DB
Wed, 25 Dec 2019 12:37:14 - INFO - TRIZMA DB import
Wed, 25 Dec 2019 12:37:14 - INFO - Failed on TRIZMA DB import at: 2019-12-25_07-42-33, for following calling party: 4922619154640, for agent id: trz_sstankovic, with error:(pyodbc.DataError) ('22001', '[22001] [Microsoft][ODBC Driver 17 for SQL Server][SQL Server]String or binary data would be truncated. (8152) (SQLExecDirectW)')
[SQL: insert into records values('CC2Servicenummer','Belgrad','Nicht übermittelt','trz_sstankovic',                                  '4922619154640','','Nicht übermittelt','4922619154640_Tuesday, December 24, 2019_12:33:24 PM')]
(Background on this error at: http://sqlalche.me/e/9h9h)
Wed, 25 Dec 2019 12:37:14 - INFO - 123TV DB import
Wed, 25 Dec 2019 15:05:10 - INFO - Connect to DB
Wed, 25 Dec 2019 15:05:10 - INFO - TRIZMA DB import
Wed, 25 Dec 2019 15:05:10 - INFO - 123TV DB import
