Wed, 08 Jan 2020 17:26:38 - INFO - Connect to DB
Wed, 08 Jan 2020 17:26:39 - INFO - TRIZMA DB import
Wed, 08 Jan 2020 17:26:39 - INFO - 123TV DB import
Wed, 08 Jan 2020 17:28:02 - INFO - Connect to DB
Wed, 08 Jan 2020 17:28:02 - INFO - TRIZMA DB import
Wed, 08 Jan 2020 17:28:02 - INFO - Failed on TRIZMA DB import at: 2020-01-08_17-18-43, for following calling party: 4955140147192, for agent id: trz_mglisic, with error:(pyodbc.DataError) ('22001', '[22001] [Microsoft][ODBC Driver 17 for SQL Server][SQL Server]String or binary data would be truncated. (8152) (SQLExecDirectW)')
[SQL: insert into records values('CC2Servicenummer','Belgrad','Nicht übermittelt','trz_mglisic',                                  '4955140147192','','Nicht übermittelt','4955140147192_Wednesday, January 8, 2020_6:28:00 PM')]
(Background on this error at: http://sqlalche.me/e/9h9h)
Wed, 08 Jan 2020 17:28:02 - INFO - 123TV DB import
Wed, 08 Jan 2020 17:39:10 - INFO - Connect to DB
Wed, 08 Jan 2020 17:39:10 - INFO - TRIZMA DB import
Wed, 08 Jan 2020 17:39:10 - INFO - Failed on TRIZMA DB import at: 2020-01-08_17-18-43, for following calling party: 493091423777, for agent id: trz_tjurjevic, with error:(pyodbc.DataError) ('22001', '[22001] [Microsoft][ODBC Driver 17 for SQL Server][SQL Server]String or binary data would be truncated. (8152) (SQLExecDirectW)')
[SQL: insert into records values('CC2Servicenummer','Belgrad','Nicht übermittelt','trz_tjurjevic',                                  '493091423777','','Nicht übermittelt','493091423777_Wednesday, January 08, 2020_6:39:04 PM')]
(Background on this error at: http://sqlalche.me/e/9h9h)
Wed, 08 Jan 2020 17:39:10 - INFO - 123TV DB import
Wed, 08 Jan 2020 17:44:54 - INFO - Connect to DB
Wed, 08 Jan 2020 17:44:54 - INFO - TRIZMA DB import
Wed, 08 Jan 2020 17:44:54 - INFO - Failed on TRIZMA DB import at: 2020-01-08_17-18-43, for following calling party: 4917657736965, for agent id: trz_bmaksimovic, with error:(pyodbc.DataError) ('22001', '[22001] [Microsoft][ODBC Driver 17 for SQL Server][SQL Server]String or binary data would be truncated. (8152) (SQLExecDirectW)')
[SQL: insert into records values('CC2Servicenummer','Belgrad','Nicht übermittelt','trz_bmaksimovic',                                  '4917657736965','','Nicht übermittelt','4917657736965_Wednesday, January 8, 2020_6:44:51 PM')]
(Background on this error at: http://sqlalche.me/e/9h9h)
Wed, 08 Jan 2020 17:44:54 - INFO - 123TV DB import
