Wed, 25 Dec 2019 12:00:50 - INFO - Connect to DB
Wed, 25 Dec 2019 12:00:50 - INFO - TRIZMA DB import
Wed, 25 Dec 2019 12:00:50 - INFO - 123TV DB import
Wed, 25 Dec 2019 12:01:00 - INFO - Connect to DB
Wed, 25 Dec 2019 12:01:00 - INFO - TRIZMA DB import
Wed, 25 Dec 2019 12:01:00 - INFO - 123TV DB import
Wed, 25 Dec 2019 12:07:00 - INFO - Connect to DB
Wed, 25 Dec 2019 12:07:00 - INFO - TRIZMA DB import
Wed, 25 Dec 2019 12:07:00 - INFO - 123TV DB import
Wed, 25 Dec 2019 12:17:52 - INFO - Connect to DB
Wed, 25 Dec 2019 12:17:52 - INFO - TRIZMA DB import
Wed, 25 Dec 2019 12:17:52 - INFO - 123TV DB import
Wed, 25 Dec 2019 12:18:32 - INFO - Connect to DB
Wed, 25 Dec 2019 12:18:32 - INFO - TRIZMA DB import
Wed, 25 Dec 2019 12:18:32 - INFO - 123TV DB import
Wed, 25 Dec 2019 12:18:47 - INFO - Connect to DB
Wed, 25 Dec 2019 12:18:47 - INFO - TRIZMA DB import
Wed, 25 Dec 2019 12:18:47 - INFO - 123TV DB import
Wed, 25 Dec 2019 12:20:03 - INFO - Connect to DB
Wed, 25 Dec 2019 12:20:03 - INFO - TRIZMA DB import
Wed, 25 Dec 2019 12:20:03 - INFO - 123TV DB import
Wed, 25 Dec 2019 12:25:29 - INFO - Connect to DB
Wed, 25 Dec 2019 12:25:30 - INFO - TRIZMA DB import
Wed, 25 Dec 2019 12:25:30 - INFO - Failed on TRIZMA DB import at: 2019-12-25_11-55-16, for following calling party: 493641350180, for agent id: trz_sstankovic, with error:(pyodbc.DataError) ('22001', '[22001] [Microsoft][ODBC Driver 17 for SQL Server][SQL Server]String or binary data would be truncated. (8152) (SQLExecDirectW)')
[SQL: insert into records values('CC2Servicenummer','Belgrad','Nicht übermittelt','trz_sstankovic',                                  '493641350180','','Nicht übermittelt','493641350180_Saturday, December 21, 2019_12:16:58 PM')]
(Background on this error at: http://sqlalche.me/e/9h9h)
Wed, 25 Dec 2019 12:25:30 - INFO - 123TV DB import
Wed, 25 Dec 2019 12:25:51 - INFO - Connect to DB
Wed, 25 Dec 2019 12:25:51 - INFO - TRIZMA DB import
Wed, 25 Dec 2019 12:25:51 - INFO - Failed on TRIZMA DB import at: 2019-12-25_11-55-16, for following calling party: 493916314629, for agent id: trz_sstankovic, with error:(pyodbc.DataError) ('22001', '[22001] [Microsoft][ODBC Driver 17 for SQL Server][SQL Server]String or binary data would be truncated. (8152) (SQLExecDirectW)')
[SQL: insert into records values('CC2Servicenummer','Belgrad','Nicht übermittelt','trz_sstankovic',                                  '493916314629','','Nicht übermittelt','493916314629_Saturday, December 21, 2019_1:36:14 PM')]
(Background on this error at: http://sqlalche.me/e/9h9h)
Wed, 25 Dec 2019 12:25:51 - INFO - 123TV DB import
Wed, 25 Dec 2019 12:26:30 - INFO - Connect to DB
Wed, 25 Dec 2019 12:26:30 - INFO - TRIZMA DB import
Wed, 25 Dec 2019 12:26:30 - INFO - Failed on TRIZMA DB import at: 2019-12-25_11-55-16, for following calling party: 4915227399439, for agent id: trz_sstankovic, with error:(pyodbc.DataError) ('22001', '[22001] [Microsoft][ODBC Driver 17 for SQL Server][SQL Server]String or binary data would be truncated. (8152) (SQLExecDirectW)')
[SQL: insert into records values('CC2Servicenummer','Belgrad','Nicht übermittelt','trz_sstankovic',                                  '4915227399439','','Nicht übermittelt','4915227399439_Saturday, December 21, 2019_4:13:51 PM')]
(Background on this error at: http://sqlalche.me/e/9h9h)
Wed, 25 Dec 2019 12:26:30 - INFO - 123TV DB import
Wed, 25 Dec 2019 12:26:58 - INFO - Connect to DB
Wed, 25 Dec 2019 12:26:58 - INFO - TRIZMA DB import
Wed, 25 Dec 2019 12:26:58 - INFO - 123TV DB import
Wed, 25 Dec 2019 12:27:43 - INFO - Connect to DB
Wed, 25 Dec 2019 12:27:43 - INFO - TRIZMA DB import
Wed, 25 Dec 2019 12:27:43 - INFO - Failed on TRIZMA DB import at: 2019-12-25_11-55-16, for following calling party: 4915254937205, for agent id: trz_sstankovic, with error:(pyodbc.DataError) ('22001', '[22001] [Microsoft][ODBC Driver 17 for SQL Server][SQL Server]String or binary data would be truncated. (8152) (SQLExecDirectW)')
[SQL: insert into records values('CC2Servicenummer','Belgrad','Nicht übermittelt','trz_sstankovic',                                  '4915254937205','','Nicht übermittelt','4915254937205_Saturday, December 21, 2019_6:14:03 PM')]
(Background on this error at: http://sqlalche.me/e/9h9h)
Wed, 25 Dec 2019 12:27:43 - INFO - 123TV DB import
Wed, 25 Dec 2019 12:27:49 - INFO - Connect to DB
Wed, 25 Dec 2019 12:27:49 - INFO - TRIZMA DB import
Wed, 25 Dec 2019 12:27:49 - INFO - Failed on TRIZMA DB import at: 2019-12-25_11-55-16, for following calling party: 491737316589, for agent id: trz_sstankovic, with error:(pyodbc.DataError) ('22001', '[22001] [Microsoft][ODBC Driver 17 for SQL Server][SQL Server]String or binary data would be truncated. (8152) (SQLExecDirectW)')
[SQL: insert into records values('CC2Servicenummer','Belgrad','Nicht übermittelt','trz_sstankovic',                                  '491737316589','','Nicht übermittelt','491737316589_Saturday, December 21, 2019_6:22:59 PM')]
(Background on this error at: http://sqlalche.me/e/9h9h)
Wed, 25 Dec 2019 12:27:49 - INFO - 123TV DB import
Wed, 25 Dec 2019 12:31:43 - INFO - Connect to DB
Wed, 25 Dec 2019 12:31:43 - INFO - TRIZMA DB import
Wed, 25 Dec 2019 12:31:43 - INFO - Failed on TRIZMA DB import at: 2019-12-25_11-55-16, for following calling party: 4941316081198, for agent id: trz_sstankovic, with error:(pyodbc.DataError) ('22001', '[22001] [Microsoft][ODBC Driver 17 for SQL Server][SQL Server]String or binary data would be truncated. (8152) (SQLExecDirectW)')
[SQL: insert into records values('CC2Servicenummer','Belgrad','Nicht übermittelt','trz_sstankovic',                                  '4941316081198','','Nicht übermittelt','4941316081198_Saturday, December 21, 2019_7:02:37 PM')]
(Background on this error at: http://sqlalche.me/e/9h9h)
Wed, 25 Dec 2019 12:31:43 - INFO - 123TV DB import
Wed, 25 Dec 2019 12:31:54 - INFO - Connect to DB
Wed, 25 Dec 2019 12:31:54 - INFO - TRIZMA DB import
Wed, 25 Dec 2019 12:31:54 - INFO - 123TV DB import
Wed, 25 Dec 2019 12:42:24 - INFO - Connect to DB
Wed, 25 Dec 2019 12:42:24 - INFO - TRIZMA DB import
Wed, 25 Dec 2019 12:42:24 - INFO - 123TV DB import
Wed, 25 Dec 2019 13:04:37 - INFO - Connect to DB
Wed, 25 Dec 2019 13:04:37 - INFO - TRIZMA DB import
Wed, 25 Dec 2019 13:04:37 - INFO - 123TV DB import
