Tue, 31 Dec 2019 12:12:53 - INFO - Connect to DB
Tue, 31 Dec 2019 12:12:53 - INFO - TRIZMA DB import
Tue, 31 Dec 2019 12:12:53 - INFO - 123TV DB import
Tue, 31 Dec 2019 12:14:29 - INFO - Connect to DB
Tue, 31 Dec 2019 12:14:29 - INFO - TRIZMA DB import
Tue, 31 Dec 2019 12:14:30 - INFO - Failed on TRIZMA DB import at: 2019-12-31_12-11-36, for following calling party: 497454949699, for agent id: trz_bmaksimovic, with error:(pyodbc.DataError) ('22001', '[22001] [Microsoft][ODBC Driver 17 for SQL Server][SQL Server]String or binary data would be truncated. (8152) (SQLExecDirectW)')
[SQL: insert into records values('CC2Servicenummer','Belgrad','Nicht übermittelt','trz_bmaksimovic',                                  '497454949699','','Nicht übermittelt','497454949699_Saturday, December 28, 2019_5:39:20 PM')]
(Background on this error at: http://sqlalche.me/e/9h9h)
Tue, 31 Dec 2019 12:14:30 - INFO - 123TV DB import
Tue, 31 Dec 2019 12:15:05 - INFO - Connect to DB
Tue, 31 Dec 2019 12:15:05 - INFO - TRIZMA DB import
Tue, 31 Dec 2019 12:15:05 - INFO - Failed on TRIZMA DB import at: 2019-12-31_12-11-36, for following calling party: 4933754949864, for agent id: trz_bmaksimovic, with error:(pyodbc.DataError) ('22001', '[22001] [Microsoft][ODBC Driver 17 for SQL Server][SQL Server]String or binary data would be truncated. (8152) (SQLExecDirectW)')
[SQL: insert into records values('CC2Servicenummer','Belgrad','Nicht übermittelt','trz_bmaksimovic',                                  '4933754949864','','Nicht übermittelt','4933754949864_Saturday, December 28, 2019_7:48:10 PM')]
(Background on this error at: http://sqlalche.me/e/9h9h)
Tue, 31 Dec 2019 12:15:05 - INFO - 123TV DB import
Tue, 31 Dec 2019 12:15:58 - INFO - Connect to DB
Tue, 31 Dec 2019 12:15:58 - INFO - TRIZMA DB import
Tue, 31 Dec 2019 12:15:58 - INFO - Failed on TRIZMA DB import at: 2019-12-31_12-11-36, for following calling party: 4917653597977, for agent id: trz_bmaksimovic, with error:(pyodbc.DataError) ('22001', '[22001] [Microsoft][ODBC Driver 17 for SQL Server][SQL Server]String or binary data would be truncated. (8152) (SQLExecDirectW)')
[SQL: insert into records values('CC2Servicenummer','Belgrad','Nicht übermittelt','trz_bmaksimovic',                                  '4917653597977','','Nicht übermittelt','4917653597977_Tuesday, December 31, 2019_1:15:54 PM')]
(Background on this error at: http://sqlalche.me/e/9h9h)
Tue, 31 Dec 2019 12:15:58 - INFO - 123TV DB import
Tue, 31 Dec 2019 12:16:55 - INFO - Connect to DB
Tue, 31 Dec 2019 12:16:55 - INFO - TRIZMA DB import
Tue, 31 Dec 2019 12:16:55 - INFO - 123TV DB import
Tue, 31 Dec 2019 12:17:00 - INFO - Connect to DB
Tue, 31 Dec 2019 12:17:00 - INFO - TRIZMA DB import
Tue, 31 Dec 2019 12:17:00 - INFO - 123TV DB import
Tue, 31 Dec 2019 12:17:14 - INFO - Connect to DB
Tue, 31 Dec 2019 12:17:14 - INFO - TRIZMA DB import
Tue, 31 Dec 2019 12:17:14 - INFO - 123TV DB import
Tue, 31 Dec 2019 12:17:36 - INFO - Connect to DB
Tue, 31 Dec 2019 12:17:36 - INFO - TRIZMA DB import
Tue, 31 Dec 2019 12:17:36 - INFO - 123TV DB import
Tue, 31 Dec 2019 12:18:38 - INFO - Connect to DB
Tue, 31 Dec 2019 12:18:38 - INFO - TRIZMA DB import
Tue, 31 Dec 2019 12:18:38 - INFO - Failed on TRIZMA DB import at: 2019-12-31_12-11-36, for following calling party: 4971511690065, for agent id: trz_bmaksimovic, with error:(pyodbc.DataError) ('22001', '[22001] [Microsoft][ODBC Driver 17 for SQL Server][SQL Server]String or binary data would be truncated. (8152) (SQLExecDirectW)')
[SQL: insert into records values('CC2Servicenummer','Belgrad','Nicht übermittelt','trz_bmaksimovic',                                  '4971511690065','','Nicht übermittelt','4971511690065_Monday, December 30, 2019_12:17:59 PM')]
(Background on this error at: http://sqlalche.me/e/9h9h)
Tue, 31 Dec 2019 12:18:38 - INFO - 123TV DB import
Tue, 31 Dec 2019 12:18:53 - INFO - Connect to DB
Tue, 31 Dec 2019 12:18:53 - INFO - TRIZMA DB import
Tue, 31 Dec 2019 12:18:53 - INFO - 123TV DB import
Tue, 31 Dec 2019 12:19:34 - INFO - Connect to DB
Tue, 31 Dec 2019 12:19:34 - INFO - TRIZMA DB import
Tue, 31 Dec 2019 12:19:34 - INFO - 123TV DB import
Tue, 31 Dec 2019 12:19:39 - INFO - Connect to DB
Tue, 31 Dec 2019 12:19:39 - INFO - TRIZMA DB import
Tue, 31 Dec 2019 12:19:39 - INFO - 123TV DB import
Tue, 31 Dec 2019 12:22:01 - INFO - Connect to DB
Tue, 31 Dec 2019 12:22:01 - INFO - TRIZMA DB import
Tue, 31 Dec 2019 12:22:01 - INFO - 123TV DB import
