Sat, 11 Jan 2020 08:47:42 - INFO - Connect to DB
Sat, 11 Jan 2020 08:47:43 - INFO - TRIZMA DB import
Sat, 11 Jan 2020 08:47:43 - INFO - 123TV DB import
Sat, 11 Jan 2020 08:47:48 - INFO - Failed on 123TV DB import at: 2020-01-11_08-46-47, for following calling party: 493657105549, for agent id: 3046, with error:Missing element acd_id (importCallMetaData.acd_id)
Sat, 11 Jan 2020 08:48:36 - INFO - Connect to DB
Sat, 11 Jan 2020 08:48:36 - INFO - TRIZMA DB import
Sat, 11 Jan 2020 08:48:36 - INFO - 123TV DB import
Sat, 11 Jan 2020 08:48:41 - INFO - Failed on 123TV DB import at: 2020-01-11_08-46-47, for following calling party: 49230365383, for agent id: 3046, with error:Missing element acd_id (importCallMetaData.acd_id)
Sat, 11 Jan 2020 08:50:27 - INFO - Connect to DB
Sat, 11 Jan 2020 08:50:27 - INFO - TRIZMA DB import
Sat, 11 Jan 2020 08:50:27 - INFO - 123TV DB import
Sat, 11 Jan 2020 08:50:32 - INFO - Failed on 123TV DB import at: 2020-01-11_08-46-47, for following calling party: 49406427701, for agent id: 3117, with error:Missing element acd_id (importCallMetaData.acd_id)
Sat, 11 Jan 2020 08:55:35 - INFO - Connect to DB
Sat, 11 Jan 2020 08:55:35 - INFO - TRIZMA DB import
Sat, 11 Jan 2020 08:55:35 - INFO - Failed on TRIZMA DB import at: 2020-01-11_08-46-47, for following calling party: 4938344446950, for agent id: trz_sstankovic, with error:(pyodbc.DataError) ('22001', '[22001] [Microsoft][ODBC Driver 17 for SQL Server][SQL Server]String or binary data would be truncated. (8152) (SQLExecDirectW)')
[SQL: insert into records values('CC2Servicenummer','Belgrad','Nicht 端bermittelt','trz_sstankovic',                                  '4938344446950','','Nicht 端bermittelt','4938344446950_Saturday, January 04, 2020_9:32:15 AM')]
(Background on this error at: http://sqlalche.me/e/9h9h)
Sat, 11 Jan 2020 08:55:35 - INFO - 123TV DB import
Sat, 11 Jan 2020 08:55:41 - INFO - Failed on 123TV DB import at: 2020-01-11_08-46-47, for following calling party: 4938344446950, for agent id: 3046, with error:Missing element acd_id (importCallMetaData.acd_id)
Sat, 11 Jan 2020 08:59:57 - INFO - Connect to DB
Sat, 11 Jan 2020 08:59:57 - INFO - TRIZMA DB import
Sat, 11 Jan 2020 08:59:57 - INFO - 123TV DB import
Sat, 11 Jan 2020 09:00:02 - INFO - Failed on 123TV DB import at: 2020-01-11_08-46-47, for following calling party: 491722733480, for agent id: 3019, with error:Missing element acd_id (importCallMetaData.acd_id)
Sat, 11 Jan 2020 09:07:27 - INFO - Connect to DB
Sat, 11 Jan 2020 09:07:27 - INFO - TRIZMA DB import
Sat, 11 Jan 2020 09:07:27 - INFO - Failed on TRIZMA DB import at: 2020-01-11_08-46-47, for following calling party: 493771251431, for agent id: trz_smaksimovic, with error:(pyodbc.DataError) ('22001', '[22001] [Microsoft][ODBC Driver 17 for SQL Server][SQL Server]String or binary data would be truncated. (8152) (SQLExecDirectW)')
[SQL: insert into records values('CC2Servicenummer','Belgrad','Nicht 端bermittelt','trz_smaksimovic',                                  '493771251431','','Nicht 端bermittelt','493771251431_Saturday, January 11, 2020_10:07:23 AM')]
(Background on this error at: http://sqlalche.me/e/9h9h)
Sat, 11 Jan 2020 09:07:27 - INFO - 123TV DB import
Sat, 11 Jan 2020 09:07:32 - INFO - Failed on 123TV DB import at: 2020-01-11_08-46-47, for following calling party: 493771251431, for agent id: 3181, with error:Missing element acd_id (importCallMetaData.acd_id)
