Sat, 28 Dec 2019 13:25:08 - INFO - Connect to DB
Sat, 28 Dec 2019 13:25:09 - INFO - TRIZMA DB import
Sat, 28 Dec 2019 13:25:09 - INFO - Failed on TRIZMA DB import at: 2019-12-28_13-19-37, for following calling party: 493760287355, for agent id: trz_mglisic, with error:(pyodbc.DataError) ('22001', '[22001] [Microsoft][ODBC Driver 17 for SQL Server][SQL Server]String or binary data would be truncated. (8152) (SQLExecDirectW)')
[SQL: insert into records values('CC2Servicenummer','Belgrad','Nicht übermittelt','trz_mglisic',                                  '493760287355','','Nicht übermittelt','493760287355_Saturday, December 28, 2019_2:25:05 PM')]
(Background on this error at: http://sqlalche.me/e/9h9h)
Sat, 28 Dec 2019 13:25:09 - INFO - 123TV DB import
Sat, 28 Dec 2019 13:32:27 - INFO - Connect to DB
Sat, 28 Dec 2019 13:32:27 - INFO - TRIZMA DB import
Sat, 28 Dec 2019 13:32:27 - INFO - 123TV DB import
Sat, 28 Dec 2019 13:34:39 - INFO - Connect to DB
Sat, 28 Dec 2019 13:34:39 - INFO - TRIZMA DB import
Sat, 28 Dec 2019 13:34:39 - INFO - Failed on TRIZMA DB import at: 2019-12-28_13-19-37, for following calling party: 492652989150, for agent id: trz_bmaksimovic, with error:(pyodbc.DataError) ('22001', '[22001] [Microsoft][ODBC Driver 17 for SQL Server][SQL Server]String or binary data would be truncated. (8152) (SQLExecDirectW)')
[SQL: insert into records values('CC2Servicenummer','Belgrad','Nicht übermittelt','trz_bmaksimovic',                                  '492652989150','','Nicht übermittelt','492652989150_Saturday, December 28, 2019_2:34:36 PM')]
(Background on this error at: http://sqlalche.me/e/9h9h)
Sat, 28 Dec 2019 13:34:39 - INFO - 123TV DB import
Sat, 28 Dec 2019 13:35:09 - INFO - Connect to DB
Sat, 28 Dec 2019 13:35:09 - INFO - TRIZMA DB import
Sat, 28 Dec 2019 13:35:09 - INFO - Failed on TRIZMA DB import at: 2019-12-28_13-19-37, for following calling party: 4920916223499, for agent id: trz_sstankovic, with error:(pyodbc.DataError) ('22001', '[22001] [Microsoft][ODBC Driver 17 for SQL Server][SQL Server]String or binary data would be truncated. (8152) (SQLExecDirectW)')
[SQL: insert into records values('CC2Servicenummer','Belgrad','Nicht übermittelt','trz_sstankovic',                                  '4920916223499','','Nicht übermittelt','4920916223499_Saturday, December 28, 2019_2:35:07 PM')]
(Background on this error at: http://sqlalche.me/e/9h9h)
Sat, 28 Dec 2019 13:35:09 - INFO - 123TV DB import
Sat, 28 Dec 2019 14:01:53 - INFO - Connect to DB
Sat, 28 Dec 2019 14:01:53 - INFO - TRIZMA DB import
Sat, 28 Dec 2019 14:01:53 - INFO - Failed on TRIZMA DB import at: 2019-12-28_13-19-37, for following calling party: 4993539848181, for agent id: trz_sstankovic, with error:(pyodbc.DataError) ('22001', '[22001] [Microsoft][ODBC Driver 17 for SQL Server][SQL Server]String or binary data would be truncated. (8152) (SQLExecDirectW)')
[SQL: insert into records values('CC2Servicenummer','Belgrad','Nicht übermittelt','trz_sstankovic',                                  '4993539848181','','Nicht übermittelt','4993539848181_Saturday, December 28, 2019_3:01:50 PM')]
(Background on this error at: http://sqlalche.me/e/9h9h)
Sat, 28 Dec 2019 14:01:53 - INFO - 123TV DB import
