Thu, 28 Nov 2019 13:05:01 - INFO - 123TV DB import
Thu, 28 Nov 2019 13:08:39 - INFO - 123TV DB import
Thu, 28 Nov 2019 13:08:44 - INFO - Failed on 123TV Thu, 28 Nov 2019 13:08:46 - INFO - Failed on 123TV DB import at: 2019-11-28_12-01-49, for following calling party: , for agent id: 123, with error:CallThu, 28 Nov 2019 13:10:50 - INFO - 123TV DB import
Thu, 28 Nov 2019 13:13:56 - INFO - 123TV DB import
Thu, 28 Nov 2019 13:14:01 - INFO - Failed on 123TV DB import at: 2019-11-28_12-01-49, for following calling party: , for agent id: Ovde dodaj agentid, with error:Call to undefined method ImportCallMetaData::Message()
Thu, 28 Nov 2019 13:14:11 - INFO - 123TV DB import
Thu, 28 Nov 2019 13:14:16 - INFO - Failed on 123TV DB import at: 2019-11-28_12-01-49, for following calling party: , for agent id: 123, with error:Call to undefined method ImportCallMetaData::Message()
Thu, 28 Nov 2019 13:21:08 - INFO Thu, 28 Nov 2019 13:32:06 - INFO - 123TV DB import
ThuThu, 28 Nov 2019 13:43:14 - INFO - 123TV DB impoThuThu, 28 Nov 2019 13:53:31 - INFO - 123TV DB impoThuThu, 28 Nov 2019 14:11:11 - INFO - 123TV DB import
Thu, 28 Nov 2019 14:14:49 - INFO - 123TV DB import
Thu, 28 Nov 2019 14:27:58 - INFO - 123TV DB import
Thu, 28 Nov 2019 14:38:35 - INFO - 123TV DB import
Thu, 28 Nov 2019 15:01:14 - INFO - 123TV DB import
Thu, 28 Nov 2019 15:24:20 - INFO - 123TV DB import
Thu, 28 Nov 2019 15:25:30 - INFO - 123TV DB import
Thu, 28 Nov 2019 16:17:57 - INFO - 123TV DB import
Thu, 28 Nov 2019 16:28:24 - INFO - 123TV DB import
Thu, 28 Nov 2019 16:49:46 - INFO - 123TV DB import
Thu, 28 Nov 2019 16:53:41 - INFO - 123TV DB import
Thu, 28 Nov 2019 17:26:03 - INFO - 123TV DB import
Thu, 28 Nov 2019 17:32:13 - INFO - 123TV DB import
Thu, 28 Nov 2019 17:36:56 - INFO - 123TV DB import
Thu, 28 Nov 2019 18:18:57 - INFO - 123TV DB import
Fri, 29 Nov 2019 09:42:41 - INFO - 123TV DB import
Fri, 29 Nov 2019 09:51:36 - INFO - 123TV DB import
Fri, 29 Nov 2019 10:41:12 - INFO - 123TV DB import
Fri, 29 Nov 2019 10:49:21 - INFO - 123TV DB import
Fri, 29 Nov 2019 11:32:58 - INFO - 123TV DB import
Fri, 29 Nov 2019 12:19:05 - INFO - 123TV DB import
Fri, 29 Nov 2019 13:10:52 - INFO - 123TV DB import
Fri, 29 Nov 2019 14:17:46 - INFO - 123TV DB import
Fri, 29 Nov 2019 14:33:18 - INFO - 123TV DB import
Fri, 29 Nov 2019 15:39:12 - INFO - 123TV DB import
Fri, 29 Nov 2019 17:54:20 - INFO - 123TV DB import
Fri, 29 Nov 2019 18:45:19 - INFO - 123TV DB import
Sat, 30 Nov 2019 11:53:07 - INFO - 123TV DB import
Sat, 30 Nov 2019 12:11:25 - INFO - 123TV DB import
Sat, 30 Nov 2019 12:27:23 - INFO - 123TV DB import
Sat, 30 Nov 2019 14:29:47 - INFO - 123TV DB import
Sat, 30 Nov 2019 15:46:26 - INFO - 123TV DB import
Sat, 30 Nov 2019 16:34:26 - INFO - 123TV DB import
Sat, 30 Nov 2019 16:57:45 - INFO - 123TV DB import
Sat, 30 Nov 2019 18:16:15 - INFO - 123TV DB import
Sun, 01 Dec 2019 07:48:42 - INFO - 123TV DB import
Sun, 01 Dec 2019 08:13:21 - INFO - 123TV DB import
Sun, 01 Dec 2019 08:26:54 - INFO - 123TV DB import
Sun, 01 Dec 2019 09:07:35 - INFO - 123TV DB import
Sun, 01 Dec 2019 09:23:15 - INFO - 123TV DB import
Sun, 01 Dec 2019 10:52:53 - INFO - 123TV DB import
Sun, 01 Dec 2019 11:10:29 - INFO - 123TV DB import
Sun, 01 Dec 2019 13:08:12 - INFO - 123TV DB import
Sun, 01 Dec 2019 13:54:07 - INFO - 123TV DB import
Sun, 01 Dec 2019 14:34:52 - INFO - 123TV DB import
Mon, 02 Dec 2019 17:06:55 - INFO - 123TV DB import
Mon, 02 Dec 2019 17:08:30 - INFO - 123TV DB import
Mon, 02 Dec 2019 17:11:58 - INFO - 123TV DB import
Mon, 02 Dec 2019 17:15:35 - INFO - 123TV DB import
Mon, 02 Dec 2019 17:22:08 - INFO - 123TV DB import
Mon, 02 Dec 2019 18:25:29 - INFO - 123TV DB import
Mon, 02 Dec 2019 18:42:42 - INFO - 123TV DB import
Mon, 02 Dec 2019 18:55:20 - INFO - 123TV DB import
Tue, 03 Dec 2019 11:55:52 - INFO - 123TV DB import
Tue, 03 Dec 2019 12:36:31 - INFO - 123TV DB import
Tue, 03 Dec 2019 15:09:56 - INFO - 123TV DB import
Tue, 03 Dec 2019 15:27:58 - INFO - 123TV DB import
Tue, 03 Dec 2019 15:33:25 - INFO - 123TV DB import
Tue, 03 Dec 2019 16:22:33 - INFO - 123TV DB import
Tue, 03 Dec 2019 18:13:23 - INFO - 123TV DB import
Tue, 03 Dec 2019 18:23:49 - INFO - 123TV DB import
Tue, 03 Dec 2019 18:38:55 - INFO - 123TV DB import
Wed, 04 Dec 2019 08:08:56 - INFO - 123TV DB import
Wed, 04 Dec 2019 08:26:53 - INFO - 123TV DB import
Wed, 04 Dec 2019 08:39:46 - INFO - 123TV DB import
Wed, 04 Wed, 04 Dec 2019 09:19:34 - INFO - 123TV DBWed, 04 Dec 2019 09:43:14 - INFO - 123TV DB import
Wed, 04 Wed, 04 Dec 2019 11:56:23 - INFO - 123TV DB import
Wed, 04 Dec 2019 12:12:30 - INFO - 123TV DB import
Wed, 04 Dec 2019 13:28:07 - INFO - 123TV DB import
Wed, 04 Dec 2019 14:09:41 - INFO - 123TV DB import
Wed, 04 Dec 2019 14:45:10 - INFO - 123TV DB import
Wed, 04 Dec 2019 15:28:45 - INFO - 123TV DB import
Wed, 04 Dec 2019 15:40:38 - INFO - 123TV DB import
Wed, 04 Dec 2019 15:58:37 - INFO - 123TV DB import
Wed, 04 Dec 2019 16:41:25 - INFO - 123TV DB import
Wed, 04 Dec 2019 17:26:22 - INFO - 123TV DB import
Wed, 04 Dec 2019 18:20:01 - INFO - 123TV DB import
Wed, 04 Dec 2019 18:51:31 - INFO - 123TV DB import
Thu, 05 Dec 2019 07:37:05 - INFO - 123TV DB import
Thu, 05 Dec 2019 09:19:13 - INFO - 123TV DB import
Thu, 05 Dec 2019 09:31:07 - INFO - 123TV DB import
Thu, 05 Dec 2019 10:17:49 - INFO - 123TV DB import
Thu, 05 Dec 2019 10:38:19 - INFO - 123TV DB import
Thu, 05 Dec 2019 10:49:11 - INFO - 123TV DB import
Thu, 05 Dec 2019 11:42:01 - INFO - 123TV DB import
Thu, 05 Dec 2019 11:56:24 - INFO - 123TV DB import
Thu, 05 Dec 2019 11:57:22 - INFO - 123TV DB import
Thu, 05 Dec 2019 12:00:35 - INFO - 123TV DBThu, 05 Dec 2019 12:46:03 - INFO - 123TV DB import
Thu, 05 Dec 2019 13:24:16 - INFO - 123TV DB import
Thu, 05 Dec 2019 13:33:40 - INFO - 123TV DB import
Thu, 05 Dec 2019 13:54:00 - INFO - 123TV DB import
Thu, 05 Dec 2019 14:29:31 - INFO - 123TV DB import
Thu, 05 Dec 2019 14:40:26 - INFO - 123TV DB import
Thu, 05 Dec 2019 14:59:25 - INFO - 123TV DB import
Thu, 05 Dec 2019 15:30:18 - INFO - 123TV DB import
Thu, 05 Dec 2019 15:35:39 - INFO - 123TV DB import
Thu, 05 Dec 2019 15:42:17 - INFO - 123TV DB import
Thu, 05 Dec 2019 15:57:55 - INFO - 123TV DB import
Thu, 05 Dec 2019 15:59:20 - INFO - 123TV DB import
Thu, 05 Dec 2019 16:34:49 - INFO - 123TV DB import
Thu, 05 Dec 2019 17:21:38 - INFO - 123TV DB import
Thu, 05 Dec 2019 17:26:48 - INFO - 123TV DB import
Thu, 05 Dec 2019 17:41:20 - INFO - 123TV DB import
Thu, 05 Dec 2019 17:43:59 - INFO - 123TV DB import
Thu, 05 Dec 2019 17:52:52 - INFO - 123TV DB import
Thu, 05 Dec 2019 17:57:03 - INFO - 123TV DB import
Thu, 05 Dec 2019 18:36:45 - INFO - 123TV DB import
Thu, 05 Dec 2019 18:40:18 - INFO - 123TV DB import
Fri, 06 Dec 2019 11:01:09 - INFO - 123TV DB import
Fri, 06 Dec 2019 11:08:05 - INFO - 123TV DB import
Fri, 06 Dec 2019 11:17:14 - INFO - 123TV DB import
Fri, 06 Dec 2019 11:35:38 - INFO - 123TV DB import
Fri, 06 Dec 2019 12:13:05 - INFO - 123TV DB import
Fri, 06 Dec 2019 12:54:18 - INFO - 123TV DB import
Fri, 06 Dec 2019 13:09:58 - INFO - 123TV DB import
Fri, 06 Dec 2019 13:39:38 - INFO - 123TV DB import
Fri, 06 Dec 2019 14:16:07 - INFO - 123TV DB import
Fri, 06 Fri, 06 Dec 2019 15:06:19 - INFO - 123TV DB import
Fri, 06 Dec 2019 15:45:22 - INFO - 123TV DBFri, 06 Fri, 06 Dec 2019 16:34:10 - INFO - 123TV DBFri, 06 Dec 2019 16:46:47 - INFO - 123TV DB import
Fri, 06 Fri, 06 Dec 2019 16:57:07 - INFO - 123TV DB import
Fri, 06 Dec 2019 17:23:24 - INFO - 123TV DB import
Fri, 06 Dec 2019 17:28:52 - INFO - 123TV DB import
Fri, 06 Dec 2019 17:33:29 - INFO - 123TV DB import
Fri, 06 Dec 2019 18:03:31 - INFO - 123TV DB import
Fri, 06 Dec 2019 18:11:47 - INFO - 123TV DBFri, 06 Dec 201Fri, 06 Dec 2019 18:49:38 - INFO - 1Fri, 06 Dec 2019 18:58:13 - INFO - 123TV DB import
Sat, 07 Dec 2019 08:47:09 - INFO - 123TV DB import
Sat, 07 Dec 2019 09:16:28 - INFO - 123TV DB import
Sat, 07 Dec 2019 09:32:00 - INFO - 123TV DB import
Sat, 07 Dec 2019 09:46:48 - INFO - 123TV DB import
Sat, 07 Dec 201Sat, 07 Dec 2019 10:01:52 - INFO - 123TV DB import
Sat, 07 Dec 2019 10:04:31 - INFO - 1Sat, 07 Dec 2019 13:29:47 - INFO - 123TV DB import
Sat, 07 Dec 2019 14:09:34 - INFO - 123TV DB import
Sat, 07 Dec 2019 14:28:34 - INFO - 123TV DB import
Sat, 07 Dec 2019 14:50:59 - INFO - 123TV DB import
Sat, 07 Dec 2019 15:09:04 - INFO - 123TV DB import
Sat, 07 Dec 2019 16:11:48 - INFO - 123TV DB import
Sat, 07 Dec 2019 16:18:57 - INFO - 123TV DB import
Sun, 08 Dec 2019 07:16:39 - INFO - 123TV DB import
Sun, 08 Dec 2019 08:17:05 - INFO - 123TV DB import
Sun, 08 Dec 2019 10:47:25 - INFO - 123TV DB import
Sun, 08 Dec 2019 11:35:37 - INFO - 123TV DB import
Sun, 08 Dec 2019 13:55:45 - INFO - 123TV DB import
Wed, 11 Dec 2019 11:53:39 - INFO - 123TV DB import
Wed, 11 Dec 2019 12:01:36 - INFO - 123TV DB import
Wed, 11 Dec 2019 14:01:04 - INFO - 123TV DB import
Wed, 11 Dec 2019 14:01:09 - INFO - Failed on 123TV DB import at: 2019-11-28_12-01-49, for following calling party: %m, for agent id: 3000, with error:Call to undefined method ImportCallMetaData::Message()
Wed, 11 Dec 2019 14:31:54 - INFO - 123TV DB import
Wed, 11 Dec 2019 14:32:35 - INFO - 123TV DB import
Wed, 11 Dec 2019 14:32:40 - INFO - Failed on 123TV DB import at: 2019-11-28_12-01-49, for following calling party: %m, for agent id: 3067, with error:Call to undefined method ImportCallMetaData::Message()
Wed, 11 Dec 2019 14:32:56 - INFO - 123TV DB import
Wed, 11 Dec 2019 14:33:01 - INFO - Failed on 123TV DB import at: 2019-11-28_12-01-49, for following calling party: %m, for agent id: 2701, with error:Call to undefined method ImportCallMetaData::Message()
Wed, 11 Dec 2019 14:45:54 - INFO - 123TV DB import
Wed, 11 Dec 2019 14:56:24 - INFO - 123TV DB import
Wed, 11 Dec 2019 15:11:53 - INFO - 123TV DB import
Wed, 11 Dec 2019 15:15:31 - INFO - 123TV DB import
Wed, 11 Dec 2019 15:19:21 - INFO - 123TV DB import
Wed, 11 Dec 2019 15:41:50 - INFO - 123TV DB import
Wed, 11 Dec 2019 15:42:44 - INFO - 123TV DB import
Wed, 11 Dec 2019 15:54:25 - INFO - 123TV DB import
Wed, 11 Dec 2019 16:07:50 - INFO - 123TV DB import
Wed, 11 Dec 2019 16:28:59 - INFO - 123TV DB import
Wed, 11 Dec 2019 17:28:59 - INFO - 123TV DB import
Wed, 11 Dec 2019 17:29:05 - INFO - Failed on 123TV DB import at: 2019-11-28_12-01-49, for following calling party: %m, for agent id: 3000, with error:Call to undefined method ImportCallMetaData::Message()
Wed, 11 Dec 2019 17:31:11 - INFO - 123TV DB import
Wed, 11 Dec 2019 17:34:54 - INFO - 123TV DB import
Wed, 11 Dec 2019 17:35:45 - INFO - 123TV DB import
Wed, 11 Dec 2019 17:36:20 - INFO - 123TV DB import
Wed, 11 Dec 2019 18:18:02 - INFO - 123TV DB import
Wed, 11 Dec 2019 18:53:37 - INFO - 123TV DB import
Thu, 12 Dec 2019 07:01:50 - INFO - 123TV DB import
Thu, 12 Dec 2019 16:26:12 - INFO - 123TV DB import
Thu, 12 Dec 2019 16:59:22 - INFO - 123TV DB import
Thu, 12 Dec 2019 17:52:46 - INFO - 123TV DB import
Fri, 13 Dec 2019 07:32:37 - INFO - 123TV DB import
Fri, 13 Dec 2019 07:32:43 - INFO - Failed on 123TV DB import at: 2019-11-28_12-01-49, for following calling party: %m, for agent id: 3000, with error:Call to undefined method ImportCallMetaData::Message()
iled on 123TV DB import at: 2019-11-28_12-01-49, for following calling party: %m, for agent id: 3000, with error:Call to undefined method ImportCallMetaData::Message()
Thu, 12 Dec 2019 16:06:35 - INFO - 123TV DB import
Dec 2019 18:34:57 - INFO - 123TV DB import
Wed, 11 Dec 2019 18:44:10 - INFO - 123TV DThu, 12 Dec 2019 16:27:56 - INFO - 123TV DB import
Thu, 12 Dec 2019 18:05:58 - INFO - 123TV DB import
Thu, 12 Dec 2019 18:06:03 - INFO - Failed on 123TV DB import at: 2019-11-28_12-01-49, for following calling party: %m, for agent id: 3065, with error:Call to undefined method ImportCallMetaData::Message()
Thu, 12 Dec 2019 18:36:08 - INFO - 123TV DB import
B import
Thu, 12 Dec 2019 07:09:20 - INFO - 123TV DB import
Thu, 12 Dec 2019 07:33:59 - INFO - 123TV DB import
Thu, 12 Dec 2019 07:49:40 - INFO - 123TV DB import
Thu, 12 Dec 2019 15:27:58 - INFO - 123TV DB import
Thu, 12 Dec 2019 16:01:51 - INFO - 123TV DB import
Thu, 12 Dec 2019 16:19:36 - INFO - 123TV DB import
Fri, 13 Dec 2019 09:26:52 - INFO - 123TV DB import
Fri, 13 Dec 2019 09:26:57 - INFO - Failed on 123TV DB import at: 2019-11-28_12-01-49, for following calling party: %m, for agent id: 3000, with error:Call to undefined method ImportCallMetaData::Message()
