Fri, 10 Jan 2020 12:21:17 - INFO - Connect to DB
Fri, 10 Jan 2020 12:21:18 - INFO - TRIZMA DB import
Fri, 10 Jan 2020 12:21:18 - INFO - 123TV DB import
Fri, 10 Jan 2020 12:22:04 - INFO - Connect to DB
Fri, 10 Jan 2020 12:22:04 - INFO - TRIZMA DB import
Fri, 10 Jan 2020 12:22:04 - INFO - 123TV DB import
Fri, 10 Jan 2020 12:23:17 - INFO - Connect to DB
Fri, 10 Jan 2020 12:23:17 - INFO - TRIZMA DB import
Fri, 10 Jan 2020 12:23:17 - INFO - 123TV DB import
Fri, 10 Jan 2020 12:25:29 - INFO - Connect to DB
Fri, 10 Jan 2020 12:25:29 - INFO - TRIZMA DB import
Fri, 10 Jan 2020 12:25:29 - INFO - 123TV DB import
Fri, 10 Jan 2020 12:25:59 - INFO - Connect to DB
Fri, 10 Jan 2020 12:25:59 - INFO - TRIZMA DB import
Fri, 10 Jan 2020 12:25:59 - INFO - 123TV DB import
Fri, 10 Jan 2020 12:27:27 - INFO - Connect to DB
Fri, 10 Jan 2020 12:27:27 - INFO - TRIZMA DB import
Fri, 10 Jan 2020 12:27:27 - INFO - 123TV DB import
Fri, 10 Jan 2020 12:28:04 - INFO - Connect to DB
Fri, 10 Jan 2020 12:28:04 - INFO - TRIZMA DB import
Fri, 10 Jan 2020 12:28:04 - INFO - 123TV DB import
Fri, 10 Jan 2020 12:32:49 - INFO - Connect to DB
Fri, 10 Jan 2020 12:32:49 - INFO - TRIZMA DB import
Fri, 10 Jan 2020 12:32:49 - INFO - Failed on TRIZMA DB import at: 2020-01-10_12-20-28, for following calling party: 4941018190542, for agent id: trz_madamovic, with error:(pyodbc.DataError) ('22001', '[22001] [Microsoft][ODBC Driver 17 for SQL Server][SQL Server]String or binary data would be truncated. (8152) (SQLExecDirectW)')
[SQL: insert into records values('CC2Servicenummer','Belgrad','Nicht übermittelt','trz_madamovic',                                  '4941018190542','','Nicht übermittelt','4941018190542_Thursday, January 09, 2020_11:11:41 AM')]
(Background on this error at: http://sqlalche.me/e/9h9h)
Fri, 10 Jan 2020 12:32:49 - INFO - 123TV DB import
Fri, 10 Jan 2020 12:33:29 - INFO - Connect to DB
Fri, 10 Jan 2020 12:33:29 - INFO - TRIZMA DB import
Fri, 10 Jan 2020 12:33:29 - INFO - 123TV DB import
Fri, 10 Jan 2020 12:43:19 - INFO - Connect to DB
Fri, 10 Jan 2020 12:43:19 - INFO - TRIZMA DB import
Fri, 10 Jan 2020 12:43:19 - INFO - 123TV DB import
Fri, 10 Jan 2020 12:43:32 - INFO - Connect to DB
Fri, 10 Jan 2020 12:43:32 - INFO - TRIZMA DB import
Fri, 10 Jan 2020 12:43:33 - INFO - 123TV DB import
Fri, 10 Jan 2020 12:49:15 - INFO - Connect to DB
Fri, 10 Jan 2020 12:49:15 - INFO - TRIZMA DB import
Fri, 10 Jan 2020 12:49:15 - INFO - 123TV DB import
Fri, 10 Jan 2020 12:49:20 - INFO - Connect to DB
Fri, 10 Jan 2020 12:49:20 - INFO - TRIZMA DB import
Fri, 10 Jan 2020 12:49:21 - INFO - 123TV DB import
Fri, 10 Jan 2020 12:49:29 - INFO - Connect to DB
Fri, 10 Jan 2020 12:49:29 - INFO - TRIZMA DB import
Fri, 10 Jan 2020 12:49:29 - INFO - Failed on TRIZMA DB import at: 2020-01-10_12-20-28, for following calling party: 493525632481, for agent id: trz_bmaksimovic, with error:(pyodbc.DataError) ('22001', '[22001] [Microsoft][ODBC Driver 17 for SQL Server][SQL Server]String or binary data would be truncated. (8152) (SQLExecDirectW)')
[SQL: insert into records values('CC2Servicenummer','Belgrad','Nicht übermittelt','trz_bmaksimovic',                                  '493525632481','','Nicht übermittelt','493525632481_Wednesday, January 8, 2020_12:24:17 PM')]
(Background on this error at: http://sqlalche.me/e/9h9h)
Fri, 10 Jan 2020 12:49:29 - INFO - 123TV DB import
Fri, 10 Jan 2020 12:49:44 - INFO - Connect to DB
Fri, 10 Jan 2020 12:49:44 - INFO - TRIZMA DB import
Fri, 10 Jan 2020 12:49:44 - INFO - Failed on TRIZMA DB import at: 2020-01-10_12-20-28, for following calling party: 491734833795, for agent id: trz_bmaksimovic, with error:(pyodbc.DataError) ('22001', '[22001] [Microsoft][ODBC Driver 17 for SQL Server][SQL Server]String or binary data would be truncated. (8152) (SQLExecDirectW)')
[SQL: insert into records values('CC2Servicenummer','Belgrad','Nicht übermittelt','trz_bmaksimovic',                                  '491734833795','','Nicht übermittelt','491734833795_Wednesday, January 8, 2020_12:34:34 PM')]
(Background on this error at: http://sqlalche.me/e/9h9h)
Fri, 10 Jan 2020 12:49:44 - INFO - 123TV DB import
Fri, 10 Jan 2020 12:49:49 - INFO - Connect to DB
Fri, 10 Jan 2020 12:49:49 - INFO - TRIZMA DB import
Fri, 10 Jan 2020 12:49:50 - INFO - 123TV DB import
Fri, 10 Jan 2020 12:49:55 - INFO - Connect to DB
Fri, 10 Jan 2020 12:49:55 - INFO - TRIZMA DB import
Fri, 10 Jan 2020 12:49:56 - INFO - 123TV DB import
Fri, 10 Jan 2020 12:54:17 - INFO - Connect to DB
Fri, 10 Jan 2020 12:54:17 - INFO - TRIZMA DB import
Fri, 10 Jan 2020 12:54:17 - INFO - 123TV DB import
Fri, 10 Jan 2020 12:54:26 - INFO - Connect to DB
Fri, 10 Jan 2020 12:54:26 - INFO - TRIZMA DB import
Fri, 10 Jan 2020 12:54:26 - INFO - 123TV DB import
