Fri, 27 Dec 2019 12:52:29 - INFO - Connect to DB
Fri, 27 Dec 2019 12:52:29 - INFO - TRIZMA DB import
Fri, 27 Dec 2019 12:52:29 - INFO - 123TV DB import
Fri, 27 Dec 2019 12:53:30 - INFO - Connect to DB
Fri, 27 Dec 2019 12:53:30 - INFO - TRIZMA DB import
Fri, 27 Dec 2019 12:53:30 - INFO - Failed on TRIZMA DB import at: 2019-12-27_12-48-53, for following calling party: 4973125068444, for agent id: trz_sstankovic, with error:(pyodbc.DataError) ('22001', '[22001] [Microsoft][ODBC Driver 17 for SQL Server][SQL Server]String or binary data would be truncated. (8152) (SQLExecDirectW)')
[SQL: insert into records values('CC2Servicenummer','Belgrad','Nicht 端bermittelt','trz_sstankovic',                                  '4973125068444','','Nicht 端bermittelt','4973125068444_Wednesday, December 25, 2019_12:44:03 PM')]
(Background on this error at: http://sqlalche.me/e/9h9h)
Fri, 27 Dec 2019 12:53:30 - INFO - 123TV DB import
Fri, 27 Dec 2019 12:54:35 - INFO - Connect to DB
Fri, 27 Dec 2019 12:54:35 - INFO - TRIZMA DB import
Fri, 27 Dec 2019 12:54:35 - INFO - Failed on TRIZMA DB import at: 2019-12-27_12-48-53, for following calling party: 4922853445517, for agent id: trz_sstankovic, with error:(pyodbc.DataError) ('22001', '[22001] [Microsoft][ODBC Driver 17 for SQL Server][SQL Server]String or binary data would be truncated. (8152) (SQLExecDirectW)')
[SQL: insert into records values('CC2Servicenummer','Belgrad','Nicht 端bermittelt','trz_sstankovic',                                  '4922853445517','','Nicht 端bermittelt','4922853445517_Wednesday, December 25, 2019_5:07:56 PM')]
(Background on this error at: http://sqlalche.me/e/9h9h)
Fri, 27 Dec 2019 12:54:35 - INFO - 123TV DB import
Fri, 27 Dec 2019 13:07:58 - INFO - Connect to DB
Fri, 27 Dec 2019 13:07:58 - INFO - TRIZMA DB import
Fri, 27 Dec 2019 13:07:58 - INFO - 123TV DB import
Fri, 27 Dec 2019 13:14:15 - INFO - Connect to DB
Fri, 27 Dec 2019 13:14:15 - INFO - TRIZMA DB import
Fri, 27 Dec 2019 13:14:15 - INFO - 123TV DB import
