Fri, 20 Dec 2019 13:57:04 - INFO - Connect to DB
Fri, 20 Dec 2019 13:57:04 - INFO - TRIZMA DB import
Fri, 20 Dec 2019 13:57:05 - INFO - 123TV DB import
Fri, 20 Dec 2019 13:59:09 - INFO - Connect to DB
Fri, 20 Dec 2019 13:59:09 - INFO - TRIZMA DB import
Fri, 20 Dec 2019 13:59:09 - INFO - Failed on TRIZMA DB import at: 2019-12-20_13-56-37, for following calling party: 4982934259966, for agent id: trz_sstankovic, with error:(pyodbc.DataError) ('22001', '[22001] [Microsoft][ODBC Driver 17 for SQL Server][SQL Server]String or binary data would be truncated. (8152) (SQLExecDirectW)')
[SQL: insert into records values('CC2Servicenummer','Belgrad','Nicht übermittelt','trz_sstankovic',                                  '4982934259966','','Nicht übermittelt','4982934259966_Thursday, December 19, 2019_11:20:40 AM')]
(Background on this error at: http://sqlalche.me/e/9h9h)
Fri, 20 Dec 2019 13:59:09 - INFO - 123TV DB import
Fri, 20 Dec 2019 13:59:55 - INFO - Connect to DB
Fri, 20 Dec 2019 13:59:55 - INFO - TRIZMA DB import
Fri, 20 Dec 2019 13:59:55 - INFO - Failed on TRIZMA DB import at: 2019-12-20_13-56-37, for following calling party: 492166855349, for agent id: trz_sstankovic, with error:(pyodbc.DataError) ('22001', '[22001] [Microsoft][ODBC Driver 17 for SQL Server][SQL Server]String or binary data would be truncated. (8152) (SQLExecDirectW)')
[SQL: insert into records values('CC2Servicenummer','Belgrad','Nicht übermittelt','trz_sstankovic',                                  '492166855349','','Nicht übermittelt','492166855349_Thursday, December 19, 2019_11:55:14 AM')]
(Background on this error at: http://sqlalche.me/e/9h9h)
Fri, 20 Dec 2019 13:59:55 - INFO - 123TV DB import
Fri, 20 Dec 2019 14:00:25 - INFO - Connect to DB
Fri, 20 Dec 2019 14:00:25 - INFO - TRIZMA DB import
Fri, 20 Dec 2019 14:00:25 - INFO - Failed on TRIZMA DB import at: 2019-12-20_13-56-37, for following calling party: 493062200626, for agent id: trz_sstankovic, with error:(pyodbc.DataError) ('22001', '[22001] [Microsoft][ODBC Driver 17 for SQL Server][SQL Server]String or binary data would be truncated. (8152) (SQLExecDirectW)')
[SQL: insert into records values('CC2Servicenummer','Belgrad','Nicht übermittelt','trz_sstankovic',                                  '493062200626','','Nicht übermittelt','493062200626_Thursday, December 19, 2019_12:33:52 PM')]
(Background on this error at: http://sqlalche.me/e/9h9h)
Fri, 20 Dec 2019 14:00:25 - INFO - 123TV DB import
