Sun, 29 Dec 2019 08:38:20 - INFO - Connect to DB
Sun, 29 Dec 2019 08:38:20 - INFO - TRIZMA DB import
Sun, 29 Dec 2019 08:38:20 - INFO - Failed on TRIZMA DB import at: 2019-12-29_08-27-37, for following calling party: 495829988845, for agent id: trz_sstankovic, with error:(pyodbc.DataError) ('22001', '[22001] [Microsoft][ODBC Driver 17 for SQL Server][SQL Server]String or binary data would be truncated. (8152) (SQLExecDirectW)')
[SQL: insert into records values('CC2Servicenummer','Belgrad','Nicht übermittelt','trz_sstankovic',                                  '495829988845','','Nicht übermittelt','495829988845_Saturday, December 21, 2019_4:53:13 PM')]
(Background on this error at: http://sqlalche.me/e/9h9h)
Sun, 29 Dec 2019 08:38:20 - INFO - 123TV DB import
Sun, 29 Dec 2019 08:44:31 - INFO - Connect to DB
Sun, 29 Dec 2019 08:44:31 - INFO - TRIZMA DB import
Sun, 29 Dec 2019 08:44:31 - INFO - 123TV DB import
Sun, 29 Dec 2019 08:45:47 - INFO - Connect to DB
Sun, 29 Dec 2019 08:45:47 - INFO - TRIZMA DB import
Sun, 29 Dec 2019 08:45:47 - INFO - Failed on TRIZMA DB import at: 2019-12-29_08-27-37, for following calling party: 4941316081198, for agent id: trz_sstankovic, with error:(pyodbc.DataError) ('22001', '[22001] [Microsoft][ODBC Driver 17 for SQL Server][SQL Server]String or binary data would be truncated. (8152) (SQLExecDirectW)')
[SQL: insert into records values('CC2Servicenummer','Belgrad','Nicht übermittelt','trz_sstankovic',                                  '4941316081198','','Nicht übermittelt','4941316081198_Saturday, December 21, 2019_7:02:37 PM')]
(Background on this error at: http://sqlalche.me/e/9h9h)
Sun, 29 Dec 2019 08:45:47 - INFO - 123TV DB import
Sun, 29 Dec 2019 08:46:37 - INFO - Connect to DB
Sun, 29 Dec 2019 08:46:37 - INFO - TRIZMA DB import
Sun, 29 Dec 2019 08:46:37 - INFO - Failed on TRIZMA DB import at: 2019-12-29_08-27-37, for following calling party: 4971314058379, for agent id: trz_sstankovic, with error:(pyodbc.DataError) ('22001', '[22001] [Microsoft][ODBC Driver 17 for SQL Server][SQL Server]String or binary data would be truncated. (8152) (SQLExecDirectW)')
[SQL: insert into records values('CC2Servicenummer','Belgrad','Nicht übermittelt','trz_sstankovic',                                  '4971314058379','','Nicht übermittelt','4971314058379_Tuesday, December 24, 2019_12:17:05 PM')]
(Background on this error at: http://sqlalche.me/e/9h9h)
Sun, 29 Dec 2019 08:46:37 - INFO - 123TV DB import
Sun, 29 Dec 2019 08:47:27 - INFO - Connect to DB
Sun, 29 Dec 2019 08:47:27 - INFO - TRIZMA DB import
Sun, 29 Dec 2019 08:47:28 - INFO - 123TV DB import
