Mon, 30 Dec 2019 07:08:57 - INFO - Connect to DB
Mon, 30 Dec 2019 07:08:57 - INFO - TRIZMA DB import
Mon, 30 Dec 2019 07:08:57 - INFO - 123TV DB import
Mon, 30 Dec 2019 07:09:07 - INFO - Connect to DB
Mon, 30 Dec 2019 07:09:07 - ERROR - Exception on /records [GET]
Traceback (most recent call last):
  File "/home/python_project/hello.py", line 80, in get
    int(agent),
ValueError: invalid literal for int() with base 10: ''

During handling of the above exception, another exception occurred:

Traceback (most recent call last):
  File "/usr/local/lib/python3.6/dist-packages/flask/app.py", line 1949, in full_dispatch_request
    rv = self.dispatch_request()
  File "/usr/local/lib/python3.6/dist-packages/flask/app.py", line 1935, in dispatch_request
    return self.view_functions[rule.endpoint](**req.view_args)
  File "/usr/local/lib/python3.6/dist-packages/flask_restful/__init__.py", line 458, in wrapper
    resp = resource(*args, **kwargs)
  File "/usr/local/lib/python3.6/dist-packages/flask/views.py", line 89, in view
    return self.dispatch_request(*args, **kwargs)
  File "/usr/local/lib/python3.6/dist-packages/flask_restful/__init__.py", line 573, in dispatch_request
    resp = meth(*args, **kwargs)
  File "/home/python_project/hello.py", line 90, in get
    + str(e))
UnboundLocalError: local variable 'agentUsername' referenced before assignment
Mon, 30 Dec 2019 07:09:27 - INFO - Connect to DB
Mon, 30 Dec 2019 07:09:27 - INFO - TRIZMA DB import
Mon, 30 Dec 2019 07:09:27 - INFO - 123TV DB import
Mon, 30 Dec 2019 07:10:09 - INFO - Connect to DB
Mon, 30 Dec 2019 07:10:09 - INFO - TRIZMA DB import
Mon, 30 Dec 2019 07:10:09 - INFO - 123TV DB import
Mon, 30 Dec 2019 07:10:20 - INFO - Connect to DB
Mon, 30 Dec 2019 07:10:21 - INFO - TRIZMA DB import
Mon, 30 Dec 2019 07:10:21 - INFO - 123TV DB import
Mon, 30 Dec 2019 07:10:30 - INFO - Connect to DB
Mon, 30 Dec 2019 07:10:30 - INFO - TRIZMA DB import
Mon, 30 Dec 2019 07:10:30 - INFO - 123TV DB import
Mon, 30 Dec 2019 07:10:55 - INFO - Connect to DB
Mon, 30 Dec 2019 07:10:55 - INFO - TRIZMA DB import
Mon, 30 Dec 2019 07:10:55 - INFO - 123TV DB import
Mon, 30 Dec 2019 07:11:05 - INFO - Connect to DB
Mon, 30 Dec 2019 07:11:06 - INFO - TRIZMA DB import
Mon, 30 Dec 2019 07:11:06 - INFO - 123TV DB import
Mon, 30 Dec 2019 07:11:12 - INFO - Connect to DB
Mon, 30 Dec 2019 07:11:12 - INFO - TRIZMA DB import
Mon, 30 Dec 2019 07:11:12 - INFO - 123TV DB import
Mon, 30 Dec 2019 07:19:23 - INFO - Connect to DB
Mon, 30 Dec 2019 07:19:23 - INFO - TRIZMA DB import
Mon, 30 Dec 2019 07:19:23 - INFO - 123TV DB import
Mon, 30 Dec 2019 07:19:48 - INFO - Connect to DB
Mon, 30 Dec 2019 07:19:48 - INFO - TRIZMA DB import
Mon, 30 Dec 2019 07:19:48 - INFO - Failed on TRIZMA DB import at: 2019-12-30_07-03-10, for following calling party: 493423606094, for agent id: trz_sstankovic, with error:(pyodbc.DataError) ('22001', '[22001] [Microsoft][ODBC Driver 17 for SQL Server][SQL Server]String or binary data would be truncated. (8152) (SQLExecDirectW)')
[SQL: insert into records values('CC2Servicenummer','Belgrad','Nicht 端bermittelt','trz_sstankovic',                                  '493423606094','','Nicht 端bermittelt','493423606094_Thursday, November 28, 2019_5:51:40 PM')]
(Background on this error at: http://sqlalche.me/e/9h9h)
Mon, 30 Dec 2019 07:19:48 - INFO - 123TV DB import
Mon, 30 Dec 2019 07:23:38 - INFO - Connect to DB
Mon, 30 Dec 2019 07:23:38 - INFO - TRIZMA DB import
Mon, 30 Dec 2019 07:23:38 - INFO - Failed on TRIZMA DB import at: 2019-12-30_07-03-10, for following calling party: 493496552437, for agent id: trz_sstankovic, with error:(pyodbc.DataError) ('22001', '[22001] [Microsoft][ODBC Driver 17 for SQL Server][SQL Server]String or binary data would be truncated. (8152) (SQLExecDirectW)')
[SQL: insert into records values('CC2Servicenummer','Belgrad','Nicht 端bermittelt','trz_sstankovic',                                  '493496552437','','Nicht 端bermittelt','493496552437_Wednesday, December 11, 2019_6:50:57 PM')]
(Background on this error at: http://sqlalche.me/e/9h9h)
Mon, 30 Dec 2019 07:23:38 - INFO - 123TV DB import
Mon, 30 Dec 2019 07:24:39 - INFO - Connect to DB
Mon, 30 Dec 2019 07:24:39 - INFO - TRIZMA DB import
Mon, 30 Dec 2019 07:24:39 - INFO - 123TV DB import
