Fri, 10 Jan 2020 12:27:08 - INFO - Connect to DB
Fri, 10 Jan 2020 12:27:08 - INFO - TRIZMA DB import
Fri, 10 Jan 2020 12:27:08 - INFO - 123TV DB import
Fri, 10 Jan 2020 12:32:38 - INFO - Connect to DB
Fri, 10 Jan 2020 12:32:38 - INFO - TRIZMA DB import
Fri, 10 Jan 2020 12:32:38 - INFO - 123TV DB import
Fri, 10 Jan 2020 12:33:11 - INFO - Connect to DB
Fri, 10 Jan 2020 12:33:11 - INFO - TRIZMA DB import
Fri, 10 Jan 2020 12:33:11 - INFO - 123TV DB import
Fri, 10 Jan 2020 12:33:35 - INFO - Connect to DB
Fri, 10 Jan 2020 12:33:35 - INFO - TRIZMA DB import
Fri, 10 Jan 2020 12:33:35 - INFO - Failed on TRIZMA DB import at: 2020-01-10_12-26-00, for following calling party: 491729020341, for agent id: trz_madamovic, with error:(pyodbc.DataError) ('22001', '[22001] [Microsoft][ODBC Driver 17 for SQL Server][SQL Server]String or binary data would be truncated. (8152) (SQLExecDirectW)')
[SQL: insert into records values('CC2Servicenummer','Belgrad','Nicht 端bermittelt','trz_madamovic',                                  '491729020341','','Nicht 端bermittelt','491729020341_Thursday, January 09, 2020_11:39:25 AM')]
(Background on this error at: http://sqlalche.me/e/9h9h)
Fri, 10 Jan 2020 12:33:35 - INFO - 123TV DB import
Fri, 10 Jan 2020 12:33:40 - INFO - Connect to DB
Fri, 10 Jan 2020 12:33:41 - INFO - TRIZMA DB import
Fri, 10 Jan 2020 12:33:41 - INFO - Failed on TRIZMA DB import at: 2020-01-10_12-26-00, for following calling party: 4917624669438, for agent id: trz_madamovic, with error:(pyodbc.DataError) ('22001', '[22001] [Microsoft][ODBC Driver 17 for SQL Server][SQL Server]String or binary data would be truncated. (8152) (SQLExecDirectW)')
[SQL: insert into records values('CC2Servicenummer','Belgrad','Nicht 端bermittelt','trz_madamovic',                                  '4917624669438','','Nicht 端bermittelt','4917624669438_Thursday, January 09, 2020_11:57:21 AM')]
(Background on this error at: http://sqlalche.me/e/9h9h)
Fri, 10 Jan 2020 12:33:41 - INFO - 123TV DB import
