Fri, 24 Jan 2020 07:07:05 - INFO - Connect to DB
Fri, 24 Jan 2020 07:07:05 - INFO - TRIZMA DB import
Fri, 24 Jan 2020 07:07:05 - INFO - 123TV DB import
Fri, 24 Jan 2020 07:08:19 - INFO - Connect to DB
Fri, 24 Jan 2020 07:08:19 - INFO - TRIZMA DB import
Fri, 24 Jan 2020 07:08:19 - INFO - 123TV DB import
Fri, 24 Jan 2020 07:09:35 - INFO - Connect to DB
Fri, 24 Jan 2020 07:09:35 - INFO - TRIZMA DB import
Fri, 24 Jan 2020 07:09:35 - INFO - 123TV DB import
Fri, 24 Jan 2020 07:15:09 - INFO - Connect to DB
Fri, 24 Jan 2020 07:15:09 - INFO - TRIZMA DB import
Fri, 24 Jan 2020 07:15:09 - INFO - 123TV DB import
Fri, 24 Jan 2020 07:17:43 - INFO - Connect to DB
Fri, 24 Jan 2020 07:17:43 - INFO - TRIZMA DB import
Fri, 24 Jan 2020 07:17:43 - INFO - 123TV DB import
Fri, 24 Jan 2020 07:21:45 - INFO - Connect to DB
Fri, 24 Jan 2020 07:21:45 - INFO - TRIZMA DB import
Fri, 24 Jan 2020 07:21:45 - INFO - 123TV DB import
Fri, 24 Jan 2020 07:22:32 - INFO - Connect to DB
Fri, 24 Jan 2020 07:22:32 - INFO - TRIZMA DB import
Fri, 24 Jan 2020 07:22:32 - INFO - 123TV DB import
Fri, 24 Jan 2020 07:23:15 - INFO - Connect to DB
Fri, 24 Jan 2020 07:23:15 - INFO - TRIZMA DB import
Fri, 24 Jan 2020 07:23:15 - INFO - 123TV DB import
Fri, 24 Jan 2020 07:23:52 - INFO - Connect to DB
Fri, 24 Jan 2020 07:23:52 - INFO - TRIZMA DB import
Fri, 24 Jan 2020 07:23:52 - INFO - 123TV DB import
Fri, 24 Jan 2020 07:24:04 - INFO - Connect to DB
Fri, 24 Jan 2020 07:24:04 - INFO - TRIZMA DB import
Fri, 24 Jan 2020 07:24:04 - INFO - 123TV DB import
Fri, 24 Jan 2020 07:24:27 - INFO - Connect to DB
Fri, 24 Jan 2020 07:24:27 - INFO - TRIZMA DB import
Fri, 24 Jan 2020 07:24:27 - INFO - 123TV DB import
Fri, 24 Jan 2020 07:26:07 - INFO - Connect to DB
Fri, 24 Jan 2020 07:26:07 - INFO - TRIZMA DB import
Fri, 24 Jan 2020 07:26:07 - INFO - 123TV DB import
Fri, 24 Jan 2020 07:29:04 - INFO - Connect to DB
Fri, 24 Jan 2020 07:29:04 - INFO - TRIZMA DB import
Fri, 24 Jan 2020 07:29:04 - INFO - 123TV DB import
Fri, 24 Jan 2020 07:29:27 - INFO - Connect to DB
Fri, 24 Jan 2020 07:29:27 - INFO - TRIZMA DB import
Fri, 24 Jan 2020 07:29:27 - INFO - 123TV DB import
Fri, 24 Jan 2020 07:29:54 - INFO - Connect to DB
Fri, 24 Jan 2020 07:29:54 - INFO - TRIZMA DB import
Fri, 24 Jan 2020 07:29:54 - INFO - 123TV DB import
Fri, 24 Jan 2020 07:30:17 - INFO - Connect to DB
Fri, 24 Jan 2020 07:30:17 - INFO - TRIZMA DB import
Fri, 24 Jan 2020 07:30:17 - INFO - 123TV DB import
Fri, 24 Jan 2020 07:35:39 - INFO - Connect to DB
Fri, 24 Jan 2020 07:35:39 - INFO - TRIZMA DB import
Fri, 24 Jan 2020 07:35:39 - INFO - 123TV DB import
Fri, 24 Jan 2020 07:36:29 - INFO - Connect to DB
Fri, 24 Jan 2020 07:36:29 - INFO - TRIZMA DB import
Fri, 24 Jan 2020 07:36:29 - INFO - 123TV DB import
Fri, 24 Jan 2020 07:38:15 - INFO - Connect to DB
Fri, 24 Jan 2020 07:38:15 - INFO - TRIZMA DB import
Fri, 24 Jan 2020 07:38:15 - INFO - 123TV DB import
Fri, 24 Jan 2020 07:38:38 - INFO - Connect to DB
Fri, 24 Jan 2020 07:38:38 - INFO - TRIZMA DB import
Fri, 24 Jan 2020 07:38:38 - INFO - 123TV DB import
Fri, 24 Jan 2020 07:39:42 - INFO - Connect to DB
Fri, 24 Jan 2020 07:39:42 - INFO - TRIZMA DB import
Fri, 24 Jan 2020 07:39:42 - INFO - 123TV DB import
Fri, 24 Jan 2020 07:39:53 - INFO - Connect to DB
Fri, 24 Jan 2020 07:39:53 - INFO - TRIZMA DB import
Fri, 24 Jan 2020 07:39:53 - INFO - 123TV DB import
Fri, 24 Jan 2020 07:39:59 - INFO - Connect to DB
Fri, 24 Jan 2020 07:39:59 - INFO - TRIZMA DB import
Fri, 24 Jan 2020 07:39:59 - INFO - 123TV DB import
Fri, 24 Jan 2020 07:40:05 - INFO - Connect to DB
Fri, 24 Jan 2020 07:40:05 - INFO - TRIZMA DB import
Fri, 24 Jan 2020 07:40:05 - INFO - 123TV DB import
Fri, 24 Jan 2020 07:40:32 - INFO - Connect to DB
Fri, 24 Jan 2020 07:40:32 - INFO - TRIZMA DB import
Fri, 24 Jan 2020 07:40:32 - INFO - 123TV DB import
Fri, 24 Jan 2020 07:40:38 - INFO - Connect to DB
Fri, 24 Jan 2020 07:40:38 - INFO - TRIZMA DB import
Fri, 24 Jan 2020 07:40:38 - INFO - 123TV DB import
Fri, 24 Jan 2020 07:41:00 - INFO - Connect to DB
Fri, 24 Jan 2020 07:41:00 - INFO - TRIZMA DB import
Fri, 24 Jan 2020 07:41:00 - INFO - 123TV DB import
Fri, 24 Jan 2020 07:42:02 - INFO - Connect to DB
Fri, 24 Jan 2020 07:42:02 - INFO - TRIZMA DB import
Fri, 24 Jan 2020 07:42:02 - INFO - 123TV DB import
Fri, 24 Jan 2020 07:42:59 - INFO - Connect to DB
Fri, 24 Jan 2020 07:42:59 - INFO - TRIZMA DB import
Fri, 24 Jan 2020 07:42:59 - INFO - 123TV DB import
Fri, 24 Jan 2020 07:43:04 - INFO - Connect to DB
Fri, 24 Jan 2020 07:43:04 - INFO - TRIZMA DB import
Fri, 24 Jan 2020 07:43:04 - INFO - 123TV DB import
Fri, 24 Jan 2020 07:54:14 - INFO - Connect to DB
Fri, 24 Jan 2020 07:54:14 - INFO - TRIZMA DB import
Fri, 24 Jan 2020 07:54:14 - INFO - 123TV DB import
Fri, 24 Jan 2020 07:54:19 - INFO - Failed on 123TV DB import at: 2020-01-23_18-53-52, for following calling party: 4986691308427, for agent id: 3067, with error:Server returned response (200) with invalid XML: Invalid XML content received (Document is empty, line 1, column 1).
Content: b''
TV DB import
Fri, 24 Jan 2020 07:53:21 - INFO - Failed on 123TV DB import at: 2020-01-23_18-33-50, for following calling party: 493881755299, for agent id: 3067, with error:Server returned response (200) with invalid XML: Invalid XML content received (Document is empty, line 1, column 1).
Content: b''
Fri, 24 Jan 2020 07:54:20 - INFO - Connect to DB
Fri, 24 Jan 2020 07:54:20 - INFO - TRIZMA DB import
Fri, 24 Jan 2020 07:54:20 - INFO - 123TV DB import
Fri, 24 Jan 2020 07:54:25 - INFO - Failed on 123TV DB import at: 2020-01-23_18-33-50, for following calling party: 493652267550, for agent id: 3067, with error:Server returned response (200) with invalid XML: Invalid XML content received (Document is empty, line 1, column 1).
Content: b''
Fri, 24 Jan 2020 07:57:48 - INFO - Connect to DB
Fri, 24 Jan 2020 07:57:48 - INFO - TRIZMA DB import
Fri, 24 Jan 2020 07:57:48 - INFO - 123TV DB import
Fri, 24 Jan 2020 07:57:53 - INFO - Failed on 123TV DB import at: 2020-01-23_18-33-50, for following calling party: 497083927931, for agent id: 3067, with error:Server returned response (200) with invalid XML: Invalid XML content received (Document is empty, line 1, column 1).
Content: b''
Fri, 24 Jan 2020 08:00:55 - INFO - Connect to DB
Fri, 24 Jan 2020 08:00:56 - INFO - TRIZMA DB import
Fri, 24 Jan 2020 08:00:56 - INFO - 123TV DB import
Fri, 24 Jan 2020 08:01:01 - INFO - Failed on 123TV DB import at: 2020-01-23_18-33-50, for following calling party: 4941888881080, for agent id: 3098, with error:Server returned response (200) with invalid XML: Invalid XML content received (Document is empty, line 1, column 1).
Content: b''
ri, 24 Jan 2020 07:53:43 - INFO - Connect to DB
Fri, 24 Jan 2020 07:53:43 - INFO - TRIZMA DB import
Fri, 24 Jan 2020 07:53:43 - INFO - 123TV DB import
Fri, 24 Jan 2020 07:53:48 - INFO - Failed on 123TV DB import at: 2020-01-23_17-27-36, for following calling party: 493715612646, for agent id: 3067, with error:Server returned response (200) with invalid XML: Invalid XML content received (Document is empty, line 1, column 1).
Content: b''
