Fri, 27 Dec 2019 11:49:04 - INFO - Connect to DB
Fri, 27 Dec 2019 11:49:04 - INFO - TRIZMA DB import
Fri, 27 Dec 2019 11:49:04 - INFO - 123TV DB import
Fri, 27 Dec 2019 11:59:33 - INFO - Connect to DB
Fri, 27 Dec 2019 11:59:33 - INFO - TRIZMA DB import
Fri, 27 Dec 2019 11:59:33 - INFO - 123TV DB import
Fri, 27 Dec 2019 12:01:48 - INFO - Connect to DB
Fri, 27 Dec 2019 12:01:48 - INFO - TRIZMA DB import
Fri, 27 Dec 2019 12:01:48 - INFO - Failed on TRIZMA DB import at: 2019-12-27_11-42-49, for following calling party: 4964197191699, for agent id: trz_sstankovic, with error:(pyodbc.DataError) ('22001', '[22001] [Microsoft][ODBC Driver 17 for SQL Server][SQL Server]String or binary data would be truncated. (8152) (SQLExecDirectW)')
[SQL: insert into records values('CC2Servicenummer','Belgrad','Nicht 端bermittelt','trz_sstankovic',                                  '4964197191699','','Nicht 端bermittelt','4964197191699_Thursday, December 19, 2019_12:43:29 PM')]
(Background on this error at: http://sqlalche.me/e/9h9h)
Fri, 27 Dec 2019 12:01:48 - INFO - 123TV DB import
Fri, 27 Dec 2019 12:02:24 - INFO - Connect to DB
Fri, 27 Dec 2019 12:02:24 - INFO - TRIZMA DB import
Fri, 27 Dec 2019 12:02:24 - INFO - Failed on TRIZMA DB import at: 2019-12-27_11-42-49, for following calling party: 493343635369, for agent id: trz_sstankovic, with error:(pyodbc.DataError) ('22001', '[22001] [Microsoft][ODBC Driver 17 for SQL Server][SQL Server]String or binary data would be truncated. (8152) (SQLExecDirectW)')
[SQL: insert into records values('CC2Servicenummer','Belgrad','Nicht 端bermittelt','trz_sstankovic',                                  '493343635369','','Nicht 端bermittelt','493343635369_Thursday, December 19, 2019_2:12:51 PM')]
(Background on this error at: http://sqlalche.me/e/9h9h)
Fri, 27 Dec 2019 12:02:24 - INFO - 123TV DB import
Fri, 27 Dec 2019 12:05:17 - INFO - Connect to DB
Fri, 27 Dec 2019 12:05:17 - INFO - TRIZMA DB import
Fri, 27 Dec 2019 12:05:17 - INFO - 123TV DB import
