Fri, 10 Jan 2020 13:21:28 - INFO - Connect to DB
Fri, 10 Jan 2020 13:21:28 - INFO - TRIZMA DB import
Fri, 10 Jan 2020 13:21:28 - INFO - Failed on TRIZMA DB import at: 2020-01-10_13-12-58, for following calling party: 4991193769222, for agent id: trz_bmaksimovic, with error:(pyodbc.DataError) ('22001', '[22001] [Microsoft][ODBC Driver 17 for SQL Server][SQL Server]String or binary data would be truncated. (8152) (SQLExecDirectW)')
[SQL: insert into records values('CC2Servicenummer','Belgrad','Nicht übermittelt','trz_bmaksimovic',                                  '4991193769222','','Nicht übermittelt','4991193769222_Wednesday, January 8, 2020_2:11:31 PM')]
(Background on this error at: http://sqlalche.me/e/9h9h)
Fri, 10 Jan 2020 13:21:28 - INFO - 123TV DB import
Fri, 10 Jan 2020 13:27:10 - INFO - Connect to DB
Fri, 10 Jan 2020 13:27:10 - INFO - TRIZMA DB import
Fri, 10 Jan 2020 13:27:10 - INFO - 123TV DB import
Fri, 10 Jan 2020 13:33:26 - INFO - Connect to DB
Fri, 10 Jan 2020 13:33:26 - INFO - TRIZMA DB import
Fri, 10 Jan 2020 13:33:26 - INFO - 123TV DB import
Fri, 10 Jan 2020 13:38:20 - INFO - Connect to DB
Fri, 10 Jan 2020 13:38:20 - INFO - TRIZMA DB import
Fri, 10 Jan 2020 13:38:20 - INFO - 123TV DB import
Fri, 10 Jan 2020 13:39:12 - INFO - Connect to DB
Fri, 10 Jan 2020 13:39:12 - INFO - TRIZMA DB import
Fri, 10 Jan 2020 13:39:12 - INFO - 123TV DB import
Fri, 10 Jan 2020 13:39:27 - INFO - Connect to DB
Fri, 10 Jan 2020 13:39:27 - INFO - TRIZMA DB import
Fri, 10 Jan 2020 13:39:27 - INFO - 123TV DB import
Fri, 10 Jan 2020 13:40:08 - INFO - Connect to DB
Fri, 10 Jan 2020 13:40:08 - INFO - TRIZMA DB import
Fri, 10 Jan 2020 13:40:08 - INFO - 123TV DB import
Fri, 10 Jan 2020 13:42:36 - INFO - Connect to DB
Fri, 10 Jan 2020 13:42:36 - INFO - TRIZMA DB import
Fri, 10 Jan 2020 13:42:36 - INFO - 123TV DB import
Fri, 10 Jan 2020 13:46:37 - INFO - Connect to DB
Fri, 10 Jan 2020 13:46:37 - INFO - TRIZMA DB import
Fri, 10 Jan 2020 13:46:37 - INFO - 123TV DB import
