Thu, 16 Jan 2020 10:47:48 - INFO - Connect to DB
Thu, 16 Jan 2020 10:47:48 - INFO - TRIZMA DB import
Thu, 16 Jan 2020 10:47:48 - INFO - Failed on TRIZMA DB import at: 2020-01-16_10-37-52, for following calling party: 496969867916, for agent id: trz_hjovic, with error:(pyodbc.DataError) ('22001', '[22001] [Microsoft][ODBC Driver 17 for SQL Server][SQL Server]String or binary data would be truncated. (8152) (SQLExecDirectW)')
[SQL: insert into records values('CC2Servicenummer','Belgrad','Nicht übermittelt','trz_hjovic',                                 '496969867916','','Nicht übermittelt','496969867916_Thursday, January 16, 2020_11:47:45 AM','HRI_JOVIC')]
(Background on this error at: http://sqlalche.me/e/9h9h)
Thu, 16 Jan 2020 10:47:48 - INFO - 123TV DB import
Thu, 16 Jan 2020 10:56:35 - INFO - Connect to DB
Thu, 16 Jan 2020 10:56:35 - INFO - TRIZMA DB import
Thu, 16 Jan 2020 10:56:35 - INFO - Failed on TRIZMA DB import at: 2020-01-16_10-37-52, for following calling party: 493469120044, for agent id: trz_bmaksimovic, with error:(pyodbc.DataError) ('22001', '[22001] [Microsoft][ODBC Driver 17 for SQL Server][SQL Server]String or binary data would be truncated. (8152) (SQLExecDirectW)')
[SQL: insert into records values('CC2Servicenummer','Belgrad','Nicht übermittelt','trz_bmaksimovic',                                 '493469120044','','Nicht übermittelt','493469120044_Wednesday, January 15, 2020_4:06:05 PM','BOR_MAKSIM')]
(Background on this error at: http://sqlalche.me/e/9h9h)
Thu, 16 Jan 2020 10:56:35 - INFO - 123TV DB import
Thu, 16 Jan 2020 10:56:47 - INFO - Connect to DB
Thu, 16 Jan 2020 10:56:47 - INFO - TRIZMA DB import
Thu, 16 Jan 2020 10:56:47 - INFO - Failed on TRIZMA DB import at: 2020-01-16_10-37-52, for following calling party: 491734651773, for agent id: trz_bmaksimovic, with error:(pyodbc.DataError) ('22001', '[22001] [Microsoft][ODBC Driver 17 for SQL Server][SQL Server]String or binary data would be truncated. (8152) (SQLExecDirectW)')
[SQL: insert into records values('CC2Servicenummer','Belgrad','Nicht übermittelt','trz_bmaksimovic',                                 '491734651773','','Nicht übermittelt','491734651773_Wednesday, January 15, 2020_4:13:13 PM','BOR_MAKSIM')]
(Background on this error at: http://sqlalche.me/e/9h9h)
Thu, 16 Jan 2020 10:56:47 - INFO - 123TV DB import
Thu, 16 Jan 2020 10:58:20 - INFO - Connect to DB
Thu, 16 Jan 2020 10:58:20 - INFO - TRIZMA DB import
Thu, 16 Jan 2020 10:58:20 - INFO - Failed on TRIZMA DB import at: 2020-01-16_10-37-52, for following calling party: 4938133729271, for agent id: trz_hjovic, with error:(pyodbc.DataError) ('22001', '[22001] [Microsoft][ODBC Driver 17 for SQL Server][SQL Server]String or binary data would be truncated. (8152) (SQLExecDirectW)')
[SQL: insert into records values('CC2Servicenummer','Belgrad','Nicht übermittelt','trz_hjovic',                                 '4938133729271','','Nicht übermittelt','4938133729271_Thursday, January 16, 2020_11:58:16 AM','HRI_JOVIC')]
(Background on this error at: http://sqlalche.me/e/9h9h)
Thu, 16 Jan 2020 10:58:20 - INFO - 123TV DB import
Thu, 16 Jan 2020 10:59:24 - INFO - Connect to DB
Thu, 16 Jan 2020 10:59:24 - INFO - TRIZMA DB import
Thu, 16 Jan 2020 10:59:25 - INFO - 123TV DB import
Thu, 16 Jan 2020 11:01:38 - INFO - Connect to DB
Thu, 16 Jan 2020 11:01:38 - INFO - TRIZMA DB import
Thu, 16 Jan 2020 11:01:38 - INFO - 123TV DB import
Thu, 16 Jan 2020 11:04:20 - INFO - Connect to DB
Thu, 16 Jan 2020 11:04:20 - INFO - TRIZMA DB import
Thu, 16 Jan 2020 11:04:21 - INFO - Failed on TRIZMA DB import at: 2020-01-16_10-37-52, for following calling party: 4982333892700, for agent id: trz_bmaksimovic, with error:(pyodbc.DataError) ('22001', '[22001] [Microsoft][ODBC Driver 17 for SQL Server][SQL Server]String or binary data would be truncated. (8152) (SQLExecDirectW)')
[SQL: insert into records values('CC2Servicenummer','Belgrad','Nicht übermittelt','trz_bmaksimovic',                                 '4982333892700','','Nicht übermittelt','4982333892700_Wednesday, January 15, 2020_6:50:17 PM','BOR_MAKSIM')]
(Background on this error at: http://sqlalche.me/e/9h9h)
Thu, 16 Jan 2020 11:04:21 - INFO - 123TV DB import
Thu, 16 Jan 2020 11:09:55 - INFO - Connect to DB
Thu, 16 Jan 2020 11:09:55 - INFO - TRIZMA DB import
Thu, 16 Jan 2020 11:09:55 - INFO - Failed on TRIZMA DB import at: 2020-01-16_10-37-52, for following calling party: 493375292140, for agent id: trz_madamovic, with error:(pyodbc.DataError) ('22001', '[22001] [Microsoft][ODBC Driver 17 for SQL Server][SQL Server]String or binary data would be truncated. (8152) (SQLExecDirectW)')
[SQL: insert into records values('CC2Servicenummer','Belgrad','Nicht übermittelt','trz_madamovic',                                 '493375292140','','Nicht übermittelt','493375292140_Thursday, January 16, 2020_12:09:51 PM','MIL_ADAMOV')]
(Background on this error at: http://sqlalche.me/e/9h9h)
Thu, 16 Jan 2020 11:09:55 - INFO - 123TV DB import
