Wed, 01 Jan 2020 10:42:29 - INFO - Connect to DB
Wed, 01 Jan 2020 10:42:29 - INFO - TRIZMA DB import
Wed, 01 Jan 2020 10:42:29 - INFO - 123TV DB import
Wed, 01 Jan 2020 10:55:36 - INFO - Connect to DB
Wed, 01 Jan 2020 10:55:36 - INFO - TRIZMA DB import
Wed, 01 Jan 2020 10:55:36 - INFO - Failed on TRIZMA DB import at: 2020-01-01_10-29-59, for following calling party: 493541712774, for agent id: trz_hjovic, with error:(pyodbc.DataError) ('22001', '[22001] [Microsoft][ODBC Driver 17 for SQL Server][SQL Server]String or binary data would be truncated. (8152) (SQLExecDirectW)')
[SQL: insert into records values('CC2Servicenummer','Belgrad','Nicht übermittelt','trz_hjovic',                                  '493541712774','','Nicht übermittelt','493541712774_Wednesday, January 1, 2020_11:55:36 AM')]
(Background on this error at: http://sqlalche.me/e/9h9h)
Wed, 01 Jan 2020 10:55:36 - INFO - 123TV DB import
Wed, 01 Jan 2020 11:37:04 - INFO - Connect to DB
Wed, 01 Jan 2020 11:37:04 - INFO - TRIZMA DB import
Wed, 01 Jan 2020 11:37:05 - INFO - Failed on TRIZMA DB import at: 2020-01-01_10-29-59, for following calling party: 4963623096432, for agent id: trz_tjurjevic, with error:(pyodbc.DataError) ('22001', '[22001] [Microsoft][ODBC Driver 17 for SQL Server][SQL Server]String or binary data would be truncated. (8152) (SQLExecDirectW)')
[SQL: insert into records values('CC2Servicenummer','Belgrad','Nicht übermittelt','trz_tjurjevic',                                  '4963623096432','','Nicht übermittelt','4963623096432_Wednesday, January 01, 2020_12:36:59 PM')]
(Background on this error at: http://sqlalche.me/e/9h9h)
Wed, 01 Jan 2020 11:37:05 - INFO - 123TV DB import
Wed, 01 Jan 2020 11:47:13 - INFO - Connect to DB
Wed, 01 Jan 2020 11:47:13 - INFO - TRIZMA DB import
Wed, 01 Jan 2020 11:47:13 - INFO - Failed on TRIZMA DB import at: 2020-01-01_10-29-59, for following calling party: 491736672808, for agent id: trz_bmaksimovic, with error:(pyodbc.DataError) ('22001', '[22001] [Microsoft][ODBC Driver 17 for SQL Server][SQL Server]String or binary data would be truncated. (8152) (SQLExecDirectW)')
[SQL: insert into records values('CC2Servicenummer','Belgrad','Nicht übermittelt','trz_bmaksimovic',                                  '491736672808','','Nicht übermittelt','491736672808_Saturday, December 28, 2019_12:04:13 PM')]
(Background on this error at: http://sqlalche.me/e/9h9h)
Wed, 01 Jan 2020 11:47:13 - INFO - 123TV DB import
Wed, 01 Jan 2020 11:57:45 - INFO - Connect to DB
Wed, 01 Jan 2020 11:57:45 - INFO - TRIZMA DB import
Wed, 01 Jan 2020 11:57:45 - INFO - Failed on TRIZMA DB import at: 2020-01-01_10-29-59, for following calling party: 493662621267, for agent id: trz_bmaksimovic, with error:(pyodbc.DataError) ('22001', '[22001] [Microsoft][ODBC Driver 17 for SQL Server][SQL Server]String or binary data would be truncated. (8152) (SQLExecDirectW)')
[SQL: insert into records values('CC2Servicenummer','Belgrad','Nicht übermittelt','trz_bmaksimovic',                                  '493662621267','','Nicht übermittelt','493662621267_Saturday, December 28, 2019_1:30:26 PM')]
(Background on this error at: http://sqlalche.me/e/9h9h)
Wed, 01 Jan 2020 11:57:45 - INFO - 123TV DB import
Wed, 01 Jan 2020 11:58:08 - INFO - Connect to DB
Wed, 01 Jan 2020 11:58:08 - INFO - TRIZMA DB import
Wed, 01 Jan 2020 11:58:08 - INFO - Failed on TRIZMA DB import at: 2020-01-01_10-29-59, for following calling party: 493682487503, for agent id: trz_bmaksimovic, with error:(pyodbc.DataError) ('22001', '[22001] [Microsoft][ODBC Driver 17 for SQL Server][SQL Server]String or binary data would be truncated. (8152) (SQLExecDirectW)')
[SQL: insert into records values('CC2Servicenummer','Belgrad','Nicht übermittelt','trz_bmaksimovic',                                  '493682487503','','Nicht übermittelt','493682487503_Saturday, December 28, 2019_2:59:54 PM')]
(Background on this error at: http://sqlalche.me/e/9h9h)
Wed, 01 Jan 2020 11:58:08 - INFO - 123TV DB import
Wed, 01 Jan 2020 11:58:45 - INFO - Connect to DB
Wed, 01 Jan 2020 11:58:45 - INFO - TRIZMA DB import
Wed, 01 Jan 2020 11:58:45 - INFO - Failed on TRIZMA DB import at: 2020-01-01_10-29-59, for following calling party: 493829414193, for agent id: trz_bmaksimovic, with error:(pyodbc.DataError) ('22001', '[22001] [Microsoft][ODBC Driver 17 for SQL Server][SQL Server]String or binary data would be truncated. (8152) (SQLExecDirectW)')
[SQL: insert into records values('CC2Servicenummer','Belgrad','Nicht übermittelt','trz_bmaksimovic',                                  '493829414193','','Nicht übermittelt','493829414193_Saturday, December 28, 2019_4:34:52 PM')]
(Background on this error at: http://sqlalche.me/e/9h9h)
Wed, 01 Jan 2020 11:58:45 - INFO - 123TV DB import
Wed, 01 Jan 2020 11:59:22 - INFO - Connect to DB
Wed, 01 Jan 2020 11:59:22 - INFO - TRIZMA DB import
Wed, 01 Jan 2020 11:59:22 - INFO - 123TV DB import
Wed, 01 Jan 2020 11:59:27 - INFO - Connect to DB
Wed, 01 Jan 2020 11:59:27 - INFO - TRIZMA DB import
Wed, 01 Jan 2020 11:59:27 - INFO - Failed on TRIZMA DB import at: 2020-01-01_10-29-59, for following calling party: 497121580124, for agent id: trz_bmaksimovic, with error:(pyodbc.DataError) ('22001', '[22001] [Microsoft][ODBC Driver 17 for SQL Server][SQL Server]String or binary data would be truncated. (8152) (SQLExecDirectW)')
[SQL: insert into records values('CC2Servicenummer','Belgrad','Nicht übermittelt','trz_bmaksimovic',                                  '497121580124','','Nicht übermittelt','497121580124_Saturday, December 28, 2019_5:30:56 PM')]
(Background on this error at: http://sqlalche.me/e/9h9h)
Wed, 01 Jan 2020 11:59:27 - INFO - 123TV DB import
Wed, 01 Jan 2020 11:59:33 - INFO - Connect to DB
Wed, 01 Jan 2020 11:59:33 - INFO - TRIZMA DB import
Wed, 01 Jan 2020 11:59:33 - INFO - Failed on TRIZMA DB import at: 2020-01-01_10-29-59, for following calling party: 492346406500, for agent id: trz_bmaksimovic, with error:(pyodbc.DataError) ('22001', '[22001] [Microsoft][ODBC Driver 17 for SQL Server][SQL Server]String or binary data would be truncated. (8152) (SQLExecDirectW)')
[SQL: insert into records values('CC2Servicenummer','Belgrad','Nicht übermittelt','trz_bmaksimovic',                                  '492346406500','','Nicht übermittelt','492346406500_Saturday, December 28, 2019_5:37:41 PM')]
(Background on this error at: http://sqlalche.me/e/9h9h)
Wed, 01 Jan 2020 11:59:33 - INFO - 123TV DB import
Wed, 01 Jan 2020 11:59:57 - INFO - Connect to DB
Wed, 01 Jan 2020 11:59:57 - INFO - TRIZMA DB import
Wed, 01 Jan 2020 11:59:57 - INFO - 123TV DB import
Wed, 01 Jan 2020 12:00:12 - INFO - Connect to DB
Wed, 01 Jan 2020 12:00:12 - INFO - TRIZMA DB import
Wed, 01 Jan 2020 12:00:13 - INFO - 123TV DB import
Wed, 01 Jan 2020 12:00:47 - INFO - Connect to DB
Wed, 01 Jan 2020 12:00:47 - INFO - TRIZMA DB import
Wed, 01 Jan 2020 12:00:47 - INFO - 123TV DB import
