Fri, 10 Jan 2020 10:03:35 - INFO - Connect to DB
Fri, 10 Jan 2020 10:03:35 - INFO - TRIZMA DB import
Fri, 10 Jan 2020 10:03:35 - INFO - 123TV DB import
Fri, 10 Jan 2020 10:03:41 - INFO - Failed on 123TV DB import at: 2020-01-10_09-49-11, for following calling party: , for agent id: 3122, with error:Call to undefined method ImportCallMetaData::Message()
Fri, 10 Jan 2020 10:06:51 - INFO - Connect to DB
Fri, 10 Jan 2020 10:06:51 - INFO - TRIZMA DB import
Fri, 10 Jan 2020 10:06:51 - INFO - 123TV DB import
Fri, 10 Jan 2020 10:20:29 - INFO - Connect to DB
Fri, 10 Jan 2020 10:20:29 - INFO - TRIZMA DB import
Fri, 10 Jan 2020 10:20:29 - INFO - Failed on TRIZMA DB import at: 2020-01-10_09-49-11, for following calling party: 493662621267, for agent id: trz_bmaksimovic, with error:(pyodbc.DataError) ('22001', '[22001] [Microsoft][ODBC Driver 17 for SQL Server][SQL Server]String or binary data would be truncated. (8152) (SQLExecDirectW)')
[SQL: insert into records values('CC2Servicenummer','Belgrad','Nicht 端bermittelt','trz_bmaksimovic',                                  '493662621267','','Nicht 端bermittelt','493662621267_Saturday, December 28, 2019_1:30:26 PM')]
(Background on this error at: http://sqlalche.me/e/9h9h)
Fri, 10 Jan 2020 10:20:29 - INFO - 123TV DB import
Fri, 10 Jan 2020 10:31:28 - INFO - Connect to DB
Fri, 10 Jan 2020 10:31:28 - INFO - TRIZMA DB import
Fri, 10 Jan 2020 10:31:28 - INFO - Failed on TRIZMA DB import at: 2020-01-10_09-49-11, for following calling party: 498322959035, for agent id: trz_bmaksimovic, with error:(pyodbc.DataError) ('22001', '[22001] [Microsoft][ODBC Driver 17 for SQL Server][SQL Server]String or binary data would be truncated. (8152) (SQLExecDirectW)')
[SQL: insert into records values('CC2Servicenummer','Belgrad','Nicht 端bermittelt','trz_bmaksimovic',                                  '498322959035','','Nicht 端bermittelt','498322959035_Saturday, December 28, 2019_4:18:21 PM')]
(Background on this error at: http://sqlalche.me/e/9h9h)
Fri, 10 Jan 2020 10:31:28 - INFO - 123TV DB import
Fri, 10 Jan 2020 10:32:29 - INFO - Connect to DB
Fri, 10 Jan 2020 10:32:29 - INFO - TRIZMA DB import
Fri, 10 Jan 2020 10:32:29 - INFO - 123TV DB import
Fri, 10 Jan 2020 10:32:44 - INFO - Connect to DB
Fri, 10 Jan 2020 10:32:44 - INFO - TRIZMA DB import
Fri, 10 Jan 2020 10:32:44 - INFO - 123TV DB import
