Thu, 02 Jan 2020 07:31:26 - INFO - Connect to DB
Thu, 02 Jan 2020 07:31:26 - INFO - TRIZMA DB import
Thu, 02 Jan 2020 07:31:26 - INFO - 123TV DB import
Thu, 02 Jan 2020 07:36:05 - INFO - Connect to DB
Thu, 02 Jan 2020 07:36:05 - INFO - TRIZMA DB import
Thu, 02 Jan 2020 07:36:05 - INFO - 123TV DB import
Thu, 02 Jan 2020 07:37:02 - INFO - Connect to DB
Thu, 02 Jan 2020 07:37:02 - INFO - TRIZMA DB import
Thu, 02 Jan 2020 07:37:02 - INFO - 123TV DB import
Thu, 02 Jan 2020 07:37:27 - INFO - Connect to DB
Thu, 02 Jan 2020 07:37:27 - INFO - TRIZMA DB import
Thu, 02 Jan 2020 07:37:27 - INFO - Failed on TRIZMA DB import at: 2020-01-02_07-29-47, for following calling party: 493682464337, for agent id: trz_sstankovic, with error:(pyodbc.DataError) ('22001', '[22001] [Microsoft][ODBC Driver 17 for SQL Server][SQL Server]String or binary data would be truncated. (8152) (SQLExecDirectW)')
[SQL: insert into records values('CC2Servicenummer','Belgrad','Nicht übermittelt','trz_sstankovic',                                  '493682464337','','Nicht übermittelt','493682464337_Tuesday, December 31, 2019_10:00:49 AM')]
(Background on this error at: http://sqlalche.me/e/9h9h)
Thu, 02 Jan 2020 07:37:27 - INFO - 123TV DB import
Thu, 02 Jan 2020 07:40:22 - INFO - Connect to DB
Thu, 02 Jan 2020 07:40:22 - INFO - TRIZMA DB import
Thu, 02 Jan 2020 07:40:22 - INFO - 123TV DB import
Thu, 02 Jan 2020 07:41:47 - INFO - Connect to DB
Thu, 02 Jan 2020 07:41:47 - INFO - TRIZMA DB import
Thu, 02 Jan 2020 07:41:47 - INFO - 123TV DB import
Thu, 02 Jan 2020 07:47:12 - INFO - Connect to DB
Thu, 02 Jan 2020 07:47:12 - INFO - TRIZMA DB import
Thu, 02 Jan 2020 07:47:12 - INFO - 123TV DB import
Thu, 02 Jan 2020 07:47:35 - INFO - Connect to DB
Thu, 02 Jan 2020 07:47:35 - INFO - TRIZMA DB import
Thu, 02 Jan 2020 07:47:35 - INFO - 123TV DB import
Thu, 02 Jan 2020 07:50:06 - INFO - Connect to DB
Thu, 02 Jan 2020 07:50:06 - INFO - TRIZMA DB import
Thu, 02 Jan 2020 07:50:06 - INFO - Failed on TRIZMA DB import at: 2020-01-02_07-29-47, for following calling party: 4924289150293, for agent id: trz_sstankovic, with error:(pyodbc.DataError) ('22001', '[22001] [Microsoft][ODBC Driver 17 for SQL Server][SQL Server]String or binary data would be truncated. (8152) (SQLExecDirectW)')
[SQL: insert into records values('CC2Servicenummer','Belgrad','Nicht übermittelt','trz_sstankovic',                                  '4924289150293','','Nicht übermittelt','4924289150293_Thursday, January 02, 2020_8:50:05 AM')]
(Background on this error at: http://sqlalche.me/e/9h9h)
Thu, 02 Jan 2020 07:50:06 - INFO - 123TV DB import
Thu, 02 Jan 2020 07:57:49 - INFO - Connect to DB
Thu, 02 Jan 2020 07:57:50 - INFO - TRIZMA DB import
Thu, 02 Jan 2020 07:57:50 - INFO - Failed on TRIZMA DB import at: 2020-01-02_07-29-47, for following calling party: 493670161228, for agent id: trz_sstankovic, with error:(pyodbc.DataError) ('22001', '[22001] [Microsoft][ODBC Driver 17 for SQL Server][SQL Server]String or binary data would be truncated. (8152) (SQLExecDirectW)')
[SQL: insert into records values('CC2Servicenummer','Belgrad','Nicht übermittelt','trz_sstankovic',                                  '493670161228','','Nicht übermittelt','493670161228_Tuesday, December 31, 2019_11:43:51 AM')]
(Background on this error at: http://sqlalche.me/e/9h9h)
Thu, 02 Jan 2020 07:57:50 - INFO - 123TV DB import
Thu, 02 Jan 2020 08:00:03 - INFO - Connect to DB
Thu, 02 Jan 2020 08:00:03 - INFO - TRIZMA DB import
Thu, 02 Jan 2020 08:00:03 - INFO - 123TV DB import
Thu, 02 Jan 2020 08:00:17 - INFO - Connect to DB
Thu, 02 Jan 2020 08:00:17 - INFO - TRIZMA DB import
Thu, 02 Jan 2020 08:00:17 - INFO - 123TV DB import
Thu, 02 Jan 2020 08:00:23 - INFO - Connect to DB
Thu, 02 Jan 2020 08:00:23 - INFO - TRIZMA DB import
Thu, 02 Jan 2020 08:00:23 - INFO - 123TV DB import
Thu, 02 Jan 2020 08:08:15 - INFO - Connect to DB
Thu, 02 Jan 2020 08:08:15 - INFO - TRIZMA DB import
Thu, 02 Jan 2020 08:08:15 - INFO - 123TV DB import
Thu, 02 Jan 2020 08:08:52 - INFO - Connect to DB
Thu, 02 Jan 2020 08:08:52 - INFO - TRIZMA DB import
Thu, 02 Jan 2020 08:08:52 - INFO - 123TV DB import
Thu, 02 Jan 2020 08:09:01 - INFO - Connect to DB
Thu, 02 Jan 2020 08:09:01 - INFO - TRIZMA DB import
Thu, 02 Jan 2020 08:09:01 - INFO - 123TV DB import
Thu, 02 Jan 2020 08:10:38 - INFO - Connect to DB
Thu, 02 Jan 2020 08:10:38 - INFO - TRIZMA DB import
Thu, 02 Jan 2020 08:10:38 - INFO - 123TV DB import
Thu, 02 Jan 2020 08:10:48 - INFO - Connect to DB
Thu, 02 Jan 2020 08:10:48 - INFO - TRIZMA DB import
Thu, 02 Jan 2020 08:10:48 - INFO - 123TV DB import
Thu, 02 Jan 2020 08:12:23 - INFO - Connect to DB
Thu, 02 Jan 2020 08:12:23 - INFO - TRIZMA DB import
Thu, 02 Jan 2020 08:12:23 - INFO - 123TV DB import
Thu, 02 Jan 2020 08:12:59 - INFO - Connect to DB
Thu, 02 Jan 2020 08:12:59 - INFO - TRIZMA DB import
Thu, 02 Jan 2020 08:12:59 - INFO - 123TV DB import
Thu, 02 Jan 2020 08:13:20 - INFO - Connect to DB
Thu, 02 Jan 2020 08:13:20 - INFO - TRIZMA DB import
Thu, 02 Jan 2020 08:13:20 - INFO - 123TV DB import
Thu, 02 Jan 2020 08:18:18 - INFO - Connect to DB
Thu, 02 Jan 2020 08:18:18 - INFO - TRIZMA DB import
Thu, 02 Jan 2020 08:18:19 - INFO - 123TV DB import
