Sat, 11 Jan 2020 11:13:36 - INFO - Connect to DB
Sat, 11 Jan 2020 11:13:37 - INFO - TRIZMA DB import
Sat, 11 Jan 2020 11:13:37 - INFO - Failed on TRIZMA DB import at: 2020-01-11_11-12-38, for following calling party: 4921514465785, for agent id: trz_madamovic, with error:(pyodbc.DataError) ('22001', '[22001] [Microsoft][ODBC Driver 17 for SQL Server][SQL Server]String or binary data would be truncated. (8152) (SQLExecDirectW)')
[SQL: insert into records values('CC2Servicenummer','Belgrad','Nicht 端bermittelt','trz_madamovic',                                  '4921514465785','','Nicht 端bermittelt','4921514465785_Thursday, December 26, 2019_11:19:36 AM')]
(Background on this error at: http://sqlalche.me/e/9h9h)
Sat, 11 Jan 2020 11:13:37 - INFO - 123TV DB import
Sat, 11 Jan 2020 11:13:42 - INFO - Failed on 123TV DB import at: 2020-01-11_11-12-38, for following calling party: 4921514465785, for agent id: 3067, with error:Missing element acd_id (importCallMetaData.acd_id)
Sat, 11 Jan 2020 11:14:08 - INFO - Connect to DB
Sat, 11 Jan 2020 11:14:08 - INFO - TRIZMA DB import
Sat, 11 Jan 2020 11:14:08 - INFO - Failed on TRIZMA DB import at: 2020-01-11_11-12-38, for following calling party: 4917624587709, for agent id: trz_madamovic, with error:(pyodbc.DataError) ('22001', '[22001] [Microsoft][ODBC Driver 17 for SQL Server][SQL Server]String or binary data would be truncated. (8152) (SQLExecDirectW)')
[SQL: insert into records values('CC2Servicenummer','Belgrad','Nicht 端bermittelt','trz_madamovic',                                  '4917624587709','','Nicht 端bermittelt','4917624587709_Sunday, December 29, 2019_12:31:29 PM')]
(Background on this error at: http://sqlalche.me/e/9h9h)
Sat, 11 Jan 2020 11:14:08 - INFO - 123TV DB import
Sat, 11 Jan 2020 11:14:13 - INFO - Failed on 123TV DB import at: 2020-01-11_11-12-38, for following calling party: 4917624587709, for agent id: 3067, with error:Missing element acd_id (importCallMetaData.acd_id)
Sat, 11 Jan 2020 11:15:01 - INFO - Connect to DB
Sat, 11 Jan 2020 11:15:01 - INFO - TRIZMA DB import
Sat, 11 Jan 2020 11:15:01 - INFO - 123TV DB import
Sat, 11 Jan 2020 11:15:07 - INFO - Failed on 123TV DB import at: 2020-01-11_11-12-38, for following calling party: 493683469557, for agent id: 3067, with error:Missing element acd_id (importCallMetaData.acd_id)
Sat, 11 Jan 2020 11:15:17 - INFO - Connect to DB
Sat, 11 Jan 2020 11:15:17 - INFO - TRIZMA DB import
Sat, 11 Jan 2020 11:15:17 - INFO - 123TV DB import
Sat, 11 Jan 2020 11:15:22 - INFO - Failed on 123TV DB import at: 2020-01-11_11-12-38, for following calling party: 4964077790, for agent id: 3067, with error:Missing element acd_id (importCallMetaData.acd_id)
