Sat, 18 Jan 2020 07:50:09 - INFO - Connect to DB
Sat, 18 Jan 2020 07:50:10 - INFO - TRIZMA DB import
Sat, 18 Jan 2020 07:50:10 - INFO - 123TV DB import
Sat, 18 Jan 2020 07:51:05 - INFO - Connect to DB
Sat, 18 Jan 2020 07:51:05 - INFO - TRIZMA DB import
Sat, 18 Jan 2020 07:51:05 - INFO - 123TV DB import
Sat, 18 Jan 2020 07:51:27 - INFO - Connect to DB
Sat, 18 Jan 2020 07:51:27 - INFO - TRIZMA DB import
Sat, 18 Jan 2020 07:51:27 - INFO - 123TV DB import
Sat, 18 Jan 2020 07:51:32 - INFO - Connect to DB
Sat, 18 Jan 2020 07:51:32 - INFO - TRIZMA DB import
Sat, 18 Jan 2020 07:51:32 - INFO - 123TV DB import
Sat, 18 Jan 2020 07:59:06 - INFO - Connect to DB
Sat, 18 Jan 2020 07:59:06 - INFO - TRIZMA DB import
Sat, 18 Jan 2020 07:59:06 - INFO - 123TV DB import
Sat, 18 Jan 2020 07:59:47 - INFO - Connect to DB
Sat, 18 Jan 2020 07:59:47 - INFO - TRIZMA DB import
Sat, 18 Jan 2020 07:59:47 - INFO - 123TV DB import
Sat, 18 Jan 2020 08:05:43 - INFO - Connect to DB
Sat, 18 Jan 2020 08:05:43 - INFO - TRIZMA DB import
Sat, 18 Jan 2020 08:05:43 - INFO - 123TV DB import
Sat, 18 Jan 2020 08:12:36 - INFO - Connect to DB
Sat, 18 Jan 2020 08:12:36 - INFO - TRIZMA DB import
Sat, 18 Jan 2020 08:12:36 - INFO - Failed on TRIZMA DB import at: 2020-01-18_07-49-09, for following calling party: 4935209299422, for agent id: trz_ppetkovic, with error:(pyodbc.DataError) ('22001', '[22001] [Microsoft][ODBC Driver 17 for SQL Server][SQL Server]String or binary data would be truncated. (8152) (SQLExecDirectW)')
[SQL: insert into records values('CC2Servicenummer','Belgrad','Nicht übermittelt','trz_ppetkovic',                                 '4935209299422','','Nicht übermittelt','4935209299422_Saturday, January 18, 2020_9:12:31 AM','PET_PETKOV')]
(Background on this error at: http://sqlalche.me/e/9h9h)
Sat, 18 Jan 2020 08:12:36 - INFO - 123TV DB import
Sat, 18 Jan 2020 08:15:38 - INFO - Connect to DB
Sat, 18 Jan 2020 08:15:38 - INFO - TRIZMA DB import
Sat, 18 Jan 2020 08:15:38 - INFO - 123TV DB import
Sat, 18 Jan 2020 08:42:26 - INFO - Connect to DB
Sat, 18 Jan 2020 08:42:26 - INFO - TRIZMA DB import
Sat, 18 Jan 2020 08:42:26 - INFO - 123TV DB import
