Sun, 22 Dec 2019 09:57:37 - INFO - Connect to DB
Sun, 22 Dec 2019 09:57:38 - INFO - TRIZMA DB import
Sun, 22 Dec 2019 09:57:38 - INFO - 123TV DB import
Sun, 22 Dec 2019 10:38:09 - INFO - Connect to DB
Sun, 22 Dec 2019 10:38:09 - INFO - TRIZMA DB import
Sun, 22 Dec 2019 10:38:09 - INFO - 123TV DB import
Sun, 22 Dec 2019 11:00:26 - INFO - Connect to DB
Sun, 22 Dec 2019 11:00:26 - INFO - TRIZMA DB import
Sun, 22 Dec 2019 11:00:26 - INFO - 123TV DB import
Sun, 22 Dec 2019 11:20:01 - INFO - Connect to DB
Sun, 22 Dec 2019 11:20:01 - INFO - TRIZMA DB import
Sun, 22 Dec 2019 11:20:01 - INFO - Failed on TRIZMA DB import at: 2019-12-22_08-07-19, for following calling party: 4915254622791, for agent id: trz_divankovic, with error:(pyodbc.DataError) ('22001', '[22001] [Microsoft][ODBC Driver 17 for SQL Server][SQL Server]String or binary data would be truncated. (8152) (SQLExecDirectW)')
[SQL: insert into records values('CC2Servicenummer','Belgrad','Nicht übermittelt','trz_divankovic',                                  '4915254622791','','Nicht übermittelt','4915254622791_Sunday, December 22, 2019_12:19:57 PM')]
(Background on this error at: http://sqlalche.me/e/9h9h)
Sun, 22 Dec 2019 11:20:01 - INFO - 123TV DB import
Sun, 22 Dec 2019 11:37:33 - INFO - Connect to DB
Sun, 22 Dec 2019 11:37:33 - INFO - TRIZMA DB import
Sun, 22 Dec 2019 11:37:33 - INFO - 123TV DB import
Sun, 22 Dec 2019 12:49:05 - INFO - Connect to DB
Sun, 22 Dec 2019 12:49:05 - INFO - TRIZMA DB import
Sun, 22 Dec 2019 12:49:05 - INFO - 123TV DB import
Sun, 22 Dec 2019 15:19:34 - INFO - Connect to DB
Sun, 22 Dec 2019 15:19:34 - INFO - TRIZMA DB import
Sun, 22 Dec 2019 15:19:34 - INFO - 123TV DB import
