Sat, 11 Jan 2020 08:32:06 - INFO - Connect to DB
Sat, 11 Jan 2020 08:32:06 - INFO - TRIZMA DB import
Sat, 11 Jan 2020 08:32:06 - INFO - 123TV DB import
Sat, 11 Jan 2020 08:32:11 - INFO - Failed on 123TV DB import at: 2020-01-11_08-30-12, for following calling party: 49304352898, for agent id: 3019, with error:Missing element acd_id (importCallMetaData.acd_id)
Sat, 11 Jan 2020 08:33:01 - INFO - Connect to DB
Sat, 11 Jan 2020 08:33:01 - INFO - TRIZMA DB import
Sat, 11 Jan 2020 08:33:01 - INFO - 123TV DB import
Sat, 11 Jan 2020 08:33:07 - INFO - Failed on 123TV DB import at: 2020-01-11_08-30-12, for following calling party: 4915759164030, for agent id: 3046, with error:Missing element acd_id (importCallMetaData.acd_id)
Sat, 11 Jan 2020 08:33:38 - INFO - Connect to DB
Sat, 11 Jan 2020 08:33:38 - INFO - TRIZMA DB import
Sat, 11 Jan 2020 08:33:38 - INFO - 123TV DB import
Sat, 11 Jan 2020 08:33:43 - INFO - Failed on 123TV DB import at: 2020-01-11_08-30-12, for following calling party: 491789382728, for agent id: 3046, with error:Missing element acd_id (importCallMetaData.acd_id)
Sat, 11 Jan 2020 08:36:09 - INFO - Connect to DB
Sat, 11 Jan 2020 08:36:09 - INFO - TRIZMA DB import
Sat, 11 Jan 2020 08:36:09 - INFO - 123TV DB import
Sat, 11 Jan 2020 08:36:14 - INFO - Failed on 123TV DB import at: 2020-01-11_08-30-12, for following calling party: 491714177585, for agent id: 3046, with error:Missing element acd_id (importCallMetaData.acd_id)
Sat, 11 Jan 2020 08:41:30 - INFO - Connect to DB
Sat, 11 Jan 2020 08:41:30 - INFO - TRIZMA DB import
Sat, 11 Jan 2020 08:41:30 - INFO - 123TV DB import
Sat, 11 Jan 2020 08:41:35 - INFO - Failed on 123TV DB import at: 2020-01-11_08-30-12, for following calling party: 4915202411768, for agent id: 3046, with error:Missing element acd_id (importCallMetaData.acd_id)
Sat, 11 Jan 2020 08:47:23 - INFO - Connect to DB
Sat, 11 Jan 2020 08:47:23 - INFO - TRIZMA DB import
Sat, 11 Jan 2020 08:47:23 - INFO - 123TV DB import
Sat, 11 Jan 2020 08:47:28 - INFO - Failed on 123TV DB import at: 2020-01-11_08-30-12, for following calling party: 4915223373739, for agent id: 3046, with error:Missing element acd_id (importCallMetaData.acd_id)
Sat, 11 Jan 2020 08:48:14 - INFO - Connect to DB
Sat, 11 Jan 2020 08:48:14 - INFO - TRIZMA DB import
Sat, 11 Jan 2020 08:48:14 - INFO - 123TV DB import
Sat, 11 Jan 2020 08:48:19 - INFO - Failed on 123TV DB import at: 2020-01-11_08-30-12, for following calling party: 4915202454473, for agent id: 3046, with error:Missing element acd_id (importCallMetaData.acd_id)
Sat, 11 Jan 2020 08:48:29 - INFO - Connect to DB
Sat, 11 Jan 2020 08:48:29 - INFO - TRIZMA DB import
Sat, 11 Jan 2020 08:48:30 - INFO - 123TV DB import
Sat, 11 Jan 2020 08:48:35 - INFO - Failed on 123TV DB import at: 2020-01-11_08-30-12, for following calling party: 491722004069, for agent id: 3046, with error:Missing element acd_id (importCallMetaData.acd_id)
Sat, 11 Jan 2020 08:51:14 - INFO - Connect to DB
Sat, 11 Jan 2020 08:51:14 - INFO - TRIZMA DB import
Sat, 11 Jan 2020 08:51:14 - INFO - 123TV DB import
Sat, 11 Jan 2020 08:51:19 - INFO - Failed on 123TV DB import at: 2020-01-11_08-30-12, for following calling party: 49613256917, for agent id: 3046, with error:Missing element acd_id (importCallMetaData.acd_id)
Sat, 11 Jan 2020 08:54:49 - INFO - Connect to DB
Sat, 11 Jan 2020 08:54:49 - INFO - TRIZMA DB import
Sat, 11 Jan 2020 08:54:50 - INFO - Failed on TRIZMA DB import at: 2020-01-11_08-30-12, for following calling party: 4917696942581, for agent id: trz_sstankovic, with error:(pyodbc.DataError) ('22001', '[22001] [Microsoft][ODBC Driver 17 for SQL Server][SQL Server]String or binary data would be truncated. (8152) (SQLExecDirectW)')
[SQL: insert into records values('CC2Servicenummer','Belgrad','Nicht übermittelt','trz_sstankovic',                                  '4917696942581','','Nicht übermittelt','4917696942581_Saturday, January 04, 2020_8:06:07 AM')]
(Background on this error at: http://sqlalche.me/e/9h9h)
Sat, 11 Jan 2020 08:54:50 - INFO - 123TV DB import
Sat, 11 Jan 2020 08:54:55 - INFO - Failed on 123TV DB import at: 2020-01-11_08-30-12, for following calling party: 4917696942581, for agent id: 3046, with error:Missing element acd_id (importCallMetaData.acd_id)
Sat, 11 Jan 2020 09:07:41 - INFO - Connect to DB
Sat, 11 Jan 2020 09:07:41 - INFO - TRIZMA DB import
Sat, 11 Jan 2020 09:07:41 - INFO - Failed on TRIZMA DB import at: 2020-01-11_08-30-12, for following calling party: 4915237293666, for agent id: trz_sstankovic, with error:(pyodbc.DataError) ('22001', '[22001] [Microsoft][ODBC Driver 17 for SQL Server][SQL Server]String or binary data would be truncated. (8152) (SQLExecDirectW)')
[SQL: insert into records values('CC2Servicenummer','Belgrad','Nicht übermittelt','trz_sstankovic',                                  '4915237293666','','Nicht übermittelt','4915237293666_Saturday, January 04, 2020_10:25:49 AM')]
(Background on this error at: http://sqlalche.me/e/9h9h)
Sat, 11 Jan 2020 09:07:41 - INFO - 123TV DB import
Sat, 11 Jan 2020 09:07:46 - INFO - Failed on 123TV DB import at: 2020-01-11_08-30-12, for following calling party: 4915237293666, for agent id: 3046, with error:Missing element acd_id (importCallMetaData.acd_id)
Sat, 11 Jan 2020 09:18:17 - INFO - Connect to DB
Sat, 11 Jan 2020 09:18:17 - INFO - TRIZMA DB import
Sat, 11 Jan 2020 09:18:17 - INFO - 123TV DB import
Sat, 11 Jan 2020 09:18:22 - INFO - Failed on 123TV DB import at: 2020-01-11_08-30-12, for following calling party: 49374362755, for agent id: 3046, with error:Missing element acd_id (importCallMetaData.acd_id)
Sat, 11 Jan 2020 09:21:50 - INFO - Connect to DB
Sat, 11 Jan 2020 09:21:50 - INFO - TRIZMA DB import
Sat, 11 Jan 2020 09:21:50 - INFO - Failed on TRIZMA DB import at: 2020-01-11_08-30-12, for following calling party: 4917655936571, for agent id: trz_sstankovic, with error:(pyodbc.DataError) ('22001', '[22001] [Microsoft][ODBC Driver 17 for SQL Server][SQL Server]String or binary data would be truncated. (8152) (SQLExecDirectW)')
[SQL: insert into records values('CC2Servicenummer','Belgrad','Nicht übermittelt','trz_sstankovic',                                  '4917655936571','','Nicht übermittelt','4917655936571_Saturday, January 04, 2020_2:08:10 PM')]
(Background on this error at: http://sqlalche.me/e/9h9h)
Sat, 11 Jan 2020 09:21:50 - INFO - 123TV DB import
Sat, 11 Jan 2020 09:21:55 - INFO - Failed on 123TV DB import at: 2020-01-11_08-30-12, for following calling party: 4917655936571, for agent id: 3046, with error:Missing element acd_id (importCallMetaData.acd_id)
Sat, 11 Jan 2020 09:27:17 - INFO - Connect to DB
Sat, 11 Jan 2020 09:27:17 - INFO - TRIZMA DB import
Sat, 11 Jan 2020 09:27:17 - INFO - 123TV DB import
Sat, 11 Jan 2020 09:27:22 - INFO - Failed on 123TV DB import at: 2020-01-11_08-30-12, for following calling party: 49534138483, for agent id: 3046, with error:Missing element acd_id (importCallMetaData.acd_id)
Sat, 11 Jan 2020 09:33:09 - INFO - Connect to DB
Sat, 11 Jan 2020 09:33:09 - INFO - TRIZMA DB import
Sat, 11 Jan 2020 09:33:09 - INFO - 123TV DB import
Sat, 11 Jan 2020 09:33:14 - INFO - Failed on 123TV DB import at: 2020-01-11_08-30-12, for following calling party: 496940585195, for agent id: 3046, with error:Missing element acd_id (importCallMetaData.acd_id)
Sat, 11 Jan 2020 09:39:14 - INFO - Connect to DB
Sat, 11 Jan 2020 09:39:14 - INFO - TRIZMA DB import
Sat, 11 Jan 2020 09:39:14 - INFO - Failed on TRIZMA DB import at: 2020-01-11_08-30-12, for following calling party: 493714002210, for agent id: trz_sstankovic, with error:(pyodbc.DataError) ('22001', '[22001] [Microsoft][ODBC Driver 17 for SQL Server][SQL Server]String or binary data would be truncated. (8152) (SQLExecDirectW)')
[SQL: insert into records values('CC2Servicenummer','Belgrad','Nicht übermittelt','trz_sstankovic',                                  '493714002210','','Nicht übermittelt','493714002210_Saturday, January 11, 2020_10:39:13 AM')]
(Background on this error at: http://sqlalche.me/e/9h9h)
Sat, 11 Jan 2020 09:39:14 - INFO - 123TV DB import
Sat, 11 Jan 2020 09:39:19 - INFO - Failed on 123TV DB import at: 2020-01-11_08-30-12, for following calling party: 493714002210, for agent id: 3046, with error:Missing element acd_id (importCallMetaData.acd_id)
