Sat, 11 Jan 2020 11:54:12 - INFO - Connect to DB
Sat, 11 Jan 2020 11:54:12 - INFO - TRIZMA DB import
Sat, 11 Jan 2020 11:54:12 - INFO - Failed on TRIZMA DB import at: 2020-01-11_11-48-24, for following calling party: 4936918803688, for agent id: trz_madamovic, with error:(pyodbc.DataError) ('22001', '[22001] [Microsoft][ODBC Driver 17 for SQL Server][SQL Server]String or binary data would be truncated. (8152) (SQLExecDirectW)')
[SQL: insert into records values('CC2Servicenummer','Belgrad','Nicht übermittelt','trz_madamovic',                                  '4936918803688','','Nicht übermittelt','4936918803688_Saturday, January 11, 2020_12:54:05 PM')]
(Background on this error at: http://sqlalche.me/e/9h9h)
Sat, 11 Jan 2020 11:54:12 - INFO - 123TV DB import
Sat, 11 Jan 2020 11:54:17 - INFO - Failed on 123TV DB import at: 2020-01-11_11-48-24, for following calling party: 4936918803688, for agent id: 3067, with error:Missing element acd_id (importCallMetaData.acd_id)
Sat, 11 Jan 2020 11:54:59 - INFO - Connect to DB
Sat, 11 Jan 2020 11:54:59 - INFO - TRIZMA DB import
Sat, 11 Jan 2020 11:54:59 - INFO - Failed on TRIZMA DB import at: 2020-01-11_11-48-24, for following calling party: 4917621553437, for agent id: trz_madamovic, with error:(pyodbc.DataError) ('22001', '[22001] [Microsoft][ODBC Driver 17 for SQL Server][SQL Server]String or binary data would be truncated. (8152) (SQLExecDirectW)')
[SQL: insert into records values('CC2Servicenummer','Belgrad','Nicht übermittelt','trz_madamovic',                                  '4917621553437','','Nicht übermittelt','4917621553437_Wednesday, January 01, 2020_1:02:04 PM')]
(Background on this error at: http://sqlalche.me/e/9h9h)
Sat, 11 Jan 2020 11:54:59 - INFO - 123TV DB import
Sat, 11 Jan 2020 11:55:04 - INFO - Failed on 123TV DB import at: 2020-01-11_11-48-24, for following calling party: 4917621553437, for agent id: 3067, with error:Missing element acd_id (importCallMetaData.acd_id)
Sat, 11 Jan 2020 11:55:48 - INFO - Connect to DB
Sat, 11 Jan 2020 11:55:48 - INFO - TRIZMA DB import
Sat, 11 Jan 2020 11:55:48 - INFO - Failed on TRIZMA DB import at: 2020-01-11_11-48-24, for following calling party: 493457764366, for agent id: trz_madamovic, with error:(pyodbc.DataError) ('22001', '[22001] [Microsoft][ODBC Driver 17 for SQL Server][SQL Server]String or binary data would be truncated. (8152) (SQLExecDirectW)')
[SQL: insert into records values('CC2Servicenummer','Belgrad','Nicht übermittelt','trz_madamovic',                                  '493457764366','','Nicht übermittelt','493457764366_Wednesday, January 01, 2020_7:24:53 PM')]
(Background on this error at: http://sqlalche.me/e/9h9h)
Sat, 11 Jan 2020 11:55:48 - INFO - 123TV DB import
Sat, 11 Jan 2020 11:55:53 - INFO - Failed on 123TV DB import at: 2020-01-11_11-48-24, for following calling party: 493457764366, for agent id: 3067, with error:Missing element acd_id (importCallMetaData.acd_id)
Sat, 11 Jan 2020 11:56:26 - INFO - Connect to DB
Sat, 11 Jan 2020 11:56:26 - INFO - TRIZMA DB import
Sat, 11 Jan 2020 11:56:26 - INFO - 123TV DB import
Sat, 11 Jan 2020 11:56:31 - INFO - Failed on 123TV DB import at: 2020-01-11_11-48-24, for following calling party: 498980045728, for agent id: 3067, with error:Missing element acd_id (importCallMetaData.acd_id)
Sat, 11 Jan 2020 12:02:35 - INFO - Connect to DB
Sat, 11 Jan 2020 12:02:35 - INFO - TRIZMA DB import
Sat, 11 Jan 2020 12:02:35 - INFO - Failed on TRIZMA DB import at: 2020-01-11_11-48-24, for following calling party: 4917641184763, for agent id: trz_madamovic, with error:(pyodbc.DataError) ('22001', '[22001] [Microsoft][ODBC Driver 17 for SQL Server][SQL Server]String or binary data would be truncated. (8152) (SQLExecDirectW)')
[SQL: insert into records values('CC2Servicenummer','Belgrad','Nicht übermittelt','trz_madamovic',                                  '4917641184763','','Nicht übermittelt','4917641184763_Thursday, January 02, 2020_7:53:07 PM')]
(Background on this error at: http://sqlalche.me/e/9h9h)
Sat, 11 Jan 2020 12:02:35 - INFO - 123TV DB import
Sat, 11 Jan 2020 12:02:40 - INFO - Failed on 123TV DB import at: 2020-01-11_11-48-24, for following calling party: 4917641184763, for agent id: 3067, with error:Missing element acd_id (importCallMetaData.acd_id)
Sat, 11 Jan 2020 12:03:52 - INFO - Connect to DB
Sat, 11 Jan 2020 12:03:52 - INFO - TRIZMA DB import
Sat, 11 Jan 2020 12:03:52 - INFO - 123TV DB import
Sat, 11 Jan 2020 12:03:58 - INFO - Failed on 123TV DB import at: 2020-01-11_11-48-24, for following calling party: 4915254622791, for agent id: 3067, with error:Missing element acd_id (importCallMetaData.acd_id)
Sat, 11 Jan 2020 12:04:20 - INFO - Connect to DB
Sat, 11 Jan 2020 12:04:20 - INFO - TRIZMA DB import
Sat, 11 Jan 2020 12:04:20 - INFO - 123TV DB import
Sat, 11 Jan 2020 12:04:25 - INFO - Failed on 123TV DB import at: 2020-01-11_11-48-24, for following calling party: 49773153137, for agent id: 3046, with error:Missing element acd_id (importCallMetaData.acd_id)
Sat, 11 Jan 2020 12:05:57 - INFO - Connect to DB
Sat, 11 Jan 2020 12:05:57 - INFO - TRIZMA DB import
Sat, 11 Jan 2020 12:05:57 - INFO - Failed on TRIZMA DB import at: 2020-01-11_11-48-24, for following calling party: 493628584195, for agent id: trz_madamovic, with error:(pyodbc.DataError) ('22001', '[22001] [Microsoft][ODBC Driver 17 for SQL Server][SQL Server]String or binary data would be truncated. (8152) (SQLExecDirectW)')
[SQL: insert into records values('CC2Servicenummer','Belgrad','Nicht übermittelt','trz_madamovic',                                  '493628584195','','Nicht übermittelt','493628584195_Wednesday, January 08, 2020_9:38:42 AM')]
(Background on this error at: http://sqlalche.me/e/9h9h)
Sat, 11 Jan 2020 12:05:57 - INFO - 123TV DB import
Sat, 11 Jan 2020 12:06:02 - INFO - Failed on 123TV DB import at: 2020-01-11_11-48-24, for following calling party: 493628584195, for agent id: 3067, with error:Missing element acd_id (importCallMetaData.acd_id)
Sat, 11 Jan 2020 12:06:45 - INFO - Connect to DB
Sat, 11 Jan 2020 12:06:45 - INFO - TRIZMA DB import
Sat, 11 Jan 2020 12:06:45 - INFO - Failed on TRIZMA DB import at: 2020-01-11_11-48-24, for following calling party: 493347650421, for agent id: trz_madamovic, with error:(pyodbc.DataError) ('22001', '[22001] [Microsoft][ODBC Driver 17 for SQL Server][SQL Server]String or binary data would be truncated. (8152) (SQLExecDirectW)')
[SQL: insert into records values('CC2Servicenummer','Belgrad','Nicht übermittelt','trz_madamovic',                                  '493347650421','','Nicht übermittelt','493347650421_Wednesday, January 08, 2020_12:03:35 PM')]
(Background on this error at: http://sqlalche.me/e/9h9h)
Sat, 11 Jan 2020 12:06:45 - INFO - 123TV DB import
Sat, 11 Jan 2020 12:06:50 - INFO - Failed on 123TV DB import at: 2020-01-11_11-48-24, for following calling party: 493347650421, for agent id: 3067, with error:Missing element acd_id (importCallMetaData.acd_id)
