Fri, 27 Dec 2019 17:38:52 - INFO - Connect to DB
Fri, 27 Dec 2019 17:38:53 - INFO - TRIZMA DB import
Fri, 27 Dec 2019 17:38:53 - INFO - 123TV DB import
Fri, 27 Dec 2019 18:08:04 - INFO - Connect to DB
Fri, 27 Dec 2019 18:08:04 - INFO - TRIZMA DB import
Fri, 27 Dec 2019 18:08:04 - INFO - 123TV DB import
Fri, 27 Dec 2019 18:16:14 - INFO - Connect to DB
Fri, 27 Dec 2019 18:16:14 - INFO - TRIZMA DB import
Fri, 27 Dec 2019 18:16:14 - INFO - 123TV DB import
Fri, 27 Dec 2019 18:17:55 - INFO - Connect to DB
Fri, 27 Dec 2019 18:17:55 - INFO - TRIZMA DB import
Fri, 27 Dec 2019 18:17:55 - INFO - 123TV DB import
Fri, 27 Dec 2019 18:25:02 - INFO - Connect to DB
Fri, 27 Dec 2019 18:25:02 - INFO - TRIZMA DB import
Fri, 27 Dec 2019 18:25:02 - INFO - 123TV DB import
Fri, 27 Dec 2019 18:27:34 - INFO - Connect to DB
Fri, 27 Dec 2019 18:27:34 - INFO - TRIZMA DB import
Fri, 27 Dec 2019 18:27:34 - INFO - 123TV DB import
Sat, 28 Dec 2019 07:05:33 - INFO - Connect to DB
Sat, 28 Dec 2019 07:05:33 - INFO - TRIZMA DB import
Sat, 28 Dec 2019 07:05:33 - INFO - Failed on TRIZMA DB import at: 2019-12-27_17-32-36, for following calling party: 493772327447, for agent id: trz_sstankovic, with error:(pyodbc.DataError) ('22001', '[22001] [Microsoft][ODBC Driver 17 for SQL Server][SQL Server]String or binary data would be truncated. (8152) (SQLExecDirectW)')
[SQL: insert into records values('CC2Servicenummer','Belgrad','Nicht übermittelt','trz_sstankovic',                                  '493772327447','','Nicht übermittelt','493772327447_Saturday, December 28, 2019_8:05:20 AM')]
(Background on this error at: http://sqlalche.me/e/9h9h)
Sat, 28 Dec 2019 07:05:33 - INFO - 123TV DB import
Sat, 28 Dec 2019 07:13:35 - INFO - Connect to DB
Sat, 28 Dec 2019 07:13:35 - INFO - TRIZMA DB import
Sat, 28 Dec 2019 07:13:35 - INFO - 123TV DB import
Sat, 28 Dec 2019 07:14:56 - INFO - Connect to DB
Sat, 28 Dec 2019 07:14:56 - INFO - TRIZMA DB import
Sat, 28 Dec 2019 07:14:56 - INFO - Failed on TRIZMA DB import at: 2019-12-27_17-32-36, for following calling party: 4980516014792, for agent id: trz_sstankovic, with error:(pyodbc.DataError) ('22001', '[22001] [Microsoft][ODBC Driver 17 for SQL Server][SQL Server]String or binary data would be truncated. (8152) (SQLExecDirectW)')
[SQL: insert into records values('CC2Servicenummer','Belgrad','Nicht übermittelt','trz_sstankovic',                                  '4980516014792','','Nicht übermittelt','4980516014792_Wednesday, December 11, 2019_6:38:48 PM')]
(Background on this error at: http://sqlalche.me/e/9h9h)
Sat, 28 Dec 2019 07:14:56 - INFO - 123TV DB import
Sat, 28 Dec 2019 07:15:36 - INFO - Connect to DB
Sat, 28 Dec 2019 07:15:36 - INFO - TRIZMA DB import
Sat, 28 Dec 2019 07:15:36 - INFO - Failed on TRIZMA DB import at: 2019-12-27_17-32-36, for following calling party: 497215004398, for agent id: trz_sstankovic, with error:(pyodbc.DataError) ('22001', '[22001] [Microsoft][ODBC Driver 17 for SQL Server][SQL Server]String or binary data would be truncated. (8152) (SQLExecDirectW)')
[SQL: insert into records values('CC2Servicenummer','Belgrad','Nicht übermittelt','trz_sstankovic',                                  '497215004398','','Nicht übermittelt','497215004398_Wednesday, December 11, 2019_7:03:53 PM')]
(Background on this error at: http://sqlalche.me/e/9h9h)
Sat, 28 Dec 2019 07:15:36 - INFO - 123TV DB import
Sat, 28 Dec 2019 07:16:01 - INFO - Connect to DB
Sat, 28 Dec 2019 07:16:01 - INFO - TRIZMA DB import
Sat, 28 Dec 2019 07:16:01 - INFO - Failed on TRIZMA DB import at: 2019-12-27_17-32-36, for following calling party: 4928319102206, for agent id: trz_sstankovic, with error:(pyodbc.DataError) ('22001', '[22001] [Microsoft][ODBC Driver 17 for SQL Server][SQL Server]String or binary data would be truncated. (8152) (SQLExecDirectW)')
[SQL: insert into records values('CC2Servicenummer','Belgrad','Nicht übermittelt','trz_sstankovic',                                  '4928319102206','','Nicht übermittelt','4928319102206_Wednesday, December 11, 2019_7:07:53 PM')]
(Background on this error at: http://sqlalche.me/e/9h9h)
Sat, 28 Dec 2019 07:16:01 - INFO - 123TV DB import
Sat, 28 Dec 2019 07:17:52 - INFO - Connect to DB
Sat, 28 Dec 2019 07:17:52 - INFO - TRIZMA DB import
Sat, 28 Dec 2019 07:17:52 - INFO - Failed on TRIZMA DB import at: 2019-12-27_17-32-36, for following calling party: 4982934259966, for agent id: trz_sstankovic, with error:(pyodbc.DataError) ('22001', '[22001] [Microsoft][ODBC Driver 17 for SQL Server][SQL Server]String or binary data would be truncated. (8152) (SQLExecDirectW)')
[SQL: insert into records values('CC2Servicenummer','Belgrad','Nicht übermittelt','trz_sstankovic',                                  '4982934259966','','Nicht übermittelt','4982934259966_Thursday, December 19, 2019_11:20:40 AM')]
(Background on this error at: http://sqlalche.me/e/9h9h)
Sat, 28 Dec 2019 07:17:52 - INFO - 123TV DB import
Sat, 28 Dec 2019 07:20:26 - INFO - Connect to DB
Sat, 28 Dec 2019 07:20:26 - INFO - TRIZMA DB import
Sat, 28 Dec 2019 07:20:26 - INFO - Failed on TRIZMA DB import at: 2019-12-27_17-32-36, for following calling party: 4934523908058, for agent id: trz_sstankovic, with error:(pyodbc.DataError) ('22001', '[22001] [Microsoft][ODBC Driver 17 for SQL Server][SQL Server]String or binary data would be truncated. (8152) (SQLExecDirectW)')
[SQL: insert into records values('CC2Servicenummer','Belgrad','Nicht übermittelt','trz_sstankovic',                                  '4934523908058','','Nicht übermittelt','4934523908058_Thursday, December 19, 2019_1:07:58 PM')]
(Background on this error at: http://sqlalche.me/e/9h9h)
Sat, 28 Dec 2019 07:20:26 - INFO - 123TV DB import
Sat, 28 Dec 2019 07:21:45 - INFO - Connect to DB
Sat, 28 Dec 2019 07:21:45 - INFO - TRIZMA DB import
Sat, 28 Dec 2019 07:21:45 - INFO - 123TV DB import
Sat, 28 Dec 2019 07:22:09 - INFO - Connect to DB
Sat, 28 Dec 2019 07:22:09 - INFO - TRIZMA DB import
Sat, 28 Dec 2019 07:22:09 - INFO - Failed on TRIZMA DB import at: 2019-12-27_17-32-36, for following calling party: 493641334906, for agent id: trz_sstankovic, with error:(pyodbc.DataError) ('22001', '[22001] [Microsoft][ODBC Driver 17 for SQL Server][SQL Server]String or binary data would be truncated. (8152) (SQLExecDirectW)')
[SQL: insert into records values('CC2Servicenummer','Belgrad','Nicht übermittelt','trz_sstankovic',                                  '493641334906','','Nicht übermittelt','493641334906_Thursday, December 19, 2019_3:23:17 PM')]
(Background on this error at: http://sqlalche.me/e/9h9h)
Sat, 28 Dec 2019 07:22:09 - INFO - 123TV DB import
Sat, 28 Dec 2019 07:23:21 - INFO - Connect to DB
Sat, 28 Dec 2019 07:23:21 - INFO - TRIZMA DB import
Sat, 28 Dec 2019 07:23:21 - INFO - 123TV DB import
Sat, 28 Dec 2019 07:23:41 - INFO - Connect to DB
Sat, 28 Dec 2019 07:23:41 - INFO - TRIZMA DB import
Sat, 28 Dec 2019 07:23:41 - INFO - Failed on TRIZMA DB import at: 2019-12-27_17-32-36, for following calling party: 494065724666, for agent id: trz_sstankovic, with error:(pyodbc.DataError) ('22001', '[22001] [Microsoft][ODBC Driver 17 for SQL Server][SQL Server]String or binary data would be truncated. (8152) (SQLExecDirectW)')
[SQL: insert into records values('CC2Servicenummer','Belgrad','Nicht übermittelt','trz_sstankovic',                                  '494065724666','','Nicht übermittelt','494065724666_Thursday, December 19, 2019_4:58:41 PM')]
(Background on this error at: http://sqlalche.me/e/9h9h)
Sat, 28 Dec 2019 07:23:41 - INFO - 123TV DB import
Sat, 28 Dec 2019 07:28:56 - INFO - Connect to DB
Sat, 28 Dec 2019 07:28:56 - INFO - TRIZMA DB import
Sat, 28 Dec 2019 07:28:56 - INFO - 123TV DB import
Sat, 28 Dec 2019 07:30:21 - INFO - Connect to DB
Sat, 28 Dec 2019 07:30:21 - INFO - TRIZMA DB import
Sat, 28 Dec 2019 07:30:21 - INFO - Failed on TRIZMA DB import at: 2019-12-27_17-32-36, for following calling party: 494213808110, for agent id: trz_sstankovic, with error:(pyodbc.DataError) ('22001', '[22001] [Microsoft][ODBC Driver 17 for SQL Server][SQL Server]String or binary data would be truncated. (8152) (SQLExecDirectW)')
[SQL: insert into records values('CC2Servicenummer','Belgrad','Nicht übermittelt','trz_sstankovic',                                  '494213808110','','Nicht übermittelt','494213808110_Thursday, December 19, 2019_5:20:19 PM')]
(Background on this error at: http://sqlalche.me/e/9h9h)
Sat, 28 Dec 2019 07:30:21 - INFO - 123TV DB import
Sat, 28 Dec 2019 07:30:36 - INFO - Connect to DB
Sat, 28 Dec 2019 07:30:36 - INFO - TRIZMA DB import
Sat, 28 Dec 2019 07:30:36 - INFO - Failed on TRIZMA DB import at: 2019-12-27_17-32-36, for following calling party: 491722455363, for agent id: trz_sstankovic, with error:(pyodbc.DataError) ('22001', '[22001] [Microsoft][ODBC Driver 17 for SQL Server][SQL Server]String or binary data would be truncated. (8152) (SQLExecDirectW)')
[SQL: insert into records values('CC2Servicenummer','Belgrad','Nicht übermittelt','trz_sstankovic',                                  '491722455363','','Nicht übermittelt','491722455363_Thursday, December 19, 2019_5:31:53 PM')]
(Background on this error at: http://sqlalche.me/e/9h9h)
Sat, 28 Dec 2019 07:30:36 - INFO - 123TV DB import
Sat, 28 Dec 2019 07:31:41 - INFO - Connect to DB
Sat, 28 Dec 2019 07:31:41 - INFO - TRIZMA DB import
Sat, 28 Dec 2019 07:31:41 - INFO - Failed on TRIZMA DB import at: 2019-12-27_17-32-36, for following calling party: 493746389309, for agent id: trz_sstankovic, with error:(pyodbc.DataError) ('22001', '[22001] [Microsoft][ODBC Driver 17 for SQL Server][SQL Server]String or binary data would be truncated. (8152) (SQLExecDirectW)')
[SQL: insert into records values('CC2Servicenummer','Belgrad','Nicht übermittelt','trz_sstankovic',                                  '493746389309','','Nicht übermittelt','493746389309_Thursday, December 19, 2019_6:52:07 PM')]
(Background on this error at: http://sqlalche.me/e/9h9h)
Sat, 28 Dec 2019 07:31:41 - INFO - 123TV DB import
Sat, 28 Dec 2019 07:34:19 - INFO - Connect to DB
Sat, 28 Dec 2019 07:34:19 - INFO - TRIZMA DB import
Sat, 28 Dec 2019 07:34:19 - INFO - 123TV DB import
Sat, 28 Dec 2019 07:37:23 - INFO - Connect to DB
Sat, 28 Dec 2019 07:37:23 - INFO - TRIZMA DB import
Sat, 28 Dec 2019 07:37:23 - INFO - 123TV DB import
Sat, 28 Dec 2019 07:37:48 - INFO - Connect to DB
Sat, 28 Dec 2019 07:37:48 - INFO - TRIZMA DB import
Sat, 28 Dec 2019 07:37:48 - INFO - 123TV DB import
Sat, 28 Dec 2019 07:39:09 - INFO - Connect to DB
Sat, 28 Dec 2019 07:39:09 - INFO - TRIZMA DB import
Sat, 28 Dec 2019 07:39:09 - INFO - 123TV DB import
Sat, 28 Dec 2019 07:50:42 - INFO - Connect to DB
Sat, 28 Dec 2019 07:50:42 - INFO - TRIZMA DB import
Sat, 28 Dec 2019 07:50:42 - INFO - 123TV DB import
Sat, 28 Dec 2019 07:52:28 - INFO - Connect to DB
Sat, 28 Dec 2019 07:52:28 - INFO - TRIZMA DB import
Sat, 28 Dec 2019 07:52:28 - INFO - Failed on TRIZMA DB import at: 2019-12-27_17-32-36, for following calling party: 493916314629, for agent id: trz_sstankovic, with error:(pyodbc.DataError) ('22001', '[22001] [Microsoft][ODBC Driver 17 for SQL Server][SQL Server]String or binary data would be truncated. (8152) (SQLExecDirectW)')
[SQL: insert into records values('CC2Servicenummer','Belgrad','Nicht übermittelt','trz_sstankovic',                                  '493916314629','','Nicht übermittelt','493916314629_Saturday, December 21, 2019_1:36:14 PM')]
(Background on this error at: http://sqlalche.me/e/9h9h)
Sat, 28 Dec 2019 07:52:28 - INFO - 123TV DB import
Sat, 28 Dec 2019 07:55:04 - INFO - Connect to DB
Sat, 28 Dec 2019 07:55:04 - INFO - TRIZMA DB import
Sat, 28 Dec 2019 07:55:04 - INFO - 123TV DB import
Sat, 28 Dec 2019 07:56:34 - INFO - Connect to DB
Sat, 28 Dec 2019 07:56:35 - INFO - TRIZMA DB import
Sat, 28 Dec 2019 07:56:35 - INFO - 123TV DB import
Sat, 28 Dec 2019 07:57:55 - INFO - Connect to DB
Sat, 28 Dec 2019 07:57:55 - INFO - TRIZMA DB import
Sat, 28 Dec 2019 07:57:55 - INFO - 123TV DB import
Sat, 28 Dec 2019 07:58:05 - INFO - Connect to DB
Sat, 28 Dec 2019 07:58:05 - INFO - TRIZMA DB import
Sat, 28 Dec 2019 07:58:05 - INFO - Failed on TRIZMA DB import at: 2019-12-27_17-32-36, for following calling party: 491728494667, for agent id: trz_sstankovic, with error:(pyodbc.DataError) ('22001', '[22001] [Microsoft][ODBC Driver 17 for SQL Server][SQL Server]String or binary data would be truncated. (8152) (SQLExecDirectW)')
[SQL: insert into records values('CC2Servicenummer','Belgrad','Nicht übermittelt','trz_sstankovic',                                  '491728494667','','Nicht übermittelt','491728494667_Saturday, December 21, 2019_7:49:07 PM')]
(Background on this error at: http://sqlalche.me/e/9h9h)
Sat, 28 Dec 2019 07:58:05 - INFO - 123TV DB import
Sat, 28 Dec 2019 07:58:50 - INFO - Connect to DB
Sat, 28 Dec 2019 07:58:50 - INFO - TRIZMA DB import
Sat, 28 Dec 2019 07:58:50 - INFO - Failed on TRIZMA DB import at: 2019-12-27_17-32-36, for following calling party: 4922619154640, for agent id: trz_sstankovic, with error:(pyodbc.DataError) ('22001', '[22001] [Microsoft][ODBC Driver 17 for SQL Server][SQL Server]String or binary data would be truncated. (8152) (SQLExecDirectW)')
[SQL: insert into records values('CC2Servicenummer','Belgrad','Nicht übermittelt','trz_sstankovic',                                  '4922619154640','','Nicht übermittelt','4922619154640_Tuesday, December 24, 2019_12:33:24 PM')]
(Background on this error at: http://sqlalche.me/e/9h9h)
Sat, 28 Dec 2019 07:58:50 - INFO - 123TV DB import
Sat, 28 Dec 2019 08:00:51 - INFO - Connect to DB
Sat, 28 Dec 2019 08:00:51 - INFO - TRIZMA DB import
Sat, 28 Dec 2019 08:00:51 - INFO - Failed on TRIZMA DB import at: 2019-12-27_17-32-36, for following calling party: 493061292849, for agent id: trz_sstankovic, with error:(pyodbc.DataError) ('22001', '[22001] [Microsoft][ODBC Driver 17 for SQL Server][SQL Server]String or binary data would be truncated. (8152) (SQLExecDirectW)')
[SQL: insert into records values('CC2Servicenummer','Belgrad','Nicht übermittelt','trz_sstankovic',                                  '493061292849','','Nicht übermittelt','493061292849_Wednesday, December 25, 2019_2:36:11 PM')]
(Background on this error at: http://sqlalche.me/e/9h9h)
Sat, 28 Dec 2019 08:00:51 - INFO - 123TV DB import
Sat, 28 Dec 2019 08:01:16 - INFO - Connect to DB
Sat, 28 Dec 2019 08:01:16 - INFO - TRIZMA DB import
Sat, 28 Dec 2019 08:01:16 - INFO - Failed on TRIZMA DB import at: 2019-12-27_17-32-36, for following calling party: 49689452432, for agent id: trz_sstankovic, with error:(pyodbc.DataError) ('22001', '[22001] [Microsoft][ODBC Driver 17 for SQL Server][SQL Server]String or binary data would be truncated. (8152) (SQLExecDirectW)')
[SQL: insert into records values('CC2Servicenummer','Belgrad','Nicht übermittelt','trz_sstankovic',                                  '49689452432','','Nicht übermittelt','49689452432_Wednesday, December 25, 2019_2:55:11 PM')]
(Background on this error at: http://sqlalche.me/e/9h9h)
Sat, 28 Dec 2019 08:01:16 - INFO - 123TV DB import
Sat, 28 Dec 2019 08:04:58 - INFO - Connect to DB
Sat, 28 Dec 2019 08:04:58 - INFO - TRIZMA DB import
Sat, 28 Dec 2019 08:04:58 - INFO - Failed on TRIZMA DB import at: 2019-12-27_17-32-36, for following calling party: 49697073641, for agent id: trz_sstankovic, with error:(pyodbc.DataError) ('22001', '[22001] [Microsoft][ODBC Driver 17 for SQL Server][SQL Server]String or binary data would be truncated. (8152) (SQLExecDirectW)')
[SQL: insert into records values('CC2Servicenummer','Belgrad','Nicht übermittelt','trz_sstankovic',                                  '49697073641','','Nicht übermittelt','49697073641_Wednesday, December 25, 2019_5:43:31 PM')]
(Background on this error at: http://sqlalche.me/e/9h9h)
Sat, 28 Dec 2019 08:04:58 - INFO - 123TV DB import
Sat, 28 Dec 2019 08:14:32 - INFO - Connect to DB
Sat, 28 Dec 2019 08:14:32 - INFO - TRIZMA DB import
Sat, 28 Dec 2019 08:14:32 - INFO - 123TV DB import
Sat, 28 Dec 2019 08:23:09 - INFO - Connect to DB
Sat, 28 Dec 2019 08:23:09 - INFO - TRIZMA DB import
Sat, 28 Dec 2019 08:23:10 - INFO - 123TV DB import
Sat, 28 Dec 2019 08:29:20 - INFO - Connect to DB
Sat, 28 Dec 2019 08:29:20 - INFO - TRIZMA DB import
Sat, 28 Dec 2019 08:29:20 - INFO - 123TV DB import
Sat, 28 Dec 2019 08:30:50 - INFO - Connect to DB
Sat, 28 Dec 2019 08:30:50 - INFO - TRIZMA DB import
Sat, 28 Dec 2019 08:30:50 - INFO - Failed on TRIZMA DB import at: 2019-12-27_17-32-36, for following calling party: 4934126598128, for agent id: trz_sstankovic, with error:(pyodbc.DataError) ('22001', '[22001] [Microsoft][ODBC Driver 17 for SQL Server][SQL Server]String or binary data would be truncated. (8152) (SQLExecDirectW)')
[SQL: insert into records values('CC2Servicenummer','Belgrad','Nicht übermittelt','trz_sstankovic',                                  '4934126598128','','Nicht übermittelt','4934126598128_Friday, December 27, 2019_12:44:25 PM')]
(Background on this error at: http://sqlalche.me/e/9h9h)
Sat, 28 Dec 2019 08:30:50 - INFO - 123TV DB import
Sat, 28 Dec 2019 08:31:20 - INFO - Connect to DB
Sat, 28 Dec 2019 08:31:20 - INFO - TRIZMA DB import
Sat, 28 Dec 2019 08:31:20 - INFO - 123TV DB import
