Sun, 19 Jan 2020 11:19:12 - INFO - Connect to DB
Sun, 19 Jan 2020 11:19:12 - INFO - TRIZMA DB import
Sun, 19 Jan 2020 11:19:12 - INFO - 123TV DB import
Sun, 19 Jan 2020 11:25:57 - INFO - Connect to DB
Sun, 19 Jan 2020 11:25:57 - INFO - TRIZMA DB import
Sun, 19 Jan 2020 11:25:57 - INFO - Failed on TRIZMA DB import at: 2020-01-19_10-40-29, for following calling party: 4967197043865, for agent id: trz_asilni, with error:(pyodbc.DataError) ('22001', '[22001] [Microsoft][ODBC Driver 17 for SQL Server][SQL Server]String or binary data would be truncated. (8152) (SQLExecDirectW)')
[SQL: insert into records values('CC2Servicenummer','Belgrad','Nicht 端bermittelt','trz_asilni',                                 '4967197043865','','Nicht 端bermittelt','4967197043865_Wednesday, January 15, 2020_1:27:52 PM','ANA_SILNI')]
(Background on this error at: http://sqlalche.me/e/9h9h)
Sun, 19 Jan 2020 11:25:57 - INFO - 123TV DB import
Sun, 19 Jan 2020 11:26:03 - INFO - Connect to DB
Sun, 19 Jan 2020 11:26:04 - INFO - TRIZMA DB import
Sun, 19 Jan 2020 11:26:04 - INFO - 123TV DB import
Sun, 19 Jan 2020 11:26:15 - INFO - Connect to DB
Sun, 19 Jan 2020 11:26:15 - INFO - TRIZMA DB import
Sun, 19 Jan 2020 11:26:16 - INFO - Failed on TRIZMA DB import at: 2020-01-19_10-40-29, for following calling party: 499254953364, for agent id: trz_asilni, with error:(pyodbc.DataError) ('22001', '[22001] [Microsoft][ODBC Driver 17 for SQL Server][SQL Server]String or binary data would be truncated. (8152) (SQLExecDirectW)')
[SQL: insert into records values('CC2Servicenummer','Belgrad','Nicht 端bermittelt','trz_asilni',                                 '499254953364','','Nicht 端bermittelt','499254953364_Wednesday, January 15, 2020_2:26:38 PM','ANA_SILNI')]
(Background on this error at: http://sqlalche.me/e/9h9h)
Sun, 19 Jan 2020 11:26:16 - INFO - 123TV DB import
Sun, 19 Jan 2020 12:09:23 - INFO - Connect to DB
Sun, 19 Jan 2020 12:09:23 - INFO - TRIZMA DB import
Sun, 19 Jan 2020 12:09:23 - INFO - 123TV DB import
Sun, 19 Jan 2020 12:12:10 - INFO - Connect to DB
Sun, 19 Jan 2020 12:12:10 - INFO - TRIZMA DB import
Sun, 19 Jan 2020 12:12:10 - INFO - 123TV DB import
Sun, 19 Jan 2020 12:17:11 - INFO - Connect to DB
Sun, 19 Jan 2020 12:17:11 - INFO - TRIZMA DB import
Sun, 19 Jan 2020 12:17:11 - INFO - 123TV DB import
Sun, 19 Jan 2020 12:17:41 - INFO - Connect to DB
Sun, 19 Jan 2020 12:17:42 - INFO - TRIZMA DB import
Sun, 19 Jan 2020 12:17:42 - INFO - 123TV DB import
Sun, 19 Jan 2020 12:19:07 - INFO - Connect to DB
Sun, 19 Jan 2020 12:19:07 - INFO - TRIZMA DB import
Sun, 19 Jan 2020 12:19:07 - INFO - 123TV DB import
Sun, 19 Jan 2020 13:04:38 - INFO - Connect to DB
Sun, 19 Jan 2020 13:04:38 - INFO - TRIZMA DB import
Sun, 19 Jan 2020 13:04:38 - INFO - 123TV DB import
Sun, 19 Jan 2020 13:12:38 - INFO - Connect to DB
Sun, 19 Jan 2020 13:12:38 - INFO - TRIZMA DB import
Sun, 19 Jan 2020 13:12:38 - INFO - 123TV DB import
