Sat, 11 Jan 2020 12:47:15 - INFO - Connect to DB
Sat, 11 Jan 2020 12:47:15 - INFO - TRIZMA DB import
Sat, 11 Jan 2020 12:47:15 - INFO - Failed on TRIZMA DB import at: 2020-01-11_12-43-12, for following calling party: 4951399525345, for agent id: trz_divankovic, with error:(pyodbc.DataError) ('22001', '[22001] [Microsoft][ODBC Driver 17 for SQL Server][SQL Server]String or binary data would be truncated. (8152) (SQLExecDirectW)')
[SQL: insert into records values('CC2Servicenummer','Belgrad','Nicht übermittelt','trz_divankovic',                                  '4951399525345','','Nicht übermittelt','4951399525345_Saturday, January 11, 2020_1:47:12 PM')]
(Background on this error at: http://sqlalche.me/e/9h9h)
Sat, 11 Jan 2020 12:47:15 - INFO - 123TV DB import
Sat, 11 Jan 2020 12:47:20 - INFO - Failed on 123TV DB import at: 2020-01-11_12-43-12, for following calling party: 4951399525345, for agent id: 3019, with error:Missing element acd_id (importCallMetaData.acd_id)
Sat, 11 Jan 2020 12:49:02 - INFO - Connect to DB
Sat, 11 Jan 2020 12:49:02 - INFO - TRIZMA DB import
Sat, 11 Jan 2020 12:49:02 - INFO - 123TV DB import
Sat, 11 Jan 2020 12:49:07 - INFO - Failed on 123TV DB import at: 2020-01-11_12-43-12, for following calling party: 4956136441, for agent id: 3067, with error:Missing element acd_id (importCallMetaData.acd_id)
Sat, 11 Jan 2020 12:49:07 - INFO - Connect to DB
Sat, 11 Jan 2020 12:49:07 - INFO - TRIZMA DB import
Sat, 11 Jan 2020 12:49:07 - INFO - Failed on TRIZMA DB import at: 2020-01-11_12-43-12, for following calling party: 491729020341, for agent id: trz_madamovic, with error:(pyodbc.DataError) ('22001', '[22001] [Microsoft][ODBC Driver 17 for SQL Server][SQL Server]String or binary data would be truncated. (8152) (SQLExecDirectW)')
[SQL: insert into records values('CC2Servicenummer','Belgrad','Nicht übermittelt','trz_madamovic',                                  '491729020341','','Nicht übermittelt','491729020341_Thursday, January 09, 2020_11:39:25 AM')]
(Background on this error at: http://sqlalche.me/e/9h9h)
Sat, 11 Jan 2020 12:49:07 - INFO - 123TV DB import
Sat, 11 Jan 2020 12:49:12 - INFO - Failed on 123TV DB import at: 2020-01-11_12-43-12, for following calling party: 491729020341, for agent id: 3067, with error:Missing element acd_id (importCallMetaData.acd_id)
Sat, 11 Jan 2020 12:52:16 - INFO - Connect to DB
Sat, 11 Jan 2020 12:52:17 - INFO - TRIZMA DB import
Sat, 11 Jan 2020 12:52:17 - INFO - 123TV DB import
Sat, 11 Jan 2020 12:52:22 - INFO - Failed on 123TV DB import at: 2020-01-11_12-43-12, for following calling party: 491724350681, for agent id: 3117, with error:Missing element acd_id (importCallMetaData.acd_id)
Sat, 11 Jan 2020 12:55:15 - INFO - Connect to DB
Sat, 11 Jan 2020 12:55:15 - INFO - TRIZMA DB import
Sat, 11 Jan 2020 12:55:15 - INFO - 123TV DB import
Sat, 11 Jan 2020 12:55:20 - INFO - Failed on 123TV DB import at: 2020-01-11_12-43-12, for following calling party: 49534138483, for agent id: 3067, with error:Missing element acd_id (importCallMetaData.acd_id)
Sat, 11 Jan 2020 12:55:44 - INFO - Connect to DB
Sat, 11 Jan 2020 12:55:44 - INFO - TRIZMA DB import
Sat, 11 Jan 2020 12:55:44 - INFO - 123TV DB import
Sat, 11 Jan 2020 12:55:49 - INFO - Failed on 123TV DB import at: 2020-01-11_12-43-12, for following calling party: 49941565105, for agent id: 3046, with error:Missing element acd_id (importCallMetaData.acd_id)
Sat, 11 Jan 2020 13:01:24 - INFO - Connect to DB
Sat, 11 Jan 2020 13:01:24 - INFO - TRIZMA DB import
Sat, 11 Jan 2020 13:01:24 - INFO - Failed on TRIZMA DB import at: 2020-01-11_12-43-12, for following calling party: 4952051301730, for agent id: trz_sstankovic, with error:(pyodbc.DataError) ('22001', '[22001] [Microsoft][ODBC Driver 17 for SQL Server][SQL Server]String or binary data would be truncated. (8152) (SQLExecDirectW)')
[SQL: insert into records values('CC2Servicenummer','Belgrad','Nicht übermittelt','trz_sstankovic',                                  '4952051301730','','Nicht übermittelt','4952051301730_Saturday, January 11, 2020_2:01:21 PM')]
(Background on this error at: http://sqlalche.me/e/9h9h)
Sat, 11 Jan 2020 13:01:24 - INFO - 123TV DB import
Sat, 11 Jan 2020 13:01:29 - INFO - Failed on 123TV DB import at: 2020-01-11_12-43-12, for following calling party: 4952051301730, for agent id: 3046, with error:Missing element acd_id (importCallMetaData.acd_id)
Sat, 11 Jan 2020 13:03:54 - INFO - Connect to DB
Sat, 11 Jan 2020 13:03:54 - INFO - TRIZMA DB import
Sat, 11 Jan 2020 13:03:54 - INFO - 123TV DB import
Sat, 11 Jan 2020 13:03:59 - INFO - Failed on 123TV DB import at: 2020-01-11_12-43-12, for following calling party: 495281608425, for agent id: 3019, with error:Missing element acd_id (importCallMetaData.acd_id)
Sat, 11 Jan 2020 13:11:04 - INFO - Connect to DB
Sat, 11 Jan 2020 13:11:04 - INFO - TRIZMA DB import
Sat, 11 Jan 2020 13:11:04 - INFO - 123TV DB import
Sat, 11 Jan 2020 13:11:09 - INFO - Failed on 123TV DB import at: 2020-01-11_12-43-12, for following calling party: 495731981455, for agent id: 3067, with error:Missing element acd_id (importCallMetaData.acd_id)
Sat, 11 Jan 2020 13:17:17 - INFO - Connect to DB
Sat, 11 Jan 2020 13:17:17 - INFO - TRIZMA DB import
Sat, 11 Jan 2020 13:17:17 - INFO - 123TV DB import
Sat, 11 Jan 2020 13:17:22 - INFO - Failed on 123TV DB import at: 2020-01-11_12-43-12, for following calling party: 4991416435, for agent id: 3036, with error:Missing element acd_id (importCallMetaData.acd_id)
Sat, 11 Jan 2020 13:19:18 - INFO - Connect to DB
Sat, 11 Jan 2020 13:19:18 - INFO - TRIZMA DB import
Sat, 11 Jan 2020 13:19:18 - INFO - 123TV DB import
Sat, 11 Jan 2020 13:19:23 - INFO - Failed on 123TV DB import at: 2020-01-11_12-43-12, for following calling party: 4986337624, for agent id: 3067, with error:Missing element acd_id (importCallMetaData.acd_id)
