Wed, 22 Jan 2020 11:33:53 - INFO - Connect to DB
Wed, 22 Jan 2020 11:33:53 - INFO - TRIZMA DB import
Wed, 22 Jan 2020 11:33:53 - INFO - 123TV DB import
Wed, 22 Jan 2020 11:34:00 - INFO - Connect to DB
Wed, 22 Jan 2020 11:34:00 - INFO - TRIZMA DB import
Wed, 22 Jan 2020 11:34:00 - INFO - 123TV DB import
Wed, 22 Jan 2020 11:34:32 - INFO - Connect to DB
Wed, 22 Jan 2020 11:34:32 - INFO - TRIZMA DB import
Wed, 22 Jan 2020 11:34:32 - INFO - 123TV DB import
Wed, 22 Jan 2020 11:35:56 - INFO - Connect to DB
Wed, 22 Jan 2020 11:35:56 - INFO - TRIZMA DB import
Wed, 22 Jan 2020 11:35:56 - INFO - Failed on TRIZMA DB import at: 2020-01-22_11-31-56, for following calling party: 493093490685, for agent id: trz_hjovic, with error:(pyodbc.DataError) ('22001', '[22001] [Microsoft][ODBC Driver 17 for SQL Server][SQL Server]String or binary data would be truncated. (8152) (SQLExecDirectW)')
[SQL: insert into records values('CC2Servicenummer','Belgrad','Nicht übermittelt','trz_hjovic',                                 '493093490685','','Nicht übermittelt','493093490685_Wednesday, January 22, 2020_12:35:51 PM','HRI_JOVIC')]
(Background on this error at: http://sqlalche.me/e/9h9h)
Wed, 22 Jan 2020 11:35:56 - INFO - 123TV DB import
Wed, 22 Jan 2020 11:39:58 - INFO - Connect to DB
Wed, 22 Jan 2020 11:39:58 - INFO - TRIZMA DB import
Wed, 22 Jan 2020 11:39:58 - INFO - 123TV DB import
Wed, 22 Jan 2020 11:43:49 - INFO - Connect to DB
Wed, 22 Jan 2020 11:43:49 - INFO - TRIZMA DB import
Wed, 22 Jan 2020 11:43:49 - INFO - 123TV DB import
