Mon, 20 Jan 2020 07:55:49 - INFO - Connect to DB
Mon, 20 Jan 2020 07:55:50 - INFO - TRIZMA DB import
Mon, 20 Jan 2020 07:55:50 - INFO - 123TV DB import
Mon, 20 Jan 2020 07:56:14 - INFO - Connect to DB
Mon, 20 Jan 2020 07:56:14 - INFO - TRIZMA DB import
Mon, 20 Jan 2020 07:56:14 - INFO - 123TV DB import
Mon, 20 Jan 2020 07:56:39 - INFO - Connect to DB
Mon, 20 Jan 2020 07:56:39 - INFO - TRIZMA DB import
Mon, 20 Jan 2020 07:56:40 - INFO - 123TV DB import
Mon, 20 Jan 2020 08:02:26 - INFO - Connect to DB
Mon, 20 Jan 2020 08:02:26 - INFO - TRIZMA DB import
Mon, 20 Jan 2020 08:02:26 - INFO - 123TV DB import
Mon, 20 Jan 2020 08:03:49 - INFO - Connect to DB
Mon, 20 Jan 2020 08:03:49 - INFO - TRIZMA DB import
Mon, 20 Jan 2020 08:03:49 - INFO - Failed on TRIZMA DB import at: 2020-01-20_07-53-13, for following calling party: 4917637997039, for agent id: trz_sstankovic, with error:(pyodbc.DataError) ('22001', '[22001] [Microsoft][ODBC Driver 17 for SQL Server][SQL Server]String or binary data would be truncated. (8152) (SQLExecDirectW)')
[SQL: insert into records values('CC2Servicenummer','Belgrad','Nicht übermittelt','trz_sstankovic',                                 '4917637997039','','Nicht übermittelt','4917637997039_Saturday, January 18, 2020_8:51:47 AM','SAR_STANKO')]
(Background on this error at: http://sqlalche.me/e/9h9h)
Mon, 20 Jan 2020 08:03:49 - INFO - 123TV DB import
Mon, 20 Jan 2020 08:04:14 - INFO - Connect to DB
Mon, 20 Jan 2020 08:04:14 - INFO - TRIZMA DB import
Mon, 20 Jan 2020 08:04:15 - INFO - 123TV DB import
Mon, 20 Jan 2020 08:07:38 - INFO - Connect to DB
Mon, 20 Jan 2020 08:07:38 - INFO - TRIZMA DB import
Mon, 20 Jan 2020 08:07:38 - INFO - 123TV DB import
Mon, 20 Jan 2020 08:07:46 - INFO - Connect to DB
Mon, 20 Jan 2020 08:07:46 - INFO - TRIZMA DB import
Mon, 20 Jan 2020 08:07:46 - INFO - 123TV DB import
Mon, 20 Jan 2020 08:08:16 - INFO - Connect to DB
Mon, 20 Jan 2020 08:08:16 - INFO - TRIZMA DB import
Mon, 20 Jan 2020 08:08:16 - INFO - 123TV DB import
Mon, 20 Jan 2020 08:08:46 - INFO - Connect to DB
Mon, 20 Jan 2020 08:08:46 - INFO - TRIZMA DB import
Mon, 20 Jan 2020 08:08:46 - INFO - 123TV DB import
Mon, 20 Jan 2020 08:09:38 - INFO - Connect to DB
Mon, 20 Jan 2020 08:09:38 - INFO - TRIZMA DB import
Mon, 20 Jan 2020 08:09:38 - INFO - 123TV DB import
Mon, 20 Jan 2020 08:09:56 - INFO - Connect to DB
Mon, 20 Jan 2020 08:09:56 - INFO - TRIZMA DB import
Mon, 20 Jan 2020 08:09:56 - INFO - Failed on TRIZMA DB import at: 2020-01-20_07-53-13, for following calling party: 4934462279863, for agent id: trz_sstankovic, with error:(pyodbc.DataError) ('22001', '[22001] [Microsoft][ODBC Driver 17 for SQL Server][SQL Server]String or binary data would be truncated. (8152) (SQLExecDirectW)')
[SQL: insert into records values('CC2Servicenummer','Belgrad','Nicht übermittelt','trz_sstankovic',                                 '4934462279863','','Nicht übermittelt','4934462279863_Saturday, January 18, 2020_10:21:09 AM','SAR_STANKO')]
(Background on this error at: http://sqlalche.me/e/9h9h)
Mon, 20 Jan 2020 08:09:56 - INFO - 123TV DB import
Mon, 20 Jan 2020 08:10:28 - INFO - Connect to DB
Mon, 20 Jan 2020 08:10:28 - INFO - TRIZMA DB import
Mon, 20 Jan 2020 08:10:28 - INFO - 123TV DB import
Mon, 20 Jan 2020 08:11:06 - INFO - Connect to DB
Mon, 20 Jan 2020 08:11:06 - INFO - TRIZMA DB import
Mon, 20 Jan 2020 08:11:06 - INFO - Failed on TRIZMA DB import at: 2020-01-20_07-53-13, for following calling party: 4915202411768, for agent id: trz_sstankovic, with error:(pyodbc.DataError) ('22001', '[22001] [Microsoft][ODBC Driver 17 for SQL Server][SQL Server]String or binary data would be truncated. (8152) (SQLExecDirectW)')
[SQL: insert into records values('CC2Servicenummer','Belgrad','Nicht übermittelt','trz_sstankovic',                                 '4915202411768','','Nicht übermittelt','4915202411768_Saturday, January 18, 2020_10:51:25 AM','SAR_STANKO')]
(Background on this error at: http://sqlalche.me/e/9h9h)
Mon, 20 Jan 2020 08:11:06 - INFO - 123TV DB import
Mon, 20 Jan 2020 08:11:31 - INFO - Connect to DB
Mon, 20 Jan 2020 08:11:31 - INFO - TRIZMA DB import
Mon, 20 Jan 2020 08:11:31 - INFO - 123TV DB import
Mon, 20 Jan 2020 08:11:57 - INFO - Connect to DB
Mon, 20 Jan 2020 08:11:57 - INFO - TRIZMA DB import
Mon, 20 Jan 2020 08:11:57 - INFO - Failed on TRIZMA DB import at: 2020-01-20_07-53-13, for following calling party: 493652042660, for agent id: trz_sstankovic, with error:(pyodbc.DataError) ('22001', '[22001] [Microsoft][ODBC Driver 17 for SQL Server][SQL Server]String or binary data would be truncated. (8152) (SQLExecDirectW)')
[SQL: insert into records values('CC2Servicenummer','Belgrad','Nicht übermittelt','trz_sstankovic',                                 '493652042660','','Nicht übermittelt','493652042660_Saturday, January 18, 2020_11:57:20 AM','SAR_STANKO')]
(Background on this error at: http://sqlalche.me/e/9h9h)
Mon, 20 Jan 2020 08:11:57 - INFO - 123TV DB import
Mon, 20 Jan 2020 08:14:50 - INFO - Connect to DB
Mon, 20 Jan 2020 08:14:50 - INFO - TRIZMA DB import
Mon, 20 Jan 2020 08:14:50 - INFO - 123TV DB import
Mon, 20 Jan 2020 08:21:30 - INFO - Connect to DB
Mon, 20 Jan 2020 08:21:30 - INFO - TRIZMA DB import
Mon, 20 Jan 2020 08:21:30 - INFO - 123TV DB import
Mon, 20 Jan 2020 08:26:01 - INFO - Connect to DB
Mon, 20 Jan 2020 08:26:01 - INFO - TRIZMA DB import
Mon, 20 Jan 2020 08:26:01 - INFO - 123TV DB import
Mon, 20 Jan 2020 08:26:16 - INFO - Connect to DB
Mon, 20 Jan 2020 08:26:16 - INFO - TRIZMA DB import
Mon, 20 Jan 2020 08:26:16 - INFO - 123TV DB import
Mon, 20 Jan 2020 08:26:59 - INFO - Connect to DB
Mon, 20 Jan 2020 08:26:59 - INFO - TRIZMA DB import
Mon, 20 Jan 2020 08:26:59 - INFO - 123TV DB import
Mon, 20 Jan 2020 08:27:04 - INFO - Connect to DB
Mon, 20 Jan 2020 08:27:04 - INFO - TRIZMA DB import
Mon, 20 Jan 2020 08:27:04 - INFO - 123TV DB import
Mon, 20 Jan 2020 08:27:47 - INFO - Connect to DB
Mon, 20 Jan 2020 08:27:47 - INFO - TRIZMA DB import
Mon, 20 Jan 2020 08:27:47 - INFO - 123TV DB import
Mon, 20 Jan 2020 08:28:20 - INFO - Connect to DB
Mon, 20 Jan 2020 08:28:20 - INFO - TRIZMA DB import
Mon, 20 Jan 2020 08:28:20 - INFO - 123TV DB import
Mon, 20 Jan 2020 08:29:15 - INFO - Connect to DB
Mon, 20 Jan 2020 08:29:15 - INFO - TRIZMA DB import
Mon, 20 Jan 2020 08:29:15 - INFO - 123TV DB import
Mon, 20 Jan 2020 08:29:48 - INFO - Connect to DB
Mon, 20 Jan 2020 08:29:48 - INFO - TRIZMA DB import
Mon, 20 Jan 2020 08:29:48 - INFO - 123TV DB import
Mon, 20 Jan 2020 08:34:17 - INFO - Connect to DB
Mon, 20 Jan 2020 08:34:17 - INFO - TRIZMA DB import
Mon, 20 Jan 2020 08:34:17 - INFO - 123TV DB import
