Tue, 07 Jan 2020 07:40:11 - INFO - Connect to DB
Tue, 07 Jan 2020 07:40:11 - INFO - TRIZMA DB import
Tue, 07 Jan 2020 07:40:11 - INFO - 123TV DB import
Tue, 07 Jan 2020 07:43:43 - INFO - Connect to DB
Tue, 07 Jan 2020 07:43:43 - INFO - TRIZMA DB import
Tue, 07 Jan 2020 07:43:43 - INFO - 123TV DB import
Tue, 07 Jan 2020 07:43:53 - INFO - Connect to DB
Tue, 07 Jan 2020 07:43:53 - INFO - TRIZMA DB import
Tue, 07 Jan 2020 07:43:53 - INFO - 123TV DB import
Tue, 07 Jan 2020 07:44:08 - INFO - Connect to DB
Tue, 07 Jan 2020 07:44:08 - INFO - TRIZMA DB import
Tue, 07 Jan 2020 07:44:08 - INFO - 123TV DB import
Tue, 07 Jan 2020 07:44:24 - INFO - Connect to DB
Tue, 07 Jan 2020 07:44:24 - INFO - TRIZMA DB import
Tue, 07 Jan 2020 07:44:24 - INFO - 123TV DB import
Tue, 07 Jan 2020 07:45:22 - INFO - Connect to DB
Tue, 07 Jan 2020 07:45:22 - INFO - TRIZMA DB import
Tue, 07 Jan 2020 07:45:22 - INFO - 123TV DB import
Tue, 07 Jan 2020 07:51:56 - INFO - Connect to DB
Tue, 07 Jan 2020 07:51:56 - INFO - TRIZMA DB import
Tue, 07 Jan 2020 07:51:56 - INFO - 123TV DB import
Tue, 07 Jan 2020 07:54:56 - INFO - Connect to DB
Tue, 07 Jan 2020 07:54:56 - INFO - TRIZMA DB import
Tue, 07 Jan 2020 07:54:56 - INFO - 123TV DB import
Tue, 07 Jan 2020 07:57:53 - INFO - Connect to DB
Tue, 07 Jan 2020 07:57:53 - INFO - TRIZMA DB import
Tue, 07 Jan 2020 07:57:53 - INFO - 123TV DB import
Tue, 07 Jan 2020 07:58:21 - INFO - Connect to DB
Tue, 07 Jan 2020 07:58:21 - INFO - TRIZMA DB import
Tue, 07 Jan 2020 07:58:21 - INFO - 123TV DB import
Tue, 07 Jan 2020 08:05:10 - INFO - Connect to DB
Tue, 07 Jan 2020 08:05:10 - INFO - TRIZMA DB import
Tue, 07 Jan 2020 08:05:11 - INFO - 123TV DB import
Tue, 07 Jan 2020 08:05:40 - INFO - Connect to DB
Tue, 07 Jan 2020 08:05:40 - INFO - TRIZMA DB import
Tue, 07 Jan 2020 08:05:41 - INFO - 123TV DB import
Tue, 07 Jan 2020 08:05:46 - INFO - Connect to DB
Tue, 07 Jan 2020 08:05:46 - INFO - TRIZMA DB import
Tue, 07 Jan 2020 08:05:47 - INFO - 123TV DB import
Tue, 07 Jan 2020 08:13:07 - INFO - Connect to DB
Tue, 07 Jan 2020 08:13:07 - INFO - TRIZMA DB import
Tue, 07 Jan 2020 08:13:07 - INFO - 123TV DB import
Tue, 07 Jan 2020 08:13:19 - INFO - Connect to DB
Tue, 07 Jan 2020 08:13:19 - INFO - TRIZMA DB import
Tue, 07 Jan 2020 08:13:19 - INFO - 123TV DB import
Tue, 07 Jan 2020 08:15:00 - INFO - Connect to DB
Tue, 07 Jan 2020 08:15:00 - INFO - TRIZMA DB import
Tue, 07 Jan 2020 08:15:00 - INFO - 123TV DB import
Tue, 07 Jan 2020 08:18:27 - INFO - Connect to DB
Tue, 07 Jan 2020 08:18:27 - INFO - TRIZMA DB import
Tue, 07 Jan 2020 08:18:27 - INFO - 123TV DB import
Tue, 07 Jan 2020 08:18:33 - INFO - Connect to DB
Tue, 07 Jan 2020 08:18:33 - INFO - TRIZMA DB import
Tue, 07 Jan 2020 08:18:33 - INFO - 123TV DB import
Tue, 07 Jan 2020 08:18:38 - INFO - Connect to DB
Tue, 07 Jan 2020 08:18:38 - INFO - TRIZMA DB import
Tue, 07 Jan 2020 08:18:38 - INFO - 123TV DB import
Tue, 07 Jan 2020 08:20:21 - INFO - Connect to DB
Tue, 07 Jan 2020 08:20:21 - INFO - TRIZMA DB import
Tue, 07 Jan 2020 08:20:21 - INFO - Failed on TRIZMA DB import at: 2020-01-07_07-39-41, for following calling party: 496131385252, for agent id: trz_sstankovic, with error:(pyodbc.DataError) ('22001', '[22001] [Microsoft][ODBC Driver 17 for SQL Server][SQL Server]String or binary data would be truncated. (8152) (SQLExecDirectW)')
[SQL: insert into records values('CC2Servicenummer','Belgrad','Nicht übermittelt','trz_sstankovic',                                  '496131385252','','Nicht übermittelt','496131385252_Saturday, January 04, 2020_12:42:34 PM')]
(Background on this error at: http://sqlalche.me/e/9h9h)
Tue, 07 Jan 2020 08:20:21 - INFO - 123TV DB import
Tue, 07 Jan 2020 08:24:44 - INFO - Connect to DB
Tue, 07 Jan 2020 08:24:44 - INFO - TRIZMA DB import
Tue, 07 Jan 2020 08:24:44 - INFO - 123TV DB import
Tue, 07 Jan 2020 08:25:33 - INFO - Connect to DB
Tue, 07 Jan 2020 08:25:33 - INFO - TRIZMA DB import
Tue, 07 Jan 2020 08:25:33 - INFO - 123TV DB import
