Fri, 27 Dec 2019 18:52:54 - INFO - Connect to DB
Fri, 27 Dec 2019 18:52:54 - INFO - TRIZMA DB import
Fri, 27 Dec 2019 18:52:54 - INFO - 123TV DB import
Sat, 28 Dec 2019 07:13:51 - INFO - Connect to DB
Sat, 28 Dec 2019 07:13:51 - INFO - TRIZMA DB import
Sat, 28 Dec 2019 07:13:51 - INFO - 123TV DB import
Sat, 28 Dec 2019 07:15:11 - INFO - Connect to DB
Sat, 28 Dec 2019 07:15:11 - INFO - TRIZMA DB import
Sat, 28 Dec 2019 07:15:11 - INFO - Failed on TRIZMA DB import at: 2019-12-27_18-18-26, for following calling party: 493496552437, for agent id: trz_sstankovic, with error:(pyodbc.DataError) ('22001', '[22001] [Microsoft][ODBC Driver 17 for SQL Server][SQL Server]String or binary data would be truncated. (8152) (SQLExecDirectW)')
[SQL: insert into records values('CC2Servicenummer','Belgrad','Nicht übermittelt','trz_sstankovic',                                  '493496552437','','Nicht übermittelt','493496552437_Wednesday, December 11, 2019_6:50:57 PM')]
(Background on this error at: http://sqlalche.me/e/9h9h)
Sat, 28 Dec 2019 07:15:11 - INFO - 123TV DB import
Sat, 28 Dec 2019 07:16:17 - INFO - Connect to DB
Sat, 28 Dec 2019 07:16:17 - INFO - TRIZMA DB import
Sat, 28 Dec 2019 07:16:17 - INFO - Failed on TRIZMA DB import at: 2019-12-27_18-18-26, for following calling party: 4917641228885, for agent id: trz_sstankovic, with error:(pyodbc.DataError) ('22001', '[22001] [Microsoft][ODBC Driver 17 for SQL Server][SQL Server]String or binary data would be truncated. (8152) (SQLExecDirectW)')
[SQL: insert into records values('CC2Servicenummer','Belgrad','Nicht übermittelt','trz_sstankovic',                                  '4917641228885','','Nicht übermittelt','4917641228885_Wednesday, December 11, 2019_7:17:06 PM')]
(Background on this error at: http://sqlalche.me/e/9h9h)
Sat, 28 Dec 2019 07:16:17 - INFO - 123TV DB import
Sat, 28 Dec 2019 07:17:42 - INFO - Connect to DB
Sat, 28 Dec 2019 07:17:42 - INFO - TRIZMA DB import
Sat, 28 Dec 2019 07:17:42 - INFO - Failed on TRIZMA DB import at: 2019-12-27_18-18-26, for following calling party: 496221314097, for agent id: trz_sstankovic, with error:(pyodbc.DataError) ('22001', '[22001] [Microsoft][ODBC Driver 17 for SQL Server][SQL Server]String or binary data would be truncated. (8152) (SQLExecDirectW)')
[SQL: insert into records values('CC2Servicenummer','Belgrad','Nicht übermittelt','trz_sstankovic',                                  '496221314097','','Nicht übermittelt','496221314097_Thursday, December 19, 2019_11:13:03 AM')]
(Background on this error at: http://sqlalche.me/e/9h9h)
Sat, 28 Dec 2019 07:17:42 - INFO - 123TV DB import
Sat, 28 Dec 2019 07:18:17 - INFO - Connect to DB
Sat, 28 Dec 2019 07:18:17 - INFO - TRIZMA DB import
Sat, 28 Dec 2019 07:18:17 - INFO - Failed on TRIZMA DB import at: 2019-12-27_18-18-26, for following calling party: 493601449448, for agent id: trz_sstankovic, with error:(pyodbc.DataError) ('22001', '[22001] [Microsoft][ODBC Driver 17 for SQL Server][SQL Server]String or binary data would be truncated. (8152) (SQLExecDirectW)')
[SQL: insert into records values('CC2Servicenummer','Belgrad','Nicht übermittelt','trz_sstankovic',                                  '493601449448','','Nicht übermittelt','493601449448_Thursday, December 19, 2019_11:29:34 AM')]
(Background on this error at: http://sqlalche.me/e/9h9h)
Sat, 28 Dec 2019 07:18:17 - INFO - 123TV DB import
Sat, 28 Dec 2019 07:19:12 - INFO - Connect to DB
Sat, 28 Dec 2019 07:19:12 - INFO - TRIZMA DB import
Sat, 28 Dec 2019 07:19:12 - INFO - Failed on TRIZMA DB import at: 2019-12-27_18-18-26, for following calling party: 4935475549995, for agent id: trz_sstankovic, with error:(pyodbc.DataError) ('22001', '[22001] [Microsoft][ODBC Driver 17 for SQL Server][SQL Server]String or binary data would be truncated. (8152) (SQLExecDirectW)')
[SQL: insert into records values('CC2Servicenummer','Belgrad','Nicht übermittelt','trz_sstankovic',                                  '4935475549995','','Nicht übermittelt','4935475549995_Thursday, December 19, 2019_12:20:38 PM')]
(Background on this error at: http://sqlalche.me/e/9h9h)
Sat, 28 Dec 2019 07:19:12 - INFO - 123TV DB import
Sat, 28 Dec 2019 07:20:20 - INFO - Connect to DB
Sat, 28 Dec 2019 07:20:20 - INFO - TRIZMA DB import
Sat, 28 Dec 2019 07:20:20 - INFO - Failed on TRIZMA DB import at: 2019-12-27_18-18-26, for following calling party: 4964197191699, for agent id: trz_sstankovic, with error:(pyodbc.DataError) ('22001', '[22001] [Microsoft][ODBC Driver 17 for SQL Server][SQL Server]String or binary data would be truncated. (8152) (SQLExecDirectW)')
[SQL: insert into records values('CC2Servicenummer','Belgrad','Nicht übermittelt','trz_sstankovic',                                  '4964197191699','','Nicht übermittelt','4964197191699_Thursday, December 19, 2019_12:43:29 PM')]
(Background on this error at: http://sqlalche.me/e/9h9h)
Sat, 28 Dec 2019 07:20:20 - INFO - 123TV DB import
Sat, 28 Dec 2019 07:20:41 - INFO - Connect to DB
Sat, 28 Dec 2019 07:20:41 - INFO - TRIZMA DB import
Sat, 28 Dec 2019 07:20:41 - INFO - Failed on TRIZMA DB import at: 2019-12-27_18-18-26, for following calling party: 491731963320, for agent id: trz_sstankovic, with error:(pyodbc.DataError) ('22001', '[22001] [Microsoft][ODBC Driver 17 for SQL Server][SQL Server]String or binary data would be truncated. (8152) (SQLExecDirectW)')
[SQL: insert into records values('CC2Servicenummer','Belgrad','Nicht übermittelt','trz_sstankovic',                                  '491731963320','','Nicht übermittelt','491731963320_Thursday, December 19, 2019_1:52:35 PM')]
(Background on this error at: http://sqlalche.me/e/9h9h)
Sat, 28 Dec 2019 07:20:41 - INFO - 123TV DB import
Sat, 28 Dec 2019 07:22:15 - INFO - Connect to DB
Sat, 28 Dec 2019 07:22:15 - INFO - TRIZMA DB import
Sat, 28 Dec 2019 07:22:15 - INFO - 123TV DB import
Sat, 28 Dec 2019 07:22:40 - INFO - Connect to DB
Sat, 28 Dec 2019 07:22:40 - INFO - TRIZMA DB import
Sat, 28 Dec 2019 07:22:40 - INFO - Failed on TRIZMA DB import at: 2019-12-27_18-18-26, for following calling party: 493028859214, for agent id: trz_sstankovic, with error:(pyodbc.DataError) ('22001', '[22001] [Microsoft][ODBC Driver 17 for SQL Server][SQL Server]String or binary data would be truncated. (8152) (SQLExecDirectW)')
[SQL: insert into records values('CC2Servicenummer','Belgrad','Nicht übermittelt','trz_sstankovic',                                  '493028859214','','Nicht übermittelt','493028859214_Thursday, December 19, 2019_3:58:31 PM')]
(Background on this error at: http://sqlalche.me/e/9h9h)
Sat, 28 Dec 2019 07:22:40 - INFO - 123TV DB import
