Wed, 08 Jan 2020 08:23:30 - INFO - Connect to DB
Wed, 08 Jan 2020 08:23:30 - INFO - TRIZMA DB import
Wed, 08 Jan 2020 08:23:30 - INFO - 123TV DB import
Wed, 08 Jan 2020 08:23:35 - INFO - Failed on 123TV DB import at: 2020-01-08_08-22-55, for following calling party: 493644516539, for agent id: 3122, with error:Invalid XML content received (Start tag expected, '<' not found, line 1, column 1)
Wed, 08 Jan 2020 08:23:43 - INFO - Connect to DB
Wed, 08 Jan 2020 08:23:43 - INFO - TRIZMA DB import
Wed, 08 Jan 2020 08:23:44 - INFO - 123TV DB import
Wed, 08 Jan 2020 08:23:49 - INFO - Failed on 123TV DB import at: 2020-01-08_08-22-55, for following calling party: 493362880666, for agent id: 3067, with error:Invalid XML content received (Start tag expected, '<' not found, line 1, column 1)
Wed, 08 Jan 2020 08:24:33 - INFO - Connect to DB
Wed, 08 Jan 2020 08:24:33 - INFO - TRIZMA DB import
Wed, 08 Jan 2020 08:24:33 - INFO - 123TV DB import
Wed, 08 Jan 2020 08:24:38 - INFO - Failed on 123TV DB import at: 2020-01-08_08-22-55, for following calling party: 4922142363361, for agent id: 3046, with error:Invalid XML content received (Start tag expected, '<' not found, line 1, column 1)
Wed, 08 Jan 2020 08:25:05 - INFO - Connect to DB
Wed, 08 Jan 2020 08:25:05 - INFO - TRIZMA DB import
Wed, 08 Jan 2020 08:25:05 - INFO - 123TV DB import
Wed, 08 Jan 2020 08:25:10 - INFO - Failed on 123TV DB import at: 2020-01-08_08-22-55, for following calling party: 4942157705024, for agent id: 3046, with error:Invalid XML content received (Start tag expected, '<' not found, line 1, column 1)
Wed, 08 Jan 2020 08:25:51 - INFO - Connect to DB
Wed, 08 Jan 2020 08:25:51 - INFO - TRIZMA DB import
Wed, 08 Jan 2020 08:25:51 - INFO - 123TV DB import
Wed, 08 Jan 2020 08:25:57 - INFO - Failed on 123TV DB import at: 2020-01-08_08-22-55, for following calling party: 493657105549, for agent id: 3046, with error:Invalid XML content received (Start tag expected, '<' not found, line 1, column 1)
Wed, 08 Jan 2020 08:26:37 - INFO - Connect to DB
Wed, 08 Jan 2020 08:26:37 - INFO - TRIZMA DB import
Wed, 08 Jan 2020 08:26:37 - INFO - 123TV DB import
Wed, 08 Jan 2020 08:26:42 - INFO - Failed on 123TV DB import at: 2020-01-08_08-22-55, for following calling party: 49230365383, for agent id: 3046, with error:Invalid XML content received (Start tag expected, '<' not found, line 1, column 1)
Wed, 08 Jan 2020 08:27:24 - INFO - Connect to DB
Wed, 08 Jan 2020 08:27:24 - INFO - TRIZMA DB import
Wed, 08 Jan 2020 08:27:24 - INFO - 123TV DB import
Wed, 08 Jan 2020 08:27:29 - INFO - Failed on 123TV DB import at: 2020-01-08_08-22-55, for following calling party: 494069644017, for agent id: 3098, with error:Invalid XML content received (Start tag expected, '<' not found, line 1, column 1)
Wed, 08 Jan 2020 08:27:45 - INFO - Connect to DB
Wed, 08 Jan 2020 08:27:45 - INFO - TRIZMA DB import
Wed, 08 Jan 2020 08:27:45 - INFO - 123TV DB import
Wed, 08 Jan 2020 08:27:50 - INFO - Failed on 123TV DB import at: 2020-01-08_08-22-55, for following calling party: 492381492781, for agent id: 3098, with error:Invalid XML content received (Start tag expected, '<' not found, line 1, column 1)
Wed, 08 Jan 2020 08:27:51 - INFO - Connect to DB
Wed, 08 Jan 2020 08:27:51 - INFO - TRIZMA DB import
Wed, 08 Jan 2020 08:27:51 - INFO - 123TV DB import
Wed, 08 Jan 2020 08:27:56 - INFO - Failed on 123TV DB import at: 2020-01-08_08-22-55, for following calling party: 491725197947, for agent id: 3098, with error:Invalid XML content received (Start tag expected, '<' not found, line 1, column 1)
Wed, 08 Jan 2020 08:28:02 - INFO - Connect to DB
Wed, 08 Jan 2020 08:28:02 - INFO - TRIZMA DB import
Wed, 08 Jan 2020 08:28:02 - INFO - 123TV DB import
Wed, 08 Jan 2020 08:28:07 - INFO - Failed on 123TV DB import at: 2020-01-08_08-22-55, for following calling party: 493820565220, for agent id: 3098, with error:Invalid XML content received (Start tag expected, '<' not found, line 1, column 1)
Wed, 08 Jan 2020 08:33:03 - INFO - Connect to DB
Wed, 08 Jan 2020 08:33:03 - INFO - TRIZMA DB import
Wed, 08 Jan 2020 08:33:03 - INFO - Failed on TRIZMA DB import at: 2020-01-08_08-22-55, for following calling party: 4938344446950, for agent id: trz_sstankovic, with error:(pyodbc.DataError) ('22001', '[22001] [Microsoft][ODBC Driver 17 for SQL Server][SQL Server]String or binary data would be truncated. (8152) (SQLExecDirectW)')
[SQL: insert into records values('CC2Servicenummer','Belgrad','Nicht übermittelt','trz_sstankovic',                                  '4938344446950','','Nicht übermittelt','4938344446950_Saturday, January 04, 2020_9:32:15 AM')]
(Background on this error at: http://sqlalche.me/e/9h9h)
Wed, 08 Jan 2020 08:33:03 - INFO - 123TV DB import
Wed, 08 Jan 2020 08:33:08 - INFO - Failed on 123TV DB import at: 2020-01-08_08-22-55, for following calling party: 4938344446950, for agent id: 3046, with error:Invalid XML content received (Start tag expected, '<' not found, line 1, column 1)
Wed, 08 Jan 2020 08:33:49 - INFO - Connect to DB
Wed, 08 Jan 2020 08:33:49 - INFO - TRIZMA DB import
Wed, 08 Jan 2020 08:33:49 - INFO - Failed on TRIZMA DB import at: 2020-01-08_08-22-55, for following calling party: 4915237293666, for agent id: trz_sstankovic, with error:(pyodbc.DataError) ('22001', '[22001] [Microsoft][ODBC Driver 17 for SQL Server][SQL Server]String or binary data would be truncated. (8152) (SQLExecDirectW)')
[SQL: insert into records values('CC2Servicenummer','Belgrad','Nicht übermittelt','trz_sstankovic',                                  '4915237293666','','Nicht übermittelt','4915237293666_Saturday, January 04, 2020_10:25:49 AM')]
(Background on this error at: http://sqlalche.me/e/9h9h)
Wed, 08 Jan 2020 08:33:49 - INFO - 123TV DB import
Wed, 08 Jan 2020 08:33:54 - INFO - Failed on 123TV DB import at: 2020-01-08_08-22-55, for following calling party: 4915237293666, for agent id: 3046, with error:Invalid XML content received (Start tag expected, '<' not found, line 1, column 1)
Wed, 08 Jan 2020 08:36:01 - INFO - Connect to DB
Wed, 08 Jan 2020 08:36:02 - INFO - TRIZMA DB import
Wed, 08 Jan 2020 08:36:02 - INFO - 123TV DB import
Wed, 08 Jan 2020 08:36:07 - INFO - Failed on 123TV DB import at: 2020-01-08_08-22-55, for following calling party: 4915203184035, for agent id: 3098, with error:Invalid XML content received (Start tag expected, '<' not found, line 1, column 1)
Wed, 08 Jan 2020 08:38:45 - INFO - Connect to DB
Wed, 08 Jan 2020 08:38:45 - INFO - TRIZMA DB import
Wed, 08 Jan 2020 08:38:45 - INFO - Failed on TRIZMA DB import at: 2020-01-08_08-22-55, for following calling party: 493628584195, for agent id: trz_madamovic, with error:(pyodbc.DataError) ('22001', '[22001] [Microsoft][ODBC Driver 17 for SQL Server][SQL Server]String or binary data would be truncated. (8152) (SQLExecDirectW)')
[SQL: insert into records values('CC2Servicenummer','Belgrad','Nicht übermittelt','trz_madamovic',                                  '493628584195','','Nicht übermittelt','493628584195_Wednesday, January 08, 2020_9:38:42 AM')]
(Background on this error at: http://sqlalche.me/e/9h9h)
Wed, 08 Jan 2020 08:38:45 - INFO - 123TV DB import
Wed, 08 Jan 2020 08:38:50 - INFO - Failed on 123TV DB import at: 2020-01-08_08-22-55, for following calling party: 493628584195, for agent id: 3067, with error:Invalid XML content received (Start tag expected, '<' not found, line 1, column 1)
Wed, 08 Jan 2020 08:42:23 - INFO - Connect to DB
Wed, 08 Jan 2020 08:42:23 - INFO - TRIZMA DB import
Wed, 08 Jan 2020 08:42:23 - INFO - 123TV DB import
Wed, 08 Jan 2020 08:42:28 - INFO - Failed on 123TV DB import at: 2020-01-08_08-22-55, for following calling party: 49202750214, for agent id: 3046, with error:Invalid XML content received (Start tag expected, '<' not found, line 1, column 1)
Wed, 08 Jan 2020 08:43:37 - INFO - Connect to DB
Wed, 08 Jan 2020 08:43:37 - INFO - TRIZMA DB import
Wed, 08 Jan 2020 08:43:37 - INFO - 123TV DB import
Wed, 08 Jan 2020 08:43:42 - INFO - Failed on 123TV DB import at: 2020-01-08_08-22-55, for following calling party: 498974419500, for agent id: 3067, with error:Invalid XML content received (Start tag expected, '<' not found, line 1, column 1)
Wed, 08 Jan 2020 08:47:34 - INFO - Connect to DB
Wed, 08 Jan 2020 08:47:34 - INFO - TRIZMA DB import
Wed, 08 Jan 2020 08:47:34 - INFO - 123TV DB import
Wed, 08 Jan 2020 08:47:39 - INFO - Failed on 123TV DB import at: 2020-01-08_08-22-55, for following calling party: 4915223449165, for agent id: 3098, with error:Invalid XML content received (Start tag expected, '<' not found, line 1, column 1)
Wed, 08 Jan 2020 08:48:40 - INFO - Connect to DB
Wed, 08 Jan 2020 08:48:40 - INFO - TRIZMA DB import
Wed, 08 Jan 2020 08:48:40 - INFO - Failed on TRIZMA DB import at: 2020-01-08_08-22-55, for following calling party: 4917623964688, for agent id: trz_sstankovic, with error:(pyodbc.DataError) ('22001', '[22001] [Microsoft][ODBC Driver 17 for SQL Server][SQL Server]String or binary data would be truncated. (8152) (SQLExecDirectW)')
[SQL: insert into records values('CC2Servicenummer','Belgrad','Nicht übermittelt','trz_sstankovic',                                  '4917623964688','','Nicht übermittelt','4917623964688_Saturday, January 04, 2020_2:51:33 PM')]
(Background on this error at: http://sqlalche.me/e/9h9h)
Wed, 08 Jan 2020 08:48:40 - INFO - 123TV DB import
Wed, 08 Jan 2020 08:48:45 - INFO - Failed on 123TV DB import at: 2020-01-08_08-22-55, for following calling party: 4917623964688, for agent id: 3046, with error:Invalid XML content received (Start tag expected, '<' not found, line 1, column 1)
Wed, 08 Jan 2020 08:49:27 - INFO - Connect to DB
Wed, 08 Jan 2020 08:49:27 - INFO - TRIZMA DB import
Wed, 08 Jan 2020 08:49:27 - INFO - 123TV DB import
Wed, 08 Jan 2020 08:49:32 - INFO - Failed on 123TV DB import at: 2020-01-08_08-22-55, for following calling party: 496940585195, for agent id: 3046, with error:Invalid XML content received (Start tag expected, '<' not found, line 1, column 1)
Wed, 08 Jan 2020 08:50:53 - INFO - Connect to DB
Wed, 08 Jan 2020 08:50:53 - INFO - TRIZMA DB import
Wed, 08 Jan 2020 08:50:53 - INFO - 123TV DB import
Wed, 08 Jan 2020 08:50:58 - INFO - Failed on 123TV DB import at: 2020-01-08_08-22-55, for following calling party: 49621661502, for agent id: 3046, with error:Invalid XML content received (Start tag expected, '<' not found, line 1, column 1)
Wed, 08 Jan 2020 08:56:35 - INFO - Connect to DB
Wed, 08 Jan 2020 08:56:35 - INFO - TRIZMA DB import
Wed, 08 Jan 2020 08:56:35 - INFO - 123TV DB import
Wed, 08 Jan 2020 08:56:40 - INFO - Failed on 123TV DB import at: 2020-01-08_08-22-55, for following calling party: 491737392652, for agent id: 3046, with error:Invalid XML content received (Start tag expected, '<' not found, line 1, column 1)
Wed, 08 Jan 2020 08:58:52 - INFO - Connect to DB
Wed, 08 Jan 2020 08:58:52 - INFO - TRIZMA DB import
Wed, 08 Jan 2020 08:58:52 - INFO - 123TV DB import
Wed, 08 Jan 2020 08:58:57 - INFO - Failed on 123TV DB import at: 2020-01-08_08-22-55, for following calling party: 493528410154, for agent id: 3046, with error:Invalid XML content received (Start tag expected, '<' not found, line 1, column 1)
Wed, 08 Jan 2020 08:59:58 - INFO - Connect to DB
Wed, 08 Jan 2020 08:59:58 - INFO - TRIZMA DB import
Wed, 08 Jan 2020 08:59:58 - INFO - 123TV DB import
Wed, 08 Jan 2020 09:00:03 - INFO - Failed on 123TV DB import at: 2020-01-08_08-22-55, for following calling party: 49373358499, for agent id: 3046, with error:Invalid XML content received (Start tag expected, '<' not found, line 1, column 1)
Wed, 08 Jan 2020 09:01:14 - INFO - Connect to DB
Wed, 08 Jan 2020 09:01:14 - INFO - TRIZMA DB import
Wed, 08 Jan 2020 09:01:14 - INFO - Failed on TRIZMA DB import at: 2020-01-08_08-22-55, for following calling party: 49371511732, for agent id: trz_madamovic, with error:(pyodbc.DataError) ('22001', '[22001] [Microsoft][ODBC Driver 17 for SQL Server][SQL Server]String or binary data would be truncated. (8152) (SQLExecDirectW)')
[SQL: insert into records values('CC2Servicenummer','Belgrad','Nicht übermittelt','trz_madamovic',                                  '49371511732','','Nicht übermittelt','49371511732_Wednesday, January 08, 2020_10:01:06 AM')]
(Background on this error at: http://sqlalche.me/e/9h9h)
Wed, 08 Jan 2020 09:01:14 - INFO - 123TV DB import
Wed, 08 Jan 2020 09:01:19 - INFO - Failed on 123TV DB import at: 2020-01-08_08-22-55, for following calling party: 49371511732, for agent id: 3067, with error:Invalid XML content received (Start tag expected, '<' not found, line 1, column 1)
Wed, 08 Jan 2020 09:01:35 - INFO - Connect to DB
Wed, 08 Jan 2020 09:01:35 - INFO - TRIZMA DB import
Wed, 08 Jan 2020 09:01:35 - INFO - 123TV DB import
Wed, 08 Jan 2020 09:01:41 - INFO - Failed on 123TV DB import at: 2020-01-08_08-22-55, for following calling party: 491789729845, for agent id: 3046, with error:Invalid XML content received (Start tag expected, '<' not found, line 1, column 1)
Wed, 08 Jan 2020 09:02:06 - INFO - Connect to DB
Wed, 08 Jan 2020 09:02:06 - INFO - TRIZMA DB import
Wed, 08 Jan 2020 09:02:06 - INFO - 123TV DB import
Wed, 08 Jan 2020 09:02:11 - INFO - Failed on 123TV DB import at: 2020-01-08_08-22-55, for following calling party: 4924147580261, for agent id: 3046, with error:Invalid XML content received (Start tag expected, '<' not found, line 1, column 1)
Wed, 08 Jan 2020 09:07:11 - INFO - Connect to DB
Wed, 08 Jan 2020 09:07:11 - INFO - TRIZMA DB import
Wed, 08 Jan 2020 09:07:11 - INFO - 123TV DB import
Wed, 08 Jan 2020 09:07:16 - INFO - Failed on 123TV DB import at: 2020-01-08_08-22-55, for following calling party: 4933438642580, for agent id: 3046, with error:Invalid XML content received (Start tag expected, '<' not found, line 1, column 1)
Wed, 08 Jan 2020 09:07:17 - INFO - Connect to DB
Wed, 08 Jan 2020 09:07:17 - INFO - TRIZMA DB import
Wed, 08 Jan 2020 09:07:17 - INFO - 123TV DB import
Wed, 08 Jan 2020 09:07:22 - INFO - Failed on 123TV DB import at: 2020-01-08_08-22-55, for following calling party: 493063373850, for agent id: 3046, with error:Invalid XML content received (Start tag expected, '<' not found, line 1, column 1)
Wed, 08 Jan 2020 09:10:03 - INFO - Connect to DB
Wed, 08 Jan 2020 09:10:03 - INFO - TRIZMA DB import
Wed, 08 Jan 2020 09:10:03 - INFO - 123TV DB import
Wed, 08 Jan 2020 09:10:08 - INFO - Failed on 123TV DB import at: 2020-01-08_08-22-55, for following calling party: 491751612317, for agent id: 3098, with error:Invalid XML content received (Start tag expected, '<' not found, line 1, column 1)
Wed, 08 Jan 2020 09:10:59 - INFO - Connect to DB
Wed, 08 Jan 2020 09:10:59 - INFO - TRIZMA DB import
Wed, 08 Jan 2020 09:10:59 - INFO - 123TV DB import
Wed, 08 Jan 2020 09:11:04 - INFO - Failed on 123TV DB import at: 2020-01-08_08-22-55, for following calling party: 4915223958714, for agent id: 3060, with error:Invalid XML content received (Start tag expected, '<' not found, line 1, column 1)
Wed, 08 Jan 2020 09:13:30 - INFO - Connect to DB
Wed, 08 Jan 2020 09:13:30 - INFO - TRIZMA DB import
Wed, 08 Jan 2020 09:13:30 - INFO - 123TV DB import
Wed, 08 Jan 2020 09:13:35 - INFO - Failed on 123TV DB import at: 2020-01-08_08-22-55, for following calling party: 49331872925, for agent id: 3063, with error:Invalid XML content received (Start tag expected, '<' not found, line 1, column 1)
Wed, 08 Jan 2020 09:18:28 - INFO - Connect to DB
Wed, 08 Jan 2020 09:18:28 - INFO - TRIZMA DB import
Wed, 08 Jan 2020 09:18:28 - INFO - Failed on TRIZMA DB import at: 2020-01-08_08-22-55, for following calling party: 491729259425, for agent id: trz_madamovic, with error:(pyodbc.DataError) ('22001', '[22001] [Microsoft][ODBC Driver 17 for SQL Server][SQL Server]String or binary data would be truncated. (8152) (SQLExecDirectW)')
[SQL: insert into records values('CC2Servicenummer','Belgrad','Nicht übermittelt','trz_madamovic',                                  '491729259425','','Nicht übermittelt','491729259425_Wednesday, January 08, 2020_10:18:24 AM')]
(Background on this error at: http://sqlalche.me/e/9h9h)
Wed, 08 Jan 2020 09:18:28 - INFO - 123TV DB import
Wed, 08 Jan 2020 09:18:33 - INFO - Failed on 123TV DB import at: 2020-01-08_08-22-55, for following calling party: 491729259425, for agent id: 3067, with error:Invalid XML content received (Start tag expected, '<' not found, line 1, column 1)
Wed, 08 Jan 2020 09:30:12 - INFO - Connect to DB
Wed, 08 Jan 2020 09:30:12 - INFO - TRIZMA DB import
Wed, 08 Jan 2020 09:30:12 - INFO - 123TV DB import
Wed, 08 Jan 2020 09:30:17 - INFO - Failed on 123TV DB import at: 2020-01-08_08-22-55, for following calling party: 4915168807946, for agent id: 3122, with error:Invalid XML content received (Start tag expected, '<' not found, line 1, column 1)
Wed, 08 Jan 2020 09:36:42 - INFO - Connect to DB
Wed, 08 Jan 2020 09:36:42 - INFO - TRIZMA DB import
Wed, 08 Jan 2020 09:36:42 - INFO - 123TV DB import
Wed, 08 Jan 2020 09:36:47 - INFO - Failed on 123TV DB import at: 2020-01-08_08-22-55, for following calling party: 4969386859, for agent id: 3046, with error:Invalid XML content received (Start tag expected, '<' not found, line 1, column 1)
Wed, 08 Jan 2020 09:38:48 - INFO - Connect to DB
Wed, 08 Jan 2020 09:38:48 - INFO - TRIZMA DB import
Wed, 08 Jan 2020 09:38:48 - INFO - Failed on TRIZMA DB import at: 2020-01-08_08-22-55, for following calling party: 491734082978, for agent id: trz_sstankovic, with error:(pyodbc.DataError) ('22001', '[22001] [Microsoft][ODBC Driver 17 for SQL Server][SQL Server]String or binary data would be truncated. (8152) (SQLExecDirectW)')
[SQL: insert into records values('CC2Servicenummer','Belgrad','Nicht übermittelt','trz_sstankovic',                                  '491734082978','','Nicht übermittelt','491734082978_Wednesday, January 08, 2020_10:38:45 AM')]
(Background on this error at: http://sqlalche.me/e/9h9h)
Wed, 08 Jan 2020 09:38:48 - INFO - 123TV DB import
Wed, 08 Jan 2020 09:38:53 - INFO - Failed on 123TV DB import at: 2020-01-08_08-22-55, for following calling party: 491734082978, for agent id: 3046, with error:Invalid XML content received (Start tag expected, '<' not found, line 1, column 1)
Wed, 08 Jan 2020 09:45:24 - INFO - Connect to DB
Wed, 08 Jan 2020 09:45:24 - INFO - TRIZMA DB import
Wed, 08 Jan 2020 09:45:24 - INFO - 123TV DB import
Wed, 08 Jan 2020 09:45:29 - INFO - Failed on 123TV DB import at: 2020-01-08_08-22-55, for following calling party: 493603128904, for agent id: 3046, with error:Invalid XML content received (Start tag expected, '<' not found, line 1, column 1)
Wed, 08 Jan 2020 09:45:35 - INFO - Connect to DB
Wed, 08 Jan 2020 09:45:35 - INFO - TRIZMA DB import
Wed, 08 Jan 2020 09:45:35 - INFO - 123TV DB import
Wed, 08 Jan 2020 09:45:40 - INFO - Failed on 123TV DB import at: 2020-01-08_08-22-55, for following calling party: 491601528905, for agent id: 3046, with error:Invalid XML content received (Start tag expected, '<' not found, line 1, column 1)
Wed, 08 Jan 2020 09:47:37 - INFO - Connect to DB
Wed, 08 Jan 2020 09:47:37 - INFO - TRIZMA DB import
Wed, 08 Jan 2020 09:47:37 - INFO - 123TV DB import
Wed, 08 Jan 2020 09:47:42 - INFO - Failed on 123TV DB import at: 2020-01-08_08-22-55, for following calling party: 493671525236, for agent id: 3098, with error:Invalid XML content received (Start tag expected, '<' not found, line 1, column 1)
Wed, 08 Jan 2020 09:48:08 - INFO - Connect to DB
Wed, 08 Jan 2020 09:48:08 - INFO - TRIZMA DB import
Wed, 08 Jan 2020 09:48:09 - INFO - 123TV DB import
Wed, 08 Jan 2020 09:48:14 - INFO - Failed on 123TV DB import at: 2020-01-08_08-22-55, for following calling party: 4939537994429, for agent id: 3098, with error:Invalid XML content received (Start tag expected, '<' not found, line 1, column 1)
Wed, 08 Jan 2020 10:00:26 - INFO - Connect to DB
Wed, 08 Jan 2020 10:00:26 - INFO - TRIZMA DB import
Wed, 08 Jan 2020 10:00:26 - INFO - 123TV DB import
Wed, 08 Jan 2020 10:00:31 - INFO - Failed on 123TV DB import at: 2020-01-08_08-22-55, for following calling party: 493461231586, for agent id: 3098, with error:Invalid XML content received (Start tag expected, '<' not found, line 1, column 1)
Wed, 08 Jan 2020 10:05:43 - INFO - Connect to DB
Wed, 08 Jan 2020 10:05:43 - INFO - TRIZMA DB import
Wed, 08 Jan 2020 10:05:43 - INFO - 123TV DB import
Wed, 08 Jan 2020 10:05:48 - INFO - Failed on 123TV DB import at: 2020-01-08_08-22-55, for following calling party: 493332414912, for agent id: 3098, with error:Invalid XML content received (Start tag expected, '<' not found, line 1, column 1)
