Sat, 11 Jan 2020 15:13:42 - INFO - Connect to DB
Sat, 11 Jan 2020 15:13:42 - INFO - TRIZMA DB import
Sat, 11 Jan 2020 15:13:42 - INFO - Failed on TRIZMA DB import at: 2020-01-11_14-59-28, for following calling party: 4925299491180, for agent id: trz_madamovic, with error:(pyodbc.DataError) ('22001', '[22001] [Microsoft][ODBC Driver 17 for SQL Server][SQL Server]String or binary data would be truncated. (8152) (SQLExecDirectW)')
[SQL: insert into records values('CC2Servicenummer','Belgrad','Nicht übermittelt','trz_madamovic',                                  '4925299491180','','Nicht übermittelt','4925299491180_Saturday, January 11, 2020_4:13:30 PM')]
(Background on this error at: http://sqlalche.me/e/9h9h)
Sat, 11 Jan 2020 15:13:42 - INFO - 123TV DB import
Sat, 11 Jan 2020 15:13:47 - INFO - Failed on 123TV DB import at: 2020-01-11_14-59-28, for following calling party: 4925299491180, for agent id: 3067, with error:Missing element acd_id (importCallMetaData.acd_id)
Sat, 11 Jan 2020 15:23:22 - INFO - Connect to DB
Sat, 11 Jan 2020 15:23:22 - INFO - TRIZMA DB import
Sat, 11 Jan 2020 15:23:22 - INFO - 123TV DB import
Sat, 11 Jan 2020 15:23:27 - INFO - Failed on 123TV DB import at: 2020-01-11_14-59-28, for following calling party: 491705104436, for agent id: 3036, with error:Missing element acd_id (importCallMetaData.acd_id)
Sat, 11 Jan 2020 15:26:32 - INFO - Connect to DB
Sat, 11 Jan 2020 15:26:32 - INFO - TRIZMA DB import
Sat, 11 Jan 2020 15:26:32 - INFO - 123TV DB import
Sat, 11 Jan 2020 15:26:37 - INFO - Failed on 123TV DB import at: 2020-01-11_14-59-28, for following calling party: 49611378649, for agent id: 3036, with error:Missing element acd_id (importCallMetaData.acd_id)
Sat, 11 Jan 2020 15:35:13 - INFO - Connect to DB
Sat, 11 Jan 2020 15:35:13 - INFO - TRIZMA DB import
Sat, 11 Jan 2020 15:35:13 - INFO - Failed on TRIZMA DB import at: 2020-01-11_14-59-28, for following calling party: 4915208747414, for agent id: trz_tjurjevic, with error:(pyodbc.DataError) ('22001', '[22001] [Microsoft][ODBC Driver 17 for SQL Server][SQL Server]String or binary data would be truncated. (8152) (SQLExecDirectW)')
[SQL: insert into records values('CC2Servicenummer','Belgrad','Nicht übermittelt','trz_tjurjevic',                                  '4915208747414','','Nicht übermittelt','4915208747414_Saturday, January 11, 2020_4:35:11 PM')]
(Background on this error at: http://sqlalche.me/e/9h9h)
Sat, 11 Jan 2020 15:35:13 - INFO - 123TV DB import
Sat, 11 Jan 2020 15:35:19 - INFO - Failed on 123TV DB import at: 2020-01-11_14-59-28, for following calling party: 4915208747414, for agent id: 3105, with error:Missing element acd_id (importCallMetaData.acd_id)
Sat, 11 Jan 2020 15:44:25 - INFO - Connect to DB
Sat, 11 Jan 2020 15:44:25 - INFO - TRIZMA DB import
Sat, 11 Jan 2020 15:44:25 - INFO - Failed on TRIZMA DB import at: 2020-01-11_14-59-28, for following calling party: 4917623511963, for agent id: trz_madamovic, with error:(pyodbc.DataError) ('22001', '[22001] [Microsoft][ODBC Driver 17 for SQL Server][SQL Server]String or binary data would be truncated. (8152) (SQLExecDirectW)')
[SQL: insert into records values('CC2Servicenummer','Belgrad','Nicht übermittelt','trz_madamovic',                                  '4917623511963','','Nicht übermittelt','4917623511963_Saturday, January 11, 2020_4:44:18 PM')]
(Background on this error at: http://sqlalche.me/e/9h9h)
Sat, 11 Jan 2020 15:44:25 - INFO - 123TV DB import
Sat, 11 Jan 2020 15:44:30 - INFO - Failed on 123TV DB import at: 2020-01-11_14-59-28, for following calling party: 4917623511963, for agent id: 3067, with error:Missing element acd_id (importCallMetaData.acd_id)
Sat, 11 Jan 2020 15:49:18 - INFO - Connect to DB
Sat, 11 Jan 2020 15:49:18 - INFO - TRIZMA DB import
Sat, 11 Jan 2020 15:49:18 - INFO - 123TV DB import
Sat, 11 Jan 2020 15:49:23 - INFO - Failed on 123TV DB import at: 2020-01-11_14-59-28, for following calling party: 493066461367, for agent id: 3155, with error:Missing element acd_id (importCallMetaData.acd_id)
Sat, 11 Jan 2020 16:00:33 - INFO - Connect to DB
Sat, 11 Jan 2020 16:00:33 - INFO - TRIZMA DB import
Sat, 11 Jan 2020 16:00:33 - INFO - 123TV DB import
Sat, 11 Jan 2020 16:00:38 - INFO - Failed on 123TV DB import at: 2020-01-11_14-59-28, for following calling party: 49240323222, for agent id: 3105, with error:Missing element acd_id (importCallMetaData.acd_id)
Sat, 11 Jan 2020 16:01:28 - INFO - Connect to DB
Sat, 11 Jan 2020 16:01:28 - INFO - TRIZMA DB import
Sat, 11 Jan 2020 16:01:28 - INFO - 123TV DB import
Sat, 11 Jan 2020 16:01:33 - INFO - Failed on 123TV DB import at: 2020-01-11_14-59-28, for following calling party: 49309353514, for agent id: 3036, with error:Missing element acd_id (importCallMetaData.acd_id)
