Mon, 30 Dec 2019 07:08:31 - INFO - Connect to DB
Mon, 30 Dec 2019 07:08:31 - INFO - TRIZMA DB import
Mon, 30 Dec 2019 07:08:31 - INFO - Failed on TRIZMA DB import at: 2019-12-30_07-02-40, for following calling party: 491781051586, for agent id: trz_madamovic, with error:(pyodbc.DataError) ('22001', '[22001] [Microsoft][ODBC Driver 17 for SQL Server][SQL Server]String or binary data would be truncated. (8152) (SQLExecDirectW)')
[SQL: insert into records values('CC2Servicenummer','Belgrad','Nicht übermittelt','trz_madamovic',                                  '491781051586','','Nicht übermittelt','491781051586_Wednesday, December 25, 2019_2:12:04 PM')]
(Background on this error at: http://sqlalche.me/e/9h9h)
Mon, 30 Dec 2019 07:08:31 - INFO - 123TV DB import
Mon, 30 Dec 2019 07:09:03 - INFO - Connect to DB
Mon, 30 Dec 2019 07:09:03 - INFO - TRIZMA DB import
Mon, 30 Dec 2019 07:09:03 - INFO - Failed on TRIZMA DB import at: 2019-12-30_07-02-40, for following calling party: 4921514465785, for agent id: trz_madamovic, with error:(pyodbc.DataError) ('22001', '[22001] [Microsoft][ODBC Driver 17 for SQL Server][SQL Server]String or binary data would be truncated. (8152) (SQLExecDirectW)')
[SQL: insert into records values('CC2Servicenummer','Belgrad','Nicht übermittelt','trz_madamovic',                                  '4921514465785','','Nicht übermittelt','4921514465785_Thursday, December 26, 2019_11:19:36 AM')]
(Background on this error at: http://sqlalche.me/e/9h9h)
Mon, 30 Dec 2019 07:09:03 - INFO - 123TV DB import
Mon, 30 Dec 2019 07:09:08 - INFO - Connect to DB
Mon, 30 Dec 2019 07:09:08 - INFO - TRIZMA DB import
Mon, 30 Dec 2019 07:09:08 - INFO - Failed on TRIZMA DB import at: 2019-12-30_07-02-40, for following calling party: 492431805934, for agent id: trz_madamovic, with error:(pyodbc.DataError) ('22001', '[22001] [Microsoft][ODBC Driver 17 for SQL Server][SQL Server]String or binary data would be truncated. (8152) (SQLExecDirectW)')
[SQL: insert into records values('CC2Servicenummer','Belgrad','Nicht übermittelt','trz_madamovic',                                  '492431805934','','Nicht übermittelt','492431805934_Thursday, December 26, 2019_12:37:05 PM')]
(Background on this error at: http://sqlalche.me/e/9h9h)
Mon, 30 Dec 2019 07:09:08 - INFO - 123TV DB import
Mon, 30 Dec 2019 07:09:30 - INFO - Connect to DB
Mon, 30 Dec 2019 07:09:30 - INFO - TRIZMA DB import
Mon, 30 Dec 2019 07:09:30 - INFO - Failed on TRIZMA DB import at: 2019-12-30_07-02-40, for following calling party: 4915737476735, for agent id: trz_madamovic, with error:(pyodbc.DataError) ('22001', '[22001] [Microsoft][ODBC Driver 17 for SQL Server][SQL Server]String or binary data would be truncated. (8152) (SQLExecDirectW)')
[SQL: insert into records values('CC2Servicenummer','Belgrad','Nicht übermittelt','trz_madamovic',                                  '4915737476735','','Nicht übermittelt','4915737476735_Sunday, December 29, 2019_12:16:05 PM')]
(Background on this error at: http://sqlalche.me/e/9h9h)
Mon, 30 Dec 2019 07:09:30 - INFO - 123TV DB import
Mon, 30 Dec 2019 07:10:03 - INFO - Connect to DB
Mon, 30 Dec 2019 07:10:03 - INFO - TRIZMA DB import
Mon, 30 Dec 2019 07:10:03 - INFO - 123TV DB import
Mon, 30 Dec 2019 07:10:26 - INFO - Connect to DB
Mon, 30 Dec 2019 07:10:26 - INFO - TRIZMA DB import
Mon, 30 Dec 2019 07:10:26 - INFO - 123TV DB import
Mon, 30 Dec 2019 07:10:31 - INFO - Connect to DB
Mon, 30 Dec 2019 07:10:32 - INFO - TRIZMA DB import
Mon, 30 Dec 2019 07:10:32 - INFO - 123TV DB import
Mon, 30 Dec 2019 07:11:17 - INFO - Connect to DB
Mon, 30 Dec 2019 07:11:17 - INFO - TRIZMA DB import
Mon, 30 Dec 2019 07:11:17 - INFO - 123TV DB import
Mon, 30 Dec 2019 07:14:17 - INFO - Connect to DB
Mon, 30 Dec 2019 07:14:17 - INFO - TRIZMA DB import
Mon, 30 Dec 2019 07:14:17 - INFO - 123TV DB import
Mon, 30 Dec 2019 07:18:00 - INFO - Connect to DB
Mon, 30 Dec 2019 07:18:00 - INFO - TRIZMA DB import
Mon, 30 Dec 2019 07:18:00 - INFO - 123TV DB import
Mon, 30 Dec 2019 07:20:03 - INFO - Connect to DB
Mon, 30 Dec 2019 07:20:03 - INFO - TRIZMA DB import
Mon, 30 Dec 2019 07:20:03 - INFO - Failed on TRIZMA DB import at: 2019-12-30_07-02-40, for following calling party: 493420678460, for agent id: trz_sstankovic, with error:(pyodbc.DataError) ('22001', '[22001] [Microsoft][ODBC Driver 17 for SQL Server][SQL Server]String or binary data would be truncated. (8152) (SQLExecDirectW)')
[SQL: insert into records values('CC2Servicenummer','Belgrad','Nicht übermittelt','trz_sstankovic',                                  '493420678460','','Nicht übermittelt','493420678460_Thursday, November 28, 2019_5:53:39 PM')]
(Background on this error at: http://sqlalche.me/e/9h9h)
Mon, 30 Dec 2019 07:20:03 - INFO - 123TV DB import
Mon, 30 Dec 2019 07:24:03 - INFO - Connect to DB
Mon, 30 Dec 2019 07:24:03 - INFO - TRIZMA DB import
Mon, 30 Dec 2019 07:24:03 - INFO - Failed on TRIZMA DB import at: 2019-12-30_07-02-40, for following calling party: 496131685045, for agent id: trz_sstankovic, with error:(pyodbc.DataError) ('22001', '[22001] [Microsoft][ODBC Driver 17 for SQL Server][SQL Server]String or binary data would be truncated. (8152) (SQLExecDirectW)')
[SQL: insert into records values('CC2Servicenummer','Belgrad','Nicht übermittelt','trz_sstankovic',                                  '496131685045','','Nicht übermittelt','496131685045_Wednesday, December 11, 2019_6:53:36 PM')]
(Background on this error at: http://sqlalche.me/e/9h9h)
Mon, 30 Dec 2019 07:24:03 - INFO - 123TV DB import
Mon, 30 Dec 2019 07:25:27 - INFO - Connect to DB
Mon, 30 Dec 2019 07:25:27 - INFO - TRIZMA DB import
Mon, 30 Dec 2019 07:25:27 - INFO - 123TV DB import
Mon, 30 Dec 2019 07:28:38 - INFO - Connect to DB
Mon, 30 Dec 2019 07:28:38 - INFO - TRIZMA DB import
Mon, 30 Dec 2019 07:28:38 - INFO - 123TV DB import
Mon, 30 Dec 2019 07:29:09 - INFO - Connect to DB
Mon, 30 Dec 2019 07:29:09 - INFO - TRIZMA DB import
Mon, 30 Dec 2019 07:29:09 - INFO - Failed on TRIZMA DB import at: 2019-12-30_07-02-40, for following calling party: 497215004398, for agent id: trz_sstankovic, with error:(pyodbc.DataError) ('22001', '[22001] [Microsoft][ODBC Driver 17 for SQL Server][SQL Server]String or binary data would be truncated. (8152) (SQLExecDirectW)')
[SQL: insert into records values('CC2Servicenummer','Belgrad','Nicht übermittelt','trz_sstankovic',                                  '497215004398','','Nicht übermittelt','497215004398_Wednesday, December 11, 2019_7:03:53 PM')]
(Background on this error at: http://sqlalche.me/e/9h9h)
Mon, 30 Dec 2019 07:29:09 - INFO - 123TV DB import
Mon, 30 Dec 2019 07:40:06 - INFO - Connect to DB
Mon, 30 Dec 2019 07:40:06 - INFO - TRIZMA DB import
Mon, 30 Dec 2019 07:40:06 - INFO - Failed on TRIZMA DB import at: 2019-12-30_07-02-40, for following calling party: 4917624669438, for agent id: trz_sstankovic, with error:(pyodbc.DataError) ('22001', '[22001] [Microsoft][ODBC Driver 17 for SQL Server][SQL Server]String or binary data would be truncated. (8152) (SQLExecDirectW)')
[SQL: insert into records values('CC2Servicenummer','Belgrad','Nicht übermittelt','trz_sstankovic',                                  '4917624669438','','Nicht übermittelt','4917624669438_Wednesday, December 11, 2019_7:51:29 PM')]
(Background on this error at: http://sqlalche.me/e/9h9h)
Mon, 30 Dec 2019 07:40:06 - INFO - 123TV DB import
