Sat, 04 Jan 2020 07:11:20 - INFO - Connect to DB
Sat, 04 Jan 2020 07:11:20 - INFO - TRIZMA DB import
Sat, 04 Jan 2020 07:11:20 - INFO - 123TV DB import
Sat, 04 Jan 2020 07:12:05 - INFO - Connect to DB
Sat, 04 Jan 2020 07:12:05 - INFO - TRIZMA DB import
Sat, 04 Jan 2020 07:12:05 - INFO - Failed on TRIZMA DB import at: 2020-01-03_18-47-19, for following calling party: 4935796885342, for agent id: trz_sstankovic, with error:(pyodbc.DataError) ('22001', '[22001] [Microsoft][ODBC Driver 17 for SQL Server][SQL Server]String or binary data would be truncated. (8152) (SQLExecDirectW)')
[SQL: insert into records values('CC2Servicenummer','Belgrad','Nicht übermittelt','trz_sstankovic',                                  '4935796885342','','Nicht übermittelt','4935796885342_Tuesday, December 31, 2019_8:57:08 AM')]
(Background on this error at: http://sqlalche.me/e/9h9h)
Sat, 04 Jan 2020 07:12:05 - INFO - 123TV DB import
Sat, 04 Jan 2020 07:16:42 - INFO - Connect to DB
Sat, 04 Jan 2020 07:16:42 - INFO - TRIZMA DB import
Sat, 04 Jan 2020 07:16:42 - INFO - Failed on TRIZMA DB import at: 2020-01-03_18-47-19, for following calling party: 4917624393934, for agent id: trz_sstankovic, with error:(pyodbc.DataError) ('22001', '[22001] [Microsoft][ODBC Driver 17 for SQL Server][SQL Server]String or binary data would be truncated. (8152) (SQLExecDirectW)')
[SQL: insert into records values('CC2Servicenummer','Belgrad','Nicht übermittelt','trz_sstankovic',                                  '4917624393934','','Nicht übermittelt','4917624393934_Tuesday, December 31, 2019_10:14:26 AM')]
(Background on this error at: http://sqlalche.me/e/9h9h)
Sat, 04 Jan 2020 07:16:42 - INFO - 123TV DB import
Sat, 04 Jan 2020 07:17:05 - INFO - Connect to DB
Sat, 04 Jan 2020 07:17:05 - INFO - TRIZMA DB import
Sat, 04 Jan 2020 07:17:05 - INFO - Failed on TRIZMA DB import at: 2020-01-03_18-47-19, for following calling party: 4934522602628, for agent id: trz_sstankovic, with error:(pyodbc.DataError) ('22001', '[22001] [Microsoft][ODBC Driver 17 for SQL Server][SQL Server]String or binary data would be truncated. (8152) (SQLExecDirectW)')
[SQL: insert into records values('CC2Servicenummer','Belgrad','Nicht übermittelt','trz_sstankovic',                                  '4934522602628','','Nicht übermittelt','4934522602628_Tuesday, December 31, 2019_11:24:24 AM')]
(Background on this error at: http://sqlalche.me/e/9h9h)
Sat, 04 Jan 2020 07:17:05 - INFO - 123TV DB import
Sat, 04 Jan 2020 07:17:41 - INFO - Connect to DB
Sat, 04 Jan 2020 07:17:41 - INFO - TRIZMA DB import
Sat, 04 Jan 2020 07:17:41 - INFO - 123TV DB import
Sat, 04 Jan 2020 07:18:03 - INFO - Connect to DB
Sat, 04 Jan 2020 07:18:03 - INFO - TRIZMA DB import
Sat, 04 Jan 2020 07:18:03 - INFO - 123TV DB import
Sat, 04 Jan 2020 07:18:56 - INFO - Connect to DB
Sat, 04 Jan 2020 07:18:56 - INFO - TRIZMA DB import
Sat, 04 Jan 2020 07:18:56 - INFO - 123TV DB import
Sat, 04 Jan 2020 07:19:18 - INFO - Connect to DB
Sat, 04 Jan 2020 07:19:18 - INFO - TRIZMA DB import
Sat, 04 Jan 2020 07:19:18 - INFO - 123TV DB import
Sat, 04 Jan 2020 07:19:24 - INFO - Connect to DB
Sat, 04 Jan 2020 07:19:24 - INFO - TRIZMA DB import
Sat, 04 Jan 2020 07:19:24 - INFO - 123TV DB import
Sat, 04 Jan 2020 07:19:43 - INFO - Connect to DB
Sat, 04 Jan 2020 07:19:43 - INFO - TRIZMA DB import
Sat, 04 Jan 2020 07:19:43 - INFO - 123TV DB import
Sat, 04 Jan 2020 07:20:36 - INFO - Connect to DB
Sat, 04 Jan 2020 07:20:36 - INFO - TRIZMA DB import
Sat, 04 Jan 2020 07:20:36 - INFO - Failed on TRIZMA DB import at: 2020-01-03_18-47-19, for following calling party: 491784934677, for agent id: trz_sstankovic, with error:(pyodbc.DataError) ('22001', '[22001] [Microsoft][ODBC Driver 17 for SQL Server][SQL Server]String or binary data would be truncated. (8152) (SQLExecDirectW)')
[SQL: insert into records values('CC2Servicenummer','Belgrad','Nicht übermittelt','trz_sstankovic',                                  '491784934677','','Nicht übermittelt','491784934677_Thursday, January 02, 2020_10:15:26 AM')]
(Background on this error at: http://sqlalche.me/e/9h9h)
Sat, 04 Jan 2020 07:20:36 - INFO - 123TV DB import
Sat, 04 Jan 2020 07:20:41 - INFO - Connect to DB
Sat, 04 Jan 2020 07:20:41 - INFO - TRIZMA DB import
Sat, 04 Jan 2020 07:20:41 - INFO - Failed on TRIZMA DB import at: 2020-01-03_18-47-19, for following calling party: 496722409005, for agent id: trz_sstankovic, with error:(pyodbc.DataError) ('22001', '[22001] [Microsoft][ODBC Driver 17 for SQL Server][SQL Server]String or binary data would be truncated. (8152) (SQLExecDirectW)')
[SQL: insert into records values('CC2Servicenummer','Belgrad','Nicht übermittelt','trz_sstankovic',                                  '496722409005','','Nicht übermittelt','496722409005_Thursday, January 02, 2020_10:24:01 AM')]
(Background on this error at: http://sqlalche.me/e/9h9h)
Sat, 04 Jan 2020 07:20:41 - INFO - 123TV DB import
Sat, 04 Jan 2020 07:21:27 - INFO - Connect to DB
Sat, 04 Jan 2020 07:21:27 - INFO - TRIZMA DB import
Sat, 04 Jan 2020 07:21:27 - INFO - 123TV DB import
Sat, 04 Jan 2020 07:22:58 - INFO - Connect to DB
Sat, 04 Jan 2020 07:22:58 - INFO - TRIZMA DB import
Sat, 04 Jan 2020 07:22:58 - INFO - 123TV DB import
Sat, 04 Jan 2020 07:23:15 - INFO - Connect to DB
Sat, 04 Jan 2020 07:23:15 - INFO - TRIZMA DB import
Sat, 04 Jan 2020 07:23:15 - INFO - 123TV DB import
Sat, 04 Jan 2020 07:28:46 - INFO - Connect to DB
Sat, 04 Jan 2020 07:28:46 - INFO - TRIZMA DB import
Sat, 04 Jan 2020 07:28:46 - INFO - 123TV DB import
Sat, 04 Jan 2020 07:31:55 - INFO - Connect to DB
Sat, 04 Jan 2020 07:31:55 - INFO - TRIZMA DB import
Sat, 04 Jan 2020 07:31:56 - INFO - 123TV DB import
Sat, 04 Jan 2020 07:37:27 - INFO - Connect to DB
Sat, 04 Jan 2020 07:37:27 - INFO - TRIZMA DB import
Sat, 04 Jan 2020 07:37:27 - INFO - 123TV DB import
Sat, 04 Jan 2020 07:39:22 - INFO - Connect to DB
Sat, 04 Jan 2020 07:39:22 - INFO - TRIZMA DB import
Sat, 04 Jan 2020 07:39:22 - INFO - 123TV DB import
Sat, 04 Jan 2020 07:39:43 - INFO - Connect to DB
Sat, 04 Jan 2020 07:39:43 - INFO - TRIZMA DB import
Sat, 04 Jan 2020 07:39:43 - INFO - 123TV DB import
Sat, 04 Jan 2020 07:50:27 - INFO - Connect to DB
Sat, 04 Jan 2020 07:50:27 - INFO - TRIZMA DB import
Sat, 04 Jan 2020 07:50:27 - INFO - 123TV DB import
Sat, 04 Jan 2020 07:50:32 - INFO - Connect to DB
Sat, 04 Jan 2020 07:50:32 - INFO - TRIZMA DB import
Sat, 04 Jan 2020 07:50:32 - INFO - 123TV DB import
Sat, 04 Jan 2020 07:53:57 - INFO - Connect to DB
Sat, 04 Jan 2020 07:53:57 - INFO - TRIZMA DB import
Sat, 04 Jan 2020 07:53:57 - INFO - 123TV DB import
Sat, 04 Jan 2020 07:55:00 - INFO - Connect to DB
Sat, 04 Jan 2020 07:55:00 - INFO - TRIZMA DB import
Sat, 04 Jan 2020 07:55:00 - INFO - 123TV DB import
Sat, 04 Jan 2020 07:55:21 - INFO - Connect to DB
Sat, 04 Jan 2020 07:55:21 - INFO - TRIZMA DB import
Sat, 04 Jan 2020 07:55:21 - INFO - 123TV DB import
Sat, 04 Jan 2020 08:01:16 - INFO - Connect to DB
Sat, 04 Jan 2020 08:01:16 - INFO - TRIZMA DB import
Sat, 04 Jan 2020 08:01:16 - INFO - 123TV DB import
Sat, 04 Jan 2020 08:02:04 - INFO - Connect to DB
Sat, 04 Jan 2020 08:02:04 - INFO - TRIZMA DB import
Sat, 04 Jan 2020 08:02:04 - INFO - 123TV DB import
Sat, 04 Jan 2020 08:02:33 - INFO - Connect to DB
Sat, 04 Jan 2020 08:02:33 - INFO - TRIZMA DB import
Sat, 04 Jan 2020 08:02:34 - INFO - 123TV DB import
Sat, 04 Jan 2020 08:02:39 - INFO - Connect to DB
Sat, 04 Jan 2020 08:02:39 - INFO - TRIZMA DB import
Sat, 04 Jan 2020 08:02:40 - INFO - 123TV DB import
Sat, 04 Jan 2020 08:08:03 - INFO - Connect to DB
Sat, 04 Jan 2020 08:08:03 - INFO - TRIZMA DB import
Sat, 04 Jan 2020 08:08:03 - INFO - 123TV DB import
Sat, 04 Jan 2020 08:08:43 - INFO - Connect to DB
Sat, 04 Jan 2020 08:08:43 - INFO - TRIZMA DB import
Sat, 04 Jan 2020 08:08:43 - INFO - 123TV DB import
Sat, 04 Jan 2020 08:14:48 - INFO - Connect to DB
Sat, 04 Jan 2020 08:14:48 - INFO - TRIZMA DB import
Sat, 04 Jan 2020 08:14:48 - INFO - 123TV DB import
Sat, 04 Jan 2020 08:15:54 - INFO - Connect to DB
Sat, 04 Jan 2020 08:15:54 - INFO - TRIZMA DB import
Sat, 04 Jan 2020 08:15:54 - INFO - 123TV DB import
Sat, 04 Jan 2020 08:22:05 - INFO - Connect to DB
Sat, 04 Jan 2020 08:22:05 - INFO - TRIZMA DB import
Sat, 04 Jan 2020 08:22:05 - INFO - 123TV DB import
Sat, 04 Jan 2020 08:22:56 - INFO - Connect to DB
Sat, 04 Jan 2020 08:22:56 - INFO - TRIZMA DB import
Sat, 04 Jan 2020 08:22:56 - INFO - 123TV DB import
Sat, 04 Jan 2020 08:23:02 - INFO - Connect to DB
Sat, 04 Jan 2020 08:23:02 - INFO - TRIZMA DB import
Sat, 04 Jan 2020 08:23:02 - INFO - 123TV DB import
Sat, 04 Jan 2020 08:23:58 - INFO - Connect to DB
Sat, 04 Jan 2020 08:23:58 - INFO - TRIZMA DB import
Sat, 04 Jan 2020 08:23:59 - INFO - 123TV DB import
Sat, 04 Jan 2020 08:35:44 - INFO - Connect to DB
Sat, 04 Jan 2020 08:35:44 - INFO - TRIZMA DB import
Sat, 04 Jan 2020 08:35:44 - INFO - 123TV DB import
Sat, 04 Jan 2020 08:39:24 - INFO - Connect to DB
Sat, 04 Jan 2020 08:39:24 - INFO - TRIZMA DB import
Sat, 04 Jan 2020 08:39:24 - INFO - 123TV DB import
Sat, 04 Jan 2020 08:41:07 - INFO - Connect to DB
Sat, 04 Jan 2020 08:41:07 - INFO - TRIZMA DB import
Sat, 04 Jan 2020 08:41:07 - INFO - 123TV DB import
