Mon, 20 Jan 2020 08:01:57 - INFO - Connect to DB
Mon, 20 Jan 2020 08:01:57 - INFO - TRIZMA DB import
Mon, 20 Jan 2020 08:01:57 - INFO - 123TV DB import
Mon, 20 Jan 2020 08:03:43 - INFO - Connect to DB
Mon, 20 Jan 2020 08:03:43 - INFO - TRIZMA DB import
Mon, 20 Jan 2020 08:03:44 - INFO - Failed on TRIZMA DB import at: 2020-01-20_07-56-43, for following calling party: 4915221517019, for agent id: trz_sstankovic, with error:(pyodbc.DataError) ('22001', '[22001] [Microsoft][ODBC Driver 17 for SQL Server][SQL Server]String or binary data would be truncated. (8152) (SQLExecDirectW)')
[SQL: insert into records values('CC2Servicenummer','Belgrad','Nicht übermittelt','trz_sstankovic',                                 '4915221517019','','Nicht übermittelt','4915221517019_Saturday, January 18, 2020_8:32:58 AM','SAR_STANKO')]
(Background on this error at: http://sqlalche.me/e/9h9h)
Mon, 20 Jan 2020 08:03:44 - INFO - 123TV DB import
Mon, 20 Jan 2020 08:04:04 - INFO - Connect to DB
Mon, 20 Jan 2020 08:04:05 - INFO - TRIZMA DB import
Mon, 20 Jan 2020 08:04:05 - INFO - 123TV DB import
Mon, 20 Jan 2020 08:08:11 - INFO - Connect to DB
Mon, 20 Jan 2020 08:08:11 - INFO - TRIZMA DB import
Mon, 20 Jan 2020 08:08:11 - INFO - 123TV DB import
Mon, 20 Jan 2020 08:09:20 - INFO - Connect to DB
Mon, 20 Jan 2020 08:09:20 - INFO - TRIZMA DB import
Mon, 20 Jan 2020 08:09:20 - INFO - 123TV DB import
Mon, 20 Jan 2020 08:09:50 - INFO - Connect to DB
Mon, 20 Jan 2020 08:09:50 - INFO - TRIZMA DB import
Mon, 20 Jan 2020 08:09:50 - INFO - Failed on TRIZMA DB import at: 2020-01-20_07-56-43, for following calling party: 4917641900240, for agent id: trz_sstankovic, with error:(pyodbc.DataError) ('22001', '[22001] [Microsoft][ODBC Driver 17 for SQL Server][SQL Server]String or binary data would be truncated. (8152) (SQLExecDirectW)')
[SQL: insert into records values('CC2Servicenummer','Belgrad','Nicht übermittelt','trz_sstankovic',                                 '4917641900240','','Nicht übermittelt','4917641900240_Saturday, January 18, 2020_10:06:39 AM','SAR_STANKO')]
(Background on this error at: http://sqlalche.me/e/9h9h)
Mon, 20 Jan 2020 08:09:50 - INFO - 123TV DB import
Mon, 20 Jan 2020 08:10:06 - INFO - Connect to DB
Mon, 20 Jan 2020 08:10:06 - INFO - TRIZMA DB import
Mon, 20 Jan 2020 08:10:06 - INFO - 123TV DB import
Mon, 20 Jan 2020 08:10:53 - INFO - Connect to DB
Mon, 20 Jan 2020 08:10:53 - INFO - TRIZMA DB import
Mon, 20 Jan 2020 08:10:53 - INFO - 123TV DB import
Mon, 20 Jan 2020 08:11:03 - INFO - Connect to DB
Mon, 20 Jan 2020 08:11:03 - INFO - TRIZMA DB import
Mon, 20 Jan 2020 08:11:03 - INFO - 123TV DB import
Mon, 20 Jan 2020 08:11:47 - INFO - Connect to DB
Mon, 20 Jan 2020 08:11:47 - INFO - TRIZMA DB import
Mon, 20 Jan 2020 08:11:47 - INFO - Failed on TRIZMA DB import at: 2020-01-20_07-56-43, for following calling party: 498949000874, for agent id: trz_sstankovic, with error:(pyodbc.DataError) ('22001', '[22001] [Microsoft][ODBC Driver 17 for SQL Server][SQL Server]String or binary data would be truncated. (8152) (SQLExecDirectW)')
[SQL: insert into records values('CC2Servicenummer','Belgrad','Nicht übermittelt','trz_sstankovic',                                 '498949000874','','Nicht übermittelt','498949000874_Saturday, January 18, 2020_11:50:09 AM','SAR_STANKO')]
(Background on this error at: http://sqlalche.me/e/9h9h)
Mon, 20 Jan 2020 08:11:47 - INFO - 123TV DB import
Mon, 20 Jan 2020 08:12:12 - INFO - Connect to DB
Mon, 20 Jan 2020 08:12:12 - INFO - TRIZMA DB import
Mon, 20 Jan 2020 08:12:12 - INFO - Failed on TRIZMA DB import at: 2020-01-20_07-56-43, for following calling party: 496221863629, for agent id: trz_sstankovic, with error:(pyodbc.DataError) ('22001', '[22001] [Microsoft][ODBC Driver 17 for SQL Server][SQL Server]String or binary data would be truncated. (8152) (SQLExecDirectW)')
[SQL: insert into records values('CC2Servicenummer','Belgrad','Nicht übermittelt','trz_sstankovic',                                 '496221863629','','Nicht übermittelt','496221863629_Saturday, January 18, 2020_12:50:10 PM','SAR_STANKO')]
(Background on this error at: http://sqlalche.me/e/9h9h)
Mon, 20 Jan 2020 08:12:12 - INFO - 123TV DB import
