Mon, 30 Dec 2019 09:05:28 - INFO - Connect to DB
Mon, 30 Dec 2019 09:05:28 - INFO - TRIZMA DB import
Mon, 30 Dec 2019 09:05:28 - INFO - 123TV DB import
Mon, 30 Dec 2019 09:16:14 - INFO - Connect to DB
Mon, 30 Dec 2019 09:16:14 - INFO - TRIZMA DB import
Mon, 30 Dec 2019 09:16:14 - INFO - 123TV DB import
Mon, 30 Dec 2019 09:16:20 - INFO - Connect to DB
Mon, 30 Dec 2019 09:16:20 - INFO - TRIZMA DB import
Mon, 30 Dec 2019 09:16:20 - INFO - 123TV DB import
Mon, 30 Dec 2019 09:17:00 - INFO - Connect to DB
Mon, 30 Dec 2019 09:17:00 - INFO - TRIZMA DB import
Mon, 30 Dec 2019 09:17:00 - INFO - 123TV DB import
Mon, 30 Dec 2019 09:17:31 - INFO - Connect to DB
Mon, 30 Dec 2019 09:17:31 - INFO - TRIZMA DB import
Mon, 30 Dec 2019 09:17:31 - INFO - 123TV DB import
Mon, 30 Dec 2019 09:18:46 - INFO - Connect to DB
Mon, 30 Dec 2019 09:18:46 - INFO - TRIZMA DB import
Mon, 30 Dec 2019 09:18:46 - INFO - 123TV DB import
Mon, 30 Dec 2019 09:20:22 - INFO - Connect to DB
Mon, 30 Dec 2019 09:20:22 - INFO - TRIZMA DB import
Mon, 30 Dec 2019 09:20:22 - INFO - Failed on TRIZMA DB import at: 2019-12-30_09-00-47, for following calling party: 493320971974, for agent id: trz_sstankovic, with error:(pyodbc.DataError) ('22001', '[22001] [Microsoft][ODBC Driver 17 for SQL Server][SQL Server]String or binary data would be truncated. (8152) (SQLExecDirectW)')
[SQL: insert into records values('CC2Servicenummer','Belgrad','Nicht 端bermittelt','trz_sstankovic',                                  '493320971974','','Nicht 端bermittelt','493320971974_Saturday, December 21, 2019_12:01:51 PM')]
(Background on this error at: http://sqlalche.me/e/9h9h)
Mon, 30 Dec 2019 09:20:22 - INFO - 123TV DB import
Mon, 30 Dec 2019 09:20:32 - INFO - Connect to DB
Mon, 30 Dec 2019 09:20:32 - INFO - TRIZMA DB import
Mon, 30 Dec 2019 09:20:32 - INFO - Failed on TRIZMA DB import at: 2019-12-30_09-00-47, for following calling party: 493641350180, for agent id: trz_sstankovic, with error:(pyodbc.DataError) ('22001', '[22001] [Microsoft][ODBC Driver 17 for SQL Server][SQL Server]String or binary data would be truncated. (8152) (SQLExecDirectW)')
[SQL: insert into records values('CC2Servicenummer','Belgrad','Nicht 端bermittelt','trz_sstankovic',                                  '493641350180','','Nicht 端bermittelt','493641350180_Saturday, December 21, 2019_12:16:58 PM')]
(Background on this error at: http://sqlalche.me/e/9h9h)
Mon, 30 Dec 2019 09:20:32 - INFO - 123TV DB import
