Mon, 30 Dec 2019 12:23:42 - INFO - Connect to DB
Mon, 30 Dec 2019 12:23:42 - INFO - TRIZMA DB import
Mon, 30 Dec 2019 12:23:42 - INFO - 123TV DB import
Mon, 30 Dec 2019 12:25:18 - INFO - Connect to DB
Mon, 30 Dec 2019 12:25:18 - INFO - TRIZMA DB import
Mon, 30 Dec 2019 12:25:18 - INFO - 123TV DB import
Mon, 30 Dec 2019 12:25:24 - INFO - Connect to DB
Mon, 30 Dec 2019 12:25:24 - INFO - TRIZMA DB import
Mon, 30 Dec 2019 12:25:24 - INFO - 123TV DB import
Mon, 30 Dec 2019 12:25:50 - INFO - Connect to DB
Mon, 30 Dec 2019 12:25:50 - INFO - TRIZMA DB import
Mon, 30 Dec 2019 12:25:50 - INFO - 123TV DB import
Mon, 30 Dec 2019 12:26:21 - INFO - Connect to DB
Mon, 30 Dec 2019 12:26:21 - INFO - TRIZMA DB import
Mon, 30 Dec 2019 12:26:21 - INFO - 123TV DB import
Mon, 30 Dec 2019 12:26:57 - INFO - Connect to DB
Mon, 30 Dec 2019 12:26:57 - INFO - TRIZMA DB import
Mon, 30 Dec 2019 12:26:57 - INFO - 123TV DB import
Mon, 30 Dec 2019 12:28:37 - INFO - Connect to DB
Mon, 30 Dec 2019 12:28:37 - INFO - TRIZMA DB import
Mon, 30 Dec 2019 12:28:37 - INFO - 123TV DB import
Mon, 30 Dec 2019 12:28:42 - INFO - Connect to DB
Mon, 30 Dec 2019 12:28:42 - INFO - TRIZMA DB import
Mon, 30 Dec 2019 12:28:42 - INFO - Failed on TRIZMA DB import at: 2019-12-30_12-15-43, for following calling party: 493772327447, for agent id: trz_sstankovic, with error:(pyodbc.DataError) ('22001', '[22001] [Microsoft][ODBC Driver 17 for SQL Server][SQL Server]String or binary data would be truncated. (8152) (SQLExecDirectW)')
[SQL: insert into records values('CC2Servicenummer','Belgrad','Nicht übermittelt','trz_sstankovic',                                  '493772327447','','Nicht übermittelt','493772327447_Saturday, December 28, 2019_8:05:20 AM')]
(Background on this error at: http://sqlalche.me/e/9h9h)
Mon, 30 Dec 2019 12:28:42 - INFO - 123TV DB import
Mon, 30 Dec 2019 12:29:33 - INFO - Connect to DB
Mon, 30 Dec 2019 12:29:33 - INFO - TRIZMA DB import
Mon, 30 Dec 2019 12:29:33 - INFO - Failed on TRIZMA DB import at: 2019-12-30_12-15-43, for following calling party: 491789729845, for agent id: trz_sstankovic, with error:(pyodbc.DataError) ('22001', '[22001] [Microsoft][ODBC Driver 17 for SQL Server][SQL Server]String or binary data would be truncated. (8152) (SQLExecDirectW)')
[SQL: insert into records values('CC2Servicenummer','Belgrad','Nicht übermittelt','trz_sstankovic',                                  '491789729845','','Nicht übermittelt','491789729845_Saturday, December 28, 2019_10:10:28 AM')]
(Background on this error at: http://sqlalche.me/e/9h9h)
Mon, 30 Dec 2019 12:29:33 - INFO - 123TV DB import
Mon, 30 Dec 2019 12:30:09 - INFO - Connect to DB
Mon, 30 Dec 2019 12:30:09 - INFO - TRIZMA DB import
Mon, 30 Dec 2019 12:30:09 - INFO - Failed on TRIZMA DB import at: 2019-12-30_12-15-43, for following calling party: 49374480954, for agent id: trz_sstankovic, with error:(pyodbc.DataError) ('22001', '[22001] [Microsoft][ODBC Driver 17 for SQL Server][SQL Server]String or binary data would be truncated. (8152) (SQLExecDirectW)')
[SQL: insert into records values('CC2Servicenummer','Belgrad','Nicht übermittelt','trz_sstankovic',                                  '49374480954','','Nicht übermittelt','49374480954_Saturday, December 28, 2019_11:06:16 AM')]
(Background on this error at: http://sqlalche.me/e/9h9h)
Mon, 30 Dec 2019 12:30:09 - INFO - 123TV DB import
Mon, 30 Dec 2019 12:30:15 - INFO - Connect to DB
Mon, 30 Dec 2019 12:30:15 - INFO - TRIZMA DB import
Mon, 30 Dec 2019 12:30:15 - INFO - Failed on TRIZMA DB import at: 2019-12-30_12-15-43, for following calling party: 4935214843539, for agent id: trz_sstankovic, with error:(pyodbc.DataError) ('22001', '[22001] [Microsoft][ODBC Driver 17 for SQL Server][SQL Server]String or binary data would be truncated. (8152) (SQLExecDirectW)')
[SQL: insert into records values('CC2Servicenummer','Belgrad','Nicht übermittelt','trz_sstankovic',                                  '4935214843539','','Nicht übermittelt','4935214843539_Saturday, December 28, 2019_11:18:11 AM')]
(Background on this error at: http://sqlalche.me/e/9h9h)
Mon, 30 Dec 2019 12:30:15 - INFO - 123TV DB import
Mon, 30 Dec 2019 12:31:16 - INFO - Connect to DB
Mon, 30 Dec 2019 12:31:16 - INFO - TRIZMA DB import
Mon, 30 Dec 2019 12:31:16 - INFO - 123TV DB import
