Mon, 30 Dec 2019 07:08:21 - INFO - Connect to DB
Mon, 30 Dec 2019 07:08:22 - ERROR - Exception on /records [GET]
Traceback (most recent call last):
  File "/home/python_project/hello.py", line 80, in get
    int(agent),
ValueError: invalid literal for int() with base 10: ''

During handling of the above exception, another exception occurred:

Traceback (most recent call last):
  File "/usr/local/lib/python3.6/dist-packages/flask/app.py", line 1949, in full_dispatch_request
    rv = self.dispatch_request()
  File "/usr/local/lib/python3.6/dist-packages/flask/app.py", line 1935, in dispatch_request
    return self.view_functions[rule.endpoint](**req.view_args)
  File "/usr/local/lib/python3.6/dist-packages/flask_restful/__init__.py", line 458, in wrapper
    resp = resource(*args, **kwargs)
  File "/usr/local/lib/python3.6/dist-packages/flask/views.py", line 89, in view
    return self.dispatch_request(*args, **kwargs)
  File "/usr/local/lib/python3.6/dist-packages/flask_restful/__init__.py", line 573, in dispatch_request
    resp = meth(*args, **kwargs)
  File "/home/python_project/hello.py", line 90, in get
    + str(e))
UnboundLocalError: local variable 'agentUsername' referenced before assignment
Mon, 30 Dec 2019 07:09:24 - INFO - Connect to DB
Mon, 30 Dec 2019 07:09:24 - INFO - TRIZMA DB import
Mon, 30 Dec 2019 07:09:24 - INFO - Failed on TRIZMA DB import at: 2019-12-30_07-04-55, for following calling party: 493658002547, for agent id: trz_madamovic, with error:(pyodbc.DataError) ('22001', '[22001] [Microsoft][ODBC Driver 17 for SQL Server][SQL Server]String or binary data would be truncated. (8152) (SQLExecDirectW)')
[SQL: insert into records values('CC2Servicenummer','Belgrad','Nicht 端bermittelt','trz_madamovic',                                  '493658002547','','Nicht 端bermittelt','493658002547_Thursday, December 26, 2019_2:26:10 PM')]
(Background on this error at: http://sqlalche.me/e/9h9h)
Mon, 30 Dec 2019 07:09:24 - INFO - 123TV DB import
Mon, 30 Dec 2019 07:09:33 - INFO - Connect to DB
Mon, 30 Dec 2019 07:09:33 - INFO - TRIZMA DB import
Mon, 30 Dec 2019 07:09:33 - INFO - 123TV DB import
Mon, 30 Dec 2019 07:09:39 - INFO - Connect to DB
Mon, 30 Dec 2019 07:09:39 - INFO - TRIZMA DB import
Mon, 30 Dec 2019 07:09:39 - INFO - Failed on TRIZMA DB import at: 2019-12-30_07-04-55, for following calling party: 4917624587709, for agent id: trz_madamovic, with error:(pyodbc.DataError) ('22001', '[22001] [Microsoft][ODBC Driver 17 for SQL Server][SQL Server]String or binary data would be truncated. (8152) (SQLExecDirectW)')
[SQL: insert into records values('CC2Servicenummer','Belgrad','Nicht 端bermittelt','trz_madamovic',                                  '4917624587709','','Nicht 端bermittelt','4917624587709_Sunday, December 29, 2019_12:31:29 PM')]
(Background on this error at: http://sqlalche.me/e/9h9h)
Mon, 30 Dec 2019 07:09:39 - INFO - 123TV DB import
Mon, 30 Dec 2019 07:10:24 - INFO - Connect to DB
Mon, 30 Dec 2019 07:10:24 - INFO - TRIZMA DB import
Mon, 30 Dec 2019 07:10:24 - INFO - 123TV DB import
Mon, 30 Dec 2019 07:10:37 - INFO - Connect to DB
Mon, 30 Dec 2019 07:10:37 - INFO - TRIZMA DB import
Mon, 30 Dec 2019 07:10:37 - INFO - 123TV DB import
Mon, 30 Dec 2019 07:10:55 - INFO - Connect to DB
Mon, 30 Dec 2019 07:10:55 - INFO - TRIZMA DB import
Mon, 30 Dec 2019 07:10:55 - INFO - 123TV DB import
Mon, 30 Dec 2019 07:11:01 - INFO - Connect to DB
Mon, 30 Dec 2019 07:11:01 - INFO - TRIZMA DB import
Mon, 30 Dec 2019 07:11:01 - INFO - 123TV DB import
Mon, 30 Dec 2019 07:11:06 - INFO - Connect to DB
Mon, 30 Dec 2019 07:11:06 - INFO - TRIZMA DB import
Mon, 30 Dec 2019 07:11:06 - INFO - 123TV DB import
Mon, 30 Dec 2019 07:11:28 - INFO - Connect to DB
Mon, 30 Dec 2019 07:11:28 - INFO - TRIZMA DB import
Mon, 30 Dec 2019 07:11:28 - INFO - 123TV DB import
Mon, 30 Dec 2019 07:11:34 - INFO - Connect to DB
Mon, 30 Dec 2019 07:11:34 - INFO - TRIZMA DB import
Mon, 30 Dec 2019 07:11:34 - INFO - 123TV DB import
