Sun, 29 Dec 2019 08:59:40 - INFO - Connect to DB
Sun, 29 Dec 2019 08:59:40 - INFO - TRIZMA DB import
Sun, 29 Dec 2019 08:59:41 - INFO - Failed on TRIZMA DB import at: 2019-12-29_08-49-02, for following calling party: 4915752492854, for agent id: trz_sstankovic, with error:(pyodbc.DataError) ('22001', '[22001] [Microsoft][ODBC Driver 17 for SQL Server][SQL Server]String or binary data would be truncated. (8152) (SQLExecDirectW)')
[SQL: insert into records values('CC2Servicenummer','Belgrad','Nicht übermittelt','trz_sstankovic',                                  '4915752492854','','Nicht übermittelt','4915752492854_Friday, December 27, 2019_12:30:58 PM')]
(Background on this error at: http://sqlalche.me/e/9h9h)
Sun, 29 Dec 2019 08:59:41 - INFO - 123TV DB import
Sun, 29 Dec 2019 09:01:16 - INFO - Connect to DB
Sun, 29 Dec 2019 09:01:16 - INFO - TRIZMA DB import
Sun, 29 Dec 2019 09:01:16 - INFO - 123TV DB import
Sun, 29 Dec 2019 09:18:28 - INFO - Connect to DB
Sun, 29 Dec 2019 09:18:28 - INFO - TRIZMA DB import
Sun, 29 Dec 2019 09:18:28 - INFO - 123TV DB import
Sun, 29 Dec 2019 09:19:29 - INFO - Connect to DB
Sun, 29 Dec 2019 09:19:29 - INFO - TRIZMA DB import
Sun, 29 Dec 2019 09:19:29 - INFO - 123TV DB import
Sun, 29 Dec 2019 09:22:10 - INFO - Connect to DB
Sun, 29 Dec 2019 09:22:10 - INFO - TRIZMA DB import
Sun, 29 Dec 2019 09:22:10 - INFO - Failed on TRIZMA DB import at: 2019-12-29_08-49-02, for following calling party: 49374480954, for agent id: trz_sstankovic, with error:(pyodbc.DataError) ('22001', '[22001] [Microsoft][ODBC Driver 17 for SQL Server][SQL Server]String or binary data would be truncated. (8152) (SQLExecDirectW)')
[SQL: insert into records values('CC2Servicenummer','Belgrad','Nicht übermittelt','trz_sstankovic',                                  '49374480954','','Nicht übermittelt','49374480954_Saturday, December 28, 2019_11:06:16 AM')]
(Background on this error at: http://sqlalche.me/e/9h9h)
Sun, 29 Dec 2019 09:22:10 - INFO - 123TV DB import
Sun, 29 Dec 2019 09:28:37 - INFO - Connect to DB
Sun, 29 Dec 2019 09:28:38 - INFO - TRIZMA DB import
Sun, 29 Dec 2019 09:28:38 - INFO - 123TV DB import
Sun, 29 Dec 2019 10:10:39 - INFO - Connect to DB
Sun, 29 Dec 2019 10:10:39 - INFO - TRIZMA DB import
Sun, 29 Dec 2019 10:10:39 - INFO - 123TV DB import
Sun, 29 Dec 2019 10:12:21 - INFO - Connect to DB
Sun, 29 Dec 2019 10:12:21 - INFO - TRIZMA DB import
Sun, 29 Dec 2019 10:12:21 - INFO - 123TV DB import
Sun, 29 Dec 2019 10:13:16 - INFO - Connect to DB
Sun, 29 Dec 2019 10:13:16 - INFO - TRIZMA DB import
Sun, 29 Dec 2019 10:13:16 - INFO - Failed on TRIZMA DB import at: 2019-12-29_08-49-02, for following calling party: 4938871689865, for agent id: trz_sstankovic, with error:(pyodbc.DataError) ('22001', '[22001] [Microsoft][ODBC Driver 17 for SQL Server][SQL Server]String or binary data would be truncated. (8152) (SQLExecDirectW)')
[SQL: insert into records values('CC2Servicenummer','Belgrad','Nicht übermittelt','trz_sstankovic',                                  '4938871689865','','Nicht übermittelt','4938871689865_Saturday, December 28, 2019_2:02:56 PM')]
(Background on this error at: http://sqlalche.me/e/9h9h)
Sun, 29 Dec 2019 10:13:16 - INFO - 123TV DB import
Sun, 29 Dec 2019 10:13:42 - INFO - Connect to DB
Sun, 29 Dec 2019 10:13:42 - INFO - TRIZMA DB import
Sun, 29 Dec 2019 10:13:42 - INFO - Failed on TRIZMA DB import at: 2019-12-29_08-49-02, for following calling party: 4920916223499, for agent id: trz_sstankovic, with error:(pyodbc.DataError) ('22001', '[22001] [Microsoft][ODBC Driver 17 for SQL Server][SQL Server]String or binary data would be truncated. (8152) (SQLExecDirectW)')
[SQL: insert into records values('CC2Servicenummer','Belgrad','Nicht übermittelt','trz_sstankovic',                                  '4920916223499','','Nicht übermittelt','4920916223499_Saturday, December 28, 2019_2:35:07 PM')]
(Background on this error at: http://sqlalche.me/e/9h9h)
Sun, 29 Dec 2019 10:13:42 - INFO - 123TV DB import
Sun, 29 Dec 2019 10:22:54 - INFO - Connect to DB
Sun, 29 Dec 2019 10:22:54 - INFO - TRIZMA DB import
Sun, 29 Dec 2019 10:22:54 - INFO - 123TV DB import
Sun, 29 Dec 2019 10:27:35 - INFO - Connect to DB
Sun, 29 Dec 2019 10:27:35 - INFO - TRIZMA DB import
Sun, 29 Dec 2019 10:27:35 - INFO - Failed on TRIZMA DB import at: 2019-12-29_08-49-02, for following calling party: 4915737476735, for agent id: trz_sstankovic, with error:(pyodbc.DataError) ('22001', '[22001] [Microsoft][ODBC Driver 17 for SQL Server][SQL Server]String or binary data would be truncated. (8152) (SQLExecDirectW)')
[SQL: insert into records values('CC2Servicenummer','Belgrad','Nicht übermittelt','trz_sstankovic',                                  '4915737476735','','Nicht übermittelt','4915737476735_Sunday, December 29, 2019_11:27:32 AM')]
(Background on this error at: http://sqlalche.me/e/9h9h)
Sun, 29 Dec 2019 10:27:35 - INFO - 123TV DB import
