Sun, 22 Dec 2019 17:26:31 - INFO - Connect to DB
Sun, 22 Dec 2019 17:26:32 - INFO - TRIZMA DB import
Sun, 22 Dec 2019 17:26:32 - INFO - 123TV DB import
Mon, 23 Dec 2019 06:54:15 - INFO - Connect to DB
Mon, 23 Dec 2019 06:54:15 - INFO - TRIZMA DB import
Mon, 23 Dec 2019 06:54:15 - INFO - 123TV DB import
Mon, 23 Dec 2019 06:54:20 - INFO - Failed on 123TV DB import at: 2019-12-22_15-47-57, for following calling party: %m, for agent id: 3098, with error:Call to undefined method ImportCallMetaData::Message()
Mon, 23 Dec 2019 07:06:16 - INFO - Connect to DB
Mon, 23 Dec 2019 07:06:16 - INFO - TRIZMA DB import
Mon, 23 Dec 2019 07:06:16 - INFO - 123TV DB import
Mon, 23 Dec 2019 07:59:10 - INFO - Connect to DB
Mon, 23 Dec 2019 07:59:10 - INFO - TRIZMA DB import
Mon, 23 Dec 2019 07:59:10 - INFO - 123TV DB import
Mon, 23 Dec 2019 08:16:34 - INFO - Connect to DB
Mon, 23 Dec 2019 08:16:34 - INFO - TRIZMA DB import
Mon, 23 Dec 2019 08:16:35 - INFO - 123TV DB import
Mon, 23 Dec 2019 08:23:17 - INFO - Connect to DB
Mon, 23 Dec 2019 08:23:17 - INFO - TRIZMA DB import
Mon, 23 Dec 2019 08:23:17 - INFO - 123TV DB import
Mon, 23 Dec 2019 08:28:53 - INFO - Connect to DB
Mon, 23 Dec 2019 08:28:53 - INFO - TRIZMA DB import
Mon, 23 Dec 2019 08:28:53 - INFO - 123TV DB import
