Wed, 08 Jan 2020 07:16:18 - INFO - Connect to DB
Wed, 08 Jan 2020 07:16:19 - INFO - TRIZMA DB import
Wed, 08 Jan 2020 07:16:19 - INFO - 123TV DB import
Wed, 08 Jan 2020 07:16:24 - INFO - Failed on 123TV DB import at: 2020-01-07_17-41-55, for following calling party: 491749377416, for agent id: 3046, with error:Invalid XML content received (Start tag expected, '<' not found, line 1, column 1)
Wed, 08 Jan 2020 07:20:20 - INFO - Connect to DB
Wed, 08 Jan 2020 07:20:20 - INFO - TRIZMA DB import
Wed, 08 Jan 2020 07:20:20 - INFO - 123TV DB import
Wed, 08 Jan 2020 07:20:25 - INFO - Failed on 123TV DB import at: 2020-01-07_17-41-55, for following calling party: 493452003264, for agent id: 3098, with error:Invalid XML content received (Start tag expected, '<' not found, line 1, column 1)
Wed, 08 Jan 2020 07:24:15 - INFO - Connect to DB
Wed, 08 Jan 2020 07:24:15 - INFO - TRIZMA DB import
Wed, 08 Jan 2020 07:24:15 - INFO - Failed on TRIZMA DB import at: 2020-01-07_17-41-55, for following calling party: 4917624587709, for agent id: trz_madamovic, with error:(pyodbc.DataError) ('22001', '[22001] [Microsoft][ODBC Driver 17 for SQL Server][SQL Server]String or binary data would be truncated. (8152) (SQLExecDirectW)')
[SQL: insert into records values('CC2Servicenummer','Belgrad','Nicht 端bermittelt','trz_madamovic',                                  '4917624587709','','Nicht 端bermittelt','4917624587709_Sunday, December 29, 2019_12:31:29 PM')]
(Background on this error at: http://sqlalche.me/e/9h9h)
Wed, 08 Jan 2020 07:24:15 - INFO - 123TV DB import
Wed, 08 Jan 2020 07:24:20 - INFO - Failed on 123TV DB import at: 2020-01-07_17-41-55, for following calling party: 4917624587709, for agent id: 3067, with error:Invalid XML content received (Start tag expected, '<' not found, line 1, column 1)
Wed, 08 Jan 2020 07:24:54 - INFO - Connect to DB
Wed, 08 Jan 2020 07:24:54 - INFO - TRIZMA DB import
Wed, 08 Jan 2020 07:24:54 - INFO - 123TV DB import
Wed, 08 Jan 2020 07:24:59 - INFO - Failed on 123TV DB import at: 2020-01-07_17-41-55, for following calling party: 493683469557, for agent id: 3067, with error:Invalid XML content received (Start tag expected, '<' not found, line 1, column 1)
Wed, 08 Jan 2020 07:25:47 - INFO - Connect to DB
Wed, 08 Jan 2020 07:25:47 - INFO - TRIZMA DB import
Wed, 08 Jan 2020 07:25:47 - INFO - 123TV DB import
Wed, 08 Jan 2020 07:25:52 - INFO - Failed on 123TV DB import at: 2020-01-07_17-41-55, for following calling party: 49622371705, for agent id: 3067, with error:Invalid XML content received (Start tag expected, '<' not found, line 1, column 1)
Wed, 08 Jan 2020 07:25:52 - INFO - Connect to DB
Wed, 08 Jan 2020 07:25:52 - INFO - TRIZMA DB import
Wed, 08 Jan 2020 07:25:52 - INFO - 123TV DB import
Wed, 08 Jan 2020 07:25:57 - INFO - Failed on 123TV DB import at: 2020-01-07_17-41-55, for following calling party: 4951179091522, for agent id: 3067, with error:Invalid XML content received (Start tag expected, '<' not found, line 1, column 1)
Wed, 08 Jan 2020 07:26:30 - INFO - Connect to DB
Wed, 08 Jan 2020 07:26:30 - INFO - TRIZMA DB import
Wed, 08 Jan 2020 07:26:30 - INFO - 123TV DB import
Wed, 08 Jan 2020 07:26:35 - INFO - Failed on 123TV DB import at: 2020-01-07_17-41-55, for following calling party: 491773082597, for agent id: 3046, with error:Invalid XML content received (Start tag expected, '<' not found, line 1, column 1)
Wed, 08 Jan 2020 07:27:01 - INFO - Connect to DB
Wed, 08 Jan 2020 07:27:01 - INFO - TRIZMA DB import
Wed, 08 Jan 2020 07:27:01 - INFO - Failed on TRIZMA DB import at: 2020-01-07_17-41-55, for following calling party: 4991618829098, for agent id: trz_madamovic, with error:(pyodbc.DataError) ('22001', '[22001] [Microsoft][ODBC Driver 17 for SQL Server][SQL Server]String or binary data would be truncated. (8152) (SQLExecDirectW)')
[SQL: insert into records values('CC2Servicenummer','Belgrad','Nicht 端bermittelt','trz_madamovic',                                  '4991618829098','','Nicht 端bermittelt','4991618829098_Monday, December 30, 2019_10:11:30 AM')]
(Background on this error at: http://sqlalche.me/e/9h9h)
Wed, 08 Jan 2020 07:27:01 - INFO - 123TV DB import
Wed, 08 Jan 2020 07:27:06 - INFO - Failed on 123TV DB import at: 2020-01-07_17-41-55, for following calling party: 4991618829098, for agent id: 3067, with error:Invalid XML content received (Start tag expected, '<' not found, line 1, column 1)
Wed, 08 Jan 2020 07:27:59 - INFO - Connect to DB
Wed, 08 Jan 2020 07:28:00 - INFO - TRIZMA DB import
Wed, 08 Jan 2020 07:28:00 - INFO - 123TV DB import
Wed, 08 Jan 2020 07:28:05 - INFO - Failed on 123TV DB import at: 2020-01-07_17-41-55, for following calling party: 491626086549, for agent id: 3067, with error:Invalid XML content received (Start tag expected, '<' not found, line 1, column 1)
