Sun, 19 Jan 2020 11:18:41 - INFO - Connect to DB
Sun, 19 Jan 2020 11:18:41 - INFO - TRIZMA DB import
Sun, 19 Jan 2020 11:18:42 - INFO - 123TV DB import
Sun, 19 Jan 2020 11:19:21 - INFO - Connect to DB
Sun, 19 Jan 2020 11:19:21 - INFO - TRIZMA DB import
Sun, 19 Jan 2020 11:19:21 - INFO - 123TV DB import
Sun, 19 Jan 2020 11:19:33 - INFO - Connect to DB
Sun, 19 Jan 2020 11:19:33 - INFO - TRIZMA DB import
Sun, 19 Jan 2020 11:19:33 - INFO - 123TV DB import
Sun, 19 Jan 2020 11:25:12 - INFO - Connect to DB
Sun, 19 Jan 2020 11:25:12 - INFO - TRIZMA DB import
Sun, 19 Jan 2020 11:25:12 - INFO - 123TV DB import
Sun, 19 Jan 2020 11:25:18 - INFO - Connect to DB
Sun, 19 Jan 2020 11:25:18 - INFO - TRIZMA DB import
Sun, 19 Jan 2020 11:25:18 - INFO - 123TV DB import
Sun, 19 Jan 2020 11:25:40 - INFO - Connect to DB
Sun, 19 Jan 2020 11:25:40 - INFO - TRIZMA DB import
Sun, 19 Jan 2020 11:25:40 - INFO - Failed on TRIZMA DB import at: 2020-01-19_10-42-29, for following calling party: 493687470105, for agent id: trz_asilni, with error:(pyodbc.DataError) ('22001', '[22001] [Microsoft][ODBC Driver 17 for SQL Server][SQL Server]String or binary data would be truncated. (8152) (SQLExecDirectW)')
[SQL: insert into records values('CC2Servicenummer','Belgrad','Nicht übermittelt','trz_asilni',                                 '493687470105','','Nicht übermittelt','493687470105_Wednesday, January 15, 2020_12:33:01 PM','ANA_SILNI')]
(Background on this error at: http://sqlalche.me/e/9h9h)
Sun, 19 Jan 2020 11:25:40 - INFO - 123TV DB import
Sun, 19 Jan 2020 11:26:09 - INFO - Connect to DB
Sun, 19 Jan 2020 11:26:09 - INFO - TRIZMA DB import
Sun, 19 Jan 2020 11:26:09 - INFO - Failed on TRIZMA DB import at: 2020-01-19_10-42-29, for following calling party: 4948112081161, for agent id: trz_asilni, with error:(pyodbc.DataError) ('22001', '[22001] [Microsoft][ODBC Driver 17 for SQL Server][SQL Server]String or binary data would be truncated. (8152) (SQLExecDirectW)')
[SQL: insert into records values('CC2Servicenummer','Belgrad','Nicht übermittelt','trz_asilni',                                 '4948112081161','','Nicht übermittelt','4948112081161_Wednesday, January 15, 2020_2:19:58 PM','ANA_SILNI')]
(Background on this error at: http://sqlalche.me/e/9h9h)
Sun, 19 Jan 2020 11:26:09 - INFO - 123TV DB import
Sun, 19 Jan 2020 11:26:21 - INFO - Connect to DB
Sun, 19 Jan 2020 11:26:21 - INFO - TRIZMA DB import
Sun, 19 Jan 2020 11:26:21 - INFO - 123TV DB import
Sun, 19 Jan 2020 11:31:55 - INFO - Connect to DB
Sun, 19 Jan 2020 11:31:55 - INFO - TRIZMA DB import
Sun, 19 Jan 2020 11:31:55 - INFO - 123TV DB import
Sun, 19 Jan 2020 11:44:16 - INFO - Connect to DB
Sun, 19 Jan 2020 11:44:16 - INFO - TRIZMA DB import
Sun, 19 Jan 2020 11:44:16 - INFO - 123TV DB import
Sun, 19 Jan 2020 11:44:37 - INFO - Connect to DB
Sun, 19 Jan 2020 11:44:37 - INFO - TRIZMA DB import
Sun, 19 Jan 2020 11:44:37 - INFO - Failed on TRIZMA DB import at: 2020-01-19_10-42-29, for following calling party: 493939281556, for agent id: trz_asilni, with error:(pyodbc.DataError) ('22001', '[22001] [Microsoft][ODBC Driver 17 for SQL Server][SQL Server]String or binary data would be truncated. (8152) (SQLExecDirectW)')
[SQL: insert into records values('CC2Servicenummer','Belgrad','Nicht übermittelt','trz_asilni',                                 '493939281556','','Nicht übermittelt','493939281556_Wednesday, January 15, 2020_5:08:15 PM','ANA_SILNI')]
(Background on this error at: http://sqlalche.me/e/9h9h)
Sun, 19 Jan 2020 11:44:37 - INFO - 123TV DB import
Sun, 19 Jan 2020 11:44:56 - INFO - Connect to DB
Sun, 19 Jan 2020 11:44:56 - INFO - TRIZMA DB import
Sun, 19 Jan 2020 11:44:56 - INFO - 123TV DB import
Sun, 19 Jan 2020 11:45:14 - INFO - Connect to DB
Sun, 19 Jan 2020 11:45:14 - INFO - TRIZMA DB import
Sun, 19 Jan 2020 11:45:14 - INFO - Failed on TRIZMA DB import at: 2020-01-19_10-42-29, for following calling party: 4939485667322, for agent id: trz_asilni, with error:(pyodbc.DataError) ('22001', '[22001] [Microsoft][ODBC Driver 17 for SQL Server][SQL Server]String or binary data would be truncated. (8152) (SQLExecDirectW)')
[SQL: insert into records values('CC2Servicenummer','Belgrad','Nicht übermittelt','trz_asilni',                                 '4939485667322','','Nicht übermittelt','4939485667322_Wednesday, January 15, 2020_7:21:40 PM','ANA_SILNI')]
(Background on this error at: http://sqlalche.me/e/9h9h)
Sun, 19 Jan 2020 11:45:14 - INFO - 123TV DB import
Sun, 19 Jan 2020 11:45:20 - INFO - Connect to DB
Sun, 19 Jan 2020 11:45:20 - INFO - TRIZMA DB import
Sun, 19 Jan 2020 11:45:20 - INFO - Failed on TRIZMA DB import at: 2020-01-19_10-42-29, for following calling party: 493301573773, for agent id: trz_asilni, with error:(pyodbc.DataError) ('22001', '[22001] [Microsoft][ODBC Driver 17 for SQL Server][SQL Server]String or binary data would be truncated. (8152) (SQLExecDirectW)')
[SQL: insert into records values('CC2Servicenummer','Belgrad','Nicht übermittelt','trz_asilni',                                 '493301573773','','Nicht übermittelt','493301573773_Wednesday, January 15, 2020_7:49:25 PM','ANA_SILNI')]
(Background on this error at: http://sqlalche.me/e/9h9h)
Sun, 19 Jan 2020 11:45:20 - INFO - 123TV DB import
Sun, 19 Jan 2020 11:45:38 - INFO - Connect to DB
Sun, 19 Jan 2020 11:45:38 - INFO - TRIZMA DB import
Sun, 19 Jan 2020 11:45:38 - INFO - 123TV DB import
Sun, 19 Jan 2020 11:45:44 - INFO - Connect to DB
Sun, 19 Jan 2020 11:45:44 - INFO - TRIZMA DB import
Sun, 19 Jan 2020 11:45:44 - INFO - 123TV DB import
Sun, 19 Jan 2020 11:51:38 - INFO - Connect to DB
Sun, 19 Jan 2020 11:51:39 - INFO - TRIZMA DB import
Sun, 19 Jan 2020 11:51:39 - INFO - 123TV DB import
Sun, 19 Jan 2020 11:59:06 - INFO - Connect to DB
Sun, 19 Jan 2020 11:59:06 - INFO - TRIZMA DB import
Sun, 19 Jan 2020 11:59:06 - INFO - 123TV DB import
Sun, 19 Jan 2020 12:04:12 - INFO - Connect to DB
Sun, 19 Jan 2020 12:04:12 - INFO - TRIZMA DB import
Sun, 19 Jan 2020 12:04:12 - INFO - 123TV DB import
Sun, 19 Jan 2020 12:09:17 - INFO - Connect to DB
Sun, 19 Jan 2020 12:09:17 - INFO - TRIZMA DB import
Sun, 19 Jan 2020 12:09:17 - INFO - 123TV DB import
Sun, 19 Jan 2020 12:09:53 - INFO - Connect to DB
Sun, 19 Jan 2020 12:09:53 - INFO - TRIZMA DB import
Sun, 19 Jan 2020 12:09:53 - INFO - 123TV DB import
Sun, 19 Jan 2020 12:15:18 - INFO - Connect to DB
Sun, 19 Jan 2020 12:15:18 - INFO - TRIZMA DB import
Sun, 19 Jan 2020 12:15:18 - INFO - 123TV DB import
Sun, 19 Jan 2020 12:16:31 - INFO - Connect to DB
Sun, 19 Jan 2020 12:16:31 - INFO - TRIZMA DB import
Sun, 19 Jan 2020 12:16:32 - INFO - 123TV DB import
Sun, 19 Jan 2020 12:16:37 - INFO - Connect to DB
Sun, 19 Jan 2020 12:16:37 - INFO - TRIZMA DB import
Sun, 19 Jan 2020 12:16:37 - INFO - 123TV DB import
Sun, 19 Jan 2020 12:17:29 - INFO - Connect to DB
Sun, 19 Jan 2020 12:17:29 - INFO - TRIZMA DB import
Sun, 19 Jan 2020 12:17:30 - INFO - 123TV DB import
Sun, 19 Jan 2020 12:17:47 - INFO - Connect to DB
Sun, 19 Jan 2020 12:17:47 - INFO - TRIZMA DB import
Sun, 19 Jan 2020 12:17:47 - INFO - Failed on TRIZMA DB import at: 2020-01-19_10-42-29, for following calling party: 4924653049955, for agent id: trz_asilni, with error:(pyodbc.DataError) ('22001', '[22001] [Microsoft][ODBC Driver 17 for SQL Server][SQL Server]String or binary data would be truncated. (8152) (SQLExecDirectW)')
[SQL: insert into records values('CC2Servicenummer','Belgrad','Nicht übermittelt','trz_asilni',                                 '4924653049955','','Nicht übermittelt','4924653049955_Saturday, January 18, 2020_3:35:58 PM','ANA_SILNI')]
(Background on this error at: http://sqlalche.me/e/9h9h)
Sun, 19 Jan 2020 12:17:47 - INFO - 123TV DB import
Sun, 19 Jan 2020 12:17:59 - INFO - Connect to DB
Sun, 19 Jan 2020 12:17:59 - INFO - TRIZMA DB import
Sun, 19 Jan 2020 12:17:59 - INFO - 123TV DB import
Sun, 19 Jan 2020 12:19:42 - INFO - Connect to DB
Sun, 19 Jan 2020 12:19:42 - INFO - TRIZMA DB import
Sun, 19 Jan 2020 12:19:42 - INFO - 123TV DB import
