Sun, 19 Jan 2020 08:44:52 - INFO - Connect to DB
Sun, 19 Jan 2020 08:44:52 - INFO - TRIZMA DB import
Sun, 19 Jan 2020 08:44:52 - INFO - 123TV DB import
Sun, 19 Jan 2020 08:53:22 - INFO - Connect to DB
Sun, 19 Jan 2020 08:53:22 - INFO - TRIZMA DB import
Sun, 19 Jan 2020 08:53:22 - INFO - 123TV DB import
Sun, 19 Jan 2020 08:55:39 - INFO - Connect to DB
Sun, 19 Jan 2020 08:55:39 - INFO - TRIZMA DB import
Sun, 19 Jan 2020 08:55:39 - INFO - 123TV DB import
Sun, 19 Jan 2020 09:19:41 - INFO - Connect to DB
Sun, 19 Jan 2020 09:19:41 - INFO - TRIZMA DB import
Sun, 19 Jan 2020 09:19:41 - INFO - 123TV DB import
Sun, 19 Jan 2020 09:26:32 - INFO - Connect to DB
Sun, 19 Jan 2020 09:26:32 - INFO - TRIZMA DB import
Sun, 19 Jan 2020 09:26:32 - INFO - 123TV DB import
Sun, 19 Jan 2020 10:07:01 - INFO - Connect to DB
Sun, 19 Jan 2020 10:07:01 - INFO - TRIZMA DB import
Sun, 19 Jan 2020 10:07:01 - INFO - 123TV DB import
Sun, 19 Jan 2020 10:41:58 - INFO - Connect to DB
Sun, 19 Jan 2020 10:41:58 - INFO - TRIZMA DB import
Sun, 19 Jan 2020 10:41:58 - INFO - 123TV DB import
Sun, 19 Jan 2020 11:25:52 - INFO - Connect to DB
Sun, 19 Jan 2020 11:25:52 - INFO - TRIZMA DB import
Sun, 19 Jan 2020 11:25:52 - INFO - Failed on TRIZMA DB import at: 2020-01-19_08-37-54, for following calling party: 4994416855163, for agent id: trz_asilni, with error:(pyodbc.DataError) ('22001', '[22001] [Microsoft][ODBC Driver 17 for SQL Server][SQL Server]String or binary data would be truncated. (8152) (SQLExecDirectW)')
[SQL: insert into records values('CC2Servicenummer','Belgrad','Nicht 端bermittelt','trz_asilni',                                 '4994416855163','','Nicht 端bermittelt','4994416855163_Wednesday, January 15, 2020_1:12:08 PM','ANA_SILNI')]
(Background on this error at: http://sqlalche.me/e/9h9h)
Sun, 19 Jan 2020 11:25:52 - INFO - 123TV DB import
Sun, 19 Jan 2020 11:44:43 - INFO - Connect to DB
Sun, 19 Jan 2020 11:44:44 - INFO - TRIZMA DB import
Sun, 19 Jan 2020 11:44:44 - INFO - Failed on TRIZMA DB import at: 2020-01-19_08-37-54, for following calling party: 493054591525, for agent id: trz_asilni, with error:(pyodbc.DataError) ('22001', '[22001] [Microsoft][ODBC Driver 17 for SQL Server][SQL Server]String or binary data would be truncated. (8152) (SQLExecDirectW)')
[SQL: insert into records values('CC2Servicenummer','Belgrad','Nicht 端bermittelt','trz_asilni',                                 '493054591525','','Nicht 端bermittelt','493054591525_Wednesday, January 15, 2020_5:26:09 PM','ANA_SILNI')]
(Background on this error at: http://sqlalche.me/e/9h9h)
Sun, 19 Jan 2020 11:44:44 - INFO - 123TV DB import
Sun, 19 Jan 2020 11:45:26 - INFO - Connect to DB
Sun, 19 Jan 2020 11:45:26 - INFO - TRIZMA DB import
Sun, 19 Jan 2020 11:45:26 - INFO - 123TV DB import
