Thu, 26 Dec 2019 07:49:42 - INFO - Connect to DB
Thu, 26 Dec 2019 07:49:42 - INFO - TRIZMA DB import
Thu, 26 Dec 2019 07:49:42 - INFO - 123TV DB import
Thu, 26 Dec 2019 07:49:48 - INFO - Connect to DB
Thu, 26 Dec 2019 07:49:48 - INFO - TRIZMA DB import
Thu, 26 Dec 2019 07:49:48 - INFO - 123TV DB import
Thu, 26 Dec 2019 07:55:40 - INFO - Connect to DB
Thu, 26 Dec 2019 07:55:40 - INFO - TRIZMA DB import
Thu, 26 Dec 2019 07:55:40 - INFO - 123TV DB import
Thu, 26 Dec 2019 07:56:03 - INFO - Connect to DB
Thu, 26 Dec 2019 07:56:03 - INFO - TRIZMA DB import
Thu, 26 Dec 2019 07:56:03 - INFO - 123TV DB import
Thu, 26 Dec 2019 07:56:08 - INFO - Connect to DB
Thu, 26 Dec 2019 07:56:08 - INFO - TRIZMA DB import
Thu, 26 Dec 2019 07:56:08 - INFO - 123TV DB import
Thu, 26 Dec 2019 07:57:01 - INFO - Connect to DB
Thu, 26 Dec 2019 07:57:01 - INFO - TRIZMA DB import
Thu, 26 Dec 2019 07:57:01 - INFO - 123TV DB import
Thu, 26 Dec 2019 07:57:17 - INFO - Connect to DB
Thu, 26 Dec 2019 07:57:17 - INFO - TRIZMA DB import
Thu, 26 Dec 2019 07:57:17 - INFO - 123TV DB import
Thu, 26 Dec 2019 07:57:23 - INFO - Connect to DB
Thu, 26 Dec 2019 07:57:23 - INFO - TRIZMA DB import
Thu, 26 Dec 2019 07:57:23 - INFO - 123TV DB import
Thu, 26 Dec 2019 07:57:44 - INFO - Connect to DB
Thu, 26 Dec 2019 07:57:44 - INFO - TRIZMA DB import
Thu, 26 Dec 2019 07:57:44 - INFO - 123TV DB import
Thu, 26 Dec 2019 07:58:20 - INFO - Connect to DB
Thu, 26 Dec 2019 07:58:20 - INFO - TRIZMA DB import
Thu, 26 Dec 2019 07:58:20 - INFO - 123TV DB import
Thu, 26 Dec 2019 07:58:25 - INFO - Failed on 123TV DB import at: 2019-12-26_07-48-46, for following calling party: , for agent id: 3155, with error:Call to undefined method ImportCallMetaData::Message()
Thu, 26 Dec 2019 07:58:26 - INFO - Connect to DB
Thu, 26 Dec 2019 07:58:26 - INFO - TRIZMA DB import
Thu, 26 Dec 2019 07:58:26 - INFO - 123TV DB import
Thu, 26 Dec 2019 08:54:05 - INFO - Connect to DB
Thu, 26 Dec 2019 08:54:05 - INFO - TRIZMA DB import
Thu, 26 Dec 2019 08:54:05 - INFO - 123TV DB import
Thu, 26 Dec 2019 09:13:27 - INFO - Connect to DB
Thu, 26 Dec 2019 09:13:27 - INFO - TRIZMA DB import
Thu, 26 Dec 2019 09:13:27 - INFO - 123TV DB import
Thu, 26 Dec 2019 09:26:52 - INFO - Connect to DB
Thu, 26 Dec 2019 09:26:52 - INFO - TRIZMA DB import
Thu, 26 Dec 2019 09:26:52 - INFO - 123TV DB import
Thu, 26 Dec 2019 09:49:48 - INFO - Connect to DB
Thu, 26 Dec 2019 09:49:48 - INFO - TRIZMA DB import
Thu, 26 Dec 2019 09:49:48 - INFO - Failed on TRIZMA DB import at: 2019-12-26_07-48-46, for following calling party: 491631800556, for agent id: trz_tjurjevic, with error:(pyodbc.DataError) ('22001', '[22001] [Microsoft][ODBC Driver 17 for SQL Server][SQL Server]String or binary data would be truncated. (8152) (SQLExecDirectW)')
[SQL: insert into records values('CC2Servicenummer','Belgrad','Nicht übermittelt','trz_tjurjevic',                                  '491631800556','','Nicht übermittelt','491631800556_Thursday, December 26, 2019_10:49:42 AM')]
(Background on this error at: http://sqlalche.me/e/9h9h)
Thu, 26 Dec 2019 09:49:48 - INFO - 123TV DB import
