Tue, 07 Jan 2020 07:25:36 - INFO - Connect to DB
Tue, 07 Jan 2020 07:25:36 - INFO - TRIZMA DB import
Tue, 07 Jan 2020 07:25:36 - INFO - 123TV DB import
Tue, 07 Jan 2020 07:26:10 - INFO - Connect to DB
Tue, 07 Jan 2020 07:26:10 - INFO - TRIZMA DB import
Tue, 07 Jan 2020 07:26:10 - INFO - 123TV DB import
Tue, 07 Jan 2020 07:27:09 - INFO - Connect to DB
Tue, 07 Jan 2020 07:27:09 - INFO - TRIZMA DB import
Tue, 07 Jan 2020 07:27:09 - INFO - 123TV DB import
Tue, 07 Jan 2020 07:27:36 - INFO - Connect to DB
Tue, 07 Jan 2020 07:27:36 - INFO - TRIZMA DB import
Tue, 07 Jan 2020 07:27:36 - INFO - 123TV DB import
Tue, 07 Jan 2020 07:33:18 - INFO - Connect to DB
Tue, 07 Jan 2020 07:33:18 - INFO - TRIZMA DB import
Tue, 07 Jan 2020 07:33:18 - INFO - 123TV DB import
Tue, 07 Jan 2020 07:33:58 - INFO - Connect to DB
Tue, 07 Jan 2020 07:33:58 - INFO - TRIZMA DB import
Tue, 07 Jan 2020 07:33:58 - INFO - Failed on TRIZMA DB import at: 2020-01-07_07-22-09, for following calling party: 4934522602628, for agent id: trz_sstankovic, with error:(pyodbc.DataError) ('22001', '[22001] [Microsoft][ODBC Driver 17 for SQL Server][SQL Server]String or binary data would be truncated. (8152) (SQLExecDirectW)')
[SQL: insert into records values('CC2Servicenummer','Belgrad','Nicht 端bermittelt','trz_sstankovic',                                  '4934522602628','','Nicht 端bermittelt','4934522602628_Tuesday, December 31, 2019_11:24:24 AM')]
(Background on this error at: http://sqlalche.me/e/9h9h)
Tue, 07 Jan 2020 07:33:58 - INFO - 123TV DB import
Tue, 07 Jan 2020 07:34:19 - INFO - Connect to DB
Tue, 07 Jan 2020 07:34:19 - INFO - TRIZMA DB import
Tue, 07 Jan 2020 07:34:19 - INFO - Failed on TRIZMA DB import at: 2020-01-07_07-22-09, for following calling party: 491731864217, for agent id: trz_sstankovic, with error:(pyodbc.DataError) ('22001', '[22001] [Microsoft][ODBC Driver 17 for SQL Server][SQL Server]String or binary data would be truncated. (8152) (SQLExecDirectW)')
[SQL: insert into records values('CC2Servicenummer','Belgrad','Nicht 端bermittelt','trz_sstankovic',                                  '491731864217','','Nicht 端bermittelt','491731864217_Tuesday, December 31, 2019_12:52:51 PM')]
(Background on this error at: http://sqlalche.me/e/9h9h)
Tue, 07 Jan 2020 07:34:19 - INFO - 123TV DB import
Tue, 07 Jan 2020 07:35:21 - INFO - Connect to DB
Tue, 07 Jan 2020 07:35:21 - INFO - TRIZMA DB import
Tue, 07 Jan 2020 07:35:21 - INFO - 123TV DB import
Tue, 07 Jan 2020 07:35:48 - INFO - Connect to DB
Tue, 07 Jan 2020 07:35:48 - INFO - TRIZMA DB import
Tue, 07 Jan 2020 07:35:48 - INFO - 123TV DB import
Tue, 07 Jan 2020 07:36:03 - INFO - Connect to DB
Tue, 07 Jan 2020 07:36:03 - INFO - TRIZMA DB import
Tue, 07 Jan 2020 07:36:03 - INFO - 123TV DB import
Tue, 07 Jan 2020 07:36:25 - INFO - Connect to DB
Tue, 07 Jan 2020 07:36:25 - INFO - TRIZMA DB import
Tue, 07 Jan 2020 07:36:25 - INFO - 123TV DB import
Tue, 07 Jan 2020 07:37:30 - INFO - Connect to DB
Tue, 07 Jan 2020 07:37:30 - INFO - TRIZMA DB import
Tue, 07 Jan 2020 07:37:30 - INFO - 123TV DB import
