Mon, 30 Dec 2019 10:28:41 - INFO - Connect to DB
Mon, 30 Dec 2019 10:28:41 - INFO - TRIZMA DB import
Mon, 30 Dec 2019 10:28:41 - INFO - Failed on TRIZMA DB import at: 2019-12-30_10-26-33, for following calling party: 491728494667, for agent id: trz_sstankovic, with error:(pyodbc.DataError) ('22001', '[22001] [Microsoft][ODBC Driver 17 for SQL Server][SQL Server]String or binary data would be truncated. (8152) (SQLExecDirectW)')
[SQL: insert into records values('CC2Servicenummer','Belgrad','Nicht übermittelt','trz_sstankovic',                                  '491728494667','','Nicht übermittelt','491728494667_Saturday, December 21, 2019_7:49:07 PM')]
(Background on this error at: http://sqlalche.me/e/9h9h)
Mon, 30 Dec 2019 10:28:41 - INFO - 123TV DB import
Mon, 30 Dec 2019 10:29:47 - INFO - Connect to DB
Mon, 30 Dec 2019 10:29:47 - INFO - TRIZMA DB import
Mon, 30 Dec 2019 10:29:47 - INFO - 123TV DB import
Mon, 30 Dec 2019 10:32:11 - INFO - Connect to DB
Mon, 30 Dec 2019 10:32:11 - INFO - TRIZMA DB import
Mon, 30 Dec 2019 10:32:11 - INFO - Failed on TRIZMA DB import at: 2019-12-30_10-26-33, for following calling party: 4915234328510, for agent id: trz_sstankovic, with error:(pyodbc.DataError) ('22001', '[22001] [Microsoft][ODBC Driver 17 for SQL Server][SQL Server]String or binary data would be truncated. (8152) (SQLExecDirectW)')
[SQL: insert into records values('CC2Servicenummer','Belgrad','Nicht übermittelt','trz_sstankovic',                                  '4915234328510','','Nicht übermittelt','4915234328510_Monday, December 30, 2019_11:32:09 AM')]
(Background on this error at: http://sqlalche.me/e/9h9h)
Mon, 30 Dec 2019 10:32:11 - INFO - 123TV DB import
Mon, 30 Dec 2019 10:34:28 - INFO - Connect to DB
Mon, 30 Dec 2019 10:34:28 - INFO - TRIZMA DB import
Mon, 30 Dec 2019 10:34:28 - INFO - Failed on TRIZMA DB import at: 2019-12-30_10-26-33, for following calling party: 4939812422292, for agent id: trz_hjovic, with error:(pyodbc.DataError) ('22001', '[22001] [Microsoft][ODBC Driver 17 for SQL Server][SQL Server]String or binary data would be truncated. (8152) (SQLExecDirectW)')
[SQL: insert into records values('CC2Servicenummer','Belgrad','Nicht übermittelt','trz_hjovic',                                  '4939812422292','','Nicht übermittelt','4939812422292_Monday, December 30, 2019_11:34:27 AM')]
(Background on this error at: http://sqlalche.me/e/9h9h)
Mon, 30 Dec 2019 10:34:28 - INFO - 123TV DB import
