Fri, 03 Jan 2020 18:55:08 - INFO - Connect to DB
Fri, 03 Jan 2020 18:55:09 - INFO - TRIZMA DB import
Fri, 03 Jan 2020 18:55:09 - INFO - 123TV DB import
Sat, 04 Jan 2020 07:16:05 - INFO - Connect to DB
Sat, 04 Jan 2020 07:16:05 - INFO - TRIZMA DB import
Sat, 04 Jan 2020 07:16:05 - INFO - Failed on TRIZMA DB import at: 2020-01-03_18-30-45, for following calling party: 4951413012202, for agent id: trz_sstankovic, with error:(pyodbc.DataError) ('22001', '[22001] [Microsoft][ODBC Driver 17 for SQL Server][SQL Server]String or binary data would be truncated. (8152) (SQLExecDirectW)')
[SQL: insert into records values('CC2Servicenummer','Belgrad','Nicht übermittelt','trz_sstankovic',                                  '4951413012202','','Nicht übermittelt','4951413012202_Tuesday, December 31, 2019_9:40:28 AM')]
(Background on this error at: http://sqlalche.me/e/9h9h)
Sat, 04 Jan 2020 07:16:05 - INFO - 123TV DB import
Sat, 04 Jan 2020 07:16:26 - INFO - Connect to DB
Sat, 04 Jan 2020 07:16:26 - INFO - TRIZMA DB import
Sat, 04 Jan 2020 07:16:26 - INFO - Failed on TRIZMA DB import at: 2020-01-03_18-30-45, for following calling party: 493682464337, for agent id: trz_sstankovic, with error:(pyodbc.DataError) ('22001', '[22001] [Microsoft][ODBC Driver 17 for SQL Server][SQL Server]String or binary data would be truncated. (8152) (SQLExecDirectW)')
[SQL: insert into records values('CC2Servicenummer','Belgrad','Nicht übermittelt','trz_sstankovic',                                  '493682464337','','Nicht übermittelt','493682464337_Tuesday, December 31, 2019_10:00:49 AM')]
(Background on this error at: http://sqlalche.me/e/9h9h)
Sat, 04 Jan 2020 07:16:26 - INFO - 123TV DB import
Sat, 04 Jan 2020 07:16:48 - INFO - Connect to DB
Sat, 04 Jan 2020 07:16:48 - INFO - TRIZMA DB import
Sat, 04 Jan 2020 07:16:48 - INFO - 123TV DB import
Sat, 04 Jan 2020 07:18:25 - INFO - Connect to DB
Sat, 04 Jan 2020 07:18:25 - INFO - TRIZMA DB import
Sat, 04 Jan 2020 07:18:25 - INFO - 123TV DB import
Sat, 04 Jan 2020 07:19:07 - INFO - Connect to DB
Sat, 04 Jan 2020 07:19:07 - INFO - TRIZMA DB import
Sat, 04 Jan 2020 07:19:07 - INFO - Failed on TRIZMA DB import at: 2020-01-03_18-30-45, for following calling party: 4924289150293, for agent id: trz_sstankovic, with error:(pyodbc.DataError) ('22001', '[22001] [Microsoft][ODBC Driver 17 for SQL Server][SQL Server]String or binary data would be truncated. (8152) (SQLExecDirectW)')
[SQL: insert into records values('CC2Servicenummer','Belgrad','Nicht übermittelt','trz_sstankovic',                                  '4924289150293','','Nicht übermittelt','4924289150293_Thursday, January 02, 2020_8:50:05 AM')]
(Background on this error at: http://sqlalche.me/e/9h9h)
Sat, 04 Jan 2020 07:19:07 - INFO - 123TV DB import
Sat, 04 Jan 2020 07:19:13 - INFO - Connect to DB
Sat, 04 Jan 2020 07:19:13 - INFO - TRIZMA DB import
Sat, 04 Jan 2020 07:19:13 - INFO - 123TV DB import
Sat, 04 Jan 2020 07:19:49 - INFO - Connect to DB
Sat, 04 Jan 2020 07:19:49 - INFO - TRIZMA DB import
Sat, 04 Jan 2020 07:19:49 - INFO - 123TV DB import
Sat, 04 Jan 2020 07:20:30 - INFO - Connect to DB
Sat, 04 Jan 2020 07:20:30 - INFO - TRIZMA DB import
Sat, 04 Jan 2020 07:20:30 - INFO - 123TV DB import
Sat, 04 Jan 2020 07:21:12 - INFO - Connect to DB
Sat, 04 Jan 2020 07:21:12 - INFO - TRIZMA DB import
Sat, 04 Jan 2020 07:21:12 - INFO - 123TV DB import
Sat, 04 Jan 2020 07:21:58 - INFO - Connect to DB
Sat, 04 Jan 2020 07:21:58 - INFO - TRIZMA DB import
Sat, 04 Jan 2020 07:21:58 - INFO - 123TV DB import
Sat, 04 Jan 2020 07:22:23 - INFO - Connect to DB
Sat, 04 Jan 2020 07:22:23 - INFO - TRIZMA DB import
Sat, 04 Jan 2020 07:22:23 - INFO - 123TV DB import
Sat, 04 Jan 2020 07:22:46 - INFO - Connect to DB
Sat, 04 Jan 2020 07:22:46 - INFO - TRIZMA DB import
Sat, 04 Jan 2020 07:22:46 - INFO - 123TV DB import
Sat, 04 Jan 2020 07:23:46 - INFO - Connect to DB
Sat, 04 Jan 2020 07:23:46 - INFO - TRIZMA DB import
Sat, 04 Jan 2020 07:23:46 - INFO - 123TV DB import
Sat, 04 Jan 2020 07:23:52 - INFO - Connect to DB
Sat, 04 Jan 2020 07:23:52 - INFO - TRIZMA DB import
Sat, 04 Jan 2020 07:23:52 - INFO - 123TV DB import
Sat, 04 Jan 2020 07:28:21 - INFO - Connect to DB
Sat, 04 Jan 2020 07:28:21 - INFO - TRIZMA DB import
Sat, 04 Jan 2020 07:28:21 - INFO - 123TV DB import
Sat, 04 Jan 2020 07:32:05 - INFO - Connect to DB
Sat, 04 Jan 2020 07:32:05 - INFO - TRIZMA DB import
Sat, 04 Jan 2020 07:32:05 - INFO - 123TV DB import
Sat, 04 Jan 2020 07:32:11 - INFO - Connect to DB
Sat, 04 Jan 2020 07:32:11 - INFO - TRIZMA DB import
Sat, 04 Jan 2020 07:32:11 - INFO - 123TV DB import
Sat, 04 Jan 2020 07:36:32 - INFO - Connect to DB
Sat, 04 Jan 2020 07:36:32 - INFO - TRIZMA DB import
Sat, 04 Jan 2020 07:36:32 - INFO - 123TV DB import
Sat, 04 Jan 2020 07:38:38 - INFO - Connect to DB
Sat, 04 Jan 2020 07:38:38 - INFO - TRIZMA DB import
Sat, 04 Jan 2020 07:38:38 - INFO - 123TV DB import
Sat, 04 Jan 2020 07:40:09 - INFO - Connect to DB
Sat, 04 Jan 2020 07:40:09 - INFO - TRIZMA DB import
Sat, 04 Jan 2020 07:40:10 - INFO - 123TV DB import
Sat, 04 Jan 2020 07:53:34 - INFO - Connect to DB
Sat, 04 Jan 2020 07:53:34 - INFO - TRIZMA DB import
Sat, 04 Jan 2020 07:53:34 - INFO - 123TV DB import
Sat, 04 Jan 2020 07:54:02 - INFO - Connect to DB
Sat, 04 Jan 2020 07:54:02 - INFO - TRIZMA DB import
Sat, 04 Jan 2020 07:54:02 - INFO - 123TV DB import
Sat, 04 Jan 2020 07:54:08 - INFO - Connect to DB
Sat, 04 Jan 2020 07:54:08 - INFO - TRIZMA DB import
Sat, 04 Jan 2020 07:54:08 - INFO - 123TV DB import
Sat, 04 Jan 2020 07:54:54 - INFO - Connect to DB
Sat, 04 Jan 2020 07:54:54 - INFO - TRIZMA DB import
Sat, 04 Jan 2020 07:54:54 - INFO - 123TV DB import
Sat, 04 Jan 2020 07:55:06 - INFO - Connect to DB
Sat, 04 Jan 2020 07:55:06 - INFO - TRIZMA DB import
Sat, 04 Jan 2020 07:55:06 - INFO - 123TV DB import
Sat, 04 Jan 2020 07:55:44 - INFO - Connect to DB
Sat, 04 Jan 2020 07:55:44 - INFO - TRIZMA DB import
Sat, 04 Jan 2020 07:55:44 - INFO - 123TV DB import
Sat, 04 Jan 2020 08:01:10 - INFO - Connect to DB
Sat, 04 Jan 2020 08:01:10 - INFO - TRIZMA DB import
Sat, 04 Jan 2020 08:01:10 - INFO - 123TV DB import
Sat, 04 Jan 2020 08:01:35 - INFO - Connect to DB
Sat, 04 Jan 2020 08:01:35 - INFO - TRIZMA DB import
Sat, 04 Jan 2020 08:01:35 - INFO - 123TV DB import
Sat, 04 Jan 2020 08:01:41 - INFO - Connect to DB
Sat, 04 Jan 2020 08:01:41 - INFO - TRIZMA DB import
Sat, 04 Jan 2020 08:01:41 - INFO - 123TV DB import
Sat, 04 Jan 2020 08:02:21 - INFO - Connect to DB
Sat, 04 Jan 2020 08:02:21 - INFO - TRIZMA DB import
Sat, 04 Jan 2020 08:02:21 - INFO - 123TV DB import
