Wed, 08 Jan 2020 14:03:51 - INFO - Connect to DB
Wed, 08 Jan 2020 14:03:51 - INFO - TRIZMA DB import
Wed, 08 Jan 2020 14:03:51 - INFO - 123TV DB import
Wed, 08 Jan 2020 14:04:04 - INFO - Connect to DB
Wed, 08 Jan 2020 14:04:04 - INFO - TRIZMA DB import
Wed, 08 Jan 2020 14:04:04 - INFO - Failed on TRIZMA DB import at: 2020-01-08_14-01-48, for following calling party: 4915228819509, for agent id: trz_tjurjevic, with error:(pyodbc.DataError) ('22001', '[22001] [Microsoft][ODBC Driver 17 for SQL Server][SQL Server]String or binary data would be truncated. (8152) (SQLExecDirectW)')
[SQL: insert into records values('CC2Servicenummer','Belgrad','Nicht 端bermittelt','trz_tjurjevic',                                  '4915228819509','','Nicht 端bermittelt','4915228819509_Wednesday, January 08, 2020_3:04:02 PM')]
(Background on this error at: http://sqlalche.me/e/9h9h)
Wed, 08 Jan 2020 14:04:04 - INFO - 123TV DB import
Wed, 08 Jan 2020 14:10:34 - INFO - Connect to DB
Wed, 08 Jan 2020 14:10:35 - INFO - TRIZMA DB import
Wed, 08 Jan 2020 14:10:35 - INFO - Failed on TRIZMA DB import at: 2020-01-08_14-01-48, for following calling party: 493845539009, for agent id: trz_sstankovic, with error:(pyodbc.DataError) ('22001', '[22001] [Microsoft][ODBC Driver 17 for SQL Server][SQL Server]String or binary data would be truncated. (8152) (SQLExecDirectW)')
[SQL: insert into records values('CC2Servicenummer','Belgrad','Nicht 端bermittelt','trz_sstankovic',                                  '493845539009','','Nicht 端bermittelt','493845539009_Wednesday, January 08, 2020_3:10:31 PM')]
(Background on this error at: http://sqlalche.me/e/9h9h)
Wed, 08 Jan 2020 14:10:35 - INFO - 123TV DB import
Wed, 08 Jan 2020 14:20:06 - INFO - Connect to DB
Wed, 08 Jan 2020 14:20:06 - INFO - TRIZMA DB import
Wed, 08 Jan 2020 14:20:06 - INFO - 123TV DB import
Wed, 08 Jan 2020 14:21:07 - INFO - Connect to DB
Wed, 08 Jan 2020 14:21:07 - INFO - TRIZMA DB import
Wed, 08 Jan 2020 14:21:07 - INFO - 123TV DB import
Wed, 08 Jan 2020 14:23:46 - INFO - Connect to DB
Wed, 08 Jan 2020 14:23:46 - INFO - TRIZMA DB import
Wed, 08 Jan 2020 14:23:46 - INFO - 123TV DB import
