Fri, 27 Dec 2019 12:34:03 - INFO - Connect to DB
Fri, 27 Dec 2019 12:34:03 - INFO - TRIZMA DB import
Fri, 27 Dec 2019 12:34:03 - INFO - 123TV DB import
Fri, 27 Dec 2019 12:38:06 - INFO - Connect to DB
Fri, 27 Dec 2019 12:38:06 - INFO - TRIZMA DB import
Fri, 27 Dec 2019 12:38:06 - INFO - Failed on TRIZMA DB import at: 2019-12-27_12-28-09, for following calling party: 4972291846658, for agent id: trz_sstankovic, with error:(pyodbc.DataError) ('22001', '[22001] [Microsoft][ODBC Driver 17 for SQL Server][SQL Server]String or binary data would be truncated. (8152) (SQLExecDirectW)')
[SQL: insert into records values('CC2Servicenummer','Belgrad','Nicht übermittelt','trz_sstankovic',                                  '4972291846658','','Nicht übermittelt','4972291846658_Saturday, December 21, 2019_5:42:38 PM')]
(Background on this error at: http://sqlalche.me/e/9h9h)
Fri, 27 Dec 2019 12:38:06 - INFO - 123TV DB import
Fri, 27 Dec 2019 12:40:14 - INFO - Connect to DB
Fri, 27 Dec 2019 12:40:14 - INFO - TRIZMA DB import
Fri, 27 Dec 2019 12:40:14 - INFO - Failed on TRIZMA DB import at: 2019-12-27_12-28-09, for following calling party: 4922619154640, for agent id: trz_sstankovic, with error:(pyodbc.DataError) ('22001', '[22001] [Microsoft][ODBC Driver 17 for SQL Server][SQL Server]String or binary data would be truncated. (8152) (SQLExecDirectW)')
[SQL: insert into records values('CC2Servicenummer','Belgrad','Nicht übermittelt','trz_sstankovic',                                  '4922619154640','','Nicht übermittelt','4922619154640_Tuesday, December 24, 2019_12:33:24 PM')]
(Background on this error at: http://sqlalche.me/e/9h9h)
Fri, 27 Dec 2019 12:40:14 - INFO - 123TV DB import
Fri, 27 Dec 2019 12:53:15 - INFO - Connect to DB
Fri, 27 Dec 2019 12:53:15 - INFO - TRIZMA DB import
Fri, 27 Dec 2019 12:53:15 - INFO - Failed on TRIZMA DB import at: 2019-12-27_12-28-09, for following calling party: 4923032902550, for agent id: trz_sstankovic, with error:(pyodbc.DataError) ('22001', '[22001] [Microsoft][ODBC Driver 17 for SQL Server][SQL Server]String or binary data would be truncated. (8152) (SQLExecDirectW)')
[SQL: insert into records values('CC2Servicenummer','Belgrad','Nicht übermittelt','trz_sstankovic',                                  '4923032902550','','Nicht übermittelt','4923032902550_Wednesday, December 25, 2019_11:30:34 AM')]
(Background on this error at: http://sqlalche.me/e/9h9h)
Fri, 27 Dec 2019 12:53:15 - INFO - 123TV DB import
Fri, 27 Dec 2019 12:59:27 - INFO - Connect to DB
Fri, 27 Dec 2019 12:59:28 - INFO - TRIZMA DB import
Fri, 27 Dec 2019 12:59:28 - INFO - 123TV DB import
