Wed, 08 Jan 2020 13:47:19 - INFO - Connect to DB
Wed, 08 Jan 2020 13:47:19 - INFO - TRIZMA DB import
Wed, 08 Jan 2020 13:47:19 - INFO - 123TV DB import
Wed, 08 Jan 2020 13:48:14 - INFO - Connect to DB
Wed, 08 Jan 2020 13:48:14 - INFO - TRIZMA DB import
Wed, 08 Jan 2020 13:48:14 - INFO - 123TV DB import
Wed, 08 Jan 2020 13:48:32 - INFO - Connect to DB
Wed, 08 Jan 2020 13:48:32 - INFO - TRIZMA DB import
Wed, 08 Jan 2020 13:48:32 - INFO - 123TV DB import
Wed, 08 Jan 2020 13:48:38 - INFO - Connect to DB
Wed, 08 Jan 2020 13:48:38 - INFO - TRIZMA DB import
Wed, 08 Jan 2020 13:48:38 - INFO - 123TV DB import
Wed, 08 Jan 2020 13:53:25 - INFO - Connect to DB
Wed, 08 Jan 2020 13:53:25 - INFO - TRIZMA DB import
Wed, 08 Jan 2020 13:53:25 - INFO - 123TV DB import
Wed, 08 Jan 2020 13:53:56 - INFO - Connect to DB
Wed, 08 Jan 2020 13:53:56 - INFO - TRIZMA DB import
Wed, 08 Jan 2020 13:53:56 - INFO - 123TV DB import
Wed, 08 Jan 2020 13:54:07 - INFO - Connect to DB
Wed, 08 Jan 2020 13:54:07 - INFO - TRIZMA DB import
Wed, 08 Jan 2020 13:54:07 - INFO - 123TV DB import
Wed, 08 Jan 2020 13:54:47 - INFO - Connect to DB
Wed, 08 Jan 2020 13:54:47 - INFO - TRIZMA DB import
Wed, 08 Jan 2020 13:54:47 - INFO - 123TV DB import
Wed, 08 Jan 2020 13:56:01 - INFO - Connect to DB
Wed, 08 Jan 2020 13:56:01 - INFO - TRIZMA DB import
Wed, 08 Jan 2020 13:56:01 - INFO - 123TV DB import
Wed, 08 Jan 2020 14:01:12 - INFO - Connect to DB
Wed, 08 Jan 2020 14:01:12 - INFO - TRIZMA DB import
Wed, 08 Jan 2020 14:01:12 - INFO - Failed on TRIZMA DB import at: 2020-01-08_13-42-13, for following calling party: 4976317929502, for agent id: trz_mglisic, with error:(pyodbc.DataError) ('22001', '[22001] [Microsoft][ODBC Driver 17 for SQL Server][SQL Server]String or binary data would be truncated. (8152) (SQLExecDirectW)')
[SQL: insert into records values('CC2Servicenummer','Belgrad','Nicht übermittelt','trz_mglisic',                                  '4976317929502','','Nicht übermittelt','4976317929502_Wednesday, January 8, 2020_3:01:10 PM')]
(Background on this error at: http://sqlalche.me/e/9h9h)
Wed, 08 Jan 2020 14:01:12 - INFO - 123TV DB import
