Mon, 30 Dec 2019 08:19:30 - INFO - Connect to DB
Mon, 30 Dec 2019 08:19:30 - INFO - TRIZMA DB import
Mon, 30 Dec 2019 08:19:30 - INFO - Failed on TRIZMA DB import at: 2019-12-30_08-14-45, for following calling party: 4964197191699, for agent id: trz_sstankovic, with error:(pyodbc.DataError) ('22001', '[22001] [Microsoft][ODBC Driver 17 for SQL Server][SQL Server]String or binary data would be truncated. (8152) (SQLExecDirectW)')
[SQL: insert into records values('CC2Servicenummer','Belgrad','Nicht 端bermittelt','trz_sstankovic',                                  '4964197191699','','Nicht 端bermittelt','4964197191699_Thursday, December 19, 2019_12:43:29 PM')]
(Background on this error at: http://sqlalche.me/e/9h9h)
Mon, 30 Dec 2019 08:19:30 - INFO - 123TV DB import
Mon, 30 Dec 2019 08:20:06 - INFO - Connect to DB
Mon, 30 Dec 2019 08:20:06 - INFO - TRIZMA DB import
Mon, 30 Dec 2019 08:20:06 - INFO - Failed on TRIZMA DB import at: 2019-12-30_08-14-45, for following calling party: 493343635369, for agent id: trz_sstankovic, with error:(pyodbc.DataError) ('22001', '[22001] [Microsoft][ODBC Driver 17 for SQL Server][SQL Server]String or binary data would be truncated. (8152) (SQLExecDirectW)')
[SQL: insert into records values('CC2Servicenummer','Belgrad','Nicht 端bermittelt','trz_sstankovic',                                  '493343635369','','Nicht 端bermittelt','493343635369_Thursday, December 19, 2019_2:12:51 PM')]
(Background on this error at: http://sqlalche.me/e/9h9h)
Mon, 30 Dec 2019 08:20:06 - INFO - 123TV DB import
Mon, 30 Dec 2019 08:20:28 - INFO - Connect to DB
Mon, 30 Dec 2019 08:20:28 - INFO - TRIZMA DB import
Mon, 30 Dec 2019 08:20:28 - INFO - 123TV DB import
Mon, 30 Dec 2019 08:20:55 - INFO - Connect to DB
Mon, 30 Dec 2019 08:20:55 - INFO - TRIZMA DB import
Mon, 30 Dec 2019 08:20:55 - INFO - 123TV DB import
Mon, 30 Dec 2019 08:22:17 - INFO - Connect to DB
Mon, 30 Dec 2019 08:22:17 - INFO - TRIZMA DB import
Mon, 30 Dec 2019 08:22:17 - INFO - 123TV DB import
Mon, 30 Dec 2019 08:22:41 - INFO - Connect to DB
Mon, 30 Dec 2019 08:22:41 - INFO - TRIZMA DB import
Mon, 30 Dec 2019 08:22:41 - INFO - 123TV DB import
Mon, 30 Dec 2019 08:23:27 - INFO - Connect to DB
Mon, 30 Dec 2019 08:23:27 - INFO - TRIZMA DB import
Mon, 30 Dec 2019 08:23:28 - INFO - 123TV DB import
Mon, 30 Dec 2019 08:29:06 - INFO - Connect to DB
Mon, 30 Dec 2019 08:29:06 - INFO - TRIZMA DB import
Mon, 30 Dec 2019 08:29:06 - INFO - 123TV DB import
Mon, 30 Dec 2019 08:31:14 - INFO - Connect to DB
Mon, 30 Dec 2019 08:31:14 - INFO - TRIZMA DB import
Mon, 30 Dec 2019 08:31:14 - INFO - 123TV DB import
