Wed, 25 Dec 2019 10:37:14 - INFO - Connect to DB
Wed, 25 Dec 2019 10:37:14 - INFO - TRIZMA DB import
Wed, 25 Dec 2019 10:37:14 - INFO - Failed on TRIZMA DB import at: 2019-12-25_07-09-32, for following calling party: 497215004398, for agent id: trz_sstankovic, with error:(pyodbc.DataError) ('22001', '[22001] [Microsoft][ODBC Driver 17 for SQL Server][SQL Server]String or binary data would be truncated. (8152) (SQLExecDirectW)')
[SQL: insert into records values('CC2Servicenummer','Belgrad','Nicht übermittelt','trz_sstankovic',                                  '497215004398','','Nicht übermittelt','497215004398_Wednesday, December 11, 2019_7:03:53 PM')]
(Background on this error at: http://sqlalche.me/e/9h9h)
Wed, 25 Dec 2019 10:37:14 - INFO - 123TV DB import
Wed, 25 Dec 2019 10:50:30 - INFO - Connect to DB
Wed, 25 Dec 2019 10:50:30 - INFO - TRIZMA DB import
Wed, 25 Dec 2019 10:50:31 - INFO - 123TV DB import
Wed, 25 Dec 2019 10:57:37 - INFO - Connect to DB
Wed, 25 Dec 2019 10:57:37 - INFO - TRIZMA DB import
Wed, 25 Dec 2019 10:57:37 - INFO - 123TV DB import
Wed, 25 Dec 2019 11:28:11 - INFO - Connect to DB
Wed, 25 Dec 2019 11:28:11 - INFO - TRIZMA DB import
Wed, 25 Dec 2019 11:28:11 - INFO - Failed on TRIZMA DB import at: 2019-12-25_07-09-32, for following calling party: 4982934259966, for agent id: trz_sstankovic, with error:(pyodbc.DataError) ('22001', '[22001] [Microsoft][ODBC Driver 17 for SQL Server][SQL Server]String or binary data would be truncated. (8152) (SQLExecDirectW)')
[SQL: insert into records values('CC2Servicenummer','Belgrad','Nicht übermittelt','trz_sstankovic',                                  '4982934259966','','Nicht übermittelt','4982934259966_Thursday, December 19, 2019_11:20:40 AM')]
(Background on this error at: http://sqlalche.me/e/9h9h)
Wed, 25 Dec 2019 11:28:11 - INFO - 123TV DB import
Wed, 25 Dec 2019 11:33:16 - INFO - Connect to DB
Wed, 25 Dec 2019 11:33:16 - INFO - TRIZMA DB import
Wed, 25 Dec 2019 11:33:16 - INFO - Failed on TRIZMA DB import at: 2019-12-25_07-09-32, for following calling party: 493601449448, for agent id: trz_sstankovic, with error:(pyodbc.DataError) ('22001', '[22001] [Microsoft][ODBC Driver 17 for SQL Server][SQL Server]String or binary data would be truncated. (8152) (SQLExecDirectW)')
[SQL: insert into records values('CC2Servicenummer','Belgrad','Nicht übermittelt','trz_sstankovic',                                  '493601449448','','Nicht übermittelt','493601449448_Thursday, December 19, 2019_11:29:34 AM')]
(Background on this error at: http://sqlalche.me/e/9h9h)
Wed, 25 Dec 2019 11:33:16 - INFO - 123TV DB import
Wed, 25 Dec 2019 11:39:23 - INFO - Connect to DB
Wed, 25 Dec 2019 11:39:23 - INFO - TRIZMA DB import
Wed, 25 Dec 2019 11:39:23 - INFO - Failed on TRIZMA DB import at: 2019-12-25_07-09-32, for following calling party: 493062200626, for agent id: trz_sstankovic, with error:(pyodbc.DataError) ('22001', '[22001] [Microsoft][ODBC Driver 17 for SQL Server][SQL Server]String or binary data would be truncated. (8152) (SQLExecDirectW)')
[SQL: insert into records values('CC2Servicenummer','Belgrad','Nicht übermittelt','trz_sstankovic',                                  '493062200626','','Nicht übermittelt','493062200626_Thursday, December 19, 2019_12:33:52 PM')]
(Background on this error at: http://sqlalche.me/e/9h9h)
Wed, 25 Dec 2019 11:39:23 - INFO - 123TV DB import
