Wed, 08 Jan 2020 11:25:18 - INFO - Connect to DB
Wed, 08 Jan 2020 11:25:19 - INFO - TRIZMA DB import
Wed, 08 Jan 2020 11:25:19 - INFO - 123TV DB import
Wed, 08 Jan 2020 11:25:24 - INFO - Failed on 123TV DB import at: 2020-01-08_11-24-58, for following calling party: 498918922058, for agent id: 3098, with error:Invalid XML content received (Start tag expected, '<' not found, line 1, column 1)
Wed, 08 Jan 2020 11:28:53 - INFO - Connect to DB
Wed, 08 Jan 2020 11:28:53 - INFO - TRIZMA DB import
Wed, 08 Jan 2020 11:28:53 - INFO - Failed on TRIZMA DB import at: 2020-01-08_11-24-58, for following calling party: 4915732147392, for agent id: trz_bmaksimovic, with error:(pyodbc.DataError) ('22001', '[22001] [Microsoft][ODBC Driver 17 for SQL Server][SQL Server]String or binary data would be truncated. (8152) (SQLExecDirectW)')
[SQL: insert into records values('CC2Servicenummer','Belgrad','Nicht 端bermittelt','trz_bmaksimovic',                                  '4915732147392','','Nicht 端bermittelt','4915732147392_Saturday, December 28, 2019_12:49:59 PM')]
(Background on this error at: http://sqlalche.me/e/9h9h)
Wed, 08 Jan 2020 11:28:53 - INFO - 123TV DB import
Wed, 08 Jan 2020 11:28:58 - INFO - Failed on 123TV DB import at: 2020-01-08_11-24-58, for following calling party: 4915732147392, for agent id: 3036, with error:Invalid XML content received (Start tag expected, '<' not found, line 1, column 1)
Wed, 08 Jan 2020 11:30:45 - INFO - Connect to DB
Wed, 08 Jan 2020 11:30:45 - INFO - TRIZMA DB import
Wed, 08 Jan 2020 11:30:45 - INFO - 123TV DB import
Wed, 08 Jan 2020 11:30:50 - INFO - Failed on 123TV DB import at: 2020-01-08_11-24-58, for following calling party: 4994167857, for agent id: 3098, with error:Invalid XML content received (Start tag expected, '<' not found, line 1, column 1)
Wed, 08 Jan 2020 11:35:35 - INFO - Connect to DB
Wed, 08 Jan 2020 11:35:35 - INFO - TRIZMA DB import
Wed, 08 Jan 2020 11:35:35 - INFO - Failed on TRIZMA DB import at: 2020-01-08_11-24-58, for following calling party: 492652989150, for agent id: trz_bmaksimovic, with error:(pyodbc.DataError) ('22001', '[22001] [Microsoft][ODBC Driver 17 for SQL Server][SQL Server]String or binary data would be truncated. (8152) (SQLExecDirectW)')
[SQL: insert into records values('CC2Servicenummer','Belgrad','Nicht 端bermittelt','trz_bmaksimovic',                                  '492652989150','','Nicht 端bermittelt','492652989150_Saturday, December 28, 2019_2:28:04 PM')]
(Background on this error at: http://sqlalche.me/e/9h9h)
Wed, 08 Jan 2020 11:35:35 - INFO - 123TV DB import
Wed, 08 Jan 2020 11:35:40 - INFO - Failed on 123TV DB import at: 2020-01-08_11-24-58, for following calling party: 492652989150, for agent id: 3036, with error:Invalid XML content received (Start tag expected, '<' not found, line 1, column 1)
Wed, 08 Jan 2020 11:36:56 - INFO - Connect to DB
Wed, 08 Jan 2020 11:36:56 - INFO - TRIZMA DB import
Wed, 08 Jan 2020 11:36:56 - INFO - 123TV DB import
Wed, 08 Jan 2020 11:37:02 - INFO - Failed on 123TV DB import at: 2020-01-08_11-24-58, for following calling party: 4971314058379, for agent id: 3098, with error:Invalid XML content received (Start tag expected, '<' not found, line 1, column 1)
