Wed, 15 Jan 2020 10:44:25 - INFO - Connect to DB
Wed, 15 Jan 2020 10:44:25 - INFO - TRIZMA DB import
Wed, 15 Jan 2020 10:44:25 - INFO - Failed on TRIZMA DB import at: 2020-01-15_10-43-38, for following calling party: 49534138483, for agent id: trz_vvucetic, with error:(pyodbc.DataError) ('22001', '[22001] [Microsoft][ODBC Driver 17 for SQL Server][SQL Server]String or binary data would be truncated. (8152) (SQLExecDirectW)')
[SQL: insert into records values('CC2Servicenummer','Belgrad','Nicht übermittelt','trz_vvucetic',                                 '49534138483','','Nicht übermittelt','49534138483_Wednesday, January 15, 2020_11:44:24 AM','VAL_VUCETI')]
(Background on this error at: http://sqlalche.me/e/9h9h)
Wed, 15 Jan 2020 10:44:25 - INFO - 123TV DB import
Wed, 15 Jan 2020 10:46:52 - INFO - Connect to DB
Wed, 15 Jan 2020 10:46:53 - INFO - TRIZMA DB import
Wed, 15 Jan 2020 10:46:53 - INFO - Failed on TRIZMA DB import at: 2020-01-15_10-43-38, for following calling party: 493591326735, for agent id: trz_smaksimovic, with error:(pyodbc.DataError) ('22001', '[22001] [Microsoft][ODBC Driver 17 for SQL Server][SQL Server]String or binary data would be truncated. (8152) (SQLExecDirectW)')
[SQL: insert into records values('CC2Servicenummer','Belgrad','Nicht übermittelt','trz_smaksimovic',                                 '493591326735','','Nicht übermittelt','493591326735_Wednesday, January 15, 2020_11:46:50 AM','SRD_MAKSIM')]
(Background on this error at: http://sqlalche.me/e/9h9h)
Wed, 15 Jan 2020 10:46:53 - INFO - 123TV DB import
Wed, 15 Jan 2020 10:51:12 - INFO - Connect to DB
Wed, 15 Jan 2020 10:51:12 - INFO - TRIZMA DB import
Wed, 15 Jan 2020 10:51:12 - INFO - 123TV DB import
Wed, 15 Jan 2020 10:51:40 - INFO - Connect to DB
Wed, 15 Jan 2020 10:51:40 - INFO - TRIZMA DB import
Wed, 15 Jan 2020 10:51:40 - INFO - Failed on TRIZMA DB import at: 2020-01-15_10-43-38, for following calling party: 4917642990997, for agent id: trz_vvucetic, with error:(pyodbc.DataError) ('22001', '[22001] [Microsoft][ODBC Driver 17 for SQL Server][SQL Server]String or binary data would be truncated. (8152) (SQLExecDirectW)')
[SQL: insert into records values('CC2Servicenummer','Belgrad','Nicht übermittelt','trz_vvucetic',                                 '4917642990997','','Nicht übermittelt','4917642990997_Wednesday, January 15, 2020_11:51:38 AM','VAL_VUCETI')]
(Background on this error at: http://sqlalche.me/e/9h9h)
Wed, 15 Jan 2020 10:51:40 - INFO - 123TV DB import
