Tue, 21 Jan 2020 15:53:52 - INFO - Connect to DB
Tue, 21 Jan 2020 15:53:53 - INFO - TRIZMA DB import
Tue, 21 Jan 2020 15:53:53 - INFO - 123TV DB import
Tue, 21 Jan 2020 16:01:11 - INFO - Connect to DB
Tue, 21 Jan 2020 16:01:11 - INFO - TRIZMA DB import
Tue, 21 Jan 2020 16:01:11 - INFO - 123TV DB import
Tue, 21 Jan 2020 16:04:16 - INFO - Connect to DB
Tue, 21 Jan 2020 16:04:16 - INFO - TRIZMA DB import
Tue, 21 Jan 2020 16:04:16 - INFO - 123TV DB import
Tue, 21 Jan 2020 16:17:09 - INFO - Connect to DB
Tue, 21 Jan 2020 16:17:09 - INFO - TRIZMA DB import
Tue, 21 Jan 2020 16:17:09 - INFO - 123TV DB import
Tue, 21 Jan 2020 16:25:38 - INFO - Connect to DB
Tue, 21 Jan 2020 16:25:38 - INFO - TRIZMA DB import
Tue, 21 Jan 2020 16:25:38 - INFO - 123TV DB import
Tue, 21 Jan 2020 16:31:56 - INFO - Connect to DB
Tue, 21 Jan 2020 16:31:56 - INFO - TRIZMA DB import
Tue, 21 Jan 2020 16:31:56 - INFO - 123TV DB import
Tue, 21 Jan 2020 16:37:16 - INFO - Connect to DB
Tue, 21 Jan 2020 16:37:16 - INFO - TRIZMA DB import
Tue, 21 Jan 2020 16:37:16 - INFO - 123TV DB import
Tue, 21 Jan 2020 16:48:07 - INFO - Connect to DB
Tue, 21 Jan 2020 16:48:07 - INFO - TRIZMA DB import
Tue, 21 Jan 2020 16:48:07 - INFO - 123TV DB import
Tue, 21 Jan 2020 16:52:37 - INFO - Connect to DB
Tue, 21 Jan 2020 16:52:37 - INFO - TRIZMA DB import
Tue, 21 Jan 2020 16:52:37 - INFO - 123TV DB import
Tue, 21 Jan 2020 17:09:16 - INFO - Connect to DB
Tue, 21 Jan 2020 17:09:16 - INFO - TRIZMA DB import
Tue, 21 Jan 2020 17:09:16 - INFO - 123TV DB import
Tue, 21 Jan 2020 17:46:05 - INFO - Connect to DB
Tue, 21 Jan 2020 17:46:05 - INFO - TRIZMA DB import
Tue, 21 Jan 2020 17:46:05 - INFO - 123TV DB import
Tue, 21 Jan 2020 18:03:55 - INFO - Connect to DB
Tue, 21 Jan 2020 18:03:55 - INFO - TRIZMA DB import
Tue, 21 Jan 2020 18:03:55 - INFO - 123TV DB import
Wed, 22 Jan 2020 07:03:03 - INFO - Connect to DB
Wed, 22 Jan 2020 07:03:03 - INFO - TRIZMA DB import
Wed, 22 Jan 2020 07:03:03 - INFO - 123TV DB import
