Thu, 09 Jan 2020 11:31:29 - INFO - Connect to DB
Thu, 09 Jan 2020 11:31:29 - INFO - TRIZMA DB import
Thu, 09 Jan 2020 11:31:29 - INFO - Failed on TRIZMA DB import at: 2020-01-09_11-30-34, for following calling party: 4936841178065, for agent id: trz_madamovic, with error:(pyodbc.DataError) ('22001', '[22001] [Microsoft][ODBC Driver 17 for SQL Server][SQL Server]String or binary data would be truncated. (8152) (SQLExecDirectW)')
[SQL: insert into records values('CC2Servicenummer','Belgrad','Nicht übermittelt','trz_madamovic',                                  '4936841178065','','Nicht übermittelt','4936841178065_Thursday, January 09, 2020_12:31:23 PM')]
(Background on this error at: http://sqlalche.me/e/9h9h)
Thu, 09 Jan 2020 11:31:29 - INFO - 123TV DB import
Thu, 09 Jan 2020 11:31:59 - INFO - Connect to DB
Thu, 09 Jan 2020 11:31:59 - INFO - TRIZMA DB import
Thu, 09 Jan 2020 11:31:59 - INFO - Failed on TRIZMA DB import at: 2020-01-09_11-30-34, for following calling party: 497112599990, for agent id: trz_hjovic, with error:(pyodbc.DataError) ('22001', '[22001] [Microsoft][ODBC Driver 17 for SQL Server][SQL Server]String or binary data would be truncated. (8152) (SQLExecDirectW)')
[SQL: insert into records values('CC2Servicenummer','Belgrad','Nicht übermittelt','trz_hjovic',                                  '497112599990','','Nicht übermittelt','497112599990_Thursday, January 09, 2020_12:31:57 PM')]
(Background on this error at: http://sqlalche.me/e/9h9h)
Thu, 09 Jan 2020 11:31:59 - INFO - 123TV DB import
Thu, 09 Jan 2020 11:33:56 - INFO - Connect to DB
Thu, 09 Jan 2020 11:33:56 - INFO - TRIZMA DB import
Thu, 09 Jan 2020 11:33:56 - INFO - 123TV DB import
Thu, 09 Jan 2020 11:40:56 - INFO - Connect to DB
Thu, 09 Jan 2020 11:40:56 - INFO - TRIZMA DB import
Thu, 09 Jan 2020 11:40:56 - INFO - Failed on TRIZMA DB import at: 2020-01-09_11-30-34, for following calling party: 493682487503, for agent id: trz_bmaksimovic, with error:(pyodbc.DataError) ('22001', '[22001] [Microsoft][ODBC Driver 17 for SQL Server][SQL Server]String or binary data would be truncated. (8152) (SQLExecDirectW)')
[SQL: insert into records values('CC2Servicenummer','Belgrad','Nicht übermittelt','trz_bmaksimovic',                                  '493682487503','','Nicht übermittelt','493682487503_Saturday, December 28, 2019_2:59:54 PM')]
(Background on this error at: http://sqlalche.me/e/9h9h)
Thu, 09 Jan 2020 11:40:56 - INFO - 123TV DB import
