Thu, 16 Jan 2020 10:21:07 - INFO - Connect to DB
Thu, 16 Jan 2020 10:21:08 - INFO - TRIZMA DB import
Thu, 16 Jan 2020 10:21:08 - INFO - 123TV DB import
Thu, 16 Jan 2020 10:35:33 - INFO - Connect to DB
Thu, 16 Jan 2020 10:35:33 - INFO - TRIZMA DB import
Thu, 16 Jan 2020 10:35:33 - INFO - 123TV DB import
Thu, 16 Jan 2020 10:36:16 - INFO - Connect to DB
Thu, 16 Jan 2020 10:36:16 - INFO - TRIZMA DB import
Thu, 16 Jan 2020 10:36:16 - INFO - Failed on TRIZMA DB import at: 2020-01-16_10-19-20, for following calling party: 4915255261204, for agent id: trz_smaksimovic, with error:(pyodbc.DataError) ('22001', '[22001] [Microsoft][ODBC Driver 17 for SQL Server][SQL Server]String or binary data would be truncated. (8152) (SQLExecDirectW)')
[SQL: insert into records values('CC2Servicenummer','Belgrad','Nicht übermittelt','trz_smaksimovic',                                 '4915255261204','','Nicht übermittelt','4915255261204_Thursday, January 16, 2020_11:36:14 AM','SRD_MAKSIM')]
(Background on this error at: http://sqlalche.me/e/9h9h)
Thu, 16 Jan 2020 10:36:16 - INFO - 123TV DB import
Thu, 16 Jan 2020 10:40:48 - INFO - Connect to DB
Thu, 16 Jan 2020 10:40:48 - INFO - TRIZMA DB import
Thu, 16 Jan 2020 10:40:48 - INFO - 123TV DB import
Thu, 16 Jan 2020 10:45:54 - INFO - Connect to DB
Thu, 16 Jan 2020 10:45:54 - INFO - TRIZMA DB import
Thu, 16 Jan 2020 10:45:54 - INFO - 123TV DB import
Thu, 16 Jan 2020 10:48:11 - INFO - Connect to DB
Thu, 16 Jan 2020 10:48:11 - INFO - TRIZMA DB import
Thu, 16 Jan 2020 10:48:11 - INFO - Failed on TRIZMA DB import at: 2020-01-16_10-19-20, for following calling party: 4970327845784, for agent id: trz_bmaksimovic, with error:(pyodbc.DataError) ('22001', '[22001] [Microsoft][ODBC Driver 17 for SQL Server][SQL Server]String or binary data would be truncated. (8152) (SQLExecDirectW)')
[SQL: insert into records values('CC2Servicenummer','Belgrad','Nicht übermittelt','trz_bmaksimovic',                                 '4970327845784','','Nicht übermittelt','4970327845784_Thursday, January 16, 2020_11:48:06 AM','BOR_MAKSIM')]
(Background on this error at: http://sqlalche.me/e/9h9h)
Thu, 16 Jan 2020 10:48:11 - INFO - 123TV DB import
Thu, 16 Jan 2020 10:53:49 - INFO - Connect to DB
Thu, 16 Jan 2020 10:53:50 - INFO - TRIZMA DB import
Thu, 16 Jan 2020 10:53:50 - INFO - 123TV DB import
Thu, 16 Jan 2020 10:57:53 - INFO - Connect to DB
Thu, 16 Jan 2020 10:57:53 - INFO - TRIZMA DB import
Thu, 16 Jan 2020 10:57:53 - INFO - Failed on TRIZMA DB import at: 2020-01-16_10-19-20, for following calling party: 4917664778806, for agent id: trz_bmaksimovic, with error:(pyodbc.DataError) ('22001', '[22001] [Microsoft][ODBC Driver 17 for SQL Server][SQL Server]String or binary data would be truncated. (8152) (SQLExecDirectW)')
[SQL: insert into records values('CC2Servicenummer','Belgrad','Nicht übermittelt','trz_bmaksimovic',                                 '4917664778806','','Nicht übermittelt','4917664778806_Wednesday, January 15, 2020_5:21:00 PM','BOR_MAKSIM')]
(Background on this error at: http://sqlalche.me/e/9h9h)
Thu, 16 Jan 2020 10:57:53 - INFO - 123TV DB import
