Tue, 24 Dec 2019 12:11:31 - INFO - Connect to DB
Tue, 24 Dec 2019 12:11:31 - INFO - TRIZMA DB import
Tue, 24 Dec 2019 12:11:31 - INFO - Failed on TRIZMA DB import at: 2019-12-24_12-07-07, for following calling party: 493033951452, for agent id: trz_sstankovic, with error:(pyodbc.DataError) ('22001', '[22001] [Microsoft][ODBC Driver 17 for SQL Server][SQL Server]String or binary data would be truncated. (8152) (SQLExecDirectW)')
[SQL: insert into records values('CC2Servicenummer','Belgrad','Nicht übermittelt','trz_sstankovic',                                  '493033951452','','Nicht übermittelt','493033951452_Saturday, December 21, 2019_1:57:46 PM')]
(Background on this error at: http://sqlalche.me/e/9h9h)
Tue, 24 Dec 2019 12:11:31 - INFO - 123TV DB import
Tue, 24 Dec 2019 12:11:56 - INFO - Connect to DB
Tue, 24 Dec 2019 12:11:56 - INFO - TRIZMA DB import
Tue, 24 Dec 2019 12:11:56 - INFO - Failed on TRIZMA DB import at: 2019-12-24_12-07-07, for following calling party: 497531695793, for agent id: trz_sstankovic, with error:(pyodbc.DataError) ('22001', '[22001] [Microsoft][ODBC Driver 17 for SQL Server][SQL Server]String or binary data would be truncated. (8152) (SQLExecDirectW)')
[SQL: insert into records values('CC2Servicenummer','Belgrad','Nicht übermittelt','trz_sstankovic',                                  '497531695793','','Nicht übermittelt','497531695793_Saturday, December 21, 2019_2:31:30 PM')]
(Background on this error at: http://sqlalche.me/e/9h9h)
Tue, 24 Dec 2019 12:11:56 - INFO - 123TV DB import
Tue, 24 Dec 2019 12:12:46 - INFO - Connect to DB
Tue, 24 Dec 2019 12:12:46 - INFO - TRIZMA DB import
Tue, 24 Dec 2019 12:12:46 - INFO - Failed on TRIZMA DB import at: 2019-12-24_12-07-07, for following calling party: 4915227399439, for agent id: trz_sstankovic, with error:(pyodbc.DataError) ('22001', '[22001] [Microsoft][ODBC Driver 17 for SQL Server][SQL Server]String or binary data would be truncated. (8152) (SQLExecDirectW)')
[SQL: insert into records values('CC2Servicenummer','Belgrad','Nicht übermittelt','trz_sstankovic',                                  '4915227399439','','Nicht übermittelt','4915227399439_Saturday, December 21, 2019_4:13:51 PM')]
(Background on this error at: http://sqlalche.me/e/9h9h)
Tue, 24 Dec 2019 12:12:46 - INFO - 123TV DB import
Tue, 24 Dec 2019 12:28:59 - INFO - Connect to DB
Tue, 24 Dec 2019 12:28:59 - INFO - TRIZMA DB import
Tue, 24 Dec 2019 12:28:59 - INFO - Failed on TRIZMA DB import at: 2019-12-24_12-07-07, for following calling party: 493416980985, for agent id: trz_sstankovic, with error:(pyodbc.DataError) ('22001', '[22001] [Microsoft][ODBC Driver 17 for SQL Server][SQL Server]String or binary data would be truncated. (8152) (SQLExecDirectW)')
[SQL: insert into records values('CC2Servicenummer','Belgrad','Nicht übermittelt','trz_sstankovic',                                  '493416980985','','Nicht übermittelt','493416980985_Saturday, December 21, 2019_4:58:26 PM')]
(Background on this error at: http://sqlalche.me/e/9h9h)
Tue, 24 Dec 2019 12:28:59 - INFO - 123TV DB import
Tue, 24 Dec 2019 12:29:34 - INFO - Connect to DB
Tue, 24 Dec 2019 12:29:34 - INFO - TRIZMA DB import
Tue, 24 Dec 2019 12:29:34 - INFO - Failed on TRIZMA DB import at: 2019-12-24_12-07-07, for following calling party: 4982212759041, for agent id: trz_sstankovic, with error:(pyodbc.DataError) ('22001', '[22001] [Microsoft][ODBC Driver 17 for SQL Server][SQL Server]String or binary data would be truncated. (8152) (SQLExecDirectW)')
[SQL: insert into records values('CC2Servicenummer','Belgrad','Nicht übermittelt','trz_sstankovic',                                  '4982212759041','','Nicht übermittelt','4982212759041_Saturday, December 21, 2019_5:19:25 PM')]
(Background on this error at: http://sqlalche.me/e/9h9h)
Tue, 24 Dec 2019 12:29:34 - INFO - 123TV DB import
Tue, 24 Dec 2019 12:31:10 - INFO - Connect to DB
Tue, 24 Dec 2019 12:31:10 - INFO - TRIZMA DB import
Tue, 24 Dec 2019 12:31:10 - INFO - Failed on TRIZMA DB import at: 2019-12-24_12-07-07, for following calling party: 4941316081198, for agent id: trz_sstankovic, with error:(pyodbc.DataError) ('22001', '[22001] [Microsoft][ODBC Driver 17 for SQL Server][SQL Server]String or binary data would be truncated. (8152) (SQLExecDirectW)')
[SQL: insert into records values('CC2Servicenummer','Belgrad','Nicht übermittelt','trz_sstankovic',                                  '4941316081198','','Nicht übermittelt','4941316081198_Saturday, December 21, 2019_7:02:37 PM')]
(Background on this error at: http://sqlalche.me/e/9h9h)
Tue, 24 Dec 2019 12:31:10 - INFO - 123TV DB import
Tue, 24 Dec 2019 12:31:40 - INFO - Connect to DB
Tue, 24 Dec 2019 12:31:40 - INFO - TRIZMA DB import
Tue, 24 Dec 2019 12:31:40 - INFO - 123TV DB import
Tue, 24 Dec 2019 12:37:32 - INFO - Connect to DB
Tue, 24 Dec 2019 12:37:32 - INFO - TRIZMA DB import
Tue, 24 Dec 2019 12:37:32 - INFO - 123TV DB import
Tue, 24 Dec 2019 13:13:13 - INFO - Connect to DB
Tue, 24 Dec 2019 13:13:13 - INFO - TRIZMA DB import
Tue, 24 Dec 2019 13:13:13 - INFO - 123TV DB import
Wed, 25 Dec 2019 07:09:01 - INFO - Connect to DB
Wed, 25 Dec 2019 07:09:01 - ERROR - Exception on /records [GET]
Traceback (most recent call last):
  File "/usr/local/lib/python3.6/dist-packages/sqlalchemy/engine/base.py", line 1246, in _execute_context
    cursor, statement, parameters, context
  File "/usr/local/lib/python3.6/dist-packages/sqlalchemy/engine/default.py", line 581, in do_execute
    cursor.execute(statement, parameters)
pyodbc.OperationalError: ('08S01', '[08S01] [Microsoft][ODBC Driver 17 for SQL Server]TCP Provider: Error code 0x68 (104) (SQLExecDirectW)')

The above exception was the direct cause of the following exception:

Traceback (most recent call last):
  File "/home/python_project/hello.py", line 81, in get
    1)).fetchone()[0]
  File "/usr/local/lib/python3.6/dist-packages/sqlalchemy/engine/base.py", line 976, in execute
    return self._execute_text(object_, multiparams, params)
  File "/usr/local/lib/python3.6/dist-packages/sqlalchemy/engine/base.py", line 1149, in _execute_text
    parameters,
  File "/usr/local/lib/python3.6/dist-packages/sqlalchemy/engine/base.py", line 1250, in _execute_context
    e, statement, parameters, cursor, context
  File "/usr/local/lib/python3.6/dist-packages/sqlalchemy/engine/base.py", line 1476, in _handle_dbapi_exception
    util.raise_from_cause(sqlalchemy_exception, exc_info)
  File "/usr/local/lib/python3.6/dist-packages/sqlalchemy/util/compat.py", line 398, in raise_from_cause
    reraise(type(exception), exception, tb=exc_tb, cause=cause)
  File "/usr/local/lib/python3.6/dist-packages/sqlalchemy/util/compat.py", line 152, in reraise
    raise value.with_traceback(tb)
  File "/usr/local/lib/python3.6/dist-packages/sqlalchemy/engine/base.py", line 1246, in _execute_context
    cursor, statement, parameters, context
  File "/usr/local/lib/python3.6/dist-packages/sqlalchemy/engine/default.py", line 581, in do_execute
    cursor.execute(statement, parameters)
sqlalchemy.exc.OperationalError: (pyodbc.OperationalError) ('08S01', '[08S01] [Microsoft][ODBC Driver 17 for SQL Server]TCP Provider: Error code 0x68 (104) (SQLExecDirectW)')
[SQL: select qmUser from dimAgents where cmsID = 3155 and active = 1]
(Background on this error at: http://sqlalche.me/e/e3q8)

During handling of the above exception, another exception occurred:

Traceback (most recent call last):
  File "/usr/local/lib/python3.6/dist-packages/flask/app.py", line 1949, in full_dispatch_request
    rv = self.dispatch_request()
  File "/usr/local/lib/python3.6/dist-packages/flask/app.py", line 1935, in dispatch_request
    return self.view_functions[rule.endpoint](**req.view_args)
  File "/usr/local/lib/python3.6/dist-packages/flask_restful/__init__.py", line 458, in wrapper
    resp = resource(*args, **kwargs)
  File "/usr/local/lib/python3.6/dist-packages/flask/views.py", line 89, in view
    return self.dispatch_request(*args, **kwargs)
  File "/usr/local/lib/python3.6/dist-packages/flask_restful/__init__.py", line 573, in dispatch_request
    resp = meth(*args, **kwargs)
  File "/home/python_project/hello.py", line 90, in get
    + str(e))
UnboundLocalError: local variable 'agentUsername' referenced before assignment
Wed, 25 Dec 2019 07:45:31 - INFO - Connect to DB
Wed, 25 Dec 2019 07:45:31 - INFO - TRIZMA DB import
Wed, 25 Dec 2019 07:45:31 - INFO - Failed on TRIZMA DB import at: 2019-12-24_12-07-07, for following calling party: 496821749453, for agent id: trz_madamovic, with error:(pyodbc.DataError) ('22001', '[22001] [Microsoft][ODBC Driver 17 for SQL Server][SQL Server]String or binary data would be truncated. (8152) (SQLExecDirectW)')
[SQL: insert into records values('CC2Servicenummer','Belgrad','Nicht übermittelt','trz_madamovic',                                  '496821749453','','Nicht übermittelt','496821749453_Wednesday, December 25, 2019_8:45:28 AM')]
(Background on this error at: http://sqlalche.me/e/9h9h)
Wed, 25 Dec 2019 07:45:31 - INFO - 123TV DB import
Wed, 25 Dec 2019 10:35:56 - INFO - Connect to DB
Wed, 25 Dec 2019 10:35:56 - INFO - TRIZMA DB import
Wed, 25 Dec 2019 10:35:57 - INFO - 123TV DB import
Wed, 25 Dec 2019 10:36:26 - INFO - Connect to DB
Wed, 25 Dec 2019 10:36:27 - INFO - TRIZMA DB import
Wed, 25 Dec 2019 10:36:27 - INFO - Failed on TRIZMA DB import at: 2019-12-24_12-07-07, for following calling party: 493423606094, for agent id: trz_sstankovic, with error:(pyodbc.DataError) ('22001', '[22001] [Microsoft][ODBC Driver 17 for SQL Server][SQL Server]String or binary data would be truncated. (8152) (SQLExecDirectW)')
[SQL: insert into records values('CC2Servicenummer','Belgrad','Nicht übermittelt','trz_sstankovic',                                  '493423606094','','Nicht übermittelt','493423606094_Thursday, November 28, 2019_5:51:40 PM')]
(Background on this error at: http://sqlalche.me/e/9h9h)
Wed, 25 Dec 2019 10:36:27 - INFO - 123TV DB import
Wed, 25 Dec 2019 11:17:59 - INFO - Connect to DB
Wed, 25 Dec 2019 11:17:59 - INFO - TRIZMA DB import
Wed, 25 Dec 2019 11:17:59 - INFO - Failed on TRIZMA DB import at: 2019-12-24_12-07-07, for following calling party: 49220582674, for agent id: trz_sstankovic, with error:(pyodbc.DataError) ('22001', '[22001] [Microsoft][ODBC Driver 17 for SQL Server][SQL Server]String or binary data would be truncated. (8152) (SQLExecDirectW)')
[SQL: insert into records values('CC2Servicenummer','Belgrad','Nicht übermittelt','trz_sstankovic',                                  '49220582674','','Nicht übermittelt','49220582674_Thursday, December 19, 2019_11:04:59 AM')]
(Background on this error at: http://sqlalche.me/e/9h9h)
Wed, 25 Dec 2019 11:17:59 - INFO - 123TV DB import
Wed, 25 Dec 2019 11:23:05 - INFO - Connect to DB
Wed, 25 Dec 2019 11:23:05 - INFO - TRIZMA DB import
Wed, 25 Dec 2019 11:23:05 - INFO - Failed on TRIZMA DB import at: 2019-12-24_12-07-07, for following calling party: 496221314097, for agent id: trz_sstankovic, with error:(pyodbc.DataError) ('22001', '[22001] [Microsoft][ODBC Driver 17 for SQL Server][SQL Server]String or binary data would be truncated. (8152) (SQLExecDirectW)')
[SQL: insert into records values('CC2Servicenummer','Belgrad','Nicht übermittelt','trz_sstankovic',                                  '496221314097','','Nicht übermittelt','496221314097_Thursday, December 19, 2019_11:13:03 AM')]
(Background on this error at: http://sqlalche.me/e/9h9h)
Wed, 25 Dec 2019 11:23:05 - INFO - 123TV DB import
Wed, 25 Dec 2019 11:38:52 - INFO - Connect to DB
Wed, 25 Dec 2019 11:38:52 - INFO - TRIZMA DB import
Wed, 25 Dec 2019 11:38:52 - INFO - Failed on TRIZMA DB import at: 2019-12-24_12-07-07, for following calling party: 4960622666690, for agent id: trz_sstankovic, with error:(pyodbc.DataError) ('22001', '[22001] [Microsoft][ODBC Driver 17 for SQL Server][SQL Server]String or binary data would be truncated. (8152) (SQLExecDirectW)')
[SQL: insert into records values('CC2Servicenummer','Belgrad','Nicht übermittelt','trz_sstankovic',                                  '4960622666690','','Nicht übermittelt','4960622666690_Thursday, December 19, 2019_12:09:26 PM')]
(Background on this error at: http://sqlalche.me/e/9h9h)
Wed, 25 Dec 2019 11:38:52 - INFO - 123TV DB import
Wed, 25 Dec 2019 11:39:32 - INFO - Connect to DB
Wed, 25 Dec 2019 11:39:33 - INFO - TRIZMA DB import
Wed, 25 Dec 2019 11:39:33 - INFO - Failed on TRIZMA DB import at: 2019-12-24_12-07-07, for following calling party: 4964197191699, for agent id: trz_sstankovic, with error:(pyodbc.DataError) ('22001', '[22001] [Microsoft][ODBC Driver 17 for SQL Server][SQL Server]String or binary data would be truncated. (8152) (SQLExecDirectW)')
[SQL: insert into records values('CC2Servicenummer','Belgrad','Nicht übermittelt','trz_sstankovic',                                  '4964197191699','','Nicht übermittelt','4964197191699_Thursday, December 19, 2019_12:43:29 PM')]
(Background on this error at: http://sqlalche.me/e/9h9h)
Wed, 25 Dec 2019 11:39:33 - INFO - 123TV DB import
Wed, 25 Dec 2019 11:39:58 - INFO - Connect to DB
Wed, 25 Dec 2019 11:39:58 - INFO - TRIZMA DB import
Wed, 25 Dec 2019 11:39:58 - INFO - Failed on TRIZMA DB import at: 2019-12-24_12-07-07, for following calling party: 491731963320, for agent id: trz_sstankovic, with error:(pyodbc.DataError) ('22001', '[22001] [Microsoft][ODBC Driver 17 for SQL Server][SQL Server]String or binary data would be truncated. (8152) (SQLExecDirectW)')
[SQL: insert into records values('CC2Servicenummer','Belgrad','Nicht übermittelt','trz_sstankovic',                                  '491731963320','','Nicht übermittelt','491731963320_Thursday, December 19, 2019_1:52:35 PM')]
(Background on this error at: http://sqlalche.me/e/9h9h)
Wed, 25 Dec 2019 11:39:58 - INFO - 123TV DB import
