Mon, 30 Dec 2019 08:09:09 - INFO - Connect to DB
Mon, 30 Dec 2019 08:09:09 - INFO - TRIZMA DB import
Mon, 30 Dec 2019 08:09:09 - INFO - 123TV DB import
Mon, 30 Dec 2019 08:09:53 - INFO - Connect to DB
Mon, 30 Dec 2019 08:09:53 - INFO - TRIZMA DB import
Mon, 30 Dec 2019 08:09:53 - INFO - 123TV DB import
Mon, 30 Dec 2019 08:14:24 - INFO - Connect to DB
Mon, 30 Dec 2019 08:14:24 - INFO - TRIZMA DB import
Mon, 30 Dec 2019 08:14:24 - INFO - 123TV DB import
Mon, 30 Dec 2019 08:19:14 - INFO - Connect to DB
Mon, 30 Dec 2019 08:19:14 - INFO - TRIZMA DB import
Mon, 30 Dec 2019 08:19:14 - INFO - Failed on TRIZMA DB import at: 2019-12-30_08-09-04, for following calling party: 493062200626, for agent id: trz_sstankovic, with error:(pyodbc.DataError) ('22001', '[22001] [Microsoft][ODBC Driver 17 for SQL Server][SQL Server]String or binary data would be truncated. (8152) (SQLExecDirectW)')
[SQL: insert into records values('CC2Servicenummer','Belgrad','Nicht übermittelt','trz_sstankovic',                                  '493062200626','','Nicht übermittelt','493062200626_Thursday, December 19, 2019_12:33:52 PM')]
(Background on this error at: http://sqlalche.me/e/9h9h)
Mon, 30 Dec 2019 08:19:14 - INFO - 123TV DB import
Mon, 30 Dec 2019 08:19:39 - INFO - Connect to DB
Mon, 30 Dec 2019 08:19:40 - INFO - TRIZMA DB import
Mon, 30 Dec 2019 08:19:40 - INFO - Failed on TRIZMA DB import at: 2019-12-30_08-09-04, for following calling party: 4934523908058, for agent id: trz_sstankovic, with error:(pyodbc.DataError) ('22001', '[22001] [Microsoft][ODBC Driver 17 for SQL Server][SQL Server]String or binary data would be truncated. (8152) (SQLExecDirectW)')
[SQL: insert into records values('CC2Servicenummer','Belgrad','Nicht übermittelt','trz_sstankovic',                                  '4934523908058','','Nicht übermittelt','4934523908058_Thursday, December 19, 2019_1:07:58 PM')]
(Background on this error at: http://sqlalche.me/e/9h9h)
Mon, 30 Dec 2019 08:19:40 - INFO - 123TV DB import
Mon, 30 Dec 2019 08:20:46 - INFO - Connect to DB
Mon, 30 Dec 2019 08:20:46 - INFO - TRIZMA DB import
Mon, 30 Dec 2019 08:20:46 - INFO - 123TV DB import
Mon, 30 Dec 2019 08:21:45 - INFO - Connect to DB
Mon, 30 Dec 2019 08:21:45 - INFO - TRIZMA DB import
Mon, 30 Dec 2019 08:21:45 - INFO - 123TV DB import
Mon, 30 Dec 2019 08:23:00 - INFO - Connect to DB
Mon, 30 Dec 2019 08:23:00 - INFO - TRIZMA DB import
Mon, 30 Dec 2019 08:23:00 - INFO - 123TV DB import
Mon, 30 Dec 2019 08:29:18 - INFO - Connect to DB
Mon, 30 Dec 2019 08:29:19 - INFO - TRIZMA DB import
Mon, 30 Dec 2019 08:29:19 - INFO - 123TV DB import
Mon, 30 Dec 2019 08:39:39 - INFO - Connect to DB
Mon, 30 Dec 2019 08:39:39 - INFO - TRIZMA DB import
Mon, 30 Dec 2019 08:39:39 - INFO - 123TV DB import
Mon, 30 Dec 2019 08:45:03 - INFO - Connect to DB
Mon, 30 Dec 2019 08:45:03 - INFO - TRIZMA DB import
Mon, 30 Dec 2019 08:45:03 - INFO - 123TV DB import
Mon, 30 Dec 2019 08:52:38 - INFO - Connect to DB
Mon, 30 Dec 2019 08:52:38 - INFO - TRIZMA DB import
Mon, 30 Dec 2019 08:52:38 - INFO - Failed on TRIZMA DB import at: 2019-12-30_08-09-04, for following calling party: 493354333108, for agent id: trz_sstankovic, with error:(pyodbc.DataError) ('22001', '[22001] [Microsoft][ODBC Driver 17 for SQL Server][SQL Server]String or binary data would be truncated. (8152) (SQLExecDirectW)')
[SQL: insert into records values('CC2Servicenummer','Belgrad','Nicht übermittelt','trz_sstankovic',                                  '493354333108','','Nicht übermittelt','493354333108_Thursday, December 19, 2019_3:45:59 PM')]
(Background on this error at: http://sqlalche.me/e/9h9h)
Mon, 30 Dec 2019 08:52:38 - INFO - 123TV DB import
Mon, 30 Dec 2019 08:54:30 - INFO - Connect to DB
Mon, 30 Dec 2019 08:54:30 - INFO - TRIZMA DB import
Mon, 30 Dec 2019 08:54:30 - INFO - Failed on TRIZMA DB import at: 2019-12-30_08-09-04, for following calling party: 494065724666, for agent id: trz_sstankovic, with error:(pyodbc.DataError) ('22001', '[22001] [Microsoft][ODBC Driver 17 for SQL Server][SQL Server]String or binary data would be truncated. (8152) (SQLExecDirectW)')
[SQL: insert into records values('CC2Servicenummer','Belgrad','Nicht übermittelt','trz_sstankovic',                                  '494065724666','','Nicht übermittelt','494065724666_Thursday, December 19, 2019_4:58:41 PM')]
(Background on this error at: http://sqlalche.me/e/9h9h)
Mon, 30 Dec 2019 08:54:30 - INFO - 123TV DB import
Mon, 30 Dec 2019 08:54:55 - INFO - Connect to DB
Mon, 30 Dec 2019 08:54:55 - INFO - TRIZMA DB import
Mon, 30 Dec 2019 08:54:55 - INFO - Failed on TRIZMA DB import at: 2019-12-30_08-09-04, for following calling party: 494213808110, for agent id: trz_sstankovic, with error:(pyodbc.DataError) ('22001', '[22001] [Microsoft][ODBC Driver 17 for SQL Server][SQL Server]String or binary data would be truncated. (8152) (SQLExecDirectW)')
[SQL: insert into records values('CC2Servicenummer','Belgrad','Nicht übermittelt','trz_sstankovic',                                  '494213808110','','Nicht übermittelt','494213808110_Thursday, December 19, 2019_5:20:19 PM')]
(Background on this error at: http://sqlalche.me/e/9h9h)
Mon, 30 Dec 2019 08:54:55 - INFO - 123TV DB import
Mon, 30 Dec 2019 08:55:36 - INFO - Connect to DB
Mon, 30 Dec 2019 08:55:36 - INFO - TRIZMA DB import
Mon, 30 Dec 2019 08:55:36 - INFO - Failed on TRIZMA DB import at: 2019-12-30_08-09-04, for following calling party: 491733120661, for agent id: trz_sstankovic, with error:(pyodbc.DataError) ('22001', '[22001] [Microsoft][ODBC Driver 17 for SQL Server][SQL Server]String or binary data would be truncated. (8152) (SQLExecDirectW)')
[SQL: insert into records values('CC2Servicenummer','Belgrad','Nicht übermittelt','trz_sstankovic',                                  '491733120661','','Nicht übermittelt','491733120661_Thursday, December 19, 2019_5:51:49 PM')]
(Background on this error at: http://sqlalche.me/e/9h9h)
Mon, 30 Dec 2019 08:55:36 - INFO - 123TV DB import
Mon, 30 Dec 2019 08:55:46 - INFO - Connect to DB
Mon, 30 Dec 2019 08:55:46 - INFO - TRIZMA DB import
Mon, 30 Dec 2019 08:55:46 - INFO - Failed on TRIZMA DB import at: 2019-12-30_08-09-04, for following calling party: 491739853043, for agent id: trz_sstankovic, with error:(pyodbc.DataError) ('22001', '[22001] [Microsoft][ODBC Driver 17 for SQL Server][SQL Server]String or binary data would be truncated. (8152) (SQLExecDirectW)')
[SQL: insert into records values('CC2Servicenummer','Belgrad','Nicht übermittelt','trz_sstankovic',                                  '491739853043','','Nicht übermittelt','491739853043_Thursday, December 19, 2019_6:12:14 PM')]
(Background on this error at: http://sqlalche.me/e/9h9h)
Mon, 30 Dec 2019 08:55:46 - INFO - 123TV DB import
Mon, 30 Dec 2019 08:58:17 - INFO - Connect to DB
Mon, 30 Dec 2019 08:58:17 - INFO - TRIZMA DB import
Mon, 30 Dec 2019 08:58:17 - INFO - 123TV DB import
Mon, 30 Dec 2019 09:00:11 - INFO - Connect to DB
Mon, 30 Dec 2019 09:00:11 - INFO - TRIZMA DB import
Mon, 30 Dec 2019 09:00:12 - INFO - 123TV DB import
