Sun, 29 Dec 2019 10:57:12 - INFO - Connect to DB
Sun, 29 Dec 2019 10:57:12 - INFO - TRIZMA DB import
Sun, 29 Dec 2019 10:57:12 - INFO - 123TV DB import
Sun, 29 Dec 2019 11:12:14 - INFO - Connect to DB
Sun, 29 Dec 2019 11:12:14 - INFO - TRIZMA DB import
Sun, 29 Dec 2019 11:12:14 - INFO - 123TV DB import
Sun, 29 Dec 2019 11:12:53 - INFO - Connect to DB
Sun, 29 Dec 2019 11:12:53 - INFO - TRIZMA DB import
Sun, 29 Dec 2019 11:12:53 - INFO - Failed on TRIZMA DB import at: 2019-12-29_10-28-06, for following calling party: 491719066345, for agent id: trz_mglisic, with error:(pyodbc.DataError) ('22001', '[22001] [Microsoft][ODBC Driver 17 for SQL Server][SQL Server]String or binary data would be truncated. (8152) (SQLExecDirectW)')
[SQL: insert into records values('CC2Servicenummer','Belgrad','Nicht übermittelt','trz_mglisic',                                  '491719066345','','Nicht übermittelt','491719066345_Saturday, December 28, 2019_2:33:08 PM')]
(Background on this error at: http://sqlalche.me/e/9h9h)
Sun, 29 Dec 2019 11:12:53 - INFO - 123TV DB import
Sun, 29 Dec 2019 11:17:01 - INFO - Connect to DB
Sun, 29 Dec 2019 11:17:01 - INFO - TRIZMA DB import
Sun, 29 Dec 2019 11:17:01 - INFO - Failed on TRIZMA DB import at: 2019-12-29_10-28-06, for following calling party: 4915123850727, for agent id: trz_madamovic, with error:(pyodbc.DataError) ('22001', '[22001] [Microsoft][ODBC Driver 17 for SQL Server][SQL Server]String or binary data would be truncated. (8152) (SQLExecDirectW)')
[SQL: insert into records values('CC2Servicenummer','Belgrad','Nicht übermittelt','trz_madamovic',                                  '4915123850727','','Nicht übermittelt','4915123850727_Thursday, December 26, 2019_8:03:15 AM')]
(Background on this error at: http://sqlalche.me/e/9h9h)
Sun, 29 Dec 2019 11:17:01 - INFO - 123TV DB import
Sun, 29 Dec 2019 11:18:34 - INFO - Connect to DB
Sun, 29 Dec 2019 11:18:34 - INFO - TRIZMA DB import
Sun, 29 Dec 2019 11:18:34 - INFO - Failed on TRIZMA DB import at: 2019-12-29_10-28-06, for following calling party: 4917670664846, for agent id: trz_mglisic, with error:(pyodbc.DataError) ('22001', '[22001] [Microsoft][ODBC Driver 17 for SQL Server][SQL Server]String or binary data would be truncated. (8152) (SQLExecDirectW)')
[SQL: insert into records values('CC2Servicenummer','Belgrad','Nicht übermittelt','trz_mglisic',                                  '4917670664846','','Nicht übermittelt','4917670664846_Saturday, December 28, 2019_3:38:49 PM')]
(Background on this error at: http://sqlalche.me/e/9h9h)
Sun, 29 Dec 2019 11:18:34 - INFO - 123TV DB import
Sun, 29 Dec 2019 11:19:30 - INFO - Connect to DB
Sun, 29 Dec 2019 11:19:30 - INFO - TRIZMA DB import
Sun, 29 Dec 2019 11:19:30 - INFO - Failed on TRIZMA DB import at: 2019-12-29_10-28-06, for following calling party: 4921473487958, for agent id: trz_mglisic, with error:(pyodbc.DataError) ('22001', '[22001] [Microsoft][ODBC Driver 17 for SQL Server][SQL Server]String or binary data would be truncated. (8152) (SQLExecDirectW)')
[SQL: insert into records values('CC2Servicenummer','Belgrad','Nicht übermittelt','trz_mglisic',                                  '4921473487958','','Nicht übermittelt','4921473487958_Saturday, December 28, 2019_5:19:18 PM')]
(Background on this error at: http://sqlalche.me/e/9h9h)
Sun, 29 Dec 2019 11:19:30 - INFO - 123TV DB import
Sun, 29 Dec 2019 11:22:19 - INFO - Connect to DB
Sun, 29 Dec 2019 11:22:19 - INFO - TRIZMA DB import
Sun, 29 Dec 2019 11:22:19 - INFO - Failed on TRIZMA DB import at: 2019-12-29_10-28-06, for following calling party: 492431805934, for agent id: trz_madamovic, with error:(pyodbc.DataError) ('22001', '[22001] [Microsoft][ODBC Driver 17 for SQL Server][SQL Server]String or binary data would be truncated. (8152) (SQLExecDirectW)')
[SQL: insert into records values('CC2Servicenummer','Belgrad','Nicht übermittelt','trz_madamovic',                                  '492431805934','','Nicht übermittelt','492431805934_Thursday, December 26, 2019_12:37:05 PM')]
(Background on this error at: http://sqlalche.me/e/9h9h)
Sun, 29 Dec 2019 11:22:19 - INFO - 123TV DB import
Sun, 29 Dec 2019 11:28:49 - INFO - Connect to DB
Sun, 29 Dec 2019 11:28:49 - INFO - TRIZMA DB import
Sun, 29 Dec 2019 11:28:49 - INFO - 123TV DB import
Sun, 29 Dec 2019 11:30:16 - INFO - Connect to DB
Sun, 29 Dec 2019 11:30:16 - INFO - TRIZMA DB import
Sun, 29 Dec 2019 11:30:16 - INFO - Failed on TRIZMA DB import at: 2019-12-29_10-28-06, for following calling party: 4915222708785, for agent id: trz_bmaksimovic, with error:(pyodbc.DataError) ('22001', '[22001] [Microsoft][ODBC Driver 17 for SQL Server][SQL Server]String or binary data would be truncated. (8152) (SQLExecDirectW)')
[SQL: insert into records values('CC2Servicenummer','Belgrad','Nicht übermittelt','trz_bmaksimovic',                                  '4915222708785','','Nicht übermittelt','4915222708785_Saturday, December 28, 2019_1:12:40 PM')]
(Background on this error at: http://sqlalche.me/e/9h9h)
Sun, 29 Dec 2019 11:30:16 - INFO - 123TV DB import
Sun, 29 Dec 2019 11:30:22 - INFO - Connect to DB
Sun, 29 Dec 2019 11:30:22 - INFO - TRIZMA DB import
Sun, 29 Dec 2019 11:30:22 - INFO - Failed on TRIZMA DB import at: 2019-12-29_10-28-06, for following calling party: 493662621267, for agent id: trz_bmaksimovic, with error:(pyodbc.DataError) ('22001', '[22001] [Microsoft][ODBC Driver 17 for SQL Server][SQL Server]String or binary data would be truncated. (8152) (SQLExecDirectW)')
[SQL: insert into records values('CC2Servicenummer','Belgrad','Nicht übermittelt','trz_bmaksimovic',                                  '493662621267','','Nicht übermittelt','493662621267_Saturday, December 28, 2019_1:30:26 PM')]
(Background on this error at: http://sqlalche.me/e/9h9h)
Sun, 29 Dec 2019 11:30:22 - INFO - 123TV DB import
Sun, 29 Dec 2019 11:31:54 - INFO - Connect to DB
Sun, 29 Dec 2019 11:31:54 - INFO - TRIZMA DB import
Sun, 29 Dec 2019 11:31:54 - INFO - Failed on TRIZMA DB import at: 2019-12-29_10-28-06, for following calling party: 493643504028, for agent id: trz_bmaksimovic, with error:(pyodbc.DataError) ('22001', '[22001] [Microsoft][ODBC Driver 17 for SQL Server][SQL Server]String or binary data would be truncated. (8152) (SQLExecDirectW)')
[SQL: insert into records values('CC2Servicenummer','Belgrad','Nicht übermittelt','trz_bmaksimovic',                                  '493643504028','','Nicht übermittelt','493643504028_Saturday, December 28, 2019_4:12:12 PM')]
(Background on this error at: http://sqlalche.me/e/9h9h)
Sun, 29 Dec 2019 11:31:54 - INFO - 123TV DB import
Sun, 29 Dec 2019 11:32:35 - INFO - Connect to DB
Sun, 29 Dec 2019 11:32:35 - INFO - TRIZMA DB import
Sun, 29 Dec 2019 11:32:35 - INFO - 123TV DB import
Sun, 29 Dec 2019 11:32:50 - INFO - Connect to DB
Sun, 29 Dec 2019 11:32:50 - INFO - TRIZMA DB import
Sun, 29 Dec 2019 11:32:50 - INFO - Failed on TRIZMA DB import at: 2019-12-29_10-28-06, for following calling party: 493829414193, for agent id: trz_bmaksimovic, with error:(pyodbc.DataError) ('22001', '[22001] [Microsoft][ODBC Driver 17 for SQL Server][SQL Server]String or binary data would be truncated. (8152) (SQLExecDirectW)')
[SQL: insert into records values('CC2Servicenummer','Belgrad','Nicht übermittelt','trz_bmaksimovic',                                  '493829414193','','Nicht übermittelt','493829414193_Saturday, December 28, 2019_4:34:52 PM')]
(Background on this error at: http://sqlalche.me/e/9h9h)
Sun, 29 Dec 2019 11:32:50 - INFO - 123TV DB import
Sun, 29 Dec 2019 11:33:05 - INFO - Connect to DB
Sun, 29 Dec 2019 11:33:05 - INFO - TRIZMA DB import
Sun, 29 Dec 2019 11:33:05 - INFO - Failed on TRIZMA DB import at: 2019-12-29_10-28-06, for following calling party: 4933915990965, for agent id: trz_bmaksimovic, with error:(pyodbc.DataError) ('22001', '[22001] [Microsoft][ODBC Driver 17 for SQL Server][SQL Server]String or binary data would be truncated. (8152) (SQLExecDirectW)')
[SQL: insert into records values('CC2Servicenummer','Belgrad','Nicht übermittelt','trz_bmaksimovic',                                  '4933915990965','','Nicht übermittelt','4933915990965_Saturday, December 28, 2019_4:35:30 PM')]
(Background on this error at: http://sqlalche.me/e/9h9h)
Sun, 29 Dec 2019 11:33:05 - INFO - 123TV DB import
Sun, 29 Dec 2019 11:39:57 - INFO - Connect to DB
Sun, 29 Dec 2019 11:39:57 - INFO - TRIZMA DB import
Sun, 29 Dec 2019 11:39:57 - INFO - Failed on TRIZMA DB import at: 2019-12-29_10-28-06, for following calling party: 492346406500, for agent id: trz_bmaksimovic, with error:(pyodbc.DataError) ('22001', '[22001] [Microsoft][ODBC Driver 17 for SQL Server][SQL Server]String or binary data would be truncated. (8152) (SQLExecDirectW)')
[SQL: insert into records values('CC2Servicenummer','Belgrad','Nicht übermittelt','trz_bmaksimovic',                                  '492346406500','','Nicht übermittelt','492346406500_Saturday, December 28, 2019_5:37:41 PM')]
(Background on this error at: http://sqlalche.me/e/9h9h)
Sun, 29 Dec 2019 11:39:57 - INFO - 123TV DB import
Sun, 29 Dec 2019 11:51:57 - INFO - Connect to DB
Sun, 29 Dec 2019 11:51:57 - INFO - TRIZMA DB import
Sun, 29 Dec 2019 11:51:57 - INFO - 123TV DB import
