Fri, 20 Dec 2019 13:42:53 - INFO - Connect to DB
Fri, 20 Dec 2019 13:42:54 - INFO - TRIZMA DB import
Fri, 20 Dec 2019 13:42:54 - INFO - Failed on TRIZMA DB import at: 2019-12-20_13-42-11, for following calling party: 493423606094, for agent id: trz_sstankovic, with error:(pyodbc.DataError) ('22001', '[22001] [Microsoft][ODBC Driver 17 for SQL Server][SQL Server]String or binary data would be truncated. (8152) (SQLExecDirectW)')
[SQL: insert into records values('CC2Servicenummer','Belgrad','Nicht übermittelt','trz_sstankovic',                                  '493423606094','','Nicht übermittelt','493423606094_Thursday, November 28, 2019_5:43:21 PM')]
(Background on this error at: http://sqlalche.me/e/9h9h)
Fri, 20 Dec 2019 13:42:54 - INFO - 123TV DB import
Fri, 20 Dec 2019 13:45:35 - INFO - Connect to DB
Fri, 20 Dec 2019 13:45:36 - INFO - TRIZMA DB import
Fri, 20 Dec 2019 13:45:36 - INFO - Failed on TRIZMA DB import at: 2019-12-20_13-42-11, for following calling party: 493496552437, for agent id: trz_sstankovic, with error:(pyodbc.DataError) ('22001', '[22001] [Microsoft][ODBC Driver 17 for SQL Server][SQL Server]String or binary data would be truncated. (8152) (SQLExecDirectW)')
[SQL: insert into records values('CC2Servicenummer','Belgrad','Nicht übermittelt','trz_sstankovic',                                  '493496552437','','Nicht übermittelt','493496552437_Wednesday, December 11, 2019_6:50:57 PM')]
(Background on this error at: http://sqlalche.me/e/9h9h)
Fri, 20 Dec 2019 13:45:36 - INFO - 123TV DB import
Fri, 20 Dec 2019 13:46:02 - INFO - Connect to DB
Fri, 20 Dec 2019 13:46:02 - INFO - TRIZMA DB import
Fri, 20 Dec 2019 13:46:02 - INFO - Failed on TRIZMA DB import at: 2019-12-20_13-42-11, for following calling party: 496131685045, for agent id: trz_sstankovic, with error:(pyodbc.DataError) ('22001', '[22001] [Microsoft][ODBC Driver 17 for SQL Server][SQL Server]String or binary data would be truncated. (8152) (SQLExecDirectW)')
[SQL: insert into records values('CC2Servicenummer','Belgrad','Nicht übermittelt','trz_sstankovic',                                  '496131685045','','Nicht übermittelt','496131685045_Wednesday, December 11, 2019_6:53:36 PM')]
(Background on this error at: http://sqlalche.me/e/9h9h)
Fri, 20 Dec 2019 13:46:02 - INFO - 123TV DB import
Fri, 20 Dec 2019 13:48:13 - INFO - Connect to DB
Fri, 20 Dec 2019 13:48:13 - INFO - TRIZMA DB import
Fri, 20 Dec 2019 13:48:13 - INFO - Failed on TRIZMA DB import at: 2019-12-20_13-42-11, for following calling party: 4917641228885, for agent id: trz_sstankovic, with error:(pyodbc.DataError) ('22001', '[22001] [Microsoft][ODBC Driver 17 for SQL Server][SQL Server]String or binary data would be truncated. (8152) (SQLExecDirectW)')
[SQL: insert into records values('CC2Servicenummer','Belgrad','Nicht übermittelt','trz_sstankovic',                                  '4917641228885','','Nicht übermittelt','4917641228885_Wednesday, December 11, 2019_7:17:06 PM')]
(Background on this error at: http://sqlalche.me/e/9h9h)
Fri, 20 Dec 2019 13:48:13 - INFO - 123TV DB import
Fri, 20 Dec 2019 13:48:20 - INFO - Connect to DB
Fri, 20 Dec 2019 13:48:20 - INFO - TRIZMA DB import
Fri, 20 Dec 2019 13:48:21 - INFO - 123TV DB import
Fri, 20 Dec 2019 13:48:48 - INFO - Connect to DB
Fri, 20 Dec 2019 13:48:48 - INFO - TRIZMA DB import
Fri, 20 Dec 2019 13:48:48 - INFO - 123TV DB import
Fri, 20 Dec 2019 13:49:37 - INFO - Connect to DB
Fri, 20 Dec 2019 13:49:37 - INFO - TRIZMA DB import
Fri, 20 Dec 2019 13:49:37 - INFO - Failed on TRIZMA DB import at: 2019-12-20_13-42-11, for following calling party: 4915112488545, for agent id: trz_sstankovic, with error:(pyodbc.DataError) ('22001', '[22001] [Microsoft][ODBC Driver 17 for SQL Server][SQL Server]String or binary data would be truncated. (8152) (SQLExecDirectW)')
[SQL: insert into records values('CC2Servicenummer','Belgrad','Nicht übermittelt','trz_sstankovic',                                  '4915112488545','','Nicht übermittelt','4915112488545_Thursday, December 19, 2019_10:59:50 AM')]
(Background on this error at: http://sqlalche.me/e/9h9h)
Fri, 20 Dec 2019 13:49:37 - INFO - 123TV DB import
Fri, 20 Dec 2019 13:55:34 - INFO - Connect to DB
Fri, 20 Dec 2019 13:55:34 - INFO - TRIZMA DB import
Fri, 20 Dec 2019 13:55:34 - INFO - 123TV DB import
