Wed, 08 Jan 2020 10:08:21 - INFO - Connect to DB
Wed, 08 Jan 2020 10:08:21 - INFO - TRIZMA DB import
Wed, 08 Jan 2020 10:08:21 - INFO - Failed on TRIZMA DB import at: 2020-01-08_10-06-51, for following calling party: 4963473449275, for agent id: trz_hjovic, with error:(pyodbc.DataError) ('22001', '[22001] [Microsoft][ODBC Driver 17 for SQL Server][SQL Server]String or binary data would be truncated. (8152) (SQLExecDirectW)')
[SQL: insert into records values('CC2Servicenummer','Belgrad','Nicht 端bermittelt','trz_hjovic',                                  '4963473449275','','Nicht 端bermittelt','4963473449275_Wednesday, January 8, 2020_11:08:21 AM')]
(Background on this error at: http://sqlalche.me/e/9h9h)
Wed, 08 Jan 2020 10:08:21 - INFO - 123TV DB import
Wed, 08 Jan 2020 10:08:26 - INFO - Failed on 123TV DB import at: 2020-01-08_10-06-51, for following calling party: 4963473449275, for agent id: 3063, with error:Invalid XML content received (Start tag expected, '<' not found, line 1, column 1)
Wed, 08 Jan 2020 10:10:27 - INFO - Connect to DB
Wed, 08 Jan 2020 10:10:27 - INFO - TRIZMA DB import
Wed, 08 Jan 2020 10:10:27 - INFO - Failed on TRIZMA DB import at: 2020-01-08_10-06-51, for following calling party: 4917634360478, for agent id: trz_sstankovic, with error:(pyodbc.DataError) ('22001', '[22001] [Microsoft][ODBC Driver 17 for SQL Server][SQL Server]String or binary data would be truncated. (8152) (SQLExecDirectW)')
[SQL: insert into records values('CC2Servicenummer','Belgrad','Nicht 端bermittelt','trz_sstankovic',                                  '4917634360478','','Nicht 端bermittelt','4917634360478_Wednesday, January 08, 2020_11:10:26 AM')]
(Background on this error at: http://sqlalche.me/e/9h9h)
Wed, 08 Jan 2020 10:10:27 - INFO - 123TV DB import
Wed, 08 Jan 2020 10:10:33 - INFO - Failed on 123TV DB import at: 2020-01-08_10-06-51, for following calling party: 4917634360478, for agent id: 3046, with error:Invalid XML content received (Start tag expected, '<' not found, line 1, column 1)
Wed, 08 Jan 2020 10:16:37 - INFO - Connect to DB
Wed, 08 Jan 2020 10:16:37 - INFO - TRIZMA DB import
Wed, 08 Jan 2020 10:16:37 - INFO - 123TV DB import
Wed, 08 Jan 2020 10:16:42 - INFO - Failed on 123TV DB import at: 2020-01-08_10-06-51, for following calling party: 4972451576, for agent id: 3098, with error:Invalid XML content received (Start tag expected, '<' not found, line 1, column 1)
Wed, 08 Jan 2020 10:17:02 - INFO - Connect to DB
Wed, 08 Jan 2020 10:17:02 - INFO - TRIZMA DB import
Wed, 08 Jan 2020 10:17:02 - INFO - 123TV DB import
Wed, 08 Jan 2020 10:17:07 - INFO - Failed on 123TV DB import at: 2020-01-08_10-06-51, for following calling party: 493925304087, for agent id: 3098, with error:Invalid XML content received (Start tag expected, '<' not found, line 1, column 1)
