Sat, 21 Dec 2019 11:16:59 - INFO - Connect to DB
Sat, 21 Dec 2019 11:17:00 - INFO - TRIZMA DB import
Sat, 21 Dec 2019 11:17:00 - INFO - Failed on TRIZMA DB import at: 2019-12-21_11-02-30, for following calling party: 493641350180, for agent id: trz_sstankovic, with error:(pyodbc.DataError) ('22001', '[22001] [Microsoft][ODBC Driver 17 for SQL Server][SQL Server]String or binary data would be truncated. (8152) (SQLExecDirectW)')
[SQL: insert into records values('CC2Servicenummer','Belgrad','Nicht übermittelt','trz_sstankovic',                                  '493641350180','','Nicht übermittelt','493641350180_Saturday, December 21, 2019_12:16:58 PM')]
(Background on this error at: http://sqlalche.me/e/9h9h)
Sat, 21 Dec 2019 11:17:00 - INFO - 123TV DB import
Sat, 21 Dec 2019 11:35:11 - INFO - Connect to DB
Sat, 21 Dec 2019 11:35:11 - INFO - TRIZMA DB import
Sat, 21 Dec 2019 11:35:11 - INFO - Failed on TRIZMA DB import at: 2019-12-21_11-02-30, for following calling party: 491789055089, for agent id: trz_sstankovic, with error:(pyodbc.DataError) ('22001', '[22001] [Microsoft][ODBC Driver 17 for SQL Server][SQL Server]String or binary data would be truncated. (8152) (SQLExecDirectW)')
[SQL: insert into records values('CC2Servicenummer','Belgrad','Nicht übermittelt','trz_sstankovic',                                  '491789055089','','Nicht übermittelt','491789055089_Wednesday, December 11, 2019_6:34:45 PM')]
(Background on this error at: http://sqlalche.me/e/9h9h)
Sat, 21 Dec 2019 11:35:11 - INFO - 123TV DB import
Sat, 21 Dec 2019 11:37:11 - INFO - Connect to DB
Sat, 21 Dec 2019 11:37:11 - INFO - TRIZMA DB import
Sat, 21 Dec 2019 11:37:11 - INFO - 123TV DB import
Sat, 21 Dec 2019 11:46:33 - INFO - Connect to DB
Sat, 21 Dec 2019 11:46:33 - INFO - TRIZMA DB import
Sat, 21 Dec 2019 11:46:33 - INFO - Failed on TRIZMA DB import at: 2019-12-21_11-02-30, for following calling party: 4915770778470, for agent id: trz_sstankovic, with error:(pyodbc.DataError) ('22001', '[22001] [Microsoft][ODBC Driver 17 for SQL Server][SQL Server]String or binary data would be truncated. (8152) (SQLExecDirectW)')
[SQL: insert into records values('CC2Servicenummer','Belgrad','Nicht übermittelt','trz_sstankovic',                                  '4915770778470','','Nicht übermittelt','4915770778470_Saturday, December 21, 2019_12:46:31 PM')]
(Background on this error at: http://sqlalche.me/e/9h9h)
Sat, 21 Dec 2019 11:46:33 - INFO - 123TV DB import
Sat, 21 Dec 2019 11:47:30 - INFO - Connect to DB
Sat, 21 Dec 2019 11:47:30 - INFO - TRIZMA DB import
Sat, 21 Dec 2019 11:47:30 - INFO - Failed on TRIZMA DB import at: 2019-12-21_11-02-30, for following calling party: 4915112488545, for agent id: trz_sstankovic, with error:(pyodbc.DataError) ('22001', '[22001] [Microsoft][ODBC Driver 17 for SQL Server][SQL Server]String or binary data would be truncated. (8152) (SQLExecDirectW)')
[SQL: insert into records values('CC2Servicenummer','Belgrad','Nicht übermittelt','trz_sstankovic',                                  '4915112488545','','Nicht übermittelt','4915112488545_Thursday, December 19, 2019_10:59:50 AM')]
(Background on this error at: http://sqlalche.me/e/9h9h)
Sat, 21 Dec 2019 11:47:30 - INFO - 123TV DB import
Sat, 21 Dec 2019 11:48:21 - INFO - Connect to DB
Sat, 21 Dec 2019 11:48:21 - INFO - TRIZMA DB import
Sat, 21 Dec 2019 11:48:21 - INFO - Failed on TRIZMA DB import at: 2019-12-21_11-02-30, for following calling party: 4982934259966, for agent id: trz_sstankovic, with error:(pyodbc.DataError) ('22001', '[22001] [Microsoft][ODBC Driver 17 for SQL Server][SQL Server]String or binary data would be truncated. (8152) (SQLExecDirectW)')
[SQL: insert into records values('CC2Servicenummer','Belgrad','Nicht übermittelt','trz_sstankovic',                                  '4982934259966','','Nicht übermittelt','4982934259966_Thursday, December 19, 2019_11:20:40 AM')]
(Background on this error at: http://sqlalche.me/e/9h9h)
Sat, 21 Dec 2019 11:48:21 - INFO - 123TV DB import
Sat, 21 Dec 2019 11:54:23 - INFO - Connect to DB
Sat, 21 Dec 2019 11:54:23 - INFO - TRIZMA DB import
Sat, 21 Dec 2019 11:54:23 - INFO - Failed on TRIZMA DB import at: 2019-12-21_11-02-30, for following calling party: 4935475549995, for agent id: trz_sstankovic, with error:(pyodbc.DataError) ('22001', '[22001] [Microsoft][ODBC Driver 17 for SQL Server][SQL Server]String or binary data would be truncated. (8152) (SQLExecDirectW)')
[SQL: insert into records values('CC2Servicenummer','Belgrad','Nicht übermittelt','trz_sstankovic',                                  '4935475549995','','Nicht übermittelt','4935475549995_Thursday, December 19, 2019_12:20:38 PM')]
(Background on this error at: http://sqlalche.me/e/9h9h)
Sat, 21 Dec 2019 11:54:23 - INFO - 123TV DB import
Sat, 21 Dec 2019 11:55:28 - INFO - Connect to DB
Sat, 21 Dec 2019 11:55:28 - INFO - TRIZMA DB import
Sat, 21 Dec 2019 11:55:28 - INFO - Failed on TRIZMA DB import at: 2019-12-21_11-02-30, for following calling party: 491731963320, for agent id: trz_sstankovic, with error:(pyodbc.DataError) ('22001', '[22001] [Microsoft][ODBC Driver 17 for SQL Server][SQL Server]String or binary data would be truncated. (8152) (SQLExecDirectW)')
[SQL: insert into records values('CC2Servicenummer','Belgrad','Nicht übermittelt','trz_sstankovic',                                  '491731963320','','Nicht übermittelt','491731963320_Thursday, December 19, 2019_1:52:35 PM')]
(Background on this error at: http://sqlalche.me/e/9h9h)
Sat, 21 Dec 2019 11:55:28 - INFO - 123TV DB import
Sat, 21 Dec 2019 11:56:19 - INFO - Connect to DB
Sat, 21 Dec 2019 11:56:19 - INFO - TRIZMA DB import
Sat, 21 Dec 2019 11:56:19 - INFO - 123TV DB import
Sat, 21 Dec 2019 11:57:14 - INFO - Connect to DB
Sat, 21 Dec 2019 11:57:14 - INFO - TRIZMA DB import
Sat, 21 Dec 2019 11:57:14 - INFO - Failed on TRIZMA DB import at: 2019-12-21_11-02-30, for following calling party: 493354333108, for agent id: trz_sstankovic, with error:(pyodbc.DataError) ('22001', '[22001] [Microsoft][ODBC Driver 17 for SQL Server][SQL Server]String or binary data would be truncated. (8152) (SQLExecDirectW)')
[SQL: insert into records values('CC2Servicenummer','Belgrad','Nicht übermittelt','trz_sstankovic',                                  '493354333108','','Nicht übermittelt','493354333108_Thursday, December 19, 2019_3:45:59 PM')]
(Background on this error at: http://sqlalche.me/e/9h9h)
Sat, 21 Dec 2019 11:57:14 - INFO - 123TV DB import
Sat, 21 Dec 2019 11:58:04 - INFO - Connect to DB
Sat, 21 Dec 2019 11:58:04 - INFO - TRIZMA DB import
Sat, 21 Dec 2019 11:58:04 - INFO - 123TV DB import
Sat, 21 Dec 2019 11:58:10 - INFO - Connect to DB
Sat, 21 Dec 2019 11:58:10 - INFO - TRIZMA DB import
Sat, 21 Dec 2019 11:58:10 - INFO - Failed on TRIZMA DB import at: 2019-12-21_11-02-30, for following calling party: 493028859214, for agent id: trz_sstankovic, with error:(pyodbc.DataError) ('22001', '[22001] [Microsoft][ODBC Driver 17 for SQL Server][SQL Server]String or binary data would be truncated. (8152) (SQLExecDirectW)')
[SQL: insert into records values('CC2Servicenummer','Belgrad','Nicht übermittelt','trz_sstankovic',                                  '493028859214','','Nicht übermittelt','493028859214_Thursday, December 19, 2019_4:43:56 PM')]
(Background on this error at: http://sqlalche.me/e/9h9h)
Sat, 21 Dec 2019 11:58:10 - INFO - 123TV DB import
Sat, 21 Dec 2019 12:03:31 - INFO - Connect to DB
Sat, 21 Dec 2019 12:03:31 - INFO - TRIZMA DB import
Sat, 21 Dec 2019 12:03:31 - INFO - Failed on TRIZMA DB import at: 2019-12-21_11-02-30, for following calling party: 4964417897798, for agent id: trz_sstankovic, with error:(pyodbc.DataError) ('22001', '[22001] [Microsoft][ODBC Driver 17 for SQL Server][SQL Server]String or binary data would be truncated. (8152) (SQLExecDirectW)')
[SQL: insert into records values('CC2Servicenummer','Belgrad','Nicht übermittelt','trz_sstankovic',                                  '4964417897798','','Nicht übermittelt','4964417897798_Thursday, December 19, 2019_5:10:23 PM')]
(Background on this error at: http://sqlalche.me/e/9h9h)
Sat, 21 Dec 2019 12:03:31 - INFO - 123TV DB import
Sat, 21 Dec 2019 12:08:14 - INFO - Connect to DB
Sat, 21 Dec 2019 12:08:14 - INFO - TRIZMA DB import
Sat, 21 Dec 2019 12:08:14 - INFO - Failed on TRIZMA DB import at: 2019-12-21_11-02-30, for following calling party: 4920917748730, for agent id: trz_tjurjevic, with error:(pyodbc.DataError) ('22001', '[22001] [Microsoft][ODBC Driver 17 for SQL Server][SQL Server]String or binary data would be truncated. (8152) (SQLExecDirectW)')
[SQL: insert into records values('CC2Servicenummer','Belgrad','Nicht übermittelt','trz_tjurjevic',                                  '4920917748730','','Nicht übermittelt','4920917748730_Saturday, December 21, 2019_1:08:12 PM')]
(Background on this error at: http://sqlalche.me/e/9h9h)
Sat, 21 Dec 2019 12:08:14 - INFO - 123TV DB import
Sat, 21 Dec 2019 12:09:15 - INFO - Connect to DB
Sat, 21 Dec 2019 12:09:15 - INFO - TRIZMA DB import
Sat, 21 Dec 2019 12:09:15 - INFO - Failed on TRIZMA DB import at: 2019-12-21_11-02-30, for following calling party: 491739853043, for agent id: trz_sstankovic, with error:(pyodbc.DataError) ('22001', '[22001] [Microsoft][ODBC Driver 17 for SQL Server][SQL Server]String or binary data would be truncated. (8152) (SQLExecDirectW)')
[SQL: insert into records values('CC2Servicenummer','Belgrad','Nicht übermittelt','trz_sstankovic',                                  '491739853043','','Nicht übermittelt','491739853043_Thursday, December 19, 2019_6:12:14 PM')]
(Background on this error at: http://sqlalche.me/e/9h9h)
Sat, 21 Dec 2019 12:09:15 - INFO - 123TV DB import
Sat, 21 Dec 2019 12:09:56 - INFO - Connect to DB
Sat, 21 Dec 2019 12:09:56 - INFO - TRIZMA DB import
Sat, 21 Dec 2019 12:09:57 - INFO - 123TV DB import
Sat, 21 Dec 2019 12:10:58 - INFO - Connect to DB
Sat, 21 Dec 2019 12:10:58 - INFO - TRIZMA DB import
Sat, 21 Dec 2019 12:10:58 - INFO - 123TV DB import
Sat, 21 Dec 2019 12:22:06 - INFO - Connect to DB
Sat, 21 Dec 2019 12:22:06 - INFO - TRIZMA DB import
Sat, 21 Dec 2019 12:22:06 - INFO - 123TV DB import
Sat, 21 Dec 2019 12:28:58 - INFO - Connect to DB
Sat, 21 Dec 2019 12:28:58 - INFO - TRIZMA DB import
Sat, 21 Dec 2019 12:28:58 - INFO - 123TV DB import
Sat, 21 Dec 2019 12:30:23 - INFO - Connect to DB
Sat, 21 Dec 2019 12:30:24 - INFO - TRIZMA DB import
Sat, 21 Dec 2019 12:30:24 - INFO - 123TV DB import
Sat, 21 Dec 2019 12:36:17 - INFO - Connect to DB
Sat, 21 Dec 2019 12:36:17 - INFO - TRIZMA DB import
Sat, 21 Dec 2019 12:36:17 - INFO - Failed on TRIZMA DB import at: 2019-12-21_11-02-30, for following calling party: 493916314629, for agent id: trz_sstankovic, with error:(pyodbc.DataError) ('22001', '[22001] [Microsoft][ODBC Driver 17 for SQL Server][SQL Server]String or binary data would be truncated. (8152) (SQLExecDirectW)')
[SQL: insert into records values('CC2Servicenummer','Belgrad','Nicht übermittelt','trz_sstankovic',                                  '493916314629','','Nicht übermittelt','493916314629_Saturday, December 21, 2019_1:36:14 PM')]
(Background on this error at: http://sqlalche.me/e/9h9h)
Sat, 21 Dec 2019 12:36:17 - INFO - 123TV DB import
