Mon, 30 Dec 2019 09:00:16 - INFO - Connect to DB
Mon, 30 Dec 2019 09:00:17 - INFO - TRIZMA DB import
Mon, 30 Dec 2019 09:00:17 - INFO - 123TV DB import
Mon, 30 Dec 2019 09:05:08 - INFO - Connect to DB
Mon, 30 Dec 2019 09:05:08 - INFO - TRIZMA DB import
Mon, 30 Dec 2019 09:05:08 - INFO - 123TV DB import
Mon, 30 Dec 2019 09:05:38 - INFO - Connect to DB
Mon, 30 Dec 2019 09:05:38 - INFO - TRIZMA DB import
Mon, 30 Dec 2019 09:05:38 - INFO - 123TV DB import
Mon, 30 Dec 2019 09:11:09 - INFO - Connect to DB
Mon, 30 Dec 2019 09:11:09 - INFO - TRIZMA DB import
Mon, 30 Dec 2019 09:11:09 - INFO - 123TV DB import
Mon, 30 Dec 2019 09:14:59 - INFO - Connect to DB
Mon, 30 Dec 2019 09:14:59 - INFO - TRIZMA DB import
Mon, 30 Dec 2019 09:14:59 - INFO - 123TV DB import
Mon, 30 Dec 2019 09:16:35 - INFO - Connect to DB
Mon, 30 Dec 2019 09:16:35 - INFO - TRIZMA DB import
Mon, 30 Dec 2019 09:16:35 - INFO - 123TV DB import
Mon, 30 Dec 2019 09:16:59 - INFO - Connect to DB
Mon, 30 Dec 2019 09:16:59 - INFO - TRIZMA DB import
Mon, 30 Dec 2019 09:16:59 - INFO - 123TV DB import
Mon, 30 Dec 2019 09:17:15 - INFO - Connect to DB
Mon, 30 Dec 2019 09:17:15 - INFO - TRIZMA DB import
Mon, 30 Dec 2019 09:17:15 - INFO - 123TV DB import
Mon, 30 Dec 2019 09:17:56 - INFO - Connect to DB
Mon, 30 Dec 2019 09:17:56 - INFO - TRIZMA DB import
Mon, 30 Dec 2019 09:17:56 - INFO - 123TV DB import
Mon, 30 Dec 2019 09:18:36 - INFO - Connect to DB
Mon, 30 Dec 2019 09:18:36 - INFO - TRIZMA DB import
Mon, 30 Dec 2019 09:18:37 - INFO - 123TV DB import
Mon, 30 Dec 2019 09:19:17 - INFO - Connect to DB
Mon, 30 Dec 2019 09:19:17 - INFO - TRIZMA DB import
Mon, 30 Dec 2019 09:19:17 - INFO - 123TV DB import
Mon, 30 Dec 2019 09:19:42 - INFO - Connect to DB
Mon, 30 Dec 2019 09:19:42 - INFO - TRIZMA DB import
Mon, 30 Dec 2019 09:19:42 - INFO - 123TV DB import
Mon, 30 Dec 2019 09:20:47 - INFO - Connect to DB
Mon, 30 Dec 2019 09:20:47 - INFO - TRIZMA DB import
Mon, 30 Dec 2019 09:20:47 - INFO - Failed on TRIZMA DB import at: 2019-12-30_08-59-31, for following calling party: 4915770778470, for agent id: trz_sstankovic, with error:(pyodbc.DataError) ('22001', '[22001] [Microsoft][ODBC Driver 17 for SQL Server][SQL Server]String or binary data would be truncated. (8152) (SQLExecDirectW)')
[SQL: insert into records values('CC2Servicenummer','Belgrad','Nicht übermittelt','trz_sstankovic',                                  '4915770778470','','Nicht übermittelt','4915770778470_Saturday, December 21, 2019_12:46:31 PM')]
(Background on this error at: http://sqlalche.me/e/9h9h)
Mon, 30 Dec 2019 09:20:47 - INFO - 123TV DB import
Mon, 30 Dec 2019 09:21:12 - INFO - Connect to DB
Mon, 30 Dec 2019 09:21:13 - INFO - TRIZMA DB import
Mon, 30 Dec 2019 09:21:13 - INFO - Failed on TRIZMA DB import at: 2019-12-30_08-59-31, for following calling party: 493033951452, for agent id: trz_sstankovic, with error:(pyodbc.DataError) ('22001', '[22001] [Microsoft][ODBC Driver 17 for SQL Server][SQL Server]String or binary data would be truncated. (8152) (SQLExecDirectW)')
[SQL: insert into records values('CC2Servicenummer','Belgrad','Nicht übermittelt','trz_sstankovic',                                  '493033951452','','Nicht übermittelt','493033951452_Saturday, December 21, 2019_1:57:46 PM')]
(Background on this error at: http://sqlalche.me/e/9h9h)
Mon, 30 Dec 2019 09:21:13 - INFO - 123TV DB import
Mon, 30 Dec 2019 09:30:25 - INFO - Connect to DB
Mon, 30 Dec 2019 09:30:25 - INFO - TRIZMA DB import
Mon, 30 Dec 2019 09:30:25 - INFO - Failed on TRIZMA DB import at: 2019-12-30_08-59-31, for following calling party: 491786229815, for agent id: trz_sstankovic, with error:(pyodbc.DataError) ('22001', '[22001] [Microsoft][ODBC Driver 17 for SQL Server][SQL Server]String or binary data would be truncated. (8152) (SQLExecDirectW)')
[SQL: insert into records values('CC2Servicenummer','Belgrad','Nicht übermittelt','trz_sstankovic',                                  '491786229815','','Nicht übermittelt','491786229815_Saturday, December 21, 2019_3:41:05 PM')]
(Background on this error at: http://sqlalche.me/e/9h9h)
Mon, 30 Dec 2019 09:30:25 - INFO - 123TV DB import
Mon, 30 Dec 2019 09:31:31 - INFO - Connect to DB
Mon, 30 Dec 2019 09:31:31 - INFO - TRIZMA DB import
Mon, 30 Dec 2019 09:31:31 - INFO - Failed on TRIZMA DB import at: 2019-12-30_08-59-31, for following calling party: 495829988845, for agent id: trz_sstankovic, with error:(pyodbc.DataError) ('22001', '[22001] [Microsoft][ODBC Driver 17 for SQL Server][SQL Server]String or binary data would be truncated. (8152) (SQLExecDirectW)')
[SQL: insert into records values('CC2Servicenummer','Belgrad','Nicht übermittelt','trz_sstankovic',                                  '495829988845','','Nicht übermittelt','495829988845_Saturday, December 21, 2019_4:53:13 PM')]
(Background on this error at: http://sqlalche.me/e/9h9h)
Mon, 30 Dec 2019 09:31:31 - INFO - 123TV DB import
Mon, 30 Dec 2019 09:37:47 - INFO - Connect to DB
Mon, 30 Dec 2019 09:37:47 - INFO - TRIZMA DB import
Mon, 30 Dec 2019 09:37:47 - INFO - 123TV DB import
