Thu, 19 Dec 2019 09:57:03 - INFO - Connect to DB
Thu, 19 Dec 2019 09:57:03 - INFO - TRIZMA DB import
Thu, 19 Dec 2019 09:57:03 - INFO - Failed on TRIZMA DB import at: 2019-12-19_09-51-22, for following calling party: 493423606094, for agent id: trz_sstankovic, with error:(pyodbc.DataError) ('22001', '[22001] [Microsoft][ODBC Driver 17 for SQL Server][SQL Server]String or binary data would be truncated. (8152) (SQLExecDirectW)')
[SQL: insert into records values('CC2Servicenummer','Belgrad','Nicht übermittelt','trz_sstankovic',                                  '493423606094','','Nicht übermittelt','493423606094_Thursday, November 28, 2019_5:51:40 PM')]
(Background on this error at: http://sqlalche.me/e/9h9h)
Thu, 19 Dec 2019 09:57:03 - INFO - 123TV DB import
Thu, 19 Dec 2019 09:57:58 - INFO - Connect to DB
Thu, 19 Dec 2019 09:57:58 - INFO - TRIZMA DB import
Thu, 19 Dec 2019 09:57:58 - INFO - Failed on TRIZMA DB import at: 2019-12-19_09-51-22, for following calling party: 4980516014792, for agent id: trz_sstankovic, with error:(pyodbc.DataError) ('22001', '[22001] [Microsoft][ODBC Driver 17 for SQL Server][SQL Server]String or binary data would be truncated. (8152) (SQLExecDirectW)')
[SQL: insert into records values('CC2Servicenummer','Belgrad','Nicht übermittelt','trz_sstankovic',                                  '4980516014792','','Nicht übermittelt','4980516014792_Wednesday, December 11, 2019_6:38:48 PM')]
(Background on this error at: http://sqlalche.me/e/9h9h)
Thu, 19 Dec 2019 09:57:58 - INFO - 123TV DB import
Thu, 19 Dec 2019 09:58:08 - INFO - Connect to DB
Thu, 19 Dec 2019 09:58:08 - INFO - TRIZMA DB import
Thu, 19 Dec 2019 09:58:08 - INFO - Failed on TRIZMA DB import at: 2019-12-19_09-51-22, for following calling party: 493496552437, for agent id: trz_sstankovic, with error:(pyodbc.DataError) ('22001', '[22001] [Microsoft][ODBC Driver 17 for SQL Server][SQL Server]String or binary data would be truncated. (8152) (SQLExecDirectW)')
[SQL: insert into records values('CC2Servicenummer','Belgrad','Nicht übermittelt','trz_sstankovic',                                  '493496552437','','Nicht übermittelt','493496552437_Wednesday, December 11, 2019_6:50:57 PM')]
(Background on this error at: http://sqlalche.me/e/9h9h)
Thu, 19 Dec 2019 09:58:08 - INFO - 123TV DB import
Thu, 19 Dec 2019 09:59:52 - INFO - Connect to DB
Thu, 19 Dec 2019 09:59:52 - INFO - TRIZMA DB import
Thu, 19 Dec 2019 09:59:52 - INFO - Failed on TRIZMA DB import at: 2019-12-19_09-51-22, for following calling party: 4915112488545, for agent id: trz_sstankovic, with error:(pyodbc.DataError) ('22001', '[22001] [Microsoft][ODBC Driver 17 for SQL Server][SQL Server]String or binary data would be truncated. (8152) (SQLExecDirectW)')
[SQL: insert into records values('CC2Servicenummer','Belgrad','Nicht übermittelt','trz_sstankovic',                                  '4915112488545','','Nicht übermittelt','4915112488545_Thursday, December 19, 2019_10:59:50 AM')]
(Background on this error at: http://sqlalche.me/e/9h9h)
Thu, 19 Dec 2019 09:59:52 - INFO - 123TV DB import
