Tue, 31 Dec 2019 07:19:07 - INFO - Connect to DB
Tue, 31 Dec 2019 07:19:08 - INFO - TRIZMA DB import
Tue, 31 Dec 2019 07:19:08 - INFO - Failed on TRIZMA DB import at: 2019-12-31_07-12-39, for following calling party: 4987079385239, for agent id: trz_madamovic, with error:(pyodbc.DataError) ('22001', '[22001] [Microsoft][ODBC Driver 17 for SQL Server][SQL Server]String or binary data would be truncated. (8152) (SQLExecDirectW)')
[SQL: insert into records values('CC2Servicenummer','Belgrad','Nicht übermittelt','trz_madamovic',                                  '4987079385239','','Nicht übermittelt','4987079385239_Monday, December 30, 2019_11:02:32 AM')]
(Background on this error at: http://sqlalche.me/e/9h9h)
Tue, 31 Dec 2019 07:19:08 - INFO - 123TV DB import
Tue, 31 Dec 2019 07:20:48 - INFO - Connect to DB
Tue, 31 Dec 2019 07:20:48 - INFO - TRIZMA DB import
Tue, 31 Dec 2019 07:20:48 - INFO - 123TV DB import
Tue, 31 Dec 2019 07:23:43 - INFO - Connect to DB
Tue, 31 Dec 2019 07:23:43 - INFO - TRIZMA DB import
Tue, 31 Dec 2019 07:23:43 - INFO - 123TV DB import
Tue, 31 Dec 2019 07:23:49 - INFO - Connect to DB
Tue, 31 Dec 2019 07:23:49 - INFO - TRIZMA DB import
Tue, 31 Dec 2019 07:23:49 - INFO - 123TV DB import
Tue, 31 Dec 2019 07:24:57 - INFO - Connect to DB
Tue, 31 Dec 2019 07:24:57 - INFO - TRIZMA DB import
Tue, 31 Dec 2019 07:24:57 - INFO - 123TV DB import
Tue, 31 Dec 2019 07:25:19 - INFO - Connect to DB
Tue, 31 Dec 2019 07:25:19 - INFO - TRIZMA DB import
Tue, 31 Dec 2019 07:25:19 - INFO - 123TV DB import
Tue, 31 Dec 2019 07:26:15 - INFO - Connect to DB
Tue, 31 Dec 2019 07:26:15 - INFO - TRIZMA DB import
Tue, 31 Dec 2019 07:26:15 - INFO - 123TV DB import
Tue, 31 Dec 2019 07:26:51 - INFO - Connect to DB
Tue, 31 Dec 2019 07:26:51 - INFO - TRIZMA DB import
Tue, 31 Dec 2019 07:26:51 - INFO - 123TV DB import
Tue, 31 Dec 2019 07:33:42 - INFO - Connect to DB
Tue, 31 Dec 2019 07:33:42 - INFO - TRIZMA DB import
Tue, 31 Dec 2019 07:33:42 - INFO - 123TV DB import
Tue, 31 Dec 2019 07:34:18 - INFO - Connect to DB
Tue, 31 Dec 2019 07:34:18 - INFO - TRIZMA DB import
Tue, 31 Dec 2019 07:34:18 - INFO - 123TV DB import
Tue, 31 Dec 2019 07:35:24 - INFO - Connect to DB
Tue, 31 Dec 2019 07:35:24 - INFO - TRIZMA DB import
Tue, 31 Dec 2019 07:35:24 - INFO - 123TV DB import
Tue, 31 Dec 2019 07:35:30 - INFO - Connect to DB
Tue, 31 Dec 2019 07:35:30 - INFO - TRIZMA DB import
Tue, 31 Dec 2019 07:35:30 - INFO - 123TV DB import
Tue, 31 Dec 2019 07:35:41 - INFO - Connect to DB
Tue, 31 Dec 2019 07:35:41 - INFO - TRIZMA DB import
Tue, 31 Dec 2019 07:35:41 - INFO - 123TV DB import
Tue, 31 Dec 2019 07:38:31 - INFO - Connect to DB
Tue, 31 Dec 2019 07:38:31 - INFO - TRIZMA DB import
Tue, 31 Dec 2019 07:38:31 - INFO - 123TV DB import
Tue, 31 Dec 2019 07:38:46 - INFO - Connect to DB
Tue, 31 Dec 2019 07:38:46 - INFO - TRIZMA DB import
Tue, 31 Dec 2019 07:38:47 - INFO - 123TV DB import
Tue, 31 Dec 2019 07:39:42 - INFO - Connect to DB
Tue, 31 Dec 2019 07:39:42 - INFO - TRIZMA DB import
Tue, 31 Dec 2019 07:39:42 - INFO - 123TV DB import
Tue, 31 Dec 2019 07:42:26 - INFO - Connect to DB
Tue, 31 Dec 2019 07:42:26 - INFO - TRIZMA DB import
Tue, 31 Dec 2019 07:42:26 - INFO - 123TV DB import
Tue, 31 Dec 2019 07:42:47 - INFO - Connect to DB
Tue, 31 Dec 2019 07:42:47 - INFO - TRIZMA DB import
Tue, 31 Dec 2019 07:42:47 - INFO - 123TV DB import
Tue, 31 Dec 2019 07:48:44 - INFO - Connect to DB
Tue, 31 Dec 2019 07:48:44 - INFO - TRIZMA DB import
Tue, 31 Dec 2019 07:48:44 - INFO - 123TV DB import
Tue, 31 Dec 2019 07:49:09 - INFO - Connect to DB
Tue, 31 Dec 2019 07:49:09 - INFO - TRIZMA DB import
Tue, 31 Dec 2019 07:49:09 - INFO - 123TV DB import
Tue, 31 Dec 2019 07:49:23 - INFO - Connect to DB
Tue, 31 Dec 2019 07:49:23 - INFO - TRIZMA DB import
Tue, 31 Dec 2019 07:49:23 - INFO - 123TV DB import
