Tue, 14 Jan 2020 10:00:32 - INFO - Connect to DB
Tue, 14 Jan 2020 10:00:32 - INFO - TRIZMA DB import
Tue, 14 Jan 2020 10:00:32 - INFO - Failed on TRIZMA DB import at: 2020-01-14_09-57-11, for following calling party: 4915786580596, for agent id: trz_iastojic, with error:(pyodbc.DataError) ('22001', '[22001] [Microsoft][ODBC Driver 17 for SQL Server][SQL Server]String or binary data would be truncated. (8152) (SQLExecDirectW)')
[SQL: insert into records values('CC2Servicenummer','Belgrad','Nicht übermittelt','trz_iastojic',                                  '4915786580596','','Nicht übermittelt','4915786580596_Tuesday, January 14, 2020_11:00:30 AM')]
(Background on this error at: http://sqlalche.me/e/9h9h)
Tue, 14 Jan 2020 10:00:32 - INFO - 123TV DB import
Tue, 14 Jan 2020 10:00:37 - INFO - Failed on 123TV DB import at: 2020-01-14_09-57-11, for following calling party: 4915786580596, for agent id: 3065, with error:Missing element acd_id (importCallMetaData.acd_id)
Tue, 14 Jan 2020 10:04:06 - INFO - Connect to DB
Tue, 14 Jan 2020 10:04:06 - INFO - TRIZMA DB import
Tue, 14 Jan 2020 10:04:06 - INFO - 123TV DB import
Tue, 14 Jan 2020 10:04:12 - INFO - Failed on 123TV DB import at: 2020-01-14_09-57-11, for following calling party: 4915158775977, for agent id: 3110, with error:Missing element acd_id (importCallMetaData.acd_id)
Tue, 14 Jan 2020 10:09:59 - INFO - Connect to DB
Tue, 14 Jan 2020 10:09:59 - INFO - TRIZMA DB import
Tue, 14 Jan 2020 10:09:59 - INFO - 123TV DB import
Tue, 14 Jan 2020 10:10:04 - INFO - Failed on 123TV DB import at: 2020-01-14_09-57-11, for following calling party: 49331711697, for agent id: 3117, with error:Missing element acd_id (importCallMetaData.acd_id)
Tue, 14 Jan 2020 10:12:51 - INFO - Connect to DB
Tue, 14 Jan 2020 10:12:51 - INFO - TRIZMA DB import
Tue, 14 Jan 2020 10:12:51 - INFO - 123TV DB import
Tue, 14 Jan 2020 10:12:57 - INFO - Failed on 123TV DB import at: 2020-01-14_09-57-11, for following calling party: 4986699795, for agent id: 3098, with error:Missing element acd_id (importCallMetaData.acd_id)
Tue, 14 Jan 2020 10:14:39 - INFO - Connect to DB
Tue, 14 Jan 2020 10:14:39 - INFO - TRIZMA DB import
Tue, 14 Jan 2020 10:14:39 - INFO - 123TV DB import
Tue, 14 Jan 2020 10:14:44 - INFO - Failed on 123TV DB import at: 2020-01-14_09-57-11, for following calling party: 4953414022386, for agent id: 3110, with error:Missing element acd_id (importCallMetaData.acd_id)
