Sat, 18 Jan 2020 11:55:25 - INFO - Connect to DB
Sat, 18 Jan 2020 11:55:26 - INFO - TRIZMA DB import
Sat, 18 Jan 2020 11:55:26 - INFO - 123TV DB import
Sat, 18 Jan 2020 11:56:01 - INFO - Connect to DB
Sat, 18 Jan 2020 11:56:01 - INFO - TRIZMA DB import
Sat, 18 Jan 2020 11:56:01 - INFO - 123TV DB import
Sat, 18 Jan 2020 11:56:14 - INFO - Connect to DB
Sat, 18 Jan 2020 11:56:14 - INFO - TRIZMA DB import
Sat, 18 Jan 2020 11:56:14 - INFO - 123TV DB import
Sat, 18 Jan 2020 11:56:49 - INFO - Connect to DB
Sat, 18 Jan 2020 11:56:49 - INFO - TRIZMA DB import
Sat, 18 Jan 2020 11:56:49 - INFO - Failed on TRIZMA DB import at: 2020-01-18_11-55-04, for following calling party: 4920414628583, for agent id: trz_ppetkovic, with error:(pyodbc.DataError) ('22001', '[22001] [Microsoft][ODBC Driver 17 for SQL Server][SQL Server]String or binary data would be truncated. (8152) (SQLExecDirectW)')
[SQL: insert into records values('CC2Servicenummer','Belgrad','Nicht übermittelt','trz_ppetkovic',                                 '4920414628583','','Nicht übermittelt','4920414628583_Saturday, January 18, 2020_12:56:48 PM','PET_PETKOV')]
(Background on this error at: http://sqlalche.me/e/9h9h)
Sat, 18 Jan 2020 11:56:49 - INFO - 123TV DB import
Sat, 18 Jan 2020 11:58:33 - INFO - Connect to DB
Sat, 18 Jan 2020 11:58:33 - INFO - TRIZMA DB import
Sat, 18 Jan 2020 11:58:33 - INFO - 123TV DB import
Sat, 18 Jan 2020 11:59:15 - INFO - Connect to DB
Sat, 18 Jan 2020 11:59:15 - INFO - TRIZMA DB import
Sat, 18 Jan 2020 11:59:15 - INFO - 123TV DB import
Sat, 18 Jan 2020 11:59:23 - INFO - Connect to DB
Sat, 18 Jan 2020 11:59:23 - INFO - TRIZMA DB import
Sat, 18 Jan 2020 11:59:23 - INFO - 123TV DB import
Sat, 18 Jan 2020 12:00:12 - INFO - Connect to DB
Sat, 18 Jan 2020 12:00:12 - INFO - TRIZMA DB import
Sat, 18 Jan 2020 12:00:13 - INFO - 123TV DB import
Sat, 18 Jan 2020 12:14:25 - INFO - Connect to DB
Sat, 18 Jan 2020 12:14:25 - INFO - TRIZMA DB import
Sat, 18 Jan 2020 12:14:25 - INFO - 123TV DB import
