Fri, 17 Jan 2020 18:47:35 - INFO - Connect to DB
Fri, 17 Jan 2020 18:47:36 - INFO - TRIZMA DB import
Fri, 17 Jan 2020 18:47:36 - INFO - 123TV DB import
Sat, 18 Jan 2020 07:12:32 - INFO - Connect to DB
Sat, 18 Jan 2020 07:12:33 - INFO - TRIZMA DB import
Sat, 18 Jan 2020 07:12:33 - INFO - 123TV DB import
Sat, 18 Jan 2020 07:12:53 - INFO - Connect to DB
Sat, 18 Jan 2020 07:12:53 - INFO - TRIZMA DB import
Sat, 18 Jan 2020 07:12:53 - INFO - 123TV DB import
Sat, 18 Jan 2020 07:13:45 - INFO - Connect to DB
Sat, 18 Jan 2020 07:13:45 - INFO - TRIZMA DB import
Sat, 18 Jan 2020 07:13:45 - INFO - 123TV DB import
Sat, 18 Jan 2020 07:18:02 - INFO - Connect to DB
Sat, 18 Jan 2020 07:18:02 - INFO - TRIZMA DB import
Sat, 18 Jan 2020 07:18:02 - INFO - 123TV DB import
Sat, 18 Jan 2020 07:20:06 - INFO - Connect to DB
Sat, 18 Jan 2020 07:20:06 - INFO - TRIZMA DB import
Sat, 18 Jan 2020 07:20:06 - INFO - Failed on TRIZMA DB import at: 2020-01-17_18-28-19, for following calling party: 4939284158095, for agent id: trz_bmaksimovic, with error:(pyodbc.DataError) ('22001', '[22001] [Microsoft][ODBC Driver 17 for SQL Server][SQL Server]String or binary data would be truncated. (8152) (SQLExecDirectW)')
[SQL: insert into records values('CC2Servicenummer','Belgrad','Nicht übermittelt','trz_bmaksimovic',                                 '4939284158095','','Nicht übermittelt','4939284158095_Saturday, January 18, 2020_8:19:57 AM','BOR_MAKSIM')]
(Background on this error at: http://sqlalche.me/e/9h9h)
Sat, 18 Jan 2020 07:20:06 - INFO - 123TV DB import
Sat, 18 Jan 2020 07:25:48 - INFO - Connect to DB
Sat, 18 Jan 2020 07:25:48 - INFO - TRIZMA DB import
Sat, 18 Jan 2020 07:25:48 - INFO - 123TV DB import
Sat, 18 Jan 2020 07:26:09 - INFO - Connect to DB
Sat, 18 Jan 2020 07:26:09 - INFO - TRIZMA DB import
Sat, 18 Jan 2020 07:26:09 - INFO - Failed on TRIZMA DB import at: 2020-01-17_18-28-19, for following calling party: 4915259531604, for agent id: trz_bmaksimovic, with error:(pyodbc.DataError) ('22001', '[22001] [Microsoft][ODBC Driver 17 for SQL Server][SQL Server]String or binary data would be truncated. (8152) (SQLExecDirectW)')
[SQL: insert into records values('CC2Servicenummer','Belgrad','Nicht übermittelt','trz_bmaksimovic',                                 '4915259531604','','Nicht übermittelt','4915259531604_Tuesday, January 14, 2020_11:52:44 AM','BOR_MAKSIM')]
(Background on this error at: http://sqlalche.me/e/9h9h)
Sat, 18 Jan 2020 07:26:09 - INFO - 123TV DB import
Sat, 18 Jan 2020 07:26:23 - INFO - Connect to DB
Sat, 18 Jan 2020 07:26:23 - INFO - TRIZMA DB import
Sat, 18 Jan 2020 07:26:23 - INFO - 123TV DB import
Sat, 18 Jan 2020 07:27:42 - INFO - Connect to DB
Sat, 18 Jan 2020 07:27:42 - INFO - TRIZMA DB import
Sat, 18 Jan 2020 07:27:42 - INFO - 123TV DB import
Sat, 18 Jan 2020 07:29:04 - INFO - Connect to DB
Sat, 18 Jan 2020 07:29:04 - INFO - TRIZMA DB import
Sat, 18 Jan 2020 07:29:04 - INFO - 123TV DB import
Sat, 18 Jan 2020 07:30:25 - INFO - Connect to DB
Sat, 18 Jan 2020 07:30:25 - INFO - TRIZMA DB import
Sat, 18 Jan 2020 07:30:25 - INFO - 123TV DB import
Sat, 18 Jan 2020 07:30:35 - INFO - Connect to DB
Sat, 18 Jan 2020 07:30:35 - INFO - TRIZMA DB import
Sat, 18 Jan 2020 07:30:35 - INFO - 123TV DB import
Sat, 18 Jan 2020 07:31:55 - INFO - Connect to DB
Sat, 18 Jan 2020 07:31:55 - INFO - TRIZMA DB import
Sat, 18 Jan 2020 07:31:55 - INFO - 123TV DB import
Sat, 18 Jan 2020 07:33:02 - INFO - Connect to DB
Sat, 18 Jan 2020 07:33:02 - INFO - TRIZMA DB import
Sat, 18 Jan 2020 07:33:02 - INFO - 123TV DB import
Sat, 18 Jan 2020 07:34:00 - INFO - Connect to DB
Sat, 18 Jan 2020 07:34:00 - INFO - TRIZMA DB import
Sat, 18 Jan 2020 07:34:00 - INFO - Failed on TRIZMA DB import at: 2020-01-17_18-28-19, for following calling party: 4915208769496, for agent id: trz_bmaksimovic, with error:(pyodbc.DataError) ('22001', '[22001] [Microsoft][ODBC Driver 17 for SQL Server][SQL Server]String or binary data would be truncated. (8152) (SQLExecDirectW)')
[SQL: insert into records values('CC2Servicenummer','Belgrad','Nicht übermittelt','trz_bmaksimovic',                                 '4915208769496','','Nicht übermittelt','4915208769496_Wednesday, January 15, 2020_4:25:12 PM','BOR_MAKSIM')]
(Background on this error at: http://sqlalche.me/e/9h9h)
Sat, 18 Jan 2020 07:34:00 - INFO - 123TV DB import
Sat, 18 Jan 2020 07:39:56 - INFO - Connect to DB
Sat, 18 Jan 2020 07:39:56 - INFO - TRIZMA DB import
Sat, 18 Jan 2020 07:39:56 - INFO - Failed on TRIZMA DB import at: 2020-01-17_18-28-19, for following calling party: 4915739640094, for agent id: trz_bmaksimovic, with error:(pyodbc.DataError) ('22001', '[22001] [Microsoft][ODBC Driver 17 for SQL Server][SQL Server]String or binary data would be truncated. (8152) (SQLExecDirectW)')
[SQL: insert into records values('CC2Servicenummer','Belgrad','Nicht übermittelt','trz_bmaksimovic',                                 '4915739640094','','Nicht übermittelt','4915739640094_Wednesday, January 15, 2020_6:33:49 PM','BOR_MAKSIM')]
(Background on this error at: http://sqlalche.me/e/9h9h)
Sat, 18 Jan 2020 07:39:56 - INFO - 123TV DB import
Sat, 18 Jan 2020 07:41:08 - INFO - Connect to DB
Sat, 18 Jan 2020 07:41:08 - INFO - TRIZMA DB import
Sat, 18 Jan 2020 07:41:08 - INFO - Failed on TRIZMA DB import at: 2020-01-17_18-28-19, for following calling party: 4936287873353, for agent id: trz_bmaksimovic, with error:(pyodbc.DataError) ('22001', '[22001] [Microsoft][ODBC Driver 17 for SQL Server][SQL Server]String or binary data would be truncated. (8152) (SQLExecDirectW)')
[SQL: insert into records values('CC2Servicenummer','Belgrad','Nicht übermittelt','trz_bmaksimovic',                                 '4936287873353','','Nicht übermittelt','4936287873353_Thursday, January 16, 2020_12:07:04 PM','BOR_MAKSIM')]
(Background on this error at: http://sqlalche.me/e/9h9h)
Sat, 18 Jan 2020 07:41:08 - INFO - 123TV DB import
Sat, 18 Jan 2020 07:42:20 - INFO - Connect to DB
Sat, 18 Jan 2020 07:42:20 - INFO - TRIZMA DB import
Sat, 18 Jan 2020 07:42:20 - INFO - 123TV DB import
Sat, 18 Jan 2020 07:43:12 - INFO - Connect to DB
Sat, 18 Jan 2020 07:43:12 - INFO - TRIZMA DB import
Sat, 18 Jan 2020 07:43:12 - INFO - 123TV DB import
Sat, 18 Jan 2020 07:49:38 - INFO - Connect to DB
Sat, 18 Jan 2020 07:49:38 - INFO - TRIZMA DB import
Sat, 18 Jan 2020 07:49:38 - INFO - 123TV DB import
Sat, 18 Jan 2020 07:50:19 - INFO - Connect to DB
Sat, 18 Jan 2020 07:50:19 - INFO - TRIZMA DB import
Sat, 18 Jan 2020 07:50:19 - INFO - 123TV DB import
Sat, 18 Jan 2020 07:50:55 - INFO - Connect to DB
Sat, 18 Jan 2020 07:50:55 - INFO - TRIZMA DB import
Sat, 18 Jan 2020 07:50:55 - INFO - 123TV DB import
