Tue, 28 Jan 2020 07:19:28 - INFO - Connect to DB
Tue, 28 Jan 2020 07:19:28 - INFO - TRIZMA DB import
Tue, 28 Jan 2020 07:19:28 - INFO - 123TV DB import
Tue, 28 Jan 2020 07:19:34 - INFO - Failed on 123TV DB import at: 2020-01-27_19-00-10, for following calling party: 495525999815, for agent id: 3046, with error:Server returned response (200) with invalid XML: Invalid XML content received (Document is empty, line 1, column 1).
Content: b''
Tue, 28 Jan 2020 07:19:49 - INFO - Connect to DB
Tue, 28 Jan 2020 07:19:49 - INFO - TRIZMA DB import
Tue, 28 Jan 2020 07:19:49 - INFO - 123TV DB import
Tue, 28 Jan 2020 07:19:54 - INFO - Failed on 123TV DB import at: 2020-01-27_19-00-10, for following calling party: 49357486649, for agent id: 3046, with error:Server returned response (200) with invalid XML: Invalid XML content received (Document is empty, line 1, column 1).
Content: b''
Tue, 28 Jan 2020 07:19:54 - INFO - Connect to DB
Tue, 28 Jan 2020 07:19:54 - INFO - TRIZMA DB import
Tue, 28 Jan 2020 07:19:54 - INFO - 123TV DB import
Tue, 28 Jan 2020 07:19:59 - INFO - Failed on 123TV DB import at: 2020-01-27_19-00-10, for following calling party: 493463323223, for agent id: 3046, with error:Server returned response (200) with invalid XML: Invalid XML content received (Document is empty, line 1, column 1).
Content: b''
Tue, 28 Jan 2020Tue, 28 Jan 2020 07:20:41 - INFO - Connect to DB
Tue, 28 Jan 2020 07:20:41 - INFO - TRIZMA DB import
Tue, 28 Jan 2020 07:20:41 - INFO - 123TV DB import
Tue, 28 Jan 2020 07:20:46 - INFO - Failed on 123TV DB import at: 2020-01-27_17-30-54, for following calling party: 491721024929, for agent id: 3046, with error:Server returned response (200) with invalid XML: Invalid XML content received (Document is empty, line 1, column 1Tue, 28 Jan 2020 07:21:11 - INFO - Connect to DB
Tue, 28 Jan 2020 07:21:11 - INFO - TRIZMA DB import
Tue, 28 Jan 2020 07:21:11 - INFO - 123TV DB import
Tue, 28 Jan 2020 07:21:16 - INFO - Failed on 123TV DB import at: 2020-01-27_19-00-10, for following calling party: 499942808311, for agent id: 3046, with error:Server returned response (200) with invalid XML: Invalid XML content received (Document is empty, line 1, column 1).
Content: b''
Tue, 28 Jan 2020 07:21:48 - INFO - Connect to DB
Tue, 28 Jan 2020 07:21:48 - INFO - TRIZMA DB import
Tue, 28 Jan 2020 07:21:48 - INFO - 123TV DB import
Tue, 28 Jan 2020 07:21:53 - INFO - Failed on 123TV DB import at: 2020-01-27_19-00-10, for following calling party: 4923596212, for agent id: 3046, with error:Server returned response (200) with invalid XML: Invalid XML content received (Document is empty, line 1, column 1).
Content: b''
Tue, 28 Jan 2020 07:23:04 - INFO - Connect to DB
Tue, 28 Jan 2020 07:23:04 - INFO - TRIZMA DB import
Tue, 28 Jan 2020 07:23:04 - INFO - 123TV DB import
Tue, 28 Jan 2020 07:23:09 - INFO - Failed on 123TV DB import at: 2020-01-27_19-00-10, for following calling party: 492029767303, for agent id: 3046, with error:Server returned response (200) with invalid XML: Invalid XML content received (Document is empty, line 1, column 1).
Content: b''
Tue, 28 Jan 2020 07:23:54 - INFO - Connect to DB
Tue, 28 Jan 2020 07:23:54 - INFO - TRIZMA DB import
Tue, 28 Jan 2020 07:23:54 - INFO - 123TV DB import
Tue, 28 Jan 2020 07:23:59 - INFO - Failed on 123TV DB import at: 2020-01-27_19-00-10, for following calling party: 4936356021468, for agent id: 3046, with error:Server returned response (200) with invalid XML: Invalid XML content received (Document is empty, line 1, column 1).
Content: b''
Tue, 28 Jan 2020 07:23:59 - INFO - Connect to DB
Tue, 28 Jan 2020 07:23:59 - INFO - TRIZMA DB import
Tue, 28 Jan 2020 07:23:59 - INFO - 123TV DB import
Tue, 28 Jan 2020 07:24:05 - INFO - Failed on 123TV DB import at: 2020-01-27_19-00-10, for following calling party: 492751892291, for agent id: 3046, with error:Server returned response (200) with invalid XML: Invalid XML content received (Document is empty, line 1, column 1).
Content: b''
mn 1).
Content: b''
Tue, 28 Jan 2020 07:28:10 - INFO - Connect to DB
Tue, 28 Jan 2020 07:28:10 - INFO - TRIZMA DB import
Tue, 28 Jan 2020 07:28:10 - INFO - 123TV DB import
Tue, 28 Jan 2020 07:28:15 - INFO - Failed on 123TV DB import at: 2020-01-27_17-30-54, for following calling party: 4915258759588, for agent id: 3181, with error:Server returned response (200) with invalid XML: Invalid XML content received (Document is empty, line 1, column 1).
Content: b''
Tue, 28 Jan 2020 07:45:06 - INFO - Connect to DB
Tue, 28 Jan 2020 07:45:06 - INFO - TRIZMA DB import
Tue, 28 Jan 2020 07:45:06 - INFO - 123TV DB import
Tue, 28 Jan 2020 07:45:21 - INFO - Connect to DB
Tue, 28 Jan 2020 07:45:21 - INFO - TRIZMA DB import
Tue, 28 Jan 2020 07:45:21 - INFO - 123TV DB import
Tue, 28 Jan 2020 07:46:38 - INFO - Connect to DB
Tue, 28 Jan 2020 07:46:38 - INFO - TRIZMA DB import
Tue, 28 Jan 2020 07:46:38 - INFO - 123TV DB import
Tue, 28 Jan 2020 07:47:28 - INFO - Connect to DB
Tue, 28 Jan 2020 07:47:28 - INFO - TRIZMA DB import
Tue, 28 Jan 2020 07:47:28 - INFO - 123TV DB import
Tue, 28 Jan 2020 07:47:40 - INFO - Connect to DB
Tue, 28 Jan 2020 07:47:40 - INFO - TRIZMA DB import
Tue, 28 Jan 2020 07:47:40 - INFO - 123TV DB import
Tue, 28 Jan 2020 07:47:55 - INFO - Connect to DB
Tue, 28 Jan 2020 07:47:55 - INFO - TRIZMA DB import
Tue, 28 Jan 2020 07:47:55 - INFO - 123TV DB import
Tue, 28 Jan 2020 07:49:07 - INFO - Connect to DB
Tue, 28 Jan 2020 07:49:07 - INFO - TRIZMA DB import
Tue, 28 Jan 2020 07:49:07 - INFO - 123TV DB import
Tue, 28 Jan 2020 07:49:36 - INFO - Connect to DB
Tue, 28 Jan 2020 07:49:36 - INFO - TRIZMA DB import
Tue, 28 Jan 2020 07:49:36 - INFO - 123TV DB import
Tue, 28 Jan 2020 07:55:18 - INFO - Connect to DB
Tue, 28 Jan 2020 07:55:18 - INFO - TRIZMA DB import
Tue, 28 Jan 2020 07:55:18 - INFO - 123TV DB import
Tue, 28 Jan 2020 08:00:41 - INFO - Connect to DB
Tue, 28 Jan 2020 08:00:41 - INFO - TRIZMA DB import
Tue, 28 Jan 2020 08:00:41 - INFO - 123TV DB import
Tue, 28 Jan 2020 08:12:50 - INFO - Connect to DB
Tue, 28 Jan 2020 08:12:50 - INFO - TRIZMA DB import
Tue, 28 Jan 2020 08:12:50 - INFO - 123TV DB import
Tue, 28 Jan 2020 08:13:55 - INFO - Connect to DB
Tue, 28 Jan 2020 08:13:55 - INFO - TRIZMA DB import
Tue, 28 Jan 2020 08:13:55 - INFO - 123TV DB import
Tue, 28 Jan 2020 08:14:23 - INFO - Connect to DB
Tue, 28 Jan 2020 08:14:23 - INFO - TRIZMA DB import
Tue, 28 Jan 2020 08:14:23 - INFO - 123TV DB import
Tue, 28 Jan 2020 08:16:04 - INFO - Connect to DB
Tue, 28 Jan 2020 08:16:04 - INFO - TRIZMA DB import
Tue, 28 Jan 2020 08:16:04 - INFO - 123TV DB import
Tue, 28 Jan 2020 08:16:50 - INFO - Connect to DB
Tue, 28 Jan 2020 08:16:50 - INFO - TRIZMA DB import
Tue, 28 Jan 2020 08:16:50 - INFO - 123TV DB import
Tue, 28 Jan 2020 08:17:01 - INFO - Connect to DB
Tue, 28 Jan 2020 08:17:01 - INFO - TRIZMA DB import
Tue, 28 Jan 2020 08:17:01 - INFO - 123TV DB import
Tue, 28 Jan 2020 08:18:20 - INFO - Connect to DB
Tue, 28 Jan 2020 08:18:20 - INFO - TRIZMA DB import
Tue, 28 Jan 2020 08:18:20 - INFO - 123TV DB import
Tue, 28 Jan 2020 08:20:44 - INFO - Connect to DB
Tue, 28 Jan 2020 08:20:44 - INFO - TRIZMA DB import
Tue, 28 Jan 2020 08:20:44 - INFO - 123TV DB import
Tue, 28 Jan 2020 08:25:49 - INFO - Connect to DB
Tue, 28 Jan 2020 08:25:49 - INFO - TRIZMA DB import
Tue, 28 Jan 2020 08:25:49 - INFO - 123TV DB import
Tue, 28 Jan 2020 08:26:58 - INFO - Connect to DB
Tue, 28 Jan 2020 08:26:58 - INFO - TRIZMA DB import
Tue, 28 Jan 2020 08:26:58 - INFO - 123TV DB import
Tue, 28 Jan 2020 08:27:24 - INFO - Connect to DB
Tue, 28 Jan 2020 08:27:24 - INFO - TRIZMA DB import
Tue, 28 Jan 2020 08:27:24 - INFO - 123TV DB import
Tue, 28 Jan 2020 08:28:00 - INFO - Connect to DB
Tue, 28 Jan 2020 08:28:00 - INFO - TRIZMA DB import
Tue, 28 Jan 2020 08:28:00 - INFO - 123TV DB import
Tue, 28 Jan 2020 08:28:22 - INFO - Connect to DB
Tue, 28 Jan 2020 08:28:22 - INFO - TRIZMA DB import
Tue, 28 Jan 2020 08:28:22 - INFO - 123TV DB import
Tue, 28 Jan 2020 08:33:46 - INFO - Connect to DB
Tue, 28 Jan 2020 08:33:46 - INFO - TRIZMA DB import
Tue, 28 Jan 2020 08:33:46 - INFO - 123TV DB import
Tue, 28 Jan 2020 08:45:09 - INFO - Connect to DB
Tue, 28 Jan 2020 08:45:09 - INFO - TRIZMA DB import
Tue, 28 Jan 2020 08:45:09 - INFO - 123TV DB import
Tue, 28 Jan 2020 08:46:23 - INFO - Connect to DB
Tue, 28 Jan 2020 08:46:23 - INFO - TRIZMA DB import
Tue, 28 Jan 2020 08:46:23 - INFO - 123TV DB import
Tue, 28 Jan 2020 08:48:29 - INFO - Connect to DB
Tue, 28 Jan 2020 08:48:29 - INFO - TRIZMA DB import
Tue, 28 Jan 2020 08:48:30 - INFO - 123TV DB import
Tue, 28 Jan 2020 08:49:02 - INFO - Connect to DB
Tue, 28 Jan 2020 08:49:02 - INFO - TRIZMA DB import
Tue, 28 Jan 2020 08:49:02 - INFO - 123TV DB import
Tue, 28 Jan 2020 08:50:32 - INFO - Connect to DB
Tue, 28 Jan 2020 08:50:32 - INFO - TRIZMA DB import
Tue, 28 Jan 2020 08:50:32 - INFO - 123TV DB import
