Sun, 29 Dec 2019 11:18:59 - INFO - Connect to DB
Sun, 29 Dec 2019 11:18:59 - INFO - TRIZMA DB import
Sun, 29 Dec 2019 11:18:59 - INFO - Failed on TRIZMA DB import at: 2019-12-29_11-16-42, for following calling party: 493571915806, for agent id: trz_mglisic, with error:(pyodbc.DataError) ('22001', '[22001] [Microsoft][ODBC Driver 17 for SQL Server][SQL Server]String or binary data would be truncated. (8152) (SQLExecDirectW)')
[SQL: insert into records values('CC2Servicenummer','Belgrad','Nicht übermittelt','trz_mglisic',                                  '493571915806','','Nicht übermittelt','493571915806_Saturday, December 28, 2019_4:37:57 PM')]
(Background on this error at: http://sqlalche.me/e/9h9h)
Sun, 29 Dec 2019 11:18:59 - INFO - 123TV DB import
Sun, 29 Dec 2019 11:22:13 - INFO - Connect to DB
Sun, 29 Dec 2019 11:22:13 - INFO - TRIZMA DB import
Sun, 29 Dec 2019 11:22:13 - INFO - Failed on TRIZMA DB import at: 2019-12-29_11-16-42, for following calling party: 4921514465785, for agent id: trz_madamovic, with error:(pyodbc.DataError) ('22001', '[22001] [Microsoft][ODBC Driver 17 for SQL Server][SQL Server]String or binary data would be truncated. (8152) (SQLExecDirectW)')
[SQL: insert into records values('CC2Servicenummer','Belgrad','Nicht übermittelt','trz_madamovic',                                  '4921514465785','','Nicht übermittelt','4921514465785_Thursday, December 26, 2019_11:19:36 AM')]
(Background on this error at: http://sqlalche.me/e/9h9h)
Sun, 29 Dec 2019 11:22:13 - INFO - 123TV DB import
Sun, 29 Dec 2019 11:29:52 - INFO - Connect to DB
Sun, 29 Dec 2019 11:29:52 - INFO - TRIZMA DB import
Sun, 29 Dec 2019 11:29:52 - INFO - Failed on TRIZMA DB import at: 2019-12-29_11-16-42, for following calling party: 495525999815, for agent id: trz_bmaksimovic, with error:(pyodbc.DataError) ('22001', '[22001] [Microsoft][ODBC Driver 17 for SQL Server][SQL Server]String or binary data would be truncated. (8152) (SQLExecDirectW)')
[SQL: insert into records values('CC2Servicenummer','Belgrad','Nicht übermittelt','trz_bmaksimovic',                                  '495525999815','','Nicht übermittelt','495525999815_Saturday, December 28, 2019_12:16:25 PM')]
(Background on this error at: http://sqlalche.me/e/9h9h)
Sun, 29 Dec 2019 11:29:52 - INFO - 123TV DB import
Sun, 29 Dec 2019 11:31:34 - INFO - Connect to DB
Sun, 29 Dec 2019 11:31:34 - INFO - TRIZMA DB import
Sun, 29 Dec 2019 11:31:34 - INFO - Failed on TRIZMA DB import at: 2019-12-29_11-16-42, for following calling party: 4917624587709, for agent id: trz_madamovic, with error:(pyodbc.DataError) ('22001', '[22001] [Microsoft][ODBC Driver 17 for SQL Server][SQL Server]String or binary data would be truncated. (8152) (SQLExecDirectW)')
[SQL: insert into records values('CC2Servicenummer','Belgrad','Nicht übermittelt','trz_madamovic',                                  '4917624587709','','Nicht übermittelt','4917624587709_Sunday, December 29, 2019_12:31:29 PM')]
(Background on this error at: http://sqlalche.me/e/9h9h)
Sun, 29 Dec 2019 11:31:34 - INFO - 123TV DB import
Sun, 29 Dec 2019 11:39:01 - INFO - Connect to DB
Sun, 29 Dec 2019 11:39:01 - INFO - TRIZMA DB import
Sun, 29 Dec 2019 11:39:01 - INFO - 123TV DB import
Sun, 29 Dec 2019 11:45:03 - INFO - Connect to DB
Sun, 29 Dec 2019 11:45:03 - INFO - TRIZMA DB import
Sun, 29 Dec 2019 11:45:03 - INFO - Failed on TRIZMA DB import at: 2019-12-29_11-16-42, for following calling party: 497454949699, for agent id: trz_bmaksimovic, with error:(pyodbc.DataError) ('22001', '[22001] [Microsoft][ODBC Driver 17 for SQL Server][SQL Server]String or binary data would be truncated. (8152) (SQLExecDirectW)')
[SQL: insert into records values('CC2Servicenummer','Belgrad','Nicht übermittelt','trz_bmaksimovic',                                  '497454949699','','Nicht übermittelt','497454949699_Saturday, December 28, 2019_5:39:20 PM')]
(Background on this error at: http://sqlalche.me/e/9h9h)
Sun, 29 Dec 2019 11:45:03 - INFO - 123TV DB import
