Thu, 26 Dec 2019 08:53:14 - INFO - Connect to DB
Thu, 26 Dec 2019 08:53:14 - INFO - TRIZMA DB import
Thu, 26 Dec 2019 08:53:14 - INFO - Failed on TRIZMA DB import at: 2019-12-26_07-58-40, for following calling party: 497718978771, for agent id: trz_mglisic, with error:(pyodbc.DataError) ('22001', '[22001] [Microsoft][ODBC Driver 17 for SQL Server][SQL Server]String or binary data would be truncated. (8152) (SQLExecDirectW)')
[SQL: insert into records values('CC2Servicenummer','Belgrad','Nicht 端bermittelt','trz_mglisic',                                  '497718978771','','Nicht 端bermittelt','497718978771_Thursday, December 26, 2019_9:53:04 AM')]
(Background on this error at: http://sqlalche.me/e/9h9h)
Thu, 26 Dec 2019 08:53:14 - INFO - 123TV DB import
Thu, 26 Dec 2019 08:53:45 - INFO - Connect to DB
Thu, 26 Dec 2019 08:53:45 - INFO - TRIZMA DB import
Thu, 26 Dec 2019 08:53:45 - INFO - 123TV DB import
Thu, 26 Dec 2019 08:55:20 - INFO - Connect to DB
Thu, 26 Dec 2019 08:55:20 - INFO - TRIZMA DB import
Thu, 26 Dec 2019 08:55:20 - INFO - 123TV DB import
Thu, 26 Dec 2019 09:00:31 - INFO - Connect to DB
Thu, 26 Dec 2019 09:00:31 - INFO - TRIZMA DB import
Thu, 26 Dec 2019 09:00:31 - INFO - 123TV DB import
Thu, 26 Dec 2019 09:00:37 - INFO - Connect to DB
Thu, 26 Dec 2019 09:00:37 - INFO - TRIZMA DB import
Thu, 26 Dec 2019 09:00:37 - INFO - 123TV DB import
Thu, 26 Dec 2019 09:12:09 - INFO - Connect to DB
Thu, 26 Dec 2019 09:12:09 - INFO - TRIZMA DB import
Thu, 26 Dec 2019 09:12:09 - INFO - Failed on TRIZMA DB import at: 2019-12-26_07-58-40, for following calling party: 498342914403, for agent id: trz_asilni, with error:(pyodbc.DataError) ('22001', '[22001] [Microsoft][ODBC Driver 17 for SQL Server][SQL Server]String or binary data would be truncated. (8152) (SQLExecDirectW)')
[SQL: insert into records values('CC2Servicenummer','Belgrad','Nicht 端bermittelt','trz_asilni',                                  '498342914403','','Nicht 端bermittelt','498342914403_Thursday, December 26, 2019_10:12:01 AM')]
(Background on this error at: http://sqlalche.me/e/9h9h)
Thu, 26 Dec 2019 09:12:09 - INFO - 123TV DB import
Thu, 26 Dec 2019 09:13:53 - INFO - Connect to DB
Thu, 26 Dec 2019 09:13:53 - INFO - TRIZMA DB import
Thu, 26 Dec 2019 09:13:53 - INFO - 123TV DB import
Thu, 26 Dec 2019 09:13:58 - INFO - Failed on 123TV DB import at: 2019-12-26_07-58-40, for following calling party: %m, for agent id: 3182, with error:Call to undefined method ImportCallMetaData::Message()
