Fri, 17 Jan 2020 18:22:59 - INFO - Connect to DB
Fri, 17 Jan 2020 18:22:59 - INFO - TRIZMA DB import
Fri, 17 Jan 2020 18:22:59 - INFO - 123TV DB import
Fri, 17 Jan 2020 18:48:23 - INFO - Connect to DB
Fri, 17 Jan 2020 18:48:23 - INFO - TRIZMA DB import
Fri, 17 Jan 2020 18:48:23 - INFO - 123TV DB import
Fri, 17 Jan 2020 18:51:52 - INFO - Connect to DB
Fri, 17 Jan 2020 18:51:53 - INFO - TRIZMA DB import
Fri, 17 Jan 2020 18:51:53 - INFO - 123TV DB import
Sat, 18 Jan 2020 07:13:09 - INFO - Connect to DB
Sat, 18 Jan 2020 07:13:09 - INFO - TRIZMA DB import
Sat, 18 Jan 2020 07:13:09 - INFO - 123TV DB import
Sat, 18 Jan 2020 07:14:46 - INFO - Connect to DB
Sat, 18 Jan 2020 07:14:46 - INFO - TRIZMA DB import
Sat, 18 Jan 2020 07:14:46 - INFO - 123TV DB import
Sat, 18 Jan 2020 07:16:07 - INFO - Connect to DB
Sat, 18 Jan 2020 07:16:07 - INFO - TRIZMA DB import
Sat, 18 Jan 2020 07:16:07 - INFO - 123TV DB import
Sat, 18 Jan 2020 07:17:47 - INFO - Connect to DB
Sat, 18 Jan 2020 07:17:47 - INFO - TRIZMA DB import
Sat, 18 Jan 2020 07:17:47 - INFO - 123TV DB import
Sat, 18 Jan 2020 07:18:28 - INFO - Connect to DB
Sat, 18 Jan 2020 07:18:28 - INFO - TRIZMA DB import
Sat, 18 Jan 2020 07:18:28 - INFO - 123TV DB import
Sat, 18 Jan 2020 07:18:53 - INFO - Connect to DB
Sat, 18 Jan 2020 07:18:53 - INFO - TRIZMA DB import
Sat, 18 Jan 2020 07:18:53 - INFO - 123TV DB import
Sat, 18 Jan 2020 07:22:33 - INFO - Connect to DB
Sat, 18 Jan 2020 07:22:33 - INFO - TRIZMA DB import
Sat, 18 Jan 2020 07:22:34 - INFO - 123TV DB import
Sat, 18 Jan 2020 07:26:44 - INFO - Connect to DB
Sat, 18 Jan 2020 07:26:44 - INFO - TRIZMA DB import
Sat, 18 Jan 2020 07:26:44 - INFO - 123TV DB import
Sat, 18 Jan 2020 07:27:57 - INFO - Connect to DB
Sat, 18 Jan 2020 07:27:57 - INFO - TRIZMA DB import
Sat, 18 Jan 2020 07:27:57 - INFO - 123TV DB import
Sat, 18 Jan 2020 07:29:44 - INFO - Connect to DB
Sat, 18 Jan 2020 07:29:44 - INFO - TRIZMA DB import
Sat, 18 Jan 2020 07:29:44 - INFO - 123TV DB import
Sat, 18 Jan 2020 07:31:30 - INFO - Connect to DB
Sat, 18 Jan 2020 07:31:30 - INFO - TRIZMA DB import
Sat, 18 Jan 2020 07:31:30 - INFO - Failed on TRIZMA DB import at: 2020-01-17_18-20-57, for following calling party: 493853921080, for agent id: trz_bmaksimovic, with error:(pyodbc.DataError) ('22001', '[22001] [Microsoft][ODBC Driver 17 for SQL Server][SQL Server]String or binary data would be truncated. (8152) (SQLExecDirectW)')
[SQL: insert into records values('CC2Servicenummer','Belgrad','Nicht übermittelt','trz_bmaksimovic',                                 '493853921080','','Nicht übermittelt','493853921080_Wednesday, January 15, 2020_11:41:42 AM','BOR_MAKSIM')]
(Background on this error at: http://sqlalche.me/e/9h9h)
Sat, 18 Jan 2020 07:31:30 - INFO - 123TV DB import
Sat, 18 Jan 2020 07:32:11 - INFO - Connect to DB
Sat, 18 Jan 2020 07:32:11 - INFO - TRIZMA DB import
Sat, 18 Jan 2020 07:32:11 - INFO - 123TV DB import
Sat, 18 Jan 2020 07:32:21 - INFO - Connect to DB
Sat, 18 Jan 2020 07:32:21 - INFO - TRIZMA DB import
Sat, 18 Jan 2020 07:32:21 - INFO - Failed on TRIZMA DB import at: 2020-01-17_18-20-57, for following calling party: 49394838993, for agent id: trz_bmaksimovic, with error:(pyodbc.DataError) ('22001', '[22001] [Microsoft][ODBC Driver 17 for SQL Server][SQL Server]String or binary data would be truncated. (8152) (SQLExecDirectW)')
[SQL: insert into records values('CC2Servicenummer','Belgrad','Nicht übermittelt','trz_bmaksimovic',                                 '49394838993','','Nicht übermittelt','49394838993_Wednesday, January 15, 2020_12:56:26 PM','BOR_MAKSIM')]
(Background on this error at: http://sqlalche.me/e/9h9h)
Sat, 18 Jan 2020 07:32:21 - INFO - 123TV DB import
Sat, 18 Jan 2020 07:33:23 - INFO - Connect to DB
Sat, 18 Jan 2020 07:33:23 - INFO - TRIZMA DB import
Sat, 18 Jan 2020 07:33:23 - INFO - 123TV DB import
Sat, 18 Jan 2020 07:33:33 - INFO - Connect to DB
Sat, 18 Jan 2020 07:33:33 - INFO - TRIZMA DB import
Sat, 18 Jan 2020 07:33:33 - INFO - Failed on TRIZMA DB import at: 2020-01-17_18-20-57, for following calling party: 493469120044, for agent id: trz_bmaksimovic, with error:(pyodbc.DataError) ('22001', '[22001] [Microsoft][ODBC Driver 17 for SQL Server][SQL Server]String or binary data would be truncated. (8152) (SQLExecDirectW)')
[SQL: insert into records values('CC2Servicenummer','Belgrad','Nicht übermittelt','trz_bmaksimovic',                                 '493469120044','','Nicht übermittelt','493469120044_Wednesday, January 15, 2020_4:06:05 PM','BOR_MAKSIM')]
(Background on this error at: http://sqlalche.me/e/9h9h)
Sat, 18 Jan 2020 07:33:33 - INFO - 123TV DB import
Sat, 18 Jan 2020 07:39:40 - INFO - Connect to DB
Sat, 18 Jan 2020 07:39:40 - INFO - TRIZMA DB import
Sat, 18 Jan 2020 07:39:40 - INFO - Failed on TRIZMA DB import at: 2020-01-17_18-20-57, for following calling party: 4917664778806, for agent id: trz_bmaksimovic, with error:(pyodbc.DataError) ('22001', '[22001] [Microsoft][ODBC Driver 17 for SQL Server][SQL Server]String or binary data would be truncated. (8152) (SQLExecDirectW)')
[SQL: insert into records values('CC2Servicenummer','Belgrad','Nicht übermittelt','trz_bmaksimovic',                                 '4917664778806','','Nicht übermittelt','4917664778806_Wednesday, January 15, 2020_5:21:00 PM','BOR_MAKSIM')]
(Background on this error at: http://sqlalche.me/e/9h9h)
Sat, 18 Jan 2020 07:39:40 - INFO - 123TV DB import
Sat, 18 Jan 2020 07:41:33 - INFO - Connect to DB
Sat, 18 Jan 2020 07:41:33 - INFO - TRIZMA DB import
Sat, 18 Jan 2020 07:41:33 - INFO - Failed on TRIZMA DB import at: 2020-01-17_18-20-57, for following calling party: 492472802794, for agent id: trz_bmaksimovic, with error:(pyodbc.DataError) ('22001', '[22001] [Microsoft][ODBC Driver 17 for SQL Server][SQL Server]String or binary data would be truncated. (8152) (SQLExecDirectW)')
[SQL: insert into records values('CC2Servicenummer','Belgrad','Nicht übermittelt','trz_bmaksimovic',                                 '492472802794','','Nicht übermittelt','492472802794_Thursday, January 16, 2020_12:25:17 PM','BOR_MAKSIM')]
(Background on this error at: http://sqlalche.me/e/9h9h)
Sat, 18 Jan 2020 07:41:33 - INFO - 123TV DB import
Sat, 18 Jan 2020 07:43:37 - INFO - Connect to DB
Sat, 18 Jan 2020 07:43:37 - INFO - TRIZMA DB import
Sat, 18 Jan 2020 07:43:37 - INFO - 123TV DB import
Sat, 18 Jan 2020 07:49:28 - INFO - Connect to DB
Sat, 18 Jan 2020 07:49:28 - INFO - TRIZMA DB import
Sat, 18 Jan 2020 07:49:28 - INFO - Failed on TRIZMA DB import at: 2020-01-17_18-20-57, for following calling party: 4915774426087, for agent id: trz_bmaksimovic, with error:(pyodbc.DataError) ('22001', '[22001] [Microsoft][ODBC Driver 17 for SQL Server][SQL Server]String or binary data would be truncated. (8152) (SQLExecDirectW)')
[SQL: insert into records values('CC2Servicenummer','Belgrad','Nicht übermittelt','trz_bmaksimovic',                                 '4915774426087','','Nicht übermittelt','4915774426087_Thursday, January 16, 2020_3:49:00 PM','BOR_MAKSIM')]
(Background on this error at: http://sqlalche.me/e/9h9h)
Sat, 18 Jan 2020 07:49:28 - INFO - 123TV DB import
Sat, 18 Jan 2020 07:51:21 - INFO - Connect to DB
Sat, 18 Jan 2020 07:51:21 - INFO - TRIZMA DB import
Sat, 18 Jan 2020 07:51:21 - INFO - Failed on TRIZMA DB import at: 2020-01-17_18-20-57, for following calling party: 4971368304261, for agent id: trz_bmaksimovic, with error:(pyodbc.DataError) ('22001', '[22001] [Microsoft][ODBC Driver 17 for SQL Server][SQL Server]String or binary data would be truncated. (8152) (SQLExecDirectW)')
[SQL: insert into records values('CC2Servicenummer','Belgrad','Nicht übermittelt','trz_bmaksimovic',                                 '4971368304261','','Nicht übermittelt','4971368304261_Thursday, January 16, 2020_6:54:30 PM','BOR_MAKSIM')]
(Background on this error at: http://sqlalche.me/e/9h9h)
Sat, 18 Jan 2020 07:51:21 - INFO - 123TV DB import
Sat, 18 Jan 2020 07:52:39 - INFO - Connect to DB
Sat, 18 Jan 2020 07:52:39 - INFO - TRIZMA DB import
Sat, 18 Jan 2020 07:52:39 - INFO - 123TV DB import
Sat, 18 Jan 2020 07:58:56 - INFO - Connect to DB
Sat, 18 Jan 2020 07:58:56 - INFO - TRIZMA DB import
Sat, 18 Jan 2020 07:58:56 - INFO - 123TV DB import
