Mon, 30 Dec 2019 08:29:24 - INFO - Connect to DB
Mon, 30 Dec 2019 08:29:24 - INFO - TRIZMA DB import
Mon, 30 Dec 2019 08:29:24 - INFO - 123TV DB import
Mon, 30 Dec 2019 08:32:55 - INFO - Connect to DB
Mon, 30 Dec 2019 08:32:55 - INFO - TRIZMA DB import
Mon, 30 Dec 2019 08:32:55 - INFO - 123TV DB import
Mon, 30 Dec 2019 08:35:56 - INFO - Connect to DB
Mon, 30 Dec 2019 08:35:56 - INFO - TRIZMA DB import
Mon, 30 Dec 2019 08:35:56 - INFO - 123TV DB import
Mon, 30 Dec 2019 08:37:07 - INFO - Connect to DB
Mon, 30 Dec 2019 08:37:07 - INFO - TRIZMA DB import
Mon, 30 Dec 2019 08:37:07 - INFO - Failed on TRIZMA DB import at: 2019-12-30_08-24-39, for following calling party: 493641334906, for agent id: trz_sstankovic, with error:(pyodbc.DataError) ('22001', '[22001] [Microsoft][ODBC Driver 17 for SQL Server][SQL Server]String or binary data would be truncated. (8152) (SQLExecDirectW)')
[SQL: insert into records values('CC2Servicenummer','Belgrad','Nicht übermittelt','trz_sstankovic',                                  '493641334906','','Nicht übermittelt','493641334906_Thursday, December 19, 2019_3:23:17 PM')]
(Background on this error at: http://sqlalche.me/e/9h9h)
Mon, 30 Dec 2019 08:37:07 - INFO - 123TV DB import
Mon, 30 Dec 2019 08:42:22 - INFO - Connect to DB
Mon, 30 Dec 2019 08:42:23 - INFO - TRIZMA DB import
Mon, 30 Dec 2019 08:42:23 - INFO - Failed on TRIZMA DB import at: 2019-12-30_08-24-39, for following calling party: 491723187607, for agent id: trz_sstankovic, with error:(pyodbc.DataError) ('22001', '[22001] [Microsoft][ODBC Driver 17 for SQL Server][SQL Server]String or binary data would be truncated. (8152) (SQLExecDirectW)')
[SQL: insert into records values('CC2Servicenummer','Belgrad','Nicht übermittelt','trz_sstankovic',                                  '491723187607','','Nicht übermittelt','491723187607_Thursday, December 19, 2019_3:32:31 PM')]
(Background on this error at: http://sqlalche.me/e/9h9h)
Mon, 30 Dec 2019 08:42:23 - INFO - 123TV DB import
Mon, 30 Dec 2019 08:44:07 - INFO - Connect to DB
Mon, 30 Dec 2019 08:44:07 - INFO - TRIZMA DB import
Mon, 30 Dec 2019 08:44:07 - INFO - 123TV DB import
Mon, 30 Dec 2019 08:47:09 - INFO - Connect to DB
Mon, 30 Dec 2019 08:47:09 - INFO - TRIZMA DB import
Mon, 30 Dec 2019 08:47:09 - INFO - 123TV DB import
Mon, 30 Dec 2019 08:53:19 - INFO - Connect to DB
Mon, 30 Dec 2019 08:53:19 - INFO - TRIZMA DB import
Mon, 30 Dec 2019 08:53:19 - INFO - 123TV DB import
Mon, 30 Dec 2019 08:54:05 - INFO - Connect to DB
Mon, 30 Dec 2019 08:54:05 - INFO - TRIZMA DB import
Mon, 30 Dec 2019 08:54:05 - INFO - Failed on TRIZMA DB import at: 2019-12-30_08-24-39, for following calling party: 493028859214, for agent id: trz_sstankovic, with error:(pyodbc.DataError) ('22001', '[22001] [Microsoft][ODBC Driver 17 for SQL Server][SQL Server]String or binary data would be truncated. (8152) (SQLExecDirectW)')
[SQL: insert into records values('CC2Servicenummer','Belgrad','Nicht übermittelt','trz_sstankovic',                                  '493028859214','','Nicht übermittelt','493028859214_Thursday, December 19, 2019_4:43:56 PM')]
(Background on this error at: http://sqlalche.me/e/9h9h)
Mon, 30 Dec 2019 08:54:05 - INFO - 123TV DB import
