Wed, 08 Jan 2020 09:27:54 - INFO - Connect to DB
Wed, 08 Jan 2020 09:27:54 - INFO - TRIZMA DB import
Wed, 08 Jan 2020 09:27:54 - INFO - 123TV DB import
Wed, 08 Jan 2020 09:27:59 - INFO - Failed on 123TV DB import at: 2020-01-08_09-22-20, for following calling party: 49893117528, for agent id: 3098, with error:Invalid XML content received (Start tag expected, '<' not found, line 1, column 1)
Wed, 08 Jan 2020 09:30:39 - INFO - Connect to DB
Wed, 08 Jan 2020 09:30:39 - INFO - TRIZMA DB import
Wed, 08 Jan 2020 09:30:39 - INFO - Failed on TRIZMA DB import at: 2020-01-08_09-22-20, for following calling party: 4961247288958, for agent id: trz_sstankovic, with error:(pyodbc.DataError) ('22001', '[22001] [Microsoft][ODBC Driver 17 for SQL Server][SQL Server]String or binary data would be truncated. (8152) (SQLExecDirectW)')
[SQL: insert into records values('CC2Servicenummer','Belgrad','Nicht übermittelt','trz_sstankovic',                                  '4961247288958','','Nicht übermittelt','4961247288958_Tuesday, January 07, 2020_11:40:41 AM')]
(Background on this error at: http://sqlalche.me/e/9h9h)
Wed, 08 Jan 2020 09:30:39 - INFO - 123TV DB import
Wed, 08 Jan 2020 09:30:44 - INFO - Failed on 123TV DB import at: 2020-01-08_09-22-20, for following calling party: 4961247288958, for agent id: 3046, with error:Invalid XML content received (Start tag expected, '<' not found, line 1, column 1)
Wed, 08 Jan 2020 09:33:15 - INFO - Connect to DB
Wed, 08 Jan 2020 09:33:15 - INFO - TRIZMA DB import
Wed, 08 Jan 2020 09:33:15 - INFO - 123TV DB import
Wed, 08 Jan 2020 09:33:20 - INFO - Failed on 123TV DB import at: 2020-01-08_09-22-20, for following calling party: 491778778535, for agent id: 3098, with error:Invalid XML content received (Start tag expected, '<' not found, line 1, column 1)
Wed, 08 Jan 2020 09:36:27 - INFO - Connect to DB
Wed, 08 Jan 2020 09:36:27 - INFO - TRIZMA DB import
Wed, 08 Jan 2020 09:36:27 - INFO - 123TV DB import
Wed, 08 Jan 2020 09:36:32 - INFO - Failed on 123TV DB import at: 2020-01-08_09-22-20, for following calling party: 491718893213, for agent id: 3046, with error:Invalid XML content received (Start tag expected, '<' not found, line 1, column 1)
Wed, 08 Jan 2020 09:39:50 - INFO - Connect to DB
Wed, 08 Jan 2020 09:39:50 - INFO - TRIZMA DB import
Wed, 08 Jan 2020 09:39:50 - INFO - 123TV DB import
Wed, 08 Jan 2020 09:39:55 - INFO - Failed on 123TV DB import at: 2020-01-08_09-22-20, for following calling party: 491721652046, for agent id: 3122, with error:Invalid XML content received (Start tag expected, '<' not found, line 1, column 1)
Wed, 08 Jan 2020 09:47:01 - INFO - Connect to DB
Wed, 08 Jan 2020 09:47:01 - INFO - TRIZMA DB import
Wed, 08 Jan 2020 09:47:01 - INFO - Failed on TRIZMA DB import at: 2020-01-08_09-22-20, for following calling party: 4917645676096, for agent id: trz_iastojic, with error:(pyodbc.DataError) ('22001', '[22001] [Microsoft][ODBC Driver 17 for SQL Server][SQL Server]String or binary data would be truncated. (8152) (SQLExecDirectW)')
[SQL: insert into records values('CC2Servicenummer','Belgrad','Nicht übermittelt','trz_iastojic',                                  '4917645676096','','Nicht übermittelt','4917645676096_Wednesday, January 8, 2020_10:46:54 AM')]
(Background on this error at: http://sqlalche.me/e/9h9h)
Wed, 08 Jan 2020 09:47:01 - INFO - 123TV DB import
Wed, 08 Jan 2020 09:47:06 - INFO - Failed on 123TV DB import at: 2020-01-08_09-22-20, for following calling party: 4917645676096, for agent id: 3065, with error:Invalid XML content received (Start tag expected, '<' not found, line 1, column 1)
Wed, 08 Jan 2020 09:47:43 - INFO - Connect to DB
Wed, 08 Jan 2020 09:47:43 - INFO - TRIZMA DB import
Wed, 08 Jan 2020 09:47:44 - INFO - 123TV DB import
Wed, 08 Jan 2020 09:47:49 - INFO - Failed on 123TV DB import at: 2020-01-08_09-22-20, for following calling party: 493835512654, for agent id: 3098, with error:Invalid XML content received (Start tag expected, '<' not found, line 1, column 1)
Wed, 08 Jan 2020 09:53:46 - INFO - Connect to DB
Wed, 08 Jan 2020 09:53:46 - INFO - TRIZMA DB import
Wed, 08 Jan 2020 09:53:46 - INFO - Failed on TRIZMA DB import at: 2020-01-08_09-22-20, for following calling party: 491702847039, for agent id: trz_hjovic, with error:(pyodbc.DataError) ('22001', '[22001] [Microsoft][ODBC Driver 17 for SQL Server][SQL Server]String or binary data would be truncated. (8152) (SQLExecDirectW)')
[SQL: insert into records values('CC2Servicenummer','Belgrad','Nicht übermittelt','trz_hjovic',                                  '491702847039','','Nicht übermittelt','491702847039_Wednesday, January 8, 2020_10:53:46 AM')]
(Background on this error at: http://sqlalche.me/e/9h9h)
Wed, 08 Jan 2020 09:53:46 - INFO - 123TV DB import
Wed, 08 Jan 2020 09:53:51 - INFO - Failed on 123TV DB import at: 2020-01-08_09-22-20, for following calling party: 491702847039, for agent id: 3063, with error:Invalid XML content received (Start tag expected, '<' not found, line 1, column 1)
