Wed, 25 Dec 2019 10:36:11 - INFO - Connect to DB
Wed, 25 Dec 2019 10:36:12 - INFO - TRIZMA DB import
Wed, 25 Dec 2019 10:36:12 - INFO - Failed on TRIZMA DB import at: 2019-12-25_10-31-15, for following calling party: 493423606094, for agent id: trz_sstankovic, with error:(pyodbc.DataError) ('22001', '[22001] [Microsoft][ODBC Driver 17 for SQL Server][SQL Server]String or binary data would be truncated. (8152) (SQLExecDirectW)')
[SQL: insert into records values('CC2Servicenummer','Belgrad','Nicht übermittelt','trz_sstankovic',                                  '493423606094','','Nicht übermittelt','493423606094_Thursday, November 28, 2019_5:43:21 PM')]
(Background on this error at: http://sqlalche.me/e/9h9h)
Wed, 25 Dec 2019 10:36:12 - INFO - 123TV DB import
Wed, 25 Dec 2019 10:36:57 - INFO - Connect to DB
Wed, 25 Dec 2019 10:36:58 - INFO - TRIZMA DB import
Wed, 25 Dec 2019 10:36:58 - INFO - Failed on TRIZMA DB import at: 2019-12-25_10-31-15, for following calling party: 4980516014792, for agent id: trz_sstankovic, with error:(pyodbc.DataError) ('22001', '[22001] [Microsoft][ODBC Driver 17 for SQL Server][SQL Server]String or binary data would be truncated. (8152) (SQLExecDirectW)')
[SQL: insert into records values('CC2Servicenummer','Belgrad','Nicht übermittelt','trz_sstankovic',                                  '4980516014792','','Nicht übermittelt','4980516014792_Wednesday, December 11, 2019_6:38:48 PM')]
(Background on this error at: http://sqlalche.me/e/9h9h)
Wed, 25 Dec 2019 10:36:58 - INFO - 123TV DB import
Wed, 25 Dec 2019 10:37:09 - INFO - Connect to DB
Wed, 25 Dec 2019 10:37:09 - INFO - TRIZMA DB import
Wed, 25 Dec 2019 10:37:09 - INFO - Failed on TRIZMA DB import at: 2019-12-25_10-31-15, for following calling party: 496131685045, for agent id: trz_sstankovic, with error:(pyodbc.DataError) ('22001', '[22001] [Microsoft][ODBC Driver 17 for SQL Server][SQL Server]String or binary data would be truncated. (8152) (SQLExecDirectW)')
[SQL: insert into records values('CC2Servicenummer','Belgrad','Nicht übermittelt','trz_sstankovic',                                  '496131685045','','Nicht übermittelt','496131685045_Wednesday, December 11, 2019_6:53:36 PM')]
(Background on this error at: http://sqlalche.me/e/9h9h)
Wed, 25 Dec 2019 10:37:09 - INFO - 123TV DB import
Wed, 25 Dec 2019 11:38:57 - INFO - Connect to DB
Wed, 25 Dec 2019 11:38:58 - INFO - TRIZMA DB import
Wed, 25 Dec 2019 11:38:58 - INFO - Failed on TRIZMA DB import at: 2019-12-25_10-31-15, for following calling party: 4935475549995, for agent id: trz_sstankovic, with error:(pyodbc.DataError) ('22001', '[22001] [Microsoft][ODBC Driver 17 for SQL Server][SQL Server]String or binary data would be truncated. (8152) (SQLExecDirectW)')
[SQL: insert into records values('CC2Servicenummer','Belgrad','Nicht übermittelt','trz_sstankovic',                                  '4935475549995','','Nicht übermittelt','4935475549995_Thursday, December 19, 2019_12:20:38 PM')]
(Background on this error at: http://sqlalche.me/e/9h9h)
Wed, 25 Dec 2019 11:38:58 - INFO - 123TV DB import
Wed, 25 Dec 2019 11:43:14 - INFO - Connect to DB
Wed, 25 Dec 2019 11:43:14 - INFO - TRIZMA DB import
Wed, 25 Dec 2019 11:43:14 - INFO - Failed on TRIZMA DB import at: 2019-12-25_10-31-15, for following calling party: 4933773818044, for agent id: trz_tjurjevic, with error:(pyodbc.DataError) ('22001', '[22001] [Microsoft][ODBC Driver 17 for SQL Server][SQL Server]String or binary data would be truncated. (8152) (SQLExecDirectW)')
[SQL: insert into records values('CC2Servicenummer','Belgrad','Nicht übermittelt','trz_tjurjevic',                                  '4933773818044','','Nicht übermittelt','4933773818044_Wednesday, December 25, 2019_12:43:08 PM')]
(Background on this error at: http://sqlalche.me/e/9h9h)
Wed, 25 Dec 2019 11:43:14 - INFO - 123TV DB import
Wed, 25 Dec 2019 11:44:07 - INFO - Connect to DB
Wed, 25 Dec 2019 11:44:07 - INFO - TRIZMA DB import
Wed, 25 Dec 2019 11:44:07 - INFO - Failed on TRIZMA DB import at: 2019-12-25_10-31-15, for following calling party: 4973125068444, for agent id: trz_sstankovic, with error:(pyodbc.DataError) ('22001', '[22001] [Microsoft][ODBC Driver 17 for SQL Server][SQL Server]String or binary data would be truncated. (8152) (SQLExecDirectW)')
[SQL: insert into records values('CC2Servicenummer','Belgrad','Nicht übermittelt','trz_sstankovic',                                  '4973125068444','','Nicht übermittelt','4973125068444_Wednesday, December 25, 2019_12:44:03 PM')]
(Background on this error at: http://sqlalche.me/e/9h9h)
Wed, 25 Dec 2019 11:44:07 - INFO - 123TV DB import
Wed, 25 Dec 2019 11:50:09 - INFO - Connect to DB
Wed, 25 Dec 2019 11:50:09 - INFO - TRIZMA DB import
Wed, 25 Dec 2019 11:50:09 - INFO - Failed on TRIZMA DB import at: 2019-12-25_10-31-15, for following calling party: 493516505592, for agent id: trz_sstankovic, with error:(pyodbc.DataError) ('22001', '[22001] [Microsoft][ODBC Driver 17 for SQL Server][SQL Server]String or binary data would be truncated. (8152) (SQLExecDirectW)')
[SQL: insert into records values('CC2Servicenummer','Belgrad','Nicht übermittelt','trz_sstankovic',                                  '493516505592','','Nicht übermittelt','493516505592_Thursday, December 19, 2019_2:24:53 PM')]
(Background on this error at: http://sqlalche.me/e/9h9h)
Wed, 25 Dec 2019 11:50:09 - INFO - 123TV DB import
Wed, 25 Dec 2019 11:50:45 - INFO - Connect to DB
Wed, 25 Dec 2019 11:50:45 - INFO - TRIZMA DB import
Wed, 25 Dec 2019 11:50:45 - INFO - Failed on TRIZMA DB import at: 2019-12-25_10-31-15, for following calling party: 493641334906, for agent id: trz_sstankovic, with error:(pyodbc.DataError) ('22001', '[22001] [Microsoft][ODBC Driver 17 for SQL Server][SQL Server]String or binary data would be truncated. (8152) (SQLExecDirectW)')
[SQL: insert into records values('CC2Servicenummer','Belgrad','Nicht übermittelt','trz_sstankovic',                                  '493641334906','','Nicht übermittelt','493641334906_Thursday, December 19, 2019_3:23:17 PM')]
(Background on this error at: http://sqlalche.me/e/9h9h)
Wed, 25 Dec 2019 11:50:45 - INFO - 123TV DB import
Wed, 25 Dec 2019 11:51:45 - INFO - Connect to DB
Wed, 25 Dec 2019 11:51:45 - INFO - TRIZMA DB import
Wed, 25 Dec 2019 11:51:45 - INFO - Failed on TRIZMA DB import at: 2019-12-25_10-31-15, for following calling party: 493028859214, for agent id: trz_sstankovic, with error:(pyodbc.DataError) ('22001', '[22001] [Microsoft][ODBC Driver 17 for SQL Server][SQL Server]String or binary data would be truncated. (8152) (SQLExecDirectW)')
[SQL: insert into records values('CC2Servicenummer','Belgrad','Nicht übermittelt','trz_sstankovic',                                  '493028859214','','Nicht übermittelt','493028859214_Thursday, December 19, 2019_3:58:31 PM')]
(Background on this error at: http://sqlalche.me/e/9h9h)
Wed, 25 Dec 2019 11:51:45 - INFO - 123TV DB import
Wed, 25 Dec 2019 11:52:35 - INFO - Connect to DB
Wed, 25 Dec 2019 11:52:35 - INFO - TRIZMA DB import
Wed, 25 Dec 2019 11:52:35 - INFO - 123TV DB import
Wed, 25 Dec 2019 11:53:06 - INFO - Connect to DB
Wed, 25 Dec 2019 11:53:06 - INFO - TRIZMA DB import
Wed, 25 Dec 2019 11:53:06 - INFO - Failed on TRIZMA DB import at: 2019-12-25_10-31-15, for following calling party: 494065724666, for agent id: trz_sstankovic, with error:(pyodbc.DataError) ('22001', '[22001] [Microsoft][ODBC Driver 17 for SQL Server][SQL Server]String or binary data would be truncated. (8152) (SQLExecDirectW)')
[SQL: insert into records values('CC2Servicenummer','Belgrad','Nicht übermittelt','trz_sstankovic',                                  '494065724666','','Nicht übermittelt','494065724666_Thursday, December 19, 2019_4:58:41 PM')]
(Background on this error at: http://sqlalche.me/e/9h9h)
Wed, 25 Dec 2019 11:53:06 - INFO - 123TV DB import
Wed, 25 Dec 2019 11:53:20 - INFO - Connect to DB
Wed, 25 Dec 2019 11:53:20 - INFO - TRIZMA DB import
Wed, 25 Dec 2019 11:53:20 - INFO - Failed on TRIZMA DB import at: 2019-12-25_10-31-15, for following calling party: 4964417897798, for agent id: trz_sstankovic, with error:(pyodbc.DataError) ('22001', '[22001] [Microsoft][ODBC Driver 17 for SQL Server][SQL Server]String or binary data would be truncated. (8152) (SQLExecDirectW)')
[SQL: insert into records values('CC2Servicenummer','Belgrad','Nicht übermittelt','trz_sstankovic',                                  '4964417897798','','Nicht übermittelt','4964417897798_Thursday, December 19, 2019_5:10:23 PM')]
(Background on this error at: http://sqlalche.me/e/9h9h)
Wed, 25 Dec 2019 11:53:20 - INFO - 123TV DB import
Wed, 25 Dec 2019 11:53:42 - INFO - Connect to DB
Wed, 25 Dec 2019 11:53:42 - INFO - TRIZMA DB import
Wed, 25 Dec 2019 11:53:42 - INFO - Failed on TRIZMA DB import at: 2019-12-25_10-31-15, for following calling party: 491722455363, for agent id: trz_sstankovic, with error:(pyodbc.DataError) ('22001', '[22001] [Microsoft][ODBC Driver 17 for SQL Server][SQL Server]String or binary data would be truncated. (8152) (SQLExecDirectW)')
[SQL: insert into records values('CC2Servicenummer','Belgrad','Nicht übermittelt','trz_sstankovic',                                  '491722455363','','Nicht übermittelt','491722455363_Thursday, December 19, 2019_5:31:53 PM')]
(Background on this error at: http://sqlalche.me/e/9h9h)
Wed, 25 Dec 2019 11:53:42 - INFO - 123TV DB import
Wed, 25 Dec 2019 11:54:23 - INFO - Connect to DB
Wed, 25 Dec 2019 11:54:23 - INFO - TRIZMA DB import
Wed, 25 Dec 2019 11:54:23 - INFO - Failed on TRIZMA DB import at: 2019-12-25_10-31-15, for following calling party: 4915739473840, for agent id: trz_sstankovic, with error:(pyodbc.DataError) ('22001', '[22001] [Microsoft][ODBC Driver 17 for SQL Server][SQL Server]String or binary data would be truncated. (8152) (SQLExecDirectW)')
[SQL: insert into records values('CC2Servicenummer','Belgrad','Nicht übermittelt','trz_sstankovic',                                  '4915739473840','','Nicht übermittelt','4915739473840_Thursday, December 19, 2019_6:43:33 PM')]
(Background on this error at: http://sqlalche.me/e/9h9h)
Wed, 25 Dec 2019 11:54:23 - INFO - 123TV DB import
Wed, 25 Dec 2019 11:55:14 - INFO - Connect to DB
Wed, 25 Dec 2019 11:55:14 - INFO - TRIZMA DB import
Wed, 25 Dec 2019 11:55:14 - INFO - 123TV DB import
Wed, 25 Dec 2019 11:56:07 - INFO - Connect to DB
Wed, 25 Dec 2019 11:56:07 - INFO - TRIZMA DB import
Wed, 25 Dec 2019 11:56:07 - INFO - 123TV DB import
Wed, 25 Dec 2019 12:01:30 - INFO - Connect to DB
Wed, 25 Dec 2019 12:01:30 - INFO - TRIZMA DB import
Wed, 25 Dec 2019 12:01:30 - INFO - 123TV DB import
Wed, 25 Dec 2019 12:07:26 - INFO - Connect to DB
Wed, 25 Dec 2019 12:07:26 - INFO - TRIZMA DB import
Wed, 25 Dec 2019 12:07:26 - INFO - 123TV DB import
Wed, 25 Dec 2019 12:18:57 - INFO - Connect to DB
Wed, 25 Dec 2019 12:18:57 - INFO - TRIZMA DB import
Wed, 25 Dec 2019 12:18:57 - INFO - 123TV DB import
Wed, 25 Dec 2019 12:19:38 - INFO - Connect to DB
Wed, 25 Dec 2019 12:19:38 - INFO - TRIZMA DB import
Wed, 25 Dec 2019 12:19:38 - INFO - 123TV DB import
Wed, 25 Dec 2019 12:25:18 - INFO - Connect to DB
Wed, 25 Dec 2019 12:25:18 - INFO - TRIZMA DB import
Wed, 25 Dec 2019 12:25:18 - INFO - 123TV DB import
Wed, 25 Dec 2019 12:26:36 - INFO - Connect to DB
Wed, 25 Dec 2019 12:26:36 - INFO - TRIZMA DB import
Wed, 25 Dec 2019 12:26:36 - INFO - Failed on TRIZMA DB import at: 2019-12-25_10-31-15, for following calling party: 4923243445495, for agent id: trz_sstankovic, with error:(pyodbc.DataError) ('22001', '[22001] [Microsoft][ODBC Driver 17 for SQL Server][SQL Server]String or binary data would be truncated. (8152) (SQLExecDirectW)')
[SQL: insert into records values('CC2Servicenummer','Belgrad','Nicht übermittelt','trz_sstankovic',                                  '4923243445495','','Nicht übermittelt','4923243445495_Saturday, December 21, 2019_4:22:28 PM')]
(Background on this error at: http://sqlalche.me/e/9h9h)
Wed, 25 Dec 2019 12:26:36 - INFO - 123TV DB import
Wed, 25 Dec 2019 12:26:41 - INFO - Connect to DB
Wed, 25 Dec 2019 12:26:42 - INFO - TRIZMA DB import
Wed, 25 Dec 2019 12:26:42 - INFO - Failed on TRIZMA DB import at: 2019-12-25_10-31-15, for following calling party: 4954738018891, for agent id: trz_sstankovic, with error:(pyodbc.DataError) ('22001', '[22001] [Microsoft][ODBC Driver 17 for SQL Server][SQL Server]String or binary data would be truncated. (8152) (SQLExecDirectW)')
[SQL: insert into records values('CC2Servicenummer','Belgrad','Nicht übermittelt','trz_sstankovic',                                  '4954738018891','','Nicht übermittelt','4954738018891_Saturday, December 21, 2019_4:41:56 PM')]
(Background on this error at: http://sqlalche.me/e/9h9h)
Wed, 25 Dec 2019 12:26:42 - INFO - 123TV DB import
Wed, 25 Dec 2019 12:27:10 - INFO - Connect to DB
Wed, 25 Dec 2019 12:27:10 - INFO - TRIZMA DB import
Wed, 25 Dec 2019 12:27:10 - INFO - 123TV DB import
Wed, 25 Dec 2019 12:27:38 - INFO - Connect to DB
Wed, 25 Dec 2019 12:27:38 - INFO - TRIZMA DB import
Wed, 25 Dec 2019 12:27:38 - INFO - 123TV DB import
Wed, 25 Dec 2019 12:32:00 - INFO - Connect to DB
Wed, 25 Dec 2019 12:32:00 - INFO - TRIZMA DB import
Wed, 25 Dec 2019 12:32:00 - INFO - Failed on TRIZMA DB import at: 2019-12-25_10-31-15, for following calling party: 491728494667, for agent id: trz_sstankovic, with error:(pyodbc.DataError) ('22001', '[22001] [Microsoft][ODBC Driver 17 for SQL Server][SQL Server]String or binary data would be truncated. (8152) (SQLExecDirectW)')
[SQL: insert into records values('CC2Servicenummer','Belgrad','Nicht übermittelt','trz_sstankovic',                                  '491728494667','','Nicht übermittelt','491728494667_Saturday, December 21, 2019_7:49:07 PM')]
(Background on this error at: http://sqlalche.me/e/9h9h)
Wed, 25 Dec 2019 12:32:00 - INFO - 123TV DB import
