Mon, 30 Dec 2019 07:56:24 - INFO - Connect to DB
Mon, 30 Dec 2019 07:56:24 - INFO - TRIZMA DB import
Mon, 30 Dec 2019 07:56:24 - INFO - Failed on TRIZMA DB import at: 2019-12-30_07-54-51, for following calling party: 493660236025, for agent id: trz_sstankovic, with error:(pyodbc.DataError) ('22001', '[22001] [Microsoft][ODBC Driver 17 for SQL Server][SQL Server]String or binary data would be truncated. (8152) (SQLExecDirectW)')
[SQL: insert into records values('CC2Servicenummer','Belgrad','Nicht übermittelt','trz_sstankovic',                                  '493660236025','','Nicht übermittelt','493660236025_Thursday, December 19, 2019_11:49:07 AM')]
(Background on this error at: http://sqlalche.me/e/9h9h)
Mon, 30 Dec 2019 07:56:24 - INFO - 123TV DB import
Mon, 30 Dec 2019 07:58:55 - INFO - Connect to DB
Mon, 30 Dec 2019 07:58:55 - INFO - TRIZMA DB import
Mon, 30 Dec 2019 07:58:55 - INFO - Failed on TRIZMA DB import at: 2019-12-30_07-54-51, for following calling party: 4960622666690, for agent id: trz_sstankovic, with error:(pyodbc.DataError) ('22001', '[22001] [Microsoft][ODBC Driver 17 for SQL Server][SQL Server]String or binary data would be truncated. (8152) (SQLExecDirectW)')
[SQL: insert into records values('CC2Servicenummer','Belgrad','Nicht übermittelt','trz_sstankovic',                                  '4960622666690','','Nicht übermittelt','4960622666690_Thursday, December 19, 2019_12:09:26 PM')]
(Background on this error at: http://sqlalche.me/e/9h9h)
Mon, 30 Dec 2019 07:58:55 - INFO - 123TV DB import
Mon, 30 Dec 2019 08:01:09 - INFO - Connect to DB
Mon, 30 Dec 2019 08:01:09 - INFO - TRIZMA DB import
Mon, 30 Dec 2019 08:01:10 - INFO - 123TV DB import
Mon, 30 Dec 2019 08:07:43 - INFO - Connect to DB
Mon, 30 Dec 2019 08:07:43 - INFO - TRIZMA DB import
Mon, 30 Dec 2019 08:07:43 - INFO - 123TV DB import
Mon, 30 Dec 2019 08:08:00 - INFO - Connect to DB
Mon, 30 Dec 2019 08:08:00 - INFO - TRIZMA DB import
Mon, 30 Dec 2019 08:08:00 - INFO - 123TV DB import
Mon, 30 Dec 2019 08:08:27 - INFO - Connect to DB
Mon, 30 Dec 2019 08:08:27 - INFO - TRIZMA DB import
Mon, 30 Dec 2019 08:08:27 - INFO - 123TV DB import
Mon, 30 Dec 2019 08:08:47 - INFO - Connect to DB
Mon, 30 Dec 2019 08:08:47 - INFO - TRIZMA DB import
Mon, 30 Dec 2019 08:08:47 - INFO - 123TV DB import
Mon, 30 Dec 2019 08:09:06 - INFO - Connect to DB
Mon, 30 Dec 2019 08:09:06 - INFO - TRIZMA DB import
Mon, 30 Dec 2019 08:09:07 - INFO - Failed on TRIZMA DB import at: 2019-12-30_07-54-51, for following calling party: 493376641923, for agent id: trz_sstankovic, with error:(pyodbc.DataError) ('22001', '[22001] [Microsoft][ODBC Driver 17 for SQL Server][SQL Server]String or binary data would be truncated. (8152) (SQLExecDirectW)')
[SQL: insert into records values('CC2Servicenummer','Belgrad','Nicht übermittelt','trz_sstankovic',                                  '493376641923','','Nicht übermittelt','493376641923_Thursday, December 19, 2019_12:23:17 PM')]
(Background on this error at: http://sqlalche.me/e/9h9h)
Mon, 30 Dec 2019 08:09:07 - INFO - 123TV DB import
Mon, 30 Dec 2019 08:09:14 - INFO - Connect to DB
Mon, 30 Dec 2019 08:09:15 - INFO - TRIZMA DB import
Mon, 30 Dec 2019 08:09:15 - INFO - 123TV DB import
Mon, 30 Dec 2019 08:10:08 - INFO - Connect to DB
Mon, 30 Dec 2019 08:10:08 - INFO - TRIZMA DB import
Mon, 30 Dec 2019 08:10:08 - INFO - 123TV DB import
