Sat, 21 Dec 2019 12:09:03 - INFO - Connect to DB
Sat, 21 Dec 2019 12:09:03 - INFO - TRIZMA DB import
Sat, 21 Dec 2019 12:09:04 - INFO - 123TV DB import
Sat, 21 Dec 2019 12:09:25 - INFO - Connect to DB
Sat, 21 Dec 2019 12:09:25 - INFO - TRIZMA DB import
Sat, 21 Dec 2019 12:09:25 - INFO - Failed on TRIZMA DB import at: 2019-12-21_12-05-19, for following calling party: 4915739473840, for agent id: trz_sstankovic, with error:(pyodbc.DataError) ('22001', '[22001] [Microsoft][ODBC Driver 17 for SQL Server][SQL Server]String or binary data would be truncated. (8152) (SQLExecDirectW)')
[SQL: insert into records values('CC2Servicenummer','Belgrad','Nicht übermittelt','trz_sstankovic',                                  '4915739473840','','Nicht übermittelt','4915739473840_Thursday, December 19, 2019_6:43:33 PM')]
(Background on this error at: http://sqlalche.me/e/9h9h)
Sat, 21 Dec 2019 12:09:25 - INFO - 123TV DB import
Sat, 21 Dec 2019 12:10:08 - INFO - Connect to DB
Sat, 21 Dec 2019 12:10:08 - INFO - TRIZMA DB import
Sat, 21 Dec 2019 12:10:08 - INFO - 123TV DB import
Sat, 21 Dec 2019 12:23:22 - INFO - Connect to DB
Sat, 21 Dec 2019 12:23:22 - INFO - TRIZMA DB import
Sat, 21 Dec 2019 12:23:22 - INFO - 123TV DB import
Sat, 21 Dec 2019 12:28:43 - INFO - Connect to DB
Sat, 21 Dec 2019 12:28:43 - INFO - TRIZMA DB import
Sat, 21 Dec 2019 12:28:43 - INFO - 123TV DB import
Sat, 21 Dec 2019 12:29:48 - INFO - Connect to DB
Sat, 21 Dec 2019 12:29:48 - INFO - TRIZMA DB import
Sat, 21 Dec 2019 12:29:49 - INFO - 123TV DB import
Sat, 21 Dec 2019 12:29:58 - INFO - Connect to DB
Sat, 21 Dec 2019 12:29:58 - INFO - TRIZMA DB import
Sat, 21 Dec 2019 12:29:58 - INFO - 123TV DB import
