Mon, 30 Dec 2019 07:29:24 - INFO - Connect to DB
Mon, 30 Dec 2019 07:29:24 - INFO - TRIZMA DB import
Mon, 30 Dec 2019 07:29:24 - INFO - Failed on TRIZMA DB import at: 2019-12-30_07-23-28, for following calling party: 49934237260, for agent id: trz_sstankovic, with error:(pyodbc.DataError) ('22001', '[22001] [Microsoft][ODBC Driver 17 for SQL Server][SQL Server]String or binary data would be truncated. (8152) (SQLExecDirectW)')
[SQL: insert into records values('CC2Servicenummer','Belgrad','Nicht übermittelt','trz_sstankovic',                                  '49934237260','','Nicht übermittelt','49934237260_Wednesday, December 11, 2019_7:05:54 PM')]
(Background on this error at: http://sqlalche.me/e/9h9h)
Mon, 30 Dec 2019 07:29:24 - INFO - 123TV DB import
Mon, 30 Dec 2019 07:35:31 - INFO - Connect to DB
Mon, 30 Dec 2019 07:35:31 - INFO - TRIZMA DB import
Mon, 30 Dec 2019 07:35:31 - INFO - 123TV DB import
Mon, 30 Dec 2019 07:39:15 - INFO - Connect to DB
Mon, 30 Dec 2019 07:39:15 - INFO - TRIZMA DB import
Mon, 30 Dec 2019 07:39:15 - INFO - 123TV DB import
Mon, 30 Dec 2019 07:39:51 - INFO - Connect to DB
Mon, 30 Dec 2019 07:39:51 - INFO - TRIZMA DB import
Mon, 30 Dec 2019 07:39:51 - INFO - 123TV DB import
Mon, 30 Dec 2019 07:45:37 - INFO - Connect to DB
Mon, 30 Dec 2019 07:45:37 - INFO - TRIZMA DB import
Mon, 30 Dec 2019 07:45:37 - INFO - Failed on TRIZMA DB import at: 2019-12-30_07-23-28, for following calling party: 49220582674, for agent id: trz_sstankovic, with error:(pyodbc.DataError) ('22001', '[22001] [Microsoft][ODBC Driver 17 for SQL Server][SQL Server]String or binary data would be truncated. (8152) (SQLExecDirectW)')
[SQL: insert into records values('CC2Servicenummer','Belgrad','Nicht übermittelt','trz_sstankovic',                                  '49220582674','','Nicht übermittelt','49220582674_Thursday, December 19, 2019_11:04:59 AM')]
(Background on this error at: http://sqlalche.me/e/9h9h)
Mon, 30 Dec 2019 07:45:37 - INFO - 123TV DB import
Mon, 30 Dec 2019 07:50:27 - INFO - Connect to DB
Mon, 30 Dec 2019 07:50:27 - INFO - TRIZMA DB import
Mon, 30 Dec 2019 07:50:27 - INFO - 123TV DB import
Mon, 30 Dec 2019 07:58:10 - INFO - Connect to DB
Mon, 30 Dec 2019 07:58:10 - INFO - TRIZMA DB import
Mon, 30 Dec 2019 07:58:10 - INFO - 123TV DB import
Mon, 30 Dec 2019 08:01:25 - INFO - Connect to DB
Mon, 30 Dec 2019 08:01:25 - INFO - TRIZMA DB import
Mon, 30 Dec 2019 08:01:25 - INFO - 123TV DB import
Mon, 30 Dec 2019 08:04:01 - INFO - Connect to DB
Mon, 30 Dec 2019 08:04:01 - INFO - TRIZMA DB import
Mon, 30 Dec 2019 08:04:01 - INFO - Failed on TRIZMA DB import at: 2019-12-30_07-23-28, for following calling party: 4935475549995, for agent id: trz_sstankovic, with error:(pyodbc.DataError) ('22001', '[22001] [Microsoft][ODBC Driver 17 for SQL Server][SQL Server]String or binary data would be truncated. (8152) (SQLExecDirectW)')
[SQL: insert into records values('CC2Servicenummer','Belgrad','Nicht übermittelt','trz_sstankovic',                                  '4935475549995','','Nicht übermittelt','4935475549995_Thursday, December 19, 2019_12:20:38 PM')]
(Background on this error at: http://sqlalche.me/e/9h9h)
Mon, 30 Dec 2019 08:04:01 - INFO - 123TV DB import
Mon, 30 Dec 2019 08:07:55 - INFO - Connect to DB
Mon, 30 Dec 2019 08:07:55 - INFO - TRIZMA DB import
Mon, 30 Dec 2019 08:07:55 - INFO - 123TV DB import
Mon, 30 Dec 2019 08:08:15 - INFO - Connect to DB
Mon, 30 Dec 2019 08:08:15 - INFO - TRIZMA DB import
Mon, 30 Dec 2019 08:08:15 - INFO - 123TV DB import
Mon, 30 Dec 2019 08:08:50 - INFO - Connect to DB
Mon, 30 Dec 2019 08:08:50 - INFO - TRIZMA DB import
Mon, 30 Dec 2019 08:08:50 - INFO - 123TV DB import
Mon, 30 Dec 2019 08:09:11 - INFO - Connect to DB
Mon, 30 Dec 2019 08:09:11 - INFO - TRIZMA DB import
Mon, 30 Dec 2019 08:09:11 - INFO - 123TV DB import
Mon, 30 Dec 2019 08:09:17 - INFO - Connect to DB
Mon, 30 Dec 2019 08:09:17 - INFO - TRIZMA DB import
Mon, 30 Dec 2019 08:09:17 - INFO - 123TV DB import
Mon, 30 Dec 2019 08:09:22 - INFO - Connect to DB
Mon, 30 Dec 2019 08:09:22 - INFO - TRIZMA DB import
Mon, 30 Dec 2019 08:09:22 - INFO - 123TV DB import
Mon, 30 Dec 2019 08:09:32 - INFO - Connect to DB
Mon, 30 Dec 2019 08:09:32 - INFO - TRIZMA DB import
Mon, 30 Dec 2019 08:09:32 - INFO - 123TV DB import
Mon, 30 Dec 2019 08:10:20 - INFO - Connect to DB
Mon, 30 Dec 2019 08:10:20 - INFO - TRIZMA DB import
Mon, 30 Dec 2019 08:10:20 - INFO - 123TV DB import
Mon, 30 Dec 2019 08:19:52 - INFO - Connect to DB
Mon, 30 Dec 2019 08:19:52 - INFO - TRIZMA DB import
Mon, 30 Dec 2019 08:19:52 - INFO - Failed on TRIZMA DB import at: 2019-12-30_07-23-28, for following calling party: 491731963320, for agent id: trz_sstankovic, with error:(pyodbc.DataError) ('22001', '[22001] [Microsoft][ODBC Driver 17 for SQL Server][SQL Server]String or binary data would be truncated. (8152) (SQLExecDirectW)')
[SQL: insert into records values('CC2Servicenummer','Belgrad','Nicht übermittelt','trz_sstankovic',                                  '491731963320','','Nicht übermittelt','491731963320_Thursday, December 19, 2019_1:52:35 PM')]
(Background on this error at: http://sqlalche.me/e/9h9h)
Mon, 30 Dec 2019 08:19:52 - INFO - 123TV DB import
Mon, 30 Dec 2019 08:20:40 - INFO - Connect to DB
Mon, 30 Dec 2019 08:20:40 - INFO - TRIZMA DB import
Mon, 30 Dec 2019 08:20:40 - INFO - 123TV DB import
Mon, 30 Dec 2019 08:21:23 - INFO - Connect to DB
Mon, 30 Dec 2019 08:21:23 - INFO - TRIZMA DB import
Mon, 30 Dec 2019 08:21:23 - INFO - 123TV DB import
Mon, 30 Dec 2019 08:21:51 - INFO - Connect to DB
Mon, 30 Dec 2019 08:21:51 - INFO - TRIZMA DB import
Mon, 30 Dec 2019 08:21:51 - INFO - 123TV DB import
Mon, 30 Dec 2019 08:22:23 - INFO - Connect to DB
Mon, 30 Dec 2019 08:22:23 - INFO - TRIZMA DB import
Mon, 30 Dec 2019 08:22:24 - INFO - 123TV DB import
Mon, 30 Dec 2019 08:22:30 - INFO - Connect to DB
Mon, 30 Dec 2019 08:22:30 - INFO - TRIZMA DB import
Mon, 30 Dec 2019 08:22:30 - INFO - 123TV DB import
Mon, 30 Dec 2019 08:23:22 - INFO - Connect to DB
Mon, 30 Dec 2019 08:23:22 - INFO - TRIZMA DB import
Mon, 30 Dec 2019 08:23:22 - INFO - 123TV DB import
Mon, 30 Dec 2019 08:23:59 - INFO - Connect to DB
Mon, 30 Dec 2019 08:23:59 - INFO - TRIZMA DB import
Mon, 30 Dec 2019 08:23:59 - INFO - 123TV DB import
Mon, 30 Dec 2019 08:29:12 - INFO - Connect to DB
Mon, 30 Dec 2019 08:29:12 - INFO - TRIZMA DB import
Mon, 30 Dec 2019 08:29:12 - INFO - 123TV DB import
