Fri, 17 Jan 2020 11:27:50 - INFO - Connect to DB
Fri, 17 Jan 2020 11:27:50 - INFO - TRIZMA DB import
Fri, 17 Jan 2020 11:27:50 - INFO - 123TV DB import
Fri, 17 Jan 2020 11:28:33 - INFO - Connect to DB
Fri, 17 Jan 2020 11:28:33 - INFO - TRIZMA DB import
Fri, 17 Jan 2020 11:28:33 - INFO - 123TV DB import
Fri, 17 Jan 2020 11:29:03 - INFO - Connect to DB
Fri, 17 Jan 2020 11:29:04 - INFO - TRIZMA DB import
Fri, 17 Jan 2020 11:29:04 - INFO - 123TV DB import
Fri, 17 Jan 2020 11:30:35 - INFO - Connect to DB
Fri, 17 Jan 2020 11:30:35 - INFO - TRIZMA DB import
Fri, 17 Jan 2020 11:30:35 - INFO - 123TV DB import
Fri, 17 Jan 2020 11:31:33 - INFO - Connect to DB
Fri, 17 Jan 2020 11:31:33 - INFO - TRIZMA DB import
Fri, 17 Jan 2020 11:31:33 - INFO - Failed on TRIZMA DB import at: 2020-01-17_11-21-39, for following calling party: 491781751585, for agent id: trz_madamovic, with error:(pyodbc.DataError) ('22001', '[22001] [Microsoft][ODBC Driver 17 for SQL Server][SQL Server]String or binary data would be truncated. (8152) (SQLExecDirectW)')
[SQL: insert into records values('CC2Servicenummer','Belgrad','Nicht übermittelt','trz_madamovic',                                 '491781751585','','Nicht übermittelt','491781751585_Wednesday, January 15, 2020_1:22:34 PM','MIL_ADAMOV')]
(Background on this error at: http://sqlalche.me/e/9h9h)
Fri, 17 Jan 2020 11:31:33 - INFO - 123TV DB import
Fri, 17 Jan 2020 11:31:39 - INFO - Connect to DB
Fri, 17 Jan 2020 11:31:39 - INFO - TRIZMA DB import
Fri, 17 Jan 2020 11:31:39 - INFO - 123TV DB import
Fri, 17 Jan 2020 11:32:09 - INFO - Connect to DB
Fri, 17 Jan 2020 11:32:10 - INFO - TRIZMA DB import
Fri, 17 Jan 2020 11:32:10 - INFO - 123TV DB import
Fri, 17 Jan 2020 11:32:19 - INFO - Connect to DB
Fri, 17 Jan 2020 11:32:19 - INFO - TRIZMA DB import
Fri, 17 Jan 2020 11:32:19 - INFO - 123TV DB import
Fri, 17 Jan 2020 11:44:08 - INFO - Connect to DB
Fri, 17 Jan 2020 11:44:08 - INFO - TRIZMA DB import
Fri, 17 Jan 2020 11:44:08 - INFO - Failed on TRIZMA DB import at: 2020-01-17_11-21-39, for following calling party: 4915222964299, for agent id: trz_madamovic, with error:(pyodbc.DataError) ('22001', '[22001] [Microsoft][ODBC Driver 17 for SQL Server][SQL Server]String or binary data would be truncated. (8152) (SQLExecDirectW)')
[SQL: insert into records values('CC2Servicenummer','Belgrad','Nicht übermittelt','trz_madamovic',                                 '4915222964299','','Nicht übermittelt','4915222964299_Wednesday, January 15, 2020_7:40:11 PM','MIL_ADAMOV')]
(Background on this error at: http://sqlalche.me/e/9h9h)
Fri, 17 Jan 2020 11:44:08 - INFO - 123TV DB import
Fri, 17 Jan 2020 11:44:30 - INFO - Connect to DB
Fri, 17 Jan 2020 11:44:30 - INFO - TRIZMA DB import
Fri, 17 Jan 2020 11:44:30 - INFO - 123TV DB import
Fri, 17 Jan 2020 11:50:38 - INFO - Connect to DB
Fri, 17 Jan 2020 11:50:38 - INFO - TRIZMA DB import
Fri, 17 Jan 2020 11:50:38 - INFO - Failed on TRIZMA DB import at: 2020-01-17_11-21-39, for following calling party: 4915901668080, for agent id: trz_madamovic, with error:(pyodbc.DataError) ('22001', '[22001] [Microsoft][ODBC Driver 17 for SQL Server][SQL Server]String or binary data would be truncated. (8152) (SQLExecDirectW)')
[SQL: insert into records values('CC2Servicenummer','Belgrad','Nicht übermittelt','trz_madamovic',                                 '4915901668080','','Nicht übermittelt','4915901668080_Thursday, January 16, 2020_1:05:34 PM','MIL_ADAMOV')]
(Background on this error at: http://sqlalche.me/e/9h9h)
Fri, 17 Jan 2020 11:50:38 - INFO - 123TV DB import
