Wed, 08 Jan 2020 09:21:17 - INFO - Connect to DB
Wed, 08 Jan 2020 09:21:17 - INFO - TRIZMA DB import
Wed, 08 Jan 2020 09:21:17 - INFO - 123TV DB import
Wed, 08 Jan 2020 09:21:23 - INFO - Failed on 123TV DB import at: 2020-01-08_09-18-59, for following calling party: 495513066368, for agent id: 3098, with error:Invalid XML content received (Start tag expected, '<' not found, line 1, column 1)
Wed, 08 Jan 2020 09:23:08 - INFO - Connect to DB
Wed, 08 Jan 2020 09:23:08 - INFO - TRIZMA DB import
Wed, 08 Jan 2020 09:23:09 - INFO - 123TV DB import
Wed, 08 Jan 2020 09:23:14 - INFO - Failed on 123TV DB import at: 2020-01-08_09-18-59, for following calling party: 4933631647233, for agent id: 3098, with error:Invalid XML content received (Start tag expected, '<' not found, line 1, column 1)
Wed, 08 Jan 2020 09:25:33 - INFO - Connect to DB
Wed, 08 Jan 2020 09:25:33 - INFO - TRIZMA DB import
Wed, 08 Jan 2020 09:25:33 - INFO - 123TV DB import
Wed, 08 Jan 2020 09:25:38 - INFO - Failed on 123TV DB import at: 2020-01-08_09-18-59, for following calling party: 4925053590, for agent id: 3046, with error:Invalid XML content received (Start tag expected, '<' not found, line 1, column 1)
Wed, 08 Jan 2020 09:30:54 - INFO - Connect to DB
Wed, 08 Jan 2020 09:30:54 - INFO - TRIZMA DB import
Wed, 08 Jan 2020 09:30:54 - INFO - 123TV DB import
Wed, 08 Jan 2020 09:30:59 - INFO - Failed on 123TV DB import at: 2020-01-08_09-18-59, for following calling party: 49223322023, for agent id: 3046, with error:Invalid XML content received (Start tag expected, '<' not found, line 1, column 1)
Wed, 08 Jan 2020 09:33:00 - INFO - Connect to DB
Wed, 08 Jan 2020 09:33:00 - INFO - TRIZMA DB import
Wed, 08 Jan 2020 09:33:00 - INFO - 123TV DB import
Wed, 08 Jan 2020 09:33:05 - INFO - Failed on 123TV DB import at: 2020-01-08_09-18-59, for following calling party: 49821544075, for agent id: 3098, with error:Invalid XML content received (Start tag expected, '<' not found, line 1, column 1)
Wed, 08 Jan 2020 09:36:58 - INFO - Connect to DB
Wed, 08 Jan 2020 09:36:58 - INFO - TRIZMA DB import
Wed, 08 Jan 2020 09:36:58 - INFO - 123TV DB import
Wed, 08 Jan 2020 09:37:03 - INFO - Failed on 123TV DB import at: 2020-01-08_09-18-59, for following calling party: 4942157705024, for agent id: 3046, with error:Invalid XML content received (Start tag expected, '<' not found, line 1, column 1)
Wed, 08 Jan 2020 09:44:37 - INFO - Connect to DB
Wed, 08 Jan 2020 09:44:37 - INFO - TRIZMA DB import
Wed, 08 Jan 2020 09:44:37 - INFO - 123TV DB import
Wed, 08 Jan 2020 09:44:43 - INFO - Failed on 123TV DB import at: 2020-01-08_09-18-59, for following calling party: 49201698046, for agent id: 3060, with error:Invalid XML content received (Start tag expected, '<' not found, line 1, column 1)
Wed, 08 Jan 2020 09:46:05 - INFO - Connect to DB
Wed, 08 Jan 2020 09:46:05 - INFO - TRIZMA DB import
Wed, 08 Jan 2020 09:46:05 - INFO - 123TV DB import
Wed, 08 Jan 2020 09:46:10 - INFO - Failed on 123TV DB import at: 2020-01-08_09-18-59, for following calling party: 4915224336949, for agent id: 3046, with error:Invalid XML content received (Start tag expected, '<' not found, line 1, column 1)
Wed, 08 Jan 2020 09:47:53 - INFO - Connect to DB
Wed, 08 Jan 2020 09:47:53 - INFO - TRIZMA DB import
Wed, 08 Jan 2020 09:47:53 - INFO - 123TV DB import
Wed, 08 Jan 2020 09:47:58 - INFO - Failed on 123TV DB import at: 2020-01-08_09-18-59, for following calling party: 4934296180051, for agent id: 3098, with error:Invalid XML content received (Start tag expected, '<' not found, line 1, column 1)
Wed, 08 Jan 2020 09:56:28 - INFO - Connect to DB
Wed, 08 Jan 2020 09:56:28 - INFO - TRIZMA DB import
Wed, 08 Jan 2020 09:56:29 - INFO - Failed on TRIZMA DB import at: 2020-01-08_09-18-59, for following calling party: 49222323126, for agent id: trz_sstankovic, with error:(pyodbc.DataError) ('22001', '[22001] [Microsoft][ODBC Driver 17 for SQL Server][SQL Server]String or binary data would be truncated. (8152) (SQLExecDirectW)')
[SQL: insert into records values('CC2Servicenummer','Belgrad','Nicht übermittelt','trz_sstankovic',                                  '49222323126','','Nicht übermittelt','49222323126_Wednesday, January 08, 2020_10:56:26 AM')]
(Background on this error at: http://sqlalche.me/e/9h9h)
Wed, 08 Jan 2020 09:56:29 - INFO - 123TV DB import
Wed, 08 Jan 2020 09:56:34 - INFO - Failed on 123TV DB import at: 2020-01-08_09-18-59, for following calling party: 49222323126, for agent id: 3046, with error:Invalid XML content received (Start tag expected, '<' not found, line 1, column 1)
Wed, 08 Jan 2020 09:57:23 - INFO - Connect to DB
Wed, 08 Jan 2020 09:57:24 - INFO - TRIZMA DB import
Wed, 08 Jan 2020 09:57:24 - INFO - 123TV DB import
Wed, 08 Jan 2020 09:57:29 - INFO - Failed on 123TV DB import at: 2020-01-08_09-18-59, for following calling party: 493067539078, for agent id: 3060, with error:Invalid XML content received (Start tag expected, '<' not found, line 1, column 1)
Wed, 08 Jan 2020 09:59:38 - INFO - Connect to DB
Wed, 08 Jan 2020 09:59:38 - INFO - TRIZMA DB import
Wed, 08 Jan 2020 09:59:38 - INFO - 123TV DB import
Wed, 08 Jan 2020 09:59:43 - INFO - Failed on 123TV DB import at: 2020-01-08_09-18-59, for following calling party: 49236354502, for agent id: 3122, with error:Invalid XML content received (Start tag expected, '<' not found, line 1, column 1)
