Sat, 21 Dec 2019 11:40:57 - INFO - Connect to DB
Sat, 21 Dec 2019 11:40:58 - INFO - TRIZMA DB import
Sat, 21 Dec 2019 11:40:58 - INFO - Failed on TRIZMA DB import at: 2019-12-21_11-37-41, for following calling party: 497215004398, for agent id: trz_sstankovic, with error:(pyodbc.DataError) ('22001', '[22001] [Microsoft][ODBC Driver 17 for SQL Server][SQL Server]String or binary data would be truncated. (8152) (SQLExecDirectW)')
[SQL: insert into records values('CC2Servicenummer','Belgrad','Nicht übermittelt','trz_sstankovic',                                  '497215004398','','Nicht übermittelt','497215004398_Wednesday, December 11, 2019_7:03:53 PM')]
(Background on this error at: http://sqlalche.me/e/9h9h)
Sat, 21 Dec 2019 11:40:58 - INFO - 123TV DB import
Sat, 21 Dec 2019 11:55:13 - INFO - Connect to DB
Sat, 21 Dec 2019 11:55:13 - INFO - TRIZMA DB import
Sat, 21 Dec 2019 11:55:13 - INFO - Failed on TRIZMA DB import at: 2019-12-21_11-37-41, for following calling party: 4934523908058, for agent id: trz_sstankovic, with error:(pyodbc.DataError) ('22001', '[22001] [Microsoft][ODBC Driver 17 for SQL Server][SQL Server]String or binary data would be truncated. (8152) (SQLExecDirectW)')
[SQL: insert into records values('CC2Servicenummer','Belgrad','Nicht übermittelt','trz_sstankovic',                                  '4934523908058','','Nicht übermittelt','4934523908058_Thursday, December 19, 2019_1:07:58 PM')]
(Background on this error at: http://sqlalche.me/e/9h9h)
Sat, 21 Dec 2019 11:55:13 - INFO - 123TV DB import
Sat, 21 Dec 2019 11:58:25 - INFO - Connect to DB
Sat, 21 Dec 2019 11:58:25 - INFO - TRIZMA DB import
Sat, 21 Dec 2019 11:58:25 - INFO - Failed on TRIZMA DB import at: 2019-12-21_11-37-41, for following calling party: 494065724666, for agent id: trz_sstankovic, with error:(pyodbc.DataError) ('22001', '[22001] [Microsoft][ODBC Driver 17 for SQL Server][SQL Server]String or binary data would be truncated. (8152) (SQLExecDirectW)')
[SQL: insert into records values('CC2Servicenummer','Belgrad','Nicht übermittelt','trz_sstankovic',                                  '494065724666','','Nicht übermittelt','494065724666_Thursday, December 19, 2019_4:58:41 PM')]
(Background on this error at: http://sqlalche.me/e/9h9h)
Sat, 21 Dec 2019 11:58:25 - INFO - 123TV DB import
Sat, 21 Dec 2019 12:10:02 - INFO - Connect to DB
Sat, 21 Dec 2019 12:10:02 - INFO - TRIZMA DB import
Sat, 21 Dec 2019 12:10:02 - INFO - 123TV DB import
Sat, 21 Dec 2019 12:10:52 - INFO - Connect to DB
Sat, 21 Dec 2019 12:10:52 - INFO - TRIZMA DB import
Sat, 21 Dec 2019 12:10:52 - INFO - 123TV DB import
