Mon, 20 Jan 2020 09:40:41 - INFO - Connect to DB
Mon, 20 Jan 2020 09:40:42 - INFO - TRIZMA DB import
Mon, 20 Jan 2020 09:40:42 - INFO - 123TV DB import
Mon, 20 Jan 2020 09:41:03 - INFO - Connect to DB
Mon, 20 Jan 2020 09:41:03 - INFO - TRIZMA DB import
Mon, 20 Jan 2020 09:41:03 - INFO - 123TV DB import
Mon, 20 Jan 2020 09:42:04 - INFO - Connect to DB
Mon, 20 Jan 2020 09:42:04 - INFO - TRIZMA DB import
Mon, 20 Jan 2020 09:42:04 - INFO - 123TV DB import
Mon, 20 Jan 2020 09:42:39 - INFO - Connect to DB
Mon, 20 Jan 2020 09:42:39 - INFO - TRIZMA DB import
Mon, 20 Jan 2020 09:42:39 - INFO - 123TV DB import
Mon, 20 Jan 2020 09:42:55 - INFO - Connect to DB
Mon, 20 Jan 2020 09:42:55 - INFO - TRIZMA DB import
Mon, 20 Jan 2020 09:42:55 - INFO - 123TV DB import
Mon, 20 Jan 2020 09:43:01 - INFO - Connect to DB
Mon, 20 Jan 2020 09:43:01 - INFO - TRIZMA DB import
Mon, 20 Jan 2020 09:43:01 - INFO - Failed on TRIZMA DB import at: 2020-01-20_09-37-44, for following calling party: 4936691869012, for agent id: trz_bmaksimovic, with error:(pyodbc.DataError) ('22001', '[22001] [Microsoft][ODBC Driver 17 for SQL Server][SQL Server]String or binary data would be truncated. (8152) (SQLExecDirectW)')
[SQL: insert into records values('CC2Servicenummer','Belgrad','Nicht übermittelt','trz_bmaksimovic',                                 '4936691869012','','Nicht übermittelt','4936691869012_Wednesday, January 15, 2020_11:10:35 AM','BOR_MAKSIM')]
(Background on this error at: http://sqlalche.me/e/9h9h)
Mon, 20 Jan 2020 09:43:01 - INFO - 123TV DB import
