Sat, 28 Dec 2019 07:14:31 - INFO - Connect to DB
Sat, 28 Dec 2019 07:14:31 - INFO - TRIZMA DB import
Sat, 28 Dec 2019 07:14:31 - INFO - Failed on TRIZMA DB import at: 2019-12-27_18-51-45, for following calling party: 493420678460, for agent id: trz_sstankovic, with error:(pyodbc.DataError) ('22001', '[22001] [Microsoft][ODBC Driver 17 for SQL Server][SQL Server]String or binary data would be truncated. (8152) (SQLExecDirectW)')
[SQL: insert into records values('CC2Servicenummer','Belgrad','Nicht übermittelt','trz_sstankovic',                                  '493420678460','','Nicht übermittelt','493420678460_Thursday, November 28, 2019_5:53:39 PM')]
(Background on this error at: http://sqlalche.me/e/9h9h)
Sat, 28 Dec 2019 07:14:31 - INFO - 123TV DB import
Sat, 28 Dec 2019 07:15:51 - INFO - Connect to DB
Sat, 28 Dec 2019 07:15:51 - INFO - TRIZMA DB import
Sat, 28 Dec 2019 07:15:51 - INFO - Failed on TRIZMA DB import at: 2019-12-27_18-51-45, for following calling party: 49934237260, for agent id: trz_sstankovic, with error:(pyodbc.DataError) ('22001', '[22001] [Microsoft][ODBC Driver 17 for SQL Server][SQL Server]String or binary data would be truncated. (8152) (SQLExecDirectW)')
[SQL: insert into records values('CC2Servicenummer','Belgrad','Nicht übermittelt','trz_sstankovic',                                  '49934237260','','Nicht übermittelt','49934237260_Wednesday, December 11, 2019_7:05:54 PM')]
(Background on this error at: http://sqlalche.me/e/9h9h)
Sat, 28 Dec 2019 07:15:51 - INFO - 123TV DB import
Sat, 28 Dec 2019 07:16:31 - INFO - Connect to DB
Sat, 28 Dec 2019 07:16:31 - INFO - TRIZMA DB import
Sat, 28 Dec 2019 07:16:31 - INFO - 123TV DB import
Sat, 28 Dec 2019 07:17:27 - INFO - Connect to DB
Sat, 28 Dec 2019 07:17:27 - INFO - TRIZMA DB import
Sat, 28 Dec 2019 07:17:27 - INFO - Failed on TRIZMA DB import at: 2019-12-27_18-51-45, for following calling party: 49220582674, for agent id: trz_sstankovic, with error:(pyodbc.DataError) ('22001', '[22001] [Microsoft][ODBC Driver 17 for SQL Server][SQL Server]String or binary data would be truncated. (8152) (SQLExecDirectW)')
[SQL: insert into records values('CC2Servicenummer','Belgrad','Nicht übermittelt','trz_sstankovic',                                  '49220582674','','Nicht übermittelt','49220582674_Thursday, December 19, 2019_11:04:59 AM')]
(Background on this error at: http://sqlalche.me/e/9h9h)
Sat, 28 Dec 2019 07:17:27 - INFO - 123TV DB import
Sat, 28 Dec 2019 07:18:57 - INFO - Connect to DB
Sat, 28 Dec 2019 07:18:57 - INFO - TRIZMA DB import
Sat, 28 Dec 2019 07:18:57 - INFO - Failed on TRIZMA DB import at: 2019-12-27_18-51-45, for following calling party: 4960622666690, for agent id: trz_sstankovic, with error:(pyodbc.DataError) ('22001', '[22001] [Microsoft][ODBC Driver 17 for SQL Server][SQL Server]String or binary data would be truncated. (8152) (SQLExecDirectW)')
[SQL: insert into records values('CC2Servicenummer','Belgrad','Nicht übermittelt','trz_sstankovic',                                  '4960622666690','','Nicht übermittelt','4960622666690_Thursday, December 19, 2019_12:09:26 PM')]
(Background on this error at: http://sqlalche.me/e/9h9h)
Sat, 28 Dec 2019 07:18:57 - INFO - 123TV DB import
Sat, 28 Dec 2019 07:19:49 - INFO - Connect to DB
Sat, 28 Dec 2019 07:19:49 - INFO - TRIZMA DB import
Sat, 28 Dec 2019 07:19:49 - INFO - Failed on TRIZMA DB import at: 2019-12-27_18-51-45, for following calling party: 493376641923, for agent id: trz_sstankovic, with error:(pyodbc.DataError) ('22001', '[22001] [Microsoft][ODBC Driver 17 for SQL Server][SQL Server]String or binary data would be truncated. (8152) (SQLExecDirectW)')
[SQL: insert into records values('CC2Servicenummer','Belgrad','Nicht übermittelt','trz_sstankovic',                                  '493376641923','','Nicht übermittelt','493376641923_Thursday, December 19, 2019_12:23:17 PM')]
(Background on this error at: http://sqlalche.me/e/9h9h)
Sat, 28 Dec 2019 07:19:49 - INFO - 123TV DB import
Sat, 28 Dec 2019 07:20:56 - INFO - Connect to DB
Sat, 28 Dec 2019 07:20:56 - INFO - TRIZMA DB import
Sat, 28 Dec 2019 07:20:56 - INFO - Failed on TRIZMA DB import at: 2019-12-27_18-51-45, for following calling party: 493343635369, for agent id: trz_sstankovic, with error:(pyodbc.DataError) ('22001', '[22001] [Microsoft][ODBC Driver 17 for SQL Server][SQL Server]String or binary data would be truncated. (8152) (SQLExecDirectW)')
[SQL: insert into records values('CC2Servicenummer','Belgrad','Nicht übermittelt','trz_sstankovic',                                  '493343635369','','Nicht übermittelt','493343635369_Thursday, December 19, 2019_2:12:51 PM')]
(Background on this error at: http://sqlalche.me/e/9h9h)
Sat, 28 Dec 2019 07:20:56 - INFO - 123TV DB import
Sat, 28 Dec 2019 07:22:30 - INFO - Connect to DB
Sat, 28 Dec 2019 07:22:30 - INFO - TRIZMA DB import
Sat, 28 Dec 2019 07:22:30 - INFO - Failed on TRIZMA DB import at: 2019-12-27_18-51-45, for following calling party: 493354333108, for agent id: trz_sstankovic, with error:(pyodbc.DataError) ('22001', '[22001] [Microsoft][ODBC Driver 17 for SQL Server][SQL Server]String or binary data would be truncated. (8152) (SQLExecDirectW)')
[SQL: insert into records values('CC2Servicenummer','Belgrad','Nicht übermittelt','trz_sstankovic',                                  '493354333108','','Nicht übermittelt','493354333108_Thursday, December 19, 2019_3:45:59 PM')]
(Background on this error at: http://sqlalche.me/e/9h9h)
Sat, 28 Dec 2019 07:22:30 - INFO - 123TV DB import
Sat, 28 Dec 2019 07:23:26 - INFO - Connect to DB
Sat, 28 Dec 2019 07:23:26 - INFO - TRIZMA DB import
Sat, 28 Dec 2019 07:23:26 - INFO - Failed on TRIZMA DB import at: 2019-12-27_18-51-45, for following calling party: 493028859214, for agent id: trz_sstankovic, with error:(pyodbc.DataError) ('22001', '[22001] [Microsoft][ODBC Driver 17 for SQL Server][SQL Server]String or binary data would be truncated. (8152) (SQLExecDirectW)')
[SQL: insert into records values('CC2Servicenummer','Belgrad','Nicht übermittelt','trz_sstankovic',                                  '493028859214','','Nicht übermittelt','493028859214_Thursday, December 19, 2019_4:43:56 PM')]
(Background on this error at: http://sqlalche.me/e/9h9h)
Sat, 28 Dec 2019 07:23:26 - INFO - 123TV DB import
Sat, 28 Dec 2019 07:30:05 - INFO - Connect to DB
Sat, 28 Dec 2019 07:30:05 - INFO - TRIZMA DB import
Sat, 28 Dec 2019 07:30:05 - INFO - Failed on TRIZMA DB import at: 2019-12-27_18-51-45, for following calling party: 4964417897798, for agent id: trz_sstankovic, with error:(pyodbc.DataError) ('22001', '[22001] [Microsoft][ODBC Driver 17 for SQL Server][SQL Server]String or binary data would be truncated. (8152) (SQLExecDirectW)')
[SQL: insert into records values('CC2Servicenummer','Belgrad','Nicht übermittelt','trz_sstankovic',                                  '4964417897798','','Nicht übermittelt','4964417897798_Thursday, December 19, 2019_5:10:23 PM')]
(Background on this error at: http://sqlalche.me/e/9h9h)
Sat, 28 Dec 2019 07:30:05 - INFO - 123TV DB import
Sat, 28 Dec 2019 07:34:49 - INFO - Connect to DB
Sat, 28 Dec 2019 07:34:49 - INFO - TRIZMA DB import
Sat, 28 Dec 2019 07:34:49 - INFO - 123TV DB import
Sat, 28 Dec 2019 07:36:58 - INFO - Connect to DB
Sat, 28 Dec 2019 07:36:58 - INFO - TRIZMA DB import
Sat, 28 Dec 2019 07:36:58 - INFO - 123TV DB import
Sat, 28 Dec 2019 07:37:38 - INFO - Connect to DB
Sat, 28 Dec 2019 07:37:38 - INFO - TRIZMA DB import
Sat, 28 Dec 2019 07:37:38 - INFO - 123TV DB import
Sat, 28 Dec 2019 07:38:39 - INFO - Connect to DB
Sat, 28 Dec 2019 07:38:39 - INFO - TRIZMA DB import
Sat, 28 Dec 2019 07:38:39 - INFO - 123TV DB import
Sat, 28 Dec 2019 07:50:27 - INFO - Connect to DB
Sat, 28 Dec 2019 07:50:27 - INFO - TRIZMA DB import
Sat, 28 Dec 2019 07:50:27 - INFO - 123TV DB import
Sat, 28 Dec 2019 07:51:53 - INFO - Connect to DB
Sat, 28 Dec 2019 07:51:53 - INFO - TRIZMA DB import
Sat, 28 Dec 2019 07:51:53 - INFO - Failed on TRIZMA DB import at: 2019-12-27_18-51-45, for following calling party: 493320971974, for agent id: trz_sstankovic, with error:(pyodbc.DataError) ('22001', '[22001] [Microsoft][ODBC Driver 17 for SQL Server][SQL Server]String or binary data would be truncated. (8152) (SQLExecDirectW)')
[SQL: insert into records values('CC2Servicenummer','Belgrad','Nicht übermittelt','trz_sstankovic',                                  '493320971974','','Nicht übermittelt','493320971974_Saturday, December 21, 2019_12:01:51 PM')]
(Background on this error at: http://sqlalche.me/e/9h9h)
Sat, 28 Dec 2019 07:51:53 - INFO - 123TV DB import
Sat, 28 Dec 2019 07:52:03 - INFO - Connect to DB
Sat, 28 Dec 2019 07:52:03 - INFO - TRIZMA DB import
Sat, 28 Dec 2019 07:52:03 - INFO - Failed on TRIZMA DB import at: 2019-12-27_18-51-45, for following calling party: 493641350180, for agent id: trz_sstankovic, with error:(pyodbc.DataError) ('22001', '[22001] [Microsoft][ODBC Driver 17 for SQL Server][SQL Server]String or binary data would be truncated. (8152) (SQLExecDirectW)')
[SQL: insert into records values('CC2Servicenummer','Belgrad','Nicht übermittelt','trz_sstankovic',                                  '493641350180','','Nicht übermittelt','493641350180_Saturday, December 21, 2019_12:16:58 PM')]
(Background on this error at: http://sqlalche.me/e/9h9h)
Sat, 28 Dec 2019 07:52:03 - INFO - 123TV DB import
Sat, 28 Dec 2019 07:52:53 - INFO - Connect to DB
Sat, 28 Dec 2019 07:52:53 - INFO - TRIZMA DB import
Sat, 28 Dec 2019 07:52:53 - INFO - 123TV DB import
Sat, 28 Dec 2019 07:53:33 - INFO - Connect to DB
Sat, 28 Dec 2019 07:53:33 - INFO - TRIZMA DB import
Sat, 28 Dec 2019 07:53:33 - INFO - Failed on TRIZMA DB import at: 2019-12-27_18-51-45, for following calling party: 4944217495722, for agent id: trz_sstankovic, with error:(pyodbc.DataError) ('22001', '[22001] [Microsoft][ODBC Driver 17 for SQL Server][SQL Server]String or binary data would be truncated. (8152) (SQLExecDirectW)')
[SQL: insert into records values('CC2Servicenummer','Belgrad','Nicht übermittelt','trz_sstankovic',                                  '4944217495722','','Nicht übermittelt','4944217495722_Saturday, December 21, 2019_3:33:59 PM')]
(Background on this error at: http://sqlalche.me/e/9h9h)
Sat, 28 Dec 2019 07:53:33 - INFO - 123TV DB import
Sat, 28 Dec 2019 07:53:43 - INFO - Connect to DB
Sat, 28 Dec 2019 07:53:43 - INFO - TRIZMA DB import
Sat, 28 Dec 2019 07:53:43 - INFO - Failed on TRIZMA DB import at: 2019-12-27_18-51-45, for following calling party: 491786229815, for agent id: trz_sstankovic, with error:(pyodbc.DataError) ('22001', '[22001] [Microsoft][ODBC Driver 17 for SQL Server][SQL Server]String or binary data would be truncated. (8152) (SQLExecDirectW)')
[SQL: insert into records values('CC2Servicenummer','Belgrad','Nicht übermittelt','trz_sstankovic',                                  '491786229815','','Nicht übermittelt','491786229815_Saturday, December 21, 2019_3:41:05 PM')]
(Background on this error at: http://sqlalche.me/e/9h9h)
Sat, 28 Dec 2019 07:53:43 - INFO - 123TV DB import
Sat, 28 Dec 2019 07:54:24 - INFO - Connect to DB
Sat, 28 Dec 2019 07:54:24 - INFO - TRIZMA DB import
Sat, 28 Dec 2019 07:54:24 - INFO - Failed on TRIZMA DB import at: 2019-12-27_18-51-45, for following calling party: 4954738018891, for agent id: trz_sstankovic, with error:(pyodbc.DataError) ('22001', '[22001] [Microsoft][ODBC Driver 17 for SQL Server][SQL Server]String or binary data would be truncated. (8152) (SQLExecDirectW)')
[SQL: insert into records values('CC2Servicenummer','Belgrad','Nicht übermittelt','trz_sstankovic',                                  '4954738018891','','Nicht übermittelt','4954738018891_Saturday, December 21, 2019_4:41:56 PM')]
(Background on this error at: http://sqlalche.me/e/9h9h)
Sat, 28 Dec 2019 07:54:24 - INFO - 123TV DB import
Sat, 28 Dec 2019 07:55:44 - INFO - Connect to DB
Sat, 28 Dec 2019 07:55:44 - INFO - TRIZMA DB import
Sat, 28 Dec 2019 07:55:44 - INFO - Failed on TRIZMA DB import at: 2019-12-27_18-51-45, for following calling party: 4982212759041, for agent id: trz_sstankovic, with error:(pyodbc.DataError) ('22001', '[22001] [Microsoft][ODBC Driver 17 for SQL Server][SQL Server]String or binary data would be truncated. (8152) (SQLExecDirectW)')
[SQL: insert into records values('CC2Servicenummer','Belgrad','Nicht übermittelt','trz_sstankovic',                                  '4982212759041','','Nicht übermittelt','4982212759041_Saturday, December 21, 2019_5:19:25 PM')]
(Background on this error at: http://sqlalche.me/e/9h9h)
Sat, 28 Dec 2019 07:55:44 - INFO - 123TV DB import
Sat, 28 Dec 2019 07:56:19 - INFO - Connect to DB
Sat, 28 Dec 2019 07:56:19 - INFO - TRIZMA DB import
Sat, 28 Dec 2019 07:56:19 - INFO - 123TV DB import
Sat, 28 Dec 2019 07:57:15 - INFO - Connect to DB
Sat, 28 Dec 2019 07:57:15 - INFO - TRIZMA DB import
Sat, 28 Dec 2019 07:57:15 - INFO - Failed on TRIZMA DB import at: 2019-12-27_18-51-45, for following calling party: 491737316589, for agent id: trz_sstankovic, with error:(pyodbc.DataError) ('22001', '[22001] [Microsoft][ODBC Driver 17 for SQL Server][SQL Server]String or binary data would be truncated. (8152) (SQLExecDirectW)')
[SQL: insert into records values('CC2Servicenummer','Belgrad','Nicht übermittelt','trz_sstankovic',                                  '491737316589','','Nicht übermittelt','491737316589_Saturday, December 21, 2019_6:22:59 PM')]
(Background on this error at: http://sqlalche.me/e/9h9h)
Sat, 28 Dec 2019 07:57:15 - INFO - 123TV DB import
Sat, 28 Dec 2019 07:59:00 - INFO - Connect to DB
Sat, 28 Dec 2019 07:59:00 - INFO - TRIZMA DB import
Sat, 28 Dec 2019 07:59:00 - INFO - 123TV DB import
Sat, 28 Dec 2019 08:00:26 - INFO - Connect to DB
Sat, 28 Dec 2019 08:00:26 - INFO - TRIZMA DB import
Sat, 28 Dec 2019 08:00:26 - INFO - Failed on TRIZMA DB import at: 2019-12-27_18-51-45, for following calling party: 4923032902550, for agent id: trz_sstankovic, with error:(pyodbc.DataError) ('22001', '[22001] [Microsoft][ODBC Driver 17 for SQL Server][SQL Server]String or binary data would be truncated. (8152) (SQLExecDirectW)')
[SQL: insert into records values('CC2Servicenummer','Belgrad','Nicht übermittelt','trz_sstankovic',                                  '4923032902550','','Nicht übermittelt','4923032902550_Wednesday, December 25, 2019_11:30:34 AM')]
(Background on this error at: http://sqlalche.me/e/9h9h)
Sat, 28 Dec 2019 08:00:26 - INFO - 123TV DB import
Sat, 28 Dec 2019 08:01:31 - INFO - Connect to DB
Sat, 28 Dec 2019 08:01:31 - INFO - TRIZMA DB import
Sat, 28 Dec 2019 08:01:32 - INFO - 123TV DB import
