Tue, 24 Dec 2019 11:43:40 - INFO - Connect to DB
Tue, 24 Dec 2019 11:43:40 - INFO - TRIZMA DB import
Tue, 24 Dec 2019 11:43:40 - INFO - Failed on TRIZMA DB import at: 2019-12-24_11-33-58, for following calling party: 49220582674, for agent id: trz_sstankovic, with error:(pyodbc.DataError) ('22001', '[22001] [Microsoft][ODBC Driver 17 for SQL Server][SQL Server]String or binary data would be truncated. (8152) (SQLExecDirectW)')
[SQL: insert into records values('CC2Servicenummer','Belgrad','Nicht übermittelt','trz_sstankovic',                                  '49220582674','','Nicht übermittelt','49220582674_Thursday, December 19, 2019_11:04:59 AM')]
(Background on this error at: http://sqlalche.me/e/9h9h)
Tue, 24 Dec 2019 11:43:40 - INFO - 123TV DB import
Tue, 24 Dec 2019 11:50:58 - INFO - Connect to DB
Tue, 24 Dec 2019 11:50:58 - INFO - TRIZMA DB import
Tue, 24 Dec 2019 11:50:58 - INFO - Failed on TRIZMA DB import at: 2019-12-24_11-33-58, for following calling party: 4934523908058, for agent id: trz_sstankovic, with error:(pyodbc.DataError) ('22001', '[22001] [Microsoft][ODBC Driver 17 for SQL Server][SQL Server]String or binary data would be truncated. (8152) (SQLExecDirectW)')
[SQL: insert into records values('CC2Servicenummer','Belgrad','Nicht übermittelt','trz_sstankovic',                                  '4934523908058','','Nicht übermittelt','4934523908058_Thursday, December 19, 2019_1:07:58 PM')]
(Background on this error at: http://sqlalche.me/e/9h9h)
Tue, 24 Dec 2019 11:50:58 - INFO - 123TV DB import
Tue, 24 Dec 2019 11:51:08 - INFO - Connect to DB
Tue, 24 Dec 2019 11:51:08 - INFO - TRIZMA DB import
Tue, 24 Dec 2019 11:51:08 - INFO - Failed on TRIZMA DB import at: 2019-12-24_11-33-58, for following calling party: 491731963320, for agent id: trz_sstankovic, with error:(pyodbc.DataError) ('22001', '[22001] [Microsoft][ODBC Driver 17 for SQL Server][SQL Server]String or binary data would be truncated. (8152) (SQLExecDirectW)')
[SQL: insert into records values('CC2Servicenummer','Belgrad','Nicht übermittelt','trz_sstankovic',                                  '491731963320','','Nicht übermittelt','491731963320_Thursday, December 19, 2019_1:52:35 PM')]
(Background on this error at: http://sqlalche.me/e/9h9h)
Tue, 24 Dec 2019 11:51:08 - INFO - 123TV DB import
Tue, 24 Dec 2019 11:51:23 - INFO - Connect to DB
Tue, 24 Dec 2019 11:51:24 - INFO - TRIZMA DB import
Tue, 24 Dec 2019 11:51:24 - INFO - Failed on TRIZMA DB import at: 2019-12-24_11-33-58, for following calling party: 493343635369, for agent id: trz_sstankovic, with error:(pyodbc.DataError) ('22001', '[22001] [Microsoft][ODBC Driver 17 for SQL Server][SQL Server]String or binary data would be truncated. (8152) (SQLExecDirectW)')
[SQL: insert into records values('CC2Servicenummer','Belgrad','Nicht übermittelt','trz_sstankovic',                                  '493343635369','','Nicht übermittelt','493343635369_Thursday, December 19, 2019_2:12:51 PM')]
(Background on this error at: http://sqlalche.me/e/9h9h)
Tue, 24 Dec 2019 11:51:24 - INFO - 123TV DB import
Tue, 24 Dec 2019 11:52:14 - INFO - Connect to DB
Tue, 24 Dec 2019 11:52:14 - INFO - TRIZMA DB import
Tue, 24 Dec 2019 11:52:14 - INFO - Failed on TRIZMA DB import at: 2019-12-24_11-33-58, for following calling party: 493641334906, for agent id: trz_sstankovic, with error:(pyodbc.DataError) ('22001', '[22001] [Microsoft][ODBC Driver 17 for SQL Server][SQL Server]String or binary data would be truncated. (8152) (SQLExecDirectW)')
[SQL: insert into records values('CC2Servicenummer','Belgrad','Nicht übermittelt','trz_sstankovic',                                  '493641334906','','Nicht übermittelt','493641334906_Thursday, December 19, 2019_3:23:17 PM')]
(Background on this error at: http://sqlalche.me/e/9h9h)
Tue, 24 Dec 2019 11:52:14 - INFO - 123TV DB import
Tue, 24 Dec 2019 11:52:30 - INFO - Connect to DB
Tue, 24 Dec 2019 11:52:30 - INFO - TRIZMA DB import
Tue, 24 Dec 2019 11:52:30 - INFO - Failed on TRIZMA DB import at: 2019-12-24_11-33-58, for following calling party: 491723187607, for agent id: trz_sstankovic, with error:(pyodbc.DataError) ('22001', '[22001] [Microsoft][ODBC Driver 17 for SQL Server][SQL Server]String or binary data would be truncated. (8152) (SQLExecDirectW)')
[SQL: insert into records values('CC2Servicenummer','Belgrad','Nicht übermittelt','trz_sstankovic',                                  '491723187607','','Nicht übermittelt','491723187607_Thursday, December 19, 2019_3:32:31 PM')]
(Background on this error at: http://sqlalche.me/e/9h9h)
Tue, 24 Dec 2019 11:52:30 - INFO - 123TV DB import
Tue, 24 Dec 2019 11:53:25 - INFO - Connect to DB
Tue, 24 Dec 2019 11:53:26 - INFO - TRIZMA DB import
Tue, 24 Dec 2019 11:53:26 - INFO - Failed on TRIZMA DB import at: 2019-12-24_11-33-58, for following calling party: 493469120044, for agent id: trz_sstankovic, with error:(pyodbc.DataError) ('22001', '[22001] [Microsoft][ODBC Driver 17 for SQL Server][SQL Server]String or binary data would be truncated. (8152) (SQLExecDirectW)')
[SQL: insert into records values('CC2Servicenummer','Belgrad','Nicht übermittelt','trz_sstankovic',                                  '493469120044','','Nicht übermittelt','493469120044_Thursday, December 19, 2019_4:14:05 PM')]
(Background on this error at: http://sqlalche.me/e/9h9h)
Tue, 24 Dec 2019 11:53:26 - INFO - 123TV DB import
Tue, 24 Dec 2019 11:53:35 - INFO - Connect to DB
Tue, 24 Dec 2019 11:53:35 - INFO - TRIZMA DB import
Tue, 24 Dec 2019 11:53:35 - INFO - 123TV DB import
Tue, 24 Dec 2019 11:59:42 - INFO - Connect to DB
Tue, 24 Dec 2019 11:59:42 - INFO - TRIZMA DB import
Tue, 24 Dec 2019 11:59:42 - INFO - Failed on TRIZMA DB import at: 2019-12-24_11-33-58, for following calling party: 491722455363, for agent id: trz_sstankovic, with error:(pyodbc.DataError) ('22001', '[22001] [Microsoft][ODBC Driver 17 for SQL Server][SQL Server]String or binary data would be truncated. (8152) (SQLExecDirectW)')
[SQL: insert into records values('CC2Servicenummer','Belgrad','Nicht übermittelt','trz_sstankovic',                                  '491722455363','','Nicht übermittelt','491722455363_Thursday, December 19, 2019_5:31:53 PM')]
(Background on this error at: http://sqlalche.me/e/9h9h)
Tue, 24 Dec 2019 11:59:42 - INFO - 123TV DB import
Tue, 24 Dec 2019 12:00:07 - INFO - Connect to DB
Tue, 24 Dec 2019 12:00:07 - INFO - TRIZMA DB import
Tue, 24 Dec 2019 12:00:07 - INFO - Failed on TRIZMA DB import at: 2019-12-24_11-33-58, for following calling party: 491733120661, for agent id: trz_sstankovic, with error:(pyodbc.DataError) ('22001', '[22001] [Microsoft][ODBC Driver 17 for SQL Server][SQL Server]String or binary data would be truncated. (8152) (SQLExecDirectW)')
[SQL: insert into records values('CC2Servicenummer','Belgrad','Nicht übermittelt','trz_sstankovic',                                  '491733120661','','Nicht übermittelt','491733120661_Thursday, December 19, 2019_5:51:49 PM')]
(Background on this error at: http://sqlalche.me/e/9h9h)
Tue, 24 Dec 2019 12:00:07 - INFO - 123TV DB import
Tue, 24 Dec 2019 12:01:19 - INFO - Connect to DB
Tue, 24 Dec 2019 12:01:19 - INFO - TRIZMA DB import
Tue, 24 Dec 2019 12:01:19 - INFO - 123TV DB import
Tue, 24 Dec 2019 12:01:40 - INFO - Connect to DB
Tue, 24 Dec 2019 12:01:40 - INFO - TRIZMA DB import
Tue, 24 Dec 2019 12:01:40 - INFO - 123TV DB import
Tue, 24 Dec 2019 12:02:20 - INFO - Connect to DB
Tue, 24 Dec 2019 12:02:20 - INFO - TRIZMA DB import
Tue, 24 Dec 2019 12:02:20 - INFO - 123TV DB import
Tue, 24 Dec 2019 12:03:47 - INFO - Connect to DB
Tue, 24 Dec 2019 12:03:47 - INFO - TRIZMA DB import
Tue, 24 Dec 2019 12:03:47 - INFO - 123TV DB import
Tue, 24 Dec 2019 12:11:06 - INFO - Connect to DB
Tue, 24 Dec 2019 12:11:06 - INFO - TRIZMA DB import
Tue, 24 Dec 2019 12:11:06 - INFO - Failed on TRIZMA DB import at: 2019-12-24_11-33-58, for following calling party: 4915770778470, for agent id: trz_sstankovic, with error:(pyodbc.DataError) ('22001', '[22001] [Microsoft][ODBC Driver 17 for SQL Server][SQL Server]String or binary data would be truncated. (8152) (SQLExecDirectW)')
[SQL: insert into records values('CC2Servicenummer','Belgrad','Nicht übermittelt','trz_sstankovic',                                  '4915770778470','','Nicht übermittelt','4915770778470_Saturday, December 21, 2019_12:46:31 PM')]
(Background on this error at: http://sqlalche.me/e/9h9h)
Tue, 24 Dec 2019 12:11:06 - INFO - 123TV DB import
Tue, 24 Dec 2019 12:11:15 - INFO - Connect to DB
Tue, 24 Dec 2019 12:11:16 - INFO - TRIZMA DB import
Tue, 24 Dec 2019 12:11:16 - INFO - Failed on TRIZMA DB import at: 2019-12-24_11-33-58, for following calling party: 493916314629, for agent id: trz_sstankovic, with error:(pyodbc.DataError) ('22001', '[22001] [Microsoft][ODBC Driver 17 for SQL Server][SQL Server]String or binary data would be truncated. (8152) (SQLExecDirectW)')
[SQL: insert into records values('CC2Servicenummer','Belgrad','Nicht übermittelt','trz_sstankovic',                                  '493916314629','','Nicht übermittelt','493916314629_Saturday, December 21, 2019_1:36:14 PM')]
(Background on this error at: http://sqlalche.me/e/9h9h)
Tue, 24 Dec 2019 12:11:16 - INFO - 123TV DB import
Tue, 24 Dec 2019 12:12:21 - INFO - Connect to DB
Tue, 24 Dec 2019 12:12:21 - INFO - TRIZMA DB import
Tue, 24 Dec 2019 12:12:21 - INFO - Failed on TRIZMA DB import at: 2019-12-24_11-33-58, for following calling party: 4944217495722, for agent id: trz_sstankovic, with error:(pyodbc.DataError) ('22001', '[22001] [Microsoft][ODBC Driver 17 for SQL Server][SQL Server]String or binary data would be truncated. (8152) (SQLExecDirectW)')
[SQL: insert into records values('CC2Servicenummer','Belgrad','Nicht übermittelt','trz_sstankovic',                                  '4944217495722','','Nicht übermittelt','4944217495722_Saturday, December 21, 2019_3:33:59 PM')]
(Background on this error at: http://sqlalche.me/e/9h9h)
Tue, 24 Dec 2019 12:12:21 - INFO - 123TV DB import
Tue, 24 Dec 2019 12:12:31 - INFO - Connect to DB
Tue, 24 Dec 2019 12:12:31 - INFO - TRIZMA DB import
Tue, 24 Dec 2019 12:12:31 - INFO - Failed on TRIZMA DB import at: 2019-12-24_11-33-58, for following calling party: 491786229815, for agent id: trz_sstankovic, with error:(pyodbc.DataError) ('22001', '[22001] [Microsoft][ODBC Driver 17 for SQL Server][SQL Server]String or binary data would be truncated. (8152) (SQLExecDirectW)')
[SQL: insert into records values('CC2Servicenummer','Belgrad','Nicht übermittelt','trz_sstankovic',                                  '491786229815','','Nicht übermittelt','491786229815_Saturday, December 21, 2019_3:41:05 PM')]
(Background on this error at: http://sqlalche.me/e/9h9h)
Tue, 24 Dec 2019 12:12:31 - INFO - 123TV DB import
Tue, 24 Dec 2019 12:12:50 - INFO - Connect to DB
Tue, 24 Dec 2019 12:12:50 - INFO - TRIZMA DB import
Tue, 24 Dec 2019 12:12:50 - INFO - Failed on TRIZMA DB import at: 2019-12-24_11-33-58, for following calling party: 4991894129088, for agent id: trz_sstankovic, with error:(pyodbc.DataError) ('22001', '[22001] [Microsoft][ODBC Driver 17 for SQL Server][SQL Server]String or binary data would be truncated. (8152) (SQLExecDirectW)')
[SQL: insert into records values('CC2Servicenummer','Belgrad','Nicht übermittelt','trz_sstankovic',                                  '4991894129088','','Nicht übermittelt','4991894129088_Tuesday, December 24, 2019_1:12:49 PM')]
(Background on this error at: http://sqlalche.me/e/9h9h)
Tue, 24 Dec 2019 12:12:50 - INFO - 123TV DB import
