Thu, 16 Jan 2020 08:24:50 - INFO - Connect to DB
Thu, 16 Jan 2020 08:24:51 - INFO - TRIZMA DB import
Thu, 16 Jan 2020 08:24:51 - INFO - 123TV DB import
Thu, 16 Jan 2020 08:25:14 - INFO - Connect to DB
Thu, 16 Jan 2020 08:25:14 - INFO - TRIZMA DB import
Thu, 16 Jan 2020 08:25:14 - INFO - 123TV DB import
Thu, 16 Jan 2020 08:25:53 - INFO - Connect to DB
Thu, 16 Jan 2020 08:25:53 - INFO - TRIZMA DB import
Thu, 16 Jan 2020 08:25:53 - INFO - Failed on TRIZMA DB import at: 2020-01-16_08-19-19, for following calling party: 4983319412019, for agent id: trz_madamovic, with error:(pyodbc.DataError) ('22001', '[22001] [Microsoft][ODBC Driver 17 for SQL Server][SQL Server]String or binary data would be truncated. (8152) (SQLExecDirectW)')
[SQL: insert into records values('CC2Servicenummer','Belgrad','Nicht übermittelt','trz_madamovic',                                 '4983319412019','','Nicht übermittelt','4983319412019_Thursday, January 16, 2020_9:25:46 AM','MIL_ADAMOV')]
(Background on this error at: http://sqlalche.me/e/9h9h)
Thu, 16 Jan 2020 08:25:53 - INFO - 123TV DB import
Thu, 16 Jan 2020 08:26:12 - INFO - Connect to DB
Thu, 16 Jan 2020 08:26:12 - INFO - TRIZMA DB import
Thu, 16 Jan 2020 08:26:12 - INFO - 123TV DB import
Thu, 16 Jan 2020 08:27:02 - INFO - Connect to DB
Thu, 16 Jan 2020 08:27:03 - INFO - TRIZMA DB import
Thu, 16 Jan 2020 08:27:03 - INFO - 123TV DB import
Thu, 16 Jan 2020 08:27:14 - INFO - Connect to DB
Thu, 16 Jan 2020 08:27:14 - INFO - TRIZMA DB import
Thu, 16 Jan 2020 08:27:14 - INFO - 123TV DB import
Thu, 16 Jan 2020 08:28:03 - INFO - Connect to DB
Thu, 16 Jan 2020 08:28:03 - INFO - TRIZMA DB import
Thu, 16 Jan 2020 08:28:03 - INFO - 123TV DB import
Thu, 16 Jan 2020 08:28:09 - INFO - Connect to DB
Thu, 16 Jan 2020 08:28:09 - INFO - TRIZMA DB import
Thu, 16 Jan 2020 08:28:09 - INFO - 123TV DB import
Thu, 16 Jan 2020 08:28:20 - INFO - Connect to DB
Thu, 16 Jan 2020 08:28:20 - INFO - TRIZMA DB import
Thu, 16 Jan 2020 08:28:20 - INFO - 123TV DB import
Thu, 16 Jan 2020 08:28:26 - INFO - Connect to DB
Thu, 16 Jan 2020 08:28:26 - INFO - TRIZMA DB import
Thu, 16 Jan 2020 08:28:26 - INFO - 123TV DB import
Thu, 16 Jan 2020 08:28:31 - INFO - Connect to DB
Thu, 16 Jan 2020 08:28:31 - INFO - TRIZMA DB import
Thu, 16 Jan 2020 08:28:31 - INFO - 123TV DB import
