Thu, 02 Jan 2020 07:58:20 - INFO - Connect to DB
Thu, 02 Jan 2020 07:58:20 - INFO - TRIZMA DB import
Thu, 02 Jan 2020 07:58:20 - INFO - Failed on TRIZMA DB import at: 2020-01-02_07-50-38, for following calling party: 491731864217, for agent id: trz_sstankovic, with error:(pyodbc.DataError) ('22001', '[22001] [Microsoft][ODBC Driver 17 for SQL Server][SQL Server]String or binary data would be truncated. (8152) (SQLExecDirectW)')
[SQL: insert into records values('CC2Servicenummer','Belgrad','Nicht 端bermittelt','trz_sstankovic',                                  '491731864217','','Nicht 端bermittelt','491731864217_Tuesday, December 31, 2019_12:52:51 PM')]
(Background on this error at: http://sqlalche.me/e/9h9h)
Thu, 02 Jan 2020 07:58:20 - INFO - 123TV DB import
Thu, 02 Jan 2020 07:58:45 - INFO - Connect to DB
Thu, 02 Jan 2020 07:58:45 - INFO - TRIZMA DB import
Thu, 02 Jan 2020 07:58:45 - INFO - 123TV DB import
Thu, 02 Jan 2020 08:03:50 - INFO - Connect to DB
Thu, 02 Jan 2020 08:03:50 - INFO - TRIZMA DB import
Thu, 02 Jan 2020 08:03:50 - INFO - 123TV DB import
Thu, 02 Jan 2020 08:07:50 - INFO - Connect to DB
Thu, 02 Jan 2020 08:07:50 - INFO - TRIZMA DB import
Thu, 02 Jan 2020 08:07:50 - INFO - 123TV DB import
Thu, 02 Jan 2020 08:08:21 - INFO - Connect to DB
Thu, 02 Jan 2020 08:08:21 - INFO - TRIZMA DB import
Thu, 02 Jan 2020 08:08:21 - INFO - 123TV DB import
Thu, 02 Jan 2020 08:08:37 - INFO - Connect to DB
Thu, 02 Jan 2020 08:08:37 - INFO - TRIZMA DB import
Thu, 02 Jan 2020 08:08:37 - INFO - 123TV DB import
Thu, 02 Jan 2020 08:09:34 - INFO - Connect to DB
Thu, 02 Jan 2020 08:09:34 - INFO - TRIZMA DB import
Thu, 02 Jan 2020 08:09:34 - INFO - 123TV DB import
Thu, 02 Jan 2020 08:11:00 - INFO - Connect to DB
Thu, 02 Jan 2020 08:11:00 - INFO - TRIZMA DB import
Thu, 02 Jan 2020 08:11:00 - INFO - 123TV DB import
Thu, 02 Jan 2020 08:12:08 - INFO - Connect to DB
Thu, 02 Jan 2020 08:12:08 - INFO - TRIZMA DB import
Thu, 02 Jan 2020 08:12:08 - INFO - 123TV DB import
Thu, 02 Jan 2020 08:12:32 - INFO - Connect to DB
Thu, 02 Jan 2020 08:12:32 - INFO - TRIZMA DB import
Thu, 02 Jan 2020 08:12:32 - INFO - Failed on TRIZMA DB import at: 2020-01-02_07-50-38, for following calling party: 4915906293853, for agent id: trz_sstankovic, with error:(pyodbc.DataError) ('22001', '[22001] [Microsoft][ODBC Driver 17 for SQL Server][SQL Server]String or binary data would be truncated. (8152) (SQLExecDirectW)')
[SQL: insert into records values('CC2Servicenummer','Belgrad','Nicht 端bermittelt','trz_sstankovic',                                  '4915906293853','','Nicht 端bermittelt','4915906293853_Tuesday, December 31, 2019_1:44:07 PM')]
(Background on this error at: http://sqlalche.me/e/9h9h)
Thu, 02 Jan 2020 08:12:32 - INFO - 123TV DB import
Thu, 02 Jan 2020 08:12:53 - INFO - Connect to DB
Thu, 02 Jan 2020 08:12:53 - INFO - TRIZMA DB import
Thu, 02 Jan 2020 08:12:53 - INFO - 123TV DB import
Thu, 02 Jan 2020 08:37:04 - INFO - Connect to DB
Thu, 02 Jan 2020 08:37:04 - INFO - TRIZMA DB import
Thu, 02 Jan 2020 08:37:04 - INFO - 123TV DB import
