Fri, 10 Jan 2020 11:39:16 - INFO - Connect to DB
Fri, 10 Jan 2020 11:39:17 - INFO - TRIZMA DB import
Fri, 10 Jan 2020 11:39:17 - INFO - 123TV DB import
Fri, 10 Jan 2020 11:39:26 - INFO - Connect to DB
Fri, 10 Jan 2020 11:39:26 - INFO - TRIZMA DB import
Fri, 10 Jan 2020 11:39:26 - INFO - 123TV DB import
Fri, 10 Jan 2020 11:40:22 - INFO - Connect to DB
Fri, 10 Jan 2020 11:40:22 - INFO - TRIZMA DB import
Fri, 10 Jan 2020 11:40:22 - INFO - 123TV DB import
Fri, 10 Jan 2020 11:40:47 - INFO - Connect to DB
Fri, 10 Jan 2020 11:40:47 - INFO - TRIZMA DB import
Fri, 10 Jan 2020 11:40:47 - INFO - 123TV DB import
Fri, 10 Jan 2020 11:41:12 - INFO - Connect to DB
Fri, 10 Jan 2020 11:41:12 - INFO - TRIZMA DB import
Fri, 10 Jan 2020 11:41:12 - INFO - 123TV DB import
Fri, 10 Jan 2020 11:42:03 - INFO - Connect to DB
Fri, 10 Jan 2020 11:42:03 - INFO - TRIZMA DB import
Fri, 10 Jan 2020 11:42:03 - INFO - 123TV DB import
Fri, 10 Jan 2020 11:42:42 - INFO - Connect to DB
Fri, 10 Jan 2020 11:42:42 - INFO - TRIZMA DB import
Fri, 10 Jan 2020 11:42:43 - INFO - 123TV DB import
Fri, 10 Jan 2020 11:43:24 - INFO - Connect to DB
Fri, 10 Jan 2020 11:43:24 - INFO - TRIZMA DB import
Fri, 10 Jan 2020 11:43:24 - INFO - Failed on TRIZMA DB import at: 2020-01-10_11-38-16, for following calling party: 4915221667256, for agent id: trz_madamovic, with error:(pyodbc.DataError) ('22001', '[22001] [Microsoft][ODBC Driver 17 for SQL Server][SQL Server]String or binary data would be truncated. (8152) (SQLExecDirectW)')
[SQL: insert into records values('CC2Servicenummer','Belgrad','Nicht übermittelt','trz_madamovic',                                  '4915221667256','','Nicht übermittelt','4915221667256_Thursday, January 02, 2020_7:35:49 PM')]
(Background on this error at: http://sqlalche.me/e/9h9h)
Fri, 10 Jan 2020 11:43:24 - INFO - 123TV DB import
Fri, 10 Jan 2020 11:44:15 - INFO - Connect to DB
Fri, 10 Jan 2020 11:44:16 - INFO - TRIZMA DB import
Fri, 10 Jan 2020 11:44:16 - INFO - 123TV DB import
Fri, 10 Jan 2020 11:49:42 - INFO - Connect to DB
Fri, 10 Jan 2020 11:49:42 - INFO - TRIZMA DB import
Fri, 10 Jan 2020 11:49:42 - INFO - 123TV DB import
Fri, 10 Jan 2020 11:49:48 - INFO - Connect to DB
Fri, 10 Jan 2020 11:49:48 - INFO - TRIZMA DB import
Fri, 10 Jan 2020 11:49:48 - INFO - 123TV DB import
