Mon, 30 Dec 2019 13:03:04 - INFO - Connect to DB
Mon, 30 Dec 2019 13:03:04 - INFO - TRIZMA DB import
Mon, 30 Dec 2019 13:03:04 - INFO - 123TV DB import
Mon, 30 Dec 2019 13:04:31 - INFO - Connect to DB
Mon, 30 Dec 2019 13:04:31 - INFO - TRIZMA DB import
Mon, 30 Dec 2019 13:04:31 - INFO - Failed on TRIZMA DB import at: 2019-12-30_12-56-42, for following calling party: 4915737476735, for agent id: trz_sstankovic, with error:(pyodbc.DataError) ('22001', '[22001] [Microsoft][ODBC Driver 17 for SQL Server][SQL Server]String or binary data would be truncated. (8152) (SQLExecDirectW)')
[SQL: insert into records values('CC2Servicenummer','Belgrad','Nicht übermittelt','trz_sstankovic',                                  '4915737476735','','Nicht übermittelt','4915737476735_Sunday, December 29, 2019_11:27:32 AM')]
(Background on this error at: http://sqlalche.me/e/9h9h)
Mon, 30 Dec 2019 13:04:31 - INFO - 123TV DB import
Mon, 30 Dec 2019 13:04:52 - INFO - Connect to DB
Mon, 30 Dec 2019 13:04:52 - INFO - TRIZMA DB import
Mon, 30 Dec 2019 13:04:52 - INFO - 123TV DB import
Mon, 30 Dec 2019 13:17:20 - INFO - Connect to DB
Mon, 30 Dec 2019 13:17:20 - INFO - TRIZMA DB import
Mon, 30 Dec 2019 13:17:20 - INFO - 123TV DB import
Mon, 30 Dec 2019 13:20:50 - INFO - Connect to DB
Mon, 30 Dec 2019 13:20:50 - INFO - TRIZMA DB import
Mon, 30 Dec 2019 13:20:50 - INFO - 123TV DB import
Mon, 30 Dec 2019 13:39:54 - INFO - Connect to DB
Mon, 30 Dec 2019 13:39:54 - INFO - TRIZMA DB import
Mon, 30 Dec 2019 13:39:54 - INFO - 123TV DB import
Mon, 30 Dec 2019 14:14:55 - INFO - Connect to DB
Mon, 30 Dec 2019 14:14:55 - INFO - TRIZMA DB import
Mon, 30 Dec 2019 14:14:55 - INFO - 123TV DB import
