Wed, 08 Jan 2020 10:26:50 - INFO - Connect to DB
Wed, 08 Jan 2020 10:26:50 - INFO - TRIZMA DB import
Wed, 08 Jan 2020 10:26:50 - INFO - 123TV DB import
Wed, 08 Jan 2020 10:26:55 - INFO - Failed on 123TV DB import at: 2020-01-08_10-16-14, for following calling party: 49306543148, for agent id: 3098, with error:Invalid XML content received (Start tag expected, '<' not found, line 1, column 1)
Wed, 08 Jan 2020 10:31:45 - INFO - Connect to DB
Wed, 08 Jan 2020 10:31:45 - INFO - TRIZMA DB import
Wed, 08 Jan 2020 10:31:45 - INFO - Failed on TRIZMA DB import at: 2020-01-08_10-16-14, for following calling party: 4949218015575, for agent id: trz_hjovic, with error:(pyodbc.DataError) ('22001', '[22001] [Microsoft][ODBC Driver 17 for SQL Server][SQL Server]String or binary data would be truncated. (8152) (SQLExecDirectW)')
[SQL: insert into records values('CC2Servicenummer','Belgrad','Nicht 端bermittelt','trz_hjovic',                                  '4949218015575','','Nicht 端bermittelt','4949218015575_Wednesday, January 8, 2020_11:31:45 AM')]
(Background on this error at: http://sqlalche.me/e/9h9h)
Wed, 08 Jan 2020 10:31:45 - INFO - 123TV DB import
Wed, 08 Jan 2020 10:31:50 - INFO - Failed on 123TV DB import at: 2020-01-08_10-16-14, for following calling party: 4949218015575, for agent id: 3063, with error:Invalid XML content received (Start tag expected, '<' not found, line 1, column 1)
Wed, 08 Jan 2020 10:35:57 - INFO - Connect to DB
Wed, 08 Jan 2020 10:35:57 - INFO - TRIZMA DB import
Wed, 08 Jan 2020 10:35:57 - INFO - 123TV DB import
Wed, 08 Jan 2020 10:36:02 - INFO - Failed on 123TV DB import at: 2020-01-08_10-16-14, for following calling party: 49793143952, for agent id: 3098, with error:Invalid XML content received (Start tag expected, '<' not found, line 1, column 1)
Wed, 08 Jan 2020 10:37:27 - INFO - Connect to DB
Wed, 08 Jan 2020 10:37:27 - INFO - TRIZMA DB import
Wed, 08 Jan 2020 10:37:27 - INFO - Failed on TRIZMA DB import at: 2020-01-08_10-16-14, for following calling party: 493457764366, for agent id: trz_madamovic, with error:(pyodbc.DataError) ('22001', '[22001] [Microsoft][ODBC Driver 17 for SQL Server][SQL Server]String or binary data would be truncated. (8152) (SQLExecDirectW)')
[SQL: insert into records values('CC2Servicenummer','Belgrad','Nicht 端bermittelt','trz_madamovic',                                  '493457764366','','Nicht 端bermittelt','493457764366_Wednesday, January 08, 2020_11:37:22 AM')]
(Background on this error at: http://sqlalche.me/e/9h9h)
Wed, 08 Jan 2020 10:37:27 - INFO - 123TV DB import
Wed, 08 Jan 2020 10:37:32 - INFO - Failed on 123TV DB import at: 2020-01-08_10-16-14, for following calling party: 493457764366, for agent id: 3067, with error:Invalid XML content received (Start tag expected, '<' not found, line 1, column 1)
