Sat, 11 Jan 2020 11:28:31 - INFO - Connect to DB
Sat, 11 Jan 2020 11:28:32 - INFO - TRIZMA DB import
Sat, 11 Jan 2020 11:28:32 - INFO - 123TV DB import
Sat, 11 Jan 2020 11:28:37 - INFO - Failed on 123TV DB import at: 2020-01-11_11-28-00, for following calling party: 491702953502, for agent id: 3067, with error:Missing element acd_id (importCallMetaData.acd_id)
Sat, 11 Jan 2020 11:38:43 - INFO - Connect to DB
Sat, 11 Jan 2020 11:38:43 - INFO - TRIZMA DB import
Sat, 11 Jan 2020 11:38:43 - INFO - 123TV DB import
Sat, 11 Jan 2020 11:38:48 - INFO - Failed on 123TV DB import at: 2020-01-11_11-28-00, for following calling party: 493514963613, for agent id: 3067, with error:Missing element acd_id (importCallMetaData.acd_id)
Sat, 11 Jan 2020 11:39:47 - INFO - Connect to DB
Sat, 11 Jan 2020 11:39:47 - INFO - TRIZMA DB import
Sat, 11 Jan 2020 11:39:47 - INFO - Failed on TRIZMA DB import at: 2020-01-11_11-28-00, for following calling party: 4944629862533, for agent id: trz_madamovic, with error:(pyodbc.DataError) ('22001', '[22001] [Microsoft][ODBC Driver 17 for SQL Server][SQL Server]String or binary data would be truncated. (8152) (SQLExecDirectW)')
[SQL: insert into records values('CC2Servicenummer','Belgrad','Nicht übermittelt','trz_madamovic',                                  '4944629862533','','Nicht übermittelt','4944629862533_Tuesday, December 31, 2019_11:14:19 AM')]
(Background on this error at: http://sqlalche.me/e/9h9h)
Sat, 11 Jan 2020 11:39:47 - INFO - 123TV DB import
Sat, 11 Jan 2020 11:39:52 - INFO - Failed on 123TV DB import at: 2020-01-11_11-28-00, for following calling party: 4944629862533, for agent id: 3067, with error:Missing element acd_id (importCallMetaData.acd_id)
Sat, 11 Jan 2020 11:39:52 - INFO - Connect to DB
Sat, 11 Jan 2020 11:39:52 - INFO - TRIZMA DB import
Sat, 11 Jan 2020 11:39:53 - INFO - 123TV DB import
Sat, 11 Jan 2020 11:39:58 - INFO - Failed on 123TV DB import at: 2020-01-11_11-28-00, for following calling party: 4987176355, for agent id: 3067, with error:Missing element acd_id (importCallMetaData.acd_id)
Sat, 11 Jan 2020 11:44:21 - INFO - Connect to DB
Sat, 11 Jan 2020 11:44:21 - INFO - TRIZMA DB import
Sat, 11 Jan 2020 11:44:21 - INFO - 123TV DB import
Sat, 11 Jan 2020 11:44:26 - INFO - Failed on 123TV DB import at: 2020-01-11_11-28-00, for following calling party: 4927751895, for agent id: 3067, with error:Missing element acd_id (importCallMetaData.acd_id)
