Thu, 16 Jan 2020 07:20:20 - INFO - Connect to DB
Thu, 16 Jan 2020 07:20:21 - INFO - TRIZMA DB import
Thu, 16 Jan 2020 07:20:21 - INFO - 123TV DB import
Thu, 16 Jan 2020 07:20:56 - INFO - Connect to DB
Thu, 16 Jan 2020 07:20:56 - INFO - TRIZMA DB import
Thu, 16 Jan 2020 07:20:56 - INFO - 123TV DB import
Thu, 16 Jan 2020 07:21:31 - INFO - Connect to DB
Thu, 16 Jan 2020 07:21:31 - INFO - TRIZMA DB import
Thu, 16 Jan 2020 07:21:31 - INFO - 123TV DB import
Thu, 16 Jan 2020 07:25:48 - INFO - Connect to DB
Thu, 16 Jan 2020 07:25:48 - INFO - TRIZMA DB import
Thu, 16 Jan 2020 07:25:48 - INFO - 123TV DB import
Thu, 16 Jan 2020 07:26:32 - INFO - Connect to DB
Thu, 16 Jan 2020 07:26:32 - INFO - TRIZMA DB import
Thu, 16 Jan 2020 07:26:32 - INFO - 123TV DB import
Thu, 16 Jan 2020 07:26:37 - INFO - Connect to DB
Thu, 16 Jan 2020 07:26:37 - INFO - TRIZMA DB import
Thu, 16 Jan 2020 07:26:37 - INFO - 123TV DB import
Thu, 16 Jan 2020 07:27:09 - INFO - Connect to DB
Thu, 16 Jan 2020 07:27:09 - INFO - TRIZMA DB import
Thu, 16 Jan 2020 07:27:09 - INFO - Failed on TRIZMA DB import at: 2020-01-16_07-15-56, for following calling party: 493052685372, for agent id: trz_madamovic, with error:(pyodbc.DataError) ('22001', '[22001] [Microsoft][ODBC Driver 17 for SQL Server][SQL Server]String or binary data would be truncated. (8152) (SQLExecDirectW)')
[SQL: insert into records values('CC2Servicenummer','Belgrad','Nicht übermittelt','trz_madamovic',                                 '493052685372','','Nicht übermittelt','493052685372_Wednesday, January 15, 2020_12:57:00 PM','MIL_ADAMOV')]
(Background on this error at: http://sqlalche.me/e/9h9h)
Thu, 16 Jan 2020 07:27:09 - INFO - 123TV DB import
Thu, 16 Jan 2020 07:27:34 - INFO - Connect to DB
Thu, 16 Jan 2020 07:27:34 - INFO - TRIZMA DB import
Thu, 16 Jan 2020 07:27:34 - INFO - Failed on TRIZMA DB import at: 2020-01-16_07-15-56, for following calling party: 4917653166475, for agent id: trz_madamovic, with error:(pyodbc.DataError) ('22001', '[22001] [Microsoft][ODBC Driver 17 for SQL Server][SQL Server]String or binary data would be truncated. (8152) (SQLExecDirectW)')
[SQL: insert into records values('CC2Servicenummer','Belgrad','Nicht übermittelt','trz_madamovic',                                 '4917653166475','','Nicht übermittelt','4917653166475_Wednesday, January 15, 2020_1:08:41 PM','MIL_ADAMOV')]
(Background on this error at: http://sqlalche.me/e/9h9h)
Thu, 16 Jan 2020 07:27:34 - INFO - 123TV DB import
Thu, 16 Jan 2020 07:28:11 - INFO - Connect to DB
Thu, 16 Jan 2020 07:28:11 - INFO - TRIZMA DB import
Thu, 16 Jan 2020 07:28:11 - INFO - Failed on TRIZMA DB import at: 2020-01-16_07-15-56, for following calling party: 491727237290, for agent id: trz_madamovic, with error:(pyodbc.DataError) ('22001', '[22001] [Microsoft][ODBC Driver 17 for SQL Server][SQL Server]String or binary data would be truncated. (8152) (SQLExecDirectW)')
[SQL: insert into records values('CC2Servicenummer','Belgrad','Nicht übermittelt','trz_madamovic',                                 '491727237290','','Nicht übermittelt','491727237290_Wednesday, January 15, 2020_1:57:57 PM','MIL_ADAMOV')]
(Background on this error at: http://sqlalche.me/e/9h9h)
Thu, 16 Jan 2020 07:28:11 - INFO - 123TV DB import
Thu, 16 Jan 2020 07:28:27 - INFO - Connect to DB
Thu, 16 Jan 2020 07:28:27 - INFO - TRIZMA DB import
Thu, 16 Jan 2020 07:28:27 - INFO - Failed on TRIZMA DB import at: 2020-01-16_07-15-56, for following calling party: 497062910344, for agent id: trz_madamovic, with error:(pyodbc.DataError) ('22001', '[22001] [Microsoft][ODBC Driver 17 for SQL Server][SQL Server]String or binary data would be truncated. (8152) (SQLExecDirectW)')
[SQL: insert into records values('CC2Servicenummer','Belgrad','Nicht übermittelt','trz_madamovic',                                 '497062910344','','Nicht übermittelt','497062910344_Wednesday, January 15, 2020_2:47:05 PM','MIL_ADAMOV')]
(Background on this error at: http://sqlalche.me/e/9h9h)
Thu, 16 Jan 2020 07:28:27 - INFO - 123TV DB import
Thu, 16 Jan 2020 07:33:19 - INFO - Connect to DB
Thu, 16 Jan 2020 07:33:19 - INFO - TRIZMA DB import
Thu, 16 Jan 2020 07:33:19 - INFO - 123TV DB import
Thu, 16 Jan 2020 07:33:34 - INFO - Connect to DB
Thu, 16 Jan 2020 07:33:34 - INFO - TRIZMA DB import
Thu, 16 Jan 2020 07:33:35 - INFO - 123TV DB import
Thu, 16 Jan 2020 07:34:23 - INFO - Connect to DB
Thu, 16 Jan 2020 07:34:23 - INFO - TRIZMA DB import
Thu, 16 Jan 2020 07:34:23 - INFO - 123TV DB import
Thu, 16 Jan 2020 07:34:36 - INFO - Connect to DB
Thu, 16 Jan 2020 07:34:37 - INFO - TRIZMA DB import
Thu, 16 Jan 2020 07:34:37 - INFO - 123TV DB import
Thu, 16 Jan 2020 07:34:58 - INFO - Connect to DB
Thu, 16 Jan 2020 07:34:58 - INFO - TRIZMA DB import
Thu, 16 Jan 2020 07:34:58 - INFO - 123TV DB import
Thu, 16 Jan 2020 07:36:15 - INFO - Connect to DB
Thu, 16 Jan 2020 07:36:16 - INFO - TRIZMA DB import
Thu, 16 Jan 2020 07:36:16 - INFO - 123TV DB import
Thu, 16 Jan 2020 07:36:46 - INFO - Connect to DB
Thu, 16 Jan 2020 07:36:46 - INFO - TRIZMA DB import
Thu, 16 Jan 2020 07:36:46 - INFO - 123TV DB import
Thu, 16 Jan 2020 07:38:58 - INFO - Connect to DB
Thu, 16 Jan 2020 07:38:58 - INFO - TRIZMA DB import
Thu, 16 Jan 2020 07:38:58 - INFO - 123TV DB import
Thu, 16 Jan 2020 07:39:08 - INFO - Connect to DB
Thu, 16 Jan 2020 07:39:08 - INFO - TRIZMA DB import
Thu, 16 Jan 2020 07:39:08 - INFO - 123TV DB import
Thu, 16 Jan 2020 07:40:21 - INFO - Connect to DB
Thu, 16 Jan 2020 07:40:21 - INFO - TRIZMA DB import
Thu, 16 Jan 2020 07:40:21 - INFO - 123TV DB import
Thu, 16 Jan 2020 07:42:07 - INFO - Connect to DB
Thu, 16 Jan 2020 07:42:07 - INFO - TRIZMA DB import
Thu, 16 Jan 2020 07:42:07 - INFO - 123TV DB import
Thu, 16 Jan 2020 07:42:22 - INFO - Connect to DB
Thu, 16 Jan 2020 07:42:22 - INFO - TRIZMA DB import
Thu, 16 Jan 2020 07:42:22 - INFO - 123TV DB import
Thu, 16 Jan 2020 07:43:35 - INFO - Connect to DB
Thu, 16 Jan 2020 07:43:35 - INFO - TRIZMA DB import
Thu, 16 Jan 2020 07:43:35 - INFO - 123TV DB import
Thu, 16 Jan 2020 07:46:05 - INFO - Connect to DB
Thu, 16 Jan 2020 07:46:05 - INFO - TRIZMA DB import
Thu, 16 Jan 2020 07:46:05 - INFO - 123TV DB import
Thu, 16 Jan 2020 07:46:52 - INFO - Connect to DB
Thu, 16 Jan 2020 07:46:52 - INFO - TRIZMA DB import
Thu, 16 Jan 2020 07:46:52 - INFO - 123TV DB import
