Mon, 20 Jan 2020 09:35:45 - INFO - Connect to DB
Mon, 20 Jan 2020 09:35:46 - INFO - TRIZMA DB import
Mon, 20 Jan 2020 09:35:46 - INFO - 123TV DB import
Mon, 20 Jan 2020 09:41:09 - INFO - Connect to DB
Mon, 20 Jan 2020 09:41:09 - INFO - TRIZMA DB import
Mon, 20 Jan 2020 09:41:09 - INFO - 123TV DB import
Mon, 20 Jan 2020 09:42:34 - INFO - Connect to DB
Mon, 20 Jan 2020 09:42:34 - INFO - TRIZMA DB import
Mon, 20 Jan 2020 09:42:34 - INFO - 123TV DB import
Mon, 20 Jan 2020 09:45:47 - INFO - Connect to DB
Mon, 20 Jan 2020 09:45:47 - INFO - TRIZMA DB import
Mon, 20 Jan 2020 09:45:47 - INFO - 123TV DB import
Mon, 20 Jan 2020 09:51:23 - INFO - Connect to DB
Mon, 20 Jan 2020 09:51:23 - INFO - TRIZMA DB import
Mon, 20 Jan 2020 09:51:23 - INFO - 123TV DB import
Mon, 20 Jan 2020 09:52:10 - INFO - Connect to DB
Mon, 20 Jan 2020 09:52:10 - INFO - TRIZMA DB import
Mon, 20 Jan 2020 09:52:10 - INFO - 123TV DB import
Mon, 20 Jan 2020 09:52:17 - INFO - Connect to DB
Mon, 20 Jan 2020 09:52:17 - INFO - TRIZMA DB import
Mon, 20 Jan 2020 09:52:17 - INFO - 123TV DB import
Mon, 20 Jan 2020 09:55:43 - INFO - Connect to DB
Mon, 20 Jan 2020 09:55:44 - INFO - TRIZMA DB import
Mon, 20 Jan 2020 09:55:44 - INFO - 123TV DB import
Mon, 20 Jan 2020 09:56:48 - INFO - Connect to DB
Mon, 20 Jan 2020 09:56:48 - INFO - TRIZMA DB import
Mon, 20 Jan 2020 09:56:48 - INFO - 123TV DB import
Mon, 20 Jan 2020 09:57:20 - INFO - Connect to DB
Mon, 20 Jan 2020 09:57:21 - INFO - TRIZMA DB import
Mon, 20 Jan 2020 09:57:21 - INFO - Failed on TRIZMA DB import at: 2020-01-20_09-28-23, for following calling party: 491734651773, for agent id: trz_bmaksimovic, with error:(pyodbc.DataError) ('22001', '[22001] [Microsoft][ODBC Driver 17 for SQL Server][SQL Server]String or binary data would be truncated. (8152) (SQLExecDirectW)')
[SQL: insert into records values('CC2Servicenummer','Belgrad','Nicht übermittelt','trz_bmaksimovic',                                 '491734651773','','Nicht übermittelt','491734651773_Wednesday, January 15, 2020_4:13:13 PM','BOR_MAKSIM')]
(Background on this error at: http://sqlalche.me/e/9h9h)
Mon, 20 Jan 2020 09:57:21 - INFO - 123TV DB import
Mon, 20 Jan 2020 09:57:26 - INFO - Connect to DB
Mon, 20 Jan 2020 09:57:27 - INFO - TRIZMA DB import
Mon, 20 Jan 2020 09:57:27 - INFO - Failed on TRIZMA DB import at: 2020-01-20_09-28-23, for following calling party: 4915208769496, for agent id: trz_bmaksimovic, with error:(pyodbc.DataError) ('22001', '[22001] [Microsoft][ODBC Driver 17 for SQL Server][SQL Server]String or binary data would be truncated. (8152) (SQLExecDirectW)')
[SQL: insert into records values('CC2Servicenummer','Belgrad','Nicht übermittelt','trz_bmaksimovic',                                 '4915208769496','','Nicht übermittelt','4915208769496_Wednesday, January 15, 2020_4:25:12 PM','BOR_MAKSIM')]
(Background on this error at: http://sqlalche.me/e/9h9h)
Mon, 20 Jan 2020 09:57:27 - INFO - 123TV DB import
Mon, 20 Jan 2020 09:59:27 - INFO - Connect to DB
Mon, 20 Jan 2020 09:59:27 - INFO - TRIZMA DB import
Mon, 20 Jan 2020 09:59:27 - INFO - Failed on TRIZMA DB import at: 2020-01-20_09-28-23, for following calling party: 497031604680, for agent id: trz_bmaksimovic, with error:(pyodbc.DataError) ('22001', '[22001] [Microsoft][ODBC Driver 17 for SQL Server][SQL Server]String or binary data would be truncated. (8152) (SQLExecDirectW)')
[SQL: insert into records values('CC2Servicenummer','Belgrad','Nicht übermittelt','trz_bmaksimovic',                                 '497031604680','','Nicht übermittelt','497031604680_Wednesday, January 15, 2020_6:18:57 PM','BOR_MAKSIM')]
(Background on this error at: http://sqlalche.me/e/9h9h)
Mon, 20 Jan 2020 09:59:27 - INFO - 123TV DB import
Mon, 20 Jan 2020 09:59:54 - INFO - Connect to DB
Mon, 20 Jan 2020 09:59:54 - INFO - TRIZMA DB import
Mon, 20 Jan 2020 09:59:54 - INFO - Failed on TRIZMA DB import at: 2020-01-20_09-28-23, for following calling party: 4982333892700, for agent id: trz_bmaksimovic, with error:(pyodbc.DataError) ('22001', '[22001] [Microsoft][ODBC Driver 17 for SQL Server][SQL Server]String or binary data would be truncated. (8152) (SQLExecDirectW)')
[SQL: insert into records values('CC2Servicenummer','Belgrad','Nicht übermittelt','trz_bmaksimovic',                                 '4982333892700','','Nicht übermittelt','4982333892700_Wednesday, January 15, 2020_6:50:17 PM','BOR_MAKSIM')]
(Background on this error at: http://sqlalche.me/e/9h9h)
Mon, 20 Jan 2020 09:59:54 - INFO - 123TV DB import
Mon, 20 Jan 2020 10:00:08 - INFO - Connect to DB
Mon, 20 Jan 2020 10:00:08 - INFO - TRIZMA DB import
Mon, 20 Jan 2020 10:00:08 - INFO - 123TV DB import
Mon, 20 Jan 2020 10:01:01 - INFO - Connect to DB
Mon, 20 Jan 2020 10:01:01 - INFO - TRIZMA DB import
Mon, 20 Jan 2020 10:01:01 - INFO - 123TV DB import
Mon, 20 Jan 2020 10:01:07 - INFO - Connect to DB
Mon, 20 Jan 2020 10:01:07 - INFO - TRIZMA DB import
Mon, 20 Jan 2020 10:01:07 - INFO - 123TV DB import
Mon, 20 Jan 2020 10:01:39 - INFO - Connect to DB
Mon, 20 Jan 2020 10:01:39 - INFO - TRIZMA DB import
Mon, 20 Jan 2020 10:01:39 - INFO - Failed on TRIZMA DB import at: 2020-01-20_09-28-23, for following calling party: 4994416855163, for agent id: trz_asilni, with error:(pyodbc.DataError) ('22001', '[22001] [Microsoft][ODBC Driver 17 for SQL Server][SQL Server]String or binary data would be truncated. (8152) (SQLExecDirectW)')
[SQL: insert into records values('CC2Servicenummer','Belgrad','Nicht übermittelt','trz_asilni',                                 '4994416855163','','Nicht übermittelt','4994416855163_Wednesday, January 15, 2020_1:12:08 PM','ANA_SILNI')]
(Background on this error at: http://sqlalche.me/e/9h9h)
Mon, 20 Jan 2020 10:01:39 - INFO - 123TV DB import
Mon, 20 Jan 2020 10:01:57 - INFO - Connect to DB
Mon, 20 Jan 2020 10:01:57 - INFO - TRIZMA DB import
Mon, 20 Jan 2020 10:01:57 - INFO - Failed on TRIZMA DB import at: 2020-01-20_09-28-23, for following calling party: 4948112081161, for agent id: trz_asilni, with error:(pyodbc.DataError) ('22001', '[22001] [Microsoft][ODBC Driver 17 for SQL Server][SQL Server]String or binary data would be truncated. (8152) (SQLExecDirectW)')
[SQL: insert into records values('CC2Servicenummer','Belgrad','Nicht übermittelt','trz_asilni',                                 '4948112081161','','Nicht übermittelt','4948112081161_Wednesday, January 15, 2020_2:19:58 PM','ANA_SILNI')]
(Background on this error at: http://sqlalche.me/e/9h9h)
Mon, 20 Jan 2020 10:01:57 - INFO - 123TV DB import
Mon, 20 Jan 2020 10:03:19 - INFO - Connect to DB
Mon, 20 Jan 2020 10:03:19 - INFO - TRIZMA DB import
Mon, 20 Jan 2020 10:03:19 - INFO - Failed on TRIZMA DB import at: 2020-01-20_09-28-23, for following calling party: 493939281556, for agent id: trz_asilni, with error:(pyodbc.DataError) ('22001', '[22001] [Microsoft][ODBC Driver 17 for SQL Server][SQL Server]String or binary data would be truncated. (8152) (SQLExecDirectW)')
[SQL: insert into records values('CC2Servicenummer','Belgrad','Nicht übermittelt','trz_asilni',                                 '493939281556','','Nicht übermittelt','493939281556_Wednesday, January 15, 2020_5:08:15 PM','ANA_SILNI')]
(Background on this error at: http://sqlalche.me/e/9h9h)
Mon, 20 Jan 2020 10:03:19 - INFO - 123TV DB import
Mon, 20 Jan 2020 10:04:05 - INFO - Connect to DB
Mon, 20 Jan 2020 10:04:05 - INFO - TRIZMA DB import
Mon, 20 Jan 2020 10:04:05 - INFO - 123TV DB import
Mon, 20 Jan 2020 10:05:00 - INFO - Connect to DB
Mon, 20 Jan 2020 10:05:00 - INFO - TRIZMA DB import
Mon, 20 Jan 2020 10:05:01 - INFO - 123TV DB import
Mon, 20 Jan 2020 10:05:12 - INFO - Connect to DB
Mon, 20 Jan 2020 10:05:12 - INFO - TRIZMA DB import
Mon, 20 Jan 2020 10:05:12 - INFO - 123TV DB import
Mon, 20 Jan 2020 10:05:30 - INFO - Connect to DB
Mon, 20 Jan 2020 10:05:30 - INFO - TRIZMA DB import
Mon, 20 Jan 2020 10:05:30 - INFO - 123TV DB import
Mon, 20 Jan 2020 10:05:36 - INFO - Connect to DB
Mon, 20 Jan 2020 10:05:36 - INFO - TRIZMA DB import
Mon, 20 Jan 2020 10:05:36 - INFO - 123TV DB import
Mon, 20 Jan 2020 10:05:42 - INFO - Connect to DB
Mon, 20 Jan 2020 10:05:42 - INFO - TRIZMA DB import
Mon, 20 Jan 2020 10:05:42 - INFO - 123TV DB import
Mon, 20 Jan 2020 10:05:47 - INFO - Connect to DB
Mon, 20 Jan 2020 10:05:47 - INFO - TRIZMA DB import
Mon, 20 Jan 2020 10:05:47 - INFO - 123TV DB import
Mon, 20 Jan 2020 10:05:53 - INFO - Connect to DB
Mon, 20 Jan 2020 10:05:53 - INFO - TRIZMA DB import
Mon, 20 Jan 2020 10:05:53 - INFO - 123TV DB import
Mon, 20 Jan 2020 10:06:12 - INFO - Connect to DB
Mon, 20 Jan 2020 10:06:12 - INFO - TRIZMA DB import
Mon, 20 Jan 2020 10:06:12 - INFO - 123TV DB import
Mon, 20 Jan 2020 10:06:18 - INFO - Connect to DB
Mon, 20 Jan 2020 10:06:18 - INFO - TRIZMA DB import
Mon, 20 Jan 2020 10:06:18 - INFO - 123TV DB import
Mon, 20 Jan 2020 10:06:26 - INFO - Connect to DB
Mon, 20 Jan 2020 10:06:26 - INFO - TRIZMA DB import
Mon, 20 Jan 2020 10:06:26 - INFO - 123TV DB import
Mon, 20 Jan 2020 10:06:58 - INFO - Connect to DB
Mon, 20 Jan 2020 10:06:58 - INFO - TRIZMA DB import
Mon, 20 Jan 2020 10:06:58 - INFO - 123TV DB import
Mon, 20 Jan 2020 10:07:15 - INFO - Connect to DB
Mon, 20 Jan 2020 10:07:15 - INFO - TRIZMA DB import
Mon, 20 Jan 2020 10:07:15 - INFO - 123TV DB import
Mon, 20 Jan 2020 10:07:23 - INFO - Connect to DB
Mon, 20 Jan 2020 10:07:23 - INFO - TRIZMA DB import
Mon, 20 Jan 2020 10:07:23 - INFO - 123TV DB import
Mon, 20 Jan 2020 10:07:56 - INFO - Connect to DB
Mon, 20 Jan 2020 10:07:56 - INFO - TRIZMA DB import
Mon, 20 Jan 2020 10:07:56 - INFO - 123TV DB import
Mon, 20 Jan 2020 10:08:53 - INFO - Connect to DB
Mon, 20 Jan 2020 10:08:53 - INFO - TRIZMA DB import
Mon, 20 Jan 2020 10:08:53 - INFO - 123TV DB import
Mon, 20 Jan 2020 10:09:38 - INFO - Connect to DB
Mon, 20 Jan 2020 10:09:39 - INFO - TRIZMA DB import
Mon, 20 Jan 2020 10:09:39 - INFO - 123TV DB import
Mon, 20 Jan 2020 10:10:29 - INFO - Connect to DB
Mon, 20 Jan 2020 10:10:29 - INFO - TRIZMA DB import
Mon, 20 Jan 2020 10:10:29 - INFO - 123TV DB import
Mon, 20 Jan 2020 10:13:12 - INFO - Connect to DB
Mon, 20 Jan 2020 10:13:12 - INFO - TRIZMA DB import
Mon, 20 Jan 2020 10:13:12 - INFO - 123TV DB import
Mon, 20 Jan 2020 10:13:18 - INFO - Connect to DB
Mon, 20 Jan 2020 10:13:18 - INFO - TRIZMA DB import
Mon, 20 Jan 2020 10:13:18 - INFO - 123TV DB import
