Sun, 29 Dec 2019 11:31:09 - INFO - Connect to DB
Sun, 29 Dec 2019 11:31:09 - INFO - TRIZMA DB import
Sun, 29 Dec 2019 11:31:09 - INFO - Failed on TRIZMA DB import at: 2019-12-29_11-29-20, for following calling party: 492652989150, for agent id: trz_bmaksimovic, with error:(pyodbc.DataError) ('22001', '[22001] [Microsoft][ODBC Driver 17 for SQL Server][SQL Server]String or binary data would be truncated. (8152) (SQLExecDirectW)')
[SQL: insert into records values('CC2Servicenummer','Belgrad','Nicht 端bermittelt','trz_bmaksimovic',                                  '492652989150','','Nicht 端bermittelt','492652989150_Saturday, December 28, 2019_2:34:36 PM')]
(Background on this error at: http://sqlalche.me/e/9h9h)
Sun, 29 Dec 2019 11:31:09 - INFO - 123TV DB import
Sun, 29 Dec 2019 11:39:32 - INFO - Connect to DB
Sun, 29 Dec 2019 11:39:32 - INFO - TRIZMA DB import
Sun, 29 Dec 2019 11:39:32 - INFO - 123TV DB import
Sun, 29 Dec 2019 11:45:53 - INFO - Connect to DB
Sun, 29 Dec 2019 11:45:53 - INFO - TRIZMA DB import
Sun, 29 Dec 2019 11:45:53 - INFO - Failed on TRIZMA DB import at: 2019-12-29_11-29-20, for following calling party: 4933754949864, for agent id: trz_bmaksimovic, with error:(pyodbc.DataError) ('22001', '[22001] [Microsoft][ODBC Driver 17 for SQL Server][SQL Server]String or binary data would be truncated. (8152) (SQLExecDirectW)')
[SQL: insert into records values('CC2Servicenummer','Belgrad','Nicht 端bermittelt','trz_bmaksimovic',                                  '4933754949864','','Nicht 端bermittelt','4933754949864_Saturday, December 28, 2019_7:48:10 PM')]
(Background on this error at: http://sqlalche.me/e/9h9h)
Sun, 29 Dec 2019 11:45:53 - INFO - 123TV DB import
Sun, 29 Dec 2019 12:03:24 - INFO - Connect to DB
Sun, 29 Dec 2019 12:03:24 - INFO - TRIZMA DB import
Sun, 29 Dec 2019 12:03:24 - INFO - 123TV DB import
Sun, 29 Dec 2019 12:17:15 - INFO - Connect to DB
Sun, 29 Dec 2019 12:17:15 - INFO - TRIZMA DB import
Sun, 29 Dec 2019 12:17:15 - INFO - 123TV DB import
