Mon, 23 Dec 2019 14:57:03 - INFO - Connect to DB
Mon, 23 Dec 2019 14:57:04 - INFO - TRIZMA DB import
Mon, 23 Dec 2019 14:57:04 - INFO - 123TV DB import
Mon, 23 Dec 2019 15:02:34 - INFO - Connect to DB
Mon, 23 Dec 2019 15:02:34 - INFO - TRIZMA DB import
Mon, 23 Dec 2019 15:02:34 - INFO - 123TV DB import
Mon, 23 Dec 2019 15:16:10 - INFO - Connect to DB
Mon, 23 Dec 2019 15:16:10 - INFO - TRIZMA DB import
Mon, 23 Dec 2019 15:16:11 - INFO - 123TV DB import
Mon, 23 Dec 2019 15:22:40 - INFO - Connect to DB
Mon, 23 Dec 2019 15:22:40 - INFO - TRIZMA DB import
Mon, 23 Dec 2019 15:22:40 - INFO - 123TV DB import
Mon, 23 Dec 2019 15:50:12 - INFO - Connect to DB
Mon, 23 Dec 2019 15:50:12 - INFO - TRIZMA DB import
Mon, 23 Dec 2019 15:50:12 - INFO - 123TV DB import
Mon, 23 Dec 2019 16:22:33 - INFO - Connect to DB
Mon, 23 Dec 2019 16:22:33 - INFO - TRIZMA DB import
Mon, 23 Dec 2019 16:22:33 - INFO - 123TV DB import
Mon, 23 Dec 2019 16:51:12 - INFO - Connect to DB
Mon, 23 Dec 2019 16:51:12 - INFO - TRIZMA DB import
Mon, 23 Dec 2019 16:51:12 - INFO - 123TV DB import
Mon, 23 Dec 2019 18:31:57 - INFO - Connect to DB
Mon, 23 Dec 2019 18:31:57 - INFO - TRIZMA DB import
Mon, 23 Dec 2019 18:31:57 - INFO - 123TV DB import
Mon, 23 Dec 2019 18:39:50 - INFO - Connect to DB
Mon, 23 Dec 2019 18:39:50 - INFO - TRIZMA DB import
Mon, 23 Dec 2019 18:39:50 - INFO - 123TV DB import
Tue, 24 Dec 2019 06:57:34 - INFO - Connect to DB
Tue, 24 Dec 2019 06:57:34 - INFO - TRIZMA DB import
Tue, 24 Dec 2019 06:57:35 - INFO - 123TV DB import
Tue, 24 Dec 2019 06:57:40 - INFO - Failed on 123TV DB import at: 2019-12-23_14-45-10, for following calling party: %m, for agent id: 3098, with error:Call to undefined method ImportCallMetaData::Message()
Tue, 24 Dec 2019 07:03:00 - INFO - Connect to DB
Tue, 24 Dec 2019 07:03:00 - INFO - TRIZMA DB import
Tue, 24 Dec 2019 07:03:00 - INFO - 123TV DB import
