Mon, 30 Dec 2019 11:18:25 - INFO - Connect to DB
Mon, 30 Dec 2019 11:18:26 - INFO - TRIZMA DB import
Mon, 30 Dec 2019 11:18:26 - INFO - 123TV DB import
Mon, 30 Dec 2019 11:23:25 - INFO - Connect to DB
Mon, 30 Dec 2019 11:23:25 - INFO - TRIZMA DB import
Mon, 30 Dec 2019 11:23:25 - INFO - Failed on TRIZMA DB import at: 2019-12-30_11-16-59, for following calling party: 495525999815, for agent id: trz_bmaksimovic, with error:(pyodbc.DataError) ('22001', '[22001] [Microsoft][ODBC Driver 17 for SQL Server][SQL Server]String or binary data would be truncated. (8152) (SQLExecDirectW)')
[SQL: insert into records values('CC2Servicenummer','Belgrad','Nicht übermittelt','trz_bmaksimovic',                                  '495525999815','','Nicht übermittelt','495525999815_Saturday, December 28, 2019_12:16:25 PM')]
(Background on this error at: http://sqlalche.me/e/9h9h)
Mon, 30 Dec 2019 11:23:25 - INFO - 123TV DB import
Mon, 30 Dec 2019 11:24:44 - INFO - Connect to DB
Mon, 30 Dec 2019 11:24:44 - INFO - TRIZMA DB import
Mon, 30 Dec 2019 11:24:44 - INFO - Failed on TRIZMA DB import at: 2019-12-30_11-16-59, for following calling party: 493682487503, for agent id: trz_bmaksimovic, with error:(pyodbc.DataError) ('22001', '[22001] [Microsoft][ODBC Driver 17 for SQL Server][SQL Server]String or binary data would be truncated. (8152) (SQLExecDirectW)')
[SQL: insert into records values('CC2Servicenummer','Belgrad','Nicht übermittelt','trz_bmaksimovic',                                  '493682487503','','Nicht übermittelt','493682487503_Saturday, December 28, 2019_2:59:54 PM')]
(Background on this error at: http://sqlalche.me/e/9h9h)
Mon, 30 Dec 2019 11:24:44 - INFO - 123TV DB import
Mon, 30 Dec 2019 11:25:38 - INFO - Connect to DB
Mon, 30 Dec 2019 11:25:38 - INFO - TRIZMA DB import
Mon, 30 Dec 2019 11:25:38 - INFO - Failed on TRIZMA DB import at: 2019-12-30_11-16-59, for following calling party: 493829414193, for agent id: trz_bmaksimovic, with error:(pyodbc.DataError) ('22001', '[22001] [Microsoft][ODBC Driver 17 for SQL Server][SQL Server]String or binary data would be truncated. (8152) (SQLExecDirectW)')
[SQL: insert into records values('CC2Servicenummer','Belgrad','Nicht übermittelt','trz_bmaksimovic',                                  '493829414193','','Nicht übermittelt','493829414193_Saturday, December 28, 2019_4:37:05 PM')]
(Background on this error at: http://sqlalche.me/e/9h9h)
Mon, 30 Dec 2019 11:25:38 - INFO - 123TV DB import
Mon, 30 Dec 2019 11:25:44 - INFO - Connect to DB
Mon, 30 Dec 2019 11:25:44 - INFO - TRIZMA DB import
Mon, 30 Dec 2019 11:25:44 - INFO - 123TV DB import
Mon, 30 Dec 2019 11:26:51 - INFO - Connect to DB
Mon, 30 Dec 2019 11:26:51 - INFO - TRIZMA DB import
Mon, 30 Dec 2019 11:26:51 - INFO - Failed on TRIZMA DB import at: 2019-12-30_11-16-59, for following calling party: 4933754949864, for agent id: trz_bmaksimovic, with error:(pyodbc.DataError) ('22001', '[22001] [Microsoft][ODBC Driver 17 for SQL Server][SQL Server]String or binary data would be truncated. (8152) (SQLExecDirectW)')
[SQL: insert into records values('CC2Servicenummer','Belgrad','Nicht übermittelt','trz_bmaksimovic',                                  '4933754949864','','Nicht übermittelt','4933754949864_Saturday, December 28, 2019_7:48:10 PM')]
(Background on this error at: http://sqlalche.me/e/9h9h)
Mon, 30 Dec 2019 11:26:51 - INFO - 123TV DB import
Mon, 30 Dec 2019 11:27:31 - INFO - Connect to DB
Mon, 30 Dec 2019 11:27:31 - INFO - TRIZMA DB import
Mon, 30 Dec 2019 11:27:31 - INFO - 123TV DB import
Mon, 30 Dec 2019 11:29:20 - INFO - Connect to DB
Mon, 30 Dec 2019 11:29:20 - INFO - TRIZMA DB import
Mon, 30 Dec 2019 11:29:20 - INFO - 123TV DB import
