Fri, 20 Dec 2019 13:41:40 - INFO - Connect to DB
Fri, 20 Dec 2019 13:41:40 - INFO - TRIZMA DB import
Fri, 20 Dec 2019 13:41:40 - INFO - 123TV DB import
Fri, 20 Dec 2019 13:43:10 - INFO - Connect to DB
Fri, 20 Dec 2019 13:43:10 - INFO - TRIZMA DB import
Fri, 20 Dec 2019 13:43:10 - INFO - Failed on TRIZMA DB import at: 2019-12-20_13-38-38, for following calling party: 491789055089, for agent id: trz_sstankovic, with error:(pyodbc.DataError) ('22001', '[22001] [Microsoft][ODBC Driver 17 for SQL Server][SQL Server]String or binary data would be truncated. (8152) (SQLExecDirectW)')
[SQL: insert into records values('CC2Servicenummer','Belgrad','Nicht übermittelt','trz_sstankovic',                                  '491789055089','','Nicht übermittelt','491789055089_Wednesday, December 11, 2019_6:34:45 PM')]
(Background on this error at: http://sqlalche.me/e/9h9h)
Fri, 20 Dec 2019 13:43:10 - INFO - 123TV DB import
Fri, 20 Dec 2019 13:44:39 - INFO - Connect to DB
Fri, 20 Dec 2019 13:44:40 - INFO - TRIZMA DB import
Fri, 20 Dec 2019 13:44:40 - INFO - Failed on TRIZMA DB import at: 2019-12-20_13-38-38, for following calling party: 4980516014792, for agent id: trz_sstankovic, with error:(pyodbc.DataError) ('22001', '[22001] [Microsoft][ODBC Driver 17 for SQL Server][SQL Server]String or binary data would be truncated. (8152) (SQLExecDirectW)')
[SQL: insert into records values('CC2Servicenummer','Belgrad','Nicht übermittelt','trz_sstankovic',                                  '4980516014792','','Nicht übermittelt','4980516014792_Wednesday, December 11, 2019_6:38:48 PM')]
(Background on this error at: http://sqlalche.me/e/9h9h)
Fri, 20 Dec 2019 13:44:40 - INFO - 123TV DB import
Fri, 20 Dec 2019 13:48:03 - INFO - Connect to DB
Fri, 20 Dec 2019 13:48:03 - INFO - TRIZMA DB import
Fri, 20 Dec 2019 13:48:03 - INFO - Failed on TRIZMA DB import at: 2019-12-20_13-38-38, for following calling party: 49934237260, for agent id: trz_sstankovic, with error:(pyodbc.DataError) ('22001', '[22001] [Microsoft][ODBC Driver 17 for SQL Server][SQL Server]String or binary data would be truncated. (8152) (SQLExecDirectW)')
[SQL: insert into records values('CC2Servicenummer','Belgrad','Nicht übermittelt','trz_sstankovic',                                  '49934237260','','Nicht übermittelt','49934237260_Wednesday, December 11, 2019_7:05:54 PM')]
(Background on this error at: http://sqlalche.me/e/9h9h)
Fri, 20 Dec 2019 13:48:03 - INFO - 123TV DB import
