Mon, 30 Dec 2019 10:06:17 - INFO - Connect to DB
Mon, 30 Dec 2019 10:06:17 - INFO - TRIZMA DB import
Mon, 30 Dec 2019 10:06:17 - INFO - 123TV DB import
Mon, 30 Dec 2019 10:06:22 - INFO - Failed on 123TV DB import at: 2019-12-30_10-05-40, for following calling party: %m, for agent id: 3106, with error:Call to undefined method ImportCallMetaData::Message()
Mon, 30 Dec 2019 10:13:39 - INFO - Connect to DB
Mon, 30 Dec 2019 10:13:39 - INFO - TRIZMA DB import
Mon, 30 Dec 2019 10:13:39 - INFO - Failed on TRIZMA DB import at: 2019-12-30_10-05-40, for following calling party: 4923829617753, for agent id: trz_madamovic, with error:(pyodbc.DataError) ('22001', '[22001] [Microsoft][ODBC Driver 17 for SQL Server][SQL Server]String or binary data would be truncated. (8152) (SQLExecDirectW)')
[SQL: insert into records values('CC2Servicenummer','Belgrad','Nicht übermittelt','trz_madamovic',                                  '4923829617753','','Nicht übermittelt','4923829617753_Monday, December 30, 2019_11:13:34 AM')]
(Background on this error at: http://sqlalche.me/e/9h9h)
Mon, 30 Dec 2019 10:13:39 - INFO - 123TV DB import
Mon, 30 Dec 2019 10:15:42 - INFO - Connect to DB
Mon, 30 Dec 2019 10:15:42 - INFO - TRIZMA DB import
Mon, 30 Dec 2019 10:15:42 - INFO - 123TV DB import
Mon, 30 Dec 2019 10:23:10 - INFO - Connect to DB
Mon, 30 Dec 2019 10:23:10 - INFO - TRIZMA DB import
Mon, 30 Dec 2019 10:23:10 - INFO - 123TV DB import
Mon, 30 Dec 2019 10:28:06 - INFO - Connect to DB
Mon, 30 Dec 2019 10:28:06 - INFO - TRIZMA DB import
Mon, 30 Dec 2019 10:28:06 - INFO - Failed on TRIZMA DB import at: 2019-12-30_10-05-40, for following calling party: 4941316081198, for agent id: trz_sstankovic, with error:(pyodbc.DataError) ('22001', '[22001] [Microsoft][ODBC Driver 17 for SQL Server][SQL Server]String or binary data would be truncated. (8152) (SQLExecDirectW)')
[SQL: insert into records values('CC2Servicenummer','Belgrad','Nicht übermittelt','trz_sstankovic',                                  '4941316081198','','Nicht übermittelt','4941316081198_Saturday, December 21, 2019_7:02:37 PM')]
(Background on this error at: http://sqlalche.me/e/9h9h)
Mon, 30 Dec 2019 10:28:06 - INFO - 123TV DB import
Mon, 30 Dec 2019 10:28:56 - INFO - Connect to DB
Mon, 30 Dec 2019 10:28:56 - INFO - TRIZMA DB import
Mon, 30 Dec 2019 10:28:56 - INFO - Failed on TRIZMA DB import at: 2019-12-30_10-05-40, for following calling party: 4971314058379, for agent id: trz_sstankovic, with error:(pyodbc.DataError) ('22001', '[22001] [Microsoft][ODBC Driver 17 for SQL Server][SQL Server]String or binary data would be truncated. (8152) (SQLExecDirectW)')
[SQL: insert into records values('CC2Servicenummer','Belgrad','Nicht übermittelt','trz_sstankovic',                                  '4971314058379','','Nicht übermittelt','4971314058379_Tuesday, December 24, 2019_12:17:05 PM')]
(Background on this error at: http://sqlalche.me/e/9h9h)
Mon, 30 Dec 2019 10:28:56 - INFO - 123TV DB import
