Thu, 19 Dec 2019 09:51:30 - INFO - Connect to DB
Thu, 19 Dec 2019 09:51:30 - INFO - TRIZMA DB import
Thu, 19 Dec 2019 09:51:31 - INFO - 123TV DB import
Thu, 19 Dec 2019 09:56:57 - INFO - Connect to DB
Thu, 19 Dec 2019 09:56:57 - INFO - TRIZMA DB import
Thu, 19 Dec 2019 09:56:57 - INFO - Failed on TRIZMA DB import at: 2019-12-19_09-51-20, for following calling party: 493423606094, for agent id: trz_sstankovic, with error:(pyodbc.DataError) ('22001', '[22001] [Microsoft][ODBC Driver 17 for SQL Server][SQL Server]String or binary data would be truncated. (8152) (SQLExecDirectW)')
[SQL: insert into records values('CC2Servicenummer','Belgrad','Nicht übermittelt','trz_sstankovic',                                  '493423606094','','Nicht übermittelt','493423606094_Thursday, November 28, 2019_5:43:21 PM')]
(Background on this error at: http://sqlalche.me/e/9h9h)
Thu, 19 Dec 2019 09:56:57 - INFO - 123TV DB import
Thu, 19 Dec 2019 09:57:18 - INFO - Connect to DB
Thu, 19 Dec 2019 09:57:18 - INFO - TRIZMA DB import
Thu, 19 Dec 2019 09:57:18 - INFO - Failed on TRIZMA DB import at: 2019-12-19_09-51-20, for following calling party: 493420678460, for agent id: trz_sstankovic, with error:(pyodbc.DataError) ('22001', '[22001] [Microsoft][ODBC Driver 17 for SQL Server][SQL Server]String or binary data would be truncated. (8152) (SQLExecDirectW)')
[SQL: insert into records values('CC2Servicenummer','Belgrad','Nicht übermittelt','trz_sstankovic',                                  '493420678460','','Nicht übermittelt','493420678460_Thursday, November 28, 2019_5:53:39 PM')]
(Background on this error at: http://sqlalche.me/e/9h9h)
Thu, 19 Dec 2019 09:57:18 - INFO - 123TV DB import
Thu, 19 Dec 2019 09:58:29 - INFO - Connect to DB
Thu, 19 Dec 2019 09:58:29 - INFO - TRIZMA DB import
Thu, 19 Dec 2019 09:58:29 - INFO - Failed on TRIZMA DB import at: 2019-12-19_09-51-20, for following calling party: 497215004398, for agent id: trz_sstankovic, with error:(pyodbc.DataError) ('22001', '[22001] [Microsoft][ODBC Driver 17 for SQL Server][SQL Server]String or binary data would be truncated. (8152) (SQLExecDirectW)')
[SQL: insert into records values('CC2Servicenummer','Belgrad','Nicht übermittelt','trz_sstankovic',                                  '497215004398','','Nicht übermittelt','497215004398_Wednesday, December 11, 2019_7:03:53 PM')]
(Background on this error at: http://sqlalche.me/e/9h9h)
Thu, 19 Dec 2019 09:58:29 - INFO - 123TV DB import
Thu, 19 Dec 2019 09:59:04 - INFO - Connect to DB
Thu, 19 Dec 2019 09:59:04 - INFO - TRIZMA DB import
Thu, 19 Dec 2019 09:59:05 - INFO - Failed on TRIZMA DB import at: 2019-12-19_09-51-20, for following calling party: 4928319102206, for agent id: trz_sstankovic, with error:(pyodbc.DataError) ('22001', '[22001] [Microsoft][ODBC Driver 17 for SQL Server][SQL Server]String or binary data would be truncated. (8152) (SQLExecDirectW)')
[SQL: insert into records values('CC2Servicenummer','Belgrad','Nicht übermittelt','trz_sstankovic',                                  '4928319102206','','Nicht übermittelt','4928319102206_Wednesday, December 11, 2019_7:07:53 PM')]
(Background on this error at: http://sqlalche.me/e/9h9h)
Thu, 19 Dec 2019 09:59:05 - INFO - 123TV DB import
Thu, 19 Dec 2019 09:59:25 - INFO - Connect to DB
Thu, 19 Dec 2019 09:59:25 - INFO - TRIZMA DB import
Thu, 19 Dec 2019 09:59:26 - INFO - Failed on TRIZMA DB import at: 2019-12-19_09-51-20, for following calling party: 4917624669438, for agent id: trz_sstankovic, with error:(pyodbc.DataError) ('22001', '[22001] [Microsoft][ODBC Driver 17 for SQL Server][SQL Server]String or binary data would be truncated. (8152) (SQLExecDirectW)')
[SQL: insert into records values('CC2Servicenummer','Belgrad','Nicht übermittelt','trz_sstankovic',                                  '4917624669438','','Nicht übermittelt','4917624669438_Wednesday, December 11, 2019_7:51:29 PM')]
(Background on this error at: http://sqlalche.me/e/9h9h)
Thu, 19 Dec 2019 09:59:26 - INFO - 123TV DB import
