Mon, 30 Dec 2019 12:23:21 - INFO - Connect to DB
Mon, 30 Dec 2019 12:23:22 - INFO - TRIZMA DB import
Mon, 30 Dec 2019 12:23:22 - INFO - 123TV DB import
Mon, 30 Dec 2019 12:24:07 - INFO - Connect to DB
Mon, 30 Dec 2019 12:24:07 - INFO - TRIZMA DB import
Mon, 30 Dec 2019 12:24:07 - INFO - 123TV DB import
Mon, 30 Dec 2019 12:24:22 - INFO - Connect to DB
Mon, 30 Dec 2019 12:24:22 - INFO - TRIZMA DB import
Mon, 30 Dec 2019 12:24:22 - INFO - 123TV DB import
Mon, 30 Dec 2019 12:26:36 - INFO - Connect to DB
Mon, 30 Dec 2019 12:26:36 - INFO - TRIZMA DB import
Mon, 30 Dec 2019 12:26:36 - INFO - 123TV DB import
Mon, 30 Dec 2019 12:28:22 - INFO - Connect to DB
Mon, 30 Dec 2019 12:28:22 - INFO - TRIZMA DB import
Mon, 30 Dec 2019 12:28:22 - INFO - 123TV DB import
Mon, 30 Dec 2019 12:29:07 - INFO - Connect to DB
Mon, 30 Dec 2019 12:29:07 - INFO - TRIZMA DB import
Mon, 30 Dec 2019 12:29:07 - INFO - Failed on TRIZMA DB import at: 2019-12-30_12-16-35, for following calling party: 493458041179, for agent id: trz_sstankovic, with error:(pyodbc.DataError) ('22001', '[22001] [Microsoft][ODBC Driver 17 for SQL Server][SQL Server]String or binary data would be truncated. (8152) (SQLExecDirectW)')
[SQL: insert into records values('CC2Servicenummer','Belgrad','Nicht übermittelt','trz_sstankovic',                                  '493458041179','','Nicht übermittelt','493458041179_Saturday, December 28, 2019_9:27:26 AM')]
(Background on this error at: http://sqlalche.me/e/9h9h)
Mon, 30 Dec 2019 12:29:07 - INFO - 123TV DB import
Mon, 30 Dec 2019 12:35:43 - INFO - Connect to DB
Mon, 30 Dec 2019 12:35:43 - INFO - TRIZMA DB import
Mon, 30 Dec 2019 12:35:43 - INFO - 123TV DB import
Mon, 30 Dec 2019 12:39:21 - INFO - Connect to DB
Mon, 30 Dec 2019 12:39:21 - INFO - TRIZMA DB import
Mon, 30 Dec 2019 12:39:21 - INFO - Failed on TRIZMA DB import at: 2019-12-30_12-16-35, for following calling party: 4938871689865, for agent id: trz_sstankovic, with error:(pyodbc.DataError) ('22001', '[22001] [Microsoft][ODBC Driver 17 for SQL Server][SQL Server]String or binary data would be truncated. (8152) (SQLExecDirectW)')
[SQL: insert into records values('CC2Servicenummer','Belgrad','Nicht übermittelt','trz_sstankovic',                                  '4938871689865','','Nicht übermittelt','4938871689865_Saturday, December 28, 2019_2:02:56 PM')]
(Background on this error at: http://sqlalche.me/e/9h9h)
Mon, 30 Dec 2019 12:39:21 - INFO - 123TV DB import
Mon, 30 Dec 2019 12:40:09 - INFO - Connect to DB
Mon, 30 Dec 2019 12:40:09 - INFO - TRIZMA DB import
Mon, 30 Dec 2019 12:40:09 - INFO - 123TV DB import
Mon, 30 Dec 2019 12:42:10 - INFO - Connect to DB
Mon, 30 Dec 2019 12:42:10 - INFO - TRIZMA DB import
Mon, 30 Dec 2019 12:42:10 - INFO - 123TV DB import
Mon, 30 Dec 2019 12:53:51 - INFO - Connect to DB
Mon, 30 Dec 2019 12:53:51 - INFO - TRIZMA DB import
Mon, 30 Dec 2019 12:53:51 - INFO - 123TV DB import
Mon, 30 Dec 2019 12:59:25 - INFO - Connect to DB
Mon, 30 Dec 2019 12:59:25 - INFO - TRIZMA DB import
Mon, 30 Dec 2019 12:59:25 - INFO - Failed on TRIZMA DB import at: 2019-12-30_12-16-35, for following calling party: 4917647662255, for agent id: trz_sstankovic, with error:(pyodbc.DataError) ('22001', '[22001] [Microsoft][ODBC Driver 17 for SQL Server][SQL Server]String or binary data would be truncated. (8152) (SQLExecDirectW)')
[SQL: insert into records values('CC2Servicenummer','Belgrad','Nicht übermittelt','trz_sstankovic',                                  '4917647662255','','Nicht übermittelt','4917647662255_Sunday, December 29, 2019_11:14:26 AM')]
(Background on this error at: http://sqlalche.me/e/9h9h)
Mon, 30 Dec 2019 12:59:25 - INFO - 123TV DB import
