Tue, 31 Dec 2019 12:04:21 - INFO - Connect to DB
Tue, 31 Dec 2019 12:04:22 - INFO - TRIZMA DB import
Tue, 31 Dec 2019 12:04:22 - INFO - Failed on TRIZMA DB import at: 2019-12-31_12-03-15, for following calling party: 4915222708785, for agent id: trz_bmaksimovic, with error:(pyodbc.DataError) ('22001', '[22001] [Microsoft][ODBC Driver 17 for SQL Server][SQL Server]String or binary data would be truncated. (8152) (SQLExecDirectW)')
[SQL: insert into records values('CC2Servicenummer','Belgrad','Nicht übermittelt','trz_bmaksimovic',                                  '4915222708785','','Nicht übermittelt','4915222708785_Saturday, December 28, 2019_1:12:40 PM')]
(Background on this error at: http://sqlalche.me/e/9h9h)
Tue, 31 Dec 2019 12:04:22 - INFO - 123TV DB import
Tue, 31 Dec 2019 12:05:44 - INFO - Connect to DB
Tue, 31 Dec 2019 12:05:44 - INFO - TRIZMA DB import
Tue, 31 Dec 2019 12:05:44 - INFO - Failed on TRIZMA DB import at: 2019-12-31_12-03-15, for following calling party: 493643504028, for agent id: trz_bmaksimovic, with error:(pyodbc.DataError) ('22001', '[22001] [Microsoft][ODBC Driver 17 for SQL Server][SQL Server]String or binary data would be truncated. (8152) (SQLExecDirectW)')
[SQL: insert into records values('CC2Servicenummer','Belgrad','Nicht übermittelt','trz_bmaksimovic',                                  '493643504028','','Nicht übermittelt','493643504028_Saturday, December 28, 2019_4:12:12 PM')]
(Background on this error at: http://sqlalche.me/e/9h9h)
Tue, 31 Dec 2019 12:05:44 - INFO - 123TV DB import
Tue, 31 Dec 2019 12:07:15 - INFO - Connect to DB
Tue, 31 Dec 2019 12:07:15 - INFO - TRIZMA DB import
Tue, 31 Dec 2019 12:07:15 - INFO - Failed on TRIZMA DB import at: 2019-12-31_12-03-15, for following calling party: 4933915990965, for agent id: trz_bmaksimovic, with error:(pyodbc.DataError) ('22001', '[22001] [Microsoft][ODBC Driver 17 for SQL Server][SQL Server]String or binary data would be truncated. (8152) (SQLExecDirectW)')
[SQL: insert into records values('CC2Servicenummer','Belgrad','Nicht übermittelt','trz_bmaksimovic',                                  '4933915990965','','Nicht übermittelt','4933915990965_Saturday, December 28, 2019_4:35:30 PM')]
(Background on this error at: http://sqlalche.me/e/9h9h)
Tue, 31 Dec 2019 12:07:15 - INFO - 123TV DB import
Tue, 31 Dec 2019 12:07:25 - INFO - Connect to DB
Tue, 31 Dec 2019 12:07:26 - INFO - TRIZMA DB import
Tue, 31 Dec 2019 12:07:26 - INFO - Failed on TRIZMA DB import at: 2019-12-31_12-03-15, for following calling party: 4917653597977, for agent id: trz_madamovic, with error:(pyodbc.DataError) ('22001', '[22001] [Microsoft][ODBC Driver 17 for SQL Server][SQL Server]String or binary data would be truncated. (8152) (SQLExecDirectW)')
[SQL: insert into records values('CC2Servicenummer','Belgrad','Nicht übermittelt','trz_madamovic',                                  '4917653597977','','Nicht übermittelt','4917653597977_Tuesday, December 31, 2019_1:07:21 PM')]
(Background on this error at: http://sqlalche.me/e/9h9h)
Tue, 31 Dec 2019 12:07:26 - INFO - 123TV DB import
