Tue, 24 Dec 2019 11:52:40 - INFO - Connect to DB
Tue, 24 Dec 2019 11:52:40 - INFO - TRIZMA DB import
Tue, 24 Dec 2019 11:52:40 - INFO - Failed on TRIZMA DB import at: 2019-12-24_11-51-20, for following calling party: 493354333108, for agent id: trz_sstankovic, with error:(pyodbc.DataError) ('22001', '[22001] [Microsoft][ODBC Driver 17 for SQL Server][SQL Server]String or binary data would be truncated. (8152) (SQLExecDirectW)')
[SQL: insert into records values('CC2Servicenummer','Belgrad','Nicht übermittelt','trz_sstankovic',                                  '493354333108','','Nicht übermittelt','493354333108_Thursday, December 19, 2019_3:45:59 PM')]
(Background on this error at: http://sqlalche.me/e/9h9h)
Tue, 24 Dec 2019 11:52:40 - INFO - 123TV DB import
Tue, 24 Dec 2019 11:53:25 - INFO - Connect to DB
Tue, 24 Dec 2019 11:53:25 - INFO - TRIZMA DB import
Tue, 24 Dec 2019 11:53:26 - INFO - Failed on TRIZMA DB import at: 2019-12-24_11-51-20, for following calling party: 493361342156, for agent id: trz_vvucetic, with error:(pyodbc.DataError) ('22001', '[22001] [Microsoft][ODBC Driver 17 for SQL Server][SQL Server]String or binary data would be truncated. (8152) (SQLExecDirectW)')
[SQL: insert into records values('CC2Servicenummer','Belgrad','Nicht übermittelt','trz_vvucetic',                                  '493361342156','','Nicht übermittelt','493361342156_Tuesday, December 24, 2019_12:53:23 PM')]
(Background on this error at: http://sqlalche.me/e/9h9h)
Tue, 24 Dec 2019 11:53:26 - INFO - 123TV DB import
Tue, 24 Dec 2019 11:53:51 - INFO - Connect to DB
Tue, 24 Dec 2019 11:53:51 - INFO - TRIZMA DB import
Tue, 24 Dec 2019 11:53:51 - INFO - Failed on TRIZMA DB import at: 2019-12-24_11-51-20, for following calling party: 494065724666, for agent id: trz_sstankovic, with error:(pyodbc.DataError) ('22001', '[22001] [Microsoft][ODBC Driver 17 for SQL Server][SQL Server]String or binary data would be truncated. (8152) (SQLExecDirectW)')
[SQL: insert into records values('CC2Servicenummer','Belgrad','Nicht übermittelt','trz_sstankovic',                                  '494065724666','','Nicht übermittelt','494065724666_Thursday, December 19, 2019_4:58:41 PM')]
(Background on this error at: http://sqlalche.me/e/9h9h)
Tue, 24 Dec 2019 11:53:51 - INFO - 123TV DB import
Tue, 24 Dec 2019 11:58:57 - INFO - Connect to DB
Tue, 24 Dec 2019 11:58:57 - INFO - TRIZMA DB import
Tue, 24 Dec 2019 11:58:57 - INFO - Failed on TRIZMA DB import at: 2019-12-24_11-51-20, for following calling party: 4964417897798, for agent id: trz_sstankovic, with error:(pyodbc.DataError) ('22001', '[22001] [Microsoft][ODBC Driver 17 for SQL Server][SQL Server]String or binary data would be truncated. (8152) (SQLExecDirectW)')
[SQL: insert into records values('CC2Servicenummer','Belgrad','Nicht übermittelt','trz_sstankovic',                                  '4964417897798','','Nicht übermittelt','4964417897798_Thursday, December 19, 2019_5:10:23 PM')]
(Background on this error at: http://sqlalche.me/e/9h9h)
Tue, 24 Dec 2019 11:58:57 - INFO - 123TV DB import
Tue, 24 Dec 2019 12:00:48 - INFO - Connect to DB
Tue, 24 Dec 2019 12:00:48 - INFO - TRIZMA DB import
Tue, 24 Dec 2019 12:00:48 - INFO - Failed on TRIZMA DB import at: 2019-12-24_11-51-20, for following calling party: 493746389309, for agent id: trz_sstankovic, with error:(pyodbc.DataError) ('22001', '[22001] [Microsoft][ODBC Driver 17 for SQL Server][SQL Server]String or binary data would be truncated. (8152) (SQLExecDirectW)')
[SQL: insert into records values('CC2Servicenummer','Belgrad','Nicht übermittelt','trz_sstankovic',                                  '493746389309','','Nicht übermittelt','493746389309_Thursday, December 19, 2019_6:52:07 PM')]
(Background on this error at: http://sqlalche.me/e/9h9h)
Tue, 24 Dec 2019 12:00:48 - INFO - 123TV DB import
Tue, 24 Dec 2019 12:02:05 - INFO - Connect to DB
Tue, 24 Dec 2019 12:02:05 - INFO - TRIZMA DB import
Tue, 24 Dec 2019 12:02:05 - INFO - 123TV DB import
Tue, 24 Dec 2019 12:03:57 - INFO - Connect to DB
Tue, 24 Dec 2019 12:03:57 - INFO - TRIZMA DB import
Tue, 24 Dec 2019 12:03:57 - INFO - 123TV DB import
Tue, 24 Dec 2019 12:05:19 - INFO - Connect to DB
Tue, 24 Dec 2019 12:05:19 - INFO - TRIZMA DB import
Tue, 24 Dec 2019 12:05:19 - INFO - 123TV DB import
Tue, 24 Dec 2019 12:11:41 - INFO - Connect to DB
Tue, 24 Dec 2019 12:11:41 - INFO - TRIZMA DB import
Tue, 24 Dec 2019 12:11:41 - INFO - 123TV DB import
Tue, 24 Dec 2019 12:17:52 - INFO - Connect to DB
Tue, 24 Dec 2019 12:17:52 - INFO - TRIZMA DB import
Tue, 24 Dec 2019 12:17:52 - INFO - Failed on TRIZMA DB import at: 2019-12-24_11-51-20, for following calling party: 4923243445495, for agent id: trz_sstankovic, with error:(pyodbc.DataError) ('22001', '[22001] [Microsoft][ODBC Driver 17 for SQL Server][SQL Server]String or binary data would be truncated. (8152) (SQLExecDirectW)')
[SQL: insert into records values('CC2Servicenummer','Belgrad','Nicht übermittelt','trz_sstankovic',                                  '4923243445495','','Nicht übermittelt','4923243445495_Saturday, December 21, 2019_4:22:28 PM')]
(Background on this error at: http://sqlalche.me/e/9h9h)
Tue, 24 Dec 2019 12:17:52 - INFO - 123TV DB import
Tue, 24 Dec 2019 12:20:45 - INFO - Connect to DB
Tue, 24 Dec 2019 12:20:45 - INFO - TRIZMA DB import
Tue, 24 Dec 2019 12:20:45 - INFO - 123TV DB import
Tue, 24 Dec 2019 12:22:57 - INFO - Connect to DB
Tue, 24 Dec 2019 12:22:57 - INFO - TRIZMA DB import
Tue, 24 Dec 2019 12:22:58 - INFO - Failed on TRIZMA DB import at: 2019-12-24_11-51-20, for following calling party: 4954738018891, for agent id: trz_sstankovic, with error:(pyodbc.DataError) ('22001', '[22001] [Microsoft][ODBC Driver 17 for SQL Server][SQL Server]String or binary data would be truncated. (8152) (SQLExecDirectW)')
[SQL: insert into records values('CC2Servicenummer','Belgrad','Nicht übermittelt','trz_sstankovic',                                  '4954738018891','','Nicht übermittelt','4954738018891_Saturday, December 21, 2019_4:41:56 PM')]
(Background on this error at: http://sqlalche.me/e/9h9h)
Tue, 24 Dec 2019 12:22:58 - INFO - 123TV DB import
Tue, 24 Dec 2019 12:23:23 - INFO - Connect to DB
Tue, 24 Dec 2019 12:23:23 - INFO - TRIZMA DB import
Tue, 24 Dec 2019 12:23:23 - INFO - 123TV DB import
Tue, 24 Dec 2019 12:28:44 - INFO - Connect to DB
Tue, 24 Dec 2019 12:28:44 - INFO - TRIZMA DB import
Tue, 24 Dec 2019 12:28:44 - INFO - 123TV DB import
Tue, 24 Dec 2019 12:30:04 - INFO - Connect to DB
Tue, 24 Dec 2019 12:30:04 - INFO - TRIZMA DB import
Tue, 24 Dec 2019 12:30:04 - INFO - 123TV DB import
Tue, 24 Dec 2019 12:30:55 - INFO - Connect to DB
Tue, 24 Dec 2019 12:30:55 - INFO - TRIZMA DB import
Tue, 24 Dec 2019 12:30:55 - INFO - Failed on TRIZMA DB import at: 2019-12-24_11-51-20, for following calling party: 491737316589, for agent id: trz_sstankovic, with error:(pyodbc.DataError) ('22001', '[22001] [Microsoft][ODBC Driver 17 for SQL Server][SQL Server]String or binary data would be truncated. (8152) (SQLExecDirectW)')
[SQL: insert into records values('CC2Servicenummer','Belgrad','Nicht übermittelt','trz_sstankovic',                                  '491737316589','','Nicht übermittelt','491737316589_Saturday, December 21, 2019_6:22:59 PM')]
(Background on this error at: http://sqlalche.me/e/9h9h)
Tue, 24 Dec 2019 12:30:55 - INFO - 123TV DB import
