Mon, 30 Dec 2019 09:52:24 - INFO - Connect to DB
Mon, 30 Dec 2019 09:52:24 - INFO - TRIZMA DB import
Mon, 30 Dec 2019 09:52:24 - INFO - Failed on TRIZMA DB import at: 2019-12-30_09-48-27, for following calling party: 493416980985, for agent id: trz_sstankovic, with error:(pyodbc.DataError) ('22001', '[22001] [Microsoft][ODBC Driver 17 for SQL Server][SQL Server]String or binary data would be truncated. (8152) (SQLExecDirectW)')
[SQL: insert into records values('CC2Servicenummer','Belgrad','Nicht 端bermittelt','trz_sstankovic',                                  '493416980985','','Nicht 端bermittelt','493416980985_Saturday, December 21, 2019_4:58:26 PM')]
(Background on this error at: http://sqlalche.me/e/9h9h)
Mon, 30 Dec 2019 09:52:24 - INFO - 123TV DB import
Mon, 30 Dec 2019 10:05:09 - INFO - Connect to DB
Mon, 30 Dec 2019 10:05:09 - INFO - TRIZMA DB import
Mon, 30 Dec 2019 10:05:09 - INFO - 123TV DB import
Mon, 30 Dec 2019 10:05:21 - INFO - Connect to DB
Mon, 30 Dec 2019 10:05:21 - INFO - TRIZMA DB import
Mon, 30 Dec 2019 10:05:21 - INFO - 123TV DB import
Mon, 30 Dec 2019 10:05:56 - INFO - Connect to DB
Mon, 30 Dec 2019 10:05:56 - INFO - TRIZMA DB import
Mon, 30 Dec 2019 10:05:56 - INFO - Failed on TRIZMA DB import at: 2019-12-30_09-48-27, for following calling party: 4972291846658, for agent id: trz_sstankovic, with error:(pyodbc.DataError) ('22001', '[22001] [Microsoft][ODBC Driver 17 for SQL Server][SQL Server]String or binary data would be truncated. (8152) (SQLExecDirectW)')
[SQL: insert into records values('CC2Servicenummer','Belgrad','Nicht 端bermittelt','trz_sstankovic',                                  '4972291846658','','Nicht 端bermittelt','4972291846658_Saturday, December 21, 2019_5:42:38 PM')]
(Background on this error at: http://sqlalche.me/e/9h9h)
Mon, 30 Dec 2019 10:05:56 - INFO - 123TV DB import
Mon, 30 Dec 2019 10:11:01 - INFO - Connect to DB
Mon, 30 Dec 2019 10:11:01 - INFO - TRIZMA DB import
Mon, 30 Dec 2019 10:11:01 - INFO - 123TV DB import
