Thu, 09 Jan 2020 13:53:40 - INFO - Connect to DB
Thu, 09 Jan 2020 13:53:40 - INFO - TRIZMA DB import
Thu, 09 Jan 2020 13:53:40 - INFO - Failed on TRIZMA DB import at: 2020-01-09_13-48-03, for following calling party: 4915770591323, for agent id: trz_hjovic, with error:(pyodbc.DataError) ('22001', '[22001] [Microsoft][ODBC Driver 17 for SQL Server][SQL Server]String or binary data would be truncated. (8152) (SQLExecDirectW)')
[SQL: insert into records values('CC2Servicenummer','Belgrad','Nicht übermittelt','trz_hjovic',                                  '4915770591323','','Nicht übermittelt','4915770591323_Thursday, January 09, 2020_2:53:37 PM')]
(Background on this error at: http://sqlalche.me/e/9h9h)
Thu, 09 Jan 2020 13:53:40 - INFO - 123TV DB import
Thu, 09 Jan 2020 13:53:45 - INFO - Failed on 123TV DB import at: 2020-01-09_13-48-03, for following calling party: 4915770591323, for agent id: 3063, with error:Missing element acd_id (importCallMetaData.acd_id)
Thu, 09 Jan 2020 13:54:38 - INFO - Connect to DB
Thu, 09 Jan 2020 13:54:38 - INFO - TRIZMA DB import
Thu, 09 Jan 2020 13:54:38 - INFO - Failed on TRIZMA DB import at: 2020-01-09_13-48-03, for following calling party: 497531695793, for agent id: trz_bmaksimovic, with error:(pyodbc.DataError) ('22001', '[22001] [Microsoft][ODBC Driver 17 for SQL Server][SQL Server]String or binary data would be truncated. (8152) (SQLExecDirectW)')
[SQL: insert into records values('CC2Servicenummer','Belgrad','Nicht übermittelt','trz_bmaksimovic',                                  '497531695793','','Nicht übermittelt','497531695793_Wednesday, January 1, 2020_12:46:17 PM')]
(Background on this error at: http://sqlalche.me/e/9h9h)
Thu, 09 Jan 2020 13:54:38 - INFO - 123TV DB import
Thu, 09 Jan 2020 13:54:43 - INFO - Failed on 123TV DB import at: 2020-01-09_13-48-03, for following calling party: 497531695793, for agent id: 3036, with error:Missing element acd_id (importCallMetaData.acd_id)
Thu, 09 Jan 2020 13:54:43 - INFO - Connect to DB
Thu, 09 Jan 2020 13:54:43 - INFO - TRIZMA DB import
Thu, 09 Jan 2020 13:54:43 - INFO - 123TV DB import
Thu, 09 Jan 2020 13:54:48 - INFO - Failed on 123TV DB import at: 2020-01-09_13-48-03, for following calling party: 49262281872, for agent id: 3036, with error:Missing element acd_id (importCallMetaData.acd_id)
Thu, 09 Jan 2020 13:55:04 - INFO - Connect to DB
Thu, 09 Jan 2020 13:55:04 - INFO - TRIZMA DB import
Thu, 09 Jan 2020 13:55:04 - INFO - Failed on TRIZMA DB import at: 2020-01-09_13-48-03, for following calling party: 4915254622791, for agent id: trz_bmaksimovic, with error:(pyodbc.DataError) ('22001', '[22001] [Microsoft][ODBC Driver 17 for SQL Server][SQL Server]String or binary data would be truncated. (8152) (SQLExecDirectW)')
[SQL: insert into records values('CC2Servicenummer','Belgrad','Nicht übermittelt','trz_bmaksimovic',                                  '4915254622791','','Nicht übermittelt','4915254622791_Wednesday, January 1, 2020_5:38:11 PM')]
(Background on this error at: http://sqlalche.me/e/9h9h)
Thu, 09 Jan 2020 13:55:04 - INFO - 123TV DB import
Thu, 09 Jan 2020 13:55:09 - INFO - Failed on 123TV DB import at: 2020-01-09_13-48-03, for following calling party: 4915254622791, for agent id: 3036, with error:Missing element acd_id (importCallMetaData.acd_id)
Thu, 09 Jan 2020 13:55:10 - INFO - Connect to DB
Thu, 09 Jan 2020 13:55:10 - INFO - TRIZMA DB import
Thu, 09 Jan 2020 13:55:10 - INFO - 123TV DB import
Thu, 09 Jan 2020 13:55:15 - INFO - Failed on 123TV DB import at: 2020-01-09_13-48-03, for following calling party: 4969748719, for agent id: 3036, with error:Missing element acd_id (importCallMetaData.acd_id)
Thu, 09 Jan 2020 13:55:15 - INFO - Connect to DB
Thu, 09 Jan 2020 13:55:15 - INFO - TRIZMA DB import
Thu, 09 Jan 2020 13:55:16 - INFO - 123TV DB import
Thu, 09 Jan 2020 13:55:21 - INFO - Failed on 123TV DB import at: 2020-01-09_13-48-03, for following calling party: 498972018625, for agent id: 3036, with error:Missing element acd_id (importCallMetaData.acd_id)
