Mon, 30 Dec 2019 11:22:21 - INFO - Connect to DB
Mon, 30 Dec 2019 11:22:22 - INFO - TRIZMA DB import
Mon, 30 Dec 2019 11:22:22 - INFO - 123TV DB import
Mon, 30 Dec 2019 11:23:14 - INFO - Connect to DB
Mon, 30 Dec 2019 11:23:14 - INFO - TRIZMA DB import
Mon, 30 Dec 2019 11:23:14 - INFO - Failed on TRIZMA DB import at: 2019-12-30_11-10-58, for following calling party: 491736672808, for agent id: trz_bmaksimovic, with error:(pyodbc.DataError) ('22001', '[22001] [Microsoft][ODBC Driver 17 for SQL Server][SQL Server]String or binary data would be truncated. (8152) (SQLExecDirectW)')
[SQL: insert into records values('CC2Servicenummer','Belgrad','Nicht übermittelt','trz_bmaksimovic',                                  '491736672808','','Nicht übermittelt','491736672808_Saturday, December 28, 2019_12:04:13 PM')]
(Background on this error at: http://sqlalche.me/e/9h9h)
Mon, 30 Dec 2019 11:23:14 - INFO - 123TV DB import
Mon, 30 Dec 2019 11:24:23 - INFO - Connect to DB
Mon, 30 Dec 2019 11:24:23 - INFO - TRIZMA DB import
Mon, 30 Dec 2019 11:24:23 - INFO - Failed on TRIZMA DB import at: 2019-12-30_11-10-58, for following calling party: 4980519656045, for agent id: trz_bmaksimovic, with error:(pyodbc.DataError) ('22001', '[22001] [Microsoft][ODBC Driver 17 for SQL Server][SQL Server]String or binary data would be truncated. (8152) (SQLExecDirectW)')
[SQL: insert into records values('CC2Servicenummer','Belgrad','Nicht übermittelt','trz_bmaksimovic',                                  '4980519656045','','Nicht übermittelt','4980519656045_Saturday, December 28, 2019_2:12:50 PM')]
(Background on this error at: http://sqlalche.me/e/9h9h)
Mon, 30 Dec 2019 11:24:23 - INFO - 123TV DB import
Mon, 30 Dec 2019 11:24:59 - INFO - Connect to DB
Mon, 30 Dec 2019 11:24:59 - INFO - TRIZMA DB import
Mon, 30 Dec 2019 11:24:59 - INFO - Failed on TRIZMA DB import at: 2019-12-30_11-10-58, for following calling party: 493643504028, for agent id: trz_bmaksimovic, with error:(pyodbc.DataError) ('22001', '[22001] [Microsoft][ODBC Driver 17 for SQL Server][SQL Server]String or binary data would be truncated. (8152) (SQLExecDirectW)')
[SQL: insert into records values('CC2Servicenummer','Belgrad','Nicht übermittelt','trz_bmaksimovic',                                  '493643504028','','Nicht übermittelt','493643504028_Saturday, December 28, 2019_4:12:12 PM')]
(Background on this error at: http://sqlalche.me/e/9h9h)
Mon, 30 Dec 2019 11:24:59 - INFO - 123TV DB import
Mon, 30 Dec 2019 11:25:04 - INFO - Connect to DB
Mon, 30 Dec 2019 11:25:05 - INFO - TRIZMA DB import
Mon, 30 Dec 2019 11:25:05 - INFO - Failed on TRIZMA DB import at: 2019-12-30_11-10-58, for following calling party: 498322959035, for agent id: trz_bmaksimovic, with error:(pyodbc.DataError) ('22001', '[22001] [Microsoft][ODBC Driver 17 for SQL Server][SQL Server]String or binary data would be truncated. (8152) (SQLExecDirectW)')
[SQL: insert into records values('CC2Servicenummer','Belgrad','Nicht übermittelt','trz_bmaksimovic',                                  '498322959035','','Nicht übermittelt','498322959035_Saturday, December 28, 2019_4:18:21 PM')]
(Background on this error at: http://sqlalche.me/e/9h9h)
Mon, 30 Dec 2019 11:25:05 - INFO - 123TV DB import
Mon, 30 Dec 2019 11:25:32 - INFO - Connect to DB
Mon, 30 Dec 2019 11:25:32 - INFO - TRIZMA DB import
Mon, 30 Dec 2019 11:25:32 - INFO - Failed on TRIZMA DB import at: 2019-12-30_11-10-58, for following calling party: 4933915990965, for agent id: trz_bmaksimovic, with error:(pyodbc.DataError) ('22001', '[22001] [Microsoft][ODBC Driver 17 for SQL Server][SQL Server]String or binary data would be truncated. (8152) (SQLExecDirectW)')
[SQL: insert into records values('CC2Servicenummer','Belgrad','Nicht übermittelt','trz_bmaksimovic',                                  '4933915990965','','Nicht übermittelt','4933915990965_Saturday, December 28, 2019_4:35:30 PM')]
(Background on this error at: http://sqlalche.me/e/9h9h)
Mon, 30 Dec 2019 11:25:32 - INFO - 123TV DB import
Mon, 30 Dec 2019 11:25:49 - INFO - Connect to DB
Mon, 30 Dec 2019 11:25:49 - INFO - TRIZMA DB import
Mon, 30 Dec 2019 11:25:49 - INFO - 123TV DB import
Mon, 30 Dec 2019 11:27:04 - INFO - Connect to DB
Mon, 30 Dec 2019 11:27:04 - INFO - TRIZMA DB import
Mon, 30 Dec 2019 11:27:04 - INFO - 123TV DB import
Mon, 30 Dec 2019 11:27:10 - INFO - Connect to DB
Mon, 30 Dec 2019 11:27:10 - INFO - TRIZMA DB import
Mon, 30 Dec 2019 11:27:10 - INFO - 123TV DB import
Mon, 30 Dec 2019 11:28:16 - INFO - Connect to DB
Mon, 30 Dec 2019 11:28:16 - INFO - TRIZMA DB import
Mon, 30 Dec 2019 11:28:16 - INFO - 123TV DB import
Mon, 30 Dec 2019 11:30:11 - INFO - Connect to DB
Mon, 30 Dec 2019 11:30:11 - INFO - TRIZMA DB import
Mon, 30 Dec 2019 11:30:11 - INFO - 123TV DB import
