Tue, 21 Jan 2020 07:35:51 - INFO - Connect to DB
Tue, 21 Jan 2020 07:35:51 - INFO - TRIZMA DB import
Tue, 21 Jan 2020 07:35:51 - INFO - 123TV DB import
Tue, 21 Jan 2020 07:36:46 - INFO - Connect to DB
Tue, 21 Jan 2020 07:36:46 - INFO - TRIZMA DB import
Tue, 21 Jan 2020 07:36:46 - INFO - 123TV DB import
Tue, 21 Jan 2020 07:37:48 - INFO - Connect to DB
Tue, 21 Jan 2020 07:37:48 - INFO - TRIZMA DB import
Tue, 21 Jan 2020 07:37:48 - INFO - Failed on TRIZMA DB import at: 2020-01-21_07-35-33, for following calling party: 491715473389, for agent id: trz_madamovic, with error:(pyodbc.DataError) ('22001', '[22001] [Microsoft][ODBC Driver 17 for SQL Server][SQL Server]String or binary data would be truncated. (8152) (SQLExecDirectW)')
[SQL: insert into records values('CC2Servicenummer','Belgrad','Nicht 端bermittelt','trz_madamovic',                                 '491715473389','','Nicht 端bermittelt','491715473389_Saturday, January 18, 2020_12:58:06 PM','MIL_ADAMOV')]
(Background on this error at: http://sqlalche.me/e/9h9h)
Tue, 21 Jan 2020 07:37:48 - INFO - 123TV DB import
Tue, 21 Jan 2020 07:37:54 - INFO - Connect to DB
Tue, 21 Jan 2020 07:37:54 - INFO - TRIZMA DB import
Tue, 21 Jan 2020 07:37:54 - INFO - 123TV DB import
Tue, 21 Jan 2020 07:37:59 - INFO - Connect to DB
Tue, 21 Jan 2020 07:37:59 - INFO - TRIZMA DB import
Tue, 21 Jan 2020 07:37:59 - INFO - 123TV DB import
Tue, 21 Jan 2020 07:38:11 - INFO - Connect to DB
Tue, 21 Jan 2020 07:38:11 - INFO - TRIZMA DB import
Tue, 21 Jan 2020 07:38:11 - INFO - 123TV DB import
Tue, 21 Jan 2020 07:38:17 - INFO - Connect to DB
Tue, 21 Jan 2020 07:38:17 - INFO - TRIZMA DB import
Tue, 21 Jan 2020 07:38:17 - INFO - 123TV DB import
Tue, 21 Jan 2020 07:38:35 - INFO - Connect to DB
Tue, 21 Jan 2020 07:38:35 - INFO - TRIZMA DB import
Tue, 21 Jan 2020 07:38:35 - INFO - 123TV DB import
Tue, 21 Jan 2020 07:39:24 - INFO - Connect to DB
Tue, 21 Jan 2020 07:39:24 - INFO - TRIZMA DB import
Tue, 21 Jan 2020 07:39:25 - INFO - 123TV DB import
Tue, 21 Jan 2020 07:40:09 - INFO - Connect to DB
Tue, 21 Jan 2020 07:40:09 - INFO - TRIZMA DB import
Tue, 21 Jan 2020 07:40:09 - INFO - 123TV DB import
Tue, 21 Jan 2020 07:40:18 - INFO - Connect to DB
Tue, 21 Jan 2020 07:40:18 - INFO - TRIZMA DB import
Tue, 21 Jan 2020 07:40:18 - INFO - Failed on TRIZMA DB import at: 2020-01-21_07-35-33, for following calling party: 498949000874, for agent id: trz_sstankovic, with error:(pyodbc.DataError) ('22001', '[22001] [Microsoft][ODBC Driver 17 for SQL Server][SQL Server]String or binary data would be truncated. (8152) (SQLExecDirectW)')
[SQL: insert into records values('CC2Servicenummer','Belgrad','Nicht 端bermittelt','trz_sstankovic',                                 '498949000874','','Nicht 端bermittelt','498949000874_Saturday, January 18, 2020_11:50:09 AM','SAR_STANKO')]
(Background on this error at: http://sqlalche.me/e/9h9h)
Tue, 21 Jan 2020 07:40:18 - INFO - 123TV DB import
Tue, 21 Jan 2020 07:40:34 - INFO - Connect to DB
Tue, 21 Jan 2020 07:40:34 - INFO - TRIZMA DB import
Tue, 21 Jan 2020 07:40:34 - INFO - 123TV DB import
Tue, 21 Jan 2020 07:40:45 - INFO - Connect to DB
Tue, 21 Jan 2020 07:40:45 - INFO - TRIZMA DB import
Tue, 21 Jan 2020 07:40:45 - INFO - 123TV DB import
Tue, 21 Jan 2020 07:40:51 - INFO - Connect to DB
Tue, 21 Jan 2020 07:40:51 - INFO - TRIZMA DB import
Tue, 21 Jan 2020 07:40:51 - INFO - 123TV DB import
Tue, 21 Jan 2020 07:41:09 - INFO - Connect to DB
Tue, 21 Jan 2020 07:41:09 - INFO - TRIZMA DB import
Tue, 21 Jan 2020 07:41:09 - INFO - 123TV DB import
Tue, 21 Jan 2020 07:41:49 - INFO - Connect to DB
Tue, 21 Jan 2020 07:41:49 - INFO - TRIZMA DB import
Tue, 21 Jan 2020 07:41:50 - INFO - 123TV DB import
Tue, 21 Jan 2020 07:42:05 - INFO - Connect to DB
Tue, 21 Jan 2020 07:42:05 - INFO - TRIZMA DB import
Tue, 21 Jan 2020 07:42:05 - INFO - 123TV DB import
Tue, 21 Jan 2020 07:44:57 - INFO - Connect to DB
Tue, 21 Jan 2020 07:44:57 - INFO - TRIZMA DB import
Tue, 21 Jan 2020 07:44:57 - INFO - 123TV DB import
Tue, 21 Jan 2020 07:46:08 - INFO - Connect to DB
Tue, 21 Jan 2020 07:46:08 - INFO - TRIZMA DB import
Tue, 21 Jan 2020 07:46:08 - INFO - 123TV DB import
Tue, 21 Jan 2020 07:46:31 - INFO - Connect to DB
Tue, 21 Jan 2020 07:46:31 - INFO - TRIZMA DB import
Tue, 21 Jan 2020 07:46:31 - INFO - 123TV DB import
Tue, 21 Jan 2020 07:46:53 - INFO - Connect to DB
Tue, 21 Jan 2020 07:46:53 - INFO - TRIZMA DB import
Tue, 21 Jan 2020 07:46:53 - INFO - 123TV DB import
Tue, 21 Jan 2020 07:47:09 - INFO - Connect to DB
Tue, 21 Jan 2020 07:47:09 - INFO - TRIZMA DB import
Tue, 21 Jan 2020 07:47:09 - INFO - 123TV DB import
Tue, 21 Jan 2020 07:53:27 - INFO - Connect to DB
Tue, 21 Jan 2020 07:53:27 - INFO - TRIZMA DB import
Tue, 21 Jan 2020 07:53:27 - INFO - 123TV DB import
Tue, 21 Jan 2020 07:54:04 - INFO - Connect to DB
Tue, 21 Jan 2020 07:54:04 - INFO - TRIZMA DB import
Tue, 21 Jan 2020 07:54:04 - INFO - 123TV DB import
Tue, 21 Jan 2020 07:54:25 - INFO - Connect to DB
Tue, 21 Jan 2020 07:54:25 - INFO - TRIZMA DB import
Tue, 21 Jan 2020 07:54:25 - INFO - 123TV DB import
Tue, 21 Jan 2020 08:05:06 - INFO - Connect to DB
Tue, 21 Jan 2020 08:05:06 - INFO - TRIZMA DB import
Tue, 21 Jan 2020 08:05:06 - INFO - 123TV DB import
Tue, 21 Jan 2020 08:06:03 - INFO - Connect to DB
Tue, 21 Jan 2020 08:06:03 - INFO - TRIZMA DB import
Tue, 21 Jan 2020 08:06:03 - INFO - 123TV DB import
Tue, 21 Jan 2020 08:06:10 - INFO - Connect to DB
Tue, 21 Jan 2020 08:06:10 - INFO - TRIZMA DB import
Tue, 21 Jan 2020 08:06:10 - INFO - 123TV DB import
Tue, 21 Jan 2020 08:07:54 - INFO - Connect to DB
Tue, 21 Jan 2020 08:07:54 - INFO - TRIZMA DB import
Tue, 21 Jan 2020 08:07:54 - INFO - 123TV DB import
