Sun, 29 Dec 2019 11:12:37 - INFO - Connect to DB
Sun, 29 Dec 2019 11:12:38 - INFO - TRIZMA DB import
Sun, 29 Dec 2019 11:12:38 - INFO - Failed on TRIZMA DB import at: 2019-12-29_11-10-14, for following calling party: 493677843229, for agent id: trz_mglisic, with error:(pyodbc.DataError) ('22001', '[22001] [Microsoft][ODBC Driver 17 for SQL Server][SQL Server]String or binary data would be truncated. (8152) (SQLExecDirectW)')
[SQL: insert into records values('CC2Servicenummer','Belgrad','Nicht übermittelt','trz_mglisic',                                  '493677843229','','Nicht übermittelt','493677843229_Saturday, December 28, 2019_1:49:50 PM')]
(Background on this error at: http://sqlalche.me/e/9h9h)
Sun, 29 Dec 2019 11:12:38 - INFO - 123TV DB import
Sun, 29 Dec 2019 11:16:11 - INFO - Connect to DB
Sun, 29 Dec 2019 11:16:11 - INFO - TRIZMA DB import
Sun, 29 Dec 2019 11:16:11 - INFO - Failed on TRIZMA DB import at: 2019-12-29_11-10-14, for following calling party: 4915737476735, for agent id: trz_madamovic, with error:(pyodbc.DataError) ('22001', '[22001] [Microsoft][ODBC Driver 17 for SQL Server][SQL Server]String or binary data would be truncated. (8152) (SQLExecDirectW)')
[SQL: insert into records values('CC2Servicenummer','Belgrad','Nicht übermittelt','trz_madamovic',                                  '4915737476735','','Nicht übermittelt','4915737476735_Sunday, December 29, 2019_12:16:05 PM')]
(Background on this error at: http://sqlalche.me/e/9h9h)
Sun, 29 Dec 2019 11:16:11 - INFO - 123TV DB import
Sun, 29 Dec 2019 11:17:58 - INFO - Connect to DB
Sun, 29 Dec 2019 11:17:58 - INFO - TRIZMA DB import
Sun, 29 Dec 2019 11:17:58 - INFO - Failed on TRIZMA DB import at: 2019-12-29_11-10-14, for following calling party: 491738073304, for agent id: trz_mglisic, with error:(pyodbc.DataError) ('22001', '[22001] [Microsoft][ODBC Driver 17 for SQL Server][SQL Server]String or binary data would be truncated. (8152) (SQLExecDirectW)')
[SQL: insert into records values('CC2Servicenummer','Belgrad','Nicht übermittelt','trz_mglisic',                                  '491738073304','','Nicht übermittelt','491738073304_Saturday, December 28, 2019_2:38:51 PM')]
(Background on this error at: http://sqlalche.me/e/9h9h)
Sun, 29 Dec 2019 11:17:58 - INFO - 123TV DB import
Sun, 29 Dec 2019 11:18:19 - INFO - Connect to DB
Sun, 29 Dec 2019 11:18:19 - INFO - TRIZMA DB import
Sun, 29 Dec 2019 11:18:19 - INFO - Failed on TRIZMA DB import at: 2019-12-29_11-10-14, for following calling party: 493473816359, for agent id: trz_mglisic, with error:(pyodbc.DataError) ('22001', '[22001] [Microsoft][ODBC Driver 17 for SQL Server][SQL Server]String or binary data would be truncated. (8152) (SQLExecDirectW)')
[SQL: insert into records values('CC2Servicenummer','Belgrad','Nicht übermittelt','trz_mglisic',                                  '493473816359','','Nicht übermittelt','493473816359_Saturday, December 28, 2019_3:20:15 PM')]
(Background on this error at: http://sqlalche.me/e/9h9h)
Sun, 29 Dec 2019 11:18:19 - INFO - 123TV DB import
Sun, 29 Dec 2019 11:18:44 - INFO - Connect to DB
Sun, 29 Dec 2019 11:18:44 - INFO - TRIZMA DB import
Sun, 29 Dec 2019 11:18:44 - INFO - 123TV DB import
Sun, 29 Dec 2019 11:19:40 - INFO - Connect to DB
Sun, 29 Dec 2019 11:19:40 - INFO - TRIZMA DB import
Sun, 29 Dec 2019 11:19:40 - INFO - Failed on TRIZMA DB import at: 2019-12-29_11-10-14, for following calling party: 493054895925, for agent id: trz_mglisic, with error:(pyodbc.DataError) ('22001', '[22001] [Microsoft][ODBC Driver 17 for SQL Server][SQL Server]String or binary data would be truncated. (8152) (SQLExecDirectW)')
[SQL: insert into records values('CC2Servicenummer','Belgrad','Nicht übermittelt','trz_mglisic',                                  '493054895925','','Nicht übermittelt','493054895925_Saturday, December 28, 2019_5:36:25 PM')]
(Background on this error at: http://sqlalche.me/e/9h9h)
Sun, 29 Dec 2019 11:19:40 - INFO - 123TV DB import
