Sun, 19 Jan 2020 15:12:08 - INFO - Connect to DB
Sun, 19 Jan 2020 15:12:08 - INFO - TRIZMA DB import
Sun, 19 Jan 2020 15:12:08 - INFO - 123TV DB import
Sun, 19 Jan 2020 15:26:57 - INFO - Connect to DB
Sun, 19 Jan 2020 15:26:57 - INFO - TRIZMA DB import
Sun, 19 Jan 2020 15:26:57 - INFO - 123TV DB import
Sun, 19 Jan 2020 17:32:44 - INFO - Connect to DB
Sun, 19 Jan 2020 17:32:44 - INFO - TRIZMA DB import
Sun, 19 Jan 2020 17:32:44 - INFO - 123TV DB import
Sun, 19 Jan 2020 18:14:11 - INFO - Connect to DB
Sun, 19 Jan 2020 18:14:12 - INFO - TRIZMA DB import
Sun, 19 Jan 2020 18:14:12 - INFO - 123TV DB import
Sun, 19 Jan 2020 18:44:32 - INFO - Connect to DB
Sun, 19 Jan 2020 18:44:32 - INFO - TRIZMA DB import
Sun, 19 Jan 2020 18:44:32 - INFO - 123TV DB import
Mon, 20 Jan 2020 07:11:34 - INFO - Connect to DB
Mon, 20 Jan 2020 07:11:34 - INFO - TRIZMA DB import
Mon, 20 Jan 2020 07:11:34 - INFO - 123TV DB import
Mon, 20 Jan 2020 07:16:15 - INFO - Connect to DB
Mon, 20 Jan 2020 07:16:15 - INFO - TRIZMA DB import
Mon, 20 Jan 2020 07:16:15 - INFO - 123TV DB import
