Tue, 31 Dec 2019 07:02:40 - INFO - Connect to DB
Tue, 31 Dec 2019 07:02:41 - INFO - TRIZMA DB import
Tue, 31 Dec 2019 07:02:41 - INFO - Failed on TRIZMA DB import at: 2019-12-30_18-53-28, for following calling party: 491781051586, for agent id: trz_madamovic, with error:(pyodbc.DataError) ('22001', '[22001] [Microsoft][ODBC Driver 17 for SQL Server][SQL Server]String or binary data would be truncated. (8152) (SQLExecDirectW)')
[SQL: insert into records values('CC2Servicenummer','Belgrad','Nicht übermittelt','trz_madamovic',                                  '491781051586','','Nicht übermittelt','491781051586_Wednesday, December 25, 2019_2:12:04 PM')]
(Background on this error at: http://sqlalche.me/e/9h9h)
Tue, 31 Dec 2019 07:02:41 - INFO - 123TV DB import
Tue, 31 Dec 2019 07:03:07 - INFO - Connect to DB
Tue, 31 Dec 2019 07:03:07 - INFO - TRIZMA DB import
Tue, 31 Dec 2019 07:03:07 - INFO - Failed on TRIZMA DB import at: 2019-12-30_18-53-28, for following calling party: 4921514465785, for agent id: trz_madamovic, with error:(pyodbc.DataError) ('22001', '[22001] [Microsoft][ODBC Driver 17 for SQL Server][SQL Server]String or binary data would be truncated. (8152) (SQLExecDirectW)')
[SQL: insert into records values('CC2Servicenummer','Belgrad','Nicht übermittelt','trz_madamovic',                                  '4921514465785','','Nicht übermittelt','4921514465785_Thursday, December 26, 2019_11:19:36 AM')]
(Background on this error at: http://sqlalche.me/e/9h9h)
Tue, 31 Dec 2019 07:03:07 - INFO - 123TV DB import
Tue, 31 Dec 2019 07:04:13 - INFO - Connect to DB
Tue, 31 Dec 2019 07:04:13 - INFO - TRIZMA DB import
Tue, 31 Dec 2019 07:04:13 - INFO - 123TV DB import
Tue, 31 Dec 2019 07:04:36 - INFO - Connect to DB
Tue, 31 Dec 2019 07:04:36 - INFO - TRIZMA DB import
Tue, 31 Dec 2019 07:04:36 - INFO - 123TV DB import
Tue, 31 Dec 2019 07:04:42 - INFO - Connect to DB
Tue, 31 Dec 2019 07:04:42 - INFO - TRIZMA DB import
Tue, 31 Dec 2019 07:04:42 - INFO - 123TV DB import
Tue, 31 Dec 2019 07:05:04 - INFO - Connect to DB
Tue, 31 Dec 2019 07:05:04 - INFO - TRIZMA DB import
Tue, 31 Dec 2019 07:05:04 - INFO - 123TV DB import
Tue, 31 Dec 2019 07:05:27 - INFO - Connect to DB
Tue, 31 Dec 2019 07:05:27 - INFO - TRIZMA DB import
Tue, 31 Dec 2019 07:05:27 - INFO - 123TV DB import
Tue, 31 Dec 2019 07:08:01 - INFO - Connect to DB
Tue, 31 Dec 2019 07:08:01 - INFO - TRIZMA DB import
Tue, 31 Dec 2019 07:08:01 - INFO - 123TV DB import
Tue, 31 Dec 2019 07:09:01 - INFO - Connect to DB
Tue, 31 Dec 2019 07:09:01 - ERROR - Exception on /records [GET]
Traceback (most recent call last):
  File "/home/python_project/hello.py", line 80, in get
    int(agent),
ValueError: invalid literal for int() with base 10: ''

During handling of the above exception, another exception occurred:

Traceback (most recent call last):
  File "/usr/local/lib/python3.6/dist-packages/flask/app.py", line 1949, in full_dispatch_request
    rv = self.dispatch_request()
  File "/usr/local/lib/python3.6/dist-packages/flask/app.py", line 1935, in dispatch_request
    return self.view_functions[rule.endpoint](**req.view_args)
  File "/usr/local/lib/python3.6/dist-packages/flask_restful/__init__.py", line 458, in wrapper
    resp = resource(*args, **kwargs)
  File "/usr/local/lib/python3.6/dist-packages/flask/views.py", line 89, in view
    return self.dispatch_request(*args, **kwargs)
  File "/usr/local/lib/python3.6/dist-packages/flask_restful/__init__.py", line 573, in dispatch_request
    resp = meth(*args, **kwargs)
  File "/home/python_project/hello.py", line 90, in get
    + str(e))
UnboundLocalError: local variable 'agentUsername' referenced before assignment
Tue, 31 Dec 2019 07:09:17 - INFO - Connect to DB
Tue, 31 Dec 2019 07:09:17 - INFO - TRIZMA DB import
Tue, 31 Dec 2019 07:09:17 - INFO - 123TV DB import
Tue, 31 Dec 2019 07:12:08 - INFO - Connect to DB
Tue, 31 Dec 2019 07:12:08 - INFO - TRIZMA DB import
Tue, 31 Dec 2019 07:12:08 - INFO - Failed on TRIZMA DB import at: 2019-12-30_18-53-28, for following calling party: 4941017797182, for agent id: trz_madamovic, with error:(pyodbc.DataError) ('22001', '[22001] [Microsoft][ODBC Driver 17 for SQL Server][SQL Server]String or binary data would be truncated. (8152) (SQLExecDirectW)')
[SQL: insert into records values('CC2Servicenummer','Belgrad','Nicht übermittelt','trz_madamovic',                                  '4941017797182','','Nicht übermittelt','4941017797182_Tuesday, December 31, 2019_8:12:03 AM')]
(Background on this error at: http://sqlalche.me/e/9h9h)
Tue, 31 Dec 2019 07:12:08 - INFO - 123TV DB import
Tue, 31 Dec 2019 07:12:16 - INFO - Connect to DB
Tue, 31 Dec 2019 07:12:16 - INFO - TRIZMA DB import
Tue, 31 Dec 2019 07:12:16 - INFO - 123TV DB import
Tue, 31 Dec 2019 07:13:09 - INFO - Connect to DB
Tue, 31 Dec 2019 07:13:09 - INFO - TRIZMA DB import
Tue, 31 Dec 2019 07:13:09 - INFO - 123TV DB import
Tue, 31 Dec 2019 07:18:31 - INFO - Connect to DB
Tue, 31 Dec 2019 07:18:31 - INFO - TRIZMA DB import
Tue, 31 Dec 2019 07:18:31 - INFO - Failed on TRIZMA DB import at: 2019-12-30_18-53-28, for following calling party: 4991618829098, for agent id: trz_madamovic, with error:(pyodbc.DataError) ('22001', '[22001] [Microsoft][ODBC Driver 17 for SQL Server][SQL Server]String or binary data would be truncated. (8152) (SQLExecDirectW)')
[SQL: insert into records values('CC2Servicenummer','Belgrad','Nicht übermittelt','trz_madamovic',                                  '4991618829098','','Nicht übermittelt','4991618829098_Monday, December 30, 2019_10:11:30 AM')]
(Background on this error at: http://sqlalche.me/e/9h9h)
Tue, 31 Dec 2019 07:18:31 - INFO - 123TV DB import
Tue, 31 Dec 2019 07:19:13 - INFO - Connect to DB
Tue, 31 Dec 2019 07:19:13 - INFO - TRIZMA DB import
Tue, 31 Dec 2019 07:19:13 - INFO - Failed on TRIZMA DB import at: 2019-12-30_18-53-28, for following calling party: 4923829617753, for agent id: trz_madamovic, with error:(pyodbc.DataError) ('22001', '[22001] [Microsoft][ODBC Driver 17 for SQL Server][SQL Server]String or binary data would be truncated. (8152) (SQLExecDirectW)')
[SQL: insert into records values('CC2Servicenummer','Belgrad','Nicht übermittelt','trz_madamovic',                                  '4923829617753','','Nicht übermittelt','4923829617753_Monday, December 30, 2019_11:13:34 AM')]
(Background on this error at: http://sqlalche.me/e/9h9h)
Tue, 31 Dec 2019 07:19:13 - INFO - 123TV DB import
Tue, 31 Dec 2019 07:19:36 - INFO - Connect to DB
Tue, 31 Dec 2019 07:19:36 - INFO - TRIZMA DB import
Tue, 31 Dec 2019 07:19:36 - INFO - 123TV DB import
Tue, 31 Dec 2019 07:24:04 - INFO - Connect to DB
Tue, 31 Dec 2019 07:24:04 - INFO - TRIZMA DB import
Tue, 31 Dec 2019 07:24:04 - INFO - 123TV DB import
Tue, 31 Dec 2019 07:24:41 - INFO - Connect to DB
Tue, 31 Dec 2019 07:24:41 - INFO - TRIZMA DB import
Tue, 31 Dec 2019 07:24:41 - INFO - 123TV DB import
Tue, 31 Dec 2019 07:26:56 - INFO - Connect to DB
Tue, 31 Dec 2019 07:26:57 - INFO - TRIZMA DB import
Tue, 31 Dec 2019 07:26:57 - INFO - 123TV DB import
Tue, 31 Dec 2019 07:27:02 - INFO - Connect to DB
Tue, 31 Dec 2019 07:27:02 - INFO - TRIZMA DB import
Tue, 31 Dec 2019 07:27:02 - INFO - 123TV DB import
Tue, 31 Dec 2019 07:27:08 - INFO - Connect to DB
Tue, 31 Dec 2019 07:27:08 - INFO - TRIZMA DB import
Tue, 31 Dec 2019 07:27:08 - INFO - 123TV DB import
Tue, 31 Dec 2019 07:32:55 - INFO - Connect to DB
Tue, 31 Dec 2019 07:32:55 - INFO - TRIZMA DB import
Tue, 31 Dec 2019 07:32:55 - INFO - 123TV DB import
Tue, 31 Dec 2019 07:34:29 - INFO - Connect to DB
Tue, 31 Dec 2019 07:34:29 - INFO - TRIZMA DB import
Tue, 31 Dec 2019 07:34:29 - INFO - 123TV DB import
Tue, 31 Dec 2019 07:34:47 - INFO - Connect to DB
Tue, 31 Dec 2019 07:34:47 - INFO - TRIZMA DB import
Tue, 31 Dec 2019 07:34:47 - INFO - 123TV DB import
Tue, 31 Dec 2019 07:35:19 - INFO - Connect to DB
Tue, 31 Dec 2019 07:35:19 - INFO - TRIZMA DB import
Tue, 31 Dec 2019 07:35:19 - INFO - 123TV DB import
Tue, 31 Dec 2019 07:36:06 - INFO - Connect to DB
Tue, 31 Dec 2019 07:36:06 - INFO - TRIZMA DB import
Tue, 31 Dec 2019 07:36:07 - INFO - 123TV DB import
Tue, 31 Dec 2019 07:36:27 - INFO - Connect to DB
Tue, 31 Dec 2019 07:36:27 - INFO - TRIZMA DB import
Tue, 31 Dec 2019 07:36:27 - INFO - 123TV DB import
Tue, 31 Dec 2019 07:36:37 - INFO - Connect to DB
Tue, 31 Dec 2019 07:36:37 - INFO - TRIZMA DB import
Tue, 31 Dec 2019 07:36:37 - INFO - 123TV DB import
Tue, 31 Dec 2019 07:37:29 - INFO - Connect to DB
Tue, 31 Dec 2019 07:37:29 - INFO - TRIZMA DB import
Tue, 31 Dec 2019 07:37:29 - INFO - 123TV DB import
Tue, 31 Dec 2019 07:37:50 - INFO - Connect to DB
Tue, 31 Dec 2019 07:37:50 - INFO - TRIZMA DB import
Tue, 31 Dec 2019 07:37:51 - INFO - 123TV DB import
