Fri, 17 Jan 2020 08:22:22 - INFO - Connect to DB
Fri, 17 Jan 2020 08:22:23 - INFO - TRIZMA DB import
Fri, 17 Jan 2020 08:22:23 - INFO - 123TV DB import
Fri, 17 Jan 2020 08:24:25 - INFO - Connect to DB
Fri, 17 Jan 2020 08:24:25 - INFO - TRIZMA DB import
Fri, 17 Jan 2020 08:24:25 - INFO - 123TV DB import
Fri, 17 Jan 2020 08:24:51 - INFO - Connect to DB
Fri, 17 Jan 2020 08:24:51 - INFO - TRIZMA DB import
Fri, 17 Jan 2020 08:24:51 - INFO - 123TV DB import
Fri, 17 Jan 2020 08:27:03 - INFO - Connect to DB
Fri, 17 Jan 2020 08:27:03 - INFO - TRIZMA DB import
Fri, 17 Jan 2020 08:27:03 - INFO - 123TV DB import
Fri, 17 Jan 2020 08:28:42 - INFO - Connect to DB
Fri, 17 Jan 2020 08:28:43 - INFO - TRIZMA DB import
Fri, 17 Jan 2020 08:28:43 - INFO - 123TV DB import
Fri, 17 Jan 2020 08:30:58 - INFO - Connect to DB
Fri, 17 Jan 2020 08:30:59 - INFO - TRIZMA DB import
Fri, 17 Jan 2020 08:30:59 - INFO - 123TV DB import
Fri, 17 Jan 2020 08:34:04 - INFO - Connect to DB
Fri, 17 Jan 2020 08:34:04 - INFO - TRIZMA DB import
Fri, 17 Jan 2020 08:34:04 - INFO - 123TV DB import
Fri, 17 Jan 2020 08:36:04 - INFO - Connect to DB
Fri, 17 Jan 2020 08:36:04 - INFO - TRIZMA DB import
Fri, 17 Jan 2020 08:36:04 - INFO - 123TV DB import
Fri, 17 Jan 2020 08:36:48 - INFO - Connect to DB
Fri, 17 Jan 2020 08:36:48 - INFO - TRIZMA DB import
Fri, 17 Jan 2020 08:36:48 - INFO - 123TV DB import
Fri, 17 Jan 2020 08:36:55 - INFO - Connect to DB
Fri, 17 Jan 2020 08:36:55 - INFO - TRIZMA DB import
Fri, 17 Jan 2020 08:36:55 - INFO - 123TV DB import
Fri, 17 Jan 2020 08:37:18 - INFO - Connect to DB
Fri, 17 Jan 2020 08:37:18 - INFO - TRIZMA DB import
Fri, 17 Jan 2020 08:37:18 - INFO - 123TV DB import
Fri, 17 Jan 2020 08:41:42 - INFO - Connect to DB
Fri, 17 Jan 2020 08:41:42 - INFO - TRIZMA DB import
Fri, 17 Jan 2020 08:41:42 - INFO - 123TV DB import
Fri, 17 Jan 2020 08:41:57 - INFO - Connect to DB
Fri, 17 Jan 2020 08:41:57 - INFO - TRIZMA DB import
Fri, 17 Jan 2020 08:41:57 - INFO - Failed on TRIZMA DB import at: 2020-01-17_08-20-34, for following calling party: 494036195414, for agent id: trz_bmaksimovic, with error:(pyodbc.DataError) ('22001', '[22001] [Microsoft][ODBC Driver 17 for SQL Server][SQL Server]String or binary data would be truncated. (8152) (SQLExecDirectW)')
[SQL: insert into records values('CC2Servicenummer','Belgrad','Nicht übermittelt','trz_bmaksimovic',                                 '494036195414','','Nicht übermittelt','494036195414_Wednesday, January 15, 2020_11:51:04 AM','BOR_MAKSIM')]
(Background on this error at: http://sqlalche.me/e/9h9h)
Fri, 17 Jan 2020 08:41:57 - INFO - 123TV DB import
Fri, 17 Jan 2020 08:42:11 - INFO - Connect to DB
Fri, 17 Jan 2020 08:42:11 - INFO - TRIZMA DB import
Fri, 17 Jan 2020 08:42:11 - INFO - 123TV DB import
Fri, 17 Jan 2020 08:43:28 - INFO - Connect to DB
Fri, 17 Jan 2020 08:43:28 - INFO - TRIZMA DB import
Fri, 17 Jan 2020 08:43:28 - INFO - 123TV DB import
Fri, 17 Jan 2020 08:44:29 - INFO - Connect to DB
Fri, 17 Jan 2020 08:44:29 - INFO - TRIZMA DB import
Fri, 17 Jan 2020 08:44:29 - INFO - Failed on TRIZMA DB import at: 2020-01-17_08-20-34, for following calling party: 4915208769496, for agent id: trz_bmaksimovic, with error:(pyodbc.DataError) ('22001', '[22001] [Microsoft][ODBC Driver 17 for SQL Server][SQL Server]String or binary data would be truncated. (8152) (SQLExecDirectW)')
[SQL: insert into records values('CC2Servicenummer','Belgrad','Nicht übermittelt','trz_bmaksimovic',                                 '4915208769496','','Nicht übermittelt','4915208769496_Wednesday, January 15, 2020_4:25:12 PM','BOR_MAKSIM')]
(Background on this error at: http://sqlalche.me/e/9h9h)
Fri, 17 Jan 2020 08:44:29 - INFO - 123TV DB import
Fri, 17 Jan 2020 08:46:27 - INFO - Connect to DB
Fri, 17 Jan 2020 08:46:27 - INFO - TRIZMA DB import
Fri, 17 Jan 2020 08:46:28 - INFO - Failed on TRIZMA DB import at: 2020-01-17_08-20-34, for following calling party: 493512684004, for agent id: trz_bmaksimovic, with error:(pyodbc.DataError) ('22001', '[22001] [Microsoft][ODBC Driver 17 for SQL Server][SQL Server]String or binary data would be truncated. (8152) (SQLExecDirectW)')
[SQL: insert into records values('CC2Servicenummer','Belgrad','Nicht übermittelt','trz_bmaksimovic',                                 '493512684004','','Nicht übermittelt','493512684004_Thursday, January 16, 2020_11:29:52 AM','BOR_MAKSIM')]
(Background on this error at: http://sqlalche.me/e/9h9h)
Fri, 17 Jan 2020 08:46:28 - INFO - 123TV DB import
Fri, 17 Jan 2020 08:46:42 - INFO - Connect to DB
Fri, 17 Jan 2020 08:46:42 - INFO - TRIZMA DB import
Fri, 17 Jan 2020 08:46:42 - INFO - Failed on TRIZMA DB import at: 2020-01-17_08-20-34, for following calling party: 4970327845784, for agent id: trz_bmaksimovic, with error:(pyodbc.DataError) ('22001', '[22001] [Microsoft][ODBC Driver 17 for SQL Server][SQL Server]String or binary data would be truncated. (8152) (SQLExecDirectW)')
[SQL: insert into records values('CC2Servicenummer','Belgrad','Nicht übermittelt','trz_bmaksimovic',                                 '4970327845784','','Nicht übermittelt','4970327845784_Thursday, January 16, 2020_11:48:06 AM','BOR_MAKSIM')]
(Background on this error at: http://sqlalche.me/e/9h9h)
Fri, 17 Jan 2020 08:46:42 - INFO - 123TV DB import
Fri, 17 Jan 2020 08:48:00 - INFO - Connect to DB
Fri, 17 Jan 2020 08:48:00 - INFO - TRIZMA DB import
Fri, 17 Jan 2020 08:48:00 - INFO - 123TV DB import
Fri, 17 Jan 2020 08:48:11 - INFO - Connect to DB
Fri, 17 Jan 2020 08:48:12 - INFO - TRIZMA DB import
Fri, 17 Jan 2020 08:48:12 - INFO - 123TV DB import
Fri, 17 Jan 2020 08:48:33 - INFO - Connect to DB
Fri, 17 Jan 2020 08:48:33 - INFO - TRIZMA DB import
Fri, 17 Jan 2020 08:48:33 - INFO - 123TV DB import
Fri, 17 Jan 2020 08:49:44 - INFO - Connect to DB
Fri, 17 Jan 2020 08:49:44 - INFO - TRIZMA DB import
Fri, 17 Jan 2020 08:49:44 - INFO - 123TV DB import
Fri, 17 Jan 2020 08:53:45 - INFO - Connect to DB
Fri, 17 Jan 2020 08:53:45 - INFO - TRIZMA DB import
Fri, 17 Jan 2020 08:53:45 - INFO - 123TV DB import
Fri, 17 Jan 2020 08:54:39 - INFO - Connect to DB
Fri, 17 Jan 2020 08:54:39 - INFO - TRIZMA DB import
Fri, 17 Jan 2020 08:54:39 - INFO - 123TV DB import
Fri, 17 Jan 2020 08:56:25 - INFO - Connect to DB
Fri, 17 Jan 2020 08:56:25 - INFO - TRIZMA DB import
Fri, 17 Jan 2020 08:56:25 - INFO - 123TV DB import
Fri, 17 Jan 2020 08:58:03 - INFO - Connect to DB
Fri, 17 Jan 2020 08:58:03 - INFO - TRIZMA DB import
Fri, 17 Jan 2020 08:58:03 - INFO - Failed on TRIZMA DB import at: 2020-01-17_08-20-34, for following calling party: 4971368304261, for agent id: trz_bmaksimovic, with error:(pyodbc.DataError) ('22001', '[22001] [Microsoft][ODBC Driver 17 for SQL Server][SQL Server]String or binary data would be truncated. (8152) (SQLExecDirectW)')
[SQL: insert into records values('CC2Servicenummer','Belgrad','Nicht übermittelt','trz_bmaksimovic',                                 '4971368304261','','Nicht übermittelt','4971368304261_Thursday, January 16, 2020_6:54:30 PM','BOR_MAKSIM')]
(Background on this error at: http://sqlalche.me/e/9h9h)
Fri, 17 Jan 2020 08:58:03 - INFO - 123TV DB import
Fri, 17 Jan 2020 09:06:18 - INFO - Connect to DB
Fri, 17 Jan 2020 09:06:18 - INFO - TRIZMA DB import
Fri, 17 Jan 2020 09:06:18 - INFO - 123TV DB import
Fri, 17 Jan 2020 09:07:43 - INFO - Connect to DB
Fri, 17 Jan 2020 09:07:43 - INFO - TRIZMA DB import
Fri, 17 Jan 2020 09:07:43 - INFO - 123TV DB import
