Wed, 08 Jan 2020 18:46:49 - INFO - Connect to DB
Wed, 08 Jan 2020 18:46:49 - INFO - TRIZMA DB import
Wed, 08 Jan 2020 18:46:49 - INFO - 123TV DB import
Thu, 09 Jan 2020 07:01:09 - INFO - Connect to DB
Thu, 09 Jan 2020 07:01:09 - INFO - TRIZMA DB import
Thu, 09 Jan 2020 07:01:10 - INFO - 123TV DB import
Thu, 09 Jan 2020 07:02:15 - INFO - Connect to DB
Thu, 09 Jan 2020 07:02:15 - INFO - TRIZMA DB import
Thu, 09 Jan 2020 07:02:15 - INFO - 123TV DB import
Thu, 09 Jan 2020 07:03:24 - INFO - Connect to DB
Thu, 09 Jan 2020 07:03:24 - INFO - TRIZMA DB import
Thu, 09 Jan 2020 07:03:24 - INFO - 123TV DB import
Thu, 09 Jan 2020 07:03:30 - INFO - Connect to DB
Thu, 09 Jan 2020 07:03:30 - INFO - TRIZMA DB import
Thu, 09 Jan 2020 07:03:30 - INFO - 123TV DB import
Thu, 09 Jan 2020 07:04:16 - INFO - Connect to DB
Thu, 09 Jan 2020 07:04:16 - INFO - TRIZMA DB import
Thu, 09 Jan 2020 07:04:16 - INFO - 123TV DB import
Thu, 09 Jan 2020 07:04:51 - INFO - Connect to DB
Thu, 09 Jan 2020 07:04:51 - INFO - TRIZMA DB import
Thu, 09 Jan 2020 07:04:51 - INFO - 123TV DB import
Thu, 09 Jan 2020 07:04:57 - INFO - Connect to DB
Thu, 09 Jan 2020 07:04:57 - INFO - TRIZMA DB import
Thu, 09 Jan 2020 07:04:57 - INFO - 123TV DB import
Thu, 09 Jan 2020 07:05:23 - INFO - Connect to DB
Thu, 09 Jan 2020 07:05:23 - INFO - TRIZMA DB import
Thu, 09 Jan 2020 07:05:23 - INFO - 123TV DB import
Thu, 09 Jan 2020 07:06:23 - INFO - Connect to DB
Thu, 09 Jan 2020 07:06:23 - INFO - TRIZMA DB import
Thu, 09 Jan 2020 07:06:23 - INFO - 123TV DB import
Thu, 09 Jan 2020 07:07:03 - INFO - Connect to DB
Thu, 09 Jan 2020 07:07:03 - INFO - TRIZMA DB import
Thu, 09 Jan 2020 07:07:03 - INFO - 123TV DB import
Thu, 09 Jan 2020 07:08:40 - INFO - Connect to DB
Thu, 09 Jan 2020 07:08:40 - INFO - TRIZMA DB import
Thu, 09 Jan 2020 07:08:40 - INFO - 123TV DB import
Thu, 09 Jan 2020 07:15:18 - INFO - Connect to DB
Thu, 09 Jan 2020 07:15:18 - INFO - TRIZMA DB import
Thu, 09 Jan 2020 07:15:18 - INFO - 123TV DB import
Thu, 09 Jan 2020 07:15:39 - INFO - Connect to DB
Thu, 09 Jan 2020 07:15:39 - INFO - TRIZMA DB import
Thu, 09 Jan 2020 07:15:39 - INFO - 123TV DB import
Thu, 09 Jan 2020 07:22:32 - INFO - Connect to DB
Thu, 09 Jan 2020 07:22:32 - INFO - TRIZMA DB import
Thu, 09 Jan 2020 07:22:32 - INFO - 123TV DB import
Thu, 09 Jan 2020 07:22:38 - INFO - Connect to DB
Thu, 09 Jan 2020 07:22:38 - INFO - TRIZMA DB import
Thu, 09 Jan 2020 07:22:38 - INFO - 123TV DB import
Thu, 09 Jan 2020 07:25:09 - INFO - Connect to DB
Thu, 09 Jan 2020 07:25:09 - INFO - TRIZMA DB import
Thu, 09 Jan 2020 07:25:09 - INFO - 123TV DB import
