Wed, 22 Jan 2020 08:16:44 - INFO - Connect to DB
Wed, 22 Jan 2020 08:16:44 - INFO - TRIZMA DB import
Wed, 22 Jan 2020 08:16:44 - INFO - Failed on TRIZMA DB import at: 2020-01-22_08-16-12, for following calling party: 4915221517019, for agent id: trz_sstankovic, with error:(pyodbc.DataError) ('22001', '[22001] [Microsoft][ODBC Driver 17 for SQL Server][SQL Server]String or binary data would be truncated. (8152) (SQLExecDirectW)')
[SQL: insert into records values('CC2Servicenummer','Belgrad','Nicht übermittelt','trz_sstankovic',                                 '4915221517019','','Nicht übermittelt','4915221517019_Saturday, January 18, 2020_8:32:58 AM','SAR_STANKO')]
(Background on this error at: http://sqlalche.me/e/9h9h)
Wed, 22 Jan 2020 08:16:44 - INFO - 123TV DB import
Wed, 22 Jan 2020 08:21:49 - INFO - Connect to DB
Wed, 22 Jan 2020 08:21:50 - INFO - TRIZMA DB import
Wed, 22 Jan 2020 08:21:50 - INFO - Failed on TRIZMA DB import at: 2020-01-22_08-16-12, for following calling party: 4917637997039, for agent id: trz_sstankovic, with error:(pyodbc.DataError) ('22001', '[22001] [Microsoft][ODBC Driver 17 for SQL Server][SQL Server]String or binary data would be truncated. (8152) (SQLExecDirectW)')
[SQL: insert into records values('CC2Servicenummer','Belgrad','Nicht übermittelt','trz_sstankovic',                                 '4917637997039','','Nicht übermittelt','4917637997039_Saturday, January 18, 2020_8:51:47 AM','SAR_STANKO')]
(Background on this error at: http://sqlalche.me/e/9h9h)
Wed, 22 Jan 2020 08:21:50 - INFO - 123TV DB import
Wed, 22 Jan 2020 08:22:21 - INFO - Connect to DB
Wed, 22 Jan 2020 08:22:21 - INFO - TRIZMA DB import
Wed, 22 Jan 2020 08:22:21 - INFO - Failed on TRIZMA DB import at: 2020-01-22_08-16-12, for following calling party: 495719721272, for agent id: trz_memetovic, with error:(pyodbc.DataError) ('22001', '[22001] [Microsoft][ODBC Driver 17 for SQL Server][SQL Server]String or binary data would be truncated. (8152) (SQLExecDirectW)')
[SQL: insert into records values('CC2Servicenummer','Belgrad','Nicht übermittelt','trz_memetovic',                                 '495719721272','','Nicht übermittelt','495719721272_Wednesday, January 22, 2020_9:22:14 AM','KEN_MEMETO')]
(Background on this error at: http://sqlalche.me/e/9h9h)
Wed, 22 Jan 2020 08:22:21 - INFO - 123TV DB import
Wed, 22 Jan 2020 08:22:30 - INFO - Connect to DB
Wed, 22 Jan 2020 08:22:30 - INFO - TRIZMA DB import
Wed, 22 Jan 2020 08:22:31 - INFO - 123TV DB import
Wed, 22 Jan 2020 08:26:29 - INFO - Connect to DB
Wed, 22 Jan 2020 08:26:29 - INFO - TRIZMA DB import
Wed, 22 Jan 2020 08:26:29 - INFO - 123TV DB import
