Wed, 15 Jan 2020 14:35:30 - INFO - Connect to DB
Wed, 15 Jan 2020 14:35:30 - INFO - TRIZMA DB import
Wed, 15 Jan 2020 14:35:30 - INFO - 123TV DB import
Wed, 15 Jan 2020 14:42:54 - INFO - Connect to DB
Wed, 15 Jan 2020 14:42:54 - INFO - TRIZMA DB import
Wed, 15 Jan 2020 14:42:54 - INFO - Failed on TRIZMA DB import at: 2020-01-15_14-27-29, for following calling party: 493513326343, for agent id: trz_vvucetic, with error:(pyodbc.DataError) ('22001', '[22001] [Microsoft][ODBC Driver 17 for SQL Server][SQL Server]String or binary data would be truncated. (8152) (SQLExecDirectW)')
[SQL: insert into records values('CC2Servicenummer','Belgrad','Nicht übermittelt','trz_vvucetic',                                 '493513326343','','Nicht übermittelt','493513326343_Wednesday, January 15, 2020_3:42:52 PM','VAL_VUCETI')]
(Background on this error at: http://sqlalche.me/e/9h9h)
Wed, 15 Jan 2020 14:42:54 - INFO - 123TV DB import
Wed, 15 Jan 2020 14:52:52 - INFO - Connect to DB
Wed, 15 Jan 2020 14:52:52 - INFO - TRIZMA DB import
Wed, 15 Jan 2020 14:52:52 - INFO - Failed on TRIZMA DB import at: 2020-01-15_14-27-29, for following calling party: 495248609549, for agent id: trz_divankovic, with error:(pyodbc.DataError) ('22001', '[22001] [Microsoft][ODBC Driver 17 for SQL Server][SQL Server]String or binary data would be truncated. (8152) (SQLExecDirectW)')
[SQL: insert into records values('CC2Servicenummer','Belgrad','Nicht übermittelt','trz_divankovic',                                 '495248609549','','Nicht übermittelt','495248609549_Wednesday, January 15, 2020_3:52:45 PM','DUS_IVANKO')]
(Background on this error at: http://sqlalche.me/e/9h9h)
Wed, 15 Jan 2020 14:52:52 - INFO - 123TV DB import
Wed, 15 Jan 2020 15:02:48 - INFO - Connect to DB
Wed, 15 Jan 2020 15:02:48 - INFO - TRIZMA DB import
Wed, 15 Jan 2020 15:02:48 - INFO - Failed on TRIZMA DB import at: 2020-01-15_14-27-29, for following calling party: 4953413055560, for agent id: trz_divankovic, with error:(pyodbc.DataError) ('22001', '[22001] [Microsoft][ODBC Driver 17 for SQL Server][SQL Server]String or binary data would be truncated. (8152) (SQLExecDirectW)')
[SQL: insert into records values('CC2Servicenummer','Belgrad','Nicht übermittelt','trz_divankovic',                                 '4953413055560','','Nicht übermittelt','4953413055560_Wednesday, January 15, 2020_4:02:45 PM','DUS_IVANKO')]
(Background on this error at: http://sqlalche.me/e/9h9h)
Wed, 15 Jan 2020 15:02:48 - INFO - 123TV DB import
Wed, 15 Jan 2020 15:04:31 - INFO - Connect to DB
Wed, 15 Jan 2020 15:04:31 - INFO - TRIZMA DB import
Wed, 15 Jan 2020 15:04:31 - INFO - 123TV DB import
Wed, 15 Jan 2020 15:06:23 - INFO - Connect to DB
Wed, 15 Jan 2020 15:06:23 - INFO - TRIZMA DB import
Wed, 15 Jan 2020 15:06:23 - INFO - 123TV DB import
