Tue, 21 Jan 2020 18:41:16 - INFO - Connect to DB
Tue, 21 Jan 2020 18:41:16 - INFO - TRIZMA DB import
Tue, 21 Jan 2020 18:41:16 - INFO - 123TV DB import
Tue, 21 Jan 2020 18:44:52 - INFO - Connect to DB
Tue, 21 Jan 2020 18:44:52 - INFO - TRIZMA DB import
Tue, 21 Jan 2020 18:44:52 - INFO - 123TV DB import
Wed, 22 Jan 2020 07:02:22 - INFO - Connect to DB
Wed, 22 Jan 2020 07:02:22 - INFO - TRIZMA DB import
Wed, 22 Jan 2020 07:02:22 - INFO - Failed on TRIZMA DB import at: 2020-01-21_18-34-17, for following calling party: 4915224144873, for agent id: trz_memetovic, with error:(pyodbc.DataError) ('22001', '[22001] [Microsoft][ODBC Driver 17 for SQL Server][SQL Server]String or binary data would be truncated. (8152) (SQLExecDirectW)')
[SQL: insert into records values('CC2Servicenummer','Belgrad','Nicht 端bermittelt','trz_memetovic',                                 '4915224144873','','Nicht 端bermittelt','4915224144873_Wednesday, January 22, 2020_8:02:13 AM','KEN_MEMETO')]
(Background on this error at: http://sqlalche.me/e/9h9h)
Wed, 22 Jan 2020 07:02:22 - INFO - 123TV DB import
Wed, 22 Jan 2020 07:03:09 - INFO - Connect to DB
Wed, 22 Jan 2020 07:03:09 - INFO - TRIZMA DB import
Wed, 22 Jan 2020 07:03:09 - INFO - 123TV DB import
Wed, 22 Jan 2020 07:41:28 - INFO - Connect to DB
Wed, 22 Jan 2020 07:41:28 - INFO - TRIZMA DB import
Wed, 22 Jan 2020 07:41:28 - INFO - 123TV DB import
Wed, 22 Jan 2020 07:42:35 - INFO - Connect to DB
Wed, 22 Jan 2020 07:42:35 - INFO - TRIZMA DB import
Wed, 22 Jan 2020 07:42:35 - INFO - 123TV DB import
Wed, 22 Jan 2020 07:43:37 - INFO - Connect to DB
Wed, 22 Jan 2020 07:43:37 - INFO - TRIZMA DB import
Wed, 22 Jan 2020 07:43:37 - INFO - 123TV DB import
Wed, 22 Jan 2020 07:44:02 - INFO - Connect to DB
Wed, 22 Jan 2020 07:44:02 - INFO - TRIZMA DB import
Wed, 22 Jan 2020 07:44:02 - INFO - 123TV DB import
Wed, 22 Jan 2020 07:50:05 - INFO - Connect to DB
Wed, 22 Jan 2020 07:50:05 - INFO - TRIZMA DB import
Wed, 22 Jan 2020 07:50:05 - INFO - 123TV DB import
Wed, 22 Jan 2020 07:54:28 - INFO - Connect to DB
Wed, 22 Jan 2020 07:54:28 - INFO - TRIZMA DB import
Wed, 22 Jan 2020 07:54:28 - INFO - Failed on TRIZMA DB import at: 2020-01-21_18-34-17, for following calling party: 493513110951, for agent id: trz_memetovic, with error:(pyodbc.DataError) ('22001', '[22001] [Microsoft][ODBC Driver 17 for SQL Server][SQL Server]String or binary data would be truncated. (8152) (SQLExecDirectW)')
[SQL: insert into records values('CC2Servicenummer','Belgrad','Nicht 端bermittelt','trz_memetovic',                                 '493513110951','','Nicht 端bermittelt','493513110951_Wednesday, January 22, 2020_8:54:24 AM','KEN_MEMETO')]
(Background on this error at: http://sqlalche.me/e/9h9h)
Wed, 22 Jan 2020 07:54:28 - INFO - 123TV DB import
Wed, 22 Jan 2020 07:55:26 - INFO - Connect to DB
Wed, 22 Jan 2020 07:55:26 - INFO - TRIZMA DB import
Wed, 22 Jan 2020 07:55:26 - INFO - 123TV DB import
Wed, 22 Jan 2020 07:57:59 - INFO - Connect to DB
Wed, 22 Jan 2020 07:57:59 - INFO - TRIZMA DB import
Wed, 22 Jan 2020 07:57:59 - INFO - 123TV DB import
Wed, 22 Jan 2020 08:08:44 - INFO - Connect to DB
Wed, 22 Jan 2020 08:08:44 - INFO - TRIZMA DB import
Wed, 22 Jan 2020 08:08:44 - INFO - 123TV DB import
Wed, 22 Jan 2020 08:10:43 - INFO - Connect to DB
Wed, 22 Jan 2020 08:10:43 - INFO - TRIZMA DB import
Wed, 22 Jan 2020 08:10:43 - INFO - 123TV DB import
Wed, 22 Jan 2020 08:15:40 - INFO - Connect to DB
Wed, 22 Jan 2020 08:15:40 - INFO - TRIZMA DB import
Wed, 22 Jan 2020 08:15:40 - INFO - 123TV DB import
