Tue, 21 Jan 2020 09:46:06 - INFO - Connect to DB
Tue, 21 Jan 2020 09:46:06 - INFO - TRIZMA DB import
Tue, 21 Jan 2020 09:46:07 - INFO - 123TV DB import
Tue, 21 Jan 2020 09:47:33 - INFO - Connect to DB
Tue, 21 Jan 2020 09:47:33 - INFO - TRIZMA DB import
Tue, 21 Jan 2020 09:47:33 - INFO - Failed on TRIZMA DB import at: 2020-01-21_09-43-44, for following calling party: 492472802794, for agent id: trz_bmaksimovic, with error:(pyodbc.DataError) ('22001', '[22001] [Microsoft][ODBC Driver 17 for SQL Server][SQL Server]String or binary data would be truncated. (8152) (SQLExecDirectW)')
[SQL: insert into records values('CC2Servicenummer','Belgrad','Nicht übermittelt','trz_bmaksimovic',                                 '492472802794','','Nicht übermittelt','492472802794_Thursday, January 16, 2020_12:25:17 PM','BOR_MAKSIM')]
(Background on this error at: http://sqlalche.me/e/9h9h)
Tue, 21 Jan 2020 09:47:33 - INFO - 123TV DB import
Tue, 21 Jan 2020 09:47:42 - INFO - Connect to DB
Tue, 21 Jan 2020 09:47:43 - INFO - TRIZMA DB import
Tue, 21 Jan 2020 09:47:43 - INFO - 123TV DB import
Tue, 21 Jan 2020 09:48:08 - INFO - Connect to DB
Tue, 21 Jan 2020 09:48:08 - INFO - TRIZMA DB import
Tue, 21 Jan 2020 09:48:08 - INFO - 123TV DB import
Tue, 21 Jan 2020 09:55:40 - INFO - Connect to DB
Tue, 21 Jan 2020 09:55:40 - INFO - TRIZMA DB import
Tue, 21 Jan 2020 09:55:40 - INFO - Failed on TRIZMA DB import at: 2020-01-21_09-43-44, for following calling party: 4915774426087, for agent id: trz_bmaksimovic, with error:(pyodbc.DataError) ('22001', '[22001] [Microsoft][ODBC Driver 17 for SQL Server][SQL Server]String or binary data would be truncated. (8152) (SQLExecDirectW)')
[SQL: insert into records values('CC2Servicenummer','Belgrad','Nicht übermittelt','trz_bmaksimovic',                                 '4915774426087','','Nicht übermittelt','4915774426087_Thursday, January 16, 2020_3:49:00 PM','BOR_MAKSIM')]
(Background on this error at: http://sqlalche.me/e/9h9h)
Tue, 21 Jan 2020 09:55:40 - INFO - 123TV DB import
Tue, 21 Jan 2020 09:55:46 - INFO - Connect to DB
Tue, 21 Jan 2020 09:55:46 - INFO - TRIZMA DB import
Tue, 21 Jan 2020 09:55:46 - INFO - 123TV DB import
Tue, 21 Jan 2020 09:55:52 - INFO - Connect to DB
Tue, 21 Jan 2020 09:55:52 - INFO - TRIZMA DB import
Tue, 21 Jan 2020 09:55:52 - INFO - Failed on TRIZMA DB import at: 2020-01-21_09-43-44, for following calling party: 4920164953042, for agent id: trz_sstankovic, with error:(pyodbc.DataError) ('22001', '[22001] [Microsoft][ODBC Driver 17 for SQL Server][SQL Server]String or binary data would be truncated. (8152) (SQLExecDirectW)')
[SQL: insert into records values('CC2Servicenummer','Belgrad','Nicht übermittelt','trz_sstankovic',                                 '4920164953042','','Nicht übermittelt','4920164953042_Tuesday, January 21, 2020_10:55:50 AM','SAR_STANKO')]
(Background on this error at: http://sqlalche.me/e/9h9h)
Tue, 21 Jan 2020 09:55:52 - INFO - 123TV DB import
Tue, 21 Jan 2020 09:57:12 - INFO - Connect to DB
Tue, 21 Jan 2020 09:57:12 - INFO - TRIZMA DB import
Tue, 21 Jan 2020 09:57:12 - INFO - 123TV DB import
Tue, 21 Jan 2020 09:59:44 - INFO - Connect to DB
Tue, 21 Jan 2020 09:59:44 - INFO - TRIZMA DB import
Tue, 21 Jan 2020 09:59:44 - INFO - Failed on TRIZMA DB import at: 2020-01-21_09-43-44, for following calling party: 4947444695941, for agent id: trz_madamovic, with error:(pyodbc.DataError) ('22001', '[22001] [Microsoft][ODBC Driver 17 for SQL Server][SQL Server]String or binary data would be truncated. (8152) (SQLExecDirectW)')
[SQL: insert into records values('CC2Servicenummer','Belgrad','Nicht übermittelt','trz_madamovic',                                 '4947444695941','','Nicht übermittelt','4947444695941_Tuesday, January 21, 2020_10:59:38 AM','MIL_ADAMOV')]
(Background on this error at: http://sqlalche.me/e/9h9h)
Tue, 21 Jan 2020 09:59:44 - INFO - 123TV DB import
Tue, 21 Jan 2020 10:04:03 - INFO - Connect to DB
Tue, 21 Jan 2020 10:04:03 - INFO - TRIZMA DB import
Tue, 21 Jan 2020 10:04:04 - INFO - 123TV DB import
Tue, 21 Jan 2020 10:04:36 - INFO - Connect to DB
Tue, 21 Jan 2020 10:04:36 - INFO - TRIZMA DB import
Tue, 21 Jan 2020 10:04:36 - INFO - 123TV DB import
Tue, 21 Jan 2020 10:05:12 - INFO - Connect to DB
Tue, 21 Jan 2020 10:05:12 - INFO - TRIZMA DB import
Tue, 21 Jan 2020 10:05:12 - INFO - 123TV DB import
Tue, 21 Jan 2020 10:05:17 - INFO - Connect to DB
Tue, 21 Jan 2020 10:05:17 - INFO - TRIZMA DB import
Tue, 21 Jan 2020 10:05:17 - INFO - 123TV DB import
Tue, 21 Jan 2020 10:08:56 - INFO - Connect to DB
Tue, 21 Jan 2020 10:08:56 - INFO - TRIZMA DB import
Tue, 21 Jan 2020 10:08:56 - INFO - Failed on TRIZMA DB import at: 2020-01-21_09-43-44, for following calling party: 4920659176372, for agent id: trz_madamovic, with error:(pyodbc.DataError) ('22001', '[22001] [Microsoft][ODBC Driver 17 for SQL Server][SQL Server]String or binary data would be truncated. (8152) (SQLExecDirectW)')
[SQL: insert into records values('CC2Servicenummer','Belgrad','Nicht übermittelt','trz_madamovic',                                 '4920659176372','','Nicht übermittelt','4920659176372_Tuesday, January 21, 2020_11:08:48 AM','MIL_ADAMOV')]
(Background on this error at: http://sqlalche.me/e/9h9h)
Tue, 21 Jan 2020 10:08:56 - INFO - 123TV DB import
Tue, 21 Jan 2020 10:12:30 - INFO - Connect to DB
Tue, 21 Jan 2020 10:12:30 - INFO - TRIZMA DB import
Tue, 21 Jan 2020 10:12:30 - INFO - 123TV DB import
Tue, 21 Jan 2020 10:17:35 - INFO - Connect to DB
Tue, 21 Jan 2020 10:17:35 - INFO - TRIZMA DB import
Tue, 21 Jan 2020 10:17:35 - INFO - Failed on TRIZMA DB import at: 2020-01-21_09-43-44, for following calling party: 4959738209830, for agent id: trz_bmaksimovic, with error:(pyodbc.DataError) ('22001', '[22001] [Microsoft][ODBC Driver 17 for SQL Server][SQL Server]String or binary data would be truncated. (8152) (SQLExecDirectW)')
[SQL: insert into records values('CC2Servicenummer','Belgrad','Nicht übermittelt','trz_bmaksimovic',                                 '4959738209830','','Nicht übermittelt','4959738209830_Tuesday, January 21, 2020_11:17:31 AM','BOR_MAKSIM')]
(Background on this error at: http://sqlalche.me/e/9h9h)
Tue, 21 Jan 2020 10:17:35 - INFO - 123TV DB import
Tue, 21 Jan 2020 10:20:53 - INFO - Connect to DB
Tue, 21 Jan 2020 10:20:53 - INFO - TRIZMA DB import
Tue, 21 Jan 2020 10:20:53 - INFO - 123TV DB import
Tue, 21 Jan 2020 10:25:31 - INFO - Connect to DB
Tue, 21 Jan 2020 10:25:31 - INFO - TRIZMA DB import
Tue, 21 Jan 2020 10:25:31 - INFO - Failed on TRIZMA DB import at: 2020-01-21_09-43-44, for following calling party: 4920336989190, for agent id: trz_bmaksimovic, with error:(pyodbc.DataError) ('22001', '[22001] [Microsoft][ODBC Driver 17 for SQL Server][SQL Server]String or binary data would be truncated. (8152) (SQLExecDirectW)')
[SQL: insert into records values('CC2Servicenummer','Belgrad','Nicht übermittelt','trz_bmaksimovic',                                 '4920336989190','','Nicht übermittelt','4920336989190_Saturday, January 18, 2020_10:50:06 AM','BOR_MAKSIM')]
(Background on this error at: http://sqlalche.me/e/9h9h)
Tue, 21 Jan 2020 10:25:31 - INFO - 123TV DB import
