Wed, 15 Jan 2020 12:00:22 - INFO - Connect to DB
Wed, 15 Jan 2020 12:00:23 - INFO - TRIZMA DB import
Wed, 15 Jan 2020 12:00:23 - INFO - Failed on TRIZMA DB import at: 2020-01-15_11-57-02, for following calling party: 491634967912, for agent id: trz_hjovic, with error:(pyodbc.DataError) ('22001', '[22001] [Microsoft][ODBC Driver 17 for SQL Server][SQL Server]String or binary data would be truncated. (8152) (SQLExecDirectW)')
[SQL: insert into records values('CC2Servicenummer','Belgrad','Nicht übermittelt','trz_hjovic',                                 '491634967912','','Nicht übermittelt','491634967912_Wednesday, January 15, 2020_1:00:19 PM','HRI_JOVIC')]
(Background on this error at: http://sqlalche.me/e/9h9h)
Wed, 15 Jan 2020 12:00:23 - INFO - 123TV DB import
Wed, 15 Jan 2020 12:03:41 - INFO - Connect to DB
Wed, 15 Jan 2020 12:03:41 - INFO - TRIZMA DB import
Wed, 15 Jan 2020 12:03:41 - INFO - Failed on TRIZMA DB import at: 2020-01-15_11-57-02, for following calling party: 495064950315, for agent id: trz_vvucetic, with error:(pyodbc.DataError) ('22001', '[22001] [Microsoft][ODBC Driver 17 for SQL Server][SQL Server]String or binary data would be truncated. (8152) (SQLExecDirectW)')
[SQL: insert into records values('CC2Servicenummer','Belgrad','Nicht übermittelt','trz_vvucetic',                                 '495064950315','','Nicht übermittelt','495064950315_Wednesday, January 15, 2020_1:03:39 PM','VAL_VUCETI')]
(Background on this error at: http://sqlalche.me/e/9h9h)
Wed, 15 Jan 2020 12:03:41 - INFO - 123TV DB import
Wed, 15 Jan 2020 12:09:06 - INFO - Connect to DB
Wed, 15 Jan 2020 12:09:06 - INFO - TRIZMA DB import
Wed, 15 Jan 2020 12:09:06 - INFO - Failed on TRIZMA DB import at: 2020-01-15_11-57-02, for following calling party: 493381227526, for agent id: trz_tjurjevic, with error:(pyodbc.DataError) ('22001', '[22001] [Microsoft][ODBC Driver 17 for SQL Server][SQL Server]String or binary data would be truncated. (8152) (SQLExecDirectW)')
[SQL: insert into records values('CC2Servicenummer','Belgrad','Nicht übermittelt','trz_tjurjevic',                                 '493381227526','','Nicht übermittelt','493381227526_Wednesday, January 15, 2020_1:09:04 PM','TAT_JURJEV')]
(Background on this error at: http://sqlalche.me/e/9h9h)
Wed, 15 Jan 2020 12:09:06 - INFO - 123TV DB import
Wed, 15 Jan 2020 12:12:23 - INFO - Connect to DB
Wed, 15 Jan 2020 12:12:23 - INFO - TRIZMA DB import
Wed, 15 Jan 2020 12:12:23 - INFO - Failed on TRIZMA DB import at: 2020-01-15_11-57-02, for following calling party: 4994416855163, for agent id: trz_asilni, with error:(pyodbc.DataError) ('22001', '[22001] [Microsoft][ODBC Driver 17 for SQL Server][SQL Server]String or binary data would be truncated. (8152) (SQLExecDirectW)')
[SQL: insert into records values('CC2Servicenummer','Belgrad','Nicht übermittelt','trz_asilni',                                 '4994416855163','','Nicht übermittelt','4994416855163_Wednesday, January 15, 2020_1:12:08 PM','ANA_SILNI')]
(Background on this error at: http://sqlalche.me/e/9h9h)
Wed, 15 Jan 2020 12:12:23 - INFO - 123TV DB import
Wed, 15 Jan 2020 12:20:05 - INFO - Connect to DB
Wed, 15 Jan 2020 12:20:05 - INFO - TRIZMA DB import
Wed, 15 Jan 2020 12:20:05 - INFO - Failed on TRIZMA DB import at: 2020-01-15_11-57-02, for following calling party: 493612111169, for agent id: trz_vvucetic, with error:(pyodbc.DataError) ('22001', '[22001] [Microsoft][ODBC Driver 17 for SQL Server][SQL Server]String or binary data would be truncated. (8152) (SQLExecDirectW)')
[SQL: insert into records values('CC2Servicenummer','Belgrad','Nicht übermittelt','trz_vvucetic',                                 '493612111169','','Nicht übermittelt','493612111169_Wednesday, January 15, 2020_1:20:03 PM','VAL_VUCETI')]
(Background on this error at: http://sqlalche.me/e/9h9h)
Wed, 15 Jan 2020 12:20:05 - INFO - 123TV DB import
Wed, 15 Jan 2020 12:28:11 - INFO - Connect to DB
Wed, 15 Jan 2020 12:28:11 - INFO - TRIZMA DB import
Wed, 15 Jan 2020 12:28:11 - INFO - Failed on TRIZMA DB import at: 2020-01-15_11-57-02, for following calling party: 4967197043865, for agent id: trz_asilni, with error:(pyodbc.DataError) ('22001', '[22001] [Microsoft][ODBC Driver 17 for SQL Server][SQL Server]String or binary data would be truncated. (8152) (SQLExecDirectW)')
[SQL: insert into records values('CC2Servicenummer','Belgrad','Nicht übermittelt','trz_asilni',                                 '4967197043865','','Nicht übermittelt','4967197043865_Wednesday, January 15, 2020_1:27:52 PM','ANA_SILNI')]
(Background on this error at: http://sqlalche.me/e/9h9h)
Wed, 15 Jan 2020 12:28:11 - INFO - 123TV DB import
