Wed, 22 Jan 2020 11:21:02 - INFO - Connect to DB
Wed, 22 Jan 2020 11:21:02 - INFO - TRIZMA DB import
Wed, 22 Jan 2020 11:21:02 - INFO - Failed on TRIZMA DB import at: 2020-01-22_11-16-27, for following calling party: 4937127290102, for agent id: trz_asilni, with error:(pyodbc.DataError) ('22001', '[22001] [Microsoft][ODBC Driver 17 for SQL Server][SQL Server]String or binary data would be truncated. (8152) (SQLExecDirectW)')
[SQL: insert into records values('CC2Servicenummer','Belgrad','Nicht übermittelt','trz_asilni',                                 '4937127290102','','Nicht übermittelt','4937127290102_Wednesday, January 22, 2020_12:20:57 PM','ANA_SILNI')]
(Background on this error at: http://sqlalche.me/e/9h9h)
Wed, 22 Jan 2020 11:21:02 - INFO - 123TV DB import
Wed, 22 Jan 2020 11:24:34 - INFO - Connect to DB
Wed, 22 Jan 2020 11:24:34 - INFO - TRIZMA DB import
Wed, 22 Jan 2020 11:24:34 - INFO - Failed on TRIZMA DB import at: 2020-01-22_11-16-27, for following calling party: 49306042184, for agent id: trz_asilni, with error:(pyodbc.DataError) ('22001', '[22001] [Microsoft][ODBC Driver 17 for SQL Server][SQL Server]String or binary data would be truncated. (8152) (SQLExecDirectW)')
[SQL: insert into records values('CC2Servicenummer','Belgrad','Nicht übermittelt','trz_asilni',                                 '49306042184','','Nicht übermittelt','49306042184_Wednesday, January 15, 2020_12:58:18 PM','ANA_SILNI')]
(Background on this error at: http://sqlalche.me/e/9h9h)
Wed, 22 Jan 2020 11:24:34 - INFO - 123TV DB import
Wed, 22 Jan 2020 11:25:31 - INFO - Connect to DB
Wed, 22 Jan 2020 11:25:31 - INFO - TRIZMA DB import
Wed, 22 Jan 2020 11:25:31 - INFO - Failed on TRIZMA DB import at: 2020-01-22_11-16-27, for following calling party: 497193931053, for agent id: trz_asilni, with error:(pyodbc.DataError) ('22001', '[22001] [Microsoft][ODBC Driver 17 for SQL Server][SQL Server]String or binary data would be truncated. (8152) (SQLExecDirectW)')
[SQL: insert into records values('CC2Servicenummer','Belgrad','Nicht übermittelt','trz_asilni',                                 '497193931053','','Nicht übermittelt','497193931053_Wednesday, January 15, 2020_2:40:56 PM','ANA_SILNI')]
(Background on this error at: http://sqlalche.me/e/9h9h)
Wed, 22 Jan 2020 11:25:31 - INFO - 123TV DB import
Wed, 22 Jan 2020 11:26:08 - INFO - Connect to DB
Wed, 22 Jan 2020 11:26:08 - INFO - TRIZMA DB import
Wed, 22 Jan 2020 11:26:08 - INFO - Failed on TRIZMA DB import at: 2020-01-22_11-16-27, for following calling party: 491773140258, for agent id: trz_asilni, with error:(pyodbc.DataError) ('22001', '[22001] [Microsoft][ODBC Driver 17 for SQL Server][SQL Server]String or binary data would be truncated. (8152) (SQLExecDirectW)')
[SQL: insert into records values('CC2Servicenummer','Belgrad','Nicht übermittelt','trz_asilni',                                 '491773140258','','Nicht übermittelt','491773140258_Wednesday, January 15, 2020_4:22:20 PM','ANA_SILNI')]
(Background on this error at: http://sqlalche.me/e/9h9h)
Wed, 22 Jan 2020 11:26:08 - INFO - 123TV DB import
Wed, 22 Jan 2020 11:31:30 - INFO - Connect to DB
Wed, 22 Jan 2020 11:31:30 - INFO - TRIZMA DB import
Wed, 22 Jan 2020 11:31:30 - INFO - 123TV DB import
Wed, 22 Jan 2020 11:33:20 - INFO - Connect to DB
Wed, 22 Jan 2020 11:33:20 - INFO - TRIZMA DB import
Wed, 22 Jan 2020 11:33:20 - INFO - 123TV DB import
Wed, 22 Jan 2020 11:37:40 - INFO - Connect to DB
Wed, 22 Jan 2020 11:37:40 - INFO - TRIZMA DB import
Wed, 22 Jan 2020 11:37:40 - INFO - Failed on TRIZMA DB import at: 2020-01-22_11-16-27, for following calling party: 491739431375, for agent id: trz_sstankovic, with error:(pyodbc.DataError) ('22001', '[22001] [Microsoft][ODBC Driver 17 for SQL Server][SQL Server]String or binary data would be truncated. (8152) (SQLExecDirectW)')
[SQL: insert into records values('CC2Servicenummer','Belgrad','Nicht übermittelt','trz_sstankovic',                                 '491739431375','','Nicht übermittelt','491739431375_Wednesday, January 22, 2020_12:37:36 PM','SAR_STANKO')]
(Background on this error at: http://sqlalche.me/e/9h9h)
Wed, 22 Jan 2020 11:37:40 - INFO - 123TV DB import
