Wed, 15 Jan 2020 18:55:09 - INFO - Connect to DB
Wed, 15 Jan 2020 18:55:09 - INFO - TRIZMA DB import
Wed, 15 Jan 2020 18:55:09 - INFO - Failed on TRIZMA DB import at: 2020-01-15_17-36-14, for following calling party: 493520250104, for agent id: trz_tjurjevic, with error:(pyodbc.DataError) ('22001', '[22001] [Microsoft][ODBC Driver 17 for SQL Server][SQL Server]String or binary data would be truncated. (8152) (SQLExecDirectW)')
[SQL: insert into records values('CC2Servicenummer','Belgrad','Nicht übermittelt','trz_tjurjevic',                                 '493520250104','','Nicht übermittelt','493520250104_Wednesday, January 15, 2020_7:55:03 PM','TAT_JURJEV')]
(Background on this error at: http://sqlalche.me/e/9h9h)
Wed, 15 Jan 2020 18:55:09 - INFO - 123TV DB import
Thu, 16 Jan 2020 07:03:13 - INFO - Connect to DB
Thu, 16 Jan 2020 07:03:14 - INFO - TRIZMA DB import
Thu, 16 Jan 2020 07:03:14 - INFO - 123TV DB import
Thu, 16 Jan 2020 07:11:02 - INFO - Connect to DB
Thu, 16 Jan 2020 07:11:02 - INFO - TRIZMA DB import
Thu, 16 Jan 2020 07:11:02 - INFO - 123TV DB import
Thu, 16 Jan 2020 07:12:05 - INFO - Connect to DB
Thu, 16 Jan 2020 07:12:05 - INFO - TRIZMA DB import
Thu, 16 Jan 2020 07:12:05 - INFO - 123TV DB import
Thu, 16 Jan 2020 07:12:11 - INFO - Connect to DB
Thu, 16 Jan 2020 07:12:11 - INFO - TRIZMA DB import
Thu, 16 Jan 2020 07:12:11 - INFO - 123TV DB import
Thu, 16 Jan 2020 07:12:16 - INFO - Connect to DB
Thu, 16 Jan 2020 07:12:16 - INFO - TRIZMA DB import
Thu, 16 Jan 2020 07:12:16 - INFO - 123TV DB import
Thu, 16 Jan 2020 07:12:44 - INFO - Connect to DB
Thu, 16 Jan 2020 07:12:44 - INFO - TRIZMA DB import
Thu, 16 Jan 2020 07:12:44 - INFO - 123TV DB import
Thu, 16 Jan 2020 07:13:19 - INFO - Connect to DB
Thu, 16 Jan 2020 07:13:19 - INFO - TRIZMA DB import
Thu, 16 Jan 2020 07:13:19 - INFO - 123TV DB import
Thu, 16 Jan 2020 07:13:56 - INFO - Connect to DB
Thu, 16 Jan 2020 07:13:56 - INFO - TRIZMA DB import
Thu, 16 Jan 2020 07:13:56 - INFO - 123TV DB import
Thu, 16 Jan 2020 07:14:19 - INFO - Connect to DB
Thu, 16 Jan 2020 07:14:19 - INFO - TRIZMA DB import
Thu, 16 Jan 2020 07:14:19 - INFO - 123TV DB import
Thu, 16 Jan 2020 07:15:50 - INFO - Connect to DB
Thu, 16 Jan 2020 07:15:50 - INFO - TRIZMA DB import
Thu, 16 Jan 2020 07:15:50 - INFO - 123TV DB import
Thu, 16 Jan 2020 07:19:36 - INFO - Connect to DB
Thu, 16 Jan 2020 07:19:36 - INFO - TRIZMA DB import
Thu, 16 Jan 2020 07:19:36 - INFO - 123TV DB import
Thu, 16 Jan 2020 07:20:27 - INFO - Connect to DB
Thu, 16 Jan 2020 07:20:27 - INFO - TRIZMA DB import
Thu, 16 Jan 2020 07:20:27 - INFO - 123TV DB import
Thu, 16 Jan 2020 07:21:56 - INFO - Connect to DB
Thu, 16 Jan 2020 07:21:56 - INFO - TRIZMA DB import
Thu, 16 Jan 2020 07:21:57 - INFO - 123TV DB import
Thu, 16 Jan 2020 07:22:21 - INFO - Connect to DB
Thu, 16 Jan 2020 07:22:21 - INFO - TRIZMA DB import
Thu, 16 Jan 2020 07:22:21 - INFO - 123TV DB import
