Wed, 15 Jan 2020 13:26:50 - INFO - Connect to DB
Wed, 15 Jan 2020 13:26:51 - INFO - TRIZMA DB import
Wed, 15 Jan 2020 13:26:51 - INFO - Failed on TRIZMA DB import at: 2020-01-15_13-25-58, for following calling party: 499254953364, for agent id: trz_asilni, with error:(pyodbc.DataError) ('22001', '[22001] [Microsoft][ODBC Driver 17 for SQL Server][SQL Server]String or binary data would be truncated. (8152) (SQLExecDirectW)')
[SQL: insert into records values('CC2Servicenummer','Belgrad','Nicht übermittelt','trz_asilni',                                 '499254953364','','Nicht übermittelt','499254953364_Wednesday, January 15, 2020_2:26:38 PM','ANA_SILNI')]
(Background on this error at: http://sqlalche.me/e/9h9h)
Wed, 15 Jan 2020 13:26:51 - INFO - 123TV DB import
Wed, 15 Jan 2020 13:40:33 - INFO - Connect to DB
Wed, 15 Jan 2020 13:40:33 - INFO - TRIZMA DB import
Wed, 15 Jan 2020 13:40:33 - INFO - Failed on TRIZMA DB import at: 2020-01-15_13-25-58, for following calling party: 493915438527, for agent id: trz_hjovic, with error:(pyodbc.DataError) ('22001', '[22001] [Microsoft][ODBC Driver 17 for SQL Server][SQL Server]String or binary data would be truncated. (8152) (SQLExecDirectW)')
[SQL: insert into records values('CC2Servicenummer','Belgrad','Nicht übermittelt','trz_hjovic',                                 '493915438527','','Nicht übermittelt','493915438527_Wednesday, January 15, 2020_2:40:31 PM','HRI_JOVIC')]
(Background on this error at: http://sqlalche.me/e/9h9h)
Wed, 15 Jan 2020 13:40:33 - INFO - 123TV DB import
Wed, 15 Jan 2020 13:42:15 - INFO - Connect to DB
Wed, 15 Jan 2020 13:42:15 - INFO - TRIZMA DB import
Wed, 15 Jan 2020 13:42:15 - INFO - Failed on TRIZMA DB import at: 2020-01-15_13-25-58, for following calling party: 4915202050716, for agent id: trz_tjurjevic, with error:(pyodbc.DataError) ('22001', '[22001] [Microsoft][ODBC Driver 17 for SQL Server][SQL Server]String or binary data would be truncated. (8152) (SQLExecDirectW)')
[SQL: insert into records values('CC2Servicenummer','Belgrad','Nicht übermittelt','trz_tjurjevic',                                 '4915202050716','','Nicht übermittelt','4915202050716_Wednesday, January 15, 2020_2:42:13 PM','TAT_JURJEV')]
(Background on this error at: http://sqlalche.me/e/9h9h)
Wed, 15 Jan 2020 13:42:15 - INFO - 123TV DB import
Wed, 15 Jan 2020 13:42:59 - INFO - Connect to DB
Wed, 15 Jan 2020 13:42:59 - INFO - TRIZMA DB import
Wed, 15 Jan 2020 13:42:59 - INFO - 123TV DB import
Wed, 15 Jan 2020 13:47:52 - INFO - Connect to DB
Wed, 15 Jan 2020 13:47:52 - INFO - TRIZMA DB import
Wed, 15 Jan 2020 13:47:52 - INFO - Failed on TRIZMA DB import at: 2020-01-15_13-25-58, for following calling party: 493456871169, for agent id: trz_memetovic, with error:(pyodbc.DataError) ('22001', '[22001] [Microsoft][ODBC Driver 17 for SQL Server][SQL Server]String or binary data would be truncated. (8152) (SQLExecDirectW)')
[SQL: insert into records values('CC2Servicenummer','Belgrad','Nicht übermittelt','trz_memetovic',                                 '493456871169','','Nicht übermittelt','493456871169_Wednesday, January 15, 2020_2:47:50 PM','KEN_MEMETO')]
(Background on this error at: http://sqlalche.me/e/9h9h)
Wed, 15 Jan 2020 13:47:52 - INFO - 123TV DB import
Wed, 15 Jan 2020 14:04:12 - INFO - Connect to DB
Wed, 15 Jan 2020 14:04:13 - INFO - TRIZMA DB import
Wed, 15 Jan 2020 14:04:13 - INFO - Failed on TRIZMA DB import at: 2020-01-15_13-25-58, for following calling party: 493581704395, for agent id: trz_memetovic, with error:(pyodbc.DataError) ('22001', '[22001] [Microsoft][ODBC Driver 17 for SQL Server][SQL Server]String or binary data would be truncated. (8152) (SQLExecDirectW)')
[SQL: insert into records values('CC2Servicenummer','Belgrad','Nicht übermittelt','trz_memetovic',                                 '493581704395','','Nicht übermittelt','493581704395_Wednesday, January 15, 2020_3:04:07 PM','KEN_MEMETO')]
(Background on this error at: http://sqlalche.me/e/9h9h)
Wed, 15 Jan 2020 14:04:13 - INFO - 123TV DB import
Wed, 15 Jan 2020 14:09:15 - INFO - Connect to DB
Wed, 15 Jan 2020 14:09:15 - INFO - TRIZMA DB import
Wed, 15 Jan 2020 14:09:15 - INFO - 123TV DB import
Wed, 15 Jan 2020 14:11:42 - INFO - Connect to DB
Wed, 15 Jan 2020 14:11:42 - INFO - TRIZMA DB import
Wed, 15 Jan 2020 14:11:42 - INFO - 123TV DB import
Wed, 15 Jan 2020 14:21:58 - INFO - Connect to DB
Wed, 15 Jan 2020 14:21:58 - INFO - TRIZMA DB import
Wed, 15 Jan 2020 14:21:58 - INFO - Failed on TRIZMA DB import at: 2020-01-15_13-25-58, for following calling party: 4920937784881, for agent id: trz_memetovic, with error:(pyodbc.DataError) ('22001', '[22001] [Microsoft][ODBC Driver 17 for SQL Server][SQL Server]String or binary data would be truncated. (8152) (SQLExecDirectW)')
[SQL: insert into records values('CC2Servicenummer','Belgrad','Nicht übermittelt','trz_memetovic',                                 '4920937784881','','Nicht übermittelt','4920937784881_Wednesday, January 15, 2020_3:21:54 PM','KEN_MEMETO')]
(Background on this error at: http://sqlalche.me/e/9h9h)
Wed, 15 Jan 2020 14:21:58 - INFO - 123TV DB import
Wed, 15 Jan 2020 14:44:53 - INFO - Connect to DB
Wed, 15 Jan 2020 14:44:53 - INFO - TRIZMA DB import
Wed, 15 Jan 2020 14:44:53 - INFO - 123TV DB import
Wed, 15 Jan 2020 14:46:57 - INFO - Connect to DB
Wed, 15 Jan 2020 14:46:57 - INFO - TRIZMA DB import
Wed, 15 Jan 2020 14:46:57 - INFO - 123TV DB import
