Tue, 21 Jan 2020 07:16:14 - INFO - Connect to DB
Tue, 21 Jan 2020 07:16:14 - INFO - TRIZMA DB import
Tue, 21 Jan 2020 07:16:14 - INFO - 123TV DB import
Tue, 21 Jan 2020 07:16:20 - INFO - Connect to DB
Tue, 21 Jan 2020 07:16:20 - INFO - TRIZMA DB import
Tue, 21 Jan 2020 07:16:20 - INFO - 123TV DB import
Tue, 21 Jan 2020 07:16:25 - INFO - Connect to DB
Tue, 21 Jan 2020 07:16:25 - INFO - TRIZMA DB import
Tue, 21 Jan 2020 07:16:25 - INFO - 123TV DB import
Tue, 21 Jan 2020 07:20:28 - INFO - Connect to DB
Tue, 21 Jan 2020 07:20:28 - INFO - TRIZMA DB import
Tue, 21 Jan 2020 07:20:28 - INFO - 123TV DB import
Tue, 21 Jan 2020 07:20:55 - INFO - Connect to DB
Tue, 21 Jan 2020 07:20:55 - INFO - TRIZMA DB import
Tue, 21 Jan 2020 07:20:55 - INFO - 123TV DB import
Tue, 21 Jan 2020 07:21:00 - INFO - Connect to DB
Tue, 21 Jan 2020 07:21:00 - INFO - TRIZMA DB import
Tue, 21 Jan 2020 07:21:01 - INFO - 123TV DB import
Tue, 21 Jan 2020 07:21:56 - INFO - Connect to DB
Tue, 21 Jan 2020 07:21:56 - INFO - TRIZMA DB import
Tue, 21 Jan 2020 07:21:56 - INFO - 123TV DB import
Tue, 21 Jan 2020 07:22:19 - INFO - Connect to DB
Tue, 21 Jan 2020 07:22:19 - INFO - TRIZMA DB import
Tue, 21 Jan 2020 07:22:19 - INFO - 123TV DB import
Tue, 21 Jan 2020 07:22:47 - INFO - Connect to DB
Tue, 21 Jan 2020 07:22:47 - INFO - TRIZMA DB import
Tue, 21 Jan 2020 07:22:47 - INFO - 123TV DB import
Tue, 21 Jan 2020 07:23:30 - INFO - Connect to DB
Tue, 21 Jan 2020 07:23:30 - INFO - TRIZMA DB import
Tue, 21 Jan 2020 07:23:30 - INFO - 123TV DB import
Tue, 21 Jan 2020 07:23:58 - INFO - Connect to DB
Tue, 21 Jan 2020 07:23:58 - INFO - TRIZMA DB import
Tue, 21 Jan 2020 07:23:58 - INFO - 123TV DB import
Tue, 21 Jan 2020 07:24:09 - INFO - Connect to DB
Tue, 21 Jan 2020 07:24:09 - INFO - TRIZMA DB import
Tue, 21 Jan 2020 07:24:09 - INFO - 123TV DB import
Tue, 21 Jan 2020 07:25:35 - INFO - Connect to DB
Tue, 21 Jan 2020 07:25:35 - INFO - TRIZMA DB import
Tue, 21 Jan 2020 07:25:35 - INFO - Failed on TRIZMA DB import at: 2020-01-21_07-15-48, for following calling party: 4917653166475, for agent id: trz_madamovic, with error:(pyodbc.DataError) ('22001', '[22001] [Microsoft][ODBC Driver 17 for SQL Server][SQL Server]String or binary data would be truncated. (8152) (SQLExecDirectW)')
[SQL: insert into records values('CC2Servicenummer','Belgrad','Nicht übermittelt','trz_madamovic',                                 '4917653166475','','Nicht übermittelt','4917653166475_Wednesday, January 15, 2020_1:08:41 PM','MIL_ADAMOV')]
(Background on this error at: http://sqlalche.me/e/9h9h)
Tue, 21 Jan 2020 07:25:35 - INFO - 123TV DB import
Tue, 21 Jan 2020 07:25:40 - INFO - Connect to DB
Tue, 21 Jan 2020 07:25:40 - INFO - TRIZMA DB import
Tue, 21 Jan 2020 07:25:40 - INFO - Failed on TRIZMA DB import at: 2020-01-21_07-15-48, for following calling party: 491781751585, for agent id: trz_madamovic, with error:(pyodbc.DataError) ('22001', '[22001] [Microsoft][ODBC Driver 17 for SQL Server][SQL Server]String or binary data would be truncated. (8152) (SQLExecDirectW)')
[SQL: insert into records values('CC2Servicenummer','Belgrad','Nicht übermittelt','trz_madamovic',                                 '491781751585','','Nicht übermittelt','491781751585_Wednesday, January 15, 2020_1:22:34 PM','MIL_ADAMOV')]
(Background on this error at: http://sqlalche.me/e/9h9h)
Tue, 21 Jan 2020 07:25:40 - INFO - 123TV DB import
Tue, 21 Jan 2020 07:25:52 - INFO - Connect to DB
Tue, 21 Jan 2020 07:25:52 - INFO - TRIZMA DB import
Tue, 21 Jan 2020 07:25:52 - INFO - 123TV DB import
Tue, 21 Jan 2020 07:25:57 - INFO - Connect to DB
Tue, 21 Jan 2020 07:25:57 - INFO - TRIZMA DB import
Tue, 21 Jan 2020 07:25:57 - INFO - Failed on TRIZMA DB import at: 2020-01-21_07-15-48, for following calling party: 491727237290, for agent id: trz_madamovic, with error:(pyodbc.DataError) ('22001', '[22001] [Microsoft][ODBC Driver 17 for SQL Server][SQL Server]String or binary data would be truncated. (8152) (SQLExecDirectW)')
[SQL: insert into records values('CC2Servicenummer','Belgrad','Nicht übermittelt','trz_madamovic',                                 '491727237290','','Nicht übermittelt','491727237290_Wednesday, January 15, 2020_1:57:57 PM','MIL_ADAMOV')]
(Background on this error at: http://sqlalche.me/e/9h9h)
Tue, 21 Jan 2020 07:25:57 - INFO - 123TV DB import
Tue, 21 Jan 2020 07:26:06 - INFO - Connect to DB
Tue, 21 Jan 2020 07:26:06 - INFO - TRIZMA DB import
Tue, 21 Jan 2020 07:26:06 - INFO - 123TV DB import
Tue, 21 Jan 2020 07:26:31 - INFO - Connect to DB
Tue, 21 Jan 2020 07:26:31 - INFO - TRIZMA DB import
Tue, 21 Jan 2020 07:26:31 - INFO - Failed on TRIZMA DB import at: 2020-01-21_07-15-48, for following calling party: 4917630771978, for agent id: trz_madamovic, with error:(pyodbc.DataError) ('22001', '[22001] [Microsoft][ODBC Driver 17 for SQL Server][SQL Server]String or binary data would be truncated. (8152) (SQLExecDirectW)')
[SQL: insert into records values('CC2Servicenummer','Belgrad','Nicht übermittelt','trz_madamovic',                                 '4917630771978','','Nicht übermittelt','4917630771978_Wednesday, January 15, 2020_4:04:02 PM','MIL_ADAMOV')]
(Background on this error at: http://sqlalche.me/e/9h9h)
Tue, 21 Jan 2020 07:26:31 - INFO - 123TV DB import
Tue, 21 Jan 2020 07:26:37 - INFO - Connect to DB
Tue, 21 Jan 2020 07:26:37 - INFO - TRIZMA DB import
Tue, 21 Jan 2020 07:26:37 - INFO - 123TV DB import
Tue, 21 Jan 2020 07:26:54 - INFO - Connect to DB
Tue, 21 Jan 2020 07:26:54 - INFO - TRIZMA DB import
Tue, 21 Jan 2020 07:26:54 - INFO - 123TV DB import
Tue, 21 Jan 2020 07:27:02 - INFO - Connect to DB
Tue, 21 Jan 2020 07:27:02 - INFO - TRIZMA DB import
Tue, 21 Jan 2020 07:27:02 - INFO - 123TV DB import
Tue, 21 Jan 2020 07:27:37 - INFO - Connect to DB
Tue, 21 Jan 2020 07:27:37 - INFO - TRIZMA DB import
Tue, 21 Jan 2020 07:27:37 - INFO - 123TV DB import
Tue, 21 Jan 2020 07:28:22 - INFO - Connect to DB
Tue, 21 Jan 2020 07:28:22 - INFO - TRIZMA DB import
Tue, 21 Jan 2020 07:28:22 - INFO - 123TV DB import
Tue, 21 Jan 2020 07:28:34 - INFO - Connect to DB
Tue, 21 Jan 2020 07:28:34 - INFO - TRIZMA DB import
Tue, 21 Jan 2020 07:28:34 - INFO - 123TV DB import
Tue, 21 Jan 2020 07:28:47 - INFO - Connect to DB
Tue, 21 Jan 2020 07:28:48 - INFO - TRIZMA DB import
Tue, 21 Jan 2020 07:28:48 - INFO - 123TV DB import
Tue, 21 Jan 2020 07:29:11 - INFO - Connect to DB
Tue, 21 Jan 2020 07:29:11 - INFO - TRIZMA DB import
Tue, 21 Jan 2020 07:29:11 - INFO - Failed on TRIZMA DB import at: 2020-01-21_07-15-48, for following calling party: 4934462279863, for agent id: trz_sstankovic, with error:(pyodbc.DataError) ('22001', '[22001] [Microsoft][ODBC Driver 17 for SQL Server][SQL Server]String or binary data would be truncated. (8152) (SQLExecDirectW)')
[SQL: insert into records values('CC2Servicenummer','Belgrad','Nicht übermittelt','trz_sstankovic',                                 '4934462279863','','Nicht übermittelt','4934462279863_Saturday, January 18, 2020_10:21:09 AM','SAR_STANKO')]
(Background on this error at: http://sqlalche.me/e/9h9h)
Tue, 21 Jan 2020 07:29:11 - INFO - 123TV DB import
Tue, 21 Jan 2020 07:29:48 - INFO - Connect to DB
Tue, 21 Jan 2020 07:29:48 - INFO - TRIZMA DB import
Tue, 21 Jan 2020 07:29:48 - INFO - 123TV DB import
Tue, 21 Jan 2020 07:29:58 - INFO - Connect to DB
Tue, 21 Jan 2020 07:29:58 - INFO - TRIZMA DB import
Tue, 21 Jan 2020 07:29:58 - INFO - 123TV DB import
Tue, 21 Jan 2020 07:30:34 - INFO - Connect to DB
Tue, 21 Jan 2020 07:30:34 - INFO - TRIZMA DB import
Tue, 21 Jan 2020 07:30:34 - INFO - 123TV DB import
Tue, 21 Jan 2020 07:33:15 - INFO - Connect to DB
Tue, 21 Jan 2020 07:33:15 - INFO - TRIZMA DB import
Tue, 21 Jan 2020 07:33:15 - INFO - 123TV DB import
Tue, 21 Jan 2020 07:33:49 - INFO - Connect to DB
Tue, 21 Jan 2020 07:33:49 - INFO - TRIZMA DB import
Tue, 21 Jan 2020 07:33:49 - INFO - Failed on TRIZMA DB import at: 2020-01-21_07-15-48, for following calling party: 493641425654, for agent id: trz_madamovic, with error:(pyodbc.DataError) ('22001', '[22001] [Microsoft][ODBC Driver 17 for SQL Server][SQL Server]String or binary data would be truncated. (8152) (SQLExecDirectW)')
[SQL: insert into records values('CC2Servicenummer','Belgrad','Nicht übermittelt','trz_madamovic',                                 '493641425654','','Nicht übermittelt','493641425654_Thursday, January 16, 2020_12:26:44 PM','MIL_ADAMOV')]
(Background on this error at: http://sqlalche.me/e/9h9h)
Tue, 21 Jan 2020 07:33:49 - INFO - 123TV DB import
Tue, 21 Jan 2020 07:33:54 - INFO - Connect to DB
Tue, 21 Jan 2020 07:33:54 - INFO - TRIZMA DB import
Tue, 21 Jan 2020 07:33:54 - INFO - Failed on TRIZMA DB import at: 2020-01-21_07-15-48, for following calling party: 4915901668080, for agent id: trz_madamovic, with error:(pyodbc.DataError) ('22001', '[22001] [Microsoft][ODBC Driver 17 for SQL Server][SQL Server]String or binary data would be truncated. (8152) (SQLExecDirectW)')
[SQL: insert into records values('CC2Servicenummer','Belgrad','Nicht übermittelt','trz_madamovic',                                 '4915901668080','','Nicht übermittelt','4915901668080_Thursday, January 16, 2020_1:05:34 PM','MIL_ADAMOV')]
(Background on this error at: http://sqlalche.me/e/9h9h)
Tue, 21 Jan 2020 07:33:54 - INFO - 123TV DB import
Tue, 21 Jan 2020 07:34:17 - INFO - Connect to DB
Tue, 21 Jan 2020 07:34:17 - INFO - TRIZMA DB import
Tue, 21 Jan 2020 07:34:17 - INFO - 123TV DB import
Tue, 21 Jan 2020 07:34:46 - INFO - Connect to DB
Tue, 21 Jan 2020 07:34:46 - INFO - TRIZMA DB import
Tue, 21 Jan 2020 07:34:46 - INFO - 123TV DB import
Tue, 21 Jan 2020 07:34:57 - INFO - Connect to DB
Tue, 21 Jan 2020 07:34:57 - INFO - TRIZMA DB import
Tue, 21 Jan 2020 07:34:57 - INFO - 123TV DB import
Tue, 21 Jan 2020 07:35:09 - INFO - Connect to DB
Tue, 21 Jan 2020 07:35:09 - INFO - TRIZMA DB import
Tue, 21 Jan 2020 07:35:09 - INFO - 123TV DB import
Tue, 21 Jan 2020 07:35:14 - INFO - Connect to DB
Tue, 21 Jan 2020 07:35:14 - INFO - TRIZMA DB import
Tue, 21 Jan 2020 07:35:14 - INFO - 123TV DB import
Tue, 21 Jan 2020 07:35:45 - INFO - Connect to DB
Tue, 21 Jan 2020 07:35:45 - INFO - TRIZMA DB import
Tue, 21 Jan 2020 07:35:45 - INFO - 123TV DB import
Tue, 21 Jan 2020 07:36:09 - INFO - Connect to DB
Tue, 21 Jan 2020 07:36:09 - INFO - TRIZMA DB import
Tue, 21 Jan 2020 07:36:09 - INFO - 123TV DB import
Tue, 21 Jan 2020 07:37:08 - INFO - Connect to DB
Tue, 21 Jan 2020 07:37:08 - INFO - TRIZMA DB import
Tue, 21 Jan 2020 07:37:08 - INFO - 123TV DB import
Tue, 21 Jan 2020 07:37:19 - INFO - Connect to DB
Tue, 21 Jan 2020 07:37:19 - INFO - TRIZMA DB import
Tue, 21 Jan 2020 07:37:19 - INFO - 123TV DB import
Tue, 21 Jan 2020 07:37:31 - INFO - Connect to DB
Tue, 21 Jan 2020 07:37:31 - INFO - TRIZMA DB import
Tue, 21 Jan 2020 07:37:31 - INFO - 123TV DB import
Tue, 21 Jan 2020 07:39:36 - INFO - Connect to DB
Tue, 21 Jan 2020 07:39:36 - INFO - TRIZMA DB import
Tue, 21 Jan 2020 07:39:36 - INFO - 123TV DB import
Tue, 21 Jan 2020 07:40:03 - INFO - Connect to DB
Tue, 21 Jan 2020 07:40:03 - INFO - TRIZMA DB import
Tue, 21 Jan 2020 07:40:03 - INFO - 123TV DB import
Tue, 21 Jan 2020 07:40:27 - INFO - Connect to DB
Tue, 21 Jan 2020 07:40:28 - INFO - TRIZMA DB import
Tue, 21 Jan 2020 07:40:28 - INFO - 123TV DB import
Tue, 21 Jan 2020 07:40:57 - INFO - Connect to DB
Tue, 21 Jan 2020 07:40:57 - INFO - TRIZMA DB import
Tue, 21 Jan 2020 07:40:57 - INFO - 123TV DB import
Tue, 21 Jan 2020 07:41:21 - INFO - Connect to DB
Tue, 21 Jan 2020 07:41:21 - INFO - TRIZMA DB import
Tue, 21 Jan 2020 07:41:22 - INFO - 123TV DB import
Tue, 21 Jan 2020 07:41:38 - INFO - Connect to DB
Tue, 21 Jan 2020 07:41:38 - INFO - TRIZMA DB import
Tue, 21 Jan 2020 07:41:38 - INFO - 123TV DB import
Tue, 21 Jan 2020 07:41:55 - INFO - Connect to DB
Tue, 21 Jan 2020 07:41:55 - INFO - TRIZMA DB import
Tue, 21 Jan 2020 07:41:55 - INFO - 123TV DB import
Tue, 21 Jan 2020 07:42:55 - INFO - Connect to DB
Tue, 21 Jan 2020 07:42:55 - INFO - TRIZMA DB import
Tue, 21 Jan 2020 07:42:55 - INFO - 123TV DB import
Tue, 21 Jan 2020 07:43:41 - INFO - Connect to DB
Tue, 21 Jan 2020 07:43:41 - INFO - TRIZMA DB import
Tue, 21 Jan 2020 07:43:41 - INFO - 123TV DB import
Tue, 21 Jan 2020 07:46:02 - INFO - Connect to DB
Tue, 21 Jan 2020 07:46:02 - INFO - TRIZMA DB import
Tue, 21 Jan 2020 07:46:02 - INFO - 123TV DB import
Tue, 21 Jan 2020 07:46:14 - INFO - Connect to DB
Tue, 21 Jan 2020 07:46:14 - INFO - TRIZMA DB import
Tue, 21 Jan 2020 07:46:14 - INFO - 123TV DB import
Tue, 21 Jan 2020 07:46:19 - INFO - Connect to DB
Tue, 21 Jan 2020 07:46:20 - INFO - TRIZMA DB import
Tue, 21 Jan 2020 07:46:20 - INFO - 123TV DB import
Tue, 21 Jan 2020 07:46:42 - INFO - Connect to DB
Tue, 21 Jan 2020 07:46:42 - INFO - TRIZMA DB import
Tue, 21 Jan 2020 07:46:42 - INFO - 123TV DB import
Tue, 21 Jan 2020 07:47:15 - INFO - Connect to DB
Tue, 21 Jan 2020 07:47:15 - INFO - TRIZMA DB import
Tue, 21 Jan 2020 07:47:15 - INFO - 123TV DB import
Tue, 21 Jan 2020 07:47:37 - INFO - Connect to DB
Tue, 21 Jan 2020 07:47:37 - INFO - TRIZMA DB import
Tue, 21 Jan 2020 07:47:37 - INFO - 123TV DB import
Tue, 21 Jan 2020 07:47:56 - INFO - Connect to DB
Tue, 21 Jan 2020 07:47:56 - INFO - TRIZMA DB import
Tue, 21 Jan 2020 07:47:56 - INFO - 123TV DB import
Tue, 21 Jan 2020 07:53:33 - INFO - Connect to DB
Tue, 21 Jan 2020 07:53:33 - INFO - TRIZMA DB import
Tue, 21 Jan 2020 07:53:33 - INFO - 123TV DB import
Tue, 21 Jan 2020 07:54:07 - INFO - Connect to DB
Tue, 21 Jan 2020 07:54:07 - INFO - TRIZMA DB import
Tue, 21 Jan 2020 07:54:07 - INFO - 123TV DB import
Tue, 21 Jan 2020 07:58:07 - INFO - Connect to DB
Tue, 21 Jan 2020 07:58:07 - INFO - TRIZMA DB import
Tue, 21 Jan 2020 07:58:07 - INFO - 123TV DB import
Tue, 21 Jan 2020 07:59:58 - INFO - Connect to DB
Tue, 21 Jan 2020 07:59:58 - INFO - TRIZMA DB import
Tue, 21 Jan 2020 07:59:58 - INFO - 123TV DB import
Tue, 21 Jan 2020 08:04:20 - INFO - Connect to DB
Tue, 21 Jan 2020 08:04:20 - INFO - TRIZMA DB import
Tue, 21 Jan 2020 08:04:20 - INFO - 123TV DB import
Tue, 21 Jan 2020 08:04:54 - INFO - Connect to DB
Tue, 21 Jan 2020 08:04:54 - INFO - TRIZMA DB import
Tue, 21 Jan 2020 08:04:54 - INFO - 123TV DB import
Tue, 21 Jan 2020 08:05:00 - INFO - Connect to DB
Tue, 21 Jan 2020 08:05:00 - INFO - TRIZMA DB import
Tue, 21 Jan 2020 08:05:00 - INFO - 123TV DB import
Tue, 21 Jan 2020 08:09:01 - INFO - Connect to DB
Tue, 21 Jan 2020 08:09:01 - INFO - TRIZMA DB import
Tue, 21 Jan 2020 08:09:01 - INFO - 123TV DB import
Tue, 21 Jan 2020 08:11:21 - INFO - Connect to DB
Tue, 21 Jan 2020 08:11:21 - INFO - TRIZMA DB import
Tue, 21 Jan 2020 08:11:21 - INFO - 123TV DB import
Tue, 21 Jan 2020 08:11:27 - INFO - Connect to DB
Tue, 21 Jan 2020 08:11:27 - INFO - TRIZMA DB import
Tue, 21 Jan 2020 08:11:27 - INFO - 123TV DB import
Tue, 21 Jan 2020 08:15:31 - INFO - Connect to DB
Tue, 21 Jan 2020 08:15:31 - INFO - TRIZMA DB import
Tue, 21 Jan 2020 08:15:31 - INFO - 123TV DB import
Tue, 21 Jan 2020 08:18:31 - INFO - Connect to DB
Tue, 21 Jan 2020 08:18:31 - INFO - TRIZMA DB import
Tue, 21 Jan 2020 08:18:31 - INFO - 123TV DB import
